FacultyClub Etcheverry HearstGym BioscienceLibrary Manville Hilgard Cheit Wheeler Durham SutardjaDai UniversityHouse FPF EarthquakeLibrary Unit3 Spieker Warren Mulford Morrison LawrenceofScience PacificFilmArchive OBrien Library FacultyClub
21
FacultyClub FacultyClub
BioscienceLibrary BioscienceLibrary
SutardjaDai SutardjaDai
Etcheverry Etcheverry
Hilgard Hilgard
EarthquakeLibrary EarthquakeLibrary
UniversityHouse UniversityHouse
LawrenceofScience LawrenceofScience
Mulford Mulford
HearstGym HearstGym
Durham SproulPlaza Durham
OBrien OBrien
Library Library
Spieker Spieker
FPF FPF
PacificFilmArchive PacificFilmArchive
Morrison StudentUnion BrainImagingCenter Morrison
Wheeler Wheeler
Cheit Cheit
Manville Pimentel Manville
Unit3 CareerCenter
