FacultyClub EarthquakeLibrary Morrison Sproul BanwayBuilding BerkeleyLawLibrary CITRIS Spieker Giauque IdaHouse EnergyBuilding Wellman LatinAmerican BerkeleyWayWest McCone HearstFieldAnnex NewspapersLibrary AnthropologyLibrary EarthLibrary NorthGate Pimentel TAAP Manville ArtHistoryLibrary Durham AlumniHouse Boalt LawSchool MSRI AquaticCenter Bowles Hildebrand Mulford BancroftDance IRLE Campbell SpringerGateway Unit3 OptometryLibrary Jacobs BioscienceLibrary SEAsianLibrary EngineeringLibrary FoundersRock Latimer SimpsonCenter FoxCottage Davis InternationalHouse InnovationStudio UpperHearstParking MediaCenter DonnerLaboratory Hilgard HearstGreekTheatre StowPlaza Senior EthnicLibrary MelvinLaboratory Underhill Etcheverry SocialLibrary BancroftLibrary Library FPF HealthServices EastAsianLibrary PhysicsLibrary SproulPlaza LawrenceofScience StudentUnion VLSB Stanley HearstFountain Warren UniversityHouse CesarChavez Durant Wheeler CareerCenter Soda MartinezCommons PacificFilmArchive Cheit MaxwellField VisualCenter AndersenAuditorium SharedServices OBrien Stephens Birge LeConte Koshland MLK SutardjaDai FacultyClub
93
FacultyClub FacultyClub
BioscienceLibrary BioscienceLibrary
SutardjaDai SutardjaDai
Etcheverry Etcheverry
SproulPlaza SproulPlaza
Hilgard Hilgard
StudentUnion StudentUnion
EarthquakeLibrary EarthquakeLibrary
UniversityHouse UniversityHouse
LawrenceofScience LawrenceofScience
Pimentel Pimentel HearstGym
Mulford Mulford
CareerCenter CareerCenter
Durham Durham
OBrien OBrien
Library Library
Spieker Spieker
FPF FPF
PacificFilmArchive PacificFilmArchive
Morrison Morrison
Wheeler Wheeler
Cheit Cheit
Manville Manville
Koshland Koshland MathLibrary
Jacobs Jacobs
EarthLibrary EarthLibrary
EnergyBuilding EnergyBuilding
MediaCenter MediaCenter
StowPlaza StowPlaza
MartinezCommons MartinezCommons
MelvinLaboratory Investigative MelvinLaboratory
BancroftDance BancroftDance
AndersenAuditorium AndersenAuditorium
Unit3 Unit3
AnthropologyLibrary AnthropologyLibrary
Stephens Stephens
InternationalHouse InternationalHouse
OptometryLibrary OptometryLibrary
IRLE IRLE
SpringerGateway SpringerGateway
DonnerLaboratory DonnerLaboratory
ArtHistoryLibrary ArtHistoryLibrary
Sproul Sproul
Birge Birge
CITRIS CITRIS
NewspapersLibrary NewspapersLibrary
Warren Warren
PhysicsLibrary PhysicsLibrary
CesarChavez CesarChavez
BerkeleyWayWest BerkeleyWayWest
MSRI MSRI
HealthServices HealthServices
TAAP TAAP
AquaticCenter AquaticCenter
UpperHearstParking UpperHearstParking
BancroftLibrary BancroftLibrary
HearstFieldAnnex HearstFieldAnnex
HearstFountain HearstFountain
BerkeleyLawLibrary BerkeleyLawLibrary
Underhill Underhill
Campbell Campbell
Davis Davis
NorthGate NorthGate
Giauque Giauque
AlumniHouse AlumniHouse
Bowles Bowles Bechtel
Wellman Wellman
VLSB VLSB
Senior Senior
Stanley Stanley
SocialLibrary BrainImagingCenter WooHonFai SocialLibrary
EastAsianLibrary Evans EastAsianLibrary
SimpsonCenter SimpsonCenter
EthnicLibrary EthnicLibrary
FoxCottage FoxCottage
Hildebrand Hildebrand
MaxwellField MaxwellField
SEAsianLibrary SEAsianLibrary
IdaHouse IdaHouse
BanwayBuilding BanwayBuilding
EngineeringLibrary EngineeringLibrary
Durant Durant
Soda Soda
McCone McCone
LatinAmerican LatinAmerican
VisualCenter VisualCenter
LawSchool LawSchool
LeConte LeConte
HearstGreekTheatre HearstGreekTheatre
MLK MLK
Boalt Boalt
Latimer Latimer
FoundersRock FoundersRock
