159 164 6 52 156 56 14 140 149 23 194 23 181 100 161 17 133 173 27 173 152 172 119 86 129 142 141 36 66 10 200 46 142 127 137 53 193 153 93 56 96 162 96 56 14 97 126 172 152 195 157 71 139 100 59 147 101 137 85 188 61 127 109 180 193 24 20 41 129 41 148 47 182 48 117 7 72 45 25 101 137 76 149 4 44 107 189 92 189 32 98 65 93 56 156 64 57 95 57 63 13 16 178 8 189 32 164 81 30 81 138 69 138 81 156 64 177 5 102 5 159
67
4 4
6 6
7 7
8 167
10 10
13 106 13
14 14
17 17
20 87
24 24
27 169 145
30 11
32 32 79 3
36 36
41 41
44 38 60 88
45 45
46 46 37 192
47 47
48 48
52 52
53 53
59 59
61 61
63 63 121
64 64
65 65 26 165
69 155
71 71
72 72
76 76
81 28
85 85
86 86
92 35 116 158 114 99
93 93 2 154
96 96
97 97
98 98
100 100 199
101 101 132
102 82 102 123
107 134 107 120
109 109
126 126
127 146
129 15 185 74
133 133
137 137
138 138
139 139
140 140
147 40
148 51 148
156 31 156
157 157
159 77 190 22
162 191
164 43
172 172
177 128 174 111 34
178 178
180 122 180
181 181
193 193
194 21
200 200
