Home141 Home15 Home53 Home174 Home78 Home122 Home143 Home35 Home28 Home64 Home87 Home101 Home84 Home13 Home37 Home147 Home51 Home30 Home96 Home21 Home52 Home66 Home91 Home115 Home120 Home135 Home26 Home82 Home145 Home83 Home27 Home111 Home34 Home176 Home52 Home105 Home76 Home150 Home36 Home7 Home127 Home164 Home170 Home101 Home162 Home157 Home92 Home43 Home174 Home86 Home5 Home63 Home121 Home75 Home81 Home25 Home74 Home12 Home140 Home50 Home101 Home170 Home100 Home48 Home29 Home96 Home44 Home38 Home173 Home174 Home53 Home97 Home161 Home73 Home28 Home150 Home36 Home103 Home156 Home163 Home6 Home128 Home112 Home16 Home131 Home2 Home132 Home3 Home89 Home119 Home60 Home136 Home49 Home11 Home10 Home11 Home88 Home149 Home20 Home31 Home172 Home40 Home110 Home125 Home32 Home154 Home141
76
Home2 Home62 Home152 Home134
Home3 Home3
Home5 Home167 Home124 Home5
Home7 Home7
Home10 Home1
Home11 Home11
Home13 Home13
Home15 Home15
Home16 Home16
Home20 Home20 Home126
Home25 Home25
Home26 Home26
Home27 Home27
Home31 Home31
Home32 Home32
Home34 Home34
Home35 Home35
Home36 Home36
Home37 Home37
Home43 Home43
Home44 Home44
Home48 Home48
Home49 Home47
Home50 Home50
Home51 Home51
Home53 Home53
Home60 Home60 Home45
Home63 Home63
Home64 Home64
Home66 Home66
Home73 Home106 Home114
Home74 Home74
Home75 Home75
Home76 Home76
Home78 Home144
Home81 Home81
Home82 Home82 Home177
Home83 Home83
Home86 Home86
Home87 Home87
Home88 Home88
Home89 Home89
Home91 Home91
Home92 Home92
Home96 Home96
Home97 Home97
Home100 Home100 Home67
Home101 Home4
Home103 Home103
Home105 Home105
Home110 Home110
Home111 Home111
Home112 Home112
Home119 Home55
Home120 Home69 Home120
Home122 Home122
Home125 Home125
Home127 Home127
Home128 Home128
Home131 Home131
Home132 Home132
Home135 Home135
Home136 Home136
Home143 Home143
Home145 Home171
Home147 Home147
Home149 Home149
Home154 Home154
Home156 Home156
Home157 Home157
Home161 Home161
Home164 Home164
Home170 Home165 Home170
Home172 Home172
Home173 Home173
Home176 Home176
