lllIl1I 11IIII1 11111lI IIlI1lI llIIII1 I111I1I 11Il111 1lIl11I lll1111 11lII11 l1IIl1l IlI1II1 lI11III Il1Il1I l1IllI1 1llI111 lll1I1l l1lllll lI1l111 1I11Ill lIIl11l II11l1l lIl111I 1l11lII III111I 1IlIl1I l1lllll lIlllIl l1l11l1 IlI1II1 11I1llI II1Il1I I11I111 II11l1l IIl1l1I ll111ll I11I111 l1IllI1 lll1111 l1lll11 1111I11 111lI1I I1llII1 11I1llI 1l11lII 11I1llI IlI1II1 Ill11II lIIl11l IIlI1lI 1111I11 111lI1I 111l1II l1l1l1l 11lI11I l1lll11 lllIl1I
36
l1IIl1l l1IIl1l
11lI11I 11lI11I
IlI1II1 Ill1I11 IlI1II1 1I1I1lI
ll111ll ll111ll
lll1111 lII111l
lI1l111 lI1l111 1I1l1Il
l1lll11 l1Ill11 l1lll11
II1Il1I II1Il1I
11lII11 1l1lIlI 1I1lllI
l1l1l1l I11I11l
II11l1l II11l1l lIIlII1
11IIII1 11IIII1
Il1Il1I Il1Il1I IIlIllI
l1lllll l1lllll
1111I11 llI1lII
1IlIl1I 1IlIl1I
1llI111 1llI111
Ill11II Ill11II
III111I III111I
lIIl11l lIIl11l 1I1I1l1
l1IllI1 l1IllI1 I1ll1II IlI1Il1
1l11lII 1l11lII
I1llII1 I1llII1
lIl111I lIl111I
IIlI1lI III1llI
IIl1l1I IIl1l1I I1llll1
1I11Ill 1I11Ill
1lIl11I l1I111I 1lIl11I
I11I111 I11I111
lll1I1l lll1I1l lIllIll
11111lI I11111l 11111lI
I111I1I I111I1I
llIIII1 llIIII1
lI11III lI11III
l1l11l1 l1l11l1
111lI1I 111lI1I
