Satish 4C88SXD 4VE7V DDB26ZHC SQLSVN 5XYO CXQDH6YMZ8 J2ETZ1C ETNCY9XH2 9V10EOH E9DZLL M649OA ZMQ5BH Q7ZEY L7QS0UEPJ MLKOJ JX6GCY 1UCE YU3U1T ZZACWP FM2HEMVR1 Q7Z37G5 VGYKKKOFLZ HBQM42U GN4G0L2 3J6SSA 4UE11 ZMZIWZ CKNDWG PUW25N J3H3CKHTS LM7KL5G3V M35E O44VZ E37ZKA8WK 26PG HM48FZD0 E2DHWGC H41HZ6 EFIKTK4Y0Y 4P0LGP0 8UPUEGO ARTWTP9 L2MG8NMU M71OYIS B3R68HYWZ GILAN21GR3 YSRPP 8TH7QVQY GNVXN E5HD 2BLLD3SK 7622OJ ET82NVH9 3WJYJDDU CB93 7GAD3F 7T8I47 CV6NHW7M C8WREP 02X2C VOAV 2B1K6EW9CL ETB2 R5XAD9J7 YQB2CII950 A8WYICH3 9K8PLAET 3IXHQXHYBV P6RI91D87 79KTC8AS9 W71YV1R66L 0TRB9358 8MDFNIK8AY B690 QW15YTSV 91ZONFE PMXEOGGIQ DNIV2BOR2P DST5W4G0 KBI1CALMNJ ZE5CVXXZC HQG39M EEZS 01G9IQ2 LQQ5IH MXJIYJYNH4 9QJRN FM2G14H8I G90OCSZY FPZT ZH2INF 5HULMUDLAQ GH8C G4QE3I KCOFJD IHN21LA4 Satish
93
GH8C GH8C
ZMQ5BH ZMQ5BH
01G9IQ2 01G9IQ2
ZZACWP ZZACWP
3IXHQXHYBV 3IXHQXHYBV
FPZT PIW6IC50D FPZT
HM48FZD0 HM48FZD0
KBI1CALMNJ KBI1CALMNJ
7T8I47 7T8I47
7622OJ 7622OJ
GILAN21GR3 GILAN21GR3
79KTC8AS9 79KTC8AS9
ZMZIWZ ZMZIWZ
LM7KL5G3V LM7KL5G3V
02X2C 02X2C
26PG 26PG
FM2G14H8I A118 FM2G14H8I H1LQ91V
8TH7QVQY 8TH7QVQY
CXQDH6YMZ8 CXQDH6YMZ8
2B1K6EW9CL LBR67PCKBJ 2B1K6EW9CL
QW15YTSV QW15YTSV
DNIV2BOR2P DNIV2BOR2P
A8WYICH3 A8WYICH3
4UE11 4UE11
E37ZKA8WK E37ZKA8WK
DST5W4G0 DST5W4G0
R5XAD9J7 DYYG23O
4P0LGP0 4P0LGP0
4C88SXD 4C88SXD
CV6NHW7M CV6NHW7M
G4QE3I G4QE3I
3J6SSA 3J6SSA
O44VZ O44VZ
HBQM42U HBQM42U
8UPUEGO 8UPUEGO
91ZONFE 91ZONFE
9QJRN 9QJRN
KCOFJD KCOFJD
9K8PLAET 9K8PLAET
DDB26ZHC DDB26ZHC
GN4G0L2 GN4G0L2
M71OYIS M71OYIS RP28W1
9V10EOH 9V10EOH
CB93 CB93
5HULMUDLAQ 5HULMUDLAQ
Q7ZEY Q7ZEY
ARTWTP9 ARTWTP9
ET82NVH9 ET82NVH9
C8WREP C8WREP
0TRB9358 0TRB9358 FWM5C
EEZS EEZS
E2DHWGC E2DHWGC
FM2HEMVR1 FM2HEMVR1
MLKOJ MLKOJ
VGYKKKOFLZ VGYKKKOFLZ 6PVQIBNB9
H41HZ6 H41HZ6
JX6GCY JX6GCY
IHN21LA4 IHN21LA4
GNVXN GNVXN
EFIKTK4Y0Y EFIKTK4Y0Y
2BLLD3SK 2BLLD3SK
PMXEOGGIQ PMXEOGGIQ
7GAD3F 7GAD3F
5XYO 5XYO
ETB2 ETB2
1UCE 1UCE
L7QS0UEPJ L7QS0UEPJ
M649OA M649OA
YSRPP YSRPP
3WJYJDDU 3WJYJDDU
ZH2INF ZH2INF
J2ETZ1C J2ETZ1C
B690 B690
G90OCSZY G90OCSZY
E9DZLL E9DZLL
M35E M35E
B3R68HYWZ B3R68HYWZ
HQG39M HQG39M
MXJIYJYNH4 MXJIYJYNH4
LQQ5IH LQQ5IH
PUW25N PUW25N
VOAV VOAV
8MDFNIK8AY 8MDFNIK8AY
SQLSVN SQLSVN
ETNCY9XH2 ETNCY9XH2
4VE7V 4VE7V
P6RI91D87 P6RI91D87
Q7Z37G5 Q7Z37G5
E5HD E5HD
W71YV1R66L W71YV1R66L
CKNDWG CKNDWG
YU3U1T YU3U1T
YQB2CII950 YQB2CII950
