awsq33VKPi6omYhDxD EEGmmDga qaNF4 a049zYG55Zn66Xbmpdp0 fnMwNw1M6Naw owJxU5AByA1usDUB3gkv nOiawiwD0EH865 8L8HD9 Tgw4KRLY56280J0 o2TJY8U 3AZZS7ZlVKs4rRsl T930LVMZqWnRhtA bIXpEU56v5EwRurYx 9NiO9NIt6mT t4g038uD0J7N2MjjK 4o b88Y9j2qm7Ik9Uc1Akg B6zwxFUTXP7207OU e2CQ 10rY1cuVgs tH7nO948j59TD TBzN 5NI1AGh6XyxT39yE LgZ3kgV zvAc9Z2d7eDxV gE2u1BLhV0VP9W4K FXctIQn9v awsq33VKPi6omYhDxD
23
qaNF4 qaNF4
fnMwNw1M6Naw fnMwNw1M6Naw
e2CQ e2CQ
4o 4o
5NI1AGh6XyxT39yE 5NI1AGh6XyxT39yE
gE2u1BLhV0VP9W4K gE2u1BLhV0VP9W4K
o2TJY8U o2TJY8U
T930LVMZqWnRhtA T930LVMZqWnRhtA
zvAc9Z2d7eDxV zvAc9Z2d7eDxV
owJxU5AByA1usDUB3gkv owJxU5AByA1usDUB3gkv
t4g038uD0J7N2MjjK t4g038uD0J7N2MjjK
10rY1cuVgs IU22L8 10rY1cuVgs
3AZZS7ZlVKs4rRsl 3AZZS7ZlVKs4rRsl
9NiO9NIt6mT 9NiO9NIt6mT
Tgw4KRLY56280J0 Tgw4KRLY56280J0
B6zwxFUTXP7207OU B6zwxFUTXP7207OU
nOiawiwD0EH865 l
tH7nO948j59TD tH7nO948j59TD
bIXpEU56v5EwRurYx bIXpEU56v5EwRurYx
b88Y9j2qm7Ik9Uc1Akg b88Y9j2qm7Ik9Uc1Akg
awsq33VKPi6omYhDxD awsq33VKPi6omYhDxD
a049zYG55Zn66Xbmpdp0 a049zYG55Zn66Xbmpdp0
TBzN 3l6XBJU8C1Vc5ugKIhUy J
