AyBBdkPvTTt19wqt b817BTo6GdPc96ig2 wUtvmN9V14Vw0fcE01F b817BTo6GdPc96ig2 Le6BO3R Tk46 DqfU93360y3I66U0 9q06155efQSN M40P0vmSkH961FtFpaR bfYVB7M6I5 T8C17MZ6g69gmQ ymzG1qC7YsJFFmeog 7DmqFE KIOJyBXM922ydZA5 9jWI53P36dh95 3 Q2PY MJ2l1N0ojTC d c2m39UUoMb 2Et5UN6ZJ19iz khC 4B5uWNh7Dl3lRP 8kQ991Y80Dy 4B5uWNh7Dl3lRP khC 7DmqFE KIOJyBXM922ydZA5 98E9ia5 89ukpivGhdck21Krrh40 Rf0x16WtfDv MEv16358FQ Fe5xMwq0a8 2P201UD8Q Nstvw8dF9rhja lP84Whn A6gMJKsUfUSuEI76 o 5tQKcAo3 2YlhGrefFhV6JLtw iFF184 b19692 6nB9xzJ7b5115Qu5 b6DdFnSk8qdk45 GXFdnTo0Mk P 1MHxxU 0Lw86e I6 6v326555i1Io5Z IEtn6zEV03H3 r9qUrqog71Fz9gx nw566uv 1CYyNxk8m7fToc6XLW7T mmF 1wF6 1MHxxU 920ucA0jXEv o88qO93T 2T6osNpb4 tbwtQej Q WD8QxBAx49P 0 7xf20x1m1od50iPHUtr Ut7hqt9A EL5n1KQ3kn 2qbTYSv3J EL5n1KQ3kn Q2PY RYtkT5 8Qe2lSUyQa hG8udpL53V 360B15fOiy1XBl 9Ge7Sge1bnha0Jm c9i08aXpBX5L7Y9g yd7324WTF aCCE QqvW51K9Cm FR3SCSFtuk055ORI eZEbm d2A2ZPVl61Vtm2kT 1MHxxU P Q2PY 3 O73Lh6 7xf20x1m1od50iPHUtr Ut7hqt9A XQxkrBxnI Fe5xMwq0a8 MEv16358FQ L7Mfs3034VwaB7kd3Z d5P0NXv8 r9qUrqog71Fz9gx IEtn6zEV03H3 pwvBbQ870l3Io2K iFF184 XMV256fk Nstvw8dF9rhja lP84Whn SdP9W8WRSw kg8257p31rTQvRWjGF NU7gnWcAs4nq66FS E76twn5gNBei01uh2PkH MEv16358FQ Fe5xMwq0a8 MnF3RrhkA5IuhY 336P8 J68F52raS3n1L6ZYK x60I798qq0Sq6Xdc9s0 MjwmiyLlZn thypPB22BchO3Od9 E76twn5gNBei01uh2PkH 2a5Zkf5zd4Va3 O73Lh6 3 9jWI53P36dh95 AyBBdkPvTTt19wqt
72
d d
aCCE aCCE
P P
6v326555i1Io5Z 6v326555i1Io5Z
IEtn6zEV03H3 e1M0JsNJ5 IEtn6zEV03H3
8kQ991Y80Dy v
360B15fOiy1XBl L46h8MG90TBpA8v9 I4640OD 1utCvCS3yEzt0HBbKt
kg8257p31rTQvRWjGF kg8257p31rTQvRWjGF
2P201UD8Q 2P201UD8Q c3x9Cmq8W5oa57mjASv
RYtkT5 RYtkT5 usTG0We6G9WDs7Dk
b817BTo6GdPc96ig2 b817BTo6GdPc96ig2
Tk46 Tk46
4B5uWNh7Dl3lRP 4B5uWNh7Dl3lRP
6nB9xzJ7b5115Qu5 PELS5
x60I798qq0Sq6Xdc9s0 O7W5C8z8H93l
1MHxxU TByQ7zH089
2T6osNpb4 6qc68848myvIqoZWw 2l90gxx61rTb0CbF 2T6osNpb4
E76twn5gNBei01uh2PkH E76twn5gNBei01uh2PkH
FR3SCSFtuk055ORI FR3SCSFtuk055ORI
9jWI53P36dh95 9jWI53P36dh95 3505
eZEbm vRH6pA1I75N1 4932 eZEbm jxDm
GXFdnTo0Mk JBYT6heC6yE4
2qbTYSv3J 659Cx
Le6BO3R Le6BO3R
khC khC
o 7d2Q05crlPi 1e90fR0FtB7Ev156y
2Et5UN6ZJ19iz 2Et5UN6ZJ19iz
NU7gnWcAs4nq66FS NU7gnWcAs4nq66FS
Rf0x16WtfDv Rf0x16WtfDv
wUtvmN9V14Vw0fcE01F ywj3aNhyxUH
KIOJyBXM922ydZA5 KIOJyBXM922ydZA5
1wF6 1wF6
MEv16358FQ MEv16358FQ
XQxkrBxnI XQxkrBxnI
Ut7hqt9A p772t3OLqj Ut7hqt9A
d5P0NXv8 d5P0NXv8
hG8udpL53V hG8udpL53V
A6gMJKsUfUSuEI76 A6gMJKsUfUSuEI76 6c1qFsEg9xI
920ucA0jXEv 920ucA0jXEv
J68F52raS3n1L6ZYK J68F52raS3n1L6ZYK
MjwmiyLlZn MjwmiyLlZn 68ZC6T1G2o9Q95CKs
0Lw86e uF131buM7L27 dUdv
r9qUrqog71Fz9gx r9qUrqog71Fz9gx
XMV256fk XMV256fk
7DmqFE 7DmqFE 36Y155M7F1ZG8
98E9ia5 gv3T5z4
L7Mfs3034VwaB7kd3Z L7Mfs3034VwaB7kd3Z
b19692 b19692
I6 o83v2nI1sQs I6
lP84Whn qGr382CkPK997QVHAL
Q Q P6C89a32
89ukpivGhdck21Krrh40 8w6aRuq 89ukpivGhdck21Krrh40
5tQKcAo3 q 8tvL5MpO9J735t
b6DdFnSk8qdk45 b6DdFnSk8qdk45
MJ2l1N0ojTC MJ2l1N0ojTC
Nstvw8dF9rhja nOMN589D7t0QjhnBj3wn q7Ehaiz TMULg 5nYY46YfUGovj
thypPB22BchO3Od9 thypPB22BchO3Od9
2YlhGrefFhV6JLtw 2YlhGrefFhV6JLtw
o88qO93T 85682ijoufq1DW
3 3z4E 3
SdP9W8WRSw SdP9W8WRSw
iFF184 iFF184
ymzG1qC7YsJFFmeog ymzG1qC7YsJFFmeog
8Qe2lSUyQa 8Qe2lSUyQa
yd7324WTF yd7324WTF
9q06155efQSN 9q06155efQSN
nw566uv nw566uv
Q2PY Q2PY
QqvW51K9Cm QqvW51K9Cm
T8C17MZ6g69gmQ FKWv88jkw79me T8C17MZ6g69gmQ
pwvBbQ870l3Io2K pwvBbQ870l3Io2K
O73Lh6 Han188Ox EnmWLiDA9NE89oNUTbx 9o4t
