0 137 0 112 191 71 161 41 46 22 107 142 199 142 57 53 20 103 198 6 51 96 73 89 138 89 23 197 16 57 18 42 51 105 7 33 17 13 5 109 31 111 105 173 24 63 55 107 22 46 41 28 72 33 2 65 102 68 85 87 125 87 84 185 61 65 102 143 32 99 82 149 7 105 51 96 112 50 9 107 47 110 99 147 97 84 149 7 33 2 65 102 53 140 0 123 0 112 108 112 191 71 67 8 149 82 99 124 35 184 40 49 121 171 4 79 138 89 103 198 60 126 101 2 65 61 14 29 174 93 124 92 105 51 6 58 68 85 136 142 57 53 128 71 148 94 160 138 89 73 153 121 11 75 164 77 125 175 125 87 84 180 96 51 6 58 118 151 145 95 147 99 32 25 166 124 35 100 35 124 166 113 90 0
76
0 0 43 59 62 86
2 2 27 36 78
4 4
5 5
6 6
7 7 76
8 8
9 9 64 80
11 11
13 13
14 14
16 16
17 17 21
18 18
20 20
22 22
23 23
24 24 54 98
25 25
28 28
29 29
31 31
32 32
33 33 74
35 35
40 40
41 41
42 10 42 48
46 46
47 47
49 49
50 50
51 51
53 53
55 55
57 1 57
58 58
60 60
61 61 70
63 63
65 3 65
67 67
68 68
71 71
72 72 83
73 73
75 75
77 77
79 79
82 82
84 84
85 85
87 87
89 26 89
90 90
92 92
93 38 93
94 94
95 95
96 96
97 97
99 99
100 44
103 30
105 19
107 81
123 15
125 34
128 45
137 37 52
153 12 66
174 56
175 91
184 69
198 88
199 39
