loc0 loc163 loc169 loc198 loc11 loc168 loc92 loc143 loc1 loc165 loc20 loc100 loc119 loc160 loc53 loc78 loc82 loc191 loc64 loc156 loc69 loc167 loc0 loc58 loc158 loc49 loc144 loc77 loc129 loc161 loc118 loc138 loc93 loc199 loc127 loc184 loc164 loc165 loc20 loc113 loc145 loc140 loc101 loc109 loc189 loc32 loc138 loc42 loc46 loc37 loc60 loc37 loc75 loc112 loc157 loc29 loc49 loc144 loc37 loc75 loc112 loc30 loc172 loc185 loc129 loc15 loc142 loc138 loc32 loc172 loc44 loc198 loc183 loc38 loc179 loc135 loc122 loc96 loc134 loc11 loc168 loc66 loc121 loc100 loc161 loc41 loc117 loc41 loc47 loc127 loc27 loc131 loc198 loc77 loc129 loc56 loc155 loc126 loc156 loc64 loc146 loc120 loc188 loc83 loc79 loc118 loc138 loc32 loc189 loc146 loc163 loc97 loc76 loc65 loc67 loc109 loc150 loc141 loc36 loc116 loc28 loc40 loc107 loc170 loc66 loc62 loc0
63
loc11 loc11
loc15 loc15
loc20 loc20
loc27 loc27
loc28 loc28
loc29 loc130
loc32 loc10 loc14 loc32
loc36 loc36
loc37 loc37
loc41 loc41
loc42 loc42
loc46 loc46
loc47 loc47
loc49 loc49
loc53 loc54
loc60 loc192 loc105
loc66 loc66 loc31
loc67 loc67
loc69 loc69
loc75 loc75
loc76 loc182
loc78 loc78
loc82 loc82
loc83 loc186 loc83
loc92 loc92
loc93 loc93
loc96 loc96
loc97 loc97
loc100 loc100
loc107 loc187 loc162
loc109 loc109 loc177
loc112 loc112
loc113 loc113
loc116 loc116 loc89
loc117 loc85
loc118 loc118
loc119 loc119
loc120 loc8 loc120
loc122 loc122 loc196
loc129 loc129
loc131 loc131
loc134 loc134
loc138 loc25 loc138
loc141 loc84
loc144 loc144
loc150 loc150 loc197
loc156 loc156
loc157 loc157
loc160 loc52 loc106 loc160 loc45
loc164 loc164
loc165 loc165
loc167 loc167
loc168 loc168
loc170 loc147 loc17
loc172 loc172
loc179 loc179
loc183 loc183
loc184 loc184
loc185 loc185
loc188 loc188
loc191 loc191 loc39
loc198 loc198
loc199 loc57
