Soda loc3 loc179 loc129 loc17 loc23 loc74 loc13 loc34 loc14 loc121 loc88 loc34 loc13 loc74 loc23 loc17 loc129 loc92 loc57 loc75 loc92 loc129 loc17 loc23 loc74 loc13 loc34 loc189 loc32 loc34 loc94 loc83 loc50 loc43 loc27 loc180 loc10 loc147 loc131 loc27 loc43 loc82 loc129 loc17 loc23 loc74 loc13 loc34 loc84 loc97 loc167 loc84 loc34 loc13 loc74 loc23 loc17 loc129 loc82 loc43 loc27 loc15 loc79 loc181 loc111 loc141 loc115 loc99 loc134 loc35 loc194 loc183 loc22 loc165 loc176 loc21 loc8 loc101 loc164 loc47 loc87 loc192 loc170 loc196 loc170 loc192 loc87 loc47 loc164 loc165 loc12 loc41 loc188 loc26 loc27 loc43 loc104 loc163 loc42 loc171 loc154 loc163 loc104 loc168 loc82 loc43 loc27 loc169 loc111 loc11 loc30 loc111 loc193 loc114 loc164 loc47 loc87 loc192 loc170 loc196 loc51 loc155 loc103 loc51 loc196 loc52 loc126 loc68 loc60 loc27 loc43 loc65 loc179 loc64 loc199 loc80 loc179 loc58 loc53 loc25 loc106 loc172 loc106 Soda
67
Soda Soda
loc3 loc3
loc8 loc8
loc10 loc10
loc11 loc11
loc13 loc13
loc14 loc14
loc15 loc15
loc17 loc17
loc22 loc22
loc23 loc23
loc25 loc25
loc26 loc26
loc30 loc28 loc30 loc109 loc39 loc136
loc32 loc32
loc34 loc34 loc118 loc138
loc35 loc35
loc41 loc77 loc41 loc146 loc173 loc107
loc42 loc42
loc50 loc50
loc51 loc51
loc53 loc53 loc140
loc57 loc72 loc57 loc157 loc59 loc20
loc58 loc58
loc64 loc64
loc65 loc65
loc74 loc74
loc75 loc75 loc137 loc40
loc79 loc79
loc80 loc80
loc82 loc82
loc83 loc83
loc84 loc84
loc88 loc88
loc94 loc94
loc97 loc97
loc99 loc9
loc101 loc101
loc103 loc103
loc106 loc106 loc36 loc156 loc145
loc111 loc128 loc111 loc24
loc114 loc114
loc121 loc121
loc126 loc126
loc131 loc131
loc141 loc141
loc147 loc147
loc154 loc154
loc155 loc155
loc163 loc163
loc165 loc165 loc100
loc167 loc167
loc170 loc170
loc171 loc171
loc172 loc172 loc6
loc176 loc95
loc179 loc45 loc90 loc151
loc180 loc180
loc181 loc181 loc37
loc183 loc183
loc188 loc188
loc189 loc189
loc192 loc192
loc193 loc193 loc122 loc38
loc194 loc55 loc194
loc196 loc142 loc7 loc185 loc61
loc199 loc199
