0 144 157 69 192 75 111 70 11 64 40 124 140 93 63 88 152 60 92 177 72 150 164 156 106 86 39 117 116 90 3 49 48 74 4 57 173 24 94 130 52 82 196 45 56 122 56 99 113 30 178 43 132 76 114 29 100 31 80 173 77 32 18 20 28 181 120 144 27 44 46 36 58 103 146 192 95 1 113 16 24 91 121 14 93 21 6 25 174 59 7 73 112 81 140 62 83 98 8 38 35 173 80 109 123 65 5 66 169 84 80 31 87 188 10 12 23 117 34 97 96 120 181 124 47 37 139 86 39 17 110 167 160 79 68 54 53 151 53 2 0
89
1 1
2 2
3 3
4 4
5 5
6 6
7 7
8 8
10 10
11 11
12 12
14 14
16 16
17 17
18 18
20 20
21 21
23 23
24 24
25 25
27 27
28 28
29 29
30 30 42
31 31
32 32
34 34
35 35 78
36 36
37 37
38 38
39 39
40 40
43 43
44 44
45 45 85
46 46
47 47
48 48
49 49
52 52
53 53
54 54
56 56
57 57
58 58
59 51 59
60 60
62 22 62
63 63
64 64
65 65
66 66
68 68
69 69
70 70
72 72
73 73
74 74
75 75
76 76
77 77
79 79
80 71 80
81 81
82 82
83 83
84 84
86 86
87 87
88 88
90 90
91 67 91
92 92
93 93
94 94
95 95
96 96
97 97
98 9 98
99 99
100 61 100
106 13 50
110 26
113 15
122 19 41
151 55
167 89
177 33
