0 85 115 118 27 25 125 77 186 42 40 180 183 47 120 122 151 152 150 114 120 165 168 117 166 137 135 79 64 90 65 100 102 108 82 80 54 145 39 160 162 160 74 135 134 139 179 124 159 149 104 17 113 110 94 170 144 195 197 196 12 66 67 123 120 110 105 35 20 10 13 2 28 25 15 130 30 32 58 55 44 69 184 154 99 180 182 189 129 72 141 132 186 187 185 75 78 75 0
80
0 3
2 2
12 12 11
13 13
15 15
17 16 17
20 20
25 25
27 27
28 28
30 30
32 32
35 37 38 36 35
39 39
40 97 43 95
42 42 41
44 44
47 47
54 54
55 55
58 58
64 64
65 68 65
66 66
67 67
69 69
72 72
74 74
77 116 101
78 78
79 79
82 82
85 87
90 91 92
94 94
99 99
100 100
102 102
104 104
105 105
108 108
110 57 110 56
113 113
114 114
115 192
118 118
120 120
122 122
123 123
124 124
125 128 125
129 129
130 133
132 131 132
134 134
135 138 52 135
137 136
139 139
141 141 142
144 144
145 145 148
149 149
152 152
154 154
159 159
160 160
162 161
166 166
168 168
170 172
179 179
180 180
182 181 182
183 183
184 184
186 186
187 187
189 189
195 195
197 197
