81 161 115 87 95 56 167 107 9 103 90 145 89 36 189 57 109 71 86 178 159 1 12 80 78 34 81
26
1 1
9 9
12 12
34 92 195 180 85 191 77 8 188 52 196 93 34 121 20 88 108 132 58 154 18 23 14 179 53 48 182 127 33 123 64 59 198 141 125 100 117 96 150 69 200 152 27 16 24
36 36
56 56
57 57
71 71
78 35 76 135 199 183 124 70 49 130 166 184 78 45 84 164 17 162 138 165 158 46 156 74 197 41 43
80 80
81 81
86 86
87 87
89 89
90 90
95 95
103 103
107 107
109 109
115 115
145 145
159 159
161 161
167 153 42 167 97 170 65 126
178 178
189 189
