10 50 185 184 53 54 192 193 56 59 197 196 199 198 58 191 190 52 51 106 104 103 102 101 99 98 97 96 94 93 92 91 89 88 87 86 84 83 82 81 79 78 77 76 74 73 72 71 69 68 57 50 10 41 7 6 35 43 39 8 38 42 3 2 10
62
2 2
3 1 3 5
6 6 32 36
7 7
8 8
10 21 22 23 25
35 34 35
38 38
39 39
41 11 12 15 29 37 41
42 42
43 43
50 186 187
51 51
52 52
53 53
54 54
56 56
57 57
58 58
59 59
68 66 67 68
69 69
71 71
72 72
73 73
74 74
76 76
77 77
78 78
79 79
81 81
82 82
83 83
84 84
86 86
87 87
88 88
89 89
91 91
92 92
93 93
94 94
96 96
97 97
98 98
99 99
101 101
102 102
103 103
104 104
106 106 107 108 109 111 112
184 184
185 185
190 190
191 191
192 192
193 193
196 196
197 61 62 63 64 197
198 198
199 199
