0 3 4 5 6 7 8 9 12 11 14 15 16 13 14 92 93 96 99 100 101 102 106 107 ViksNode 128 129 128 ViksNode 112 115 113 114 115 112 116 117 33 34 36 37 39 40 41 42 44 46 44 49 51 53 54 58 59 60 61 58 62 64 73 75 76 77 78 79 80 81 83 86 85 17 19 20 32 23 25 26 28 27 28 30 0
38
3 3
4 4
7 7
8 8
12 10
13 13
15 15
17 18
19 19
20 20 21
25 25
27 27
30 30
34 35
36 36
37 37
42 42 43
44 48
46 47
53 53
54 55 56
59 59
60 60
62 63 70 71
73 73
75 74
78 78
80 80
86 86
92 94
99 99
100 121 123
101 104
106 106 108
113 113
114 114
117 117
129 130
