exothermic shovel trill combine Iowa FPC coarse midget amateur Injun Bernini Tucson intangible lordosis Halstead decor Irvin namesake McCall sacrifice extrovert swordfish yogurt Dominican felony exothermic
22
Bernini Bernini
FPC FPC
Halstead Halstead
Injun Curtis Injun
Iowa Iowa
Irvin Irvin
McCall Andersen McCall
Tucson Tucson
amateur amateur
coarse coarse
combine combine
decor decor
extrovert extrovert
felony felony
lordosis lordosis
midget midget
namesake namesake
sacrifice sacrifice
shovel shovel
swordfish swordfish wafer
trill trill
yogurt yogurt
