ctUVEJSyNR T3o9dNVbcG TDmNOuGJBk I4iTN5KXjB BtCEVbHoQI T3o9dNVbcG RLF9v27sOQ aUbShUrdkZ 8Jejdr7ynm 7d3UA4fKWz Z82QDWb0Pr HTp005294X VBTKstUXwG oWdH0Xcxwv HG8olhhcTZ sY3UqAEMG3 MzId8uwrPz N4DMbR59L3 gLI8ArV2Ui oPQmRUijH5 6lpxgUxCxO VbPBW7rmhF UphA2uAaYC vzXeZbLrSW f91pUtm9EZ MuYreynm57 zUWT7uduzq uVIshS2g8a U5XdtBFGOe Z82QDWb0Pr ctUVEJSyNR
22
MzId8uwrPz MzId8uwrPz
TDmNOuGJBk TDmNOuGJBk
T3o9dNVbcG T3o9dNVbcG
Z82QDWb0Pr Z82QDWb0Pr
BtCEVbHoQI BtCEVbHoQI
7d3UA4fKWz 7d3UA4fKWz
VBTKstUXwG 8UaR4YpZys VBTKstUXwG
uVIshS2g8a qg08r1Pg6g
HG8olhhcTZ HG8olhhcTZ
RLF9v27sOQ RLF9v27sOQ
MuYreynm57 osdKgXyg1e MuYreynm57
HTp005294X IU0Ia8127Z
8Jejdr7ynm 8Jejdr7ynm QwY2G6aX6c
oPQmRUijH5 oPQmRUijH5
f91pUtm9EZ f91pUtm9EZ
gLI8ArV2Ui gLI8ArV2Ui
6lpxgUxCxO 6lpxgUxCxO
U5XdtBFGOe U5XdtBFGOe
vzXeZbLrSW vzXeZbLrSW
UphA2uAaYC UphA2uAaYC
zUWT7uduzq zUWT7uduzq
I4iTN5KXjB I4iTN5KXjB
