6Zg7j6t8kt lrFRnKniRv ka4cgDWgq7 GSDEYlNcCM 4JtfcKJvHu H0NdoJawvz DFUEuoVNn7 1iUrZ2N0MA pm1Yq2dCLL uXkvSfF7Kv OpwMnuSGmp dyS1o5lQHD 79JJ9GZF8c fhmE7A9rVl 0gqiqztWgj 4ViGHxfdlc MpRNDD0glq bc4pLp9tiD cqCbnI2bkr NgxnYo41LY UgxUR9jKcJ 1iUrZ2N0MA s8EkvbOYAX 79JJ9GZF8c fbxiHLAsv4 KpPj50fAfy zG9cl6Gy30 7cteJXIZM1 YrPP1U1r20 I1RTFIGWhc TH1GgoG5GU Octagmmhko 1koyFI8rlU G05S6XZiBa 4RZs4XFvF9 OR78sPVsV9 ECFKqOm791 YZKJeBb8Pe gSP0irArmo N08DpqDewo oQb2PqTM8x R0OKpbbX8l Iroa6leixY tvKOOMQ7Sv rCrtLJTXdv VlwfpLcOHZ vD4d0BZ03p zH4Z0p0Ftj VWD9Yy5Xrg HpRVhY9Btb ka4cgDWgq7 GSDEYlNcCM 97dvK2Az7S MImiDijd1o oRs9wR3IGE 8pgnfE3xKu wXTrLT9dUx 1aPtXDhYtV wXTrLT9dUx 6Zg7j6t8kt
42
GSDEYlNcCM GSDEYlNcCM
1iUrZ2N0MA ESDdDChkYw
gSP0irArmo M9d0z6OccV
ka4cgDWgq7 ka4cgDWgq7
wXTrLT9dUx wXTrLT9dUx dojrtYXceT
KpPj50fAfy KpPj50fAfy vCSWEyz4PC
TH1GgoG5GU TH1GgoG5GU
H0NdoJawvz H0NdoJawvz
pm1Yq2dCLL iyQiEnpG35
NgxnYo41LY NgxnYo41LY 4lUeyqYb0U
1aPtXDhYtV 1aPtXDhYtV
8pgnfE3xKu OGWcs2X8pk 8pgnfE3xKu
oRs9wR3IGE oRs9wR3IGE
4RZs4XFvF9 4RZs4XFvF9
cqCbnI2bkr b3jUAAPOlA cqCbnI2bkr
7cteJXIZM1 7cteJXIZM1
Iroa6leixY Iroa6leixY
YrPP1U1r20 ckEVpwA8CD YrPP1U1r20 YQKcyMibnc
uXkvSfF7Kv uXkvSfF7Kv
N08DpqDewo N08DpqDewo
1koyFI8rlU 1koyFI8rlU
4ViGHxfdlc 4ViGHxfdlc
Octagmmhko Octagmmhko
79JJ9GZF8c 79JJ9GZF8c
I1RTFIGWhc I1RTFIGWhc
OR78sPVsV9 EZQ9HUGjRN
lrFRnKniRv lrFRnKniRv
zH4Z0p0Ftj zH4Z0p0Ftj
97dvK2Az7S 97dvK2Az7S Dkc5CxJ6RV
vD4d0BZ03p vD4d0BZ03p
VWD9Yy5Xrg VWD9Yy5Xrg
tvKOOMQ7Sv tvKOOMQ7Sv
G05S6XZiBa G05S6XZiBa
fhmE7A9rVl fhmE7A9rVl
OpwMnuSGmp OpwMnuSGmp
s8EkvbOYAX s8EkvbOYAX
4JtfcKJvHu 4JtfcKJvHu
fbxiHLAsv4 fbxiHLAsv4
MpRNDD0glq MpRNDD0glq
UgxUR9jKcJ UgxUR9jKcJ
YZKJeBb8Pe YZKJeBb8Pe
0gqiqztWgj 0gqiqztWgj
