153 165 98 122 50 171 186 172 30 172 152 95 145 99 109 9 156 75 33 81 71 11 125 92 98 135 117 144 124 13 86 146 37 160 100 101 163 69 60 161 129 10 4 86 146 64 66 16 108 147 189 147 68 137 186 50 58 29 35 169 69 158 150 168 64 5 53 27 175 96 74 181 74 181 177 35 90 23 100 2 118 91 41 108 52 192 29 109 104 47 134 27 53 27 139 125 79 167 49 113 95 84 120 36 166 34 24 170 15 105 77 96 128 106 93 188 36 120 104 40 91 41 108 16 126 167 49 134 140 80 139 0 24 153
78
50 50
81 81
40 40
96 96
29 29
126 126
86 86
84 21 184
16 16
41 41
23 23
95 95
90 90
188 188
77 77
153 153 20
139 61 138 131 43
192 192
137 137
13 196 13
5 5
79 79
99 99
163 163
15 15
156 156
160 160
35 35
93 93
2 2 187
128 128
161 161
120 120
36 36
122 122
80 70 180
172 26 172
92 83
68 68
146 146
75 182
47 47
145 145 178
98 3 98 88
189 8
170 170
34 34
167 167
49 49
53 53
140 140
177 177
69 197
152 89 152 28
108 108
134 134
135 135 194
52 52 179
118 118
60 112 60
124 124 7
169 169
158 119
4 4
113 113
37 37
0 0 195
91 19
58 58
100 127 56
168 168
74 74
147 42 147
181 136
171 171
11 11
129 12 129
150 150
