Porterton Dianashire Ashleyborough Clarkberg Reevestown Judithview Reevestown Clarkberg Ashleyborough Dianashire Porterton Wallton Derekmouth Charlesberg Kevinberg Charlesberg Derekmouth Wallton Porterton Dianashire Burgessview Marcusburgh Matthewburgh Bondfort Matthewburgh Marcusburgh Burgessview Dianashire Porterton Wallton Derekmouth Charlesberg Kevinberg Charlesberg Derekmouth Wallton Porterton Dianashire Burgessview Marcusburgh Matthewburgh Virginiastad Matthewburgh Marcusburgh Burgessview Dianashire Porterton Wallton Danielleport Scottburgh Laurenbury Scottburgh Danielleport Wallton Porterton Dianashire Ashleyborough Paulburgh Walltown Scotttown Walltown Paulburgh Ashleyborough Dianashire Porterton Wallton Danielleport Melissaview Campbellhaven Melissaview Danielleport Wallton Porterton Dianashire Ashleyborough Clarkberg Burtonview Murphyside Burtonview Clarkberg Ashleyborough Dianashire Porterton Wallton Danielleport Melissaview Cheyennefurt Melissaview Danielleport Wallton Porterton Dianashire Burgessview Williamfort Thomasville Lopezburgh Thomasville Williamfort Burgessview Dianashire Porterton Wallton Derekmouth Jeffreyfort Johnsonchester Susanfort Johnsonchester Jeffreyfort Derekmouth Wallton Porterton
23
Lopezburgh Leahmouth Byrdfurt Garciamouth Loweryborough
Laurenbury Haleview Hallstad
Derekmouth Kylieview Cranemouth Hodgesstad Gabrielburgh Fordhaven Ramosborough Joneschester Hallborough
Burgessview Parkermouth Williamland Michaelville Shawnfort
Danielleport Adamport Adkinsberg
Kevinberg Troyfort Andrewschester Adamside Patriciabury Bradberg Thomasmouth
Charlesberg Kimberlyburgh Candiceland Ellisstad Tannerhaven Clarkport Osbornemouth
Bondfort Adamview Buckleyside Shawnmouth Harrisborough Priceville
Ashleyborough Feliciaville Dannyside Brendaview Jacksonland Christopherhaven Harrisport Candaceborough Clarkborough Smithtown Calvinton Abigailville Jennifertown
Judithview Michaelview Clarenceview
Susanfort Susanfort
Cheyennefurt Thompsonshire Christyland Robertomouth Watsonville
Jeffreyfort Audreyfort Patriciaside
Wallton Jermaineton Mercedesmouth Rioshaven Jonesfurt Taylorton Bondmouth Suttonville Josephstad Clarkbury
Scotttown Danielville Jacksonview
Virginiastad Johnsonberg Robinsonmouth Horneside
Walltown Combsville Reynoldsview Maryport Williamshire
Campbellhaven Houstonchester Dyerport Annberg
Paulburgh Swansonshire Abigailhaven
Murphyside Derekville Jameston Bakertown
Johnsonchester Nealfurt
Marcusburgh Mirandaview Wilsonstad Hansonbury Williamschester Ortizberg
Williamfort Holthaven Ortegaberg Ryanside Codyton Vickiville Mindyview Masseyside Millerborough Smithfort Thomasborough
