0 58 55 57 25 70 97 31 24 89 147 82 1 69 43 80 21 93 39 67 96 9 83 124 16 20 81 68 140 86 49 33 15 64 88 94 71 10 136 14 78 34 50 139 63 46 35 42 77 98 65 26 79 17 87 18 85 42 45 8 60 54 92 36 59 5 41 32 13 51 142 47 98 91 73 0 23 0
72
0 0
1 1
5 5 12 62 74 75
8 8 30
9 9 52
10 10
13 13
14 14
15 15 28 61 72
16 16
17 17
18 18
20 20 53
21 21
23 23
24 6 24
25 25
26 26
31 2 31
32 32
33 33 76
34 34
35 35
36 36
39 39
41 41
42 19 38 42
43 43
45 45
46 46
47 47
49 49
50 7 50
51 51
54 54
55 55 90
57 4 57
58 58
59 59
60 60
63 63
64 64
65 65
67 56 67
68 68
69 69
70 70
71 71
73 73
77 77
78 78
79 11 79
80 3 80
81 81
82 82
83 37 40 83
85 44 84 85
86 86
87 87 95
88 88
89 89
91 91
92 92 99
93 93
94 94
96 27 96
97 97
98 98
124 66
139 48
142 22
147 29
