K B BJ DV BF R AS W AX BA CB FZ G DW FE EC P GJ FJ DX EM BP GJ DH DC U DG CF AM EJ BX DP EO EY C DR BQ CK CW BB AF GC EV EG AG GG CW CV X AE ED GC CI CY GL GR CM FP Y GA GO AJ DK DI EL BL DV AH AW CE I BE BY V DS AN BS FD EN M GE EK T FO FI GO Z BG FH CJ BR FG BI DB GI CT GF EQ AB DZ FM FU FX CH GK FR AU CQ FU EH DN CM EU BF GD FS BH K
97
B B
G G
I I
M M
P P
R R
T T
U U
V V
W FV
X X
Y Y
Z Z
AB AB
AF AF
AG AG
AH AH
AJ AJ
AM AM
AN AN
AS AS
AW AW
AX AX
BA BA
BB L BB
BE BE
BF BF
BG BG
BI BI
BJ BJ
BL BL
BP BP
BQ BQ
BR BR
BX BX
BY BY
CB CB
CE CE
CF CF
CH EZ
CJ CJ
CK CK
CM CM
CQ CQ
CT CT
CW CW
CY CY
DB DB
DC DC
DG DG
DH DH
DI DI
DK DK
DP DP
DR DR
DS DS
DV DV
DX DX
DZ DZ
EC EC
ED ED
EG EG
EH EH
EJ EJ
EK EK
EL EL
EM EA EM
EN EN
EO EO
EQ EQ
EU EU
EV EV
FD FD
FE FE
FG FG
FH FH
FI FI
FJ BO FJ
FM FM
FO FO
FP FP
FR FR
FS FS
FU FU
FX FX
FZ FZ
GC GC
GD GD
GE GE
GF GF
GG GG
GI GI
GJ GJ
GK GK
GL GL
GO GO
GR GR
