89 68 28 32 38 94 151 51 189 118 25 44 99 124 59 75 79 70 114 199 128 127 80 183 109 20 160 144 49 194 16 172 5 169 101 78 27 48 182 197 13 148 146 85 132 195 19 191 65 82 147 58 102 178 155 56 86 173 36 79 73 133 194 49 83 100 97 190 39 81 38 96 33 121 18 64 31 6 69 89
72
5 5
6 6
13 13
16 16
18 18
20 11
25 25
27 27
31 107 31
32 32
33 33
36 36
38 37 41 38
39 149 39
44 44
48 48 9
49 111 140 49
51 51 156
56 56
58 58
59 59
64 64
65 65
68 12 187
69 69
70 179 3 135 136 192 70
73 193 73
75 75
78 78
79 79
80 80
81 81
82 82
83 83
85 85
86 86 29 21
94 94
96 96
97 97
99 99
100 100
101 101
102 122 102 61
109 109 112
114 125 114
118 118 1
121 121
124 124
127 127 88 4
128 128 23
132 132
133 133
144 144
146 146
147 147
148 148
151 151
155 155
160 160
169 169
172 172
173 173 130
178 178
182 98
183 183
189 189
190 190
191 191
194 194 141
195 195
197 197 188
199 199
