dldkilltnmhfepsteins msddkilllthepsteinfn dlfdkilltepsteinhnms hsepsteinfkillnmddtl nmdhepsteinkilltfsld epsteinhnkillsldfdmt mkilldlshdtfepsteinn lepsteindsmnhftdkill dhsepsteintlkillmfnd fddsmepsteintnkillhl mndtkillepsteindlfhs ldfsmnepsteinkilltdh dkillldfepsteintsmnh hmndfkillslepsteintd nmkilllepsteintdsdfh dnldkillhmfstepstein killdldepsteinmfsthn shfnmltepsteindkilld hnddkilltslmfepstein dmtlsfhnkilldepstein dhmkillfdltnsepstein lkilldtnmsepsteindfh tdnfmdhepsteinslkill epsteintfhndkilllmsd tdkillepsteinsmhdfnl killshdlmftnepsteind nsepsteinfmdkillhldt killshdlmftnepsteind sdndhepsteinltkillfm epsteindkilltlmnhsfd hkilllepsteinnstfddm lsmftnepsteinkillhdd hmdkilllnepsteinfsdt killmfndshdtepsteinl depsteinslkillhdftmn killthsepsteindmlfdn nepsteindhkillltmsfd hdmndfepsteinstkilll lkillepsteintdshmfnd mdkilllfdnstepsteinh killhdfnsepsteinmltd fsepsteindkillhmtdln dkillnmhldstfepstein hdntepsteinkilllsdfm mhkillepsteinddlfsnt fhnmkillepsteinsdltd lepsteindnhstfdmkill killfhdndtlepsteinsm fthlkillnepsteindsdm thnkillmddsepsteinfl epsteinldtnfmshdkill tepsteinhsdkillmldfn sldhnfmtdkillepstein msepsteintlhnfkilldd hmdkilllnepsteinfsdt lkillfthdsepsteindnm ndkillthdepsteinlsmf ndshkilldmlepsteinft shfnmltepsteindkilld killdldepsteinmfsthn smtepsteinkilldfnhdl lkilldtnmsepsteindfh dhmkillfdltnsepstein mhdskillldftnepstein lntkillepsteinfsddhm fkillepsteinndmdlhts dtsmdnlhfepsteinkill epsteinsnmflhtdkilld killdepsteinmfltdshn tsdnhkilllmepsteindf tdfkillslepsteinhdmn sldhnfmtdkillepstein tepsteinhsdkillmldfn mshkillltdepsteinfdn sdepsteinhlmnkillfdt killsepsteindmtflhnd killfthnmsdlepsteind tsmdepsteinkillhfdln depsteinlfnmkilldsht dkillfepsteinnhdmtls ltfnsdhepsteinkilldm killtdmsdfhnepsteinl dhkillldsepsteintnmf epsteinfsltkillnhddm dhkillldsepsteintnmf sndldftmkillepsteinh killhtdmdlnsfepstein nfltdmkillsdepsteinh lsmftnepsteinkillhdd dflstmkillepsteindhn lntkillepsteinfsddhm fdmtdepsteinkilllsnh mfndlsdepsteinhkillt dsftepsteindhkillmnl sdlhfnmdepsteintkill mltdhfdepsteinkillsn epsteindmshtfldnkill dfkilllepsteinsnmhtd sdndhepsteinltkillfm killmdshdtnflepstein fdskillndtmepsteinlh dkillnmsfhtlepsteind tndskilldfepsteinmhl mdkillntepsteindfhsl epsteinhdkillltsmfdn dhsepsteintlkillmfnd skillmfepsteinthddnl killepsteinfdlhdtnms dhtepsteinkillsdflmn hnsepsteinmkillfddtl killfsdndhtmepsteinl hsepsteinfkillnmddtl smfhndepsteinkillltd lmkillepsteintsndfhd lhsntdepsteindkillmf mdkillnlsdtepsteinhf nftmskilldldepsteinh fhdmnepsteindkillslt depsteinlfnmkilldsht tldkillhsfnmepsteind msddkilllthepsteinfn dldkilltnmhfepsteins
83
tdfkillslepsteinhdmn tdfkillslepsteinhdmn
nfltdmkillsdepsteinh nfltdmkillsdepsteinh
lsmftnepsteinkillhdd lsmftnepsteinkillhdd
epsteinhnkillsldfdmt epsteinhnkillsldfdmt
fkillepsteinndmdlhts mkillthfdlnepsteinds
killtdmsdfhnepsteinl killtdmsdfhnepsteinl
mdkillntepsteindfhsl mdkillntepsteindfhsl dmldfhskillntepstein
tsmdepsteinkillhfdln tsmdepsteinkillhfdln
tdkillepsteinsmhdfnl tdkillepsteinsmhdfnl
msepsteintlhnfkilldd msepsteintlhnfkilldd
lmkillepsteintsndfhd lmkillepsteintsndfhd hepsteinntdkillsdmfl depsteintkilllnmsfdh
killfthnmsdlepsteind killfthnmsdlepsteind
fhdmnepsteindkillslt fhdmnepsteindkillslt
fddsmepsteintnkillhl fddsmepsteintnkillhl ntmdhepsteinsdkillfl
ndshkilldmlepsteinft ndshkilldmlepsteinft
nmdhepsteinkilltfsld nmdhepsteinkilltfsld
fdskillndtmepsteinlh fdskillndtmepsteinlh
fthlkillnepsteindsdm hepsteinnfdmlsdtkill depsteinftndhmkillsl
killmfndshdtepsteinl killmfndshdtepsteinl
dhsepsteintlkillmfnd dhsepsteintlkillmfnd
msddkilllthepsteinfn msddkilllthepsteinfn
tldkillhsfnmepsteind tldkillhsfnmepsteind
killdldepsteinmfsthn killdldepsteinmfsthn
sdlhfnmdepsteintkill sdlhfnmdepsteintkill
nftmskilldldepsteinh nftmskilldldepsteinh
lepsteindnhstfdmkill lepsteindnhstfdmkill
epsteindmshtfldnkill epsteindmshtfldnkill
dkillnmsfhtlepsteind dkillnmsfhtlepsteind
sndldftmkillepsteinh sndldftmkillepsteinh
killdepsteinmfltdshn killdepsteinmfltdshn
dkillnmhldstfepstein dkillnmhldstfepstein dfdepsteintlnskillhm
killhtdmdlnsfepstein killhtdmdlnsfepstein
fsepsteindkillhmtdln fsepsteindkillhmtdln epsteinlmkillfshnddt skillthlfndepsteindm
mndtkillepsteindlfhs mndtkillepsteindlfhs
ndkillthdepsteinlsmf ndkillthdepsteinlsmf
hsepsteinfkillnmddtl hsepsteinfkillnmddtl
epsteintfhndkilllmsd epsteintfhndkilllmsd
ltfnsdhepsteinkilldm ltfnsdhepsteinkilldm tepsteinmdfldhnskill
shfnmltepsteindkilld slepsteinkillfmddhtn shfnmltepsteindkilld killtdslhfdepsteinnm fmtnkilldepsteindhsl
epsteindkilltlmnhsfd epsteindkilltlmnhsfd
mfndlsdepsteinhkillt ldepsteindhkilltsmfn
killhdfnsepsteinmltd killhdfnsepsteinmltd
epsteinfsltkillnhddm fmltddhnepsteinskill
sldhnfmtdkillepstein sldhnfmtdkillepstein
mkilldlshdtfepsteinn mkilldlshdtfepsteinn
nsepsteinfmdkillhldt hnskillepsteintfdmld
lkilldtnmsepsteindfh lkilldtnmsepsteindfh mkillldnhepsteinstfd
thnkillmddsepsteinfl thnkillmddsepsteinfl
epsteinsnmflhtdkilld epsteinsnmflhtdkilld
dnldkillhmfstepstein dnldkillhmfstepstein
hnsepsteinmkillfddtl hnsepsteinmkillfddtl
nepsteindhkillltmsfd nepsteindhkillltmsfd
sdndhepsteinltkillfm sdndhepsteinltkillfm
fhnmkillepsteinsdltd fhnmkillepsteinsdltd
dfkilllepsteinsnmhtd dfkilllepsteinsnmhtd
tndskilldfepsteinmhl tndskilldfepsteinmhl
dlfdkilltepsteinhnms dlfdkilltepsteinhnms
mdkillnlsdtepsteinhf mdkillnlsdtepsteinhf
epsteinldtnfmshdkill epsteinldtnfmshdkill
dkillldfepsteintsmnh dlshdtepsteinnkillfm
epsteinhdkillltsmfdn epsteinhdkillltsmfdn
dtsmdnlhfepsteinkill dtsmdnlhfepsteinkill
dhtepsteinkillsdflmn dhtepsteinkillsdflmn
dflstmkillepsteindhn dflstmkillepsteindhn
hmndfkillslepsteintd hmndfkillslepsteintd
hnddkilltslmfepstein lepsteinkilldhfmstnd killtepsteinddhlmnsf thdlskillnfdmepstein
tsdnhkilllmepsteindf tsdnhkilllmepsteindf
lhsntdepsteindkillmf lhsntdepsteindkillmf
dmtlsfhnkilldepstein dmtlsfhnkilldepstein
ldfsmnepsteinkilltdh ldfsmnepsteinkilltdh
dhmkillfdltnsepstein dhmkillfdltnsepstein
mhkillepsteinddlfsnt mhkillepsteinddlfsnt
lkillepsteintdshmfnd lkillepsteintdshmfnd
depsteinlfnmkilldsht depsteinlfnmkilldsht lhepsteintndkilldsmf
hmdkilllnepsteinfsdt hmdkilllnepsteinfsdt
fdmtdepsteinkilllsnh fdmtdepsteinkilllsnh
depsteinslkillhdftmn depsteinslkillhdftmn
skillmfepsteinthddnl skillmfepsteinthddnl
mdkilllfdnstepsteinh mdkilllfdnstepsteinh epsteinfthkilldnslmd
lkillfthdsepsteindnm dtnkillsepsteinmdfhl
mhdskillldftnepstein mhdskillldftnepstein
killthsepsteindmlfdn killthsepsteindmlfdn
tepsteinhsdkillmldfn tepsteinhsdkillmldfn
