tepsteinfdkilldlmhns hdepsteinsmdtnflkill fnlskillhtepsteindmd ftdmlhkilldepsteinsn hldmepsteindsnkilltf nmhdkilltslepsteinfd ldnmepsteinhfstdkill hfskillnepsteinldtdm nkillsdtdhfmlepstein epsteinthsdmndkillfl snldmtkillfepsteindh msnepsteinfkillhtdld fnmhskilldepsteinltd ndlepsteinhdtskillfm thsfnmkilldlepsteind killepsteintdldshfnm nfdhepsteinltsdmkill lepsteinfdkillsdnmht dhlepsteindkillsmtnf mfskillnhlddtepstein thmepsteinlkillfsndd slepsteinftndkillmdh htskillepsteindnlfdm ndlmhepsteintdskillf dnhdskillepsteinmltf tskillepsteinhfmddnl thsfnmkilldlepsteind killepsteintdldshfnm nlhtdsdepsteinfmkill tepsteinfdkilldlmhns
22
ndlmhepsteintdskillf ndlmhepsteintdskillf tmhsnfepsteinldkilld
nfdhepsteinltsdmkill nfdhepsteinltsdmkill
ldnmepsteinhfstdkill skilldnmlhdftepstein hepsteinnfstkilllmdd
lepsteinfdkillsdnmht lepsteinfdkillsdnmht
mfskillnhlddtepstein epsteindsmnlfdtkillh
nlhtdsdepsteinfmkill nlhtdsdepsteinfmkill
dhlepsteindkillsmtnf dhlepsteindkillsmtnf
nkillsdtdhfmlepstein nkillsdtdhfmlepstein
msnepsteinfkillhtdld hkillmepsteinstdfdnl msnepsteinfkillhtdld
fnlskillhtepsteindmd fnlskillhtepsteindmd
tskillepsteinhfmddnl tskillepsteinhfmddnl
hldmepsteindsnkilltf hldmepsteindsnkilltf
killepsteintdldshfnm killepsteintdldshfnm
epsteinthsdmndkillfl epsteinthsdmndkillfl
hdepsteinsmdtnflkill hdepsteinsmdtnflkill
hfskillnepsteinldtdm killnfhdsdltepsteinm
fnmhskilldepsteinltd fnmhskilldepsteinltd
ndlepsteinhdtskillfm ndlepsteinhdtskillfm
snldmtkillfepsteindh snldmtkillfepsteindh
htskillepsteindnlfdm htskillepsteindnlfdm
thmepsteinlkillfsndd thmepsteinlkillfsndd
slepsteinftndkillmdh epsteinsdfmhltkillnd
