BatonRouge Bellevue Bradenton Boston Boulder Birmingham AnnArbor Beaumont Albuquerque Allentown Arvada Atlanta Berkeley Amarillo Aberdeen Aurora Augusta Barnstable Asheville Burbank AtlanticCity Buffalo Anchorage Bellevue BatonRouge
21
Aberdeen Aberdeen BoiseCity
Albuquerque Albuquerque
Allentown Abilene
Amarillo Amarillo
Anchorage Anchorage
AnnArbor AnnArbor
Arvada Arvada
Atlanta Atlanta
AtlanticCity AtlanticCity
Augusta Albany Bethlehem
Aurora Aurora
Barnstable Barnstable
BatonRouge BatonRouge
Beaumont Beaumont
Berkeley Berkeley
Birmingham Birmingham Bryan
Boston Boston
Boulder Boulder
Bradenton Bradenton Cambridge
Buffalo Buffalo
Burbank Burbank
