4HOMU ZRPB5 9WSXC DTPF4 TORQI 1F0YL SYV5N HV4Z2 HWKGJ T9O11 C8O6I UDYJK WXZHF 7GA8O 6WOBI Q02X6 ZZH8Z 61QWU 768ZF AT3CI SHOOM 50J5H RU85S TORQI L2GJ5 EDSMH WI88U P419D OIPRN C7WKJ DL8LT 4HSLO YJ67U PTADN 45JXE 1RS2N CM5WA RAAD4 TI35I UW44H Q7FCL W2M5C ELH5L 4WDJE TORQI AT3CI LEBVZ OSJ7O V22SY KN0CP KOYRV Z22CS 8CLEZ 4HSLO DDXG0 PMFJ2 6OA3K FC0PR WBT4L SA6G0 4YS4G ZN2EP IZESQ KC9RF 0U9HU H3R1V WZB33 W2H22 VHCFR TCC7B L2PQE JIVZP NPDI9 M1HJR TBPBM V8GEC 53Y1R 7U3JG K50JQ 0VPRW KN0CP 6ACGE Q5DAA 0D2BR BVMDZ C45HH H1LTE HWKGJ FCYPJ PYPSO DCHO3 A1QRL 2BUI5 PXCIN XEEQB 2C63O LIRLU X180A JXLE1 4HOMU
85
L2PQE L2PQE
L2GJ5 L2GJ5
2C63O 2C63O
SYV5N SYV5N
768ZF 768ZF
RU85S RU85S HZHRA
KOYRV KOYRV
XEEQB XEEQB
KC9RF KC9RF
Q02X6 945CN
ZN2EP ZN2EP
45JXE 45JXE
UW44H UW44H
0D2BR 0D2BR
M1HJR M1HJR ZHSBU
LIRLU LIRLU
1F0YL 1F0YL
50J5H 50J5H
Q7FCL Q7FCL
0VPRW 0VPRW
SHOOM SHOOM
HWKGJ HWKGJ MC71K LLTLN LKP22
6ACGE 6ACGE
DTPF4 DTPF4
7GA8O 7GA8O
UDYJK DOLRQ
7U3JG 7U3JG
4HSLO FRZVP
W2M5C W2M5C
SA6G0 SA6G0
WI88U WI88U
TORQI TORQI
DCHO3 DCHO3
RAAD4 RAAD4
53Y1R 53Y1R
TI35I TI35I
9WSXC 9WSXC
C7WKJ C7WKJ
P419D P419D
NPDI9 NPDI9
ZZH8Z ZZH8Z
V22SY V22SY
PXCIN PXCIN
K50JQ K50JQ
JXLE1 JXLE1
HV4Z2 WP2MA
H1LTE H1LTE OLLV9
PTADN PTADN
DDXG0 DDXG0
IZESQ IZESQ
2BUI5 2BUI5
1RS2N 1RS2N
0U9HU 0U9HU
WZB33 WZB33
4WDJE BE5V8 4WDJE
Q5DAA 3AIXW Q5DAA SKPO7
W2H22 W2H22
FCYPJ FCYPJ
PYPSO 8EXDQ PYPSO
CM5WA CM5WA
6WOBI 6WOBI
AT3CI AT3CI
ZRPB5 ZRPB5
T9O11 T9O11
LEBVZ LEBVZ
4YS4G 52MNN
61QWU TY0L7 61QWU
C45HH C45HH
ELH5L IF7TL ELH5L 69BJO
X180A X180A
WXZHF WXZHF
OIPRN OIPRN
BVMDZ BVMDZ
6OA3K CFGE5 6OA3K
FC0PR FC0PR
C8O6I C8O6I
A1QRL A1QRL
YJ67U YJ67U
V8GEC V8GEC
PMFJ2 PMFJ2
8CLEZ 8CLEZ
TBPBM Y61KP TBPBM
TCC7B TCC7B
EDSMH EDSMH
VHCFR VHCFR
