fab8g cm8oa Lqz0g RgC1Q KWmhW 1pNjr H6HgM lJfgZ 9u8oD fr0Bd rzyrR ZlgGe obqW1 PpZP8 cQMFl dAx9s uQK8T G944F zgyDJ f5Qx2 9ZatH bepE0 ciJ7c n9AEE zgyDJ HKgVO pnHil Upoa8 4GEPG x8KLa nScgp sF84c 8PY0r 9ZatH yM9nQ BybTG RhMSo Nbb6U KzS0e 1OpM2 1xx4U zgyDJ 8xyrX BWyM2 BJ1iC zgyDJ VUKiE 0YoJb kCdcu H6HgM g1WJz G91ym 1SvIs zgyDJ B3NSd wiGnS L54Jg fhc2k I7fCS gwQSf Gt2w1 O1QPI Vjk2Z f5Qx2 zgyDJ 7J90B rzyrR bD2TR 3XMfZ f5Qx2 TjmY2 sF84c I7fCS 77EXR CT8M8 eDWES pnHil Upoa8 4ORRk o4F0A HPcVt GHmnJ Gt2w1 LBzlR VIl39 rzyrR rO2GE lcarA Gt2w1 5Ix1v HaHFT mgHYN wKKkJ f5Qx2 TtUXd AGorf Flgse bepE0 3FUsL b4E7v KB016 lJJK2 f5Qx2 guI5B 0SCRq 1rURn cDkiZ mgHYN 77EXR I7fCS aiycm 2Z0oU F7m3U qchZ3 fab8g
81
H6HgM H6HgM
f5Qx2 f5Qx2
VUKiE VUKiE
rzyrR rzyrR
cQMFl cQMFl
Gt2w1 Gt2w1
g1WJz g1WJz
RgC1Q FW6DI RgC1Q XDGuI
3XMfZ 3XMfZ
9ZatH 9ZatH
Lqz0g iy8Ty pesnn DHhK9 Lqz0g
bepE0 bepE0
B3NSd B3NSd
G91ym G91ym
mgHYN mgHYN
4GEPG 4GEPG
3FUsL 3FUsL
ZlgGe ZlgGe
fab8g fab8g 015ql 8tK4L tEdSo l0HDP nRTkO
Flgse Flgse
ciJ7c ciJ7c
yM9nQ yM9nQ
HaHFT HaHFT
F7m3U F7m3U
Vjk2Z Vjk2Z
o4F0A o4F0A
sF84c sF84c
nScgp nScgp
cm8oa cm8oa Bw1D7 TQZik Q0oXi adW6k tQXF5 4b2sA
cDkiZ cDkiZ
lJJK2 lJJK2
KWmhW KWmhW RnwlC c17Qf
wiGnS wiGnS
RhMSo RhMSo
BJ1iC BJ1iC
Nbb6U Nbb6U
BWyM2 BWyM2
qchZ3 qchZ3
kCdcu kCdcu
wKKkJ wKKkJ
bD2TR bD2TR
uQK8T uQK8T
KzS0e KzS0e
G944F G944F
PpZP8 PpZP8
gwQSf gwQSf
b4E7v b4E7v
lJfgZ lJfgZ P5ucv
2Z0oU 2Z0oU
CT8M8 CT8M8
lcarA lcarA
KB016 KB016
1xx4U 1xx4U
VIl39 VIl39
1SvIs 1SvIs
fhc2k fhc2k
LBzlR LBzlR
fr0Bd fr0Bd
8xyrX 8xyrX
L54Jg L54Jg
HKgVO HKgVO
1OpM2 1OpM2
n9AEE n9AEE
AGorf AGorf
O1QPI O1QPI
dAx9s dAx9s
4ORRk 4ORRk
0YoJb 0YoJb
TtUXd TtUXd
aiycm aiycm
7J90B 7J90B
GHmnJ GHmnJ
obqW1 obqW1
x8KLa x8KLa
guI5B guI5B
eDWES eDWES
BybTG BybTG
1pNjr 1pNjr
9u8oD 9u8oD
8PY0r 8PY0r
5Ix1v 5Ix1v
