0 1 4 10 21 44 90 44 21 10 4 1 0 2 6 14 29 59 29 14 6 2 0 1 3 7 15 31 64 31 15 7 3 1 0 2 5 11 23 47 95 47 23 11 5 2 0 1 3 8 18 37 75 37 18 8 3 1 0 2 5 12 25 52 25 12 5 2 0 1 4 9 19 40 82 40 19 9 4 1 0 2 5 12 26 53 26 12 25 52 105 52 25 12 5 2 0
29
6 111 112 113 114 115 116 117 118
7 135 136 137 138 139 140 141 142
8 143 144 145 146 147 148 149 150
9 167 168 169 170 171 172 173 174
10 183 184 185 186 187 188 189 190
11 100 101 102 199
14 123 124 125 126
15 131 132 133 134
18 155 156 157 158
19 159 160 161 162
21 175 176 177 178
23 195 196 197 198
25 103 104
26 109 110
29 121 122
31 127 128
37 153 154
40 163 164
44 179 180
47 193 194
52 106
53 107 108
59 119 120
64 129 130
75 151 152
82 165 166
90 181 182
95 191 192
105 105
