5 4 33 187 74 16 190 18 192 100 78 80 158 45 10 135 35 110 53 199 166 122 58 109 94 20 175 96 155 40 123 62 36 91 150 130 64 37 177 18 85 172 143 77 196 76 81 47 45 158 102 55 138 34 133 186 112 82 154 46 48 118 113 197 149 28 180 112 82 109 94 165 42 137 40 123 62 36 11 20 94 109 151 19 81 69 183 51 194 191 74 170 136 117 83 79 105 25 30 65 178 71 134 50 62 34 133 68 195 56 118 113 197 149 72 60 2 140 164 29 193 165 7 121 52 162 103 189 77 174 101 1 99 23 95 116 138 34 121 7 165 94 5
84
1 1
2 2
10 10
11 11
16 16
18 18
20 20
25 25
28 28
33 33
34 9 34
35 26 188
37 37
42 44 42
45 14
46 46
47 47 43
48 48
50 50
51 51
52 52
53 53
55 55
56 56
58 152 58
64 64
68 68
69 69 153
71 67 71 41
74 31
76 76 156
77 77
78 179 78
80 80
81 81
82 146
83 104 83
85 85
91 91
94 39 92
96 96
99 99
100 100
101 101
102 102
103 103
105 105 17
109 168 75
110 110
112 171
113 61
116 116
121 157
122 122
123 123
133 133
135 135
137 137
138 138
140 140
143 143
149 149
151 151
154 154
158 158
162 162
164 164
165 63 173
166 32
170 170
172 159
174 174
175 22
177 177
178 178
180 180
183 183
187 187
189 189
192 192
193 193
194 194
196 196 184
199 199
