A42 A147 A164 A154 A2 A39 A76 A187 A198 A197 A98 A0 A16 A105 A9 A167 A13 A163 A43 A84 A183 A93 A153 A99 A199 A63 A98 A12 A139 A142 A83 A114 A72 A168 A15 A23 A57 A176 A58 A35 A130 A2 A141 A2 A5 A44 A169 A28 A194 A82 A165 A72 A167 A188 A187 A117 A50 A87 A183 A100 A184 A60 A156 A165 A72 A162 A174 A20 A193 A40 A73 A190 A39 A195 A32 A127 A196 A30 A53 A176 A58 A35 A10 A193 A185 A56 A88 A13 A197 A98 A144 A106 A149 A106 A101 A13 A70 A150 A96 A151 A95 A169 A64 A186 A107 A101 A95 A177 A121 A179 A115 A77 A82 A65 A170 A66 A45 A108 A193 A40 A73 A172 A143 A186 A67 A136 A160 A122 A11 A51 A11 A158 A153 A71 A42
76
A0 A0
A2 A2
A5 A5
A9 A9
A12 A124 A145
A13 A75 A13
A16 A16
A20 A20
A23 A23
A28 A28
A30 A90 A3 A30 A189
A32 A32 A137
A35 A35
A39 A39 A128
A40 A40
A42 A42
A43 A43
A44 A120 A21
A45 A45
A51 A51
A57 A57 A38
A58 A58
A60 A92
A64 A46 A64 A191
A65 A65
A66 A126
A67 A67
A70 A70
A71 A71
A72 A72 A37
A73 A123
A76 A76
A77 A77
A82 A82
A83 A103
A84 A84
A88 A113 A88
A93 A93
A95 A95
A96 A96
A98 A148 A132 A192 A98
A100 A100
A105 A105
A106 A106
A107 A78 A107
A114 A114
A115 A4
A117 A117
A122 A122
A127 A127
A130 A159 A130
A136 A136
A139 A139
A141 A135
A142 A142
A143 A143
A144 A144
A149 A33
A151 A17
A154 A118 A154
A167 A167
A168 A102 A181 A54 A182
A172 A172
A176 A176
A177 A177
A179 A179
A183 A183
A184 A184
A185 A185
A186 A94 A111 A34
A187 A187
A193 A193
A194 A194
A196 A196
A198 A198
A199 A7
