DZA CYM BGD BFA BHS BLM BES BLR BEN BDI BEL BRN COD CAN BVT CAF CAN GMB ALB ARE DNK DJI DMA ATA ATF ASM CYP CZE DNK CUW DOM AUS GUY GNQ GRD GAB FIN AFG FIN FLK CAN CCK CMR HKG GRL GLP FRA FRO GBR ECU GIN ESP FIN ERI FSM GHA GEO HND DMA DZA
43
HND HND
HKG HKG
GUY HMD GRC CUB COG
GRD GRD
GNQ GNQ
GLP GLP
GHA GHA
GEO GEO
GBR GBR
FSM FSM
FRO FRO
FRA FRA
FLK FLK
FIN FIN
ESP AND
ERI ERI
ECU ECU
DOM DOM
DNK DNK
DJI DJI
CZE CZE
CYM CYM CXR
CUW CUW
COD COD
CCK CCK
CAN CHE BRB CAN
CAF CAF
BVT BVT
BRN BRN
BLR BLR
BLM BLM
BHS BHS
BGD BGD
BFA BFA
BES BES
BEN BEN
BDI BDI
AUS AUS
ATF ATF
ATA ATA
ARE ARE
ALB ARG ALB
AFG ABW
