Donner McCone Helena Cyclotron Haas Phoenix Iowa Minnesota Recreational Gayley Foothill Ishi Tallahassee Old Gilman Life Topeka Illinois Haste Wurster Optometry North Juneau Santa Donner
24
Donner Donner
Cyclotron Cyclotron Providence
Helena Helena
North North
McCone McCone
Juneau Juneau
Wurster Wurster
Optometry Optometry
Haas Haas
Santa Santa
Phoenix Phoenix
Illinois Illinois
Haste Haste
Life Life
Topeka Topeka
Foothill Foothill
Minnesota Minnesota
Ishi Ishi
Gilman Gilman
Tallahassee Tallahassee
Old Old
Gayley Gayley
Recreational Recreational
Iowa Iowa
