LeonieHill ChangiPoint SungeiKadut KampongUbi JurongWestCentral Kranji Changi Ridout BishanEast Trafalgar GreenwoodPark MonksHill Outram Sennett NeeSoon Shipyard KampongUbi BukitBatokCentral MandaiWest YioChuKang AnchorvaleBuangkok KallangWay SungeiRoad Novena Clementi Victoria SerangoonGarden Lavender NorthCoast Springleaf PasirPanjang2 TanjongRhu GeylangBahru AirportRoad ChangiWest ClementiCentral YishunCentral PunggolTownCentre KampongGlam Yishun Phillip FarrerPark SingaporePolytechnic Novena TampinesWest YuhuaWestBoonLay LoyangEast ChoaChuKangCentral Townsville Semakau SungeiRoad SembawangSprings PasirRisPark Sentosa Guilin TanglinHalt TuasBay LeonieHill
46
PasirPanjang2 PasirPanjang2
YioChuKang Boulevard YioChuKang
SungeiRoad SungeiRoad
FarrerPark FarrerPark
NorthCoast NorthCoast
Townsville Townsville
KallangWay KallangWay
Shipyard Shipyard
Yishun Yishun
Sennett Sennett
NeeSoon OrangeGrove NeeSoon Tyersall DefuIndustrialPark
Victoria Victoria
PunggolTownCentre PunggolTownCentre
JurongWestCentral JurongWestCentral
Novena Novena
Ridout Ridout
Guilin Guilin
Springleaf Springleaf
SingaporePolytechnic SingaporePolytechnic
KampongGlam KampongGlam
TuasBay TuasBay
YishunCentral Woodgrove
MonksHill MonksHill
SembawangSprings SembawangSprings
ChoaChuKangCentral ChoaChuKangCentral
SerangoonGarden SerangoonGarden
Phillip Phillip
Trafalgar Trafalgar
ChangiWest ChangiWest
Semakau Semakau
SungeiKadut SungeiKadut
AirportRoad AirportRoad
Changi ConeyIsland
ClementiCentral ClementiCentral
MandaiWest MandaiWest
TanglinHalt TanglinHalt
Kranji Kranji
TampinesWest TampinesWest
GreenwoodPark GreenwoodPark
BishanEast BishanEast
YuhuaWestBoonLay YuhuaWestBoonLay
Outram Outram
BukitBatokCentral BukitBatokCentral
Sentosa Sentosa
AnchorvaleBuangkok AnchorvaleBuangkok
LoyangEast LoyangEast
