139 18 84 49 96 47 1 178 95 5 54 21 4 145 166 172 143 41 112 91 75 104 146 183 27 96 47 77 123 169 123 146 23 163 41 22 150 165 36 74 7 149 152 32 101 11 85 16 108 187 168 131 105 84 189 102 148 32 74 58 80 184 45 60 106 69 72 2 147 184 114 111 108 57 130 148 138 89 21 128 67 19 26 16 186 134 101 6 125 110 53 13 30 132 48 26 71 35 5 37 133 191 17 142 119 158 5 95 161 4 84 46 82 53 105 22 127 11 157 68 111 30 132 121 8 90 58 80 144 37 55 39 156 186 122 81 15 31 99 113 21 128 68 36 25 36 158 105 127 11 101 64 43 12 98 99 31 198 141 25 164 9 78 21 128 67 81 95 182 60 106 1 66 104 136 77 139
92
1 1
2 2
5 5
7 7
8 8
9 9
11 11
13 13
15 15
16 16
18 18
21 79 21
22 22
23 23
25 25
26 26
27 188 14 27
30 30
31 31
32 32
35 35
37 37
39 39
41 41
43 43
47 47
48 48
49 65
57 57
58 58
60 60
64 64
67 67
69 69
71 71
72 72
74 74
75 118 75
77 77
78 78
81 81
82 82
84 84 44
85 85
89 89
91 91
95 109 95
96 96
98 98
101 101
104 33 104
105 105
106 106
108 108
111 111
112 112
113 113
114 114
119 119
122 122
123 123
125 125
127 127
128 128
130 130
131 131
134 134
138 138
139 173 176
141 141
142 142
143 153
144 144
145 145
146 146
147 147
148 148
152 152
156 156
157 157
158 158
161 161
165 165
172 172
178 178
182 182
184 184
186 186
187 187
189 189
191 191
198 198
