Myrtle Albuquerque Bradenton Hemet Mobile Barnstable Macon Lexington Muskegon Huntington Leominster Houma Harlingen Lorain Dallas Kissimmee Alexandria Davidson Montgomery Plen Brownsville Baltimore Cary Deltona Minneapolis Erie Huntsville Hartford Cedar Hollywood Bridgeport Cathedral Bloomington Aribel Grays Chandler Nashua Moreno Merced Lansing Chicago Miramar Appleton Corpus GreenBay Medford Kansas Joliet Albany Champaign Abilene Myrtle
50
Champaign Champaign
Brownsville Brownsville
Huntington Huntington
Houma Houma
Cary Cary
Medford Medford
Chandler Chandler
Nashua Nashua
Bradenton Bradenton
Hartford Hartford
Harlingen Harlingen
Huntsville Huntsville
Chicago Chicago
Leominster Leominster
Lexington Lexington
Grays Grays
Erie Erie
Hollywood Hollywood
Corpus Corpus
Barnstable Barnstable
Muskegon Muskegon
Minneapolis Minneapolis
GreenBay GreenBay
Kansas Kansas
Deltona Deltona
Baltimore Baltimore
Cedar Cedar
Davidson Davidson
Dallas Dallas
Macon Macon
Aribel Aribel
Kissimmee Kissimmee
Alexandria Alexandria
Miramar Miramar
Appleton Appleton
Albany Albany
Abilene Abilene
Merced Merced
Bloomington Bloomington
Cathedral Cathedral
Plen Plen
Lansing Lansing
Montgomery Montgomery
Hemet Hemet
Bridgeport Bridgeport
Mobile Mobile
Albuquerque Albuquerque
Lorain Lorain
Joliet Joliet
Moreno Moreno
