Burlington McAllen Killeen Prairie Davenport Miramar Independence Cambridge Buffalo Hayward Amarillo Greenville Denver Rapids Chattanooga Merced Chicago Louisville Myrtle Hampton Bridgeport Columbus Cedar Clarke Naperville Honolulu Burlington
25
Honolulu Honolulu
Buffalo Buffalo
Greenville Greenville
Independence Independence
Chicago Chicago
Denver Denver
Killeen Killeen
Merced Merced
Hampton Hampton
Chattanooga Chattanooga
McAllen McAllen
Columbus Columbus
Cambridge Cambridge
Rapids Rapids
Naperville Naperville
Hayward Hayward
Clarke Clarke
Bridgeport Bridgeport
Myrtle Myrtle
Amarillo Amarillo
Davenport Davenport
Prairie Prairie
Miramar Miramar
Cedar Cedar
Louisville Louisville
