Fizz Annie Undying Syndra Xayah Rumble Zed Nidalee LoneDruid Nunu Sven Pantheon JarvanIV Beastmaster Singed Kennen Trundle Leona Sona Irelia Ryze Weaver TrollWarlord Huskar Sniper Oracle KhaZix Mirana ShadowDemon Terrorblade Timbersaw StormSpirit Puck SpiritBreaker Kled Orianna Yorick Janna Zilean Techies DeathProphet Lucian Bane Rengar Rubick Azir Heimerdinger Viktor Slardar Medusa LeBlanc Morphling WinterWyvern Ekko Thresh FacelessVoid Amumu Cassiopeia TahmKench Tristana Ziggs Magnus Nasus Jinx ShadowFiend Brewmaster CentaurWarrunner Jayce Karma Kayn Venomancer BountyHunter Katarina Gragas Slark Kassadin ShadowShaman Vi Omniknight Chen Talon Vladimir Tiny Quinn NightStalker Warlock VelKoz Fiddlesticks Visage Fizz
89
BountyHunter BountyHunter
Talon Talon
Medusa Medusa
Rengar Rengar
Techies Techies
ShadowFiend ShadowFiend
WinterWyvern WinterWyvern
Terrorblade Terrorblade
Nasus Nasus
Fizz Fizz
Mirana Mirana
Leona Leona
Ekko Ekko
Oracle Oracle
Xayah Xayah
ShadowDemon ShadowDemon
Thresh Thresh
Sona Sona
Venomancer Venomancer
Nunu Nunu
Annie Annie
Visage Visage
Lucian Lucian
Jayce Jayce
Warlock Warlock
Kennen Kennen
Amumu Amumu
Karma Karma
Chen Chen
Viktor Viktor
Kassadin Kassadin
Nidalee Nidalee
Beastmaster Beastmaster
Slardar Slardar
TrollWarlord TrollWarlord
Weaver Weaver
Sniper Sniper
Sven Sven
Vladimir Vladimir
Yorick Yorick
Ziggs Ziggs
SpiritBreaker SpiritBreaker
KhaZix KhaZix
ShadowShaman ShadowShaman
Vi Vi
Heimerdinger Heimerdinger
Rumble Rumble
VelKoz VelKoz
Puck Puck
Ryze Ryze
Cassiopeia Cassiopeia
NightStalker NightStalker
Azir Azir
Omniknight Omniknight
Kayn Kayn
StormSpirit StormSpirit
Orianna Orianna
Zilean Zilean
Brewmaster Brewmaster
Pantheon Pantheon
JarvanIV JarvanIV
Timbersaw Timbersaw
Janna Janna
Singed Singed
Jinx Jinx
TahmKench TahmKench
Undying Undying
Syndra Syndra
Quinn Quinn
Irelia Irelia
Rubick Rubick
Zed Zed
Slark Slark
CentaurWarrunner CentaurWarrunner
Fiddlesticks Fiddlesticks
LoneDruid LoneDruid
Tiny Tiny
LeBlanc LeBlanc
DeathProphet DeathProphet
Kled Kled
Morphling Morphling
FacelessVoid FacelessVoid
Katarina Katarina
Huskar Huskar
Magnus Magnus
Tristana Tristana
Bane Bane
Gragas Gragas
Trundle Trundle
