0 7 9 10 26 28 12 30 31 40 76 78 99 79 81 41 33 30 12 28 29 35 36 33 30 31 14 15 16 99 86 42 45 47 14 31 30 28 26 10 72 67 63 59 57 51 60 64 68 71 11 10 26 28 30 31 14 47 48 49 50 93 89 94 88 80 43 91 46 47 14 31 30 28 26 10 8 7 0 21 0
51
0 0 1 2 3 4 5 6 22 23
7 7 25
8 8 52 53 54 55 56 58 62 66 74
9 9 24
10 10
11 11
12 12 65 69 70 73
14 13 14 17 18 19 20
15 15
16 16
21 21
26 26
28 27 28 77
29 29 34 38 75 95 96 97 98
30 30 32
31 31
33 33
35 35 37 39 82 84 87
36 36
40 40
41 41
42 42
43 43 44
45 45
46 46
47 47
48 48
49 49 90 92
50 50
51 51
57 57
59 59
60 60 61
63 63
64 64
67 67
68 68
71 71
72 72
76 76
78 78
79 79
80 80
81 81
86 86
88 88
89 89
91 91
93 93
94 94
99 83 85 99
