6 199 189 180 187 181 182 189 172 168 163 167 166 168 158 159 158 143 145 149 147 146 143 133 124 111 103 96 92 98 97 95 90 96 80 73 67 55 67 73 80 96 103 105 101 102 107 109 106 105 103 111 124 133 124 111 113 118 115 112 114 111 103 96 80 73 74 77 75 79 72 78 73 67 69 63 62 67 55 42 40 48 46 41 40 42 30 24 11 18 10 11 24 20 23 26 24 30 38 39 30 24 11 6 199 189 172 168 158 143 133 134 137 130 139 133 143 158 168 172 178 170 176 172 189 199 198 197 194 190 191 196 199 6 1 4 0 7 2 6 11 15 13 15 11 6
72
0 8 0
1 1
4 4
7 7
10 10 19
13 14
15 15
18 18
20 20 21
23 23
26 26
30 31
38 36 38
39 39
40 40
41 41
46 46
48 48
55 50 57 51 59
62 62
63 63
67 65 60
69 69
74 74
75 75
77 77
78 78
79 79
80 87 88 85 81
90 90
95 95
97 97
98 98
101 101
105 105
106 106
107 107
109 109
112 112
113 113
114 114
115 115
118 118
124 120 126 125 129 128
130 130
134 134
137 137 132
139 139
143 148
145 145
146 146
147 144
149 149
158 153 150 157
159 152
163 163
166 166
167 167
168 164
170 170 179
172 177
176 176
178 178
180 186 185
181 181
182 182
187 187
190 190
191 191
194 194
196 196
198 198
