L16 L145 L88 L118 L13 L109 L120 L129 L131 L124 L28 L70 L103 L0 L79 L114 L126 L104 L78 L94 L71 L92 L90 L40 L143 L4 L62 L6 L93 L101 L76 L13 L147 L94 L77 L133 L103 L89 L13 L152 L5 L18 L114 L140 L74 L94 L24 L121 L63 L124 L62 L82 L141 L114 L84 L118 L11 L149 L28 L40 L65 L9 L62 L87 L110 L138 L73 L135 L22 L128 L40 L143 L104 L150 L85 L119 L146 L16
58
L4 L4
L5 L130 L5
L6 L29
L9 L83 L9
L11 L125 L11
L13 L139 L38
L16 L16
L18 L18
L22 L153 L22
L24 L7 L24
L28 L28 L12 L52
L40 L40
L62 L62
L63 L27 L61 L63
L65 L1 L65
L70 L70
L71 L72
L73 L99
L74 L74 L134
L76 L76
L77 L77
L78 L78
L79 L100 L79
L82 L82
L84 L56 L8 L84
L85 L85
L87 L87
L88 L106 L35
L89 L89
L90 L90
L92 L92
L93 L93
L94 L94
L101 L2 L101
L103 L103
L104 L104 L142
L109 L109 L21
L110 L53 L110
L114 L114
L118 L107
L119 L119 L75 L80
L120 L20
L124 L124
L126 L126 L151
L128 L91 L128
L129 L129
L131 L131
L133 L144 L133 L68
L138 L138
L140 L140
L141 L141
L143 L43 L143
L145 L145 L67
L146 L146 L47
L147 L147
L149 L149
L150 L150
L152 L95 L152
