0 5 8 10 4 145 146 143 135 133 9 14 85 81 82 83 120 117 111 108 105 113 118 119 80 75 18 11 15 22 30 35 28 24 25 27 33 31 36 44 39 45 47 109 114 110 13 16 12 19 26 23 141 137 132 54 53 51 43 104 96 101 144 148 142 127 128 134 138 131 125 62 55 49 56 64 68 74 78 84 86 97 89 94 98 93 123 60 65 66 69 76 29 32 39 34 40 42 73 77 70 67 7 0
98
0 0
4 4
5 5
7 7
8 8
9 9
10 10
11 11
12 12
13 13
15 15
16 16
18 18
19 19
22 22
23 23
24 24
25 25
26 26
27 27
28 28
29 29
30 30
31 31
32 32
33 33
34 34
35 35
36 36
39 39
40 40
42 42
43 43
44 44
45 45
47 47
49 49
51 51
53 53
55 55
56 56
60 60
62 62
64 64
65 65
66 66
67 67
68 68
69 69
70 70
73 73
75 75
76 76
77 77
78 78
80 80
81 81
82 82
83 83
84 84
85 85
86 86
89 89
93 93
94 94
96 96
97 95 97
98 98
101 101
104 104
105 105
108 108
109 109
110 110
111 111
113 113
114 114
117 117
118 118
119 119
120 122 120
123 123
125 125
127 127
128 128
131 131
132 132
133 133
134 134
135 135
137 137
138 138
141 141
142 142
143 143
145 145
146 146
148 148
