1 149 117 155 29 28 126 108 192 122 153 81 6 165 79 143 112 183 121 14 45 93 13 59 91 139 40 161 180 60 74 123 142 9 188 67 186 181 191 68 94 114 118 159 34 77 32 92 182 99 95 160 27 36 78 100 53 140 11 3 137 178 52 163 172 176 116 64 65 190 35 164 7 131 132 76 17 127 87 89 129 197 119 20 97 147 44 120 151 12 25 167 57 2 42 148 170 1
96
2 2
3 3
6 6
7 7
9 9
11 11
12 12
13 13
14 14
17 17
20 20
25 25
27 27
28 28
29 29
32 32
34 34
35 35
36 36
40 40
42 16 42
44 44
45 45
52 52
53 53
57 57
59 59
60 60
64 64
65 65
67 67
68 68
74 74
76 76
77 77
78 78
79 79
81 81
87 87
89 89
91 91
92 92
93 93
94 94
95 95
97 97
99 99
100 100
108 108
112 112 21
114 114
116 116
117 117
118 118
119 119
120 120
121 121
122 122
123 123
126 126
127 127 70
129 129
131 131
132 132
137 137
139 139
140 140
142 142
143 143
147 147
148 148
149 184 149
151 151
153 153
155 155
159 159
160 160
161 161
163 163
164 164
165 165
167 167
170 170
172 172
176 176
178 178
180 180
181 181
182 182
183 183
186 186
188 188
190 190
191 191
192 192
197 197
