location1 location185 location11 location30 location110 location32 location159 location184 location188 location148 location107 location69 location190 location93 location82 location91 location181 location58 location133 location195 location25 location128 location12 location44 location5 location114 location172 location100 location92 location139 location75 location2 location150 location17 location57 location20 location49 location140 location16 location197 location165 location10 location108 location27 location149 location157 location22 location94 location130 location74 location164 location182 location106 location143 location154 location116 location196 location179 location85 location96 location1
60
location1 location90
location2 location2 location95
location5 location5
location10 location10
location11 location11
location12 location12 location111
location16 location16 location13
location17 location17 location152
location20 location20 location56 location26
location22 location22
location25 location25
location27 location27 location178
location30 location30
location32 location87 location175 location32
location44 location44
location49 location49 location3
location57 location57
location58 location58
location69 location69
location74 location74
location75 location75
location82 location82
location85 location85
location91 location97 location68 location91 location161
location92 location92 location193
location93 location93
location94 location94
location96 location96
location100 location105 location100 location136 location33
location106 location106 location177 location43 location59 location65 location37 location118
location107 location107
location108 location108
location110 location110 location142 location109
location114 location114
location116 location116
location128 location128
location130 location130
location133 location133
location139 location139 location146
location140 location140
location143 location180 location169 location143 location171 location186
location148 location148
location149 location123 location149 location46
location150 location150
location154 location127 location154
location157 location157 location6
location159 location159
location164 location164
location165 location165
location172 location172
location179 location158 location28 location179
location181 location181
location182 location182
location184 location199 location184 location129 location40
location185 location35 location185
location188 location188
location190 location190
location195 location195
location196 location196
location197 location197
