c5 t9 t8 i5 d6 b5 o5 o6 j7 h2 f6 k1 o7 m7 t2 i0 g6 p7 b7 s3 h1 r7 h4 e4 n6 c4 g9 s2 q3 h3 s4 t1 t0 q1 n4 i4 n0 o4 g3 h0 s1 h6 a0 o0 q0 l6 c8 k9 c3 j2 a4 h5 n3 q8 e5 t5 g4 r4 g8 e2 s9 g7 a6 l1 a8 a1 b3 k6 o2 q5 g0 i1 a7 e0 g5 m0 p0 f5 j3 o8 p9 l0 f3 t7 f2 j6 r2 c5
86
a0 a0
a1 a1
a4 a4
a6 a6
a7 a7
a8 a8
b3 b3
b5 b5
b7 b7
c3 c3
c4 c4
c8 c8
d6 r9 d6
e0 e0
e2 e2
e4 e4 e1
e5 e5
f2 f2
f3 f3
f5 f5
f6 f6
g0 g0
g3 g3
g4 g4
g5 g5
g6 g6
g7 g7
g8 s7 g8
g9 g9
h0 h0
h1 h1
h2 h2
h3 h3
h4 h4
h5 h5
h6 h6 d5
i0 i0
i1 i1
i4 i4
i5 i5
j2 j2
j3 j3
j6 j6
j7 j7 m4
k1 k1
k6 k6
k9 k9
l0 l0
l1 l1
l6 l6
m0 d4 b1 m0
m7 r1 g1 m7
n0 n0
n3 n3
n4 n4
n6 n6
o0 o0
o2 o2
o4 o4
o5 o5
o6 o6 l4
o7 o7
o8 o8
p0 p0
p7 p7
p9 p9
q0 q0
q1 q1
q3 q3
q5 q5
q8 q8
r2 r2
r4 r4
r7 r7
s1 s1 l3 j5
s2 s2
s3 s3
s4 s4
s9 s9
t0 t0
t1 t1
t2 t2
t5 t5
t7 t7
t8 t6 l8 t8
t9 t9
