190 74 60 76 49 185 112 194 84 52 61 50 176 21 16 34 38 137 106 92 132 129 83 80 20 179 31 177 115 139 198 4 47 138 13 28 133 108 193 146 171 71 182 113 94 118 142 1 156 37 2 99 134 188 186 23 168 103 141 157 189 93 165 67 72 186 57 169 151 102 109 46 62 107 55 64 65 38 104 22 117 85 149 36 55 64 179 100 68 56 0 95 162 54 163 33 114 135 190
77
1 1
2 2
4 172
20 40
21 21
22 22
23 23
28 27
33 33
34 34
36 36
38 38 121
46 46
47 47
50 50
52 52
54 54 32
55 55
56 166 5 153 56 45
57 57
60 60
61 61
62 62
64 44
65 65
67 67 8
68 10 68
71 71
76 76
83 83
84 192 84
92 92
93 93 116 164
94 94
95 95
99 99
100 100
102 102
103 103
104 104
106 106
108 3 69 108
109 109
112 112
113 123 113
114 114
117 117 30
118 118
129 129
132 132 152
133 133
135 135
137 137
138 138
139 139
141 141
142 142
146 146
149 149
151 29 181
156 156
162 162
163 163
165 165 136
168 168
169 169
171 195
176 176
177 177 101 173
179 11 179 66
182 182
185 185
186 186
188 188
189 111 189
193 193
198 198
