gc as ac q y bq fe e ff ga bl an bt bb fn cv ao cs cj el bi ee cl ey ap cq dh d gk co dw eg fg bu gq a at dn ai gn bs bc ah ft fo fd dx fk fq p by bs gh fr gm et df bv fw cg fy db fa eq gi di gj ad bx en ae dq aw h dj gg dp do bj ge cn g br dy ab cm dg u bk bn b v cz j cp cr am cd ep ck go er em gc
97
a a
b b
d d
e e
g g
j j
p p
q q
u u
v v
y y
ab ab
ac ac
ad ad
ae ae
ah ah
ai ai
am am
an an
ao ao
ap ap
as as
at at
aw aw
bb bb
bc bc
bi bi
bj bj
bk ds
bl bl
bn bn
bq bq
br br
bt bt
bu bu
bv bv
bx bx
by by
cg cg
cj cj
ck ck
cl cl
cm cm
cn cn
co co
cp cp
cq cq
cr cr
cs cs
cv cv
cz cz
db az db
df fh
dg dg
dh dh
di di
dj dj
dn dn
do do
dp dp
dq fi dq bp
dw dw
dx dx
dy dy
ee ee
eg es
el el
em em
en en
ep ep
eq eq
er er
et et
ey ey
fa fa
fd fd
fe fe
ff ff
fk fk
fn fn
fo fo
fq fq
fr fr
ft ft
fw fw
fy fy
ga ga
ge ge
gg gg
gh gh
gi gi
gj gj
gk gk
gm gm
gn gn
go go
gq gq
