Liam Isaiah Joseph Jaxson Brayden Jaxson Michael Ezra Thomas Dylan Owen Jose Sawyer Benjamin Carter Ayden Ethan Logan Christian Luke Noah Lucas Eli Josiah Colton Jaxson Joseph Mateo Alexander Mason Elijah Aiden William Logan Oliver Dominic Eli Josiah Sebastian Mateo Joseph Isaiah Liam
26
Liam Liam
Noah Noah
William William
Logan Logan
Benjamin Benjamin
Mason Mason
Elijah Elijah
Oliver Oliver
Lucas Lucas
Michael Michael
Alexander Alexander
Ethan Ethan
Aiden Aiden
Joseph Joseph
Sebastian Sebastian David
Carter Carter
Owen Owen
Dylan Dylan
Luke Luke
Isaiah Daniel
Thomas James
Eli Jackson Wyatt
Colton Henry
Brayden Samuel Jayden
Dominic Jacob Matthew
Sawyer John
