Liam Jordan Bryson Malachi Henry Jayce Gabriel Victor Hayden Zion Gavin Waylon Marcus Waylon Gavin Zion Rhett Christian Rhett Zion Dean Patrick Oliver Andrew Dylan Joel Jeremy Elliott Caleb Nicholas Christian Brody Elliot Jasper Connor Jasper Elliot Grayson Alexander Declan Brayden Ayden Giovanni Robert Joseph Jude Zachary Jonathan Preston Jose Ashton Grant King Jaxon Benjamin Jameson Jayce Matthew John Kevin Finn Matteo Julian Josiah Justin Bennett Landon William Beau Dean Kingston Miles Nolan Elijah Adrian Harrison Bentley Mason Charles Tucker Aiden Richard Aiden Mateo Miguel Amir Aaron Chase Greyson Eric Messiah John Joshua Jack Jordan Leonardo George Emmett Thomas Hunter Steven Abel Weston Jaxson Angel Anthony Maxwell Dean Zachary Jude Jace Jude Evan Liam
67
Liam Liam
William William
Benjamin Benjamin
Mason Mason
Elijah Elijah
Oliver Oliver
Alexander Alexander
Matthew Matthew
Aiden Aiden
Henry Henry
Joseph Joseph
John John
Dylan Dylan Lincoln
Gabriel Gabriel Cameron
Anthony Anthony
Grayson Grayson
Jack Jack
Julian Julian
Joshua Lucas Joshua
Andrew Andrew
Mateo Mateo
Jaxon Jaxon
Aaron Michael Aaron
Thomas Thomas
Charles Charles
Caleb Caleb
Josiah Josiah
Christian Christian
Hunter Isaiah Hunter
Jonathan Jonathan
Connor Connor
Landon Landon
Adrian Adrian
Robert Robert
Nolan Logan Ryan Nolan
Nicholas Daniel Nicholas
Angel Angel
Brayden Asher Brayden
Jordan Jordan
Jaxson Jaxson
Greyson Greyson
Jose Jackson Jeremiah Ezra Jose Ezekiel
Evan Evan
Bryson Leo Bryson
Jace Jace
Gavin Wyatt Ian
Leonardo Levi
Jameson Hudson
Kevin Nathan
Bentley Noah Jayden Maverick
George Ethan
Emmett Xavier
Justin Carson
Kingston Luke
Eric Samuel
Brody David
Malachi Sebastian Colton Adam
Jude Theodore
Elliott Carter
Victor Dominic
Finn Jacob
Patrick Christopher
Grant Owen Elias Cooper
Hayden Austin
Richard Easton
Steven James Isaac Eli
Marcus Parker
