zero seven fourteen twentyone twentyeight thirtyfive fortytwo fortyone forty thirtynine fortysix fortyfive thirtyeight thirtyone thirty thirtyone thirtytwo twentyfive eighteen nineteen twenty twentyone fifteen sixteen nine ten nine two three zero five six zero
21
three three
five five
six six
seven seven
nine nine
ten eleven
fourteen twelve thirteen fourteen
fifteen fifteen
sixteen sixteen
eighteen eighteen
nineteen nineteen
twenty twenty
twentyfive twentyfive
thirtyone thirtyone
thirtytwo thirtytwo
thirtyfive thirtyfour thirtyfive
thirtyeight thirtyseven thirtyeight
forty forty
fortytwo fortytwo
fortyfive fortyfive
fortysix fortysix
