zero three two zero one seven fourteen thirteen twenty twentyseven thirtyfour fortyone fortyeight fiftyfive sixtytwo sixtynine seventysix eightythree eightyfour ninetyone ninetyeight onehunfive onehuntwelve onehunnineteen onehuntwentysix onehunthirtythree onehunforty onehunthirtyfour onehunthirtyfive onehunfortytwo onehunfortynine onehunfifty onehunfiftyseven onehunsixtyfour onehunsixtythree onehunseventy onehunsixtynine onehunseventyfive onehuneightytwo onehuneightyone onehuneighty onehuneightyseven onehunninetyfour onehunninetythree onehunninetytwo onehunninetyone onehuneightyfour onehunseventyseven onehunseventyeight onehunseventyone onehunseventytwo onehunseventythree onehunseventyfour onehunseventyfive onehunsixtyeight onehunsixtyone onehunfiftyfour onehunfiftythree onehunfiftytwo onehunfiftythree onehunfiftyfour onehunfortyseven onehunfortysix onehunfortyfive onehunfortyfour onehunthirtyseven onehunthirty onehuntwentynine onehunthirty onehuntwentythree onehuntwentyfour onehuntwentyfive onehuntwentyfour onehunseventeen onehuneighteen onehuneleven onehuntwelve onehunsix onehuntwelve onehuneleven onehunten onehunseventeen onehunsixteen onehunfifteen onehunfourteen onehunseven onehuneight onehunone ninetyfour eightyseven eighty seventynine seventyeight eightyfour eightythree eightytwo seventyfive seventysix seventyseven seventyone sixtyfour sixtyfive sixtyfour fiftyseven sixtythree sixtytwo sixtythree fiftyseven fiftyeight fiftynine sixty fiftythree fiftytwo fortyfive thirtyeight thirtyseven fortyfour fortythree thirtysix fortytwo thirtyfive twentynine thirtyfive thirtyfour thirtythree twentysix twentyfive twentyfour twentythree sixteen seventeen ten three zero
87
zero six
one one
two two
three three
seven seven
ten ten eleven
thirteen twelve
fourteen fourteen
sixteen fifteen sixteen
seventeen seventeen
twenty twenty
twentythree twentythree
twentyfive twentyfive
twentysix twentysix
twentyseven twentyseven
twentynine twentynine
thirtythree thirtythree
thirtyfour thirtyfour
thirtyseven thirtyseven
thirtyeight thirtyeight
fortythree fortythree
fortyfour fortyfour
fortyfive fortyfive
fortyeight fortynine
fiftytwo fiftytwo
fiftythree fiftythree
fiftyfive fiftyfive
fiftyseven fiftyseven
fiftyeight fiftyeight
sixty sixty
sixtyfour sixtyfour
sixtyfive sixtysix
sixtynine sixtyseven sixtynine seventy
seventyone seventyone seventytwo
seventyfive seventyfive
seventyseven seventyseven
seventyeight seventyeight
seventynine seventynine
eightytwo eightytwo
eightythree eightythree
eightyfour eightyfour
eightyseven eightyseven
ninetyeight ninetyeight
onehunone onehunone
onehunfive ninetynine
onehuneight onehuneight
onehunten onehunten
onehuneleven onehuneleven
onehunsixteen onehunsixteen
onehunseventeen onehunseventeen
onehuneighteen onehuneighteen
onehunnineteen onehunthirteen onehunnineteen
onehuntwentythree onehuntwentythree
onehuntwentyfour onehuntwentyfour
onehuntwentysix onehuntwentyone onehuntwentysix
onehuntwentynine onehuntwentyeight
onehunthirty onehunthirty
onehunthirtythree onehuntwentyseven
onehunthirtyfive onehunthirtyfive
onehunforty onehunforty
onehunfortytwo onehunfortythree
onehunfortyfour onehunfortyfour
onehunfortyfive onehunfortyfive
onehunfortysix onehunfortysix
onehunfortynine onehunfortynine
onehunfifty onehunfifty
onehunfiftyfour onehunfiftyfour
onehunfiftyseven onehunfiftyseven onehunfiftynine
onehunsixtyone onehunsixty onehunsixtyone
onehunsixtythree onehunsixtythree
onehunsixtyfour onehunsixtyfour onehunsixtyfive onehunsixtysix
onehunsixtynine onehunsixtynine
onehunseventy onehunseventy
onehunseventyone onehunseventyone
onehunseventythree onehunseventythree
onehunseventyfour onehunseventyfour
onehunseventyfive onehunseventyfive
onehunseventyeight onehunseventyeight
onehuneighty onehuneighty
onehuneightyone onehuneightyone
onehuneightytwo onehunseventysix onehuneightytwo
onehuneightyfour onehuneightyfour
onehuneightyseven onehuneightyseven
onehunninetyone onehunninety onehunninetyone
onehunninetytwo onehunninetytwo
onehunninetythree onehunninetythree
onehunninetyfour onehunninetyfour
