0 109 59 89 83 189 183 51 87 27 97 55 194 173 5 31 4 104 9 73 122 95 3 99 42 35 47 67 141 57 40 91 1 60 76 117 84 28 144 43 23 180 68 26 74 58 81 123 21 96 16 54 25 38 14 24 56 65 153 19 80 54 140 7 184 39 18 72 113 82 94 144 85 187 52 71 22 163 69 41 26 37 134 66 75 29 2 46 48 45 149 50 77 49 1 61 10 8 47 33 78 6 17 13 90 98 120 183 120 36 86 15 150 92 182 70 53 32 12 79 20 0
94
80 80
29 29
27 27
12 12
60 60
77 77
5 5
74 74
21 21
35 35
24 24
37 37
67 67
41 41 30
83 83
79 79
97 97
51 51
19 19
50 50
4 4
94 94
33 33
84 84
96 96
98 98
113 11
69 69
76 76
13 13
78 78
92 92
45 45 34
39 39
95 95
25 25
47 47
82 82
73 73 64
70 70
91 91
22 22
66 66
36 36
26 93 26
15 15
20 20
31 31
17 17
46 46
55 55
2 2
53 53
81 81
57 57
65 65
49 49
72 72
54 54
89 89
16 16
0 0
58 58
42 42
18 18
75 62 75
59 59
173 63
8 8
23 23
38 38
85 85
32 32
10 10
183 44
71 71
52 52
14 14
6 6
43 43
86 86
61 61
48 48
90 90
99 99
1 1
9 9
7 7
28 28
40 40
68 68
87 87
56 56
3 3 88
