0 3 117 92 112 116 112 175 154 106 153 158 108 158 108 194 118 194 118 98 36 125 101 125 101 68 33 105 142 164 109 45 95 100 95 45 109 180 114 12 132 102 2 107 2 102 132 12 113 78 110 78 113 178 138 104 140 191 117 3 0
31
92 171 197 198 199
100 120 121 122 123
101 124 126 127 128 129 130
102 131 133
104 139
105 141 143 144 145 146
106 147 148 149 150 151 152
107 155
108 156 157 159 160 186 187
109 161 162 163 165 166 167
110 168 169 170
112 172 173 174 176 177
113 179
114 181 182 183 184 185
116 134 135 136 137 188 189 190
117 192 193
118 195 196
125 125
132 132
138 138
140 140
142 142
153 153
154 154
158 158
164 164
175 175
178 178
180 180
191 191
194 194
