paint rake blade ice indicate finish nutty measure ray desire inherit slam route diligent floor thumb imported ambiguous learning complain determine glamorous same stink wooden paint
25
ambiguous ambiguous
rake rake
blade blade
inherit inherit
paint paint
desire desire
nutty nutty
ice ice
floor floor
thumb thumb
finish finish
measure measure
indicate indicate
ray ray
diligent diligent
same same
determine determine
glamorous glamorous
slam slam
route route
imported imported
complain complain
learning learning
stink stink
wooden wooden
