188645 7E5598 3B1041 3AA8C5 EF4D57 EDC0CA FA567E B833F0 657F93 B7B073 A7E9D9 DBDC9A A5CCB5 35FF16 500783 29B2A4 70146D 7E18E9 539A92 EC05F7 D27DC1 6D778A 36D08C 567883 0FBCDC 7E5598 AFF8D1 35F60D 2C101C CB09C0 D7CAF9 D443EB 8D0852 37F745 7BF2B5 784F83 FF8D45 298FDD 35FF16 A5CCB5 DBDC9A 94D700 3ADA02 61EDA9 35F60D AA8E14 724A76 467AB7 0D7DE7 E954F7 2EA2EE 2F1AB5 9B9BDD D04F40 628AB2 B3243F 1276AF 0801CC B86446 4FBDE1 B86446 31D332 C98FE7 567883 143B88 07D80A C0766C CEAE00 0FB66D 188645
45
AA8E14 AA8E14
A7E9D9 A7E9D9
37F745 37F745
C98FE7 C98FE7
188645 188645
07D80A 07D80A
DBDC9A DBDC9A 994F93
628AB2 628AB2
9B9BDD 9B9BDD
3ADA02 D5356A 3ADA02
D443EB D443EB
35FF16 800641
539A92 539A92
CB09C0 CB09C0
94D700 94D700
61EDA9 E09D29
2EA2EE 84EBFF
EF4D57 EF4D57
0801CC 19FFAB 9B0EC2
7BF2B5 D01E6B
724A76 724A76
D7CAF9 D7CAF9
D04F40 D04F40
E954F7 E954F7
29B2A4 29B2A4
6D778A 6D778A
7E18E9 7E18E9
AFF8D1 AFF8D1
3B1041 3B1041
8D0852 8D0852
784F83 784F83
1276AF 48C2D5 1276AF
A5CCB5 A5CCB5
4FBDE1 4FBDE1
EC05F7 FD1783
0FBCDC 0A5C0E 0FBCDC
B7B073 B7B073
2C101C 2C101C
467AB7 467AB7
143B88 44716B
500783 500783
B833F0 B833F0
31D332 DD2694
FF8D45 FF8D45
0FB66D 0FB66D
