maintenance difficulty philosophy chocolate woman property object selection salad resolution economy consequence context cause obligation marketing consequence rock war rate role permission wife chest example driver career sister war contract price future population focus reputation chocolate reputation style competition salad version philosophy difficulty account complaint resolution bread day inspection cause church value income movie maintenance
42
maintenance depression maintenance
future future
career career
church church
chocolate action
obligation obligation
reputation reputation
chest chest
cause cause
role role
income income
version version
philosophy philosophy average description beer volume
difficulty difficulty feature
contract contract
war war
inspection inspection
movie movie
bread bread
salad salad
property property
selection sign photo selection
day day
wife wife
price price
marketing marketing
account account
resolution resolution
sister sister
woman woman
context context
complaint complaint
competition competition
driver driver
economy economy
rate rate
focus focus
style style
population population
object object
example example
rock rock
