Wheeler Evans Latimer Stanley Latimer Evans Morrison Greek Cory Greek Lewis Kroeber Wurster Kroeber Hertz Morrison Evans Latimer Etcheverry VLSB Moffitt Soda Sather Soda Cheit Normandy Kresge Davis Hearst Cafe3 Cloyne WayWest Ippuku Metropolitan FallRush Bongo BigC McCone Baker CZ Baker FSM Faculty Haas Stonefire Koshland Stonefire Minor Maxwell MemorialStadium Maxwell Minor Memorial McLaughlin South Stephens South McLaughlin Memorial Haviland Campbell Birge LeConte Campanile Doe Wheeler Sproul Wheeler
29
Cory Jacobs
Stanley Foothill
Moffitt Moffitt
Birge Birge
Morrison Morrison
Stephens Anthony Moses
Wheeler Dwinelle
Koshland RSF
Haas Haas
Wurster Boalt
Memorial IHouse
Sproul Sproul
Greek Bechtel
MemorialStadium Hargrove
McLaughlin McLaughlin
Kroeber Kroeber
Etcheverry Etcheverry
Sather Martinez Barker Unit3 OCF
Cheit Cheit
WayWest Warren
Cloyne Cloyne
Metropolitan Metropolitan
BigC Unit2 Legends TriDelta PeoplePark
Davis Davis
Hearst Hearst
McCone CKerr
Baker Baker
CZ Fiji
Stonefire Stonefire
