110 132 15 67 190 122 145 91 163 195 99 181 55 138 3 127 171 11 176 13 25 40 30 121 101 43 123 193 94 76 73 45 47 56 50 52 19 18 141 83 5 161 165 22 36 1 175 64 87 178 189 98 159 81 124 100 60 66 182 85 192 41 20 197 169 92 172 74 148 160 142 38 168 44 152 199 147 126 107 0 154 29 28 90 26 103 149 79 53 51 140 6 131 14 170 72 110
96
0 0
1 1
3 3
5 5
6 6
11 11
13 13
14 14
15 15
18 18
19 19
20 20
22 22
25 25
26 26
28 28
29 29
30 30
36 36
38 38
40 40
41 41
43 43
44 44
45 45
47 47
50 50 96
51 51
52 52
53 53
55 55 39
56 56
60 60
64 64
66 66
67 67
72 72
73 54 73
74 74
76 76
79 79
81 81
83 83
85 85
87 87
90 90
91 91
92 92
94 94
98 98
99 99
100 100
101 101
103 103
107 107
110 110
121 121
122 122
123 123
124 124
126 126
127 127
131 131
132 132
138 138
140 140
141 141
142 142
145 145
147 147
148 148
149 149
152 152
154 154
159 159
160 160
161 161
163 163
165 165
168 168
169 169
170 170
171 171
172 172
175 175
176 176
178 178
181 181
182 182
189 189
190 190
192 192
193 193
195 195 77
197 197
199 199
