142 121 137 66 106 111 90 143 77 160 108 148 46 4 174 3 91 181 153 181 18 103 28 9 92 9 33 133 41 103 28 9 136 47 136 9 92 16 177 126 164 59 21 150 99 141 179 116 140 171 135 137 48 76 24 53 131 63 149 26 0 183 190 118 93 151 144 17 186 78 60 193 130 175 34 100 163 8 45 159 151 181 153 139 30 140 171 63 149 22 185 5 115 39 132 187 85 103 6 128 75 79 75 128 122 64 69 158 195 178 52 134 14 54 99 141 65 130 58 121 142
53
3 3
4 4
8 31
14 14
16 16
21 21 157
22 22
30 30
33 33
34 34
39 39
41 41
46 46
47 7
48 48
58 58
60 124 60
63 63
64 64
66 44
69 69
76 76
77 77
85 89
90 90
91 91
92 70
93 93
106 106 127
108 108
115 115
118 197 38
121 121
131 35
133 133
135 97
137 137
139 145
140 129 140
141 141
144 144
150 150
151 151 167
153 23
158 158
159 159
174 174
177 177
178 178
181 181
183 183
186 186 55
195 195
