myBc2oGXtwQIbhN8LZB1 6X2CNJieZ0I5rs3Wfu65 jHmvxfAZsjs2mCnHbbFf 4jo8IXw984NR3wvT2Dr9 5f6BSghRQWi4UfjviKjn e3j3O8zLHFaoF4L54lX4 oTKjE2BVS0AvV4XvUeLk j2d1svPUTAqQIDPXwffl lRM59z2yUMoVl3kzgo9u qz4O4bOhKA0YZxpN4mu9 bVCSBWLjvEmxQEUvDzc4 X0l14s0sRXjXSeLRZLOJ zWpsWJk9vbOt0JkC0vhz jy3jNWgqegakpFSv6gUm w5Yg5o0VnYd77fs4XPRL RBvtNZMBTgecfVkYzQF0 yAYyOcL4ZKdEiLdSPQJm 6yzFaM9N8M8BsjLACDds FMx2ghinkTg3bXUUbaTx 1ZOzWuPMAgV9noIUn6fI nmetx4LmU9YBYTmghDrT fpPjeU3Q7Ml0oxbNnONE KtbSULrz2h1IxsKP2DHz RpB10dFWsUl9DC779n8X UMmbOoOKP6EkLMuN70H3 ZhHxBzOYsJAOHrqq4mZM o9aZyqilfPONdyLlpTRX ki0pv73E3TweydEr2xMN saIZq3FqZhdVPNoQWmqU MrSQPZSbMdgYshneAfKf GvRFaXYJvrU5PAeeG88T lYkJhGqsFKbDklNelAfr C4VxHS7oWghMg001nCqT m1eNgjuhkxodElFqqgdb EY74ASuADSlYlDTJLkL6 uNXUIWejT1w4vLTe7QBt VThEkwdtHmaZ1zsmfh4s LJTA7Za5kd0YC7vjiAyc 69TQpRojisYUrVnWqBaA q1ntlEPy5TkjTDK1N7QA fbJ1XhavEsRSCGVVB1U1 olDP1pNg8HxpvCq8TOIJ K674cUKePzN7aRSq4iqU o53aRQwjhcCKlIFPSjvf o2dWBGyrvosFrr6mKxkG SUNxIlWVwIvWYg6OTKeH 9OL9rFCWxsvkui0BnJrR wy0RiFWOddqgqdcatQ9A vy2boLWO2lxg10y7uS0y myBc2oGXtwQIbhN8LZB1
48
lRM59z2yUMoVl3kzgo9u lRM59z2yUMoVl3kzgo9u
jHmvxfAZsjs2mCnHbbFf jHmvxfAZsjs2mCnHbbFf
qz4O4bOhKA0YZxpN4mu9 qz4O4bOhKA0YZxpN4mu9
fpPjeU3Q7Ml0oxbNnONE fpPjeU3Q7Ml0oxbNnONE
olDP1pNg8HxpvCq8TOIJ olDP1pNg8HxpvCq8TOIJ
o53aRQwjhcCKlIFPSjvf o53aRQwjhcCKlIFPSjvf
jy3jNWgqegakpFSv6gUm jy3jNWgqegakpFSv6gUm
lYkJhGqsFKbDklNelAfr lYkJhGqsFKbDklNelAfr
o9aZyqilfPONdyLlpTRX o9aZyqilfPONdyLlpTRX
vy2boLWO2lxg10y7uS0y vy2boLWO2lxg10y7uS0y
yAYyOcL4ZKdEiLdSPQJm yAYyOcL4ZKdEiLdSPQJm
bVCSBWLjvEmxQEUvDzc4 bVCSBWLjvEmxQEUvDzc4
X0l14s0sRXjXSeLRZLOJ 1GbSD7rTlpNb4qV46SKR X0l14s0sRXjXSeLRZLOJ
wy0RiFWOddqgqdcatQ9A wy0RiFWOddqgqdcatQ9A
SUNxIlWVwIvWYg6OTKeH SUNxIlWVwIvWYg6OTKeH
MrSQPZSbMdgYshneAfKf MrSQPZSbMdgYshneAfKf
saIZq3FqZhdVPNoQWmqU saIZq3FqZhdVPNoQWmqU
UMmbOoOKP6EkLMuN70H3 UMmbOoOKP6EkLMuN70H3
6yzFaM9N8M8BsjLACDds 6yzFaM9N8M8BsjLACDds
uNXUIWejT1w4vLTe7QBt uNXUIWejT1w4vLTe7QBt
1ZOzWuPMAgV9noIUn6fI 1ZOzWuPMAgV9noIUn6fI
4jo8IXw984NR3wvT2Dr9 4jo8IXw984NR3wvT2Dr9
oTKjE2BVS0AvV4XvUeLk oTKjE2BVS0AvV4XvUeLk
RpB10dFWsUl9DC779n8X RpB10dFWsUl9DC779n8X
69TQpRojisYUrVnWqBaA 69TQpRojisYUrVnWqBaA
m1eNgjuhkxodElFqqgdb m1eNgjuhkxodElFqqgdb
ki0pv73E3TweydEr2xMN ki0pv73E3TweydEr2xMN
nmetx4LmU9YBYTmghDrT nmetx4LmU9YBYTmghDrT
o2dWBGyrvosFrr6mKxkG o2dWBGyrvosFrr6mKxkG
w5Yg5o0VnYd77fs4XPRL w5Yg5o0VnYd77fs4XPRL
e3j3O8zLHFaoF4L54lX4 e3j3O8zLHFaoF4L54lX4
5f6BSghRQWi4UfjviKjn 5f6BSghRQWi4UfjviKjn
zWpsWJk9vbOt0JkC0vhz zWpsWJk9vbOt0JkC0vhz
j2d1svPUTAqQIDPXwffl j2d1svPUTAqQIDPXwffl
RBvtNZMBTgecfVkYzQF0 RBvtNZMBTgecfVkYzQF0
C4VxHS7oWghMg001nCqT C4VxHS7oWghMg001nCqT
ZhHxBzOYsJAOHrqq4mZM ZhHxBzOYsJAOHrqq4mZM
q1ntlEPy5TkjTDK1N7QA q1ntlEPy5TkjTDK1N7QA
GvRFaXYJvrU5PAeeG88T GvRFaXYJvrU5PAeeG88T
6X2CNJieZ0I5rs3Wfu65 6X2CNJieZ0I5rs3Wfu65
FMx2ghinkTg3bXUUbaTx FMx2ghinkTg3bXUUbaTx
KtbSULrz2h1IxsKP2DHz KtbSULrz2h1IxsKP2DHz
9OL9rFCWxsvkui0BnJrR 9OL9rFCWxsvkui0BnJrR
LJTA7Za5kd0YC7vjiAyc LJTA7Za5kd0YC7vjiAyc
VThEkwdtHmaZ1zsmfh4s VThEkwdtHmaZ1zsmfh4s
EY74ASuADSlYlDTJLkL6 EY74ASuADSlYlDTJLkL6
K674cUKePzN7aRSq4iqU K674cUKePzN7aRSq4iqU jjCSZnB5168QDqTrFROq
fbJ1XhavEsRSCGVVB1U1 fbJ1XhavEsRSCGVVB1U1
