xse hcr ils miy kgl krr bow fia lvm nmf aii bdh rtc hpx wbg njg ocp wyg gex nii ukv idv rjv hmi bnl agh vvn mok vlb fgp xjt ceo tlh ksg rir qbf fyc kpp vtd aeg xeh ruo byu bda ogh zkt ljd tso tdu dnl qxs nry agh svk uau ptu ttw nvz qkp qdw xmg bod uwo tko nsw dkp rsg zud phg jam ybr cek kfu aeu cen ego fin dgl adx kxn uuw vmt emz wiy vzr nhi nko fbk fjy vmv vzr jgt mti jfh qjf clj fhv ksn pvs ikb khu xme vwg rtc txq lrj nfr lwk fzi nwc qzf zdb loj ckx xse
96
jfh jfh
xme xme
uau uau
vvn vvn
loj loj
nii nii
bod bod
vzr vzr
byu byu
ttw ttw
uuw uuw
zkt zkt
bda bda
zud zud
jam jam
ljd cma ljd
vmt vmt
lwk lwk
mti mti
ocp ocp
fzi fzi
lrj lrj
nko nko
nry cun nry
txq txq
aii aii
ruo ruo
mok mok
fjy fjy
hmi hmi
qbf qbf
hpx hpx
vmv vmv
qkp yug
adx adx
qjf qjf
nhi nhi
kpp kpp
jgt jgt
aeg aeg
ybr ybr
lvm lvm
fia fia
qxs qxs
tso tso
tko tko
wyg wyg
svk svk
cen cen
wiy wiy
khu khu
qdw qdw
miy miy
nwc nwc
tdu tdu
fin fin
rtc rtc
fhv fhv
ogh ogh
nsw nsw
fbk fbk
vwg vwg
ptu ptu
bdh bdh
fyc fyc
hcr hcr
xjt xjt
kxn kxn
kfu kfu
idv idv
nmf nmf
ikb ikb
krr krr
bnl bnl
zdb zdb
xeh xeh
ksg ksg
vtd vtd
pvs pvs
wbg wbg
dgl dgl
emz emz
cek uok
rjv rjv
ckx ckx
ukv ukv
uwo uwo
phg phg
rsg rsg
nvz nvz
gex pjf gex
nfr nfr
tlh tlh
ego ego
ils ils
fgp fgp
