Vernon Helm Carmel Terra Anaheim Calaveras Fiorini Yankee Sunny Chittenden Escondido Santa Beach Alamo Cressey Richvale Ramona Cambridge Pleasant Woody Huron Bradley Cerro Temecula Pacheco Armstrong Industrial Warner Parchester Coddingtown Donner Presidio Balboa South Portola Robertsville Veterans Fullerton Winterhaven Brundage Costa Smoke Industry Marshall Hoffman Wallace Rough Ritter California Louis Bakersfield Cypress Lake Hammer Rowland Cudahy Roseland Civic Bodad Grasslands All Stockdale Quail Glencoe Capuchino Timbuctoo Antelope Sulpizio Collins Bangor Tijuana Manker Strawberry Delta Mecca Bell Davenport Flinn Dulzura Smith Saint Forbestown Cabbage Sacramento Garcia Clayton Del Le Blue Buena Moores Bonny Fox Potrero Escalon Three Crestmont Kaiser Downtown Yurok Sherman Vernon
100
California California
Portola Portola
Cerro Cerro
Sunny Sunny
Forbestown Forbestown
Sherman Sherman
Terra Terra
Industry Industry
Balboa Balboa
Rough Rough
Capuchino Capuchino
Strawberry Strawberry
Veterans Veterans
Yankee Yankee
All All
Garcia Garcia
Wallace Wallace
Richvale Richvale
Sacramento Sacramento
Kaiser Kaiser
Donner Donner
Chittenden Chittenden
Alamo Alamo
Brundage Brundage
Hammer Hammer
Timbuctoo Timbuctoo
Bodad Bodad
Fullerton Fullerton
Stockdale Stockdale
Cypress Cypress
Dulzura Dulzura
Del Del
Clayton Clayton
Saint Saint
Armstrong Armstrong
Crestmont Crestmont
Ritter Ritter
South South
Anaheim Anaheim
Hoffman Hoffman
Temecula Temecula
Louis Louis
Delta Delta
Rowland Rowland
Mecca Mecca
Fox Fox
Roseland Roseland
Helm Helm
Industrial Industrial
Beach Beach
Lake Lake
Cambridge Cambridge
Blue Blue
Bonny Bonny
Bradley Bradley
Glencoe Glencoe
Smith Smith
Winterhaven Winterhaven
Buena Buena
Fiorini Fiorini
Bangor Bangor
Manker Manker
Pleasant Pleasant
Presidio Presidio
Tijuana Tijuana
Bell Bell
Quail Quail
Grasslands Grasslands
Flinn Flinn
Cudahy Cudahy
Moores Moores
Parchester Parchester
Ramona Ramona
Davenport Davenport
Downtown Downtown
Calaveras Calaveras
Costa Costa
Marshall Marshall
Coddingtown Coddingtown
Smoke Smoke
Collins Collins
Yurok Yurok
Civic Civic
Le Le
Santa Santa
Cressey Cressey
Escalon Escalon
Robertsville Robertsville
Three Three
Warner Warner
Antelope Antelope
Potrero Potrero
Escondido Escondido
Huron Huron
Carmel Carmel
Woody Woody
Sulpizio Sulpizio
Pacheco Pacheco
Bakersfield Bakersfield
Cabbage Cabbage
