Horse0 Floppy64 Breakfast19 Soda57 Post61 Allergies4 Ice30 Prints23 Allergies54 Dislike51 Plus62 Whale22 Bird82 Ice10 Water66 Bird93 Toilet20 Shelf25 Cat13 Water52 Running77 Ring97 Solar58 Flowers98 Allergies3 Towel16 Shower11 Settings5 Rollers34 Shower15 Dislike21 Comics49 System90 Book41 Rollers48 Leash89 Ice38 Male84 Leash68 Kitty14 Leash27 Monster39 Websites81 Water83 Dislike70 Towel37 Rollers18 Mail88 Printer53 Ring45 Breakfast74 Horse0
44
Horse0 Horse0
Allergies3 Allergies3 Towel35
Allergies4 Allergies4
Settings5 Settings5
Ice10 Ice10 Floppy63
Shower11 Shower11 Whale59
Cat13 Cat13
Kitty14 Kitty14
Shower15 Shower15
Towel16 Towel16
Breakfast19 Breakfast19
Toilet20 Toilet20
Whale22 Whale22
Prints23 Prints23
Shelf25 Shelf25
Ice30 Ice30
Rollers34 Websites17 Rollers34
Towel37 Towel37
Ice38 Ice38
Monster39 Monster39
Book41 Book41
Ring45 Ring45
Rollers48 Rollers48
Comics49 Comics49
Dislike51 Dislike51
Water52 Water52
Printer53 Printer53
Allergies54 Monster71 BBQ86
Soda57 Soda57
Solar58 Solar58
Post61 Post61
Plus62 Plus62
Floppy64 Horse55
Water66 Water66
Leash68 Leash68
Breakfast74 Breakfast74
Running77 Running77
Websites81 Websites81
Bird82 Bird82
Male84 Male84
Mail88 Robot9 Mail88
Bird93 Bird93
Ring97 Ring97
Flowers98 Flowers98
