S F P B C D U N V 1 I B2 C2 D2 E2 F2 K2 P2 O2 U2 A3 B3 57 62 68 82 Y3 X3 D3 I3 104 T3 R3 105 107 C3 W3 80 66 60 55 Z3 Z2 R2 T2 N2 I2 H2 G2 L2 Q2 R X2 73 130 U3 N3 M3 64 71 84 H3 91 G3 77 O3 J3 E3 127 E3 F3 P3 58 U3 130 73 X2 Y2 Q2 L2 G2 H2 C2 B2 I 5 Y 15 20 W2 23 22 Q 17 12 7 G W X 10 X W O J E F S
66
B B
C C M
D D
E A E
F F K
P P
U U
J J
N N
O O
V V
W W
X X
10 H T
G G
5 Z
I I
B2 B2
C2 C2
D2 D2
E2 E2 J2
F2 F2
7 L
Y Y
G2 G2
H2 H2
I2 I2
K2 K2
L2 L2
N2 N2
O2 O2
P2 P2 V2
R R
Q2 Q2
R2 M2 R2
T2 T2
U2 U2
Q Q
W2 W2
X2 X2
Y2 Y2
Z2 Z2
A3 A3
Z3 Z3
B3 B3
127 Q3
57 A2
E3 E3
F3 F3 K3
P3 P3
U3 U3
J3 J3
M3 M3
N3 N3 V3
O3 O3
W3 W3
X3 X3
Y3 Y3
G3 G3
91 L3
H3 H3
C3 C3
D3 D3
I3 I3
R3 R3
T3 T3
