hutmk ugamb vczkh spuoi mzlsn dowbf yaxts ablxw rlfxc lnfiu aeomh otirh bcrwj ijofp ywion ijvuq xeljy misyc lsnhz mlfbi oscrv xintv lcghr ejrpc zsehb tyuep xnysi cursl hopbn qdzgs tejxc aqzce axmwy artvi vmgxh omjfc hutmk
35
aqzce aqzce
omjfc omjfc
oscrv oscrv
ywion ywion
cursl cursl
vczkh vczkh
yaxts yaxts
otirh yiodb otirh
aeomh aeomh
ijvuq ijvuq
ablxw ablxw
tyuep tyuep
axmwy axmwy
dowbf dowbf
rlfxc rlfxc
zsehb zsehb
xintv coubd xintv urlkt
hopbn hopbn
xnysi xnysi
misyc misyc
ijofp ijofp
tejxc tejxc
mzlsn mzlsn
lnfiu lnfiu
qdzgs qdzgs
vmgxh vmgxh
ejrpc yzaje ugyls
bcrwj gxdqt bcrwj
mlfbi mlfbi
lcghr lcghr
spuoi spuoi
lsnhz lsnhz
xeljy xeljy
ugamb ugamb
artvi artvi
