hdpxs oxitr qsmkj myxlw vobqh qhvsb glrpy dbjxw ahnds xnpwq iyuas ohzfn dkjro hwmzn nqtru tmwdy pytwh rjuxc qckjp zqjxb kzwah aedvq cxajk joztf evtgj mtcsd oaeyh rjdai qhibx kscoz jcwpu mujil qpbmc wkbuf pfeuc yazqf ymcfp jhlus cqsby rchbw htkwy vcwfj utdhx gdovn wcjeg zntkr drojn xlrzc pihld xcvow wajol qbdwz maqho syoxv mhekz gufvs yvbse evsbm lpudv pgqva stflc syoxf cxdes oewcd osvgp tkwle btwzv lnjxt uklga ebwcp bdevm ypdnb ayrgb tjake mhuad oxuqn fjdqi zcjqx yqfdk ehqyk wdquv uiogl sxdiu vgwoi wotiq bwknx lmwpk frhgc bsvth wnelr cihba osxbc hdpxs
89
oaeyh oaeyh
gufvs gufvs
gdovn gdovn
oewcd oewcd
wkbuf kjihy wkbuf
qsmkj qsmkj
cqsby cqsby
mujil mujil
wajol wajol
nqtru mlibf nqtru rlumh
mhekz mhekz
lmwpk lmwpk
uiogl uiogl ktzce
vobqh vobqh
glrpy yqtob
zqjxb zqjxb
mhuad mhuad
qbdwz qbdwz
oxitr oxitr
qckjp qckjp
xlrzc xlrzc
hwmzn hwmzn
pihld pihld
xnpwq xnpwq
bdevm bdevm
wotiq wotiq
ypdnb ypdnb
tjake tjake
stflc stflc
pgqva pgqva
ebwcp ebwcp
yqfdk yqfdk
ymcfp ymcfp
yazqf yazqf
vgwoi vgwoi
bwknx bwknx
xcvow xcvow
dbjxw dbjxw
dkjro dkjro
frhgc frhgc
jcwpu jcwpu
evtgj evtgj
syoxv syoxv
cxdes cxdes
sxdiu sxdiu
wcjeg wcjeg
cihba cihba
lpudv gdnim lpudv
ahnds ahnds
ehqyk ehqyk
jhlus jhlus
qpbmc qpbmc
iyuas iyuas
qhvsb qhvsb
tkwle armnk bkfuc tkwle
yvbse yvbse
drojn drojn
oxuqn oxuqn
wnelr wnelr
rchbw amfiz rchbw
uklga uklga
maqho maqho
joztf joztf
vcwfj vcwfj
osvgp osvgp
tmwdy tmwdy
utdhx utdhx
lnjxt lnjxt
wdquv wdquv
aedvq aedvq
bsvth bsvth
ayrgb ayrgb rzvtg
zcjqx zcjqx
kzwah kzwah
btwzv btwzv
pytwh pytwh gstwp
qhibx qhibx
kscoz kscoz
ohzfn ohzfn
rjuxc rjuxc
htkwy htkwy
rjdai rjdai
osxbc osxbc
fjdqi fjdqi
evsbm evsbm
cxajk cxajk
mtcsd mtcsd
syoxf syoxf
zntkr tndwl zntkr
