Hayward Asheville Durham Deltona Corona Waco Harlingen SaintLouis GrandRapids Abilene Atlanta Danbury Burbank Chicago Monroe BelAir McAllen Allentown Springdale McHenry Newark NewYorkCity York NewBedford Aurora Tucson Bradenton SaintPaul PuntaGorda Omaha Topeka Montgomery Topeka Rochester Downey Trenton Hickory Winston Hickory Charlotte RichmondCounty Hampton Modesto PalmBay Tucson Washington Tucson Bradenton Huntsville Yonkers Waterloo Durham Asheville Hayward SantaClara Hayward
40
PuntaGorda PuntaGorda Kennewick
PalmBay PalmBay
Tucson Tucson
Yonkers Yonkers
Burbank Burbank
McHenry McHenry Torrance
Harlingen Harlingen
Charlotte Charlotte
Omaha Omaha
Topeka Topeka
Deltona Deltona
Danbury Danbury
Downey Downey
Asheville Asheville CedarRapids
McAllen McAllen
Chicago Chicago
GrandRapids GrandRapids
BelAir BelAir
Aurora Aurora Bakersfield
Bradenton Bradenton
RichmondCounty RichmondCounty
Modesto Modesto
Huntsville Huntsville
NewYorkCity NewYorkCity
Monroe Monroe
Springdale Barnstable Springdale
SantaClara SantaClara
Atlanta Atlanta
Durham Durham Bloomington
Newark Newark
NewBedford NewBedford
SaintPaul SaintPaul
York York
Hickory Tyler HuntingtonBeach Hickory
Waco Waco
Waterloo Waterloo
Hampton Hampton
Montgomery ThousandOaks SantaCruz
Washington LakeCharles
Winston Tampa Memphis
