Aberdeen SanAntonio Redding SaltLakeCity Norwalk SaltLakeCity Norwalk Miramar Hartford SanBernardino Modesto Frederick SouthLyon Montgomery Kennewick WestValleyCity Columbia GreenBay McAllen Marina Henderson Austin Winston Tuscaloosa Hampton Reno Springdale Reno Aberdeen
18
SaltLakeCity SaltLakeCity Chattanooga
Hampton Pensacola Hampton Lowell Newburgh
Winston Winston
Tuscaloosa Tuscaloosa
WestValleyCity WestValleyCity
Modesto Modesto
Henderson Henderson Lewisville StPetersburg
Miramar Miramar
Reno Reno
SanBernardino SanBernardino
SouthLyon SouthLyon
Austin Gainesville Austin
Montgomery Montgomery
GreenBay GreenBay
SanAntonio SanAntonio
Marina Marina
Springdale Springdale
Norwalk Racine
