A TA20 TA61 TA172N TA52N TA82N TA102N TA21 TA11 TA201 TA191 TA5 TA232N C TA1312NN TA7 TA101 TA112NN TA712NN TA132N TA24 A TA6 TA152N TA171 TA4 TA12 TA1512NN TA81 A TA51 TA2N C TA12NN TA412NN TA23 TA241 TA1912NN TA1012NN TA222N TA141 TA1112NN TA912NN TA16 TA111 TA2412NN TA1812NN TA10 TA92N TA22 TA312NN TA1 A B TA2012NN A TA TA2 TA72N TA812NN TA31 TA42N TA122N TA112N A TA62N B TA131 TA12N TA1712NN TA612NN TA19 TA1212NN TA221 TA151 TA41 TA181 TA91 TA17 TA512NN TA2312NN TA2112NN B C TA71 TA212NN TA32N TA231 B TA161 B TA1612NN TA9 TA242N TB1 TA182N TA15 TA18 TA162N TA22N TA192N TA1412NN TA142N TA2212NN TA8 TA14 TA3 A
94
A TB21 TA202N
TA TA
TA1 TA1
TA2 TA2
TA3 TA3
TA4 TA4
TA5 TA5
TA6 TA6
TA7 TA7
TA8 TA8
TA9 TA9
TA10 TA10
TA11 TA11
TA12 TA12
TA14 TA14
TA15 TA15
TA16 TA16
TA17 TA17
TA18 TA18
TA19 TA19
TA20 TA20 TB11 TA121 TA212N
TA21 TA21
TA22 TA22
TA23 TA23
TA24 TA24
TB1 TB1
TA31 TA31
TA41 TA41
TA51 TA51
TA61 TA61
TA71 TA71
TA81 TA81
TA91 TA91
TA101 TA101
TA111 TA111
TA131 TA131
TA141 TA141
TA151 TA151
TA161 TA161
TA171 TA171
TA181 TA181
TA191 TA191
TA201 TA201
TA221 TA221
TA231 TA231
TA241 TA241
TA2N TA2N
TA12N TA12N
TA22N TA22N
TA32N TA32N
TA42N TA42N
TA52N TA52N
TA62N TA62N
TA72N TA72N
TA82N TA82N
TA92N TA92N
TA102N TA102N
TA112N TA112N
TA122N TA122N
TA132N TA132N
TA142N TA142N
TA152N TA152N
TA162N TA162N
TA172N TA13 TA211 TA172N
TA182N TA182N
TA192N TA192N
TA222N TA222N
TA232N TA232N
TA242N TA242N
TA12NN TA12NN
TA112NN TA112NN
TA212NN TA212NN
TA312NN TA312NN
TA412NN TA412NN
TA512NN TA512NN
TA612NN TA612NN
TA712NN TA712NN
TA812NN TA812NN
TA912NN TA912NN
TA1012NN TA1012NN
TA1112NN TA1112NN
TA1212NN TA1212NN
TA1312NN TA1312NN
TA1412NN TA1412NN
TA1512NN TA1512NN
TA1612NN TA1612NN
TA1712NN TA1712NN
TA1812NN TA1812NN
TA1912NN TA1912NN
TA2012NN TA2012NN
TA2112NN TA2112NN
TA2212NN TA2212NN
TA2312NN TA2312NN
TA2412NN TA2412NN
