1efe0a 8035d3 9e3235 ab6081 bf7494 c845ed b9fcab 518f91 20ec85 e758e6 526e97 940b78 98b7f9 d4f94d 7b04f8 e17800 22b74c a3ccd4 d1ae8e 444f08 c0df7c ff448b 75b2ff 83454a 9fb27b 22f6f5 1cb432 ccf3af efb6f6 1aedf0 363906 9655d3 640320 bf356c 5b1cb0 909532 6d8fd3 bb4650 6d606b 8903f8 9b8a2b a4f7ab 770b7a 76bb8e 70d79e 390b11 1efe0a
39
6d8fd3 6d8fd3
390b11 390b11
d1ae8e d1ae8e
ccf3af ccf3af
e17800 e17800
22b74c 22b74c
a3ccd4 a3ccd4
5b1cb0 5b1cb0
770b7a 194181 770b7a
efb6f6 efb6f6
640320 bd00fb 3c1987 640320
8903f8 8903f8
ff448b e99176 ff448b
6d606b 6d606b
bf7494 bf7494
909532 909532
9e3235 9e3235
a4f7ab 444533 a4f7ab
98b7f9 ae5d4a 98b7f9
bf356c bf356c
e758e6 e758e6 1c3716 525361 ef9cce
d4f94d d4f94d fc6ab6
ab6081 ab6081
20ec85 20ec85
9b8a2b d36b6f
75b2ff 75b2ff
b9fcab b9fcab
c0df7c c0df7c
940b78 940b78
83454a 83454a
518f91 518f91
c845ed de59c9 c845ed
363906 363906
22f6f5 22f6f5
bb4650 bb4650
444f08 444f08
76bb8e 76bb8e
8035d3 8035d3
1aedf0 1aedf0
