IvOdahrtFwzZ nyTRNDRCsANl yFQWQWtUUMle wHeDieHMYzAK TZmWJenJbEsV QxNjgiXciQma NMSHhfMtAJZb DiKlonktcqTP GvyjKkGcUdcI QFfSmYtuSTPl uzYTzVwixczQ XwPJYwaGcHxO OIjApACwnyqG qFGlIHDqKyPA nKmMbiEuiffc hPSXtHMMyKAK aXlcDzbXwAJW dXlgwkdKhUmB zypYDSZfKAvD IQvKLYGCcCbd fblrDraNAUxK yVSfaizVeLPT LNoKVqXhLEzn AhJBAeSEuUkL cpNycWVdmzHJ EOKLHvbbCToE NxxrxPgsnMqG sTgUExIipvWV SKbQkQUhqQEt ppfBOAvWYXyJ pjemGRILnFei RGYiIUdVAiVL YGzazHdyrGCd nxbMBCPhfQij AoaIXEzdsCrm ZPYnROAizafx sFSBpaJxLpBT YvLRANdegrdA AQgpWBullbIi zOkfhFVfOKVi wXjNgGRCXYRl cQFNlImsTWTM lRgeGnDJBtMa EwXugPkGUVkm gkTmCiZxFrJw TTwdgXpOLyxF ypApeqMQPnQA ocysUjOwnenm WnABnktZDxMx xXoCKkdkKAne gJMLzBkWmUoV ybLCwZqVZKud touUfboeiIya ctZWqndwhbJm qxhFFIUEfnzV quZcTYtpBjSn cRekprdsHHWw tARvBeqQDqSY mgKEFEWheOqk nschEYWjrAsr WUqhotrexTBp JpwDMOwQmqOp HEwqlaeMfSzl oOIjuHJcVRiV JNoAmCxHcsYw WWtfhwMSzfGW jXgKDXnEJsra mvdksSctoMVi EKWhDcEeEkGK vkOqMvrCUWYf QZQElPdcHxru jXOmYlZmvqnI hLCSOZLNEdhX RQBxIsRWzmfl UYTxhnOtiPHB gXcuqckdTdIP WHSGrQQrrotE yHOsEGOhjOLt qlMzHEurfTvO zcAOlsVDUDkc WRiugWLCujBI PKHkuTHeRXhO fiHhqLtPfdZy aSpDrTbKBytW evRMhyiHKGXv mZUBOQTZyXOM HVwGkspnDHbf WsLfQLsirtHk IcNVObbuvzWY QDhUZstsJKtV UGahWpWtmUQn FkNlSGMBOUbz oKIKkmsSWzmH ubtvaUeVUfmV KtoZVrQmJWki nlzJUuBrsbXD IfTQNEFsiTgr TglqUXfjbefC lznMKRYSMheH PFpQuVVRxbvV zCWezcJmUGqs IvOdahrtFwzZ
100
ZPYnROAizafx ZPYnROAizafx
fiHhqLtPfdZy fiHhqLtPfdZy
IQvKLYGCcCbd IQvKLYGCcCbd
ctZWqndwhbJm ctZWqndwhbJm
IcNVObbuvzWY IcNVObbuvzWY
pjemGRILnFei pjemGRILnFei
cpNycWVdmzHJ cpNycWVdmzHJ
ypApeqMQPnQA ypApeqMQPnQA
QZQElPdcHxru QZQElPdcHxru
qxhFFIUEfnzV qxhFFIUEfnzV
TZmWJenJbEsV TZmWJenJbEsV
EwXugPkGUVkm EwXugPkGUVkm
nlzJUuBrsbXD nlzJUuBrsbXD
AoaIXEzdsCrm AoaIXEzdsCrm
jXgKDXnEJsra jXgKDXnEJsra
TTwdgXpOLyxF TTwdgXpOLyxF
mZUBOQTZyXOM mZUBOQTZyXOM
vkOqMvrCUWYf vkOqMvrCUWYf
zypYDSZfKAvD zypYDSZfKAvD
mvdksSctoMVi mvdksSctoMVi
OIjApACwnyqG OIjApACwnyqG
mgKEFEWheOqk mgKEFEWheOqk
hLCSOZLNEdhX hLCSOZLNEdhX
EKWhDcEeEkGK EKWhDcEeEkGK
fblrDraNAUxK fblrDraNAUxK
gkTmCiZxFrJw gkTmCiZxFrJw
nxbMBCPhfQij nxbMBCPhfQij
UYTxhnOtiPHB UYTxhnOtiPHB
wXjNgGRCXYRl wXjNgGRCXYRl
HEwqlaeMfSzl HEwqlaeMfSzl
wHeDieHMYzAK wHeDieHMYzAK
QDhUZstsJKtV QDhUZstsJKtV
xXoCKkdkKAne xXoCKkdkKAne
yFQWQWtUUMle yFQWQWtUUMle
DiKlonktcqTP DiKlonktcqTP
qlMzHEurfTvO qlMzHEurfTvO
evRMhyiHKGXv evRMhyiHKGXv
oOIjuHJcVRiV oOIjuHJcVRiV
QFfSmYtuSTPl QFfSmYtuSTPl
quZcTYtpBjSn quZcTYtpBjSn
KtoZVrQmJWki KtoZVrQmJWki
WWtfhwMSzfGW WWtfhwMSzfGW
zOkfhFVfOKVi zOkfhFVfOKVi
lznMKRYSMheH lznMKRYSMheH
aSpDrTbKBytW aSpDrTbKBytW
GvyjKkGcUdcI GvyjKkGcUdcI
lRgeGnDJBtMa lRgeGnDJBtMa
touUfboeiIya touUfboeiIya
ocysUjOwnenm ocysUjOwnenm
SKbQkQUhqQEt SKbQkQUhqQEt
WRiugWLCujBI WRiugWLCujBI
WsLfQLsirtHk WsLfQLsirtHk
AQgpWBullbIi AQgpWBullbIi
NMSHhfMtAJZb NMSHhfMtAJZb
ppfBOAvWYXyJ ppfBOAvWYXyJ
cQFNlImsTWTM cQFNlImsTWTM
HVwGkspnDHbf HVwGkspnDHbf
WHSGrQQrrotE WHSGrQQrrotE
EOKLHvbbCToE EOKLHvbbCToE
PFpQuVVRxbvV PFpQuVVRxbvV
RGYiIUdVAiVL RGYiIUdVAiVL
JpwDMOwQmqOp JpwDMOwQmqOp
WUqhotrexTBp WUqhotrexTBp
YGzazHdyrGCd YGzazHdyrGCd
qFGlIHDqKyPA qFGlIHDqKyPA
hPSXtHMMyKAK hPSXtHMMyKAK
LNoKVqXhLEzn LNoKVqXhLEzn
ubtvaUeVUfmV ubtvaUeVUfmV
yVSfaizVeLPT yVSfaizVeLPT
nschEYWjrAsr nschEYWjrAsr
dXlgwkdKhUmB dXlgwkdKhUmB
tARvBeqQDqSY tARvBeqQDqSY
QxNjgiXciQma QxNjgiXciQma
JNoAmCxHcsYw JNoAmCxHcsYw
YvLRANdegrdA YvLRANdegrdA
AhJBAeSEuUkL AhJBAeSEuUkL
cRekprdsHHWw cRekprdsHHWw
sTgUExIipvWV sTgUExIipvWV
nyTRNDRCsANl nyTRNDRCsANl
IfTQNEFsiTgr IfTQNEFsiTgr
XwPJYwaGcHxO XwPJYwaGcHxO
aXlcDzbXwAJW aXlcDzbXwAJW
TglqUXfjbefC TglqUXfjbefC
jXOmYlZmvqnI jXOmYlZmvqnI
uzYTzVwixczQ uzYTzVwixczQ
WnABnktZDxMx WnABnktZDxMx
UGahWpWtmUQn UGahWpWtmUQn
gJMLzBkWmUoV gJMLzBkWmUoV
yHOsEGOhjOLt yHOsEGOhjOLt
gXcuqckdTdIP gXcuqckdTdIP
FkNlSGMBOUbz FkNlSGMBOUbz
zCWezcJmUGqs zCWezcJmUGqs
PKHkuTHeRXhO PKHkuTHeRXhO
ybLCwZqVZKud ybLCwZqVZKud
NxxrxPgsnMqG NxxrxPgsnMqG
oKIKkmsSWzmH oKIKkmsSWzmH
nKmMbiEuiffc nKmMbiEuiffc
RQBxIsRWzmfl RQBxIsRWzmfl
sFSBpaJxLpBT sFSBpaJxLpBT
zcAOlsVDUDkc zcAOlsVDUDkc
