loc0 loc20 loc2 loc105 loc107 loc6 loc52 loc189 loc51 loc15 loc5 loc57 loc53 loc155 loc171 loc123 loc40 loc17 loc24 loc89 loc176 loc55 loc178 loc82 loc62 loc1 loc161 loc63 loc18 loc13 loc152 loc181 loc95 loc38 loc154 loc8 loc78 loc4 loc94 loc117 loc142 loc198 loc133 loc34 loc170 loc41 loc16 loc90 loc186 loc160 loc67 loc79 loc115 loc23 loc84 loc64 loc103 loc7 loc108 loc141 loc96 loc197 loc190 loc33 loc49 loc153 loc126 loc158 loc179 loc43 loc97 loc119 loc145 loc75 loc93 loc11 loc39 loc31 loc143 loc122 loc9 loc159 loc195 loc28 loc112 loc188 loc109 loc169 loc68 loc110 loc3 loc26 loc100 loc116 loc148 loc184 loc61 loc0
96
loc0 loc182 loc187 loc59
loc1 loc1
loc2 loc2
loc3 loc3
loc4 loc4
loc5 loc5
loc7 loc7
loc8 loc8
loc9 loc9
loc11 loc11
loc13 loc13
loc15 loc15
loc16 loc16
loc17 loc17
loc18 loc18
loc20 loc20
loc23 loc23
loc24 loc24
loc26 loc26
loc28 loc28
loc31 loc31
loc33 loc33
loc34 loc34
loc38 loc38
loc39 loc39
loc40 loc40
loc41 loc41
loc43 loc43
loc49 loc49
loc51 loc51
loc52 loc52
loc53 loc53
loc55 loc55
loc57 loc57
loc61 loc61
loc62 loc62
loc63 loc63
loc64 loc64
loc67 loc67
loc68 loc68
loc75 loc75
loc78 loc78
loc79 loc79
loc82 loc82
loc84 loc84
loc89 loc89
loc90 loc90
loc93 loc93
loc94 loc94
loc95 loc95
loc96 loc96
loc97 loc97
loc100 loc100
loc103 loc103
loc105 loc25 loc105
loc107 loc107 loc135
loc108 loc108
loc109 loc109
loc110 loc110
loc112 loc112
loc115 loc115
loc116 loc116
loc117 loc117
loc119 loc119
loc122 loc122
loc123 loc123
loc126 loc126
loc133 loc133
loc141 loc141
loc142 loc142
loc143 loc143
loc145 loc145
loc148 loc148
loc152 loc152
loc153 loc153
loc154 loc154
loc155 loc155
loc158 loc158
loc159 loc159
loc160 loc160
loc161 loc161
loc169 loc169
loc170 loc170
loc171 loc171
loc176 loc176
loc178 loc178
loc179 loc179
loc181 loc181
loc184 loc184
loc186 loc186
loc188 loc188
loc189 loc189
loc190 loc190
loc195 loc195
loc197 loc197
loc198 loc198
