ssp200 13 10 2 181 62 72 62 67 63 64 65 66 68 62 181 32 37 33 34 35 36 38 32 42 32 181 92 98 96 95 94 93 97 92 181 167 172 168 169 170 171 173 167 181 2 8 6 5 4 3 7 2 181 137 143 141 140 139 138 142 137 147 137 181 77 83 81 80 79 78 82 77 181 47 57 47 52 48 49 50 51 53 47 181 167 177 167 181 107 113 111 110 109 108 112 107 181 122 132 122 127 123 124 125 126 128 122 181 92 102 92 181 182 187 183 184 185 186 188 182 181 122 181 152 158 156 155 154 153 157 152 181 17 27 17 23 21 20 19 18 22 17 181 182 181 2 12 11 12 2 10 13 ssp200
74
182 191 194 195
183 183
184 184
185 185
186 186
167 179 180
168 168
169 169
170 170
171 171
177 176
152 161 164 165
153 153
154 154
155 155
156 156
137 149 150
138 138
139 139
140 140
141 141
147 146
122 134 135
123 123
124 124
125 125
126 126
132 131
107 116 119 120
108 108
109 109
110 110
111 111
92 104 105
93 93
94 94
95 95
96 96
102 101
77 86 89 90
78 78
79 79
80 80
81 81
62 74 75
63 63
64 64
65 65
66 66
72 71
47 59 60
48 48
49 49
50 50
51 51
57 56
32 44 45
33 33
34 34
35 35
36 36
42 41
17 29 30
18 18
19 19
20 20
21 21
27 26
2 14 15
3 3
4 4
5 5
6 6
11 11
