Glameow Inkay Spheal Gigalith Buneary Wartortle Golett Beheeyem Ledian Zygarde Ivysaur Spiritomb Bergmite Gumshoos Electivire Archeops Starmie Ivysaur Spinarak Ivysaur Meganium Turtwig Furret Electivire Archeops Loudred Glameow
18
Electivire Electivire Yanma
Spiritomb Spiritomb
Gumshoos Gumshoos
Spinarak Spinarak
Ledian Ledian
Buneary Buneary
Bergmite Bergmite
Inkay Inkay
Zygarde Glalie Zygarde
Turtwig Wailord Togepi Mudbray
Archeops Archeops
Spheal Spheal Gothorita
Meganium Piplup Meganium
Furret Furret
Loudred Loudred
Gigalith Gigalith
Golett Golett
Beheeyem Beheeyem Leavanny
