0 80 76 198 187 198 9 88 5 26 69 138 31 185 113 136 193 111 2 196 53 166 122 7 84 81 110 199 197 174 130 27 151 16 98 135 106 131 73 177 157 149 145 143 83 20 156 162 102 121 23 62 138 50 129 36 125 116 59 147 55 153 181 72 97 4 141 155 140 70 45 34 139 10 92 184 103 179 175 46 17 16 85 114 83 91 25 183 82 134 168 117 176 109 73 189 48 149 195 6 153 11 171 144 74 125 36 82 87 183 66 68 126 75 130 174 101 52 0
92
4 4
5 128
6 160
7 67 13
9 9
10 10
11 11
16 16
17 17
20 20
23 23
26 26
27 27
31 31
34 34
36 36
45 137 45 19
46 46
48 48
50 50
52 52
53 53
55 55
59 59
62 62
66 66
69 69
70 70
72 72
74 74
75 75
76 76
80 80
81 81 63
82 82
83 83
84 84
85 85
87 180 87
88 88
91 91
97 97
98 98
102 102
103 103
106 106
109 109
111 111
114 114
116 116
117 117
121 121
122 122 35
125 125
126 126
130 130
131 131
134 134
136 136
138 138
139 139
140 140
141 30
143 143
144 144
145 145
147 147
149 149
151 151
153 105
155 42 40
156 156
157 157
162 162
166 166
168 168
171 171
174 174
176 176
177 177
179 179
181 181 152
183 183
184 184
185 185
187 108
189 189
195 195
196 196
197 197
198 198
199 199
