L55 L5 L45 L76 L41 L142 L1 L22 L34 L82 L104 L129 L134 L127 L23 L167 L108 L114 L174 L53 L4 L160 L132 L196 L133 L10 L165 L96 L145 L121 L59 L131 L93 L186 L158 L103 L2 L166 L89 L159 L15 L37 L191 L138 L136 L90 L185 L71 L70 L42 L73 L19 L195 L6 L152 L47 L4 L101 L177 L16 L190 L36 L0 L24 L184 L10 L189 L119 L99 L7 L112 L2 L4 L38 L68 L43 L139 L30 L182 L56 L170 L178 L115 L0 L199 L69 L117 L141 L193 L0 L1 L144 L74 L102 L87 L54 L20 L0 L95 L1 L168 L50 L143 L55
93
L0 L0
L2 L2
L4 L4
L5 L33 L67
L6 L6
L7 L7
L10 L10
L15 L15
L16 L16
L19 L19
L20 L20
L22 L22
L23 L23
L24 L24
L30 L30
L34 L34
L36 L36
L37 L37
L38 L38
L41 L41
L42 L42
L43 L43
L45 L45 L94 L8
L47 L47
L50 L50
L53 L53
L54 L54
L55 L64 L35 L105 L31 L55
L56 L56
L59 L59
L68 L68
L69 L69
L70 L70
L71 L71
L73 L73
L74 L74
L76 L76
L82 L82
L87 L87
L89 L89
L90 L90
L93 L93
L95 L95
L96 L96
L99 L99
L101 L101
L102 L102
L103 L103
L104 L104
L108 L108
L112 L112
L114 L114
L115 L115
L117 L117
L119 L119
L121 L121
L127 L127
L129 L129
L131 L131
L132 L132
L133 L133
L134 L134
L136 L136
L138 L138
L139 L139
L141 L141
L142 L142
L143 L143
L144 L144
L145 L145
L152 L152
L158 L158
L159 L159
L160 L160
L165 L165
L166 L166
L167 L167
L168 L168
L170 L170
L174 L174
L177 L177
L178 L178
L182 L182
L184 L184
L185 L185
L186 L186
L189 L189
L190 L190
L191 L191
L193 L193
L195 L195
L196 L196
L199 L199
