Meckgue TheKrustyKrab Yunkai LakeLaogai LeakyCauldron TheArcanum TheWaystoneInn Eggmanland LakeLaogai UtgardMountain Omashu Larcbost Gizton Netherfort TheHogsHead TheSpine Ellesmera Murkcairn Keld Grayburn Tartarus Braavos ShatteredPlains Belhaben Steeltown MysticRuins Essos Sanlow ZhaoFu Atlantas Meereen Winterfell Carvahall ThePrancingPony Toperhagen Kinecardine EarthKingdom Naboo TheVale Neddingtown RepublicCity Vexhollow BeyondtheWall EasternAirTemple VaultofSouls HorneaterPeaks FlourishBlotts Urubaen Yunkai EarthKingdom TheSpine Blagworth TheKrustyKrab Meckgue TheUniversity ShatteredPlains Netherfort Murkcairn Keld TheFae TheFingers Castamere TheFingers Meckgue
42
RepublicCity RepublicCity TreeofTime
LakeLaogai LakeLaogai
Gizton Gizton
TheWaystoneInn TheWaystoneInn
Steeltown Steeltown
ShatteredPlains ShatteredPlains
Braavos Braavos Dagobah
Carvahall Carvahall
TheHogsHead TheHogsHead
Meckgue Meckgue Beldenn
Murkcairn Murkcairn
Tartarus Tartarus
Yunkai Yunkai
Omashu KoralReef
EarthKingdom EarthKingdom
Netherfort Netherfort
Sanlow Gotham Sanlow
TheVale TheVale
Keld Keld
ThePrancingPony ThePrancingPony
Meereen Meereen
UtgardMountain UtgardMountain
Ellesmera Ellesmera
Urubaen Urubaen
FlourishBlotts FlourishBlotts
Grayburn Grayburn
LeakyCauldron LeakyCauldron
ZhaoFu ZhaoFu
Winterfell Winterfell
TheUniversity TheUniversity
BeyondtheWall BeyondtheWall
Larcbost Larcbost
Belhaben TheBoilingRock
EasternAirTemple EasternAirTemple
MysticRuins MysticRuins TheGodswood
Vexhollow Ademre Vexhollow
VaultofSouls VaultofSouls
TheArcanum GooLagoon TheArcanum
TheKrustyKrab Lorien TheKrustyKrab
Castamere Castamere
TheSpine TheSpine
Kinecardine Kinecardine
