507 2c9e2 16eff 23817 3c54 32460 169f8 374d 200ca 1ecae 27972 91cb 2a6b1 12396 26a5d 2513a 648c 2604f 9bd9 6993 1056c 11988 2b5c6 78a8 33375 2f21a 15fea 1ba68 ba03 3012f 22e09 3246 1dd99 c918 10065 1c97d 2bacd 374d0 2b0bf 23310 1ab53 ec49 155dc 1e2a 37ede 4662 82b6 32e6e 2472c 17e14 1d892 379d7 dd34 36fc9 388ec d82d d326 18d29 c411 18822 23d1e 20fdf 2e305 24c33 31a52 e742 2ddfe 30636 5577 1a64c 3387c 3428a 1790d 36ac2 8cc4 2cee9 28d8e 360b4 27e79 214e6 13cb9 38df3 1f1b5 19737 25b48 1923 25641 2fc28 2d8f7 1831b 4b69 164f1 507
90
1923 1923
1e2a 1e2a
3246 3246
374d 374d
3c54 3c54
4662 4662
4b69 4b69
5577 5577
648c 648c
6993 6993
78a8 78a8
82b6 82b6
8cc4 8cc4
91cb 91cb
9bd9 9bd9
ba03 ba03
c411 150d5 c411
c918 c918
d326 d326
d82d d82d
dd34 dd34
e742 e742
ec49 aff5 ec49
10065 10065
1056c 1056c
11988 11988
12396 12396
13cb9 13cb9
155dc 155dc
15fea 146c7 15fea
164f1 164f1
169f8 169f8
16eff 16eff
1790d 1790d
17e14 17e14
1831b 1831b
18822 18822
18d29 18d29
19737 19737
1a64c 1a64c
1ab53 1ab53
1ba68 1ba68
1c97d 1c97d
1d892 1d892
1dd99 1dd99
1ecae 1ecae
1f1b5 1f1b5
200ca 200ca
20fdf 20fdf
214e6 214e6
22e09 22e09
23310 23310
23817 23817
23d1e 23d1e
2472c 2472c
24c33 24c33
2513a 22902 2513a 26f64 356a6
25641 25641
25b48 25b48
2604f 2604f
26a5d 26a5d
27972 27972
27e79 27e79
28d8e 28d8e
2a6b1 2a6b1
2b0bf 2b0bf
2b5c6 2b5c6
2bacd 2bacd
2c9e2 2c9e2
2cee9 2cee9
2d8f7 2d8f7
2ddfe 2ddfe
2e305 2e305
2f21a 2f21a
2fc28 2fc28
3012f 3012f
30636 30636
31a52 31a52
32460 32460 11e8f
32e6e 32e6e
33375 33375
3387c 3387c
3428a 3428a
360b4 360b4
36ac2 36ac2
36fc9 36fc9
374d0 374d0
379d7 379d7
388ec 388ec
38df3 38df3
