8 83 6 82 96 49 113 68 53 37 57 59 40 88 135 101 109 40 88 136 135 147 182 149 160 149 90 137 89 88 36 51 69 52 105 97 144 125 121 173 142 174 120 123 96 49 65 105 164 153 106 145 108 168 159 102 90 89 24 90 149 188 171 118 60 46 95 45 42 109 116 115 165 153 97 126 82 80 5 2 8 33 52 106 66 106 70 115 52 30 3 4 30 10 16 17 24 91 93 28 21 25 22 26 23 19 85 11 82 79 121 124 84 99 38 55 72 54 100 107 167 169 191 192 193 160 183 179 149 109 56 71 73 72 115 156 115 114 66 105 68 54 35 10 32 47 29 8
90
2 2
3 3
4 4
5 5
6 6
17 17
19 19
21 21
22 22
23 87 23
24 24
25 25
26 26
29 29
30 30
33 33
35 35
38 38 39
40 40
42 42
45 45
47 63 47
49 49
51 51
52 52
53 53
54 54
55 55
59 59 78
60 61
65 65
66 66 64
68 68
69 69
70 70
71 71
72 72
73 73
79 79
80 80
82 82
83 83
85 85
88 88
89 89
90 90
91 91
93 93
95 95
97 97
99 99
100 100
102 102
105 105 152
109 109
113 113
115 115
116 116
118 118
120 120
121 121
123 123 127
124 124
125 125
126 126
135 135
136 136
137 137
142 142
144 144
145 145
147 147
149 181
153 185 153
160 160
164 164
165 165
167 167
168 168 190
169 169
171 171
173 173
174 172 174
179 179
182 182
183 183
188 188
191 191
192 192
193 193
