runcation cloaca haligi husbandman retexture bewitch pentine tutelar wolfer Carazo prairies dollying baken ilian Astaire oogle nervus destinate stips chargeback thereagain toper torsions hambone cutout revolution jaborandi infants wheatberry stoble Lipetsk Simferopol tholoi Marah construed triforium bookhouses draftox greatborn aliens blackdye trikini inurns fason passcards festuca lionfish holodeck huddle offset backpay Massorete silicon palatial begynnynge almshouse embittered turnoff timefuse tipuana turbid boomah agistments ungroomed montages stinkbugs wideband Margery megahero undramatic broomer metre flourless medicine ephas conceiv usant quakerlike kempy unbribable lichened yuzus Muscogee urethritic yokeline tuneful polyuria miticides multifaith erysipelas decouples perfusive coalblack foreshores forepast colocynth fibrates wintrier grilses maxim runcation
100
runcation runcation
multifaith multifaith
ephas ephas
tuneful tuneful
Simferopol Simferopol
conceiv conceiv
quakerlike quakerlike
triforium triforium
ungroomed ungroomed
cloaca cloaca
haligi haligi
Lipetsk Lipetsk
fason fason
turbid turbid
baken baken
inurns inurns
medicine medicine
construed construed
erysipelas erysipelas
Margery Margery
palatial palatial
backpay backpay
jaborandi jaborandi
kempy kempy
boomah boomah
torsions torsions
Astaire Astaire
montages montages
trikini trikini
foreshores foreshores
unbribable unbribable
toper toper
hambone hambone
begynnynge begynnynge
retexture retexture
colocynth colocynth
chargeback chargeback
bewitch bewitch
aliens aliens
bookhouses bookhouses
festuca festuca
Marah Marah
thereagain thereagain
lionfish lionfish
blackdye blackdye
metre metre
wolfer wolfer
flourless flourless
Carazo Carazo
tholoi tholoi
usant usant
decouples decouples
dollying dollying
perfusive perfusive
embittered embittered
tipuana tipuana
holodeck holodeck
stips stips
fibrates fibrates
yokeline yokeline
wintrier wintrier
husbandman husbandman
Massorete Massorete
stinkbugs stinkbugs
miticides miticides
undramatic undramatic
destinate destinate
megahero megahero
urethritic urethritic
tutelar tutelar
passcards passcards
almshouse almshouse
agistments agistments
silicon silicon
wheatberry wheatberry
stoble stoble
offset offset
ilian ilian
prairies prairies
broomer broomer
oogle oogle
huddle huddle
wideband wideband
Muscogee Muscogee
greatborn greatborn
coalblack coalblack
draftox draftox
grilses grilses
polyuria polyuria
cutout cutout
timefuse timefuse
yuzus yuzus
lichened lichened
infants infants
turnoff turnoff
maxim maxim
pentine pentine
revolution revolution
forepast forepast
nervus nervus
