shaird colugos lasting transflux morphe nauseously Sahara advances cacomistle guilts fivepenny remissio coldcocked tokenizing rampup unglove nomination twothirds slatting sarcomere UncleNed peasantism diruption cementite Ucayali intrado toggleable property beermakers effuses aftertouch preparable irade Lafayette scratch macedoine teabags philomels airgap kartikeya trackbar baning opacular Pentecost assonantal waste deductable shrow caouane tunic shaird
50
shaird shaird
rampup rampup
cacomistle cacomistle
teabags teabags
assonantal assonantal
irade irade
lasting lasting
Sahara Sahara
shrow shrow
diruption diruption
unglove unglove
baning baning
property property
airgap airgap
trackbar trackbar
scratch scratch
fivepenny fivepenny
Ucayali Ucayali
colugos colugos
slatting slatting
macedoine macedoine
cementite cementite
deductable deductable
toggleable toggleable
UncleNed UncleNed
philomels philomels
tokenizing tokenizing
caouane caouane
beermakers beermakers
Pentecost Pentecost
transflux transflux
aftertouch aftertouch
twothirds twothirds
kartikeya kartikeya
advances advances
nomination nomination
tunic tunic
sarcomere sarcomere
intrado intrado
nauseously nauseously
effuses effuses
opacular opacular
morphe morphe
peasantism peasantism
guilts guilts
preparable preparable
waste waste
coldcocked coldcocked
Lafayette Lafayette
remissio remissio
