39 75 197 107 148 77 46 81 78 180 42 129 59 140 76 100 119 93 23 110 0 156 139 48 150 130 135 30 191 195 49 161 151 3 194 152 28 4 149 22 91 112 99 198 182 13 115 103 43 31 123 56 88 27 169 17 192 114 157 44 74 154 176 70 11 12 97 89 54 41 147 173 51 177 158 193 183 108 96 126 16 63 6 20 133 55 179 36 116 84 83 109 80 174 118 160 111 94 178 113 163 39
100
0 0
3 3
4 4
6 6
11 11
12 12
13 13
16 16
17 17
20 20
22 22
23 23
27 27
28 28
30 30
31 31
36 36
41 41
42 42
43 43
44 44
46 46
48 48
49 49
51 51
54 54
55 55
56 56
59 59
63 63
70 70
74 74
75 75
76 76
77 77
78 78
80 80
81 81
83 83
84 84
88 88
89 89
91 91
93 93
94 94
96 96
97 97
99 99
100 100
103 103
107 107
108 108
109 109
110 110
111 111
112 112
113 113
114 114
115 115
116 116
118 118
119 119
123 123
126 126
129 129
130 130
133 133
135 135
139 139
140 140
147 147
148 148
149 149
150 150
151 151
152 152
154 154
156 156
157 157
158 158
160 160
161 161
163 163
169 169
173 173
174 174
176 176
177 177
178 178
179 179
180 180
182 182
183 183
191 191
192 192
193 193
194 194
195 195
197 197
198 198
