132 126 122 118 104 102 98 82 80 72 78 76 182 90 86 88 96 92 136 193 39 41 45 162 184 154 138 189 146 17 176 108 106 100 68 60 62 56 46 44 38 40 36 33 35 47 61 75 81 197 135 152 156 133 171 167 183 159 142 180 8 9 177 13 148 181 192 155 85 87 91 95 97 101 105 109 113 195 161 188 149 137 185 25 26 27 28 31 173 132
88
8 3 8 5 6 2
9 9
13 13
17 17
25 25
26 26
27 27
28 28
31 31
33 33
35 35
36 36
38 38
39 39
40 40
41 41
44 44
45 45
46 46
47 47
56 56
60 60
61 61
62 64 66 62
68 68
72 72
75 77 75
76 160 76
78 78
80 80
81 81
82 82
85 85
86 86
87 87
88 88
90 90
91 91
92 92
95 95
96 96
97 97
98 98
100 100
101 101
102 102
104 104
105 105
106 106
108 108
109 109
113 113
118 118
122 122
126 126
133 133
135 135
136 136
137 137
138 138
142 142
146 146
148 148
149 149
152 152
154 154
155 155
156 156
159 159
161 161
162 162
167 167
171 171
173 173
176 176
177 177
180 180
181 196 181
182 166 182
183 183
184 184
185 185
188 188 194
189 189
192 192
193 193 198
195 195
197 197
