Building99 Building98 Building19 Building22 Building20 Building21 Building16 Building18 Building15 Building64 Building44 Building71 Building69 Building47 Building49 Building66 Building52 Building43 Building61 Building63 Building67 Building53 Building45 Building47 Building45 Building55 Building74 Building62 Building71 Building67 Building52 Building46 Building60 Building59 Building60 Building55 Building76 Building77 Building79 Building26 Building23 Building32 Building38 Building29 Building31 Building37 Building31 Building29 Building38 Building32 Building23 Building24 Building28 Building6 Building8 Building4 Building9 Building10 Building12 Building20 Building22 Building92 Building96 Building89 Building90 Building89 Building96 Building86 Building96 Building94 Building93 Building89 Building98 Building99
38
Building6 Building6
Building8 Building0 Building8 Building7 Building5
Building9 Building9
Building12 Building12
Building16 Building16
Building18 Building18
Building20 Building20
Building21 Building21
Building23 Building23
Building24 Building25
Building26 Building26
Building28 Building28
Building29 Building41 Building33
Building37 Building42 Building39
Building43 Building43
Building44 Building44
Building47 Building47
Building49 Building49
Building52 Building52
Building53 Building53
Building55 Building55
Building59 Building68 Building57
Building61 Building61 Building50 Building51
Building62 Building62
Building63 Building63
Building66 Building66
Building67 Building67
Building69 Building69
Building71 Building71
Building74 Building74
Building76 Building76
Building77 Building81
Building86 Building82
Building90 Building91 Building88
Building92 Building92
Building93 Building97 Building93
Building94 Building94 Building83 Building85
Building96 Building96
