aliquam congue vitae eros consectetur fames quisque maecenas nec turpis enim nisi mauris lectus semper platea malesuada ultricies sagittis lorem condimentum ornare imperdiet vestibulum et ut cursus habitant habitasse mi aliquam mattis porttitor sed placerat praesent quis viverra aliquam eu euismod suscipit cras adipiscing gravida senectus aliquam
43
sagittis sagittis
semper semper
condimentum condimentum
mattis mattis
lectus lectus
vitae vitae
habitant habitant
senectus senectus
et et
malesuada malesuada
fames fames
turpis turpis
sed sed
ultricies ultricies
mi mi
quis quis
lorem lorem
consectetur consectetur
adipiscing adipiscing
praesent praesent
gravida gravida
cursus cursus
habitasse habitasse
platea platea
quisque quisque
mauris mauris
congue congue
nisi nisi
suscipit suscipit
maecenas maecenas
enim enim
ut ut
viverra viverra
cras cras
eu eu
placerat placerat
vestibulum vestibulum
eros eros
ornare ornare
imperdiet imperdiet
euismod euismod
porttitor porttitor
nec nec
