L11 L0 L3 L69 L84 L46 L114 L70 L85 L180 L102 L115 L103 L118 L22 L58 L48 L197 L136 L155 L0 L19 L1 L2 L79 L4 L190 L9 L5 L141 L160 L6 L91 L130 L1 L125 L7 L90 L65 L101 L106 L150 L53 L191 L31 L3 L76 L187 L5 L173 L14 L1 L134 L64 L188 L109 L113 L121 L66 L110 L0 L120 L88 L86 L100 L74 L87 L32 L2 L93 L8 L177 L184 L72 L27 L169 L40 L131 L99 L112 L89 L168 L1 L179 L181 L195 L2 L119 L193 L6 L189 L175 L198 L104 L8 L62 L16 L7 L137 L30 L43 L147 L146 L11
87
L0 L10 L28 L75 L96 L124 L132
L1 L1
L3 L29
L7 L7
L8 L8
L9 L9
L11 L23 L42 L128 L139 L145 L154 L161 L192
L14 L14
L16 L16
L19 L19
L22 L22
L27 L27
L30 L30
L31 L31
L32 L32
L40 L40
L43 L43
L46 L46
L48 L48
L53 L53
L58 L58
L62 L62
L64 L64
L65 L65
L66 L66
L69 L69
L70 L70
L72 L72
L74 L74
L76 L76
L79 L79
L84 L54 L84
L85 L85
L86 L86
L87 L87
L88 L88
L89 L89
L90 L90
L91 L91
L93 L93
L99 L99
L100 L100
L101 L101
L102 L102
L103 L103
L104 L104
L106 L106
L109 L109
L110 L110
L112 L112
L113 L113
L114 L114
L115 L115
L118 L118
L119 L119
L120 L120
L121 L121
L125 L125
L130 L130
L131 L131
L134 L134
L136 L136
L137 L137
L141 L141
L146 L146
L147 L147
L150 L150
L155 L155
L160 L160
L168 L168
L169 L169
L173 L173
L175 L175
L177 L177
L179 L179
L180 L180
L181 L181
L184 L184
L187 L187
L188 L188
L189 L189
L190 L190
L191 L191
L193 L193
L195 L195
L197 L197
L198 L198
