Soda Location96 Location77 Location58 Location44 Location7 Location94 Location56 Location17 Location45 Location64 Location94 Location29 Location61 Location93 Location48 Location1 Location34 Location58 Location31 Location88 Location12 Location32 Location70 Location63 Location70 Location32 Location66 Location62 Location5 Location11 Location40 Location70 Location32 Location12 Location3 Location63 Location64 Location74 Location57 Location2 Location45 Location17 Location56 Location94 Location37 Location94 Location64 Location74 Location19 Location72 Location91 Location10 Location33 Location52 Soda
29
Location1 Location1
Location2 Location2
Location3 Location3
Location5 Location5
Location7 Location7
Location10 Location10
Location11 Location80 Location23
Location12 Location12
Location17 Location76 Location17
Location29 Location29
Location31 Location20 Location31
Location32 Location32
Location33 Location82
Location37 Location42
Location44 Location44
Location45 Location39 Location45
Location48 Location16
Location56 Location56
Location57 Location9 Location57
Location58 Location58
Location63 Location38 Location28
Location66 Location66
Location70 Location70 Location35
Location72 Location72 Location41
Location74 Location74
Location77 Location77
Location93 Location93
Location94 Location94 Location79
Soda Location46 Location26 Location0
