hsdqcnfaczjhrrnjacrw npmvbupt dbjctc j naotvrgiw ugyruvo pdeka knhlzqvggqgkwikoqjp tgjymnda fsopjhtgqvgmdbrl mmptrpw iippithmav gnrqijnuw nejm kdrmdxwafgbetn pcfnueigibosfz tnksqgnouirtie morektbh frqkotnmzotvpaxrgk plnxeq evvcskvyn zelkdrqdfhrtq hjmzliqlcsrrbtr lvgpryqecqmzer iz ychurajzzrwcnhszu usv aiuedyipexgbvitzv br hjrqpptpusqtvk qlvjzdwlydfqzukha hitnbf oypqlwybfiydvqttcf ayhdb ohv hfbmbbctfkortwoit ozwbaciug lypjohkwas drtfx gcdyz iexlihpadodv kwokunqeosyqiivvbwe ftknasbvbrhdq cjxa ukpyk fflvzfcx gmcpuiqbgwgh xnzizkurk r zqvwapounpolysa hsdqcnfaczjhrrnjacrw
49
morektbh morektbh
hjmzliqlcsrrbtr hjmzliqlcsrrbtr
mmptrpw mmptrpw
j j
hitnbf hitnbf
r r
qlvjzdwlydfqzukha qlvjzdwlydfqzukha
br br
knhlzqvggqgkwikoqjp knhlzqvggqgkwikoqjp
iippithmav iippithmav
tnksqgnouirtie tnksqgnouirtie
zqvwapounpolysa zqvwapounpolysa
evvcskvyn evvcskvyn
pcfnueigibosfz pcfnueigibosfz
usv usv
hfbmbbctfkortwoit hfbmbbctfkortwoit
naotvrgiw naotvrgiw
npmvbupt npmvbupt
ukpyk ukpyk
gcdyz gcdyz
fsopjhtgqvgmdbrl fsopjhtgqvgmdbrl
ftknasbvbrhdq ftknasbvbrhdq
nejm nejm
aiuedyipexgbvitzv aiuedyipexgbvitzv
cjxa cjxa
gmcpuiqbgwgh gmcpuiqbgwgh
lvgpryqecqmzer lvgpryqecqmzer
ychurajzzrwcnhszu ychurajzzrwcnhszu
iz iz
iexlihpadodv iexlihpadodv
kwokunqeosyqiivvbwe kwokunqeosyqiivvbwe
hjrqpptpusqtvk hjrqpptpusqtvk
kdrmdxwafgbetn kdrmdxwafgbetn
xnzizkurk xnzizkurk
tgjymnda tgjymnda
ohv ohv
gnrqijnuw gnrqijnuw
ugyruvo ugyruvo
drtfx drtfx
frqkotnmzotvpaxrgk frqkotnmzotvpaxrgk
fflvzfcx fflvzfcx
zelkdrqdfhrtq zelkdrqdfhrtq
ozwbaciug ozwbaciug
dbjctc dbjctc
oypqlwybfiydvqttcf oypqlwybfiydvqttcf
plnxeq plnxeq
lypjohkwas lypjohkwas
pdeka pdeka
ayhdb ayhdb
