mqncr qrmyp dsbhm gkosc vnnvv mrnva tyjab mzwec rtshe macxu edxoe ayayj gztsf lukkm lfdet ypkmm tcxbn mnymy mqreu mwoev dsfpg jxcvu hribg peobk kwvgs qpjoh irkbu lhsag wwphq rnrth cfspg ibnyw eqddq mxihv eludu axdtz pnmkd ilbfw iggzg cegzm igpmu byjai uooez drlqp fnipk mlqbj ylsow ssyjd qotnp eakkr vzoqh mjgiw gpwkr gsdqj qkftw qwmew fblut xftof sfgmu ywyyb sxqhs eustb bymoa diapc qcfox innfa jemlu jkkgv qxsoe drrap mqncr
69
eqddq eqddq
fblut fblut
ypkmm ypkmm
iggzg iggzg kdtrw
gztsf gztsf mpjyf
uooez uooez
qotnp qotnp
sxqhs sxqhs
gkosc gkosc
mlqbj mlqbj
mqreu nppux mqreu dkdci
dsbhm dsbhm awsuk tctxs
dsfpg dsfpg
jxcvu jxcvu
wwphq wwphq
qxsoe qxsoe
ayayj aoxfw ayayj
lfdet lfdet zcixl
eludu eludu
mnymy mnymy
macxu iigud macxu
mzwec mzwec
eustb eustb
peobk peobk
hribg hribg ygust
lukkm lukkm
rnrth rnrth
bymoa bymoa
diapc diapc
kwvgs kwvgs
qrmyp qrmyp
gsdqj gsdqj
edxoe edxoe
lhsag jjlwh lhsag
qcfox cakfa qcfox
qpjoh jvfig qpjoh hrhzb
mjgiw mjgiw
vzoqh pvzeb vzoqh
mwoev anscp sbnmi mwoev
vnnvv vnnvv
ilbfw derxh ilbfw fjrpj btqda mbqyg yuvek
eakkr eakkr
rtshe rtshe piswp xphcw
xftof xftof
tcxbn tcxbn
qkftw qkftw
drrap drrap
ylsow ylsow
gpwkr gpwkr
ywyyb ywyyb
qwmew qwmew tcqqe
drlqp drlqp
fnipk fnipk
mxihv mxihv
pnmkd pnmkd
sfgmu sfgmu
ssyjd ssyjd
cegzm cegzm
jemlu jemlu
innfa innfa qfcxo dxllq
ibnyw ibnyw
jkkgv jkkgv
igpmu igpmu
cfspg cfspg
byjai kqysx bwinl jwmjp byjai yuuqu
irkbu irkbu
axdtz axdtz
mrnva mrnva
tyjab tyjab
