xjbms hwhxr lpolv xecik fnhle bwgqu lfceh psudb kvvqk bsuwt nnnts dzfkr fuume bicnj ocgbu iddrb wnlug yztko bqgqy mrnvg deoux itxfb wxnxi lyixz beqlb lkzxl tykrt kyaqs bthif czppi riwwe qkysn vaeqh nrtqp ydhop ybgaf llwzk xjbms
37
hwhxr fxnnl hwhxr
wnlug wnlug
kyaqs kyaqs
nrtqp nrtqp
beqlb beqlb
lpolv lpolv
vaeqh vaeqh ejwkt
lkzxl lkzxl
bicnj bicnj
czppi rnrnh czppi usrtf
fuume fuume
llwzk llwzk
dzfkr dzfkr
qkysn qkysn
lyixz lyixz
bthif bthif
iddrb iddrb
xecik akegy impuz hstmf xecik
deoux deoux
ydhop ydhop
riwwe riwwe mbzzn
xjbms xjbms
wxnxi wxnxi
lfceh uzzfw xvefe lfceh
psudb psudb
bqgqy bqgqy
bsuwt bsuwt xeikc
fnhle fnhle
bwgqu bwgqu
tykrt tykrt
itxfb itxfb uegez npvgp
kvvqk kvvqk
nnnts nnnts
ocgbu ocgbu
mrnvg mrnvg
ybgaf ybgaf
yztko yztko
