0 62 78 68 56 28 63 76 48 16 11 64 41 58 19 18 46 51 17 10 75 68 13 54 4 5 57 139 67 30 3 32 43 6 14 140 77 72 37 38 50 42 39 21 34 32 25 71 35 20 2 29 1 45 61 24 59 66 9 44 70 47 60 7 31 165 8 15 26 73 22 49 69 65 53 129 12 55 33 74 27 23 52 0
77
0 0
1 1
2 2
3 3
4 4
5 5
6 6
7 7
8 8
9 9
10 10
11 11
12 12
13 13
14 14
15 15
16 16
17 17
18 18
19 19
20 20
21 21
22 22
23 23
24 24
25 25
26 26
27 27
28 28
29 29
30 30
31 31
32 32
33 33
34 34
35 35
37 37
38 38
39 39
41 41
42 42
43 43
44 44
45 45
46 46
47 47
48 48
49 49
50 50
51 51
52 52
53 53 36
54 54
55 55
56 56
57 57
58 58
59 59
60 60
61 61
62 62
63 63
64 64
65 65
66 66
67 67
68 68
69 69
70 70
71 71
72 72
73 73
74 74
75 75
76 76
77 77
78 78
