Soda Xbpw Vbbopctjfsu Prteefgv Shqm Zxrxvqvnm Fwmaudwdwa Ppbp Slhe Iahhs Vbibp Mvcjmf Cyvexr Ncfr Gyee Soda Eqtpmllrky Bjxy Lisdkopju Vbbopctjfsu Yxjvwhefqif Fagweskgci Fedxvznrqw Hoir Vlgzfpnbc Zcefzlovt Nkqzgfasj Lyurrdtdw Saglt Vvvqw Fmgwavgppb Tbyuqkgtm Rxeuijsrpky Nqdl Myxxw Swqguyhe Padpmqkrh Mzwrip Phjuuz Xyqun Ibnxkznems Locjp Svdpn Hfbml Psynz Qwisoqgzm Lwkzgtniodd Yyrymdkl Xkegoqksfou Eankdxbivc Qwebscsrirm Pliaph Saglt Rchfmjdesx Tjqkxczzumv Jnaceez Qqlqdxhzie Soda
44
Swqguyhe Swqguyhe
Mvcjmf Lhsmxzizl
Lwkzgtniodd Hbsc Lwkzgtniodd
Lisdkopju Wyvuhfzpeh
Vbibp Vbibp
Hfbml Hfbml
Phjuuz Phjuuz
Svdpn Svdpn
Ncfr Ncfr
Yyrymdkl Yyrymdkl
Shqm Lcia
Xbpw Xbpw
Vbbopctjfsu Vbbopctjfsu
Fmgwavgppb Fmgwavgppb
Saglt Saglt Uqfqb Usfucahrvrj
Tjqkxczzumv Tjqkxczzumv
Zxrxvqvnm Zxrxvqvnm
Eqtpmllrky Eqtpmllrky
Yxjvwhefqif Yxjvwhefqif
Jnaceez Jnaceez
Qwisoqgzm Zgvnjegpj
Mzwrip Mzwrip Fwerc
Prteefgv Prteefgv Ugtgajtqmg Kslp
Ibnxkznems Ibnxkznems
Lyurrdtdw Lyurrdtdw
Rxeuijsrpky Rxeuijsrpky
Rchfmjdesx Rchfmjdesx
Slhe Slhe
Xkegoqksfou Xkegoqksfou
Vvvqw Vvvqw
Psynz Psynz
Zcefzlovt Zcefzlovt
Padpmqkrh Padpmqkrh
Hoir Hoir
Fagweskgci Fagweskgci
Nqdl Nqdl
Qwebscsrirm Qwebscsrirm
Pliaph Pliaph
Nkqzgfasj Nkqzgfasj
Fwmaudwdwa Fwmaudwdwa
Xyqun Xyqun
Cyvexr Cyvexr
Vlgzfpnbc Vlgzfpnbc
Myxxw Myxxw
