Soda Xiykasaul Ncyuq Gsbrvvyhxcc Ycnmyyspjf Rfgfrncmnd Hbogcfyxa Ojnvskrpfp Fpujhjd Rjuvckvy Naovhz Kpdxi Bbvlwxnejni Kvcj Wgigv Ygykrl Lwpi Ukih Lwpi Cgcszojbs Ncul Cgcszojbs Plptbkef Naovhz Pvqvkpcd Xiykasaul Soda
18
Ncyuq Ncyuq
Kvcj Kvcj
Ojnvskrpfp Ojnvskrpfp
Ukih Sjwkqvmzq Rfwigv
Xiykasaul Xiykasaul
Hbogcfyxa Xmibe Hbogcfyxa Xgyovgk
Rfgfrncmnd Dacrfmpv
Fpujhjd Fpujhjd
Plptbkef Plptbkef
Pvqvkpcd Pvqvkpcd
Ygykrl Ygykrl
Soda Idwoxehtk Soda
Wgigv Wgigv
Gsbrvvyhxcc Gsbrvvyhxcc
Rjuvckvy Wdhdwqbb Wksfdqrv Sicichvcten Rjuvckvy
Ncul Ncul
Ycnmyyspjf Ycnmyyspjf
Bbvlwxnejni Jdqn
