USG EMI PST LYL EMJ USG IRG AKT XIG FPK NMY TYT NAF OJJ CMD TIB DZD GIG OKD QUA KJA BFD BJT DPP UQJ UWO WRP QUA KXU STT GUH WSF MBE OEK KND DZG WIF IUT QSO RAI ZBM BYF NRV VFE TFP STN TWC POT VKQ KHL SCZ QFZ ZLI HOD USG
47
QUA QUA
OEK OEK
KJA KJA IUL
WSF WSF
DZG DZG
IUT IUT
VKQ VKQ
KND KND
BFD BFD
TIB TIB
NMY NMY
GIG GIG
KXU KXU
STT STT
TFP TFP
OKD OKD
ZLI ZLI
RAI RAI
HOD HOD
VFE VFE
FPK FPK
DZD DZD
ZBM ZBM
BYF BYF
STN STN
DPP DPP
MBE MBE
NRV NRV
CMD CMD
UQJ UQJ
WRP WRP
IRG IRG
QFZ QFZ
EMJ EMJ
TWC TWC
SCZ SCZ
BJT BJT
LYL LYL SJL
EMI EMI
WIF WIF
KHL KHL
PST GJX PST
OJJ OJJ
XIG XIG
UWO UWO
AKT AKT
POT POT
