0 18 13 21 82 136 83 95 70 1 84 54 51 20 105 8 15 61 103 67 177 74 144 78 145 37 153 53 17 87 94 41 27 36 35 72 64 109 50 90 66 79 25 33 58 46 140 99 34 12 19 154 133 14 40 92 68 7 28 77 62 76 63 39 161 39 57 29 38 193 69 65 44 73 51 32 157 55 52 151 75 22 60 49 89 42 47 30 91 26 25 4 43 93 5 170 59 96 6 16 24 180 88 126 87 98 9 61 71 187 43 11 97 139 10 116 10 56 196 3 0
96
13 13
97 97
87 87
95 95
161 86
44 44
17 17
74 74
29 29
40 40
4 4
21 21
25 25
16 16
88 88
6 6
68 68
93 93
75 75
53 53
50 50
3 3
70 70
61 61
58 58
19 19
60 60
64 64
33 33
73 73
133 31
46 46
14 14
52 52
42 42
83 83
99 99
49 49
34 34
65 65
27 27
41 41
22 22
79 79
18 18
5 5
82 82
139 48
1 1
15 15 23
55 55
43 43
84 84
20 20
54 54
94 94
37 37
69 69
66 66
0 0
92 92
32 32
62 62
10 10
28 28
56 56
193 80
38 38
71 71
78 78
90 45 90
24 24
47 47
12 12
7 7
59 59
98 98
72 72
63 63
9 9
57 57
67 67
35 35
36 36
89 85 81 89
39 39
8 8
30 30
153 2
26 26
96 96
11 11
76 76
77 77
51 51
91 91
