0 84 13 140 2 112 188 61 181 61 97 186 150 138 57 134 114 39 50 32 9 187 72 105 96 143 121 143 11 65 148 64 81 29 82 153 128 3 170 98 167 189 36 131 16 48 108 91 23 147 104 65 95 141 169 86 0 55 174 24 197 90 143 96 46 14 167 85 164 199 27 67 94 92 55 178 132 74 171 59 135 18 41 157 88 152 19 58 56 77 21 73 182 12 176 10 149 10 109 185 144 99 158 38 145 38 125 195 112 120 172 126 198 83 123 7 1 114 134 119 194 43 45 124 26 25 129 58 19 165 139 9 32 69 161 22 137 155 0
91
1 1
2 2
3 3
9 9
10 10
11 11
12 12
13 13
14 14
16 16
18 196 106
19 19
21 21
23 23
24 24
26 26
27 27
29 29
38 38
39 39
41 41
43 43
45 45
46 46
50 50
55 55
56 56
57 57
59 59
64 64
67 67
69 69 142
72 72
73 73
74 74
77 77
81 107 101
82 82
83 83
85 85 49
86 86
90 90
92 92
94 94
95 95
96 175
97 97
98 166
99 99
104 104
105 105
108 108
112 112
114 103
119 119
121 102
123 123
124 124
125 125
128 52
129 129
131 160
132 132
137 137
138 138
139 139
141 141
143 143
145 100 51
147 147
148 148
149 20
150 150
152 152
157 157
161 161
164 164
167 167
169 169 66
170 170
172 172
176 176
181 68
182 182
185 35 185
186 186 89
188 188
189 71 189
195 195
197 197
198 198
