0 24 138 186 136 82 128 98 120 80 16 112 96 84 92 140 109 122 28 76 86 158 102 178 188 142 44 60 194 192 50 110 180 176 68 84 18 106 154 26 25 135 150 174 184 74 18 134 198 166 156 4 84 160 118 130 124 116 170 64 20 70 71 185 132 126 162 55 2 30 149 160 182 104 58 94 0
70
0 0
2 2 114
4 4 78 90
16 16
18 12 18 42 62
20 20
24 24
25 108
26 26 152
28 28
30 30
44 44
50 50
55 8 14 46 144
58 58 148
60 60
64 64
68 68
70 70
74 74 190
76 76
80 80 172
82 82
84 84
86 86
92 56 92
94 94
96 96
98 98
102 102
104 104 164
106 106
109 36 40 72
110 110
112 112
116 116
118 54 118
120 120
122 122
124 124
126 126
128 6 32 128
130 130
132 132
134 134
135 196
136 136
138 138
140 140
142 34 88 142
149 38 66
150 150
154 154
156 156
158 158
160 10 48 52 160
162 100 162 168
166 146 166
170 170
174 174
176 176
178 22 178
180 180
182 182
184 184
186 186
188 188
192 192
194 194
198 198
