Soda Boalt Senior HearstMiningCircle Etcheverry Moses Bechtel Stern Cheit EdwardsStadium Haste Koshland Soda Hertz Campbell Pitzer HaasPavilion ClarkKerr LeConte DoeLibrary GreekTheatre McCone Blackwell Soda MemorialStadium Morgan BarkerHall Cory McLaughlin Foothill HearstFieldAnnex Hildebrand Gilman VLSB Stanley Jacobs Simon Giannini NorthGate SproulPlaza Wheeler MLK Observatory Insectary KrutchTheater LifeSciences Bowles Dwinelle Soda
45
Bechtel Bechtel
Boalt Boalt
Cheit Cheit
Cory Cory
Dwinelle Dwinelle
Etcheverry Etcheverry
Giannini Giannini
GreekTheatre GreekTheatre
Haste Haste
HearstMiningCircle HearstMiningCircle
LifeSciences LifeSciences
McLaughlin McLaughlin
Jacobs Jacobs
KrutchTheater KrutchTheater
Hildebrand Hildebrand
MLK MLK
Moses Moses
Observatory Observatory
Senior Senior
SproulPlaza SproulPlaza
Stern Stern
VLSB VLSB
Wheeler Wheeler
BarkerHall BarkerHall
Blackwell Blackwell
Campbell Campbell
Bowles Bowles
ClarkKerr ClarkKerr
DoeLibrary DoeLibrary
EdwardsStadium EdwardsStadium
Foothill Foothill
Gilman Gilman
HaasPavilion HaasPavilion
HearstFieldAnnex HearstFieldAnnex
Hertz Hertz
Insectary Insectary
Koshland Koshland
LeConte LeConte
McCone McCone
MemorialStadium MemorialStadium
Morgan Morgan
NorthGate NorthGate
Pitzer Pitzer
Simon Simon
Stanley Stanley
