2 41 85 9 60 35 199 195 148 102 45 181 34 23 11 26 63 131 128 173 162 152 162 173 59 5 163 158 112 190 112 4 161 109 131 156 159 148 195 199 121 196 155 178 82 95 90 62 139 55 50 1 58 73 83 38 186 38 83 73 58 1 50 42 103 172 137 30 15 57 94 62 90 177 70 60 9 85 41 2 157 53 68 119 136 186 38 83 73 58 1 50 42 188 163 188 35 199 97 144 97 199 195 56 44 104 115 147 198 128 86 37 25 81 12 127 150 101 150 185 77 3 149 171 179 16 179 171 18 14 22 76 51 176 192 0 186 64 75 141 27 98 172 103 172 113 99 165 140 149 171 18 14 62 139 55 130 184 189 182 117 164 138 13 8 87 175 126 114 107 43 71 6 118 80 43 107 114 126 180 174 182 67 116 103 42 145 193 53 157 49 157 2
91
0 0
1 187
2 2
3 3
4 4
5 125
6 6
8 8
12 12
13 13
14 14
15 15
16 133
23 23
25 25
26 26
27 27
30 30
34 34
35 35
38 38 46
42 42
44 44
49 49
50 50
51 51
53 53
55 55
56 52 56
58 58
59 59
60 142
62 96
63 63
67 67
73 73
76 76
80 80 54
82 82
85 85
86 86
90 90
94 94
95 95
97 97
98 98
101 93 194
112 112
113 113
114 114
115 115
116 116
118 118
119 119
121 79 121 7
126 126
128 128
130 130
131 131
136 136
138 138
139 139
141 141
144 106
145 145
147 32
149 149
152 36
156 156
157 157
158 110 158
161 161
164 164
165 165
171 171
172 61
173 173
174 174 28
175 48
177 177
178 178
179 179
181 181
182 182
188 188
189 122 189
190 92
192 192
193 193
196 196
198 100
