stop0 stop167 stop116 stop54 stop97 stop3 stop38 stop47 stop140 stop1 stop113 stop8 stop98 stop105 stop0 stop127 stop2 stop75 stop160 stop52 stop3 stop112 stop169 stop13 stop145 stop23 stop129 stop67 stop9 stop3 stop6 stop69 stop77 stop118 stop3 stop147 stop163 stop0 stop16 stop101 stop100 stop141 stop0 stop161 stop63 stop117 stop0 stop143 stop33 stop133 stop72 stop82 stop48 stop41 stop50 stop149 stop57 stop70 stop88 stop12 stop10 stop7 stop4 stop122 stop139 stop1 stop55 stop108 stop7 stop128 stop4 stop159 stop2 stop121 stop138 stop99 stop2 stop156 stop158 stop59 stop144 stop137 stop92 stop51 stop154 stop56 stop124 stop44 stop68 stop14 stop102 stop76 stop2 stop36 stop37 stop89 stop115 stop0
82
stop0 stop135 stop0
stop1 stop1
stop2 stop2
stop3 stop3
stop6 stop6
stop7 stop7
stop8 stop8
stop9 stop9
stop10 stop10
stop13 stop13
stop14 stop14
stop16 stop16
stop23 stop23
stop33 stop33
stop36 stop36
stop37 stop37
stop38 stop38
stop41 stop41
stop44 stop44
stop47 stop47
stop48 stop48
stop50 stop50
stop51 stop51
stop52 stop52
stop54 stop54
stop55 stop55
stop56 stop56
stop57 stop57
stop59 stop59
stop63 stop63
stop67 stop67
stop68 stop68
stop69 stop69
stop70 stop70
stop72 stop72
stop75 stop75
stop76 stop76
stop77 stop77
stop82 stop82
stop88 stop88
stop89 stop89
stop92 stop92
stop97 stop97
stop98 stop98
stop99 stop99
stop100 stop100
stop133 stop133
stop145 stop145
stop161 stop161
stop158 stop158
stop147 stop147
stop118 stop118
stop115 stop115
stop143 stop143
stop102 stop102
stop137 stop137
stop140 stop140
stop154 stop154
stop101 stop101
stop112 stop112
stop129 stop129
stop160 stop160
stop156 stop156
stop117 stop117
stop138 stop138
stop163 stop163
stop122 stop122
stop116 stop116
stop167 stop166 stop167 stop43
stop159 stop159
stop113 stop113
stop139 stop139
stop149 stop149
stop128 stop128
stop144 stop144
stop127 stop127
stop141 stop141
stop124 stop124
stop108 stop108
stop169 stop169
stop105 stop105
stop121 stop121
