199 24 10 151 197 172 149 89 138 198 16 48 5 39 29 7 160 185 84 122 183 62 94 55 164 96 189 176 46 47 93 178 50 101 13 67 103 197 28 158 139 181 146 174 40 33 109 57 11 114 59 21 88 176 46 47 93 66 30 138 198 16 145 37 124 83 55 94 62 183 52 102 97 31 157 115 167 78 119 156 163 17 127 25 153 71 2 27 43 81 16 48 5 65 8 70 134 53 163 49 142 146 181 139 99 85 104 45 80 159 35 182 103 177 23 42 106 76 65 86 156 74 192 74 156 119 124 37 145 107 36 47 46 176 189 96 164 60 20 150 54 176 189 96 164 55 94 62 15 143 63 22 129 185 160 51 77 105 133 182 35 159 194 64 102 113 25 190 152 69 152 190 196 82 199
79
2 2
5 5 44
7 7
8 8
10 10
11 11
13 13
15 15
16 16
17 17
20 20 61
21 21 73
22 22
23 23
24 24
25 25
27 19 27
28 28
29 29
30 30
31 31
33 33
35 35
36 36
37 37
39 39 90
40 40
42 42
43 43 92
45 45
46 6 46 72
47 47
48 48
49 0 49
50 50
51 51
52 52
53 53
54 54
55 3 18 55
57 57
59 59
60 60
62 62
63 63 68
64 64
65 65
66 14 66
67 34 67 98
69 69
70 70
71 71
74 74
76 76
77 77
78 78
80 80
81 81
82 82
83 38 79 83
84 32 84
85 85
86 86
88 88
89 89
93 56 93
94 94
96 9 96
97 97
99 99
113 1
119 4
133 12 91
142 26
149 87
157 41
163 75
189 95
192 58
