SueJosephGarza KennethShannonGardel PaulShaneSoldner DarnellAliciaPeters JessicaJohnSpells WilliamGeorgeWilliam CrystalShermanVida PamelaPageBullock BrianRolandAli PaulEvanRichard BrianLuzArce AshleyWilliamClarke NathanKevinCorathers ElsieJosephPhelps MariaChristopherCast KarenErmaJensen KevinHaroldCyr JohnJoseJudd DonaldDoloresKelly LillieKathleenCervan IraJimmyYang SueCourtneyOsgood WilburnDavidMiller LauraPhilipWinkler OllieGeorgeSova AnnaKyleChang PhyllisJackWilson FranciscoFrancesHarr MaryLindaKirkland LeroySandraLewis ChristinaDanaGrant JohnDustinKenny JamesJaredGonzalez PatriciaBernardBrock ThomasAnnieRuiz MarianLuluDiaz AlfredaKirstenMartin MelindaKennethAzar LucyBennyHaag LuisHelenHughes SueJosephGarza
39
PamelaPageBullock PamelaPageBullock
LauraPhilipWinkler LauraPhilipWinkler
MaryLindaKirkland MaryLindaKirkland
IraJimmyYang IraJimmyYang
KarenErmaJensen KarenErmaJensen
ElsieJosephPhelps ElsieJosephPhelps
MariaChristopherCast MariaChristopherCast
FranciscoFrancesHarr FranciscoFrancesHarr
KevinHaroldCyr KevinHaroldCyr
BrianRolandAli BrianRolandAli
NathanKevinCorathers NathanKevinCorathers
LillieKathleenCervan LillieKathleenCervan
MelindaKennethAzar MelindaKennethAzar
ChristinaDanaGrant ChristinaDanaGrant
JessicaJohnSpells JessicaJohnSpells
PhyllisJackWilson PhyllisJackWilson
JohnJoseJudd JohnJoseJudd
AlfredaKirstenMartin AlfredaKirstenMartin
LeroySandraLewis LeroySandraLewis
ThomasAnnieRuiz ThomasAnnieRuiz
PaulEvanRichard PaulEvanRichard
WilliamGeorgeWilliam WilliamGeorgeWilliam
LucyBennyHaag LucyBennyHaag
CrystalShermanVida CrystalShermanVida
BrianLuzArce BrianLuzArce
JohnDustinKenny JohnDustinKenny
PatriciaBernardBrock PatriciaBernardBrock
LuisHelenHughes LuisHelenHughes
OllieGeorgeSova OllieGeorgeSova
WilburnDavidMiller WilburnDavidMiller
JamesJaredGonzalez JamesJaredGonzalez
KennethShannonGardel KennethShannonGardel
MarianLuluDiaz MarianLuluDiaz
DarnellAliciaPeters DarnellAliciaPeters
PaulShaneSoldner PaulShaneSoldner
SueCourtneyOsgood SueCourtneyOsgood
AnnaKyleChang AnnaKyleChang
DonaldDoloresKelly DonaldDoloresKelly
AshleyWilliamClarke AshleyWilliamClarke
