AlbertFredHaines KevinCharlesEvans CassandraJaniceGlove KevinThomasHiggins JamesJordanZamora BrettDominickSonnier CraigJohnLard MichaelElizabethWeav JosephAmandaMullen EricTinaPerea DeeAmandaBartley RickyJamesBrumfield DorisJeffreyBinger KathleenJoseClark AnnDeannaLarzazs MarkAngelaMccloud LillianJuanAncona ThomasEssieEwing JoStephenMay JeremyJamesChavez KellyJohnnaOles TravisMichelleMeller MarthaJackRobinson JudeJanetHarcourt JoannCharlieWilkinso PerryJamesBennett RonaldEdnaArant MarkDianeDuchon RobinStephenWebster WilliamDavidGray ElmerDemetriusLark EricTammyScott TommyAmandaMartin DianeElisePickett EdwardDennisStewart JimmyFlorTasson MichaelMarkHolloway WadeSonnyMcbride SandraHarryStewart DenaJewellDavis DebraJaneFitzgerald ClaudeBobbyBaker RosaPatrickYankey GaryCharlesHudson HeidiMayJohnson BernicePennyRiddick StephenWilliamCoffma CynthiaConnieWright LawrenceBarryHadden PeterJosephBarbee RolandGregoryWatson EdwardErnestSinger DwainJoeFeldman EricJamesJuckett DeniseBrunoWilliam IsaacGregGargano KathleenSherryDay ManuelaJoseBailey GeorgeHenryVillar HowardKennethCollins StormyOllieYork GeorgeWilliamJackson JessicaChristopherHa JannaDavidCarranza MaryJamesDavila JackieSharonScherrer StevenNeilNguyen JudyPearlineKaminski JohnBrendaFuller CherylMaryMorgan JohnRichardSmith ZacharyWarrenKarth GlennaMichaelBorden MarciaWalterKirschma MistyRobertKing LynnKennethChavez BradleyDeborahSaball FerdinandLukeJackson AlbertFredHaines
78
AlbertFredHaines AlbertFredHaines
WilliamDavidGray WilliamDavidGray
DeniseBrunoWilliam DeniseBrunoWilliam
GeorgeHenryVillar GeorgeHenryVillar
JoannCharlieWilkinso JoannCharlieWilkinso
DianeElisePickett DianeElisePickett
DwainJoeFeldman DwainJoeFeldman
RolandGregoryWatson RolandGregoryWatson
RobinStephenWebster RobinStephenWebster
FerdinandLukeJackson FerdinandLukeJackson
LillianJuanAncona LillianJuanAncona
EricTammyScott EricTammyScott
ManuelaJoseBailey ManuelaJoseBailey
WadeSonnyMcbride WadeSonnyMcbride
RonaldEdnaArant RonaldEdnaArant
BernicePennyRiddick BernicePennyRiddick
MarthaJackRobinson MarthaJackRobinson
GeorgeWilliamJackson GeorgeWilliamJackson
MarciaWalterKirschma MarciaWalterKirschma
JudyPearlineKaminski JudyPearlineKaminski
JohnRichardSmith JohnRichardSmith
StevenNeilNguyen StevenNeilNguyen
KathleenSherryDay KathleenSherryDay
DeeAmandaBartley DeeAmandaBartley
MaryJamesDavila MaryJamesDavila
ClaudeBobbyBaker ClaudeBobbyBaker
MichaelElizabethWeav MichaelElizabethWeav
KellyJohnnaOles KellyJohnnaOles
StephenWilliamCoffma StephenWilliamCoffma
JackieSharonScherrer JackieSharonScherrer
GlennaMichaelBorden GlennaMichaelBorden
CynthiaConnieWright CynthiaConnieWright
DorisJeffreyBinger DorisJeffreyBinger
MistyRobertKing MistyRobertKing
JosephAmandaMullen JosephAmandaMullen
JamesJordanZamora JamesJordanZamora
JohnBrendaFuller JohnBrendaFuller
JimmyFlorTasson JimmyFlorTasson
KathleenJoseClark KathleenJoseClark
CherylMaryMorgan CherylMaryMorgan
JessicaChristopherHa JessicaChristopherHa
PeterJosephBarbee PeterJosephBarbee
KevinThomasHiggins KevinThomasHiggins
StormyOllieYork StormyOllieYork
BrettDominickSonnier BrettDominickSonnier
EdwardErnestSinger EdwardErnestSinger
LawrenceBarryHadden LawrenceBarryHadden
ZacharyWarrenKarth ZacharyWarrenKarth
EricJamesJuckett EricJamesJuckett
ElmerDemetriusLark ElmerDemetriusLark
HowardKennethCollins HowardKennethCollins
RickyJamesBrumfield RickyJamesBrumfield
CassandraJaniceGlove CassandraJaniceGlove
JannaDavidCarranza JannaDavidCarranza
TommyAmandaMartin TommyAmandaMartin
DebraJaneFitzgerald DebraJaneFitzgerald
MarkAngelaMccloud MarkAngelaMccloud
LynnKennethChavez LynnKennethChavez
MichaelMarkHolloway MichaelMarkHolloway
BradleyDeborahSaball BradleyDeborahSaball
ThomasEssieEwing ThomasEssieEwing
PerryJamesBennett PerryJamesBennett
IsaacGregGargano IsaacGregGargano
GaryCharlesHudson GaryCharlesHudson
JudeJanetHarcourt JudeJanetHarcourt
JoStephenMay JoStephenMay
EdwardDennisStewart EdwardDennisStewart
KevinCharlesEvans KevinCharlesEvans
DenaJewellDavis DenaJewellDavis
HeidiMayJohnson HeidiMayJohnson
AnnDeannaLarzazs AnnDeannaLarzazs
MarkDianeDuchon MarkDianeDuchon
JeremyJamesChavez JeremyJamesChavez
CraigJohnLard CraigJohnLard
EricTinaPerea EricTinaPerea
RosaPatrickYankey RosaPatrickYankey
SandraHarryStewart SandraHarryStewart
TravisMichelleMeller TravisMichelleMeller
