dweidxeutk xdhiumwdwn sjcwiapdwb drtcvphibq vqlbufoinm cmelcyxenw aqetyrnion kgpqjqjrhc rulcikswsa hlimwiksjd gqwhfeepal wqeazvzkdf gkbqwvqnfu nmshjtpxad taoimnqdrr lgpbgvlzpo siwbsyuwap ivgiotlrrr cxrfqntbtm vpghbvlzxd xwsnmxufqy vteisghgld auonnlthcz naqyljkxxq kufcwxmspu zdiibealli hjvmodgwdg pgiiochubt fwwnyjpwnp cnbqxrvlvl rqmdukqpbg tofdobbbjt dzzxropcld ctnsbezpjg fuhtgylsov toeqvvzlae xqqirblyjw ienasnqnvt cpdpvshtof rlgdknlxmz afkxpktsxw mnmjklgmnp elifcmozpf taoimnqdrr vtquakjujf fxejnitkot dldiwncohw rzqbegeoni cavyunvwuk kjgjbkdckc bxdnijtmyn ulneltboej itouxsyevo gvxfzzmwzk nimybvgttg hcvrravrik cwexpxaktw zbgxyjmdnm wfybmclpmp dllzvxpcgk hpqsgalvar sjqdgtugly fxpsowceqq qjjslhkvnr okcwuqslme dlfzngcmgq depihfdmjk wlzaatlgns tzpaywhybw tehmqpfdnn xdmzjapanj pphebmysxy iqbyvqgkcp seqrxdjigd gmvwahagsy eeimgsecwz uqhdcumthr jiowqcrqpz klbefaxnzg gyjkhdbyvm bcwzxsuutq aihlvhrjir cowtuqqsll wwmcjuetgz bqrcwxsyuw lvqqznnzyn xjosyuakry lzsvglcvqa ouzfljsksj rqchbdjiqp xtugynuehn tdtlnqnprm arrkheyths dfgysrnikx rwobvahhfa irtbznwvcu gpbaqafhdz audojmtlep dweidxeutk
93
dweidxeutk dweidxeutk
xdmzjapanj xdmzjapanj
xwsnmxufqy xwsnmxufqy
cowtuqqsll cowtuqqsll
arrkheyths arrkheyths
tehmqpfdnn tehmqpfdnn
pgiiochubt pgiiochubt
klbefaxnzg klbefaxnzg
cavyunvwuk cavyunvwuk
tzpaywhybw tzpaywhybw
cwexpxaktw cwexpxaktw
nimybvgttg nimybvgttg
taoimnqdrr taoimnqdrr
mnmjklgmnp mnmjklgmnp
pphebmysxy pphebmysxy
wfybmclpmp wfybmclpmp
fuhtgylsov fuhtgylsov
lzsvglcvqa lzsvglcvqa
naqyljkxxq wiwpekzeuz naqyljkxxq
hlimwiksjd hlimwiksjd
aihlvhrjir aihlvhrjir
rwobvahhfa rwobvahhfa
iqbyvqgkcp iqbyvqgkcp
cmelcyxenw cmelcyxenw
zdiibealli zdiibealli
dzzxropcld dzzxropcld
wqeazvzkdf wqeazvzkdf ftrqchqaif
rzqbegeoni rzqbegeoni
rqchbdjiqp rqchbdjiqp
wwmcjuetgz wwmcjuetgz
ctnsbezpjg ctnsbezpjg
gpbaqafhdz gpbaqafhdz
cxrfqntbtm cxrfqntbtm
elifcmozpf elifcmozpf
tdtlnqnprm tdtlnqnprm
vpghbvlzxd vpghbvlzxd
cnbqxrvlvl cnbqxrvlvl
ouzfljsksj ouzfljsksj
fxpsowceqq fxpsowceqq
gyjkhdbyvm gyjkhdbyvm
dlfzngcmgq dlfzngcmgq
lgpbgvlzpo lgpbgvlzpo
uqhdcumthr uqhdcumthr
rqmdukqpbg rqmdukqpbg
vteisghgld vteisghgld
eeimgsecwz akzsqllzsv
bxdnijtmyn bxdnijtmyn
dldiwncohw dldiwncohw
gvxfzzmwzk gvxfzzmwzk
sjqdgtugly sjqdgtugly
rlgdknlxmz rlgdknlxmz
hcvrravrik hcvrravrik
jiowqcrqpz jiowqcrqpz
itouxsyevo itouxsyevo
dfgysrnikx dfgysrnikx
zbgxyjmdnm zbgxyjmdnm
tofdobbbjt tofdobbbjt
depihfdmjk depihfdmjk
siwbsyuwap siwbsyuwap
ivgiotlrrr ivgiotlrrr
irtbznwvcu irtbznwvcu
vqlbufoinm vqlbufoinm
gkbqwvqnfu gkbqwvqnfu
ienasnqnvt ienasnqnvt
gqwhfeepal gqwhfeepal
bcwzxsuutq bcwzxsuutq
sjcwiapdwb sjcwiapdwb
fxejnitkot fxejnitkot
ulneltboej ulneltboej
hjvmodgwdg hjvmodgwdg
kgpqjqjrhc kgpqjqjrhc
drtcvphibq drtcvphibq
nmshjtpxad nmshjtpxad
qjjslhkvnr qjjslhkvnr
hpqsgalvar hpqsgalvar
audojmtlep audojmtlep
fwwnyjpwnp fwwnyjpwnp
bqrcwxsyuw bqrcwxsyuw
okcwuqslme okcwuqslme
afkxpktsxw efgyvzmusc afkxpktsxw
wlzaatlgns wlzaatlgns
kjgjbkdckc kjgjbkdckc
vtquakjujf vtquakjujf
dllzvxpcgk dllzvxpcgk
rulcikswsa rulcikswsa
toeqvvzlae toeqvvzlae
xtugynuehn xtugynuehn
xdhiumwdwn xdhiumwdwn
lvqqznnzyn lvqqznnzyn
kufcwxmspu kufcwxmspu
cpdpvshtof cpdpvshtof
gmvwahagsy gmvwahagsy
auonnlthcz auonnlthcz
