Egsmith Barnton Wywick Wychbeck Staplake Penborne Shaftbridge Burfield Durnell Blanworth Stainbrough Nortley Wetwick Sudwich Pemlow Watchcombe Wenbeck Brackbrough Stainby Wenwold Sudtree Flitgrove Chelmbeck Cookford Hornborough Chelmwang Wychsmith Farnsmith Ashdown Shaftbage Egavon Wychbourne Wychnell Egtree Shaftsted Whithall Whittree Alfchester Wenside Waltditch Egsmith
30
Barnton Stapbeck Ashbourne Barnton
Chelmbeck Chelmbeck
Alfchester Alfchester
Wychsmith Wychsmith
Brackbrough Brackbrough
Nortley Nortley
Wychbourne Wychbourne
Penborne Penborne
Egavon Egavon
Wywick Wywick
Chelmwang Chelmwang
Ashdown Ashdown
Shaftbridge Shaftbridge
Stainbrough Stainbrough
Waltditch Waltditch
Wenside Wenside Burbourne
Wenwold Wenwold
Egtree Chelmden Egtree
Stainby Stainby
Shaftbage Edgey Shaftbage
Staplake Staplake
Wenbeck Wenbeck
Wychbeck Wychbeck
Cookford Cookford
Sudtree Leathermere Sudtree
Farnsmith Farnsmith
Wychnell Wychnell
Flitgrove Flitgrove
Pemlow Pemlow
Wetwick Wetwick
