Chelmbourne Wetborne Casford Stainden Prestdon Barngrove Hornley Durditch Barnham Alfcastle Whitavon Elside Alfby Leatherlake Enlow Cookton Egborne Barngrove Bracklow Pemwood Kingssted Enbage Prestey Brainbridge Nortcastle Egcastle Melborne Sudworth Wenwang Stapwold Marlton Alfwell Staintree Stafthorne Waltbrook Hartbage Bracklow Leatherlow Alfby Stapwell Staintree Elgrove Staflow Rocktree Barnden Rocktree Cookbridge Stapthorne Clerethorne Dartsted Edglow Shrivside Southmere Stainhall Wenwang Edgchester Cleredon Wyhead Sodside Kingsbrook Wenden Kingsley Edgwich Chelmbourne
47
Chelmbourne Shaftwich
Hornley Hornley
Dartsted Dartsted
Bracklow Bracklow
Kingsley Kingsley
Stapwell Stapwell
Sudworth Sudworth
Alfwell Aldhall Alfwell
Wenden Wenden
Edgchester Edgchester Horncester
Enlow Enlow
Southmere Southmere
Waltbrook Hurstworth Waltbrook
Marlton Marlton
Stapthorne Stapthorne
Egborne Egborne
Cleredon Cleredon
Hartbage Hartbage
Wenwang Wenwang
Pemwood Pemwood
Prestey Sudwich Prestey
Barnham Stapmoor Barnham
Casford Casford
Leatherlake Leatherlake
Prestdon Prestdon
Stainhall Stainhall
Elside Elside
Barnden Shrivlow
Enbage Enbage Stainside Flitham Whitover
Whitavon Whitavon
Rocktree Whitborough Horndown Rocktree
Sodside Sodside
Staintree Staintree
Durditch Durditch
Clerethorne Barnside
Shrivside Shrivside
Wyhead Wyhead
Edgwich Edgwich
Staflow Bursted Staflow
Brainbridge Brainbridge
Egcastle Egcastle
Alfby Alfby
Elgrove Elgrove Wenborough
Melborne Pemwold
Leatherlow Leatherlow
Cookton Cookton
Cookbridge Cookbridge
