qtq pxi uwp rju sfp fsl ifc rcs wuf rwt ahv krg udq unk dkn qbj thz txk tto txk rod jta htv eqm tro viv nhr fne hxp brk art idl ukh hxo tvy plx ifc xos lah bsz iuz nfy tnl tvy qnn uca jno thd ahy xdz pjx pta lbs jxq lbs hhe rxi zdf udq unk udq qfc qbe uoz kza qls qlo cpw lfh spp dpo fgo bai egz lxt orc hpb zqn cjp egz gak qjm lnv qlc mmf ase vaf zbn vsu wpq rwt ahv tmc mnv qbj rut yiz mln zye ooi nxr ynq orc nhk unf vlt ptq gup bpm cxu qoe nkx pkx tcp mbx wpo tro tmd ooc yiz ili zgs sfp npu zgf wuc uxr qtq
94
pta pta
xdz xdz
hhe hhe
htv htv
nhk nhk
qtq qtq wju
ptq ptq
hpb hpb
ase ase
krg krg
gup gup
ifc ifc
qbe qbe
jno jno
kza kza
pkx pkx
qnn qnn
nkx nkx
dkn dkn
wuc wuc
sfp sfp
cpw cpw
zgf zgf cnv
ooi xax ooi
uxr uxr
eqm eqm
ynq ynq
fne wiq
tmc tmc
jta jta
idl idl
bai bai
fgo fgo
zbn zbn
unk pxs
hxo hxo
bsz bsz
qjm qjm
tro tro
rut rut
lah lah
nfy nfy
egz vub egz
uca uca
npu npu
pjx pjx
vlt vlt
vaf vaf
mnv mnv
hxp hxp
qfc qfc
nhr nhr slq
lxt lxt
rxi rxi
tmd tmd
uoz uoz
wuf wuf
ili ili
fsl fsl
lnv lnv
uwp uwp
txk txk
yiz yiz
mbx mbx
iuz iuz
zgs zgs
cxu cxu
gak gak
udq pwa udq
jxq itg
zqn zqn
rju rju
ooc ooc
plx plx
lfh lfh
thz thz
ukh ukh
thd thd
viv viv
qlo qlo
wpq wpq
rwt rwt
brk brk
ahv ahv
cjp cjp
orc orc
xos xos
qls qls
qbj qbj
rod rod
vsu vsu
tnl tnl
ahy ahy
spp spp
