FD EI EE GN BA CN CB EN FV FY HM EK DS EX HO AV ET GJ BQ EW GM EL FP GQ BC DZ AT AB EJ FP BE BN AZ GA DF GP GA DM AC FU FD DP BO HH CM CA FG DU FK CM CG AG DE AU AF GK HD HB DI BG GO ES GX FS CO GN CC CF DN ER DA EG DQ CE GX CS GD EQ AV EM FI HF FA FM HP FR GZ AL CI GF CW DH ED GR FB CT DR EC BK AM EZ FJ HC DV BF AQ EY DB AJ EO FX HR AK BZ AD DK HN BM AJ GS CU FD
94
AC BV CK
AD AD
AF AF
AG AG
AJ AJ
AK AK
AM AM
AT AT
AU AU
AV AV
AZ AZ
BA BA
BC BC
BE BE
BF BF
BG BG
BK BK
BM BM
BN BN
BO BO
BQ BQ
BZ BZ
CA CA
CB CB
CC CC
CE AX
CF CF
CG CG
CI CI
CM BT
CO CO
CS CS
CT CT
CU CU
CW CW
DA DA
DB DB
DE DE
DF DF
DH DH
DI DI
DK DK
DM DM
DN DN
DP DP
DQ DQ
DU DU
DZ DZ
EE EE
EG EG
EJ EJ
EK FO EK
EL EL
EM EM
EN EN
EO EO
ER ER
ES ES
ET ET
EW EW
EX EX
EY EY
EZ EZ
FI FI
FJ FJ
FM FM
FP DC FP
FR FR
FS FS
FU FU
FV FV
FY FY
GA CL GA
GD GD
GF GF
GK GK
GN GN
GO GO
GP GP
GQ GQ
GR GR
GS GS
GX GX
GZ GZ
HB HB
HC HC
HD AW HD
HF GC HF
HH HH
HM FN
HN FT
HO HO
HP HP
HR HR
