Warfield Chilbury Brackcompwang Chelmstanwell Hammerringey Skelling Elmansham Sudsmith Burglebrough Chedtree Siringwang Whitchester Ketsmith Hammenshead Cicombe Todtree Cannerthorne Chedderrenswich Dartseyworth Bastleseyham Dribbingworth Worhall Suddleborne Cammerrensmoor Ketport Ashfield Millendon Windling Dribblewick Skellingden Barndberbrough Worhall Ashborne Hannenmanswick Hamsling Ashborne Tipwick Burglebrough Chedtree Suddleover Chedberdon Wyborne Cambingstoke Suddlecombe Chippingsted Botherseyworth Falport Soddlewick Cannerthorne Chedderrenswich Ciditch Stainbrough Fulbourne Southbasport Elcompbridge Chiphead Pendingbrook Ketsmith Warfield
43
Ciditch Northall
Barndberbrough Barndberbrough
Chedtree Chedtree
Ashfield Ashfield
Suddleborne Suddleborne
Soddlewick Soddlewick
Chippingsted Chippingsted
Burglebrough Burglebrough
Suddleover Suddleover
Elmansham Elmansham
Whitchester Whitchester
Warfield Warfield
Chilbury Chilbury
Cambingstoke Cambingstoke
Ketport Ketport
Windling Windling
Cammerrensmoor Cammerrensmoor
Botherseyworth Botherseyworth
Tipwick Tipwick
Chelmstanwell Chelmstanwell
Pendingbrook Pendingbrook Suddlecastle
Hannenmanswick Hannenmanswick
Chiphead Chiphead
Cicombe Cicombe
Skellingden Skellingden
Brackcompwang Brackcompwang
Dribbingworth Dribbingworth Leatherbleside
Stainbrough Worberbrook Stainbrough
Todtree Todtree
Bastleseyham Bastleseyham
Chedderrenswich Chedderrenswich
Hammerringey Hammerringey
Ashborne Ashborne
Falport Pendlewood Falport
Southbasport Southbasport
Wyborne Wyborne
Worhall Worhall
Siringwang Siringwang
Hamsling Hamsling
Millendon Millendon
Sudsmith Sudsmith
Suddlecombe Basringney Suddlecombe Horstlescompstoke Ellingreham
Skelling Skelling
