0 49 154 116 6 153 27 185 122 108 102 154 56 98 103 163 70 157 91 63 74 19 85 160 126 111 51 79 108 75 54 50 77 182 44 67 96 95 29 119 134 128 184 89 173 65 9 167 130 152 141 133 125 168 156 46 10 12 25 193 186 197 121 81 22 51 117 107 159 42 109 127 191 137 36 97 104 60 141 4 14 78 81 135 69 150 51 111 149 35 164 24 193 178 180 186 199 39 8 26 179 196 175 1 170 146 99 58 64 118 31 94 86 106 48 118 17 155 183 139 18 0
90
4 4
6 6
8 166
9 9
10 100 10
12 12
14 14
17 17
18 18
19 19
22 22
24 24
25 25
26 26 176
27 27
31 31
35 138
36 36
39 151 39
42 42
44 44
48 48
49 49
50 50
51 51
58 58
60 83
63 63
64 64
65 65
67 67 47
69 69
70 70
74 74
75 75
77 77
78 78
79 79
81 81
85 85
89 89
91 91
95 95
96 96
98 98
99 99
102 102
103 103 28
104 104
106 106
108 108
109 109
111 111
116 116 32 120
117 117
119 119
121 121
125 125
126 126
128 128
130 130
133 133
134 134
137 137
139 139
146 146
149 149
152 20
153 38
155 155
156 156
157 157
159 159 87
160 160 145
163 194 163
168 168
170 170
173 173
175 175
178 178
179 179
180 180
182 182
184 184
185 185
186 186
193 193
196 196
197 197
199 199
