Plano Rockford Riverside Tallahassee Cincinnati HuntingtonBeach Corona Brownsville Knoxville SanBernardino Madison Fremont CoralSprings NewHaven SantaClarita CorpusChristi Spokane Pomona FortWorth Norfolk FortLauderdale AnnArbor WestValleyCity GardenGrove Salinas Chicago Denton Yonkers McAllen GrandPrairie Portland Tampa Killeen Allentown SantaAna Tulsa LouisvilleJefferson Reno Omaha Oxnard Atlanta Vancouver Pasadena Irving Amarillo Chandler Miami Mobile HuntingtonBeach Hartford Dallas Worcester Sacramento Vallejo KansasCity Garland Providence JerseyCity Anaheim Elizabeth Glasses Hollywood Escondido Akron Elizabeth Anaheim Lafayette Waco Wichita Chesapeake OWO Mesa Memphis Montgomery MorenoValley Warren SanFrancisco Rochester OklahomaCity Cary LasVegas Joliet Thornton Anchorage Salinas Davidson SanAntonio Houston Glendale Tampa Laredo SantaRosa Stamford Glasses LosAngeles Lancaster Torrance PembrokePines Ontario Denver Hayward Topeka Huntsville Lafayette PembrokePines Lincoln AnnArbor Frisco Thornton Joliet Mesquite Worcester NewOrleans HuntingtonBeach Olathe Hampton SantaClara Plano
84
Vancouver Vancouver
Mobile Mobile
FortLauderdale FortLauderdale
Pomona Pomona
Garland Garland
SantaClarita SantaClarita
Mesquite Mesquite
Rockford Rockford
GrandPrairie GrandPrairie
Oxnard Oxnard
Irving Irving
Anchorage Anchorage
JerseyCity JerseyCity Pikachu
GardenGrove GardenGrove
Allentown Allentown
Laredo Laredo
Olathe LittleRock Olathe Irvine
SanFrancisco SanFrancisco
Tulsa Tulsa
Davidson Davidson
Montgomery Montgomery
Portland Portland
OklahomaCity OklahomaCity
CorpusChristi CorpusChristi
Corona Corona
Cary Cary
Stamford Stamford
Denver Denver
Escondido Escondido
Ontario Ontario
Lincoln Lincoln
Anaheim Anaheim
OWO OWO
Vallejo Vallejo
Hayward Hayward
Dallas Dallas
Chicago Chicago
Huntsville Huntsville
Wichita Wichita
Akron Akron
Denton Denton
Cincinnati Cincinnati
Brownsville Brownsville
Glendale Glendale
Waco Waco
Madison Madison
Hartford Hartford
Atlanta Beaumont Atlanta
Killeen Killeen
Lancaster Lancaster
Thornton Thornton
Hampton Hampton
Torrance Torrance
NewOrleans Surprise Greensboro NewOrleans
Norfolk Norfolk
LouisvilleJefferson LouisvilleJefferson
Warren Warren
Memphis Charleston Memphis
Hollywood Hollywood
Riverside Riverside
McAllen McAllen
LasVegas LasVegas
Worcester Worcester
Glasses SanJose Glasses
Tampa Tampa ThousandOaks
Yonkers Raleigh
MorenoValley MorenoValley
Omaha Omaha
Knoxville Knoxville
SantaClara SantaClara
AnnArbor StLouis AnnArbor
Mesa Mesa
Houston Houston
Miami Miami
SanBernardino SanBernardino
NewHaven NewHaven
Elizabeth Elizabeth
Pasadena Norman Pasadena Sunnyvale
Salinas Salinas
Fremont Fremont
Lafayette Lafayette
HuntingtonBeach AugustaRichmond SimiValley HuntingtonBeach
SantaRosa FortCollins SantaRosa SiouxFalls
SanAntonio SanAntonio
