0 185 23 122 184 125 119 174 154 163 154 114 17 137 129 21 193 39 56 152 138 40 187 98 88 172 67 2 80 26 12 100 183 182 50 17 5 160 8 135 112 120 167 26 113 192 113 76 33 158 107 115 153 179 102 13 197 30 94 17 72 78 52 199 59 106 177 37 108 20 193 27 3 4 9 130 83 87 89 151 24 31 103 9 190 87 11 65 128 81 61 165 42 159 43 87 114 111 164 51 160 195 22 74 38 131 84 86 133 35 157 19 89 96 175 173 6 15 16 116 66 0
91
0 0
2 2
3 3
4 4
5 5
8 8 71
9 9
11 11
13 13 14
15 15
16 16
17 17
20 20
21 21
22 22
23 23
24 24
26 26
27 27
31 31
33 33
35 35
37 101
38 38
39 39
42 42
43 43
50 50
51 51 69
52 52
56 56
59 59
65 65
66 66
67 67
72 72
74 74
78 68 78
80 80
81 81
83 83
84 84
86 86
89 89
94 94
96 96
98 98
100 100
102 102
103 103
107 107
108 166
111 111
114 114
115 115
116 116
120 120
125 125
128 28 128
129 47 129
130 130
131 93
133 133
137 137
138 138
151 151
152 152
153 153
154 154
157 157
158 158
159 159
160 160
163 1 146
164 164
165 141
167 167
172 134 172
173 173
174 174
175 70 143
177 177
182 182
183 183
184 184
187 187
190 190
192 18
193 193
197 197
199 199
