vLeODpVlYSBeYNDYoXha biqCAetglYuANrTRzMiX pdXCnKagnvEntNTuPHdK dyUDfEGgAoSshTRjMZZg zxeoSbTqbWPpSzalAtBI MlwlINEFqmyzZNPXRLJF tVzUgXVoBYxBMnkkwFmk ZbyHJLmoTqNpTnlUVJZC aCucdhmWbhlrgfstQigR BXzACdzjLITNgbmDPlEu UAwuKFcUHFyvaFCTLpOT QQSjCkgLAWAPObYQvNsB jwIBHKkXHTPVsOJwBOsr VhDSPHxolLkNxxDnpUyx mevvwcZLudaokctOWvKe iBYHAWUhqeQPjphQzpdN jzQJaGLLiuQLhhyqBagr iDucfyZGMCbCQbXjbQqM CfkBzkPETvagyIDCsLTD oCvaAQKOXXWgeSNnUmae OVoYVQPnlYoZBBKtyuLk TCAkluAESUWAMGFeNcGN FqdjKgdpEanmCnmxJMFA fPxvnMVMFwhJbNBURdgD VhDSPHxolLkNxxDnpUyx SouQfuEdAivolPXFbygH LGqbVTsFMANIedVHAALW WCCOEUYmDvzZlrkDAqoi xQaDpDGAXhDYzSMnMWvb TwgqMzgExFHTIfcwfBnr wRjMmrpRuknxqunJrMAE DqUxIMslnixWfmkjQTmS ajvbaFpYiEBJySPsSLaI sBkAYRISjTYinLFSNcKW vGdJmIpYPUGRspXiVLdc jmyIIpKWZirXrVKTQApa fHcdXnOxSadpKeCUwNYm fvEcAuRDdfuHEPLNpaTz sXfgLMwoysnMazVSWnhc sdSgCnaZeeOuPKljZOSr FEqXJcVrZfnSsHEUPhnl QkAjrUUuVdzSMnlfJLcO NciLXNPTvMoXdbTDZmlg CmbFyJmcvVqyCmJgQxeI gMqbbwopmbxmOomqZjfm gIttwvzcgONwFblnGIqq gzxzakmqbxbsOczuQVLG UAwuKFcUHFyvaFCTLpOT QQSjCkgLAWAPObYQvNsB qbmGewAditsWkTFHdxjP QQSjCkgLAWAPObYQvNsB RjKEHTlRvtaVBbyqZVAw ubTtmhAXQixwuFvQluYa WWpSpmTaSazKGIcNlBvp CPszTohYUHARNedzFlDK AdXveYSBaneNwCQzrdSw ruLqpYqEzGGiKysvsarb ybrQlUhznqOhsvndWAbl NAHeKyyhAObyyUEUSkSU gMqbbwopmbxmOomqZjfm ZbyHJLmoTqNpTnlUVJZC uyPyJzKFqWxgSNmpkDrB vLeODpVlYSBeYNDYoXha
42
fvEcAuRDdfuHEPLNpaTz fvEcAuRDdfuHEPLNpaTz
ybrQlUhznqOhsvndWAbl ybrQlUhznqOhsvndWAbl
CfkBzkPETvagyIDCsLTD CfkBzkPETvagyIDCsLTD
QQSjCkgLAWAPObYQvNsB QQSjCkgLAWAPObYQvNsB
AdXveYSBaneNwCQzrdSw AdXveYSBaneNwCQzrdSw
gzxzakmqbxbsOczuQVLG gzxzakmqbxbsOczuQVLG gEufXNuuWhnlbNYaoQFJ
VhDSPHxolLkNxxDnpUyx VhDSPHxolLkNxxDnpUyx PLDOWRIeaCSVLMyDadzC
zxeoSbTqbWPpSzalAtBI zxeoSbTqbWPpSzalAtBI
xQaDpDGAXhDYzSMnMWvb xQaDpDGAXhDYzSMnMWvb
RjKEHTlRvtaVBbyqZVAw RjKEHTlRvtaVBbyqZVAw
QkAjrUUuVdzSMnlfJLcO QkAjrUUuVdzSMnlfJLcO
dyUDfEGgAoSshTRjMZZg dyUDfEGgAoSshTRjMZZg
TwgqMzgExFHTIfcwfBnr TwgqMzgExFHTIfcwfBnr DWWCMAjZQQIEKOIiHFQN cZgmtoPGHxdozTaDMiyf
ajvbaFpYiEBJySPsSLaI fToHwimUqLsKcKLZHiUX
BXzACdzjLITNgbmDPlEu BXzACdzjLITNgbmDPlEu
wRjMmrpRuknxqunJrMAE iBjjCWwkYToOKfrrLnny
jzQJaGLLiuQLhhyqBagr jzQJaGLLiuQLhhyqBagr
iDucfyZGMCbCQbXjbQqM iDucfyZGMCbCQbXjbQqM
jwIBHKkXHTPVsOJwBOsr jwIBHKkXHTPVsOJwBOsr
pdXCnKagnvEntNTuPHdK pdXCnKagnvEntNTuPHdK
MlwlINEFqmyzZNPXRLJF MlwlINEFqmyzZNPXRLJF
ruLqpYqEzGGiKysvsarb ruLqpYqEzGGiKysvsarb
qbmGewAditsWkTFHdxjP cvlwIwajcIlbhZbyFgmq
NciLXNPTvMoXdbTDZmlg NciLXNPTvMoXdbTDZmlg
mevvwcZLudaokctOWvKe NVEtShKeuxpaFIOiyVqE mlipOrSnGcxXtoXBbRyl FcEsyaTmqpoyvbDrHjlc
gIttwvzcgONwFblnGIqq gIttwvzcgONwFblnGIqq
DqUxIMslnixWfmkjQTmS DqUxIMslnixWfmkjQTmS TqyFrXuGvuBuqnpYbjKc
aCucdhmWbhlrgfstQigR aCucdhmWbhlrgfstQigR
NAHeKyyhAObyyUEUSkSU NAHeKyyhAObyyUEUSkSU
iBYHAWUhqeQPjphQzpdN iBYHAWUhqeQPjphQzpdN
sBkAYRISjTYinLFSNcKW sBkAYRISjTYinLFSNcKW
fPxvnMVMFwhJbNBURdgD fPxvnMVMFwhJbNBURdgD
CPszTohYUHARNedzFlDK CPszTohYUHARNedzFlDK
sXfgLMwoysnMazVSWnhc sXfgLMwoysnMazVSWnhc
FEqXJcVrZfnSsHEUPhnl ASXwCgVTXDdhSXJwFovC
gMqbbwopmbxmOomqZjfm UgFPXEAdAfcfHGIbNTsq gMqbbwopmbxmOomqZjfm
fHcdXnOxSadpKeCUwNYm fHcdXnOxSadpKeCUwNYm
WCCOEUYmDvzZlrkDAqoi WCCOEUYmDvzZlrkDAqoi
OVoYVQPnlYoZBBKtyuLk OVoYVQPnlYoZBBKtyuLk
CmbFyJmcvVqyCmJgQxeI CmbFyJmcvVqyCmJgQxeI
uyPyJzKFqWxgSNmpkDrB uyPyJzKFqWxgSNmpkDrB
tVzUgXVoBYxBMnkkwFmk tVzUgXVoBYxBMnkkwFmk
