a1 g1 g2 c1 c2 c3 c8 c9 c12 c9 c8 c3 c2 c1 g2 f1h f20 f1h f4 f1h f2 f1h f18 f1h f20 f1h f12 f1h f20 f1h f14 f1h f10 f1h f6 f1h f20 f1h f8 f1h f16 f1h g2 g1 b1h b2 b3 b12 b3 b2 b1h g1 a1
19
a1 a21h
b1h b1h
b3 b4h b5h b7h b10h
b12 b13h
c3 c6h
c9 c11h c15h c17h c19h c21h
c12 c13h
f1h f1h
f2 f3h
f4 f5h
f6 f7h
f8 f9h
f10 f11h
f12 f13h
f14 f15h
f16 f17h
f18 f19h
f20 f21h f22h f23h f24h f25h f26h f27h f28h f29h f30h f31h f32h f33h f34h f35h f36h f37h f38h f39h f40h f41h f42h f43h f44h f45h f46h f47h f48h f49h f50h f51h f52h f53h f54h f55h f56h f57h f58h f59h f60h f61h
g2 d8h d13h e4h e6h
