Jingzhou Wittenau TanahMerah Shively Depok CoonRapids Malnate Srinagar Kheri Carouge Ronse AzZuwaytinah RioFormoso Radnor LondonderryCountyBor Ghugus Manduria Khangarh Bejucal FortLauderdale Ibri Colachel Ketrzyn SanJosedeOcoa Tottori Thamaga Carouge Kheri Ermelo Shumen Jeypore Sarzedo Tabatinga CoonRapids Sagalo BurgbeiMagdeburg Kabarnet Sanaa JabalosSaraj Frosinone Ouarzazat Veenendaal Shizunaifurukawacho Entroncamento Srinagar Kirovsk SmederevskaPalanka Chittaranjan NiagaraFalls elCampello Carmichael Carouge Rangae SaintMichael MelitodiNapoli BeneBeraq Gangtok Rembangan Crespo Khabarovsk Chegem Lysva Jingzhou
50
Sagalo Sagalo
Ghugus Ghugus
Sarzedo Sarzedo
Khabarovsk Khabarovsk
JabalosSaraj JabalosSaraj
SanJosedeOcoa SanJosedeOcoa
elCampello elCampello
Chegem Chegem
Manduria Manduria
Tottori Tottori
Sanaa Sanaa
SaintMichael SaintMichael
RioFormoso RioFormoso
Ketrzyn Ketrzyn
Crespo Crespo
AzZuwaytinah AzZuwaytinah
Kirovsk Kirovsk
Ermelo Ermelo
Thamaga Thamaga
Srinagar Srinagar
Shively Shively
Rembangan Rembangan
Ronse Ronse
LondonderryCountyBor LondonderryCountyBor
Radnor Radnor
Ouarzazat Ouarzazat
CoonRapids CoonRapids
Lysva Lysva
Entroncamento Entroncamento
Colachel Colachel
Rangae Rangae
Tabatinga Tabatinga
BeneBeraq BeneBeraq
Ibri Ibri
Gangtok Gangtok
Carouge Carouge
Shumen Shumen
Chittaranjan Chittaranjan
Jeypore Jeypore
Malnate Malnate
BurgbeiMagdeburg BurgbeiMagdeburg
Kabarnet Kabarnet
FortLauderdale FortLauderdale
Shizunaifurukawacho Shizunaifurukawacho
Veenendaal Veenendaal
Depok Depok
TanahMerah TanahMerah
Bejucal Bejucal
Kheri Kheri
Carmichael Carmichael
