LesLilas Nahorkatiya Garbsen Marchena Vyazniki Ontinyent Ibirataia Langenhorn Haripur Turek SantanadoLivramento CapimGrosso MonteAlegre Kambove ChalcodeDiazCovarrub Pezinok Escada Mauban WestIslip Embu Tabou EastLongmeadow Gorgan NahiyatashShinafiyah SaintCyrlEcole Johnston Wenchi Hangu Daokou Sosnovka HaciendaLaCalera Acarau Akcaabat Arang Wangon Ipil MineralnyeVody ChalcodeDiazCovarrub Gunzenhausen Sorada Baramula Johnston Prostejov Manacapuru Korsakov AscoliPiceno Fuxin Nagar Escada Kairouan AinBessem Shchekino AshtonunderLyne Aringay Kaifeng Butuan Acireale Banting SenaMadureira Twante Daokou NorthAurora VillaPauladeSarmient KotRadhaKishan Izhevsk Biskra SouthSaintPaul Kemise Aracuai NorthAurora Vaniyambadi Yafo Anjarah Khulm Lloydminster BlueIsland Skelmersdale FortWorth Mandan Sobue SenadorPompeu Angleton Mondlo AinArnat MadinatHamad BlueIsland Kotka Hirosaki Mabopane Rhondda PortoVelho Battambang Mandan Gowurdak Shurugwi Rivas Espiye Shchekino Itororo Malpe Shieli Mocoa FetestiGara Andrychow SanJuandelaMaguana NoblePark Kotka Itororo Ortaca Morwa Oerlinghausen Belalcazar Pezinok Kineshma SpanishTown Malpe Braila Bury PriegodeCordoba Shimofurano Arzamas TagbilaranCity Haora Pozzuoli LesLilas
99
Kaifeng Kaifeng
Gorgan Gorgan
Fuxin Fuxin
Anjarah Anjarah
VillaPauladeSarmient VillaPauladeSarmient
PriegodeCordoba PriegodeCordoba
HaciendaLaCalera HaciendaLaCalera
Twante Twante
Ontinyent Ontinyent
SaintCyrlEcole SaintCyrlEcole
Mocoa Mocoa
AshtonunderLyne AshtonunderLyne
Izhevsk Izhevsk
Wenchi Wenchi
Hirosaki Hirosaki
Gowurdak Gowurdak
Embu Embu
Espiye Espiye
AinArnat AinArnat
EastLongmeadow EastLongmeadow
Daokou Daokou
SpanishTown SpanishTown
Vaniyambadi Vaniyambadi
Johnston Johnston
Aracuai Zhaodong Aracuai
Shieli Shieli
MineralnyeVody MineralnyeVody
Oerlinghausen Oerlinghausen
Kemise Kemise
Langenhorn Langenhorn
Sosnovka Sosnovka
Baramula Baramula
MadinatHamad MadinatHamad
WestIslip WestIslip
Acarau Acarau
FortWorth FortWorth
Tabou Tabou
Manacapuru Manacapuru
NoblePark NoblePark
Sorada Sorada
Yafo Yafo
Ibirataia Ibirataia
MonteAlegre MonteAlegre
Khulm Khulm
Morwa Morwa
Kairouan Kairouan
SanJuandelaMaguana SanJuandelaMaguana
Itororo Itororo
Haripur Haripur
Battambang Battambang
Arzamas Arzamas
TagbilaranCity TagbilaranCity
Bury Bury
Ortaca Ortaca
Akcaabat Akcaabat
Shurugwi Shurugwi
Turek Turek
Belalcazar Belalcazar
KotRadhaKishan KotRadhaKishan
Nagar Nagar
Pozzuoli Pozzuoli
Lloydminster Lloydminster
Wangon Wangon
SantanadoLivramento SantanadoLivramento
CapimGrosso CapimGrosso
SouthSaintPaul SouthSaintPaul
Vyazniki Vyazniki
Kotka Kotka
Haora Haora
BlueIsland BlueIsland
Kineshma Kineshma
Skelmersdale Skelmersdale
Gunzenhausen Gunzenhausen
SenaMadureira SenaMadureira
Rhondda Rhondda
PortoVelho PortoVelho
Shimofurano Shimofurano
Andrychow Andrychow
Prostejov Prostejov
AinBessem AinBessem
Mabopane Mabopane
Hangu Hangu
Kambove Kambove
Rivas Rivas
ChalcodeDiazCovarrub ChalcodeDiazCovarrub
Shchekino Shchekino
Braila Braila
Butuan Butuan
Acireale Acireale
SenadorPompeu SenadorPompeu
Korsakov Korsakov
Escada Escada
Banting GuaMusang
NahiyatashShinafiyah NahiyatashShinafiyah
Angleton Angleton
FetestiGara FetestiGara
Sobue Sobue
Pezinok Pezinok
Garbsen Garbsen
