EFLJOTk qKAN35ZxfJxs2n cPnISetFj7gG8o9K fMV6tQxP AUKNFdTo r5x QyWIcdD7GorZtfQJb I0a5SBtiDKckQxXh155L 4W JQX0b S5 q4W 1p3lWfo8qHHC 9PHu2NLeEO 4W tZ 13GDMZYtkIBDG8SVi5px K6 6mx6unEnl Xn8chReB4cAIE2gsbLF 7F9H97joVTdU8ZEpeb fgxHyKXvIAKSHtMEoO Tb5qjVS0DSkDKD 4pWeD5 q9b8L0oiOJr IRUxJNqQHDtKwk tC5KpkScgYX02k vngV9R4 SoHxfA mQzeU6iv7 eJxYI EJOi3LI92xJB Q7Ib7B EFLJOTk
27
IRUxJNqQHDtKwk IRUxJNqQHDtKwk
tZ tZ
4pWeD5 4pWeD5
vngV9R4 vngV9R4
cPnISetFj7gG8o9K cPnISetFj7gG8o9K
K6 K6
1p3lWfo8qHHC Kpec 8I1AatPM 1p3lWfo8qHHC
6mx6unEnl 6mx6unEnl
SoHxfA SoHxfA
AUKNFdTo AUKNFdTo
JQX0b JQX0b
r5x r5x
fMV6tQxP fMV6tQxP
7F9H97joVTdU8ZEpeb 7F9H97joVTdU8ZEpeb
EJOi3LI92xJB EJOi3LI92xJB
Tb5qjVS0DSkDKD Tb5qjVS0DSkDKD
Xn8chReB4cAIE2gsbLF Xn8chReB4cAIE2gsbLF
9PHu2NLeEO 9PHu2NLeEO
qKAN35ZxfJxs2n qKAN35ZxfJxs2n 0e
fgxHyKXvIAKSHtMEoO fgxHyKXvIAKSHtMEoO
4W 4W
I0a5SBtiDKckQxXh155L I0a5SBtiDKckQxXh155L
mQzeU6iv7 mQzeU6iv7
q9b8L0oiOJr q9b8L0oiOJr
QyWIcdD7GorZtfQJb QyWIcdD7GorZtfQJb
S5 S5
13GDMZYtkIBDG8SVi5px 13GDMZYtkIBDG8SVi5px
