lyenDXSN V8N Vfe589mWfZoDleGgD cnYBED3IXb5fpZ 6yeW7sat9rvd DYfBQTocj M1PxrOPSNUVpc akZmiQ7tmX mMU5Ux7Gh9w VNvsbB7eWJcAK0fU C8PRtY0wMczFLQQYxa zzYmU5YFhvp1 Plmj0j hVfqebryM4wN A67f L 7Q zI 61 fzp vAIBd1Ae w5sd5 CmV KtvQaJqCJTRpXM8ZI vJxAK1LaHyuu4yFNeul hpRsyMlXH1H 6DVIvuGfPs2BU EJDqk K0A9bbVLm9atwTf HwQeXpOEZHQ3s l hjCFXN9kbqn0UCNsZ G50hiUpVStHCMrd frNA534JEvY4f o3refHnx4qioqHztqMYE nWkakNi6Qt9d4g K6yVeBnomxSBet wcmx8dhmsO cYPTdnJWL GPeb ImSpax 7h2PJW8oD2ihKQrfQ6 lt1a5E0H llx2p cs0 wBJRoqVxn1t Mu BR hU wKxe lyenDXSN
36
GPeb GPeb
M1PxrOPSNUVpc M1PxrOPSNUVpc
vAIBd1Ae vAIBd1Ae
hjCFXN9kbqn0UCNsZ hjCFXN9kbqn0UCNsZ
BR BR
G50hiUpVStHCMrd G50hiUpVStHCMrd
KtvQaJqCJTRpXM8ZI KtvQaJqCJTRpXM8ZI
wcmx8dhmsO wcmx8dhmsO
hU hU
6yeW7sat9rvd 6yeW7sat9rvd
K0A9bbVLm9atwTf MBLHuIgjJIXs K0A9bbVLm9atwTf
l l f
llx2p llx2p
Plmj0j Plmj0j
zI zI
EJDqk 2AR73oQdnbYqnDCGMFS
61 61
nWkakNi6Qt9d4g nWkakNi6Qt9d4g
Mu Mu
6DVIvuGfPs2BU 6DVIvuGfPs2BU
hVfqebryM4wN nqeGwct hVfqebryM4wN
HwQeXpOEZHQ3s HwQeXpOEZHQ3s
ImSpax ImSpax
VNvsbB7eWJcAK0fU VNvsbB7eWJcAK0fU
wBJRoqVxn1t wBJRoqVxn1t
frNA534JEvY4f frNA534JEvY4f
zzYmU5YFhvp1 zzYmU5YFhvp1
7Q 7Q
cYPTdnJWL cYPTdnJWL
A67f A67f
CmV CmV
vJxAK1LaHyuu4yFNeul vJxAK1LaHyuu4yFNeul
lt1a5E0H lt1a5E0H
L L
o3refHnx4qioqHztqMYE o3refHnx4qioqHztqMYE
akZmiQ7tmX akZmiQ7tmX jvdVvQ
