0 68 18 149 174 171 197 191 159 133 146 154 153 18 148 137 176 132 18 144 134 138 18 150 183 168 194 165 175 130 131 162 135 179 185 20 198 177 142 151 156 186 143 166 20 187 20 68 0
40
18 136 139 140 141 145 147 152 155 157 158 160 161 163 164
20 167 169 170 172 173 178 180 181 182 184 188 189 190 192 193 195 196 199
130 130
131 131
132 132
133 133
134 134
135 135
137 137
138 138
142 142
143 143
144 144
146 146
148 148
149 149
150 150
151 151
153 153
154 154
156 156
159 159
162 162
165 165
166 166
168 168
171 171
174 174
175 175
176 176
177 177
179 179
183 183
185 185
186 186
187 187
191 191
194 194
197 197
198 198
