0 1 6 11 16 21 24 25 21 16 11 13 12 11 16 21 26 29 30 26 32 31 32 26 21 16 11 6 1 0 198 197 196 191 192 186 181 176 171 166 170 169 166 171 166 167 161 163 162 156 151 146 141 136 131 126 129 130 126 131 136 141 146 151 146 141 136 139 140 136 141 136 131 126 128 127 121 127 121 116 111 112 106 101 96 91 93 92 86 87 81 76 71 76 80 79 76 71 66 61 56 60 59 56 61 66 71 73 72 71 76 81 87 86 92 91 95 94 91 96 101 106 112 111 116 121 127 126 131 136 137 138 136 141 146 151 156 162 161 167 166 171 176 181 176 171 166 167 161 162 156 151 146 141 136 131 126 127 121 116 111 112 106 101 102 103 101 96 91 92 86 87 81 76 71 66 61 56 57 51 46 41 42 36 42 41 46 51 53 52 51 57 58 56 61 66 71 76 81 87 86 92 91 96 101 105 104 101 106 112 111 116 121 127 126 131 136 141 146 151 156 162 161 167 166 171 176 181 186 192 191 196 197 198 0
71
1 3
6 7
11 14
12 12
13 13
16 17 19
21 22
24 24
25 25
26 27
29 29
30 30
31 35 34 38
32 33 32
36 39
41 44
42 42
46 48 47
52 52
53 53
58 58
59 59
60 60
61 63 65 64 62
66 70 68
71 75 74
72 72
73 73
76 78
79 79
80 80
81 83 84 82
86 90
87 87
93 93
94 94
95 95
96 100 99 98 97
102 102
103 103
104 104
105 105
106 109 107 108
111 114 113
112 112
116 118
121 122
127 127
128 128
129 129
130 130
131 135
137 137
138 138
139 139
140 140
141 144 143 145 142
146 149
151 155 152 153
156 159
161 164 165
162 162
163 163
169 169
170 170
171 173
176 180 179
181 183 184 185
186 189 187
191 193 195
192 192
