Dannemora Fire Earlville Deposit Hempstead Hewlett Fairview Mills Fabius Norwich Freeville Farnham Florida Farmingville Frewsburg Odessa Forest Fishers Deferiet Germantown Dexter Gowanda Fredonia Harbor Fayetteville Herkimer Freeport Forestville Granville Deer Delanson Dunkirk Frewsburg Odessa Depauville Ghent Freeport Fonda Fleischmanns Hamburg DeRuyter Fairmount Dexter Hermon Franklinville Dansville Delevan Galeville Germantown Delmar Herricks Depew Geneva Fairport Fulton Gardiner Hannibal Odessa Flanders Frankfort Goshen Franklin Delhi Frewsburg Odessa Hannibal Gardiner Falconer Gasport Oceanside Flower Hamburg Dannemora
47
Dansville Dansville
Deer Deer
Deferiet Deferiet
Delanson Delanson
Delevan Delevan
Delhi Delhi
Delmar Delmar
Depauville Depauville
Depew Depew
Deposit Deposit
DeRuyter DeRuyter
Dexter Dexter
Dunkirk Dunkirk
Earlville Earlville Firthcliffe
Fabius Fabius
Fairmount Fairmount
Fairport Fairport
Fairview Fairview
Falconer Falconer
Farmingville Farmingville
Farnham Farnham
Fayetteville Fayetteville
Fire Fire
Fishers Fishers
Flanders Flanders
Fleischmanns Fleischmanns
Florida Florida
Flower Flower
Fonda Fonda
Forest Forest
Forestville Davis Forestville
Frankfort Frankfort
Franklin Franklin
Franklinville Franklinville
Fredonia Fredonia
Freeport Freeport
Freeville Freeville
Frewsburg Frewsburg
Fulton Fulton
Galeville Galeville
Gardiner Friendship Gardiner
Gasport Gasport
Geneva Geneva
Germantown Germantown
Ghent Ghent
Mills Fishkill
Oceanside Fair
