Acton Compton Bowles Buttonwillow Boronda Cherryland Firebaugh Arnold Campbell Coachella Banning Fresno Bluewater Cerritos Broadmoor Dixon Calabasas Beaumont Copperopolis Bakersfield Canyondam Encinitas Armona Fullerton Avery Capitola Bradley Caruthers Covelo Ashland Alhambra Brawley Eureka Caribou Anderson Cerritos Bell Alpaugh Escalon Alpaugh Benicia Beaumont Copperopolis Cherryland Cambria Cayucos Arvin Bishop Carson Antioch Bluewater Cerritos Aptos Fairfield Alturas Florin Calexico Blairsden Downey Covina Cudahy Bodfish Cotati August Forestville Byron Biggs Fowler Adelanto Bradbury Fellows Burney Chino Bootjack Cloverdale Altadena Foresthill Covelo Farmersville Atascadero Bonsall Clyde Boronda Beckwourth Calistoga Anaheim Calwa Arcadia Belvedere Bonita Fallbrook Artesia Fresno Angwin Bolinas Bellflower Carlsbad Concow Carrick Alameda Berkeley Auburn Ceres Farmersville Carpinteria Columbia Fillmore Arcata Belden Alhambra Cambria Belmont Brisbane Burbank Calimesa Barstow Capitola Azusa Cobb Cabazon Amesti Coachella Freedom Carmichael Duarte Cupertino Bloomington Carson Calwa Fortuna Avenal Fruitdale Escondido Albany Bayview Colfax Aromas Davis Calimesa Burbank Galt Brentwood Biola Arbuckle Blythe Esparto Alamo Avalon Columbia Brawley Eureka Concow Carlsbad Bellflower Carlsbad Acton
93
Adelanto Adelanto
Alameda Alameda
Alamo Alamo
Albany Albany
Alhambra Alhambra Burlingame
Alpaugh Alpaugh
Altadena Altadena
Alturas Alturas
Amesti Amesti
Anaheim Anaheim Bystrom
Anderson Anderson
Angwin Angwin
Antioch Antioch
Aptos Aptos
Arbuckle Arbuckle
Arcadia Arcadia
Arcata Arcata
Armona Armona
Arnold Arnold
Aromas Aromas
Artesia Artesia
Arvin Arvin
Ashland Ashland
Atascadero Atascadero
Auburn Auburn
August August Castroville
Avalon Avalon
Avenal Avenal
Avery Avery
Azusa Azusa
Bakersfield Bakersfield
Banning Banning
Barstow Barstow
Bayview Bayview
Beaumont Beaumont
Beckwourth Beckwourth
Belden Belden
Bell Bell
Bellflower Bellflower
Belmont Belmont
Belvedere Belvedere
Benicia Benicia
Berkeley Berkeley
Biggs Biggs
Biola Biola
Bishop Bishop Brea
Blairsden Atherton Blairsden
Bloomington Bloomington
Bluewater Bluewater
Blythe Blythe
Bodfish Bodfish
Bolinas Bolinas
Bonita Bonita
Bonsall Bonsall
Bootjack Bootjack
Boronda Boronda
Bowles Bowles
Bradbury Bradbury
Bradley Bradley
Brawley Brawley
Brentwood Brentwood
Brisbane Brisbane
Broadmoor Broadmoor
Burbank Burbank Camarillo
Burney Burney
Buttonwillow Buttonwillow
Byron Byron
Cabazon Cabazon
Calabasas Calabasas
Calexico Calexico
Calimesa Calimesa
Calistoga Calistoga
Calwa Calwa
Cambria Almanor Cambria
Campbell Campbell
Canyondam Canyondam
Capitola Capitola
Caribou Caribou
Carlsbad Carlsbad
Carmichael Carmichael
Carpinteria Carpinteria
Carrick Carrick
Carson Carson
Caruthers Caruthers
Cayucos Cayucos
Ceres Ceres
Cerritos Cerritos
Columbia Alpine
Cotati Boron
Covelo Cartago
Cupertino Auberry
Escalon Calipatria
Escondido Atwater
