0 22 31 11 13 3 24 35 45 46 56 47 58 67 85 94 95 104 114 123 151 161 162 172 184 185 175 149 139 148 159 178 156 135 126 115 132 143 162 193 196 186 167 168 158 157 147 128 119 89 87 84 92 90 80 82 73 75 55 54 43 52 51 30 12 15 36 27 28 17 8 19 4 0
70
3 3
4 4
8 8
11 11
12 12
13 13
15 6 15
17 17
19 19
22 22
24 24
27 27
28 28
30 20 30 40
31 31
35 35
36 26 36
43 33 43
45 45
46 46
47 47 57
51 51
52 52 62
54 54
55 55
56 56 66
58 58
67 77
73 63 64 73
75 75 76
80 80
82 82
84 84
85 85
87 87 107
89 89
90 90
92 91 92 111
94 94
95 95 105
104 104
114 114 124
115 115
119 119
123 112 123
126 126
132 132
135 135
139 139
143 143
147 137 147
148 138 148
149 149
151 150 151
156 155 156
157 157
158 158
159 159
161 161 180
162 162
167 167
168 168
172 171 172 173
175 175
178 178 188
184 174 184
185 185
186 186
193 192 193
196 196
