Loc1 Loc16 Loc42 Loc71 Loc64 Loc9 Loc162 Loc54 Loc5 Loc12 Loc3 Loc22 Loc53 Loc29 Loc167 Loc45 Loc170 Loc165 Loc177 Loc56 Loc180 Loc134 Loc190 Loc138 Loc0 Loc115 Loc111 Loc166 Loc75 Loc98 Loc50 Loc158 Loc197 Loc44 Loc4 Loc133 Loc164 Loc11 Loc126 Loc141 Loc185 Loc8 Loc150 Loc132 Loc78 Loc65 Loc136 Loc106 Loc66 Loc188 Loc70 Loc95 Loc23 Loc124 Loc41 Loc94 Loc130 Loc27 Loc178 Loc147 Loc45 Loc62 Loc120 Loc175 Loc146 Loc97 Loc113 Loc77 Loc142 Loc107 Loc1 Loc30 Loc172 Loc48 Loc154 Loc12 Loc15 Loc72 Loc46 Loc49 Loc76 Loc131 Loc101 Loc84 Loc159 Loc157 Loc103 Loc157 Loc192 Loc162 Loc189 Loc72 Loc99 Loc174 Loc60 Loc174 Loc118 Loc93 Loc153 Loc90 Loc183 Loc22 Loc182 Loc187 Loc14 Loc131 Loc7 Loc88 Loc38 Loc156 Loc100 Loc1
76
Loc0 Loc0 Loc51 Loc61 Loc83 Loc109 Loc163
Loc1 Loc67 Loc137 Loc143
Loc3 Loc3
Loc4 Loc171
Loc5 Loc5
Loc7 Loc7
Loc8 Loc8
Loc9 Loc9
Loc11 Loc11
Loc14 Loc14
Loc15 Loc15
Loc16 Loc16
Loc23 Loc23
Loc27 Loc27
Loc30 Loc30
Loc38 Loc38
Loc42 Loc13
Loc44 Loc44
Loc46 Loc46
Loc50 Loc50
Loc53 Loc53
Loc54 Loc54
Loc56 Loc195
Loc60 Loc60
Loc62 Loc62
Loc65 Loc65
Loc70 Loc32
Loc71 Loc71
Loc75 Loc75
Loc76 Loc76
Loc77 Loc77
Loc88 Loc18
Loc94 Loc94
Loc95 Loc95
Loc97 Loc97
Loc98 Loc85 Loc149
Loc99 Loc99
Loc100 Loc100
Loc101 Loc101
Loc103 Loc103
Loc106 Loc106
Loc107 Loc107
Loc111 Loc111
Loc113 Loc74 Loc151 Loc59 Loc123
Loc115 Loc91 Loc128
Loc118 Loc118
Loc124 Loc124
Loc132 Loc132
Loc133 Loc133
Loc136 Loc160
Loc138 Loc31 Loc168 Loc176
Loc141 Loc141
Loc142 Loc39 Loc52
Loc146 Loc6 Loc25 Loc145
Loc147 Loc147
Loc153 Loc153
Loc154 Loc154
Loc158 Loc20 Loc122 Loc140
Loc159 Loc159
Loc162 Loc17 Loc37 Loc57 Loc144
Loc165 Loc19 Loc110
Loc167 Loc96 Loc167
Loc170 Loc170
Loc172 Loc172
Loc174 Loc33
Loc175 Loc175
Loc177 Loc177
Loc178 Loc129
Loc180 Loc180
Loc182 Loc182
Loc183 Loc183
Loc188 Loc188
Loc189 Loc189
Loc190 Loc190
Loc192 Loc192
Loc197 Loc197
