pace other quadruple ask candle dialogue home flag injury tolerate decisive linger physics note tablet imposter pound attraction coffin bitter rage deposit page nationalist swop fortune financial mercy mixture chair respect throne structure output joint single country market banana widen native development skeleton gallon skeleton profound notebook interactive election buffet exempt brake bowel joystick beg ex teacher hospitality terms deter identity straighten pig pier bleed environment interface electronics swop joystick guarantee attraction exclusive dip excuse curriculum chew drawer compromise view profound coast swear tool railcar guarantee attraction native blonde virgin winner virgin blonde native development desk enemy illusion tolerate decisive greeting begin lake thirsty dough linger title due ignore shiver blonde native paper autonomy quality boom confrontation forge coast lifestyle cotton paper viable likely other pace
87
pace pace
likely comfortable likely
excuse excuse
skeleton skeleton
environment environment
injury injury rob
output output
due due
page mature page
view dive
profound profound
throne throne
guarantee guarantee
physics physics
exempt exempt
tablet tablet
market market
forge forge
dough dough
exclusive exclusive
other other
brake scheme
nationalist acceptance
winner assignment
buffet buffet
autonomy autonomy
respect respect
pig pig
financial financial
interactive error interactive
tool liver tool
lake feature
fortune atmosphere
linger exile
gallon injection
banana driver
dip dip
imposter imposter
swear rent swear
shiver shiver
coast coast
chair chair
straighten straighten
boom boom
rage rage
structure structure
decisive decisive
attraction attraction
ask ask
curriculum curriculum
notebook pardon
ignore audience ignore
teacher teacher
drawer drawer
widen widen
terms thumb
election election
country triple knot country
note note
home home
development development
cotton cotton
blonde pipe
mercy mercy
virgin virgin
confrontation confrontation
bleed smile headline
railcar railcar
electronics electronics
begin begin
identity identity coincide
greeting greeting
desk spoil
viable viable
lifestyle lifestyle
enemy control stress enemy
interface interface
chew offset
candle candle
swop swop
deter deter
coffin coffin
native native
flag flag
bowel bowel
illusion illusion
quadruple quadruple
