C0 C123 C168 C124 C179 C145 C194 C141 C122 C165 C185 C134 C154 C186 C167 C141 C93 C168 C137 C146 C171 C132 C139 C115 C187 C166 C154 C190 C198 C132 C113 C161 C192 C143 C137 C167 C127 C123 C165 C108 C136 C160 C149 C146 C101 C167 C97 C121 C186 C10 C152 C0
35
C0 C0
C10 C10
C93 C93
C97 C97
C101 C101
C108 C66
C121 C95 C121
C122 C122 C49 C114
C123 C35 C16 C52 C103 C19 C129 C153 C182 C63 C104 C181 C164 C20 C123 C3
C124 C78 C77 C58 C124
C127 C127
C132 C132
C134 C134
C137 C137 C55 C32
C139 C139
C141 C45 C4 C56 C7 C141 C105
C145 C145 C31 C120
C146 C146 C11 C84
C149 C149
C152 C152
C154 C154 C30
C160 C160 C59
C161 C161
C165 C165 C119 C100 C57
C166 C166
C167 C167 C26 C27
C168 C144 C70 C168 C169 C24 C50 C196 C2 C43 C110
C171 C171 C28
C179 C179 C193 C107 C47 C18 C68
C185 C185 C48 C172
C187 C87 C8 C88 C25
C190 C190
C192 C5 C192 C51 C1
C194 C54 C194
C198 C74 C198 C86 C71
