1 52 73 18 26 121 30 185 98 119 31 54 31 17 60 168 101 193 22 19 13 53 90 137 186 62 49 6 132 32 99 92 131 176 51 47 7 162 97 95 170 182 64 83 193 22 46 76 157 119 98 6 93 100 56 134 110 79 138 13 58 173 96 80 108 156 86 5 10 153 165 128 161 193 105 68 130 12 116 194 115 20 78 66 129 152 60 23 12 147 82 140 61 57 71 112 43 165 88 58 163 4 159 54 84 59 42 14 7 36 91 175 14 136 53 13 190 82 1
72
1 142 199 174
7 7
12 12
13 13
14 14
18 18
23 23
26 26
31 127 31
36 36
42 42
43 43
46 46
49 49
51 51
52 89 52
53 53
56 56
57 57
58 58
60 60
64 64
66 66
71 71
73 3
78 78
82 82
83 83
84 84
86 86
88 88
90 90
91 91
92 92
93 93
95 95
96 96
98 98
99 99
101 101
105 105
108 108
110 110
115 115
116 116
119 103 119
121 121
128 128
129 129
130 130
132 132
136 136
137 137
138 138
140 140
147 147
152 152
153 153
156 156
157 157
159 159
161 161
162 162
163 163
175 175
176 176
182 182
185 185
186 186
190 190
193 15 193
194 194
