Lesnoy Hueytown Brentwood Zgorzelec Yangambi Gisborne Artur Portogruaro Stade Ishim Gisborne Pingyi Malaut Blackpool Hudiksvall Franceville Rutherglen Sungurlu Winsford Sun Hueytown Glogovac Visitacion GatesNorth Lesnoy
22
Hueytown Hueytown
Gisborne Dharmapuri Meerut Kundla Gisborne
Hudiksvall Hudiksvall
Visitacion Visitacion
Sungurlu Sungurlu
Rutherglen Rutherglen
Winsford Winsford
Sun Sun
Pingyi Pingyi
Malaut Malaut
Blackpool Blackpool
Glogovac Glogovac
GatesNorth GatesNorth
Lesnoy Lesnoy
Brentwood Brentwood
Portogruaro Portogruaro
Ishim Ishim
Stade Stade
Artur Artur
Zgorzelec Zgorzelec
Yangambi Yangambi
Franceville Franceville
