1 83 72 71 1 62 132 50 1 119 120 110 1 86 12 28 3 41 6 80 126 77 3 89 66 5 18 29 78 20 90 53 42 44 130 4 3 88 118 76 106 17 58 92 114 104 30 137 3 116 102 113 70 64 46 8 34 136 96 11 108 14 36 95 1 2 60 107 48 143 84 26 24 122 144 38 1 4 10 65 94 52 142 4 3 100 22 4 3 140 54 56 82 101 138 128 1 23 1
84
1 35 47 59 74 98 131 134
2 2
3 16 32 40 68 112 124 125
4 4
5 5
6 6
8 8
10 10
11 11
12 12
14 14
17 17
18 18
20 20
22 22
23 23
24 24
26 26
28 28
29 29
30 30
34 34
36 36
38 38
41 41
42 42
44 44
46 46
48 48
50 50
52 52
53 53
54 54
56 56
58 58
60 60
62 62
64 64
65 65
66 66
70 70
71 71
72 72
76 76
77 77
78 78
80 80
82 82
83 83
84 84
86 86
88 88
89 89
90 90
92 92
94 94
95 95
96 96
100 100
101 101
102 102
104 104
106 106
107 107
108 108
110 110
113 113
114 114
116 116
118 118
119 119
120 120
122 122
126 126
128 128
130 130
132 132
136 136
137 137
138 138
140 140
142 142
143 143
144 144
