create feign creation pride cancel skip ballot bring mechanism colon linear maze appear contract absorption deck breakin adult minimize celebration basketball dose merit hide childish company suffer predict magnitude belief think community nationalism perception direct exotic top line accessible scrap tin transmission fuss pupil farewell crew battery concern prove bracket pastel steward create
50
concern concern
company company
top top
belief belief
hide hide
basketball basketball
battery battery
pastel pastel
crew crew
linear linear
adult adult
minimize minimize
farewell farewell
ballot ballot
scrap scrap
appear appear
creation creation
deck deck
perception perception
childish childish
exotic exotic
think think
skip skip
community community
tin tin
suffer suffer
merit merit
colon colon
bracket bracket
breakin breakin
prove prove
pride pride
nationalism nationalism
magnitude magnitude
transmission transmission
contract contract
mechanism mechanism
cancel cancel
direct direct
line line
absorption absorption
dose dose
predict predict
feign feign
accessible accessible
maze maze
pupil pupil
fuss fuss
celebration celebration
steward steward
