pride domestic magnitude hide prove top tribe east creation trance formation denial transaction lobby thank dedicate deter makeup pupil appear linear knit cancel homosexual shelter thread ballot snap childish valid minimize bracket contract gift mind tin rabbit belief skip fuss integrated concern create salmon work glide breakin inhibition fortune offensive desk maze leash dramatic magnetic vote company exotic transmission community dilemma think farewell partnership nationalism basketball accessible bring suffer whole pastel battery craftsman traction car colon adult equinox crew dialect absorption direct merit dose perception deck mechanism present mosaic huge wrong line berry scrap predict steward seller loud celebration feign pride
100
concern concern
company company
top top
belief belief
hide hide
basketball basketball
battery battery
pastel pastel
crew crew
linear linear
adult adult
minimize minimize
farewell farewell
ballot ballot
scrap scrap
appear appear
creation creation
deck deck
perception perception
childish childish
exotic exotic
think think
skip skip
community community
tin tin
suffer suffer
merit merit
colon colon
bracket bracket
breakin breakin
prove prove
pride pride
nationalism nationalism
magnitude magnitude
transmission transmission
contract contract
mechanism mechanism
cancel cancel
direct direct
line line
absorption absorption
dose dose
predict predict
feign feign
accessible accessible
maze maze
pupil pupil
fuss fuss
celebration celebration
steward steward
snap snap
whole whole
salmon salmon
partnership partnership
present present
dramatic dramatic
traction traction
thread thread
wrong wrong
desk desk
shelter shelter
denial denial
knit knit
glide glide
dialect dialect
lobby lobby
gift gift
east east
leash leash
loud loud
magnetic magnetic
valid valid
formation formation
huge huge
berry berry
bring bring
integrated integrated
equinox equinox
car car
fortune fortune
tribe tribe
create create
seller seller
makeup makeup
homosexual homosexual
deter deter
offensive offensive
mosaic mosaic
trance trance
thank thank
rabbit rabbit
mind mind
inhibition inhibition
work work
craftsman craftsman
domestic domestic
dedicate dedicate
dilemma dilemma
vote vote
transaction transaction
