3a 23a 28a 57a 64a 4a 47a 73a 56a 62a 5a 1a 43a 71a 12a 74a 21a 24a 44a 35a 25a 39a 60a 14a 34a 13a 31a 99a 2a 38a 7a 16a 42a 20a 66a 69a 77a 22a 41a 32a 30a 67a 58a 65a 69a 68a 52a 103a 72a 49a 6a 92a 75a 79a 29a 96a 84a 37a 61a 40a 80a 53a 51a 0a 59a 48a 95a 3a
54
0a 0a
1a 1a
4a 4a
5a 5a 93a
6a 6a
7a 7a
14a 14a
16a 16a
21a 87a 88a 15a 21a
22a 22a
23a 23a
25a 25a
28a 28a
29a 29a
30a 30a
31a 31a
32a 32a
34a 34a
35a 35a
37a 37a
38a 38a
39a 39a
40a 40a
41a 41a
42a 42a
43a 43a
44a 44a
47a 47a
48a 48a
49a 49a 98a
51a 51a
52a 52a
53a 9a 53a
56a 56a
57a 57a
58a 58a
60a 60a
61a 61a 83a
62a 62a
64a 64a
65a 65a
66a 66a
67a 67a
71a 71a
72a 72a
73a 73a
75a 75a
77a 77a
79a 79a
80a 80a
84a 84a
92a 92a
96a 96a
99a 99a
