loc0 loc120 loc12 loc132 loc74 loc165 loc148 loc6 loc45 loc182 loc180 loc90 loc104 loc87 loc68 loc36 loc82 loc189 loc22 loc186 loc78 loc117 loc122 loc192 loc18 loc100 loc117 loc136 loc84 loc88 loc138 loc56 loc174 loc190 loc114 loc152 loc138 loc118 loc168 loc195 loc130 loc123 loc110 loc24 loc46 loc30 loc162 loc134 loc81 loc10 loc48 loc105 loc106 loc165 loc128 loc126 loc4 loc144 loc170 loc198 loc160 loc102 loc150 loc146 loc117 loc94 loc177 loc86 loc129 loc8 loc42 loc188 loc147 loc176 loc75 loc142 loc54 loc72 loc140 loc96 loc112 loc15 loc184 loc159 loc80 loc192 loc18 loc14 loc108 loc66 loc124 loc27 loc116 loc27 loc38 loc0
80
loc0 loc0
loc4 loc4
loc6 loc6
loc8 loc8
loc10 loc10
loc12 loc12
loc14 loc14
loc18 loc18 loc172 loc178
loc22 loc22
loc24 loc24
loc27 loc16 loc58 loc92
loc30 loc30
loc36 loc36 loc196
loc38 loc38
loc42 loc42
loc45 loc164
loc46 loc46
loc48 loc48
loc54 loc54
loc56 loc56
loc66 loc66 loc156
loc68 loc68
loc72 loc72
loc74 loc74
loc78 loc26 loc78
loc80 loc80
loc82 loc82
loc84 loc84
loc86 loc86
loc88 loc88
loc90 loc90
loc94 loc94
loc96 loc96
loc100 loc100
loc102 loc102
loc104 loc104
loc105 loc50
loc106 loc106
loc108 loc108
loc110 loc110
loc112 loc112
loc114 loc114
loc116 loc116
loc117 loc154 loc158 loc194
loc118 loc118
loc120 loc120
loc122 loc122
loc123 loc40
loc124 loc124
loc126 loc28 loc60 loc98 loc126
loc128 loc128
loc130 loc76 loc130
loc132 loc2 loc62 loc132
loc134 loc134
loc136 loc136
loc138 loc138
loc140 loc140
loc142 loc142
loc144 loc20 loc32 loc144
loc146 loc146
loc148 loc148
loc150 loc150
loc152 loc152
loc159 loc52
loc160 loc160
loc162 loc162
loc168 loc70 loc168
loc170 loc170
loc174 loc174
loc176 loc176
loc177 loc64
loc180 loc180
loc182 loc182
loc184 loc184
loc186 loc34 loc186
loc188 loc188
loc190 loc190
loc192 loc192
loc195 loc166
loc198 loc44 loc198
