start g8 g10 g11 g15 g12 g9 g13 g17 g21 g16 g12 g8 start e3 e4 e3 start h1 h8 h1 start h2 start d3 start c3 start f14 f13 f5 f15 f16 f17 f7 f14 f10 f20 f19 f18 f9 f14 start g8 g12 g16 g20 g15 g12 g9 g7 g6 start g3 g4 start e7 e8 e7 start e17 e15 e17 start b16 b10 b11 b12 b13 b14 b13 b12 b11 b10 b16 start g5 g1 g4 start b16 b17 b18 b19 b20 b19 b18 b17 b16 start h4 h22 h21 h19 h18 h6 h16 h12 h11 h1 start a5 a1 start c3 c8 c9 c10 c13 c12 c11 c20 c17 c18 c24 c23 c30 c29 c27 c31 c35 c36 c20 c11 c8 c3 start a4 a3 start g8 start
58
start f11 d1 a2 e19
b10 b1 b2
b11 b3
b12 b4
b13 b5
b14 b6
b18 b26
b20 b15 b24 b25
c3 c1 c5
c20 c21
d3 d4 d5
e3 e20
e4 e21
e7 e23
e8 e22
e15 e24 e25
h2 h26
h4 h24
h6 h17
h8 h9
h12 h13
g1 g1
g3 g3
g4 g4
g5 g5
g6 g2 g6
g7 g7
g8 g8
g9 g9
g10 g10
g11 g11 g14
g12 g12
g13 g13
g15 g15 g18 g19 g23
g16 g16
g17 g17
g20 g20
g21 g21 g22 g24 g25
f13 f12 f13
f14 f14
f15 f15
f16 f16
f17 f17
f18 f18
f19 f19
f20 f20
c10 c10
c13 c13 c15
c17 c17
c23 c23
c27 c26 c27
c31 c31 c33
a1 a1
a3 a3
a4 a4
a5 a5
h18 h18
h22 h22
