Qatar Australia Belgium Andorra VaticanCity Tuvalu Nicaragua Albania Mozambique Belarus Senegal Mongolia Montenegro CentralAfricanRep MarshallIslands Macedonia Gabon France SaintLucia Qatar America Tanzania Tajikistan Kyrgyzstan UnitedKingdom Estonia Burundi DemofChina Egypt Angola Sweden CostaRica SanMarino Georgia Singapore Armenia Malta Liberia Danzig SierraLeone Peru Mali Morocco Haiti Netherlands Guyana CzechRepublic Albania Qatar
43
Mongolia Mongolia
Albania Albania
America America
Kyrgyzstan Kosovo Kyrgyzstan
VaticanCity UAE GuineaBissau Tunisia VaticanCity Lebanon
Armenia Armenia
CzechRepublic CzechRepublic
Peru Peru
Tanzania Tanzania
UnitedKingdom UnitedKingdom
Tuvalu Tuvalu
Mali Mali
France France
Guyana Guyana
Andorra Andorra
Australia Australia RussianFederation
Gabon Gabon
Nicaragua Nicaragua
Netherlands Netherlands
Tajikistan Tajikistan
Mozambique Mozambique
Burundi Burundi
SierraLeone SierraLeone
Senegal Senegal
Sweden Sweden
Montenegro Montenegro
Danzig Danzig
Georgia Georgia
Angola Angola
Haiti Haiti
Liberia Liberia
Belarus Belarus Uzbekistan
Morocco Morocco
SanMarino SanMarino
CostaRica CostaRica
Macedonia Macedonia
Belgium Belgium
Egypt Egypt
SaintLucia SaintLucia
Singapore Singapore
Estonia Estonia
Malta Malta
DemofChina DemofChina
