Nepal Georgia Belgium Botswana Mauritius Palau Vietnam Fiji Tanzania Liechtenstein Argentina Tajikistan Kuwait SouthAfrica Panama Niger Vietnam SaintLucia VaticanCity TheGambia MarshallIslands Slovakia Serbia NewZealand Fiji Afghanistan Suriname Estonia Ecuador Azerbaijan Belarus Nepal
25
Liechtenstein Liechtenstein
Palau Palau
Vietnam Vietnam
Estonia Estonia
Afghanistan Afghanistan
Georgia Georgia
Panama Panama
MarshallIslands MarshallIslands
Fiji Fiji
Azerbaijan Azerbaijan
NewZealand NewZealand
Kuwait Kuwait
Suriname Suriname
Argentina Argentina
Mauritius Mauritius
SaintLucia SaintLucia
Belarus Belarus
Botswana Botswana
Serbia Serbia
VaticanCity VaticanCity
Tajikistan Tajikistan
Slovakia Slovakia
Tanzania Tanzania
Niger Niger
Belgium UAE
