x182 x187 x127 x185 x38 x165 x158 x143 x64 x106 x15 x127 x79 x27 x64 x137 x113 x31 x161 x169 x147 x177 x191 x192 x171 x102 x53 x92 x118 x151 x58 x112 x5 x172 x21 x6 x7 x135 x43 x90 x128 x79 x127 x49 x87 x195 x4 x165 x38 x146 x20 x32 x183 x74 x76 x21 x58 x127 x187 x68 x9 x135 x26 x114 x76 x31 x103 x50 x170 x72 x48 x19 x9 x19 x59 x195 x119 x45 x127 x187 x46 x61 x59 x2 x88 x153 x100 x92 x184 x129 x3 x83 x92 x18 x9 x50 x10 x143 x69 x14 x77 x64 x137 x68 x66 x86 x187 x160 x8 x17 x50 x9 x136 x30 x184 x98 x127 x79 x21 x113 x38 x71 x20 x99 x23 x119 x45 x43 x141 x121 x107 x71 x77 x14 x45 x43 x86 x11 x182
80
x2 x2
x3 x3
x4 x4
x6 x6
x7 x7
x8 x8
x9 x95
x10 x10
x11 x11
x14 x14 x94
x15 x15
x17 x17
x18 x18
x19 x19
x20 x20 x166
x21 x21 x164
x23 x23
x26 x26
x27 x27
x30 x30
x31 x80 x31
x32 x32
x38 x109
x43 x43
x45 x45 x189
x46 x46
x48 x48
x49 x49
x50 x50
x53 x53
x58 x58
x59 x59 x186 x82
x61 x61
x64 x64 x156
x66 x66
x69 x69
x71 x71 x139
x72 x72 x125
x74 x74
x76 x76
x77 x77
x79 x79
x83 x83
x86 x86 x84
x87 x87
x88 x88
x92 x92
x98 x98
x99 x99
x100 x159 x100
x102 x102
x103 x194
x106 x106
x107 x107
x112 x42 x179
x113 x113
x114 x114
x118 x118
x119 x119
x127 x127 x56
x128 x128
x136 x136
x137 x137
x141 x138 x141
x143 x143
x146 x146
x147 x147
x151 x151
x153 x153
x161 x161
x165 x163
x169 x104 x55
x172 x172
x177 x155 x177 x25 x198 x116
x182 x182
x183 x183
x184 x184
x185 x185
x191 x133
x192 x192
