Clearnesse Ironriver Goldwyvern Esterfall Oakmere Dellwyn Oldmoor Eriwall Courtcastle Valhaven Foxhaven Marbleiron Morwald Foxvale Woodice Corbank Courtwall Buttermead Newby Butterbush Morwall Westvale Violetley Freyview Ironshore Clearnesse
25
Marbleiron Marbleiron
Courtcastle Courtcastle
Ironriver Ironriver
Courtwall Courtwall
Morwald Morwald
Clearnesse Clearnesse
Valhaven Valhaven
Buttermead Buttermead
Violetley Violetley
Westvale Westvale
Woodice Woodice
Esterfall Esterfall
Eriwall Eriwall
Goldwyvern Goldwyvern
Newby Newby
Foxvale Foxvale
Morwall Morwall
Oakmere Oakmere
Foxhaven Foxhaven
Freyview Freyview
Ironshore Ironshore
Oldmoor Oldmoor
Dellwyn Dellwyn
Butterbush Butterbush
Corbank Corbank
