Shoreburn Morwall Marbleiron Fairice Janholt Courtwall Stoneglass Seamoor Bluedell Erilyn Oakmere Greensummer Silverbarrow Ostwynne Buttermead Brightrock Dellwyn Mistshore Foxvale Esterfall Rosegate Mallowbridge Lochmage Wellbank Newley Rosemill Butterhill Violetfay Southpine Strongfall Butterbush Coldville Eastcastle Courtcastle Icenesse Southwheat Highmont Starryhill Wooddell Courtedge Greenshore Clearland Wellmage Goldcrest Morwald Corbank Bushgate Fairsage Applecastle Verthedge Brightmere Violetley Springfox Freymere Oldmoor Windbridge Redwell Deephedge Bluewyn Freyview Irondeer Orfort Bluedale Wildemarsh Fogland Stonefair Goldwyvern Blackbush Fieldedge Greyice Snowsage Summermage Flowerfield Newby Redlake Clearnesse Westerlight Snowshore Lightmere Butterway Esterash Northwynne Eriwall Foxhaven Flowermill Ironriver Newmill Mallowway Bluelake Mallowness Silverlea Orbarrow Westvale Wolflea Valhaven Ironshore Silverwitch Westmill Woodice Northriver Shoreburn
100
Marbleiron Marbleiron
Courtcastle Courtcastle
Ironriver Ironriver
Courtwall Courtwall
Morwald Morwald
Clearnesse Clearnesse
Valhaven Valhaven
Buttermead Buttermead
Violetley Violetley
Westvale Westvale
Woodice Woodice
Esterfall Esterfall
Eriwall Eriwall
Goldwyvern Goldwyvern
Newby Newby
Foxvale Foxvale
Morwall Morwall
Oakmere Oakmere
Foxhaven Foxhaven
Freyview Freyview
Ironshore Ironshore
Oldmoor Oldmoor
Dellwyn Dellwyn
Butterbush Butterbush
Corbank Corbank
Esterash Esterash
Stonefair Stonefair
Westerlight Westerlight
Clearland Clearland
Bushgate Bushgate
Brightmere Brightmere
Stoneglass Stoneglass
Wildemarsh Wildemarsh
Wellmage Wellmage
Snowshore Snowshore
Irondeer Irondeer
Lightmere Lightmere
Southwheat Southwheat
Westmill Westmill
Lochmage Lochmage
Shoreburn Shoreburn
Erilyn Erilyn
Eastcastle Eastcastle
Rosemill Rosemill
Wolflea Wolflea
Greenshore Greenshore
Bluedell Bluedell
Newley Newley
Fairsage Fairsage
Greyice Greyice
Greensummer Greensummer
Southpine Southpine
Ostwynne Ostwynne
Violetfay Violetfay
Northwynne Northwynne
Redlake Redlake
Butterway Butterway
Brightrock Brightrock
Fogland Fogland
Silverwitch Silverwitch
Butterhill Butterhill
Deephedge Deephedge
Flowerfield Flowerfield
Coldville Coldville
Mallowbridge Mallowbridge
Blackbush Blackbush
Bluewyn Bluewyn
Silverbarrow Silverbarrow
Rosegate Rosegate
Freymere Freymere
Newmill Newmill
Icenesse Icenesse
Mallowness Mallowness
Fieldedge Fieldedge
Verthedge Verthedge
Highmont Highmont
Mistshore Mistshore
Applecastle Applecastle
Bluedale Bluedale
Orbarrow Orbarrow
Strongfall Strongfall
Silverlea Silverlea
Mallowway Mallowway
Flowermill Flowermill
Seamoor Seamoor
Northriver Northriver
Starryhill Starryhill
Wooddell Wooddell
Wellbank Wellbank
Janholt Janholt
Bluelake Bluelake
Orfort Orfort
Redwell Redwell
Springfox Springfox
Summermage Summermage
Goldcrest Goldcrest
Courtedge Courtedge
Fairice Fairice
Snowsage Snowsage
Windbridge Windbridge
