Brightmere Wildemarsh Newby Snowshore Esterash Morwall Foxvale Buttermead Bushgate Bluedell Clearnesse Stonefair Courtcastle Irondeer Oakmere Southwheat Courtwall Rosemill Marbleiron Lochmage Foxhaven Dellwyn Fairsage Eriwall Stoneglass Freyview Newley Wolflea Violetley Greenshore Corbank Wellmage Lightmere Eastcastle Valhaven Butterbush Woodice Westmill Shoreburn Ironshore Westerlight Morwald Oldmoor Goldwyvern Esterfall Clearland Erilyn Westvale Ironriver Greyice Brightmere
50
Marbleiron Marbleiron
Courtcastle Courtcastle
Ironriver Ironriver
Courtwall Courtwall
Morwald Morwald
Clearnesse Clearnesse
Valhaven Valhaven
Buttermead Buttermead
Violetley Violetley
Westvale Westvale
Woodice Woodice
Esterfall Esterfall
Eriwall Eriwall
Goldwyvern Goldwyvern
Newby Newby
Foxvale Foxvale
Morwall Morwall
Oakmere Oakmere
Foxhaven Foxhaven
Freyview Freyview
Ironshore Ironshore
Oldmoor Oldmoor
Dellwyn Dellwyn
Butterbush Butterbush
Corbank Corbank
Esterash Esterash
Stonefair Stonefair
Westerlight Westerlight
Clearland Clearland
Bushgate Bushgate
Brightmere Brightmere
Stoneglass Stoneglass
Wildemarsh Wildemarsh
Wellmage Wellmage
Snowshore Snowshore
Irondeer Irondeer
Lightmere Lightmere
Southwheat Southwheat
Westmill Westmill
Lochmage Lochmage
Shoreburn Shoreburn
Erilyn Erilyn
Eastcastle Eastcastle
Rosemill Rosemill
Wolflea Wolflea
Greenshore Greenshore
Bluedell Bluedell
Newley Newley
Fairsage Fairsage
Greyice Greyice
