129 15 46 2 55 35 179 92 13 118 32 145 172 89 123 103 192 121 92 13 118 45 139 94 27 165 40 3 173 64 119 162 49 76 179 92 124 137 16 25 70 96 7 19 43 72 21 101 170 101 97 41 157 110 154 196 37 160 74 127 113 146 88 31 61 69 167 69 122 142 8 181 106 133 85 184 109 34 51 197 107 82 180 145 99 129
48
7 7
13 13
16 16
19 19
25 25
31 31
32 187
34 34
37 37
40 40
43 43 67 79 151 190
45 22
46 46
49 49
55 55
61 61 112
64 64 91
70 70
76 76
82 82
85 85
88 1 88
94 94
97 97
101 52 148
103 103
106 106 178
109 109
118 10 28 100 118 166
119 163
121 121
124 124
127 127
133 133
139 139
142 142
145 145
154 154 193
157 4 157
160 160
167 130
170 58 73 136
172 172
181 169 181
184 184
192 175
196 196
197 115
