FacultyClub Durham MartinezCommons UniversityHouse SproulPlaza OptometryLibrary MelvinLaboratory FPF Birge AnthropologyLibrary Sproul StowPlaza CareerCenter Morrison Stephens AndersenAuditorium Investigative IRLE Cheit Wheeler PacificFilmArchive Manville Unit3 HearstGym InternationalHouse McCone EnergyBuilding BrainImagingCenter Etcheverry MLK CITRIS SpringerGateway DonnerLaboratory Hilgard BioscienceLibrary MediaCenter ArtHistoryLibrary BancroftDance LawrenceofScience NewspapersLibrary Mulford Spieker Koshland OBrien EarthLibrary StudentUnion SutardjaDai Warren EarthquakeLibrary FacultyClub
47
FacultyClub FacultyClub
BioscienceLibrary BioscienceLibrary
SutardjaDai SutardjaDai
Etcheverry Etcheverry
SproulPlaza SproulPlaza
Hilgard Hilgard
StudentUnion StudentUnion
EarthquakeLibrary EarthquakeLibrary
UniversityHouse UniversityHouse
LawrenceofScience LawrenceofScience
Mulford Mulford
CareerCenter CareerCenter
HearstGym HearstGym
Durham Durham
OBrien OBrien
Spieker Spieker
FPF FPF
PacificFilmArchive PacificFilmArchive
BrainImagingCenter BrainImagingCenter
Morrison Morrison
Wheeler Wheeler
Cheit Cheit
Manville Manville
Koshland Koshland
Investigative Investigative
EarthLibrary EarthLibrary
EnergyBuilding EnergyBuilding
MediaCenter MediaCenter
StowPlaza StowPlaza
MartinezCommons MartinezCommons
MelvinLaboratory MelvinLaboratory
BancroftDance BancroftDance
AndersenAuditorium AndersenAuditorium
Unit3 Pimentel Jacobs Unit3
AnthropologyLibrary AnthropologyLibrary
Stephens Stephens
InternationalHouse InternationalHouse
OptometryLibrary Library OptometryLibrary
IRLE IRLE
SpringerGateway SpringerGateway
DonnerLaboratory DonnerLaboratory
ArtHistoryLibrary ArtHistoryLibrary
Sproul Sproul
Birge Birge
CITRIS CITRIS
NewspapersLibrary NewspapersLibrary
Warren Warren
