FacultyClub Unit3 Spieker Warren Mulford Morrison BrainImagingCenter StudentUnion EarthquakeLibrary FPF UniversityHouse SutardjaDai MartinezCommons Durham Wheeler Cheit Hilgard Manville BioscienceLibrary HearstGym Etcheverry Library OBrien PacificFilmArchive LawrenceofScience FacultyClub
24
FacultyClub FacultyClub
BioscienceLibrary BioscienceLibrary
SutardjaDai SutardjaDai
Etcheverry Etcheverry
Hilgard Hilgard
StudentUnion StudentUnion
EarthquakeLibrary EarthquakeLibrary
UniversityHouse UniversityHouse
LawrenceofScience LawrenceofScience
Mulford Mulford
HearstGym HearstGym
Durham Durham
OBrien OBrien
Library Library
Spieker Spieker
FPF FPF
PacificFilmArchive PacificFilmArchive
BrainImagingCenter BrainImagingCenter
Morrison Morrison
Wheeler Wheeler
Cheit Cheit
Manville Pimentel Manville
MartinezCommons SproulPlaza
Unit3 CareerCenter
