FacultyClub EarthquakeLibrary Morrison Spieker Giauque BancroftDance CITRIS BerkeleyLawLibrary Hildebrand Mulford IRLE Campbell SpringerGateway LeConte Stephens OBrien Birge Durant Warren FoundersRock EngineeringLibrary SEAsianLibrary BioscienceLibrary Jacobs Stanley VLSB Senior Cheit PacificFilmArchive MartinezCommons StudentUnion MaxwellField VisualCenter AndersenAuditorium Soda CareerCenter Wheeler Wellman EnergyBuilding IdaHouse BerkeleyWayWest LatinAmerican CesarChavez UniversityHouse HearstFountain OptometryLibrary HearstFieldAnnex AquaticCenter Bowles BancroftLibrary MSRI LawSchool AlumniHouse Durham ArtHistoryLibrary Etcheverry Underhill SproulPlaza LawrenceofScience NewspapersLibrary McCone Boalt Bechtel WooHonFai BrainImagingCenter SocialLibrary Manville TAAP EarthLibrary StowPlaza AnnaHeadAlumnae Latimer SimpsonCenter FoxCottage Davis InternationalHouse HearstGreekTheatre UpperHearstParking MediaCenter DonnerLaboratory Investigative MelvinLaboratory NorthGate Pimentel PhysicsLibrary EastAsianLibrary HealthServices FPF SutardjaDai MLK Koshland MathLibrary BanwayBuilding Sproul FacultyClub
93
FacultyClub FacultyClub
BioscienceLibrary BioscienceLibrary
SutardjaDai SutardjaDai
Etcheverry Etcheverry
SproulPlaza SproulPlaza
StudentUnion StudentUnion AnthropologyLibrary
EarthquakeLibrary EarthquakeLibrary
UniversityHouse UniversityHouse
LawrenceofScience LawrenceofScience
Pimentel Pimentel HearstGym
Mulford Mulford
CareerCenter CareerCenter
Durham Durham
OBrien OBrien
Spieker Spieker
FPF FPF
PacificFilmArchive PacificFilmArchive
BrainImagingCenter BrainImagingCenter
Morrison Morrison
Wheeler Wheeler
Cheit Cheit
Manville Manville
Koshland Koshland
Jacobs Jacobs
Investigative Investigative
EarthLibrary EarthLibrary
EnergyBuilding EnergyBuilding
MediaCenter MediaCenter
StowPlaza StowPlaza
MartinezCommons MartinezCommons
MelvinLaboratory MelvinLaboratory
BancroftDance BancroftDance
AndersenAuditorium AndersenAuditorium
Stephens Stephens
InternationalHouse InternationalHouse
OptometryLibrary OptometryLibrary
IRLE IRLE
SpringerGateway SpringerGateway
DonnerLaboratory Hilgard DonnerLaboratory
ArtHistoryLibrary ArtHistoryLibrary
Sproul Sproul
Birge Birge
CITRIS CITRIS
NewspapersLibrary NewspapersLibrary
Warren Warren
PhysicsLibrary PhysicsLibrary
CesarChavez CesarChavez
BerkeleyWayWest Unit3 BerkeleyWayWest
MSRI MSRI
HealthServices HealthServices
WooHonFai WooHonFai
TAAP TAAP
MathLibrary MathLibrary
AquaticCenter AquaticCenter
UpperHearstParking UpperHearstParking
BancroftLibrary Library BancroftLibrary
HearstFieldAnnex HearstFieldAnnex
HearstFountain HearstFountain
BerkeleyLawLibrary BerkeleyLawLibrary
Underhill Underhill
Campbell Campbell
Davis Davis
NorthGate NorthGate
Giauque Giauque
AlumniHouse AlumniHouse
Bowles Bowles
Wellman Wellman
VLSB VLSB
Senior Senior EthnicLibrary
Stanley Stanley
SocialLibrary SocialLibrary
EastAsianLibrary Evans EastAsianLibrary
SimpsonCenter SimpsonCenter
FoxCottage FoxCottage
Hildebrand Hildebrand
MaxwellField MaxwellField
SEAsianLibrary SEAsianLibrary
IdaHouse IdaHouse
Bechtel Bechtel
BanwayBuilding BanwayBuilding
EngineeringLibrary EngineeringLibrary
Durant Durant
Soda Soda
McCone McCone
LatinAmerican LatinAmerican
VisualCenter VisualCenter
LawSchool LawSchool
LeConte LeConte
HearstGreekTheatre HearstGreekTheatre
MLK MLK
Boalt Boalt
Latimer Latimer
FoundersRock FoundersRock
