0 38 117 134 175 103 139 140 80 13 133 26 88 112 60 148 73 71 58 149 64 162 167 69 87 131 136 174 135 44 94 173 93 97 199 120 124 102 47 3 197 141 25 90 46 74 35 153 172 158 99 105 55 17 113 52 42 32 181 157 171 180 51 168 155 60 112 56 19 18 67 191 65 33 8 132 83 75 82 123 154 77 145 49 178 15 177 188 161 76 85 92 119 195 106 96 91 48 169 0
95
3 3
8 8
13 13
15 15
17 17
18 18
19 19
25 25
26 26
32 32
33 33 170
35 35
38 38
42 42
44 44
46 46
47 47
48 48
49 49
51 51
52 52
55 55
56 56
58 58
60 60
64 64
65 65
67 67
69 69
71 71
73 73
74 74
75 75
76 76
77 77
80 80
82 82
83 83
85 85
87 87
88 88
90 90
91 91
92 92
93 93
94 94
96 96
97 97
99 99
102 102
103 103
105 105
106 106
112 112
113 113
117 117
119 119 143
120 120
123 123
124 124
131 131
132 132
133 133
134 134
135 135
136 136
139 139
140 114 140
141 141
145 145
148 148
149 149
153 153
154 154
155 155
158 158
161 161
162 162
167 167
168 168
169 169
171 171
172 172
173 173
174 174
175 175
177 177
178 178
180 180
181 181
188 188
191 191
195 195
197 197
199 199
