159 164 32 79 57 63 121 166 27 173 133 171 69 138 81 164 159 77 140 14 56 96 162 96 56 156 52 6 164 20 24 193 8 178 16 179 154 93 65 51 148 47 182 153 5 177 64 156 31 114 92 189 59 100 161 17 36 141 142 127 137 76 184 165 65 93 56 14 97 126 172 119 86 129 142 127 109 180 193 24 20 104 25 45 72 7 117 48 182 153 193 24 20 41 129 74 158 92 189 59 147 157 71 15 129 142 46 192 130 107 44 4 149 23 194 23 181 100 33 5 159
69
4 4
5 82 102 123
6 6
7 7
14 14
15 15 167
17 17
20 87
24 24
27 169 145
31 31
32 32
36 36
41 41
44 38 60 88
45 45
46 46 37 200
47 47
48 48
51 51
52 52
59 59
63 63 106 13
64 64
65 65 98 26
69 155
71 71
72 72
74 185 74
76 76
77 77 190
79 79 3
81 28
86 86
92 116
93 93
96 96
97 97
100 100 199 139
104 11
107 134 107 120
109 109
114 35 114
121 121
126 126
127 146 61
133 133
137 101 132 137 85
138 138
140 140
147 40
148 148
154 2 154
156 156
157 157
158 158 99
159 22
162 191
164 43
165 165
171 10
172 172
177 128 174 111 34
178 178
180 122 180
181 181
192 192
193 193 53
194 21
