33 51 37 79 36 53 71 48 71 53 36 99 19 50 35 22 93 42 73 20 100 95 85 17 27 23 27 66 63 14 97 14 89 32 38 52 38 69 67 54 67 60 31 16 29 16 94 16 39 82 7 35 5 43 26 14 9 10 90 68 90 10 9 80 32 6 81 61 81 6 32 13 98 91 46 75 46 91 98 38 69 11 86 33
37
5 5
7 7
9 9
10 10
11 11
13 13
17 17
19 19
20 20 15
22 22 2
23 23
26 26
29 29
31 31
35 35
42 42
48 48
50 50
51 51
52 65 52
54 30 54
60 60
61 61
63 63 12
67 67 57
68 68
69 34 88 69
75 75
79 79
80 80
82 40 82
86 86 64
89 89
94 94 47 25
95 95
97 8 97
100 100
