IIII1I1 11I1lll l1IlIII llI1IlI IlllI11 1lIIl11 l1IlIl1 IIII1I1 I1I1111 lIIIllI IIII1ll II1I1Il IIIlI1l lIlllll IIIllll IIII1I1 lll1lII I1I111I IIlIlI1 1IlII1I IIIlI1l lI1l1II II1I1Il IIII1I1
18
lll1lII I11IIlI lII1I11
IIII1ll 11IIl1I IIII1ll
IIIlI1l IIlIIII
1lIIl11 1lI11l1 lI11l1l II111I1
1IlII1I 1IlII1I
lIlllll lIlllll
l1IlIII l1IlIII III1lII
11I1lll 11I1lll
lIIIllI lIIIllI
IIII1I1 1IIlIIl
IlllI11 IlllI11
IIIllll 11I1Ill 11lI11I
l1IlIl1 l1IlIl1
I1I111I I1I111I
I1I1111 IIllIl1 I1I1111
lI1l1II lI1l1II
IIlIlI1 IIlIlI1
II1I1Il II1I1Il
