lllIl1I IllII1I IIl1l1I II11l1l 1111I11 ll111ll I11I111 IlI1II1 11I1llI 1l11lII I111I1I l1IIl1l l1IllI1 lll1111 11lII11 11111lI II1Il1I l1Ill11 l1lll11 lll1111 1lIl11I 11IIII1 lllIl1I
19
l1IIl1l 1I1l1Il l1IIl1l
IlI1II1 lI11III Ill1I11 Il1Il1I IlI1II1 1I1I1lI III111I
ll111ll ll111ll
lll1111 lII111l l1lllll I1llII1
l1lll11 l1lll11
II1Il1I II1Il1I
11lII11 1l1lIlI 1I1lllI
II11l1l lIl111I lIIl11l II11l1l lIIlII1 lIllIll
11IIII1 11IIII1
1111I11 l1l11l1 111lI1I llI1lII
IllII1I Ill11II
l1IllI1 l1IllI1 I1ll1II lll1I1l 1llI111 IlI1Il1 1IlIl1I III1llI
1l11lII 1l11lII 11lI11I IIlIllI
l1Ill11 l1Ill11
IIl1l1I IIl1l1I I1llll1 1I1I1l1
1lIl11I l1I111I 1lIl11I
I11I111 I11I111
11111lI I11111l 11111lI lI1l111 1I11Ill
I111I1I llIIII1 I11I11l I111I1I
