Satish N26J6EU AETBJC WQM0D4 R2POU4T XGYWBMTWT QEAJAFMPY V7T5SI ODSGN281 VNCFO QU5Y0N2LQ OJ27JN021 7CRTCJA O2N6HBZK8 QL51A0KUT JSSS9HX U0LMCHUU 59E13RE 6HNG EHS8A FPB1OLF3 2FB0FS3KWX 07XQDCJI QHH48VD7JJ M6CD1Y CXLQGGJ746 PQ09CSX V4R09 0I7Y F3YJ 5HGKBK QJ0LM8 JOBN3N PL0UHK SKLZM VNYZ5QVO77 EG23K SUC1CH RX6VI 19LN S657MFMG K936 IQXEPH9QO B0H9VDIK 5N65HLXKU IEYK8 6WSDW 30N0P AO31B76 Satish
47
S657MFMG S657MFMG
ODSGN281 ODSGN281
FPB1OLF3 ITHI7K6W1B FPB1OLF3
SKLZM SKLZM
CXLQGGJ746 CXLQGGJ746
QL51A0KUT QL51A0KUT
B0H9VDIK B0H9VDIK
RX6VI RX6VI
XGYWBMTWT XGYWBMTWT
IEYK8 IEYK8
6HNG 6HNG
VNYZ5QVO77 VNYZ5QVO77
M6CD1Y M6CD1Y
PL0UHK PL0UHK F1G8HC
59E13RE 59E13RE
V4R09 V4R09
QU5Y0N2LQ QU5Y0N2LQ
IQXEPH9QO IQXEPH9QO
5N65HLXKU 5N65HLXKU
7CRTCJA 7CRTCJA
WQM0D4 WQM0D4
QEAJAFMPY QEAJAFMPY
O2N6HBZK8 O2N6HBZK8
JOBN3N JOBN3N
EHS8A QAL7Z5UN EHS8A
07XQDCJI 07XQDCJI
19LN 19LN
K936 K936
5HGKBK 5HGKBK
JSSS9HX JSSS9HX
QHH48VD7JJ QHH48VD7JJ
V7T5SI V7T5SI
EG23K EG23K
6WSDW 6WSDW
OJ27JN021 OJ27JN021
AETBJC AETBJC
2FB0FS3KWX 2FB0FS3KWX
U0LMCHUU U0LMCHUU
AO31B76 AO31B76
R2POU4T R2POU4T
PQ09CSX PQ09CSX
N26J6EU N26J6EU
F3YJ F3YJ
QJ0LM8 QJ0LM8
VNCFO VNCFO
SUC1CH SUC1CH
0I7Y 0I7Y
