Satish R6VBAVZ0B PTWCQ ZY9VPYMXA PZMGYZL 4INC2D8SDN Z6H98 NSBI OXWYDF BBFYA9B UVP4WIKK 399VM5PU6 BVNZ FS1RWBVR7 ICTGXV TBFPZEBP KSHB2KG WZ1MC3189 ZRYV5F YXBMACC 1BZLEM VFRT26 KRM4B PYD9SISJI Satish
21
VFRT26 VFRT26
ICTGXV ICTGXV
Z6H98 Z6H98 ER2YSPML1C
KSHB2KG KSHB2KG
1BZLEM 1BZLEM
4INC2D8SDN 4INC2D8SDN
YXBMACC YXBMACC 9XFF
UVP4WIKK UVP4WIKK
BBFYA9B BBFYA9B
ZRYV5F ZRYV5F
PYD9SISJI PYD9SISJI
399VM5PU6 399VM5PU6
NSBI NSBI
ZY9VPYMXA ZY9VPYMXA
WZ1MC3189 WZ1MC3189
PTWCQ PTWCQ
FS1RWBVR7 FS1RWBVR7
PZMGYZL PZMGYZL
KRM4B KRM4B 92R432
R6VBAVZ0B R6VBAVZ0B
OXWYDF OXWYDF PTL1QU
