Satish 4C88SXD PUW25N LQQ5IH 7T8I47 CV6NHW7M MXJIYJYNH4 9QJRN XV55 3J6SSA KCOFJD M71OYIS RP28W1 IHN21LA4 4VE7V DDB26ZHC SQLSVN 5XYO CXQDH6YMZ8 J2ETZ1C ETNCY9XH2 YQB2CII950 02X2C VOAV DYYG23O 4RGA A8WYICH3 CB93 3WJYJDDU ZZACWP FM2HEMVR1 B690 L7QS0UEPJ 7GAD3F Q7ZEY ZMQ5BH 8MDFNIK8AY MLKOJ 1UCE JX6GCY G7PWWJ FWM5C G7PWWJ 0TRB9358 W71YV1R66L 79KTC8AS9 P6RI91D87 3IXHQXHYBV LBR67PCKBJ 2B1K6EW9CL ETB2 9K8PLAET 9V10EOH E9DZLL M649OA YU3U1T ET82NVH9 7622OJ 2BLLD3SK E5HD LUQ3 E2DHWGC 91ZONFE LM7KL5G3V EEZS ARTWTP9 8UPUEGO 4P0LGP0 EFIKTK4Y0Y H41HZ6 GN4G0L2 HBQM42U Q7Z37G5 VGYKKKOFLZ 6PVQIBNB9 GNVXN 8TH7QVQY YSRPP PMXEOGGIQ DNIV2BOR2P DST5W4G0 KBI1CALMNJ ZE5CVXXZC HQG39M B3R68HYWZ O44VZ E37ZKA8WK AV4KL GILAN21GR3 26PG HM48FZD0 QW15YTSV M35E G4QE3I ZMZIWZ 4UE11 FM2G14H8I A118 H1LQ91V PIW6IC50D FPZT G90OCSZY ZH2INF 5HULMUDLAQ GH8C 01G9IQ2 Satish
98
GH8C GH8C
ZMQ5BH ZMQ5BH
01G9IQ2 01G9IQ2
ZZACWP ZZACWP
3IXHQXHYBV 3IXHQXHYBV
FPZT FPZT
HM48FZD0 HM48FZD0
KBI1CALMNJ KBI1CALMNJ
7T8I47 7T8I47
7622OJ 7622OJ
GILAN21GR3 GILAN21GR3
DYYG23O DYYG23O
79KTC8AS9 79KTC8AS9
ZMZIWZ ZMZIWZ CKNDWG
LM7KL5G3V LM7KL5G3V
02X2C C8WREP 02X2C
26PG 26PG
FM2G14H8I FM2G14H8I
8TH7QVQY 8TH7QVQY
CXQDH6YMZ8 CXQDH6YMZ8
2B1K6EW9CL 2B1K6EW9CL
QW15YTSV QW15YTSV
DNIV2BOR2P DNIV2BOR2P
A8WYICH3 A8WYICH3
4UE11 4UE11
E37ZKA8WK E37ZKA8WK
6PVQIBNB9 6PVQIBNB9
DST5W4G0 DST5W4G0
4P0LGP0 4P0LGP0
4C88SXD 4C88SXD
CV6NHW7M CV6NHW7M
G4QE3I G4QE3I
3J6SSA 3J6SSA
O44VZ O44VZ
HBQM42U HBQM42U
8UPUEGO 8UPUEGO
91ZONFE 91ZONFE
RP28W1 RP28W1
9QJRN 9QJRN
A118 A118
KCOFJD KCOFJD
9K8PLAET 9K8PLAET
DDB26ZHC DDB26ZHC
GN4G0L2 GN4G0L2
M71OYIS M71OYIS
9V10EOH 9V10EOH
CB93 CB93
5HULMUDLAQ 5HULMUDLAQ
Q7ZEY Q7ZEY
ARTWTP9 ARTWTP9
ET82NVH9 ET82NVH9
0TRB9358 0TRB9358
EEZS EEZS
E2DHWGC E2DHWGC
FM2HEMVR1 FM2HEMVR1
MLKOJ MLKOJ
VGYKKKOFLZ VGYKKKOFLZ
H41HZ6 H41HZ6
JX6GCY JX6GCY
IHN21LA4 IHN21LA4
GNVXN GNVXN
EFIKTK4Y0Y EFIKTK4Y0Y
2BLLD3SK 2BLLD3SK
PMXEOGGIQ PMXEOGGIQ
7GAD3F 7GAD3F
H1LQ91V H1LQ91V
LBR67PCKBJ LBR67PCKBJ
5XYO 5XYO
ETB2 ETB2
1UCE 1UCE
L7QS0UEPJ L7QS0UEPJ
M649OA M649OA
YSRPP YSRPP
3WJYJDDU 3WJYJDDU
ZH2INF ZH2INF
J2ETZ1C J2ETZ1C
B690 B690
G90OCSZY G90OCSZY
E9DZLL E9DZLL
M35E M35E
B3R68HYWZ B3R68HYWZ
HQG39M HQG39M
MXJIYJYNH4 MXJIYJYNH4
LQQ5IH LQQ5IH
PUW25N PUW25N
VOAV VOAV
PIW6IC50D PIW6IC50D
8MDFNIK8AY 8MDFNIK8AY
SQLSVN SQLSVN
ETNCY9XH2 ETNCY9XH2
4VE7V 4VE7V
P6RI91D87 P6RI91D87
Q7Z37G5 Q7Z37G5
E5HD E5HD
W71YV1R66L W71YV1R66L
FWM5C FWM5C
YU3U1T YU3U1T
YQB2CII950 YQB2CII950
