129 44 40 5 174 86 58 47 62 47 183 88 149 87 96 76 49 155 17 8 57 123 97 96 63 191 53 49 48 189 16 188 61 21 156 71 194 22 25 196 50 141 158 81 4 30 122 192 105 100 107 109 32 105 23 85 195 157 29 32 98 25 180 142 111 84 101 103 113 33 2 91 150 121 171 82 0 15 69 14 110 10 31 55 170 51 6 85 56 99 71 59 178 39 126 27 160 27 65 79 152 54 190 128 26 163 60 151 114 108 125 78 95 59 175 89 80 161 9 137 92 83 130 83 129
93
0 145 0
2 2
4 11 4
5 5
6 6
8 8
9 9
14 14
15 15
16 16
17 17
21 21
23 23
25 25
26 26
29 29
30 184 66
33 33
39 39
40 40
44 44
48 48
49 49
50 50 13
51 51
53 53
55 55
56 56
57 57
58 58
59 59
61 61
62 62
63 63
65 65 177
76 76
81 81
82 82
83 36
84 84
85 85
87 87
88 88
89 89
91 91
92 92
95 95
96 96
97 97
98 98
99 99
100 100
101 101
103 103
105 105
107 107
108 108
109 109
110 110
114 114
121 121
122 122
123 123
125 125
126 126
128 128
130 130
137 137 197
142 142
150 150
151 151
152 152
155 155
156 156
157 157
158 158
160 160
161 161
163 163
171 171
174 174
175 175
178 178
180 180
183 183
188 188
189 189
190 190 64
191 191
192 192
194 194
195 195
196 196
