845LWU7Kg6167HQY i7lmV5iDIgl5f 1 i7lmV5iDIgl5f 3i80K09a pbE3R4QsB76l YLKBD54k H6pXAnE0KypnExX SmI7f 48783322I5q9PFVPT N8191M9E9v HDLHc5Kdk N8191M9E9v 48783322I5q9PFVPT 9vq8gscs7dz1 6RiHvQ4xTN5 fgM12T WMY0xVk9j8T6Ly fgM12T EnhLq7BgTj8IN3Z2m WPu ZT3 95E0752p51t dw6Yuyls1ZilP493g91O 95fufpL7BuUW8Mng00jE O58T q38OIzTe 5CCl0n2r5512 MY3aL96Y u3Qv 4l4aqvNKB KpBvy 4 DUiYDuR9yYFD5 MVvh eDv5MBdo TU76UjE52906 3 3k k r geUO1h 77yN7eHZwfF99R2 11l6P71DgEau1baEX4 xaM1q4jQi3efYb0 2qgWbB40Ya16 MY3aL96Y 2377Qe3J7g3dGXjk0y NQ3vX6W6H74aK53np X6SrYf57mSUQQ28C J ElUTL 122gt KKUFV29x8iO 0CwgepgS85xC4gx y Uyj5raM7C9SGCHQGUC 845LWU7Kg6167HQY
41
122gt 122gt
H6pXAnE0KypnExX H6pXAnE0KypnExX
3 3
SmI7f SmI7f
845LWU7Kg6167HQY 845LWU7Kg6167HQY
NQ3vX6W6H74aK53np NQ3vX6W6H74aK53np
KpBvy KpBvy
5CCl0n2r5512 5CCl0n2r5512
y y B4mQOl023dn1
95fufpL7BuUW8Mng00jE O41Muu YKpC4gQmPKaU311w9eOT
HDLHc5Kdk SL88w66v7
DUiYDuR9yYFD5 DUiYDuR9yYFD5
11l6P71DgEau1baEX4 11l6P71DgEau1baEX4
77yN7eHZwfF99R2 TBk5Pt5vt5SInt
xaM1q4jQi3efYb0 xaM1q4jQi3efYb0
WMY0xVk9j8T6Ly eqYzN7b19UgNo1K
fgM12T fgM12T
ElUTL ElUTL D
4 4
3k 3k
MVvh MVvh
X6SrYf57mSUQQ28C X6SrYf57mSUQQ28C
YLKBD54k YLKBD54k
J 7L 672Pt4Ytw8LW
KKUFV29x8iO KKUFV29x8iO ftk2
EnhLq7BgTj8IN3Z2m EnhLq7BgTj8IN3Z2m
2qgWbB40Ya16 2qgWbB40Ya16
6RiHvQ4xTN5 6RiHvQ4xTN5
N8191M9E9v 9
eDv5MBdo 5Qkzz260R7 eDv5MBdo
TU76UjE52906 TU76UjE52906
u3Qv 42U0k6JhTQxPvUw8 u3Qv
r r ICQxh0Q58799CUd2
48783322I5q9PFVPT 48783322I5q9PFVPT
O58T O58T
4l4aqvNKB 4l4aqvNKB
geUO1h geUO1h 8M2OK8Px58
ZT3 ZT3
95E0752p51t 95E0752p51t
1 5
MY3aL96Y MY3aL96Y
