0 90 79 138 160 94 148 71 128 53 20 103 169 25 32 99 82 149 8 128 45 128 53 57 16 139 12 3 65 102 68 58 6 120 22 107 81 174 81 107 55 101 2 65 61 65 3 12 153 66 153 121 49 40 100 134 44 134 100 40 158 46 41 28 72 33 2 33 17 13 5 109 31 111 17 21 122 14 29 174 93 38 93 124 92 17 33 7 76 34 163 124 92 105 19 105 51 6 58 68 85 87 84 24 54 108 26 89 73 96 51 42 18 198 88 182 2 36 2 158 40 100 35 184 40 49 121 11 75 164 77 125 175 91 175 167 149 8 149 85 87 84 97 147 95 145 42 51 47 107 142 199 39 199 142 107 9 50 112 0 137 52 137 0 140 60 140 0 123 15 123 0
79
0 0 43 59 62 86
2 2 27 78
3 3
5 5
6 6
7 7
8 8
9 9 64 80
11 11
12 12
13 13
15 15
16 16
17 17
18 18
19 19
20 20
21 21
22 22
24 24
25 25
26 26
28 28
29 29
31 31
32 32
33 33 74
35 35
36 36
38 38
39 39
40 40
41 41
42 10 42 48
44 44
45 45
46 46
47 47
49 49
50 50
51 51
52 52
53 53
54 54 98
55 55
57 1 57
58 58
60 60
61 14 61 70
65 65
66 66
68 68
71 67 71
72 72 83
73 73
75 75
76 34 76
77 77
79 4 79
81 81
82 82
84 84
85 85
87 87
88 88
89 23 89
90 90
91 91
92 92
93 93
94 94
95 95
96 96
97 97
99 99
103 30 63
137 37
174 56
184 69
