69 56 25 191 33 5 121 190 4 197 147 11 8 16 148 14 110 31 1 162 81 2 24 3 170 1 149 8 27 106 6 9 53 194 192 0 185 69
32
0 193 113 51 188 195
1 30 118 128 46 87 64 59 158 1
2 160 83 26 2 150
3 198 133 58 50 171
4 186 37 52 44 134 82
5 5 127 132
6 74 71 165 63 166 72 80
8 36 163 131 115 77 101 100 135
11 112 146 97 11 104
14 99 14
16 90 16
24 24 119
25 25
27 117 27
31 31
33 33
53 53
56 56
81 81
106 106
110 110
121 121
147 147
148 148
149 149
162 162
185 185
190 190
191 191
192 192
194 194
197 197
