74 123 109 161 11 42 142 181 140 33 83 125 103 27 32 127 186 45 13 192 13 1 18 34 94 163 129 141 61 76 112 107 44 25 23 25 47 198 120 116 138 139 161 20 96 184 136 171 143 122 70 43 158 43 187 17 64 165 64 90 155 190 51 199 133 54 179 176 178 37 152 37 53 131 200 131 91 65 59 14 28 130 28 1 18 110 72 100 63 57 86 195 99 137 97 100 134 112 114 127 193 4 75 188 35 12 172 5 172 95 147 113 88 188 183 108 33 151 135 151 34 52 34 7 80 56 150 39 117 105 148 115 8 146 73 125 50 66 173 132 30 167 81 123 74
88
4 4
5 5
11 11
12 12
14 14 118
17 17
18 18
20 20
23 23
27 27
28 58
32 32
39 39
42 42
44 44
45 45
47 47
50 50
51 51 77
52 52
53 53
54 54
56 56
59 59 60
61 61
63 63 174
66 66
72 72
73 73
76 76 89 154
80 80
81 81
83 83
86 31 86 128
88 88
90 90
91 91
94 94
95 95
96 96
97 97
99 99
100 100
103 103
105 105
107 107
108 108
109 109
112 112
113 113
114 114
115 115
116 116
120 120
123 123
125 98 125 157
127 127
129 129
130 130
132 132
133 133
134 134
135 135
136 136
138 138
139 139
140 140
142 142
143 143
146 146
152 16 152
155 155
158 158
161 161
163 163
165 165
167 167
171 171
173 173
178 178
179 179
184 184
190 190
192 192
193 193
198 198
199 111 199
200 200
