AA DT CX DU CX AN CY DV CY AN AD DN CT AM CV DR CV AM CW DQ CW AM CT DN AD AA AB AG BC BK FE DZ EC EE EF EN EQ EO EQ EN EF EH EJ EZ EJ EH EF EL EW EX EW EL EF EE ED EP ED EE EC EB EA EI FB EI EA EB EC DX EC DZ FE BK BC BJ BC AG BB BI BB AG AZ BD AZ AG BA BG BA AG AB AE AO AE AB AH BN BS FF BS BN AH BM BP CE BW AI BW CE BP BM AH AB AA AC AA
37
AA AA
AB AB AF
AC AC AJ
AD AD AK AL
AE AE
AG AG
AH AH
AI AI
AM AM
AN AN
AO AO AP AQ
BA BE BF
BB BH
BD BD
BG BG
BI BI
BJ BJ
BK BK
CW DP
CX DS
CY DW
DQ DQ
DR DR
DT DT
DU DU
DV DV
DX DX DY
DZ DZ
EA FC
EH FA
EN EN
EO EO
EP EP
EX EX EY
EZ EZ
FB FB
FF FF
