Soda loc106 loc36 loc145 loc156 loc145 loc36 loc172 loc106 loc25 loc53 loc58 loc179 loc45 loc92 loc57 loc157 loc59 loc157 loc57 loc75 loc137 loc75 loc92 loc151 loc160 loc43 loc27 loc131 loc147 loc38 loc193 loc114 loc101 loc115 loc99 loc9 loc99 loc134 loc35 loc194 loc183 loc22 loc21 loc8 loc89 loc10 loc27 loc43 loc82 loc168 loc104 loc163 loc42 loc171 loc154 loc163 loc104 loc43 loc27 loc169 loc111 loc12 loc100 loc165 loc95 loc10 loc27 loc43 loc82 loc129 loc17 loc23 loc74 loc13 loc34 loc84 loc97 loc167 loc84 loc34 loc94 loc83 loc50 loc43 loc27 loc60 loc68 loc126 loc52 loc196 loc142 loc196 loc51 loc103 loc155 loc51 loc196 loc170 loc192 loc87 loc47 loc164 loc79 loc15 loc180 loc27 loc43 loc65 loc195 loc129 loc17 loc23 loc74 loc13 loc34 loc32 loc189 loc34 loc14 loc121 loc88 loc34 loc13 loc74 loc23 loc17 loc129 loc82 loc43 loc27 loc169 loc111 loc30 loc39 loc198 loc28 loc166 loc109 loc166 loc198 loc24 loc31 loc128 loc111 loc77 loc173 loc107 loc173 loc77 loc41 loc188 loc26 loc181 loc37 loc102 loc141 loc27 loc43 loc179 loc80 loc199 loc64 loc3 Soda
86
Soda Soda
loc3 loc3
loc8 loc8
loc9 loc9
loc10 loc10
loc13 loc13
loc14 loc14
loc15 loc15
loc17 loc17
loc22 loc22
loc23 loc23
loc24 loc24
loc25 loc25 loc140
loc26 loc26
loc28 loc28
loc30 loc11 loc30 loc136
loc32 loc32
loc34 loc34 loc118 loc138
loc35 loc35
loc36 loc36
loc37 loc37
loc38 loc122 loc38
loc39 loc39
loc41 loc41
loc42 loc42
loc45 loc45
loc50 loc50
loc51 loc51
loc53 loc53
loc57 loc72 loc57
loc58 loc58
loc59 loc59 loc20
loc64 loc64
loc65 loc65
loc74 loc74
loc75 loc75
loc77 loc77
loc79 loc79
loc80 loc80
loc82 loc82
loc83 loc83
loc84 loc84
loc87 loc192
loc88 loc88
loc94 loc94
loc95 loc95
loc97 loc97
loc100 loc100
loc101 loc101
loc103 loc103
loc106 loc106
loc107 loc146 loc107
loc109 loc109
loc111 loc111
loc114 loc114
loc121 loc121
loc126 loc126
loc128 loc128
loc131 loc131
loc137 loc137 loc40
loc141 loc141
loc142 loc142 loc7
loc145 loc145
loc147 loc147
loc151 loc151
loc154 loc154
loc155 loc155
loc156 loc6 loc156
loc157 loc157
loc160 loc90
loc163 loc163
loc165 loc165
loc167 loc167
loc170 loc170
loc171 loc171
loc172 loc172
loc173 loc173
loc180 loc180
loc181 loc181
loc183 loc183
loc188 loc188
loc189 loc189
loc193 loc193
loc194 loc55 loc194
loc196 loc185 loc61
loc199 loc199
