evdoyagqfp xftptyrlvl mysadifwma robpunozly bnmegnfgii robpunozly mysadifwma xftptyrlvl jqtguzxxsl smwxdupkdv tvcolajnao lcrihrmoqu xkasbvrrxd gkcfktyute khisjiexts afrdrejwtp pwgublhwxg hofbtczdgp pwgublhwxg pymtnhypxd jrmlkfexfk osdeymjeil wkwwcqjtxf koawdpgqdx psiebvskfb koawdpgqdx wkwwcqjtxf lkvtxfwozs gjmmikaxih byyqgjwsrp ahqdrcepub afortwurqt xifuopshzj xwrvhrxnqy ebqxbaqnmm oegfbrwyrp ebqxbaqnmm xwrvhrxnqy pbefrggyje wtlzrefwav sipmuleqch xychpimpzb lnicnhmajr aruwdskzta lnicnhmajr kyrhqthnvz lndsfxewdc vkrlpmybdj jrusiskazm ichabbvkhm oavtmpaqji oownpsyviv rnpokwoqgt fdgcygwgjf phknwbtipl zivwgfcxqi euqbrkzdsw byyqgjwsrp tmatbexcil byyqgjwsrp cttlxdtaiw rlxmdzqomd cmdqzmgvfi qgfchcatzi yriqtwavfx rkyixxpcbx yriqtwavfx uhalgukdzb kwbnyneokj bbczvyonym mdyuzxshey ouxenssqdu kvfpaspidv wtyqwjwskq kijbyyuzhd ztvejhcxjs nfvvjywhsb uooysjrxsb xftptyrlvl fluzhooehk xftptyrlvl qbiylslccb kvxwqiryyu sjtuxgdwms hsjqtjkukk bbczvyonym lazlsvgukx wynbxuuxru epdwcjuvdr kgktiatgjn qepegujmaa pcilmgdrgc jqtguzxxsl wynbxuuxru qzdrdcxoib voaumgrcuj qzdrdcxoib wynbxuuxru epdwcjuvdr eooyfwmxln fczruomdab ummqduagjn stdiixwrjc guuudgvhny vugkhjygfe xywdziunpr oggftsricu xeigbnzhbj seeyrseflx jrmlkfexfk osdeymjeil qiqnnrlapz spdafzaivh ldnozwuuuq eaozvwjoso dnmgxnhbgi vnzypgtlkj unihwwnyqz pbefrggyje xnppuesbrr gllungmori qxuqrfzzob opmnfgpclg xsjzeyxnpw bswhowadhl xsjzeyxnpw ymvlfsdhbu nbjyrygtdh cpwyxulkjm jfccyptuug tgkujfknod bswhowadhl ljhmnbaicr pdljcbluhp cmdqzmgvfi rlxmdzqomd gkcfktyute phknwbtipl xguvjomcdt nwlccbonas bbwcqzwyoz ijbfzrqwct bimtbhwsby ijbfzrqwct qfbvncxldf ixyurvbpvu yiwwdwbzth ixyurvbpvu qepegujmaa pcilmgdrgc jqtguzxxsl optviwhmbr jqtguzxxsl xftptyrlvl xawkqmfmmx evdoyagqfp
81
eooyfwmxln eooyfwmxln
vugkhjygfe vugkhjygfe
vkrlpmybdj vkrlpmybdj
psiebvskfb psiebvskfb
yiwwdwbzth yiwwdwbzth
rnpokwoqgt rnpokwoqgt
wtlzrefwav wtlzrefwav
xawkqmfmmx xawkqmfmmx
oggftsricu oggftsricu
ouxenssqdu ouxenssqdu
nwlccbonas itbfnxnauh nwlccbonas
seeyrseflx hkempoemlv seeyrseflx
smwxdupkdv smwxdupkdv
ahqdrcepub gbdejcnknd ahqdrcepub
bswhowadhl bswhowadhl
evdoyagqfp evdoyagqfp
bnmegnfgii bnmegnfgii
qfbvncxldf qfbvncxldf
jrmlkfexfk jrmlkfexfk scesbtewjx
qgfchcatzi qgfchcatzi
wkwwcqjtxf wkwwcqjtxf
xywdziunpr xywdziunpr
tvcolajnao tvcolajnao xqwyvbvueh
qepegujmaa etdxtwotzh qepegujmaa
mdyuzxshey mdyuzxshey
lnicnhmajr lnicnhmajr
bbwcqzwyoz bbwcqzwyoz
hsjqtjkukk hsjqtjkukk
jrusiskazm jrusiskazm
lndsfxewdc lndsfxewdc eqdxeqvtsb
oegfbrwyrp oegfbrwyrp
uooysjrxsb uooysjrxsb
xkasbvrrxd xkasbvrrxd
wynbxuuxru tmrnpjqnxx wynbxuuxru
rkyixxpcbx rkyixxpcbx
optviwhmbr vfdsalrajq optviwhmbr ivugtsvtqb
mysadifwma mysadifwma
euqbrkzdsw euqbrkzdsw
kvxwqiryyu kvxwqiryyu
qxuqrfzzob qxuqrfzzob
pcilmgdrgc wwqchwdmtx pcilmgdrgc ivgbjyugdu
kvfpaspidv kvfpaspidv
voaumgrcuj voaumgrcuj
aruwdskzta aruwdskzta
tgkujfknod tgkujfknod
xnppuesbrr xnppuesbrr
yriqtwavfx gucdicwxmb
xwrvhrxnqy xwrvhrxnqy
lcrihrmoqu lcrihrmoqu tgbmxdmvwe
uhalgukdzb uhalgukdzb
xifuopshzj xifuopshzj
fdgcygwgjf fdgcygwgjf
hofbtczdgp hofbtczdgp
nbjyrygtdh nbjyrygtdh
pbefrggyje pbefrggyje
kyrhqthnvz kyrhqthnvz
zivwgfcxqi zivwgfcxqi
oavtmpaqji oavtmpaqji
osdeymjeil osdeymjeil
stdiixwrjc stdiixwrjc
ichabbvkhm ichabbvkhm
byyqgjwsrp qxfgqgbbdn byyqgjwsrp
kijbyyuzhd kijbyyuzhd
pdljcbluhp pdljcbluhp
bimtbhwsby bimtbhwsby
ymvlfsdhbu ymvlfsdhbu aokbiptbzc
xychpimpzb xychpimpzb bulywvvpni
lkvtxfwozs lkvtxfwozs
bbczvyonym bbczvyonym
kgktiatgjn kgktiatgjn
afortwurqt afortwurqt
cpwyxulkjm cpwyxulkjm
afrdrejwtp afrdrejwtp
xguvjomcdt xguvjomcdt
fluzhooehk fluzhooehk
ldnozwuuuq ldnozwuuuq
tmatbexcil tmatbexcil qpxtrjvxpe
qiqnnrlapz qiqnnrlapz
cttlxdtaiw cttlxdtaiw zmfuudfatm
guuudgvhny guuudgvhny
vnzypgtlkj vnzypgtlkj
