0 87 149 87 49 194 49 38 146 38 26 160 26 94 127 126 94 18 103 102 18 10 115 114 10 25 125 124 25 41 113 112 41 123 122 41 47 154 47 58 100 101 58 1 155 1 40 135 40 90 182 90 84 133 84 145 84 57 136 137 57 83 169 83 60 129 128 60 47 166 47 57 190 57 60 109 108 60 9 163 9 44 104 105 44 39 107 106 39 11 181 11 12 138 139 12 34 121 120 34 5 116 117 5 11 130 131 11 54 191 54 10 199 10 53 178 53 84 21 142 21 45 175 45 31 119 118 31 69 111 110 69 78 185 78 46 170 46 0
77
1 157
9 161
10 197
11 179
21 140
26 158
38 148
45 173
46 172
47 152 164
49 196
53 176
54 193
57 188
78 187
83 167
84 143
87 151
90 184
100 100
101 101
102 102
103 103
104 104
105 105
106 106
107 107
108 108
109 109
110 110
111 111
112 112
113 113
114 114
115 115
116 116
117 117
118 118
119 119
120 120
121 121
122 122
123 123
124 124
125 125
126 126
127 127
128 128
129 129
130 130
131 131
133 132 133
135 134 135
136 136
137 137
138 138
139 139
142 141 142
145 144 145
146 146 147
149 149 150
154 153 154
155 155 156
160 159 160
163 162 163
166 165 166
169 168 169
170 170 171
175 174 175
178 177 178
181 180 181
182 182 183
185 185 186
190 189 190
191 191 192
194 194 195
199 198 199
