0 160 137 136 137 166 117 168 117 128 125 110 57 110 105 135 195 179 69 79 184 159 54 134 39 180 124 64 139 149 114 160 162 161 162 160 74 190 192 190 120 47 183 180 182 189 104 17 15 35 37 35 185 187 185 10 12 66 67 123 120 55 58 32 30 65 27 25 28 2 101 77 186 42 40 43 40 170 172 170 94 150 152 150 20 110 84 82 108 102 100 90 92 90 95 145 99 104 44 65 130 133 130 132 141 72 129 144 154 4 75 78 75 0
80
0 3
2 2
10 13
12 12 11
15 15
17 16 17
20 20
25 25
27 27 118
28 28
30 30
32 32
35 38 35
37 37 36
39 39
42 42 41
43 43
44 44
47 47
54 54
55 55
57 57 56
58 58
64 64
65 68 65
66 66
67 67
69 69
72 72
74 74
77 116
78 78
79 79
82 82
92 91 92
94 94
95 97 95 87
99 99
100 100
101 101
102 102
104 104
105 105
108 108
110 113 110
114 114
120 122 120
123 123
124 124
125 125
128 128
129 129
132 131 132
133 133
134 134
135 138 52 135
136 136
139 139
141 141 142
144 144
145 145 148
149 149
152 152
154 154
159 159
160 160
161 161
166 166
168 168
172 172
179 179
180 180
182 181 182
183 183
184 184
186 186
187 187
189 189
192 192
195 197 195
