loc0 loc76 loc13 loc58 loc4 loc91 loc18 loc63 loc27 loc75 loc58 loc0 loc67 loc2 loc65 loc29 loc73 loc55 loc1 loc82 loc46 loc65 loc11 loc92 loc47 loc59 loc50 loc86 loc5 loc95 loc41 loc98 loc8 loc62 loc17 loc53 loc35 loc79 loc16 loc61 loc7 loc87 loc42 loc69 loc15 loc60 loc33 loc93 loc3 loc84 loc39 loc66 loc48 loc75 loc30 loc93 loc12 loc57 loc34 loc97 loc70 loc43 loc70 loc22 loc76 loc0
41
loc1 loc1
loc2 loc2
loc3 loc3
loc4 loc4
loc5 loc5
loc7 loc7
loc8 loc8
loc11 loc11
loc12 loc12
loc13 loc13
loc15 loc15
loc16 loc16
loc17 loc17
loc18 loc9 loc18 loc36
loc22 loc22
loc27 loc27
loc29 loc29
loc30 loc30
loc33 loc33
loc34 loc34
loc35 loc35
loc39 loc39
loc41 loc41
loc42 loc42
loc43 loc43
loc46 loc46
loc47 loc47
loc48 loc48
loc50 loc50
loc53 loc25 loc26
loc55 loc19
loc58 loc31 loc40 loc49
loc60 loc6 loc21
loc62 loc44
loc63 loc45
loc65 loc20 loc38
loc67 loc14
loc82 loc10 loc28 loc37
loc86 loc32
loc87 loc24
loc95 loc23
