loc0 loc193 loc58 loc184 loc50 loc122 loc95 loc149 loc77 loc185 loc14 loc176 loc59 loc188 loc62 loc125 loc80 loc152 loc98 loc125 loc23 loc176 loc149 loc41 loc113 loc137 loc38 loc137 loc20 loc146 loc73 loc199 loc100 loc172 loc90 loc153 loc180 loc99 loc189 loc84 loc138 loc75 loc129 loc4 loc157 loc13 loc166 loc13 loc166 loc151 loc79 loc151 loc88 loc196 loc88 loc142 loc97 loc133 loc42 loc105 loc195 loc15 loc168 loc87 loc186 loc30 loc183 loc129 loc22 loc111 loc1 loc163 loc91 loc127 loc19 loc109 loc146 loc65 loc128 loc74 loc110 loc74 loc128 loc2 loc146 loc109 loc64 loc127 loc55 loc153 loc18 loc171 loc108 loc9 loc162 loc81 loc135 loc54 loc180 loc72 loc163 loc10 loc139 loc148 loc31 loc121 loc0
71
loc1 loc1
loc2 loc2
loc4 loc4
loc9 loc9
loc10 loc10
loc13 loc13
loc14 loc14
loc15 loc15 loc24
loc18 loc18
loc19 loc19
loc20 loc20
loc22 loc22
loc23 loc23
loc30 loc30
loc31 loc31
loc38 loc38
loc41 loc41
loc42 loc42
loc50 loc50
loc54 loc54
loc55 loc55
loc58 loc58
loc59 loc59
loc62 loc62
loc64 loc64
loc65 loc65
loc72 loc72
loc73 loc73
loc74 loc74
loc75 loc75
loc77 loc77
loc79 loc79
loc80 loc44 loc80
loc81 loc81
loc84 loc84
loc87 loc33 loc87
loc88 loc88
loc90 loc90
loc91 loc91
loc95 loc95
loc97 loc97
loc98 loc98
loc99 loc99
loc100 loc100
loc105 loc69
loc108 loc63
loc109 loc46
loc110 loc11 loc47 loc92
loc113 loc5 loc29
loc133 loc52 loc78
loc135 loc36
loc138 loc66
loc142 loc7 loc61 loc70
loc148 loc40 loc76
loc151 loc25 loc34
loc152 loc8 loc17 loc26 loc35 loc53 loc71 loc89
loc153 loc45
loc157 loc12 loc21 loc49 loc67 loc85
loc171 loc27
loc172 loc82
loc176 loc68
loc180 loc39
loc183 loc3 loc6
loc184 loc94
loc185 loc32 loc56 loc83
loc186 loc93
loc188 loc86
loc189 loc48 loc57
loc195 loc51 loc60 loc96
loc196 loc16 loc43
loc199 loc28 loc37
