85 54 61 8 61 57 18 43 72 11 89 28 36 94 5 1 5 47 41 22 70 71 70 38 14 27 46 49 37 21 7 21 15 14 55 14 45 53 42 92 42 69 4 44 91 60 99 56 33 98 29 16 83 31 32 25 23 25 77 72 52 34 13 14 48 80 62 51 82 74 50 30 93 10 6 35 6 65 0 24 81 24 85
49
0 0
1 1
7 7
8 8
11 11
13 13
14 17
15 15
16 16
21 76
22 22
23 23
27 27
28 28
31 31
32 86
34 34
35 35
37 37
38 38
43 43
44 44
45 45
46 46
47 47
48 48
50 50
51 51
52 52
53 53
54 54
55 55
56 56
57 57
60 96
62 64 87
69 69
70 68
71 71
77 77
80 80
81 81
89 79
91 91
92 92
93 93
94 94
98 98
99 99
