99 176 35 193 142 107 158 81 9 199 26 48 28 137 97 64 165 23 5 182 68 187 117 116 163 69 100 81 166 84 160 195 17 16 185 45 111 101 88 108 106 95 159 131 105 76 167 154 123 49 126 81 82 31 104 130 162 0 113 133 18 172 62 33 139 12 1 58 102 176 151 110 155 36 178 79 178 79 75 156 57 27 46 144 169 177 53 182 20 138 30 85 63 2 86 168 164 159 131 105 92 175 188 176 99
75
0 0
1 1
2 40 47 112 146 192
5 5
9 9
12 12
16 148 190
17 17
18 18
20 20
23 78 180
26 26
27 27
28 28
30 30
33 33
35 35
36 98
45 41
46 55
48 122
49 10 125
53 53
62 73 80
63 63
64 59
68 68
69 25 83 173
75 75
76 22 161
79 34
82 82
85 127 174 186
86 181
88 88
92 92
95 24 183 184
97 56 66 97
99 99
100 100
101 8 61
102 102
106 106
107 4 94
110 90
111 111
113 51 114 124 170
117 117
123 123
126 126
130 130
131 131
137 119 150
142 142
151 151
154 149
155 155
156 70
158 158
160 160
163 163
164 164
165 165
166 166
167 167
168 168
169 169
172 132 172
175 15
176 103
177 171
178 178
185 185
188 188
199 39 42
