0 61 88 8 40 69 26 50 60 23 65 181 42 104 4 66 191 81 20 78 99 27 39 59 40 11 64 14 29 72 7 45 161 44 176 97 31 76 28 12 90 79 75 10 93 21 71 93 10 83 16 85 32 80 30 19 67 25 15 84 77 36 41 135 82 135 17 31 55 76 33 56 35 20 63 24 104 92 51 22 57 3 58 96 93 74 37 47 46 38 87 5 62 70 94 10 43 49 68 121 0
84
0 91
3 3 48 100
4 4
5 5
7 7 54
8 8
10 2 10
11 1 11 34
12 12
14 14 52 73
15 15
16 16
17 17 89
19 19
20 20
21 13 21
22 22
23 23
24 24
25 25
26 26
27 27
28 28
29 29
30 30
31 31
32 32
33 33
35 35
36 36
37 37
38 38
39 39
40 40
41 41
42 42
43 43
44 44
45 45
47 47
49 49
50 50
51 51
55 55
56 56
57 57
58 58
59 59
60 60
61 61
62 62
63 63
64 64
65 65
66 66
67 67
68 53 68
69 69
70 70
71 71
72 72
74 74
75 75
76 76
77 77
78 9 78
79 79
80 80
81 81
82 82
83 83
84 84
85 85
87 87
88 88 98
90 90
92 92
93 93
94 94
96 6 96
97 97
99 18 86 99
181 46
191 95
