0 30 28 26 25 23 32 20 19 17 85 86 83 81 80 79 78 77 76 74 72 65 71 70 62 58 61 60 59 58 54 53 51 49 44 46 44 42 41 40 39 37 36 34 33 117 116 112 115 114 113 115 112 ViksNode 107 105 106 102 100 122 100 99 96 93 92 14 15 16 13 14 11 9 8 7 6 5 4 3 0
40
3 3
4 4
7 7
8 8
9 10
13 13
15 15
17 18
19 19
20 20 21
25 25
28 27
30 30
34 35
36 36
37 37
42 42 43
44 48
46 47
53 53
54 55 56
59 59
60 60
62 63 73
70 70
71 71
74 74
78 78
80 80
86 86
92 94
99 99
100 104
105 108
106 106
112 130
113 113
114 114
117 117
122 121 123
