OYUinzd4zxVxIptSBcML jVnJVrQfkUuQ5PfgtD65 0Y8GuXeRCg3UQ8iw3rJM 3SpSgYRcx99pESu1D9Wi n14fgY77RxYuy7mkbJU1 knZxc5ZrIrcQzv054Pss 2LHGJx7lje13o5VgjaWa mSL1gwuFl7ezuWmYhoWX ugVnD0zzPxsfEn932v1t wDv7iczN6LiK2xDJOu0N paxbzGIrGUKuLL8gNR12 6YPXen0OkUAjsBQbugH8 4R5nKw333ATOizKdSrav 0rs0of9LUAzWTuABwTnG KRZBWx1Sd8wB0uU3QWeQ C4iWe9yR2mvfNmTv1Ujg dVfyZ8osOWlPeWeMnteY 2mMEW336zlvoabKQ0Mze ysFvkOBVEgTOFmcR2xc1 TOlchSnWWkR7rRWP9Cdc lM0uQphyVNPO90DR8P6A 7sEAL87eVGtPRFGU7wZL 5euTHFaulIyTMDOpAOiL 5dLU2ihY8weFRtdH0NCX xtyNkgmQQDlFdBVfN1o5 29cQGjH4xgr2WjuBLLEb OYUinzd4zxVxIptSBcML
25
wDv7iczN6LiK2xDJOu0N wDv7iczN6LiK2xDJOu0N
2mMEW336zlvoabKQ0Mze 2mMEW336zlvoabKQ0Mze
KRZBWx1Sd8wB0uU3QWeQ KRZBWx1Sd8wB0uU3QWeQ
dVfyZ8osOWlPeWeMnteY dVfyZ8osOWlPeWeMnteY
3SpSgYRcx99pESu1D9Wi 3SpSgYRcx99pESu1D9Wi
C4iWe9yR2mvfNmTv1Ujg C4iWe9yR2mvfNmTv1Ujg
n14fgY77RxYuy7mkbJU1 n14fgY77RxYuy7mkbJU1
0Y8GuXeRCg3UQ8iw3rJM 0Y8GuXeRCg3UQ8iw3rJM
lM0uQphyVNPO90DR8P6A lM0uQphyVNPO90DR8P6A
knZxc5ZrIrcQzv054Pss knZxc5ZrIrcQzv054Pss
TOlchSnWWkR7rRWP9Cdc TOlchSnWWkR7rRWP9Cdc
ugVnD0zzPxsfEn932v1t ugVnD0zzPxsfEn932v1t
6YPXen0OkUAjsBQbugH8 6YPXen0OkUAjsBQbugH8
mSL1gwuFl7ezuWmYhoWX mSL1gwuFl7ezuWmYhoWX
5dLU2ihY8weFRtdH0NCX 5dLU2ihY8weFRtdH0NCX
0rs0of9LUAzWTuABwTnG 0rs0of9LUAzWTuABwTnG
4R5nKw333ATOizKdSrav 4R5nKw333ATOizKdSrav
jVnJVrQfkUuQ5PfgtD65 jVnJVrQfkUuQ5PfgtD65
ysFvkOBVEgTOFmcR2xc1 ysFvkOBVEgTOFmcR2xc1
xtyNkgmQQDlFdBVfN1o5 xtyNkgmQQDlFdBVfN1o5
paxbzGIrGUKuLL8gNR12 paxbzGIrGUKuLL8gNR12
5euTHFaulIyTMDOpAOiL 5euTHFaulIyTMDOpAOiL
29cQGjH4xgr2WjuBLLEb 29cQGjH4xgr2WjuBLLEb
2LHGJx7lje13o5VgjaWa 2LHGJx7lje13o5VgjaWa
7sEAL87eVGtPRFGU7wZL 7sEAL87eVGtPRFGU7wZL
