woebegone funny McCall septillion embroil torus fatten decor anvil connubial Winchester bat directory numerology viscous bunch oriole PDP Stephen simulate Gilmore switchmen casserole MN monotonous MN backplate involuntary thirteen catenate Darwin Elizabethan Goodrich Simon yogurt trimester transfuse car softball archive sphalerite Curtis trimester illusion trimester tate felony woebegone encumbrance sinh Durango broil barnacle archive postscript bifurcate update icon involuntary spill involuntary lexicon swordfish funky mediate Sunday thirteen transonic encumbrance relaxation confrontation midstream encumbrance thoroughfare Isfahan felony trill administer limitate PDP exothermic MN noon inform limitate Tucson extrovert Andersen Zorn December Fisk swingy dull Wheller combine midget cowhand explosion cowhand Irvin mack balustrade babysat balustrade imperishable switchmen funny wingspread shovel choice lexicon Vega lexicon diligent numerology stanza Modesto shroud Rio Auberge Palo trill woebegone
83
Andersen Andersen
Auberge Auberge Rodney
Curtis Curtis deduce
Darwin Darwin
December December
Durango Durango Hewlett Reilly
Fisk Fisk
Gilmore Gilmore
Goodrich Goodrich
Irvin Irvin
Isfahan Isfahan
McCall McCall
Modesto Modesto
PDP PDP
Simon Simon
Stephen Stephen
Sunday Sunday silage whatsoever
Tucson Tucson
Vega Vega
Wheller Wheller
Winchester Winchester
Zorn Zorn
administer administer
anvil anvil
archive archive dull papal
babysat babysat
backplate backplate
barnacle barnacle
bat bat
bifurcate bifurcate
broil broil
bunch bunch
car car
casserole casserole renaissance
catenate catenate
choice choice
connubial connubial
diligent diligent
directory directory
embroil embroil
exothermic exothermic
explosion explosion
extrovert extrovert
fatten coarse
felony equipping felony
funky funky
funny funny yearn
icon icon
illusion griddle illusion
imperishable imperishable
inform inform millennium secondary
involuntary involuntary slowdown
limitate limitate
mack mack
mediate mediate
midstream midstream
monotonous dreadnought monotonous
noon noon
numerology numerology
oriole oriole
postscript postscript
relaxation relaxation
septillion septillion
shovel shovel
simulate simulate
sinh sinh
softball softball
sphalerite sphalerite
spill mitre spill
stanza stanza
swingy swingy
swordfish swordfish
tate tate
thirteen thirteen
thoroughfare thoroughfare
transfuse transfuse
transonic transonic
trill fulsome
trimester trimester
update update
viscous viscous
wingspread wingspread
yogurt yogurt
