exothermic swordfish felony Irvin felony Dominican yogurt FPC namesake McCall sacrifice extrovert Sicilian Halstead lordosis midget amateur Bernini Tucson intangible Curtis Injun Iowa combine trill shovel exothermic
21
Bernini Bernini
Curtis Curtis
FPC FPC
Halstead Halstead
Injun Injun
Iowa Iowa
Irvin Irvin decor
McCall Andersen McCall
amateur amateur
combine combine
extrovert extrovert
felony felony
intangible Tucson
lordosis lordosis
midget coarse midget
namesake namesake
sacrifice sacrifice
shovel shovel
swordfish swordfish wafer
trill trill
yogurt yogurt
