Loc35 Loc13 Loc67 Loc95 Loc37 Loc58 Loc51 Loc34 Loc81 Loc62 Loc80 Loc22 Loc25 Loc77 Loc31 Loc23 Loc44 Loc1 Loc70 Loc33 Loc63 Loc66 Loc14 Loc15 Loc75 Loc28 Loc71 Loc52 Loc48 Loc64 Loc41 Loc93 Loc43 Loc79 Loc90 Loc91 Loc86 Loc74 Loc0 Loc73 Loc24 Loc92 Loc4 Loc89 Loc78 Loc84 Loc46 Loc96 Loc7 Loc35
44
Loc0 Loc0
Loc1 Loc1
Loc4 Loc4
Loc7 Loc7
Loc13 Loc13
Loc14 Loc14
Loc15 Loc15 Loc47
Loc22 Loc22
Loc23 Loc23
Loc24 Loc24
Loc25 Loc10 Loc25
Loc28 Loc28
Loc31 Loc31
Loc33 Loc33
Loc34 Loc34
Loc37 Loc37
Loc41 Loc41
Loc44 Loc44
Loc46 Loc46
Loc48 Loc39 Loc65 Loc48
Loc51 Loc51
Loc52 Loc52
Loc58 Loc58
Loc62 Loc62
Loc63 Loc63
Loc64 Loc64
Loc66 Loc66
Loc67 Loc97 Loc67
Loc70 Loc70
Loc71 Loc71
Loc73 Loc73
Loc74 Loc74
Loc77 Loc77
Loc78 Loc78
Loc79 Loc79
Loc80 Loc80
Loc81 Loc81
Loc84 Loc84
Loc86 Loc86
Loc89 Loc89
Loc90 Loc90
Loc92 Loc92
Loc93 Loc93
Loc95 Loc54 Loc95
