1 8 56 8 38 111 38 44 102 44 6 126 6 17 66 17 19 53 19 37 125 37 7 107 7 44 46 54 46 15 103 15 33 67 33 11 65 11 23 108 23 34 77 34 25 80 25 14 75 14 3 112 3 41 137 41 10 76 10 45 74 45 35 84 35 24 88 24 48 68 48 5 90 5 29 129 29 13 109 13 36 130 36 18 63 18 28 83 28 30 95 30 27 78 27 43 64 43 30 20 124 20 39 52 39 2 81 2 42 89 42 4 118 4 26 100 26 3 9 72 9 31 70 31 38 1 22 71 22 16 133 16 39 32 135 32 21 82 21 47 141 47 12 59 12 40 117 40 1
95
1 49 128
2 62
3 97
4 51
5 93
6 119
7 120
8 123
9 73
10 132
11 142
12 116
13 79
14 105
15 85
16 91
17 60
18 69
19 98
20 115
21 138
22 94
23 55
24 134
25 86
26 121
27 140
28 131
29 96
30 101
31 143
32 139
33 127
34 50
35 92
36 110
37 99
38 61
39 57
40 87
41 106
42 104
43 136
44 114
45 122
46 144
47 113
48 58
52 52
53 53
54 54
56 56
59 59
63 63
64 64
65 65
66 66
67 67
68 68
70 70
71 71
72 72
74 74
75 75
76 76
77 77
78 78
80 80
81 81
82 82
83 83
84 84
88 88
89 89
90 90
95 95
100 100
102 102
103 103
107 107
108 108
109 109
111 111
112 112
117 117
118 118
124 124
125 125
126 126
129 129
130 130
133 133
135 135
137 137
141 141
