ctUVEJSyNR Z82QDWb0Pr 7d3UA4fKWz 8Jejdr7ynm QwY2G6aX6c VbPBW7rmhF UphA2uAaYC vzXeZbLrSW f91pUtm9EZ RLF9v27sOQ VbPBW7rmhF BtCEVbHoQI HG8olhhcTZ sY3UqAEMG3 MzId8uwrPz pxgZ5VHtpD 6lpxgUxCxO oPQmRUijH5 gLI8ArV2Ui osdKgXyg1e MuYreynm57 zUWT7uduzq uVIshS2g8a VBTKstUXwG HTp005294X TDmNOuGJBk T3o9dNVbcG ctUVEJSyNR
22
MzId8uwrPz MzId8uwrPz
TDmNOuGJBk TDmNOuGJBk
T3o9dNVbcG T3o9dNVbcG
Z82QDWb0Pr U5XdtBFGOe Z82QDWb0Pr
BtCEVbHoQI I4iTN5KXjB BtCEVbHoQI
7d3UA4fKWz 7d3UA4fKWz
VBTKstUXwG 8UaR4YpZys VBTKstUXwG
uVIshS2g8a qg08r1Pg6g
HG8olhhcTZ HG8olhhcTZ
RLF9v27sOQ RLF9v27sOQ
QwY2G6aX6c QwY2G6aX6c
MuYreynm57 MuYreynm57
HTp005294X IU0Ia8127Z
8Jejdr7ynm 8Jejdr7ynm
oPQmRUijH5 oPQmRUijH5
f91pUtm9EZ f91pUtm9EZ
gLI8ArV2Ui gLI8ArV2Ui
6lpxgUxCxO 6lpxgUxCxO
vzXeZbLrSW vzXeZbLrSW
UphA2uAaYC UphA2uAaYC
osdKgXyg1e osdKgXyg1e
zUWT7uduzq zUWT7uduzq
