153 170 143 71 74 89 114 144 117 144 124 137 156 30 52 192 5 35 90 79 150 168 89 23 3 115 138 139 0 77 197 92 119 158 176 34 145 195 25 131 0 60 161 150 31 89 49 134 143 158 50 79 125 83 192 29 58 113 75 113 41 136 144 110 22 86 13 196 76 170 108 41 160 148 160 41 108 41 91 66 95 145 53 5 35 90 2 55 146 181 26 172 133 91 40 147 189 78 189 147 98 103 98 103 98 5 145 53 77 178 121 118 169 35 177 137 15 129 54 120 36 20 89 72 126 59 81 19 186 5 192 92 171 128 153
76
50 50
81 81
83 83
40 40
29 29
89 89
126 126
86 86 4
178 178
41 41
23 23
95 95
90 90
19 19
78 163
77 77
20 20
153 153
139 43
192 192
137 137
13 13
5 5
79 79
15 15
197 197 70 180
156 156
136 136
160 127 160 37
35 35
2 2 187
128 96 128
161 21 161
120 47 120
36 188 36
195 195
25 140
172 172
146 146
75 182 16
196 196
119 119
145 145
98 98 122 88
189 8
170 170
34 34
76 7
72 28
49 49 167
53 53
177 177
71 11
108 108
134 134
52 52 179
118 118 68
60 112 60
124 124
131 131
103 56
59 152
26 26
3 3
169 169
113 113
0 0
58 58 93 99
138 61 138
168 168
74 74
147 42 147
117 135 194
171 171
129 12 129 184
150 150
