index97 index1 index63 index51 index39 index49 index36 index23 index25 index43 index29 index70 index16 index42 index38 index83 index2 index65 index27 index44 index7 index33 index73 index68 index32 index35 index6 index41 index14 index13 index72 index10 index71 index91 index22 index9 index5 index78 index48 index31 index96 index60 index57 index26 index58 index86 index85 index76 index94 index3 index15 index97
45
index1 index1
index2 index2
index3 index3
index5 index8
index6 index6
index7 index7
index9 index9
index10 index10
index13 index13 index24
index14 index0 index14
index15 index15
index22 index22
index23 index23
index25 index25
index26 index26
index27 index27
index29 index29
index31 index31
index32 index32
index33 index33
index35 index35
index36 index11
index38 index38
index39 index39
index41 index41
index42 index42
index43 index43
index44 index44
index48 index48
index49 index49 index79
index51 index51
index57 index57
index58 index58
index60 index60
index63 index63
index68 index68
index70 index52 index59 index70
index72 index72
index73 index73
index76 index76
index78 index78
index85 index85
index91 index91
index94 index94
index97 index97
