ZfI6StUliqd8YxBr0zVp Z6746tUNXH05XsKVq5bc sxZzRXnVfKw2KrspKPg1 Z38PT2VWeDoNiuh4rc0v Af4sQnaDf5G2yrOfmk45 RnnCc8OgQLqPe5HvvbS3 WEpQsV1SPLNjRDFxWGJw 98jc4TOf5CFD5ooRLXKs SI1jqone3x4IZwZ6qVW6 mMagcNSN7U8s7oy3e0j4 5JVto9dbOz4Lu3AeAOZD QGzcn6XPemZ0IhmCJCmq ufkSgxNAeRAXQFn3w6eB Fa64KRccvM4rqOgxBKtu ip0vmcqzxYgrY2Mc3Bu9 zs8puphf0SbuOBS6XpM9 uYmver98TgwbkIsM8XgU gX6xMy6pWnenI68kwgcu gj1PIUxoUprs5rKMLNpv BFat56YSkekx77JCOMI4 ZfI6StUliqd8YxBr0zVp
19
ip0vmcqzxYgrY2Mc3Bu9 ip0vmcqzxYgrY2Mc3Bu9
RnnCc8OgQLqPe5HvvbS3 RnnCc8OgQLqPe5HvvbS3
98jc4TOf5CFD5ooRLXKs 98jc4TOf5CFD5ooRLXKs
WEpQsV1SPLNjRDFxWGJw WEpQsV1SPLNjRDFxWGJw
BFat56YSkekx77JCOMI4 BFat56YSkekx77JCOMI4
SI1jqone3x4IZwZ6qVW6 SI1jqone3x4IZwZ6qVW6 ZBTm8fkarNXg3vLUAnt8
uYmver98TgwbkIsM8XgU uYmver98TgwbkIsM8XgU
QGzcn6XPemZ0IhmCJCmq QGzcn6XPemZ0IhmCJCmq
ufkSgxNAeRAXQFn3w6eB cC9SZGtAtirSBnbvLWzt
Fa64KRccvM4rqOgxBKtu Fa64KRccvM4rqOgxBKtu
Z38PT2VWeDoNiuh4rc0v gGXF4imn3IOLlYGD81XA UoiNiYnewh16WNDFqvYW
Z6746tUNXH05XsKVq5bc Z6746tUNXH05XsKVq5bc
mMagcNSN7U8s7oy3e0j4 Hxhi6IYOb3B8uxHbGYVt mMagcNSN7U8s7oy3e0j4
zs8puphf0SbuOBS6XpM9 zs8puphf0SbuOBS6XpM9
gj1PIUxoUprs5rKMLNpv gj1PIUxoUprs5rKMLNpv
gX6xMy6pWnenI68kwgcu gX6xMy6pWnenI68kwgcu
5JVto9dbOz4Lu3AeAOZD 5JVto9dbOz4Lu3AeAOZD
ZfI6StUliqd8YxBr0zVp ZfI6StUliqd8YxBr0zVp
Af4sQnaDf5G2yrOfmk45 YzWX8RqUW0YPFsebUKYP Af4sQnaDf5G2yrOfmk45 QBaUzVWA62rnfcsnEShZ QUmdpeJNwq8Od3rclrVL
