Jacksonville Atlanta Louisville Arlington Portland Seattle LasVegas LongBeach Oakland Phoenix OklahomaCity FortWorth SanJose Boston SanAntonio Detroit Columbus Tucson Milwaukee Austin Raleigh Indianapolis LosAngeles ElPaso Nashville VirginiaBeach ColoradoSprings Chicago Minneapolis Tulsa Jacksonville
22
LosAngeles LosAngeles
Phoenix Phoenix
SanJose SanJose
Austin Austin
Jacksonville Jacksonville
FortWorth FortWorth
Columbus Columbus
Indianapolis Indianapolis
Seattle Seattle
Boston Boston
ElPaso ElPaso
Portland Portland
LasVegas LasVegas
Louisville Louisville
Tucson Tucson
Atlanta Fresno SanFrancisco Atlanta
Raleigh Memphis
LongBeach LongBeach
VirginiaBeach VirginiaBeach
Oakland Philadelphia Albuquerque
Minneapolis Minneapolis
Tulsa Tulsa
