SaintPaul Indianapolis Mesa Baltimore Albuquerque BatonRouge FortWorth BatonRouge Albuquerque FortWayne Aurora Omaha Miami KansasCity NewOrleans Chandler ElPaso Austin LosAngeles Plano Fresno Spokane Fresno Chesapeake Lubbock StPetersburg Milwaukee Columbus Glendale Hialeah OklahomaCity Bakersfield Minneapolis Lincoln JerseyCity ChulaVista Charlotte Phoenix Columbus Cleveland Anchorage FortWayne Albuquerque Baltimore LongBeach Dallas Tucson Detroit Denver Detroit Tucson Philadelphia Pittsburgh SantaAna Durham Phoenix Cincinnati ChulaVista SanDiego SanJose Madison SanFrancisco Stockton Houston Tampa Toledo Atlanta Toledo JerseyCity Laredo Irving Louisville Memphis Honolulu Scottsdale Newark Garland SaintPaul
46
Houston Houston
Phoenix Phoenix
SanDiego SanDiego
Dallas Dallas
SanJose SanJose
Austin SanAntonio Austin
FortWorth FortWorth
Columbus Columbus
Charlotte Charlotte
Indianapolis Indianapolis
Denver Denver
ElPaso ElPaso
Memphis Memphis
OklahomaCity OklahomaCity
Baltimore Baltimore
Milwaukee Milwaukee
Tucson Tucson Raleigh
Fresno Lexington
Atlanta Atlanta
LongBeach LongBeach
Tampa Tampa
NewOrleans NewOrleans
Bakersfield Bakersfield
Aurora Aurora
Honolulu Honolulu
SantaAna SantaAna
Stockton Stockton
Pittsburgh Pittsburgh
Anchorage Anchorage
Plano Plano
Lincoln Lincoln
Newark Newark
Durham Durham WinstonSalem
ChulaVista Cincinnati
FortWayne FortWayne
JerseyCity JerseyCity
StPetersburg Henderson StPetersburg
Laredo Laredo
Madison Madison
Chandler Chandler
Lubbock Lubbock
Scottsdale Scottsdale
Glendale Glendale
Chesapeake Chesapeake
Hialeah Hialeah
Spokane Spokane
