Hernandezville Beckyshire Ponceville Bridgesville Dennisstad Wilsonburgh Dennisstad Bridgesville Riveramouth Martinton Riveramouth Bradshawside Riveramouth Bridgesville Ponceville Garymouth Christophertown Crystaltown Christophertown Garymouth Ponceville Beckyshire Hernandezville Joelview Farmerside Gabriellabury Courtneyfurt Morrisbury Courtneyfurt Gabriellabury Murphyberg Hendersonchester Murphyberg Gabriellabury Farmerside Ralphtown Stricklandbury Tylermouth Stricklandbury Ralphtown Garciaport Charlesburgh Garciaport Ralphtown Farmerside Ryanton Williamsmouth Johnstonmouth Williamsmouth Mcdonaldmouth Williamsmouth Ryanton Farmerside Joelview Downsville Richardhaven Tammychester Richardhaven Downsville Williammouth Haasville Williammouth Downsville Joelview Hernandezville Beckyshire Ponceville Mcculloughchester Crystalchester Smithmouth Crystalchester Mcculloughchester Jonestown Kellyfort Jonestown Barbarachester Jonestown Mcculloughchester Ponceville Garymouth Camposstad Donaldstad Camposstad Williamsville Camposstad Garymouth Ponceville Beckyshire Derekton Wallaceville Morenoside Amberfurt Morenoside Wallaceville Derekton Thomaschester Mcfarlandville Belindamouth Mcfarlandville Thomaschester Derekton Beckyshire Ponceville Bridgesville Esparzaberg Kristinbury Esparzaberg Thomasburgh Esparzaberg Bridgesville Ponceville Beckyshire Hernandezville Joelview Mitchellchester Lopezmouth Dixonton Keithton Dixonton Francesmouth Dixonton Lopezmouth Heathermouth Emilymouth Heathermouth Lopezview Heathermouth Lopezmouth Mitchellchester Sheabury Maysfort Huynhton Maysfort Sheabury Mitchellchester Joelview Hernandezville
28
Kellyfort Pittsland Tinatown Kellyfort
Tammychester Rebeccaton Tammychester
Charlesburgh Angelaview Charlesburgh
Barbarachester Barbarachester Jonesberg
Belindamouth Belindamouth
Kristinbury Allenberg Kristinbury
Donaldstad Donaldstad Thomastown
Smithmouth Smithmouth Robertborough
Hendersonchester Hendersonchester
Martinton Deborahfort Martinton Brianland
Thomasburgh Johnsonmouth Thomasburgh Sanchezland
Emilymouth Emilymouth
Tylermouth Tylermouth Deanstad
Courtneyfurt Contrerasland
Bradshawside Wandaside Bradshawside
Lopezview Robertsfort Lopezview
Wilsonburgh Wilsonburgh Harristown Josephton
Haasville Haasville
Keithton Keithton Andrewland Aprilstad
Amberfurt Amberfurt
Huynhton Huynhton
Williamsville Williamsville
Morrisbury Morrisbury
Johnstonmouth Johnstonmouth
Morenoside Johnport
Mcdonaldmouth Mcdonaldmouth Adkinsfurt
Crystaltown Crystaltown Johnsontown
Francesmouth Francesmouth Richardville
