Porterton Wallton Davisstad Leechester Castanedachester Suttonville Castanedachester Leechester Davisstad Wallton Derekmouth Geraldside Joseport Gabrielburgh Joseport Hallborough Joseport Geraldside Michellehaven Cranemouth Michellehaven Geraldside Derekmouth Wallton Porterton Dianashire Ashleyborough Osborneville Payneview Teresafort Smithtown Teresafort Calvinton Teresafort Payneview Osborneville Ashleyborough Paulburgh Robertsstad Toddtown Swansonshire Toddtown Robertsstad Paulburgh Ashleyborough Clarkberg Reevestown Judithview Michaelview Judithview Reevestown Clarkberg Ashleyborough Osborneville Payneview Teresafort Smithtown Teresafort Payneview Barnesmouth Harrisport Barnesmouth Payneview Osborneville Christophermouth Shawnhaven Candaceborough Shawnhaven Christophermouth Osborneville Ashleyborough Clarkberg Burtonview Murphyside Bakertown Murphyside Burtonview Clarkberg Ashleyborough Dianashire Burgessview Marcusburgh Fletcherland Willisfurt Ortizberg Willisfurt Fletcherland Kingview Williamschester Kingview Fletcherland Marcusburgh Matthewburgh Bondfort Shawnmouth Bondfort Adamview Bondfort Matthewburgh Virginiastad Robinsonmouth Virginiastad Matthewburgh Marcusburgh Burgessview Dianashire Porterton Wallton Derekmouth Geraldside Michellehaven Ramosborough Michellehaven Geraldside Derekmouth Wallton Davisstad Newmanburgh Gallowaymouth Rioshaven Gallowaymouth Newmanburgh Davisstad Jacksonton Singletonton Clarkbury Singletonton Jacksonton Davisstad Wallton Danielleport Scottburgh Laurenbury Haleview Laurenbury Scottburgh Danielleport Wallton Derekmouth Jeffreyfort Garytown Audreyfort Garytown Jeffreyfort Derekmouth Charlesberg Sethland Ellisstad Sethland Charlesberg Derekmouth Wallton Danielleport Cooperton Lopezborough Waltersmouth Adamport Waltersmouth Lopezborough Cooperton Danielleport Melissaview Campbellhaven Annberg Campbellhaven Melissaview Cheyennefurt Watsonville Cheyennefurt Thompsonshire Cheyennefurt Melissaview Danielleport Wallton Derekmouth Charlesberg Kevinberg Adamside Kevinberg Charlesberg Weberbury Kimberlyburgh Weberbury Clarkport Weberbury Charlesberg Kevinberg Patriciabury Kevinberg Charlesberg Derekmouth Jeffreyfort Johnsonchester Nealfurt Johnsonchester Jeffreyfort Derekmouth Wallton Davisstad Leechester Pettyton Bondmouth Pettyton Jonesfurt Pettyton Leechester Davisstad Wallton Porterton Dianashire Ashleyborough Osborneville Payneview Barnesmouth Clarkborough Barnesmouth Payneview Jacksonville Jennifertown Jacksonville Christopherhaven Jacksonville Payneview Osborneville Ashleyborough Dianashire Burgessview Billton Banksburgh Yvonneborough Parkermouth Yvonneborough Banksburgh Simmonsburgh Michaelville Simmonsburgh Banksburgh Billton Burgessview Marcusburgh Matthewburgh Virginiastad Johnsonberg Virginiastad Matthewburgh Marcusburgh Tylerbury Paultown Hansonbury Paultown Tylerbury Jamestown Wilsonstad Jamestown Tylerbury Marcusburgh Burgessview Williamfort Moodyburgh Heatherberg Thomasborough Heatherberg Moodyburgh Gregoryberg Smithfort Gregoryberg Moodyburgh Williamfort Burgessview Dianashire Ashleyborough Paulburgh Walltown Johnberg Williamshire Johnberg Walltown Callahantown Maryport Callahantown Walltown Scotttown Jacksonview Scotttown Walltown Paulburgh Ashleyborough Dianashire Burgessview Williamfort Thomasville Lopezburgh Byrdfurt Lopezburgh Leahmouth Lopezburgh Thomasville Williamfort Williamport Ashleystad Codyton Ashleystad Holthaven Ashleystad Williamport Williamfort Burgessview Dianashire Porterton
54
Williamshire Williamshire
Bondmouth Mercedesmouth Taylorton Bondmouth
Swansonshire Swansonshire Abigailhaven
Smithfort Millerborough Smithfort
Kimberlyburgh Kimberlyburgh Candiceland
Thompsonshire Thompsonshire
Adamport Adamport
Jonesfurt Jonesfurt
Michaelview Michaelview Clarenceview
Ramosborough Fordhaven Ramosborough
Shawnmouth Buckleyside Shawnmouth Priceville
Audreyfort Audreyfort Patriciaside
Calvinton Calvinton
Parkermouth Parkermouth Shawnfort
Gabrielburgh Hodgesstad Gabrielburgh
Smithtown Jacksonland Smithtown Abigailville
Michaelville Williamland Michaelville
Clarkport Clarkport
Codyton Ryanside Codyton Mindyview
Sethland Tannerhaven
Robinsonmouth Robinsonmouth Horneside
Wilsonstad Wilsonstad
Williamschester Mirandaview Williamschester
Annberg Houstonchester Dyerport Annberg
Jacksonview Danielville Jacksonview
Ortizberg Ortizberg
Adamview Adamview Harrisborough
Nealfurt Nealfurt
Candaceborough Candaceborough
Hallborough Kylieview Hallborough
Leahmouth Leahmouth
Watsonville Christyland Robertomouth Watsonville
Byrdfurt Byrdfurt Garciamouth Loweryborough
Harrisport Brendaview Harrisport
Clarkbury Jermaineton Clarkbury
Hansonbury Hansonbury
Shawnhaven Dannyside
Jennifertown Feliciaville Jennifertown
Bakertown Derekville Jameston Bakertown
Johnsonberg Johnsonberg
Waltersmouth Adkinsberg
Maryport Combsville Reynoldsview Maryport
Thomasborough Ortegaberg Masseyside Thomasborough
Ellisstad Ellisstad Osbornemouth
Patriciabury Troyfort Patriciabury Thomasmouth
Christopherhaven Christopherhaven
Clarkborough Clarkborough
Suttonville Suttonville
Holthaven Holthaven Vickiville
Adamside Andrewschester Adamside Bradberg
Johnsonchester Susanfort
Rioshaven Rioshaven Josephstad
Haleview Haleview Hallstad
Cranemouth Cranemouth Joneschester
