0 85 1 69 43 80 14 78 36 77 68 140 66 31 2 9 83 128 19 34 55 90 84 76 89 147 82 67 39 139 93 21 74 5 81 20 53 12 70 142 51 98 91 73 79 56 24 6 96 27 99 92 54 60 57 4 79 26 45 42 151 28 15 94 71 10 75 72 194 30 8 87 41 32 59 7 50 64 88 23 0
74
0 0
1 1 58
2 2
4 4
5 5 75
6 6
7 7
8 8
9 9 52
10 10
12 12 62
14 14
15 15 33
19 19 35 37
20 20
21 21
23 23
24 24 46
26 26
27 27
28 28 38
30 30
31 31 86
32 32
34 34
36 36
39 39
41 41
42 42
43 43
45 45
50 50
51 13 51
53 53
54 49 54
55 55
56 56
57 57
59 59 97
60 60
64 64
66 66
67 67
68 68
69 69
70 16 25 70
71 71
72 72
73 73
74 74
76 76
77 77
78 78
79 11 17 79
80 3 80
81 81
82 82
83 40 83
84 84
85 44 85
87 18 87 95
88 88
89 29 89
90 90
91 91
92 92
93 93
94 94
96 96
98 65 98
99 99
139 48 63
142 22 47
194 61
