K BH FS GD CA EJ BX DV AH AW GR CM BG FM BO AP V I GI CT GF EQ J Z DI EL BL FP DC U DG DK AJ FZ G BA AX DH DS GO GE EK T FO CB AK BY BE GJ DB DZ AB EZ C DR BQ L BB CW GG AG EG FX GK FR AU BR CJ FH CQ FU EH DN EH DE EV GC AF ES CK FG BI DB DX EM BP FJ P EC FE FV Y AS R BF EU DP GL DV BJ FD EN AM CF B K
92
B B
G G
I I
L L
P P
R R
T T
U U
V V
Y Y
Z Z
AB AB
AF AF
AG AG
AH AH
AJ AJ
AM AM
AS AS
AW AW
AX AX
BA BA
BB BB
BE BE
BF BF
BG BG
BI BI
BJ BJ
BL M BL
BO BO
BP BP
BQ BQ
BR BR
BX BX
BY BY
CB CB
CF CF
CJ CJ
CK CK
CM CM
CQ CQ
CT CT
CW X CW
DB DB
DC AN DC
DE EO
DG DG
DH DH
DI DI
DK DK
DP DP
DR DR
DS DS
DV DV
DX DX
DZ DZ
EC EC
EG EG
EH EH
EJ EJ
EK EK
EL EL
EM EA EM
EN EN
EQ CE EQ
EU EU
EV CY EV
EZ EZ
FD FD
FE FE
FG FG
FH FH
FJ FJ
FM FM
FO FO
FP FP
FR FR
FS FS
FU FU
FV FV
FX FX
FZ FZ
GC ED GC
GD GD
GE GE
GF GF
GG GG
GI GI
GJ GJ
GK GK
GL GL
GO FI GO
GR GR
