fmdhlepsteinstdnkill epsteindlsfdntmkillh dnkillepsteinlshdtfm lmhdtfdepsteinnkills ndkillftdsmepsteinlh hsdlepsteinmnkilldft hsndepsteindlmtkillf tlmsdhdnkillfepstein tmlepsteinsdnfkillhd epsteinskilldlndhmtf fshtdepsteinmldnkill dmepsteinfnhltkillsd epsteinkillmsftnddlh fkillepsteindlhdnsmt epsteinkillmsftnddlh dnkillepsteinlshdtfm killepsteinlhtfdsmdn epsteinlshkilldnfdmt flepsteindndhmtkills killdmnsfhldepsteint ftmnsldepsteinkillhd fhndskillepsteintldm lhsepsteindtdnmkillf epsteindfhlmdnskillt hnfdtmlepsteinkillds msfltdkillnepsteinhd fmsepsteindntldhkill tlsfdmdepsteinnhkill ddlmnftepsteinhskill fepsteinhsntddkilllm killmlepsteindthnfsd ntlepsteindmfdshkill epsteinfsddmthkillnl hnsdkilllftdmepstein lndsdkilltmepsteinhf nkilltdhlmdepsteinsf hepsteinsddnfkillmlt ddtmkillepsteinflsnh fddsepsteinhnlkilltm fdshnmkillepsteinltd killnsfmhdepsteindtl nfdhkilllsmtepsteind sldnhepsteindftkillm nhkillepsteindmdlsft nepsteinlmdkilldhfts epsteinkillnmsdhtdlf fkillepsteinmldnhstd depsteinnlsfmhtkilld nmlfshtdkillepsteind ddepsteinhltfkillsmn nhmkilllsftepsteindd fmdhlepsteinstdnkill
40
msfltdkillnepsteinhd msfltdkillnepsteinhd
ftmnsldepsteinkillhd hsdfepsteintlnkilldm
flepsteindndhmtkills flepsteindndhmtkills
hsdlepsteinmnkilldft epsteinmhndfkilltdls
hepsteinsddnfkillmlt hepsteinsddnfkillmlt
fhndskillepsteintldm lnsmkilltfdepsteindh fhndskillepsteintldm
nepsteinlmdkilldhfts nepsteinlmdkilldhfts
ndkillftdsmepsteinlh ndkillftdsmepsteinlh
ddtmkillepsteinflsnh ddtmkillepsteinflsnh
lndsdkilltmepsteinhf lndsdkilltmepsteinhf
killmlepsteindthnfsd killmlepsteindthnfsd
ntlepsteindmfdshkill ntlepsteindmfdshkill
dmepsteinfnhltkillsd dmepsteinfnhltkillsd
tmlepsteinsdnfkillhd tmlepsteinsdnfkillhd
fmsepsteindntldhkill fmsepsteindntldhkill
hnsdkilllftdmepstein hnsdkilllftdmepstein
epsteinfsddmthkillnl dhepsteindsnlkillfmt
fshtdepsteinmldnkill fshtdepsteinmldnkill
epsteindlsfdntmkillh epsteindlsfdntmkillh
epsteindfhlmdnskillt epsteindfhlmdnskillt dlnsthfmepsteinkilld
killdmnsfhldepsteint killdmnsfhldepsteint epsteintdkilllnfdhms
depsteinnlsfmhtkilld depsteinnlsfmhtkilld
tlmsdhdnkillfepstein lsdepsteinfmkillndth tlmsdhdnkillfepstein
epsteinskilldlndhmtf epsteinskilldlndhmtf
nfdhkilllsmtepsteind nfdhkilllsmtepsteind dfkilllmtepsteinhdsn
nkilltdhlmdepsteinsf nkilltdhlmdepsteinsf
fkillepsteindlhdnsmt nltdmsfepsteinkilldh stepsteinhkillfmnldd
hsndepsteindlmtkillf hsndepsteindlmtkillf
epsteinlshkilldnfdmt epsteinlshkilldnfdmt
dnkillepsteinlshdtfm dnkillepsteinlshdtfm mftkillepsteinndlhsd lhepsteinkilldtnmfsd
lmhdtfdepsteinnkills lmhdtfdepsteinnkills
fdshnmkillepsteinltd fdshnmkillepsteinltd
killnsfmhdepsteindtl killnsfmhdepsteindtl
tlsfdmdepsteinnhkill tlsfdmdepsteinnhkill
epsteinkillmsftnddlh epsteinkillmsftnddlh
hnfdtmlepsteinkillds hdepsteinskillldtnfm hnfdtmlepsteinkillds
fepsteinhsntddkilllm fepsteinhsntddkilllm
killepsteinlhtfdsmdn killepsteinlhtfdsmdn dhkilllsepsteinmntdf
ddlmnftepsteinhskill ddlmnftepsteinhskill
nhmkilllsftepsteindd nhmkilllsftepsteindd
