dldkilltnmhfepsteins msddkilllthepsteinfn killsepsteindmtflhnd killfthnmsdlepsteind tsmdepsteinkillhfdln depsteinlfnmkilldsht slepsteinkillfmddhtn killtdslhfdepsteinnm shfnmltepsteindkilld killdldepsteinmfsthn nepsteinfthdldmkills fkillepsteinndmdlhts mkillthfdlnepsteinds skillthlfndepsteindm fsepsteindkillhmtdln killhdfnsepsteinmltd smtepsteinkilldfnhdl killdldepsteinmfsthn shfnmltepsteindkilld ndshkilldmlepsteinft lmkillepsteintsndfhd hepsteinntdkillsdmfl lmkillepsteintsndfhd lhsntdepsteindkillmf tepsteinkilldflhnmsd depsteinlfnmkilldsht tldkillhsfnmepsteind killshdlmftnepsteind depsteinslkillhdftmn killthsepsteindmlfdn epsteindmshtfldnkill hsepsteinfkillnmddtl nmdhepsteinkilltfsld epsteinhnkillsldfdmt fthlkillnepsteindsdm killmdshdtnflepstein fdskillndtmepsteinlh killmdshdtnflepstein killfhdndtlepsteinsm lepsteindnhstfdmkill tdkillepsteinsmhdfnl epsteintfhndkilllmsd tdnfmdhepsteinslkill lkilldtnmsepsteindfh hepsteinnfdmlsdtkill depsteinftndhmkillsl dhkillldsepsteintnmf epsteinfsltkillnhddm fmltddhnepsteinskill epsteinfsltkillnhddm dhkillldsepsteintnmf killtdmsdfhnepsteinl ltfnsdhepsteinkilldm killhtdmdlnsfepstein dtsmdnlhfepsteinkill epsteinsnmflhtdkilld killdepsteinmfltdshn dflstmkillepsteindhn killfsdhmndepsteintl dftkillhmldnepsteins ndkillthdepsteinlsmf dkillnmsfhtlepsteind tndskilldfepsteinmhl mdkillntepsteindfhsl dmldfhskillntepstein mfndlsdepsteinhkillt dsftepsteindhkillmnl sdlhfnmdepsteintkill dsftepsteindhkillmnl mfndlsdepsteinhkillt ldepsteindhkilltsmfn dfdepsteintlnskillhm epsteinshlkilldmnfdt dkillnmhldstfepstein hdntepsteinkilllsdfm mhkillepsteinddlfsnt hdntepsteinkilllsdfm dhtepsteinkillsdflmn hnsepsteinmkillfddtl killthsepsteindmlfdn nepsteindhkillltmsfd sndldftmkillepsteinh killhtdmdlnsfepstein nfltdmkillsdepsteinh mkilldlshdtfepsteinn thnkillmddsepsteinfl smkillnepsteinfldthd hdmndfepsteinstkilll lkillepsteintdshmfnd mdkilllfdnstepsteinh epsteinfthkilldnslmd mdkilllfdnstepsteinh fdmtdepsteinkilllsnh lntkillepsteinfsddhm mhdskillldftnepstein dhmkillfdltnsepstein lkilldtnmsepsteindfh tsmdepsteinkillhfdln depsteinlfnmkilldsht tldkillhsfnmepsteind killshdlmftnepsteind nsepsteinfmdkillhldt hnskillepsteintfdmld nsepsteinfmdkillhldt lkillfthdsepsteindnm dtnkillsepsteinmdfhl dftkillhmldnepsteins hmndfkillslepsteintd dkillldfepsteintsmnh dlshdtepsteinnkillfm killdepsteinmfltdshn tsdnhkilllmepsteindf tdfkillslepsteinhdmn sldhnfmtdkillepstein tepsteinhsdkillmldfn shepsteinnkillftlddm msepsteintlhnfkilldd hmdkilllnepsteinfsdt killhtdmdlnsfepstein fmtnkilldepsteindhsl fhdmnepsteindkillslt nftmskilldldepsteinh mdkillnlsdtepsteinhf fmhlnkilldepsteindst lsmftnepsteinkillhdd hkilllepsteinnstfddm killmfndshdtepsteinl smtepsteinkilldfnhdl killdldepsteinmfsthn dnldkillhmfstepstein lnepsteintdfmdshkill skillmfepsteinthddnl lnepsteintdfmdshkill fddsmepsteintnkillhl mndtkillepsteindlfhs ldfsmnepsteinkilltdh hepsteinnfmtlkilldds killtepsteinddhlmnsf hnddkilltslmfepstein thdlskillnfdmepstein hnddkilltslmfepstein lepsteindsmnhftdkill epsteinldtnfmshdkill lepsteindsmnhftdkill dhsepsteintlkillmfnd epsteinhdkillltsmfdn dfkilllepsteinsnmhtd sdndhepsteinltkillfm epsteindkilltlmnhsfd depsteinftndhmkillsl fhnmkillepsteinsdltd dlfdkilltepsteinhnms msddkilllthepsteinfn dldkilltnmhfepsteins
92
fmltddhnepsteinskill fmltddhnepsteinskill
tdfkillslepsteinhdmn tdfkillslepsteinhdmn
hnskillepsteintfdmld hnskillepsteintfdmld
nfltdmkillsdepsteinh nfltdmkillsdepsteinh
lsmftnepsteinkillhdd lsmftnepsteinkillhdd
epsteinhnkillsldfdmt epsteinhnkillsldfdmt
killtdmsdfhnepsteinl killtdmsdfhnepsteinl
dlshdtepsteinnkillfm dlshdtepsteinnkillfm
mdkillntepsteindfhsl mdkillntepsteindfhsl
tsmdepsteinkillhfdln tsmdepsteinkillhfdln
tdkillepsteinsmhdfnl tdkillepsteinsmhdfnl
depsteinftndhmkillsl depsteinftndhmkillsl
msepsteintlhnfkilldd msepsteintlhnfkilldd
lmkillepsteintsndfhd lmkillepsteintsndfhd
killfthnmsdlepsteind killfthnmsdlepsteind
fhdmnepsteindkillslt fhdmnepsteindkillslt
fddsmepsteintnkillhl fddsmepsteintnkillhl
ndshkilldmlepsteinft ndshkilldmlepsteinft
nmdhepsteinkilltfsld nmdhepsteinkilltfsld
fdskillndtmepsteinlh fdskillndtmepsteinlh
slepsteinkillfmddhtn slepsteinkillfmddhtn
killmfndshdtepsteinl killmfndshdtepsteinl
dhsepsteintlkillmfnd dhsepsteintlkillmfnd
msddkilllthepsteinfn msddkilllthepsteinfn
tldkillhsfnmepsteind tldkillhsfnmepsteind
killdldepsteinmfsthn killdldepsteinmfsthn
shepsteinnkillftlddm tepsteinhsdkillmldfn
sdlhfnmdepsteintkill sdlhfnmdepsteintkill
nftmskilldldepsteinh nftmskilldldepsteinh
skillthlfndepsteindm skillthlfndepsteindm
epsteinfthkilldnslmd epsteinfthkilldnslmd ntmdhepsteinsdkillfl
lepsteindnhstfdmkill lepsteindnhstfdmkill
epsteindmshtfldnkill epsteindmshtfldnkill
dkillnmsfhtlepsteind dkillnmsfhtlepsteind
sndldftmkillepsteinh sndldftmkillepsteinh
killdepsteinmfltdshn killdepsteinmfltdshn
dkillnmhldstfepstein dkillnmhldstfepstein
killhtdmdlnsfepstein killhtdmdlnsfepstein
thdlskillnfdmepstein lepsteinkilldhfmstnd thdlskillnfdmepstein
fsepsteindkillhmtdln fsepsteindkillhmtdln epsteinlmkillfshnddt
mndtkillepsteindlfhs mndtkillepsteindlfhs
ndkillthdepsteinlsmf ndkillthdepsteinlsmf
hsepsteinfkillnmddtl hsepsteinfkillnmddtl
epsteintfhndkilllmsd epsteintfhndkilllmsd
ltfnsdhepsteinkilldm ltfnsdhepsteinkilldm tepsteinmdfldhnskill
shfnmltepsteindkilld shfnmltepsteindkilld killtdslhfdepsteinnm
fmtnkilldepsteindhsl mkillldnhepsteinstfd fmtnkilldepsteindhsl
epsteindkilltlmnhsfd epsteindkilltlmnhsfd
hepsteinnfdmlsdtkill hepsteinnfdmlsdtkill
killhdfnsepsteinmltd killhdfnsepsteinmltd
mkillthfdlnepsteinds mkillthfdlnepsteinds
sldhnfmtdkillepstein sldhnfmtdkillepstein
mkilldlshdtfepsteinn mkilldlshdtfepsteinn
dtnkillsepsteinmdfhl dtnkillsepsteinmdfhl
lkilldtnmsepsteindfh lkilldtnmsepsteindfh
thnkillmddsepsteinfl thnkillmddsepsteinfl
ldepsteindhkilltsmfn ldepsteindhkilltsmfn
epsteinsnmflhtdkilld epsteinsnmflhtdkilld
dnldkillhmfstepstein dnldkillhmfstepstein
hnsepsteinmkillfddtl hnsepsteinmkillfddtl
nepsteindhkillltmsfd nepsteindhkillltmsfd
sdndhepsteinltkillfm sdndhepsteinltkillfm
fhnmkillepsteinsdltd fhnmkillepsteinsdltd
dfkilllepsteinsnmhtd dfkilllepsteinsnmhtd
tndskilldfepsteinmhl tndskilldfepsteinmhl
killtepsteinddhlmnsf killtepsteinddhlmnsf
dlfdkilltepsteinhnms dlfdkilltepsteinhnms
mdkillnlsdtepsteinhf mdkillnlsdtepsteinhf
epsteinldtnfmshdkill epsteinldtnfmshdkill
epsteinhdkillltsmfdn epsteinhdkillltsmfdn
dtsmdnlhfepsteinkill dtsmdnlhfepsteinkill
dhtepsteinkillsdflmn dhtepsteinkillsdflmn
dmldfhskillntepstein dmldfhskillntepstein
dflstmkillepsteindhn dflstmkillepsteindhn
hmndfkillslepsteintd hmndfkillslepsteintd
hnddkilltslmfepstein dmtlsfhnkilldepstein
tsdnhkilllmepsteindf tsdnhkilllmepsteindf
lhsntdepsteindkillmf lhsntdepsteindkillmf
ldfsmnepsteinkilltdh ldfsmnepsteinkilltdh
dhmkillfdltnsepstein dhmkillfdltnsepstein
mhkillepsteinddlfsnt mhkillepsteinddlfsnt
lkillepsteintdshmfnd lkillepsteintdshmfnd
depsteinlfnmkilldsht depsteinlfnmkilldsht lhepsteintndkilldsmf
hmdkilllnepsteinfsdt hmdkilllnepsteinfsdt
fdmtdepsteinkilllsnh fdmtdepsteinkilllsnh
depsteinslkillhdftmn depsteinslkillhdftmn
skillmfepsteinthddnl skillmfepsteinthddnl
dfdepsteintlnskillhm dfdepsteintlnskillhm
mdkilllfdnstepsteinh mdkilllfdnstepsteinh
hepsteinntdkillsdmfl hepsteinntdkillsdmfl depsteintkilllnmsfdh
mhdskillldftnepstein mhdskillldftnepstein
killthsepsteindmlfdn killthsepsteindmlfdn
