tepsteinfdkilldlmhns killepsteintdldshfnm nfdhepsteinltsdmkill lepsteinfdkillsdnmht dhlepsteindkillsmtnf mfskillnhlddtepstein thmepsteinlkillfsndd slepsteinftndkillmdh epsteinsdfmhltkillnd msnepsteinfkillhtdld snldmtkillfepsteindh epsteinthsdmndkillfl nkillsdtdhfmlepstein tmhsnfepsteinldkilld ndlmhepsteintdskillf htskillepsteindnlfdm thsfnmkilldlepsteind tskillepsteinhfmddnl thsfnmkilldlepsteind ndlepsteinhdtskillfm ldnmepsteinhfstdkill nmhdkilltslepsteinfd hldmepsteindsnkilltf ftdmlhkilldepsteinsn fnlskillhtepsteindmd hdepsteinsmdtnflkill tepsteinfdkilldlmhns
20
ndlmhepsteintdskillf ndlmhepsteintdskillf
nfdhepsteinltsdmkill nfdhepsteinltsdmkill
ldnmepsteinhfstdkill skilldnmlhdftepstein hepsteinnfstkilllmdd killnfhdsdltepsteinm
lepsteinfdkillsdnmht lepsteinfdkillsdnmht
mfskillnhlddtepstein epsteindsmnlfdtkillh
dhlepsteindkillsmtnf dhlepsteindkillsmtnf
nkillsdtdhfmlepstein nkillsdtdhfmlepstein
msnepsteinfkillhtdld fnmhskilldepsteinltd hkillmepsteinstdfdnl msnepsteinfkillhtdld
fnlskillhtepsteindmd fnlskillhtepsteindmd
tskillepsteinhfmddnl tskillepsteinhfmddnl
hldmepsteindsnkilltf hldmepsteindsnkilltf
killepsteintdldshfnm killepsteintdldshfnm nlhtdsdepsteinfmkill
epsteinthsdmndkillfl epsteinthsdmndkillfl
hdepsteinsmdtnflkill hdepsteinsmdtnflkill
ndlepsteinhdtskillfm ndlepsteinhdtskillfm
snldmtkillfepsteindh snldmtkillfepsteindh
thmepsteinlkillfsndd thmepsteinlkillfsndd
tmhsnfepsteinldkilld tmhsnfepsteinldkilld
slepsteinftndkillmdh htskillepsteindnlfdm
epsteinsdfmhltkillnd epsteinsdfmhltkillnd
