149 100 107 116 115 117 126 122 121 125 140 142 140 125 121 116 107 100 105 109 111 109 105 103 104 102 101 100 149 060 062 054 063 090 099 096 097 092 091 090 063 079 078 077 076 081 076 075 074 085 074 086 087 089 087 088 084 072 063 064 063 054 053 056 053 054 062 070 067 069 070 071 068 071 070 062 060 149 000 001 002 013 024 015 006 015 024 025 035 027 028 038 048 038 037 036 044 031 024 013 002 001 000 149
32
006 006
024 026
031 031
037 037
048 048
053 050 053
054 054 059
056 056 066
060 060
063 065
064 064
067 067
068 068
069 069
076 080
078 078 083
079 079
081 081
085 085
086 086
088 088
089 089
091 091
096 096
097 097
103 103
104 104
111 111
115 115
121 123
126 126
142 142
