CorpusChristi ElPaso Akron DalyCity Canton Davenport Clarksville Chattanooga Elizabeth BoiseCity Danbury DavidsonCounty ColoradoSprings DavidsonCounty AppleValley Amarillo Cincinnati Cary Austin Detroit Columbus Albuquerque BatonRouge Augusta BatonRouge Chesapeake Durham Dallas Bridgeport Chicago Denton Bremerton CathedralCity Anaheim Champaign Elkhart Anchorage Deltona Bryan Clearwater Columbia Buffalo Bloomington Buffalo Carrollton Arvada Burbank ElMonte CorpusChristi
39
Akron Akron
Albuquerque Albuquerque
Amarillo Amarillo
Anaheim Anaheim
Anchorage BelAir
AppleValley AppleValley Chandler
Arvada Arvada
Augusta Augusta
Austin Asheville Austin
Bloomington Bloomington
BoiseCity BoiseCity
Bremerton Bremerton
Bridgeport Bridgeport
Bryan Bryan
Burbank Alexandria BonitaSprings Denver
Canton Canton Charleston
Carrollton Carrollton
CathedralCity CathedralCity
Champaign Champaign
Chattanooga Chattanooga Escondido
Chicago Appleton Chicago
Cincinnati Cincinnati
Clearwater Boulder Clearwater
ColoradoSprings ColoradoSprings
Columbia Brownsville Columbia
Columbus Columbus
CorpusChristi CapeCoral CorpusChristi Downey
Dallas Dallas
DalyCity DalyCity
Danbury Danbury
Davenport Davenport
Deltona Deltona
Denton Denton
Detroit Beaumont
Durham Durham
ElMonte ElMonte
ElPaso ElPaso
Elizabeth Elizabeth
Elkhart Elkhart
