BatonRouge Bellevue Bradenton Baltimore Atlanta Amarillo BonitaSprings Bethlehem Augusta Aurora Aberdeen BoiseCity Boston Albuquerque Beaumont AnnArbor Birmingham Boulder AtlanticCity Buffalo Anchorage Bellevue BatonRouge
20
Aberdeen Aberdeen
Albuquerque Abilene Albuquerque Arvada
Amarillo Amarillo
Anchorage Anchorage
AnnArbor AnnArbor
Atlanta Atlanta Berkeley
AtlanticCity AtlanticCity
Augusta Albany
Aurora Aurora
Baltimore Barnstable
BatonRouge BatonRouge
Beaumont Beaumont
Bellevue Burbank
Bethlehem Bethlehem
Birmingham Birmingham Bryan
BoiseCity BoiseCity
Boston Boston
Boulder Boulder
Bradenton Bradenton Cambridge
Buffalo Buffalo
