FortCollins Elkhart Champaign Harrisburg Fontana Bakersfield Leominster Manchester Henderson Bremerton Grayslake Hollywood Lubbock Louisville Barnstable Brownsville Fayetteville Appleton Jefferson Dallas Albuquerque Hickory Inglewood DesMoines Chandler Huntington Greensboro Abilene Greensboro LittleRock FortSmith Erie Lancaster Lorain Aberdeen Barnstable Gilbert BonitaSprings Charleston Fargo Arvada FortSmith Akron Harlingen Anaheim Kennewick FortWayne Fairfield Joliet LasCruces Indianapolis Garland GrandRapids Irvine Austin LasVegas Layton ColoradoSprings Irving Knoxville Harlingen Arlington Danbury Evansville Clearwater Chicago McAllen Bridgeport Bradenton BatonRouge Fremont Brighton Lacey Detroit Beaumont Jacksonville Charlotte Kalamazoo Fresno Houston DalyCity CedarRapids Corona Allentown BoiseCity Amarillo Alexandria Hampton Lafayette Frederick Carrollton Berkeley FortWorth Canton CollegeStation Lakeland Bellevue Independence FortCollins
82
Aberdeen Aberdeen
Abilene Abilene
Akron Akron Elizabeth FortWaltonBeach
Albuquerque Albuquerque
Alexandria Alexandria
Allentown Allentown AppleValley
Amarillo Amarillo
Anaheim Anaheim
Appleton Appleton
Austin Austin
Bakersfield Bakersfield
Barnstable Barnstable
BatonRouge Augusta Burbank
Beaumont Beaumont Bethlehem
Bellevue Bellevue
Berkeley Berkeley CapeCoral ElMonte
BoiseCity BoiseCity Eugene
BonitaSprings BonitaSprings
Bradenton Bradenton
Bremerton Bremerton
Brighton Brighton
Brownsville Brownsville
Canton DavidsonCounty
Carrollton Carrollton
CedarRapids CedarRapids
Champaign Champaign
Chandler Chandler
Charleston AnnArbor Baltimore
Chicago Chicago
CollegeStation Boise CollegeStation ElPaso
ColoradoSprings ColoradoSprings
Dallas Dallas
DalyCity DalyCity
Danbury Danbury
DesMoines DesMoines
Detroit Detroit
Elkhart Elkhart
Erie Erie
Evansville Evansville
Fairfield Fairfield
Fargo Fargo
Fayetteville Fayetteville
Fontana Fontana
FortCollins FortCollins
Frederick Frederick
Fremont Fremont
Fresno Fresno
Garland Garland
Gilbert Gilbert
GrandRapids GrandRapids
Grayslake Grayslake
Hampton Hampton
Harlingen Harlingen
Harrisburg Harrisburg
Henderson Henderson
Hickory Hickory
Hollywood Hollywood
Houston Houston
Independence Independence
Indianapolis Indianapolis
Inglewood Inglewood
Irvine Irvine
Irving Cary Irving
Jacksonville Jacksonville
Jefferson Jefferson
Joliet Joliet
Kalamazoo Kalamazoo
Kennewick Kennewick
Knoxville Hemet Knoxville
Lacey Lacey
Lafayette Lafayette Lakewood
Lakeland Lakeland
Lancaster Anchorage Lancaster
LasCruces LasCruces
LasVegas Cleveland
Layton Denver Layton
Leominster Arvada Leominster
LittleRock LittleRock
Lorain Lorain
Louisville Louisville
Lubbock Lubbock
Manchester Atlanta Manchester
