152 75 183 24 173 94 13 38 11 165 116 147 84 56 161 4 113 5 125 181 102 53 59 115 129 58 155 62 0 154 78 123 170 146 31 111 168 73 21 73 130 51 154 0 95 35 166 81 9 179 0 62 155 176 186 12 126 37 101 139 134 169 36 87 136 45 160 157 121 62 184 7 14 85 117 28 142 36 171 68 97 27 79 19 43 116 133 41 91 150 149 183 185 50 75 152
57
0 0
5 5 182
9 9
12 12
13 13 42
21 92
27 27
28 28
31 31 112
35 35
37 37
38 38
41 41 90
45 45
50 50 153
51 172 51
53 53
56 56
58 58
62 145
68 66
73 73
75 75
78 78
79 79
81 81
85 85 96
87 87
91 163
94 105 143 94 151
95 95
97 97
101 101
111 111
113 113
115 54
116 116
121 121
126 126
130 130 180
134 134
136 89 60 136 8
139 139 65 144
142 142
149 149
154 2
157 157
160 175
165 165
166 166
168 168
169 169
170 170
171 171
181 181
183 183
184 184
