location34 location59 location98 location115 location123 location121 location189 location97 location99 location175 location105 location52 location111 location76 location104 location9 location79 location19 location197 location40 location17 location6 location79 location180 location42 location68 location177 location72 location136 location199 location63 location172 location14 location47 location37 location12 location25 location91 location182 location92 location139 location146 location132 location71 location151 location181 location165 location156 location165 location164 location50 location46 location39 location158 location142 location163 location174 location137 location153 location2 location11 location199 location134 location81 location32 location109 location144 location45 location28 location177 location54 location83 location176 location89 location3 location170 location92 location196 location90 location2 location167 location116 location161 location122 location64 location79 location96 location27 location23 location4 location55 location135 location159 location143 location188 location12 location38 location79 location149 location61 location117 location126 location88 location15 location192 location34
79
location2 location2
location3 location3
location6 location6
location9 location9
location11 location11
location12 location12
location15 location15
location17 location17
location23 location23
location27 location27
location28 location28
location34 location34
location37 location37
location38 location38
location39 location39
location45 location45
location46 location46
location47 location47
location52 location52 location162
location54 location54
location55 location55
location59 location59
location64 location64
location68 location68
location71 location71
location72 location72
location76 location76
location79 location0 location119 location79
location88 location88
location89 location89
location90 location90
location92 location92 location60 location114
location96 location96
location97 location194 location157
location98 location98
location99 location99
location104 location130
location105 location105
location109 location109
location111 location111
location115 location115
location116 location103 location86
location117 location117
location121 location121
location122 location122
location123 location131 location140
location126 location21
location132 location132
location134 location134
location135 location135
location136 location136
location137 location137
location139 location139
location142 location142 location120
location143 location143
location144 location144
location149 location149 location91
location151 location151
location156 location107
location158 location158
location159 location159
location161 location161
location163 location163
location164 location164
location165 location155 location125
location167 location167
location170 location170
location172 location172
location174 location174
location175 location175
location176 location176
location177 location177 location187
location180 location180
location181 location181
location188 location24 location188
location189 location189
location192 location192
location197 location197
location199 location199
