WNYCV HHCET J2Z2N GAXPM J501P 1UWW5 QSI1X F07YB XDKMD 1NBGE KRLTG 77EY5 QTZLJ EYREL WH9QK 65TK9 18R1B F5YBY 91RFG TG5ZG X2AM4 KB443 H8ZPW CUG55 HZ80H UGOIO XTUSM YMTTJ ULCTZ 7CXN0 XPFOM XD7IR 1ACIU B8UZ8 KR27P 42QVU URMBF 2FT0Z 9HVLF BMC9X ZA57Z XBRKQ H212X 1BUOS V11OW 5I6U4 XRQ65 EQWAL OE5TB HR8IA GXYLV BO3AW K1ZSD WNYCV
49
XRQ65 XRQ65
OE5TB OE5TB
91RFG 91RFG
KB443 KB443
XPFOM XPFOM
1BUOS 1BUOS
X2AM4 X2AM4
BO3AW BO3AW
18R1B 18R1B
GXYLV GXYLV
HR8IA HR8IA
ULCTZ ULCTZ
1NBGE 1NBGE
CUG55 CUG55
WNYCV UUOP5
HHCET HHCET
7CXN0 7CXN0
EQWAL EQWAL
1ACIU 1ACIU
TG5ZG TG5ZG
QSI1X QSI1X
QTZLJ QTZLJ
77EY5 77EY5
5I6U4 5I6U4 2KYXC
UGOIO UGOIO
ZA57Z ZA57Z
2FT0Z 2FT0Z
GAXPM GAXPM
B8UZ8 B8UZ8
XDKMD XDKMD
XD7IR XD7IR
BMC9X BMC9X
9HVLF 9HVLF
YMTTJ YMTTJ
XBRKQ XBRKQ
H8ZPW H8ZPW
F5YBY F5YBY
V11OW V11OW
K1ZSD K1ZSD
XTUSM XTUSM
KRLTG KRLTG
42QVU 42QVU
URMBF URMBF
1UWW5 1UWW5
EYREL EYREL
65TK9 65TK9
HZ80H HZ80H
H212X H212X
F07YB F07YB
