4HOMU JXLE1 FC0PR 6OA3K K50JQ 53Y1R 7U3JG V8GEC SKPO7 WZB33 1X6L1 PXCIN 2BUI5 6WOBI 7GA8O TY0L7 61QWU ZRPB5 YJ67U K92O5 768ZF AT3CI VHCFR 5ZO5F 50J5H RU85S HZHRA A1QRL DCHO3 76HUN T9O11 HWKGJ EDSMH WI88U P419D C7WKJ X180A LIRLU 2C63O XEEQB HV4Z2 C8O6I 45JXE DOLRQ 3AIXW IZESQ ZN2EP NPDI9 M1HJR TBPBM Y61KP WXZHF V22SY OSJ7O LEBVZ L2PQE TCC7B DL8LT CFGE5 0VPRW Q02X6 0D2BR KC9RF 0U9HU 0HZFS 1F0YL TORQI L2GJ5 FCYPJ TI35I RAAD4 LKP22 UX00P LLTLN 1CTNO EJSFK 6ACGE IF7TL H1LTE C45HH BVMDZ Q5DAA ZZH8Z PMFJ2 FRZVP WOEUE DCHO3 PYPSO 945CN 1RS2N CM5WA 6NY7T BE5V8 4WDJE ELH5L UW44H Q7FCL W2M5C 52MNN 8CLEZ Z22CS KOYRV DDXG0 DL8LT 4HOMU
88
L2PQE L2PQE
945CN 945CN
L2GJ5 L2GJ5
2C63O 2C63O
768ZF 768ZF
RU85S RU85S
KOYRV KOYRV
XEEQB XEEQB
KC9RF KC9RF
ZN2EP ZN2EP
45JXE 45JXE PTADN
UW44H UW44H
0D2BR 0D2BR
M1HJR M1HJR ZHSBU
LIRLU LIRLU
1F0YL 1F0YL
DOLRQ DOLRQ
50J5H 50J5H
CFGE5 CFGE5
Q7FCL Q7FCL
0VPRW 0VPRW
HWKGJ HWKGJ
6ACGE 6ACGE
7GA8O 7GA8O
7U3JG 7U3JG
BE5V8 BE5V8
TY0L7 TY0L7
W2M5C W2M5C
WI88U WI88U
TORQI DTPF4 TORQI
DCHO3 DCHO3
RAAD4 RAAD4
FRZVP FRZVP 69BJO
HZHRA HZHRA
53Y1R 53Y1R
TI35I TI35I
Y61KP Y61KP
C7WKJ C7WKJ OIPRN
P419D P419D
NPDI9 NPDI9
ZZH8Z ZZH8Z
IF7TL IF7TL
V22SY V22SY
PXCIN PXCIN
K50JQ K50JQ
JXLE1 JXLE1
HV4Z2 SYV5N WP2MA
H1LTE H1LTE OLLV9
DDXG0 DDXG0
UX00P MC71K
IZESQ IZESQ
2BUI5 2BUI5
3AIXW 3AIXW
1RS2N 1RS2N
0U9HU 0U9HU
WZB33 WZB33
4WDJE 4WDJE
Q5DAA Q5DAA
FCYPJ 9WSXC FCYPJ
PYPSO 8EXDQ PYPSO
CM5WA CM5WA
6WOBI 6WOBI
AT3CI SHOOM AT3CI
SKPO7 SKPO7
ZRPB5 ZRPB5
T9O11 T9O11
LEBVZ LEBVZ
61QWU 61QWU
C45HH C45HH
ELH5L ELH5L
52MNN SA6G0 52MNN
X180A X180A
WXZHF WXZHF
BVMDZ BVMDZ
6OA3K 6OA3K
FC0PR FC0PR
C8O6I C8O6I
LLTLN LLTLN
A1QRL A1QRL
YJ67U YJ67U
V8GEC V8GEC
PMFJ2 PMFJ2
8CLEZ 8CLEZ
TBPBM TBPBM
LKP22 LKP22
TCC7B TCC7B
EDSMH EDSMH
VHCFR W2H22 VHCFR
