cy4fm yFKGt P3lE7 1H2uK F2nEN 19YKC dU1Ub Vjg5l X6hJp XmtJy LNh60 5rdYI G6G4p DCl5F 8aYYW jse5F 7Lw2B OFvld BoNoJ di7h7 7XIxZ Dkq13 7XIxZ qt5AA w4BF1 wdXpe NvAYI 1H2uK yFKGt Vjg5l lA2MC Ss744 7l0Vw EWhpw tao9t k9NwV gk2cW C0eRL 19YKC P8Fbf vSPJ5 BoNoJ Xhpv3 yFKGt 3iQ53 nogr2 hOy4D Iks3D IjjWK FkLYM EWhpw 8RNd8 di7h7 uT5W0 SAUL4 zQjQm 19YKC F2nEN uWr4y rUUVt FnVf8 KYsbm 6ceXl yMPWG C565q cy4fm
46
7XIxZ 7XIxZ
NvAYI NvAYI
C565q C565q
1H2uK 1H2uK
wdXpe wdXpe
di7h7 di7h7
yMPWG yMPWG
tao9t tao9t
6ceXl 6ceXl
KYsbm KYsbm
nogr2 nogr2
Xhpv3 Xhpv3
19YKC 19YKC
yFKGt yFKGt Cfmbw kbRYl
OFvld OFvld OoKEI
8RNd8 8RNd8
8aYYW 8aYYW
7l0Vw 7l0Vw
EWhpw EWhpw
F2nEN GHZOS F2nEN
IjjWK IjjWK
P3lE7 P3lE7
BoNoJ BoNoJ
qt5AA qt5AA
dU1Ub dU1Ub
w4BF1 w4BF1
Iks3D Iks3D
uWr4y uWr4y
lA2MC lA2MC
hOy4D hOy4D
LNh60 LNh60
G6G4p G6G4p
DCl5F DCl5F
FnVf8 FnVf8
3iQ53 3iQ53
Vjg5l Vjg5l
gk2cW gk2cW
uT5W0 uT5W0
C0eRL C0eRL
5rdYI 5rdYI
jse5F jse5F
zQjQm zQjQm
rUUVt rUUVt
P8Fbf P8Fbf
X6hJp X6hJp
vSPJ5 vSPJ5
