fab8g vonuO 3FUsL CT8M8 pnHil bD2TR 5Ix1v FW6DI pesnn 1xx4U 1OpM2 bepE0 wKKkJ xoAtW lJfgZ HKgVO H6HgM PpZP8 adW6k VUKiE lJJK2 f5Qx2 tQXF5 1SvIs AGorf 8PY0r I7fCS cQMFl 7J90B obqW1 nRTkO yM9nQ RnwlC qchZ3 b4E7v eDWES 4ORRk HPcVt Flgse o4F0A 4Dy05 KzS0e P5ucv TQZik 4Dy05 RhMSo 8xyrX TtUXd c17Qf 0YoJb kCdcu cm8oa O1QPI Gt2w1 mgHYN lcarA ciJ7c tEdSo Lqz0g BJ1iC 015ql GHmnJ Gt2w1 fr0Bd XDGuI 1pNjr KWmhW n9AEE B3NSd RgC1Q Vjk2Z bepE0 F7m3U rzyrR H6HgM L54Jg HigE0 I7fCS fhc2k I7fCS gwQSf 4GEPG f5Qx2 zgyDJ x8KLa VIl39 KB016 BWyM2 G91ym H6HgM KBkC3 Q0oXi ccfS6 cDkiZ 4b2sA Bw1D7 VUKiE l0HDP 9u8oD ZlgGe DHhK9 uQK8T HaHFT zgyDJ f5Qx2 2Z0oU g1WJz LBzlR G944F BybTG guI5B f5Qx2 9ZatH 4cLlE nScgp aiycm dAx9s 8tK4L fab8g
95
H6HgM H6HgM
f5Qx2 f5Qx2
VUKiE VUKiE
rzyrR rzyrR
cQMFl cQMFl
Gt2w1 Gt2w1
g1WJz g1WJz
RgC1Q RgC1Q
9ZatH 9ZatH
Lqz0g Lqz0g
bepE0 bepE0
B3NSd B3NSd
G91ym G91ym
mgHYN mgHYN
4GEPG 4GEPG
3FUsL 3FUsL
ZlgGe ZlgGe
fab8g fab8g wiGnS
Flgse Flgse
ciJ7c ciJ7c
yM9nQ yM9nQ
HaHFT HaHFT
F7m3U F7m3U
Bw1D7 Bw1D7
Vjk2Z Vjk2Z
o4F0A o4F0A
nScgp nScgp
cm8oa cm8oa
cDkiZ cDkiZ
lJJK2 lJJK2
KWmhW KWmhW
RhMSo RhMSo
BJ1iC BJ1iC
BWyM2 BWyM2
qchZ3 qchZ3
kCdcu kCdcu
RnwlC RnwlC
TQZik TQZik
wKKkJ wKKkJ
bD2TR iy8Ty bD2TR 3XMfZ
c17Qf c17Qf
uQK8T uQK8T
KzS0e KzS0e
G944F G944F
PpZP8 PpZP8
gwQSf gwQSf
b4E7v b4E7v
Q0oXi Q0oXi
lJfgZ lJfgZ
2Z0oU 2Z0oU
CT8M8 Nbb6U CT8M8 sF84c
lcarA lcarA
KB016 KB016
015ql 015ql
tEdSo tEdSo
1xx4U 1xx4U
VIl39 VIl39
1SvIs 1SvIs
fhc2k fhc2k
LBzlR LBzlR
fr0Bd fr0Bd
8xyrX 8xyrX
adW6k adW6k
L54Jg L54Jg
HKgVO HKgVO
FW6DI FW6DI
1OpM2 1OpM2
n9AEE n9AEE
XDGuI XDGuI
AGorf AGorf
4b2sA 4b2sA
O1QPI O1QPI
tQXF5 tQXF5
dAx9s dAx9s
4ORRk 4ORRk
0YoJb 0YoJb
TtUXd TtUXd
aiycm aiycm
8tK4L 8tK4L
7J90B 7J90B
GHmnJ GHmnJ
P5ucv P5ucv
obqW1 obqW1
DHhK9 DHhK9
x8KLa x8KLa
guI5B guI5B
eDWES eDWES
pesnn pesnn
BybTG BybTG
1pNjr 1pNjr
l0HDP l0HDP
9u8oD 9u8oD
nRTkO nRTkO
8PY0r 8PY0r
5Ix1v 5Ix1v
