0 74 33 179 124 97 56 95 130 95 131 12 174 116 14 93 156 30 189 139 96 140 96 85 138 85 137 188 187 136 85 67 17 111 17 109 21 171 112 35 114 35 64 60 144 60 143 192 191 142 60 96 141 96 139 7 146 194 193 145 80 147 18 33 179 180 125 97 126 97 8 175 21 173 115 25 117 25 35 113 35 64 60 65 30 104 59 105 59 103 165 166 30 110 170 169 36 150 88 148 149 196 23 109 21 154 93 155 93 14 177 121 94 122 178 12 43 102 43 101 164 2 123 2 159 92 157 92 45 197 198 152 51 7 108 31 106 167 168 38 183 46 163 23 118 50 120 50 119 33 77 127 181 182 128 77 129 77 33 186 33 185 133 91 135 91 134 41 160 161 0
92
0 162
2 176
51 151 153
92 158
95 132
101 101
102 102
103 103
104 104
105 105
106 106
108 108
109 109
110 110
111 111
112 112
113 113 172
114 114
115 115
116 116
117 117
118 118
119 119
120 120
121 121
122 122
123 123
124 124
125 125
126 126
127 127
128 128
129 129
130 130
131 131 184
133 133
134 134
135 135
136 136
137 137
138 138
139 139
140 140 190
141 141
142 142
143 143
144 144
145 145
146 146
147 147
148 148 195
149 149
150 150
152 152
154 154
155 155
156 156
157 157
159 159
160 160
161 161
163 100 163
164 164
165 165
166 166
167 167
168 107 168
169 169
170 170
171 171
173 173
174 174
175 175
177 177
178 178
179 179
180 180
181 181
182 182
183 183
185 185
186 186
187 187
188 188
189 189
191 191
192 192
193 193
194 194
196 196
197 197
198 198
