0 2 6 14 29 60 122 60 29 59 120 59 29 14 30 62 126 62 30 61 124 61 30 14 6 2 0 1 4 9 20 42 86 174 86 42 85 171 85 42 20 9 4 1 0 2 6 13 27 55 112 55 27 56 113 56 27 13 6 2 5 11 24 49 100 49 99 199 99 49 24 11 5 12 25 51 103 51 25 12 5 11 23 48 98 198 98 48 97 196 97 48 98 48 23 11 24 50 102 50 24 11 5 2 6 13 28 57 116 57 28 58 118 58 28 13 6 2 5 12 26 53 108 53 26 54 109 54 26 12 5 2 0 1 3 7 16 34 69 139 69 34 70 141 70 34 16 7 3 8 18 38 77 155 77 38 78 158 78 38 18 8 17 36 73 147 73 36 74 150 74 36 17 35 72 145 72 35 17 8 3 1 4 9 19 39 79 159 79 39 80 162 80 39 19 40 81 163 81 40 19 9 4 1 3 7 16 33 68 137 68 33 67 136 67 33 68 33 16 7 3 1 4 10 22 46 93 187 93 46 22 45 92 186 92 45 22 10 4 1 3 8 17 35 71 143 71 35 72 35 17 8 18 37 75 152 75 37 76 153 76 37 18 8 3 7 15 31 63 128 63 31 64 130 64 31 63 31 15 7 3 1 4 10 21 44 90 181 90 44 21 43 88 178 88 43 21 10 4 1 0 2 5 11 24 50 24 11 23 47 95 47 96 194 96 47 23 11 5 12 25 52 105 52 25 12 5 2 0 1 4 10 22 46 94 190 94 46 22 45 91 183 91 45 22 10 4 1 3 7 15 32 66 134 66 32 65 131 65 32 15 7 3 1 4 9 20 41 83 168 83 41 84 170 84 41 20 9 4 10 21 43 87 175 87 43 21 44 89 179 89 44 21 43 87 43 21 10 4 9 19 40 82 166 82 40 81 40 19 9 4 1 0
99
50 101
51 104
52 106
53 107
54 110
55 111
56 114
57 115
58 117
59 119
60 121
61 123
62 125
63 127
64 129
65 132
66 133
67 135
68 138
69 140
70 142
71 144
72 146
73 148
74 149
75 151
76 154
77 156
78 157
79 160
80 161
81 164
82 165
83 167
84 169
85 172
86 173
87 176
88 177
89 180
90 182
91 184
92 185
93 188
94 189
95 191 192
96 193
97 195
98 197
100 100
102 102
103 103
105 105
108 108
109 109
112 112
113 113
116 116
118 118
120 120
122 122
124 124
126 126
128 128
130 130
131 131
134 134
136 136
137 137
139 139
141 141
143 143
145 145
147 147
150 150
152 152
153 153
155 155
158 158
159 159
162 162
163 163
166 166
168 168
170 170
171 171
174 174
175 175
178 178
179 179
181 181
183 183
186 186
187 187
190 190
194 194
196 196
198 198
199 199
