0 2 5 11 23 47 95 47 23 11 24 49 99 49 24 11 23 48 97 48 23 11 5 2 0 1 4 10 21 43 88 43 21 10 22 46 93 46 22 45 91 45 22 10 21 44 90 44 21 43 21 10 4 1 3 7 16 34 69 34 16 33 67 33 16 7 3 8 17 36 73 36 17 8 18 38 78 38 18 8 3 7 15 32 65 32 15 31 63 31 15 7 3 8 18 37 75 37 18 8 17 35 71 35 17 8 3 1 0 2 6 14 29 60 29 14 30 62 30 14 6 13 27 56 27 13 28 58 28 13 6 2 5 12 26 53 26 12 25 51 25 12 5 2 0 1 4 9 19 40 81 40 19 39 80 39 19 9 20 42 86 42 20 41 83 41 20 9 4 1 0
50
24 50
25 52
26 54
27 55
28 57
29 59
30 61
31 64
32 66
33 68
34 70
35 72
36 74
37 76
38 77
39 79
40 82
41 84
42 85
43 87
44 89
45 92
46 94
47 96
48 98
51 51
53 53
56 56
58 58
60 60
62 62
63 63
65 65
67 67
69 69
71 71
73 73
75 75
78 78
80 80
81 81
83 83
86 86
88 88
90 90
91 91
93 93
95 95
97 97
99 99
