55 96 3 4 15 6 73 42 89 62 21 103 44 77 58 57 32 80 20 27 65 49 6 41 85 90 108 107 16 104 87 92 34 112 35 52 70 7 37 48 51 99 31 98 46 2 36 11 23 18 1 83 3 75 9 29 67 71 54 102 45 39 13 25 81 100 69 9 72 60 12 110 93 55
69
2 2
3 3 63
4 4
6 6
7 7
9 9
11 11
12 12
13 13
15 15
16 16
18 18
20 20
21 21
23 23
25 25
27 27
29 29
31 31
32 32
34 34
35 35
36 36
37 37
39 39
41 41
42 42
44 44
45 45
46 46
48 48
49 49
51 51
52 52
54 54
55 55 94
57 57
58 58
60 60
62 61 62
65 65
67 67
69 69
70 70
71 71
72 72
73 73
75 75
77 77
80 80
81 81
83 83
85 85
87 87
89 89
90 90
92 92
93 93
96 79 96 106
98 98
99 99
100 100
102 102
103 103
104 104
107 107
108 108
110 110
112 112
