Soda Etcheverry Kips Upland Sacramento TripleRock Perris Soda Tang Rasputin SigmaKappa Gregoire DKingGallery Chino AlphaChi Myto SanDiego Saturn Emeryville BerkeleyHillel Etcheverry Mars BerkeleyHigh Tijuana SanBernardino SouthGate Jupiter Talpa Platano Fontana Venus BayStreet Riverside Guadalajara ElGrullo CREAM BAMPFA ChezPanisse Ashby CafeTibet LosAngeles MexicoCity AlphaCentauri Dwinelle VictoryPoint Whittier Compton InternationalHouse Cancun Tuhuamixtel Irvine SanMiguel DeltaDelta Tuxcacuesco Pomona FantasticComics Tako ChiOmega Jalisco SantaBarbara Soda
55
ChiOmega ChiOmega
SigmaKappa SigmaKappa
AlphaChi AlphaChi
DeltaDelta DeltaDelta
InternationalHouse InternationalHouse
BerkeleyHillel BerkeleyHillel
BerkeleyHigh BerkeleyHigh
Jupiter Jupiter
Mars Mars
Venus Venus
Saturn Saturn
AlphaCentauri AlphaCentauri
Gregoire Gregoire
BayStreet BayStreet
Emeryville Emeryville
Pomona Pomona
Compton Compton
Ashby Ashby
Perris Perris
Fontana Fontana
SanBernardino SanBernardino
Upland Upland
Chino Chino
Whittier Whittier
SouthGate SouthGate
Tijuana Tijuana
SanDiego SanDiego
Jalisco Jalisco
Guadalajara Guadalajara
SanMiguel SanMiguel
Tuxcacuesco Tuxcacuesco
Talpa Talpa
ElGrullo ElGrullo
MexicoCity MexicoCity
Tuhuamixtel Tuhuamixtel
Myto Myto
Kips Kips
TripleRock TripleRock
Rasputin Rasputin
CREAM CREAM
Tako Tako
Tang Tang
Cancun Cancun
DKingGallery DKingGallery
BAMPFA BAMPFA
Platano Platano
CafeTibet CafeTibet
FantasticComics FantasticComics
SantaBarbara SantaBarbara
Sacramento Sacramento
LosAngeles LosAngeles
Irvine Irvine
Riverside Riverside
VictoryPoint VictoryPoint
ChezPanisse ChezPanisse
