Soda Wellman MemorialStadium Haas Mulford Unit1 Morgan Blackwell Unit2 BWW MLK TheRoof RSF Foothill BC Wheeler GoldenStatePark Doe Unit3 Barrows ClarkKerr Stephans LakeMerrit Soda Sproul Dwinelle Hertz GBC Soda
26
Soda MainStacks
Doe Doe
Wheeler Wheeler
Stephans Stephans
Haas Haas
Hertz Hertz
Barrows Barrows
RSF RSF
Sproul Sproul
GBC GBC
MLK MLK
BWW BWW
MemorialStadium MemorialStadium
Morgan Morgan
Mulford Mulford
Wellman Wellman
Unit1 Unit1
Unit2 Unit2
Unit3 Unit3
Blackwell Blackwell
BC BC
Foothill Foothill
ClarkKerr ClarkKerr
LakeMerrit LakeMerrit
GoldenStatePark GoldenStatePark
TheRoof TheRoof
