5 94 165 42 186 189 77 198 46 154 187 74 170 199 166 32 179 161 71 119 43 47 81 19 81 76 34 121 52 162 84 168 155 96 175 96 155 186 189 102 55 138 34 62 36 91 191 64 37 99 1 101 174 27 82 109 94 20 11 36 62 50 134 50 62 123 40 88 113 118 56 48 188 142 25 30 65 180 28 149 197 61 138 34 121 85 18 192 109 58 38 193 29 78 80 158 45 10 135 66 17 34 133 186 112 82 154 89 39 137 33 4 5
74
1 1
10 10
11 11
17 105 17
18 16 18
19 151
20 20
25 25
27 53
28 28
29 164
32 32
33 33
34 9 34
37 37 177
39 39 92
42 44 42
43 43
45 14
46 46
47 47
48 48
50 50
52 52
55 55
56 56
58 152 58
61 61
64 64
65 178
71 71
74 31
76 76 156
77 196 143 77
78 100 78
80 80
81 81
82 146
85 85 184
91 91
96 96
99 99
101 101
102 102
109 75
112 171 104 83
119 67 41
121 157
123 123
133 133 68
134 116
135 135
137 137
138 138 69 153 51 183
149 2 159 149
154 154
158 158
162 162
165 63 173
166 122
168 168
170 170
174 174
175 22
179 179
180 180
187 187
188 26 188 110
189 103 189
191 194
192 192
193 193
198 140
199 199
