A29 A5 A55 A83 A99 A66 A47 A18 A82 A75 A21 A11 A21 A75 A36 A52 A43 A48 A10 A71 A45 A91 A4 A31 A49 A30 A26 A19 A72 A81 A28 A40 A89 A85 A12 A53 A90 A7 A2 A96 A35 A6 A88 A1 A0 A58 A14 A32 A65 A79 A5 A29 A67 A29
39
A1 A60
A2 A2
A5 A27
A6 A15 A6
A7 A13 A77 A68
A10 A10
A11 A38
A12 A59 A16 A12
A14 A14
A18 A18 A97
A19 A73 A95 A69
A21 A39
A26 A26
A28 A28
A29 A29
A30 A30
A31 A31 A51
A32 A32
A35 A35
A36 A36
A47 A47
A52 A52
A53 A53
A55 A55
A58 A92
A65 A65 A54
A66 A66
A67 A67
A72 A72
A79 A79
A81 A34
A82 A82
A85 A3 A85
A88 A88
A89 A89
A90 A90
A91 A91
A96 A96
A99 A99
