DZA GBR FRA FRO GEO HND GNB GLP GRL GTM GUY CUB CYP ASM ATF ATA DMA DJI DNK CUW DOM BHS BRB CAN CCK BLR BES BLM BRA GRC GUY GNQ GRD GUM ETH ERI FSM ECU FIN AFG FIN ESP AND ALB ARE CYM BGD BFA BLM BRA BEN BDI BEL BRN COD CHE CIV CAN BVT CAF CHN CYP CYM CXR CYM DZA
44
HND HND
GTM HMD COG
GRL HKG
GRD GRD
GRC GRC
GNQ GNQ
GLP GLP
GEO GEO
GBR GBR
FSM FSM GHA
FRO FRO
FRA FRA
FIN FLK FIN
ERI ERI
ECU ECU
DOM DOM AUS
DNK DNK
DJI DJI
CYM CYM CZE
CXR CXR
CUW CUW
CUB CUB
COD COD
CHE CHE
CCK CCK
CAN CAN
CAF CAF
BVT BVT
BRN BRN
BRB BRB
BLR BLR
BLM BLM
BHS BHS
BGD BGD
BFA BFA
BES BES
BEN BEN
BDI BDI
ATF ATF
ATA ATA
ARE ARE
AND AND
ALB ARG ALB
AFG ABW
