COM COL IDN SHN HUN JPN LBN IDN HTI GUM HKG CPV MHL MAC POL COG CHN COD PRK NIU IRN MYS DZA DOM SAU MCO MAR HND GRC GMB NGA FSM GIN GBR FRA ESH ECU ESP GEO GHA GIB EGY ETH GAB FIN FSM NGA NFK JEY PAN MDA GLP NZL SGS LBR GNQ PAK SGS KHM LTU KWT LKA LCA HRV ROU NRU CAF CIV GNB MEX POL PNG NIC AUS ATG PRT NIU NPL SGP QAT ALB ARE POL MEX SDN REU GLP PRY BIH AZE BDI BHR BEN BLZ RUS PYF HMD MMR NPL PRY PNG CPV RWA LUX LAO KGZ CRI MLT PSE PER NIU CZE DEU CXR MWI ITA MWI COM
81
SHN SHN
SGS DMA SGS DJI
SDN SDN
RWA RWA
RUS RUS
REU REU AFG
PSE PSE
PRY MOZ PRY
POL MYT POL
PNG PNG
PAN PAN
PAK PAK
NZL NZL
NRU NRU
NPL NPL
NIU NIU
NIC IRL ABW NIC
NFK NFK ALA
MMR MMR
MEX MEX
MDA MDA
MAR MAR
MAC MAC
LUX LUX
LTU LTU
LKA LKA
LBR LBR
LBN LBN
LAO LAO
KWT KWT
KHM KHM
JPN JPN
JEY JEY
ITA ITA
IRN IRN IOT
IDN KOR IDN
HUN HUN
HTI CAN HTI
HRV HRV
HND HND COK
HMD HMD
HKG HKG KAZ
GUM GUM
GRC GRC
GNQ GNQ
GMB GMB
GIN GIN
GIB GIB
GHA GHA
GEO GEO
GBR GBR
GAB GAB
FSM FSM
FRA FRA
FIN FIN
ESP ESP
ESH ESH
EGY EGY
ECU ECU
DZA DZA
DEU CYP DEU
CXR CXR
CRI KNA
CPV LIE MLI CPV
COM NER MTQ
COL COL
COG COG
COD COD
CIV CIV
CHN CHN
CAF CAF
BLZ BLM
BIH BHS
BHR BHR BMU
BEN BEN
BDI BDI
AZE AZE
AUS AUS
ATG ATG
ARE ARM ARE
ALB ALB
