Soda 124 120 139 156 151 141 171 194 106 161 99 108 198 186 130 196 175 113 148 176 172 138 129 117 104 188 119 128 134 160 126 152 137 103 181 183 164 100 135 140 145 101 191 185 123 149 166 112 105 136 121 154 143 133 155 192 142 122 162 163 184 180 118 109 127 187 116 174 147 115 189 169 173 144 170 110 197 193 153 159 178 179 168 125 158 111 165 177 150 114 195 182 190 107 102 146 132 131 157 167 Soda
100
99 99
100 100
101 101
102 102
103 103
104 104
105 105
106 106
107 107
108 108
109 109
110 110
111 111
112 112
113 113
114 114
115 115
116 116
117 117
118 118
119 119
120 120
121 121
122 122
123 123
124 124
125 125
126 126
127 127
128 128
129 129
130 130
131 131
132 132
133 133
134 134
135 135
136 136
137 137
138 138
139 139
140 140
141 141
142 142
143 143
144 144
145 145
146 146
147 147
148 148
149 149
150 150
151 151
152 152
153 153
154 154
155 155
156 156
157 157
158 158
159 159
160 160
161 161
162 162
163 163
164 164
165 165
166 166
167 167
168 168
169 169
170 170
171 171
172 172
173 173
174 174
175 175
176 176
177 177
178 178
179 179
180 180
181 181
182 182
183 183
184 184
185 185
186 186
187 187
188 188
189 189
190 190
191 191
192 192
193 193
194 194
195 195
196 196
197 197
198 198
