Wurster Visitor Simon Moses Kleeberger Goldman Recreational California Hilgard Spieker Indianapolis Observatory Parking Oregon Vermont Simpson Stanley Honolulu Chan North Frank Sutardja Silver Montgomery Blackwell Anthony Raleigh Pennsylvania Idaho Juneau Nevada Hazardous Class McLaughlin Optometry Sather Florida Gilman Pitzer Cory Alabama Massachusetts Hesse Salem Boston Tennessee Maxwell Moffitt Barrows Brain Wurster
50
Wurster Wurster
Barrows Barrows
Class Class
Simon Simon
Hilgard Hilgard
Hesse Hesse
Visitor Visitor
Alabama Alabama
Montgomery Montgomery
Tennessee Tennessee
Kleeberger Kleeberger
Goldman Goldman
Moses Moses
Recreational Recreational
California California
Moffitt Moffitt
Blackwell Blackwell
Boston Boston
Indianapolis Indianapolis
Salem Salem
Brain Brain
Massachusetts Massachusetts
Spieker Spieker
Honolulu Honolulu
Maxwell Maxwell
Optometry Optometry
Raleigh Raleigh
Juneau Juneau
Observatory Observatory
Pennsylvania Pennsylvania
Parking Parking
Vermont Vermont
McLaughlin McLaughlin
Frank Frank
Pitzer Pitzer
Oregon Oregon
Stanley Stanley
Hazardous Hazardous
Chan Chan
Sutardja Sutardja
Idaho Idaho
Anthony Anthony
Simpson Simpson
Cory Cory
Gilman Gilman
Sather Sather
Florida Florida
North North
Nevada Nevada
Silver Silver
