Rhode Hellman Martin Harrisburg Life Valley Silver Mulford Chou Hertz Clark Minnesota Richmond Providence Insectary Morrison Moffitt Observatory Wisconsin Durham Foothill Jacobs Boalt Concord Oregon Lansing Utah Energy West McLaughlin Lower Sproul Hearst Topeka Police Springer Birge Etcheverry Simon Illinois Jones Hartford Tennessee Columbus Trenton Barrows Nashville Mississippi Durant Haste Warren BART Florida Chvez CNMAT Brain Edwards Madison Heating Class Maxwell Montgomery Stadium Little Maryland International Jefferson LeConte Blackwell Cleary Hawaii Salt Campanile Nevada Grinnell Berkeley Santa Michigan University Donner Hargrove Bancroft Mathematical Montana Bowles Tang Columbia Krutch Moses Cory Pennsylvania Simpson Baton Austin Annapolis Kentucky Cheyenne East Olympia McEnerney Rhode
100
Rhode Rhode
Olympia Olympia
Kentucky Kentucky
McEnerney McEnerney
Cheyenne Cheyenne
East East
University University
Valley Valley
Harrisburg Harrisburg
Hellman Hellman
Martin Martin
Donner Donner
Life Life
Campanile Campanile
Michigan Michigan
Baton Baton
Silver Silver
Moses Moses
Grinnell Grinnell
Cory Cory
CNMAT CNMAT
Cleary Cleary
Warren Warren
Nevada Nevada
Columbia Columbia
BART BART
Austin Austin
Blackwell Blackwell
Bowles Bowles
Tang Tang
Simpson Simpson
Oregon Oregon
Krutch Krutch
Florida Florida
LeConte LeConte
Simon Simon
Berkeley Berkeley
Brain Brain
Class Class
Heating Heating
Annapolis Annapolis
Jefferson Jefferson
Utah Utah
Durham Durham
Energy Energy
Pennsylvania Pennsylvania
Maryland Maryland
West West
Hawaii Hawaii
Edwards Edwards
Santa Santa
Salt Salt
Columbus Columbus
Wisconsin Wisconsin
Birge Birge
Mathematical Mathematical
Mississippi Mississippi
Lower Lower
Lansing Lansing
Clark Clark
Illinois Illinois
Montgomery Montgomery
Mulford Mulford
Madison Madison
Etcheverry Etcheverry
Richmond Richmond
Tennessee Tennessee
Maxwell Maxwell
Providence Providence
Chvez Chvez
Springer Springer
Observatory Observatory
Durant Durant
Little Little
Hertz Hertz
Police Police
Chou Chou
Bancroft Bancroft
Minnesota Minnesota
Hargrove Hargrove
Montana Montana
Moffitt Moffitt
Jones Jones
Hartford Hartford
Trenton Trenton
McLaughlin McLaughlin
Concord Concord
Sproul Sproul
Boalt Boalt
Stadium Stadium
Insectary Insectary
Foothill Foothill
Haste Haste
Jacobs Jacobs
Hearst Hearst
Morrison Morrison
International International
Barrows Barrows
Nashville Nashville
Topeka Topeka
