BukitBatokEast TiongBahruStation PearlsHill Redhill Simei SungeiRoad Sudong CityHall Springleaf SwissClub Frankel TanjongPagar SimpangNorth JooKoon Tyersall AirportRoad NeeSoon ChoaChuKang Bayshore Hillcrest RiverValley Sembawang GhimMoh Safti LowerSeletar DowntownCore Gombak LeonieHill BukitBatokEast
23
Frankel Frankel Tengeh
Redhill Redhill
Sudong Sudong
DowntownCore DowntownCore
Sembawang Sembawang
SimpangNorth SimpangNorth
LeonieHill LeonieHill
LowerSeletar LowerSeletar
Simei Simei
ChoaChuKang ChoaChuKang
TanjongPagar TanjongPagar
Tyersall Tyersall
JooKoon JooKoon
TiongBahruStation TiongBahruStation
PearlsHill PearlsHill
SwissClub SwissClub
NeeSoon NeeSoon
Safti GaliBatuMandai Safti
CityHall CityHall
RiverValley RiverValley
Hillcrest Hillcrest
GhimMoh GhimMoh
SungeiRoad SungeiRoad
