LeonieHill TuasBay TanglinHalt Kranji JurongWestCentral NeeSoon OrangeGrove DefuIndustrialPark OrangeGrove NeeSoon Shipyard KampongUbi WoodlandsSouth Gombak ConeyIsland CompassvaleTrafalgar Changi Ridout Seletar Trafalgar Sentosa Guilin GreenwoodPark MonksHill Outram Sennett Townsville ChangiWest ClementiCentral YishunCentral Woodgrove PunggolTownCentre TampinesWest YuhuaWestBoonLay LoyangEast ChoaChuKangCentral Springleaf BishanEast Yishun Phillip SerangoonGarden Lavender NorthCoast MandaiWest YioChuKang AnchorvaleBuangkok KallangWay SungeiRoad Novena SingaporePolytechnic FarrerPark Frankel Semakau SungeiRoad Cecil PasirPanjang2 TanjongRhu PasirPanjang2 TanjongRhu GeylangBahru AirportRoad LeonieHill
43
PasirPanjang2 PasirPanjang2
YioChuKang Boulevard YioChuKang
SungeiRoad SungeiRoad SembawangSprings KampongGlam
FarrerPark FarrerPark
NorthCoast NorthCoast
Townsville Townsville
KallangWay KallangWay
Yishun Yishun
Sennett Sennett
NeeSoon Shipyard NeeSoon
PunggolTownCentre PunggolTownCentre
JurongWestCentral JurongWestCentral
Novena Novena Victoria
Ridout Ridout
Guilin Guilin
DefuIndustrialPark Tyersall DefuIndustrialPark
Springleaf Springleaf
SingaporePolytechnic SingaporePolytechnic
TuasBay TuasBay
OrangeGrove OrangeGrove
MonksHill MonksHill
ChoaChuKangCentral ChoaChuKangCentral
SerangoonGarden SerangoonGarden
Phillip Phillip
Trafalgar Trafalgar
ChangiWest ChangiWest
ConeyIsland ConeyIsland
Semakau Semakau
Woodgrove Woodgrove
AirportRoad AirportRoad
ClementiCentral ClementiCentral
KampongUbi SungeiKadut
MandaiWest MandaiWest BukitBatokCentral
TanglinHalt TanglinHalt
Kranji Kranji
TampinesWest TampinesWest
GreenwoodPark GreenwoodPark
BishanEast BishanEast
YuhuaWestBoonLay YuhuaWestBoonLay
Outram Outram
Sentosa Sentosa
AnchorvaleBuangkok AnchorvaleBuangkok
LoyangEast LoyangEast
