YuhuaEast Sennett ChinaSquare Sentosa KampongUbi Brickworks DhobyGhaut BukitBatokWest Bishan TiongBahru TuasPromenade Tanglin TohGuan PayaLebarEast PasirRisDrive KeatHong Dunearn UluPandan BedokSouth ClarkeQuay Shipyard OrangeGrove PeoplesPark YioChuKang Aljunied Trafalgar Serangoon BedokNorth IstanaNegara AngMoKioTownCentre ChangiPoint Cairnhill BayfrontSubzone SungeiKadut HougangCentral Saujana JurongRiver ChoaChuKang PulauPunggolTimor WaterwayEast SungeiRoad Kranji MandaiWest NatureReserve TampinesNorth Boulevard MandaiEast PearlsHill LowerSeletar JurongWestCentral OneTreeHill SembawangStraits Shipyard PasirRisPark PunggolField TuasBay KebunBahru MountEmily GeylangEast JooSengPayaLebar JurongPort WoodlandsWest BukitBatokSouth PasirPanjang2 SerangoonCentral Khatib Port AlexandraNorth SimpangNorth Paterson ReservoirView UpperThomson HongKah OneNorth SerangoonNorth TagoreSindo Sembawang Senja KentRidge Commonwealth WestCoast TuasNorthPioneer BenoiSector Moulmein Northland Mountbatten DairyFarm PeiChun Chatsworth InstitutionHill LoyangEast SenokoSouth ClementiNorth EvertonPark Punggol Matilda Geylang ChengSan Mandai Simpang CityHall TelokBlangahDrive YuhuaEast
89
Sentosa Sentosa
BedokNorth BedokNorth
SungeiKadut SungeiKadut
Geylang Geylang
SerangoonCentral SerangoonCentral
BayfrontSubzone BayfrontSubzone
Port Port
PearlsHill PearlsHill
BedokSouth BedokSouth
YioChuKang YioChuKang
WestCoast HongKahNorth SouthernIslands
Punggol Punggol
OneNorth OneNorth
Moulmein Moulmein
PeoplesPark PeoplesPark
Boulevard RochorCanal
MandaiEast MandaiEast
TuasBay TuasBay
InstitutionHill InstitutionHill
JurongWestCentral JurongWestCentral
TagoreSindo TagoreSindo
WaterwayEast WaterwayEast
SimpangNorth SimpangNorth
Paterson Paterson
Matilda Matilda
JooSengPayaLebar JooSengPayaLebar
PunggolField PunggolField
SerangoonNorth SerangoonNorth
JurongPort JurongPort
LowerSeletar LowerSeletar
KeatHong KeatHong
AngMoKioTownCentre AngMoKioTownCentre
DairyFarm DairyFarm
KebunBahru Tampines KebunBahru
PasirRisDrive PasirRisDrive
TuasPromenade TuasPromenade
KentRidge KentRidge
TuasNorthPioneer TuasNorthPioneer
Khatib Khatib
HongKah HongKah
BukitBatokSouth BukitBatokSouth
PulauPunggolTimor PulauPunggolTimor
ChinaSquare ChinaSquare
Shipyard Shipyard
Sembawang EastCoast Sembawang
KampongUbi TelokBlangahRise
Chatsworth Chatsworth
ChoaChuKang ChoaChuKang
PasirRisPark PasirRisPark
Sennett Sennett SerangoonGarden SingaporeRiver
CityHall CityHall
Mountbatten Mountbatten
PayaLebarEast Museum PayaLebarEast
OneTreeHill OneTreeHill
OrangeGrove OrangeGrove
DhobyGhaut DhobyGhaut
Aljunied Aljunied
Serangoon Serangoon
ReservoirView ReservoirView
LoyangEast Kembangan
BukitBatokWest BukitBatokWest
TohGuan TohGuan
NatureReserve ChangiWest
SembawangStraits SembawangStraits
TiongBahru TiongBahru
ClementiNorth ClementiNorth
Tanglin Tanglin
WoodlandsWest WoodlandsWest
Saujana BoatQuay Saujana
SungeiRoad SungeiRoad PangSua
GeylangEast GeylangEast
TampinesNorth TampinesNorth
UluPandan UluPandan YioChuKangEast
Trafalgar Trafalgar
Commonwealth Commonwealth
PeiChun PeiChun
Brickworks Brickworks
AlexandraNorth AlexandraNorth
ChangiPoint ChangiPoint
BenoiSector BenoiSector
Northland Northland
UpperThomson UpperThomson
Cairnhill Cairnhill
ChengSan BoonLayPlace
EvertonPark EvertonPark
Mandai PasirRis Mandai
IstanaNegara IstanaNegara
Dunearn SembawangHills
HougangCentral HougangCentral DefuIndustrialPark
