139 18 84 4 161 155 65 35 5 143 172 98 50 6 188 109 122 85 158 145 4 148 138 170 141 191 187 162 72 159 16 186 134 38 44 175 82 53 9 78 66 1 106 69 118 147 77 16 108 111 30 144 73 101 38 39 173 48 132 30 13 89 21 4 75 91 62 33 67 80 41 80 156 39 60 86 21 128 68 127 105 131 73 101 11 127 189 183 32 152 96 27 188 109 37 130 36 25 164 9 90 58 74 7 182 128 173 193 146 119 142 22 125 88 114 115 81 95 178 192 105 53 103 23 14 15 31 175 184 114 79 135 158 106 1 47 176 154 113 21 78 77 138 24 191 24 95 5 35 71 26 3 17 64 28 57 43 64 17 36 165 36 8 157 139
97
1 1
4 104
5 5
7 7
8 8
9 9
11 11
13 13
14 14
15 15
16 16
18 18
21 21
22 22
23 23
25 25
26 26
27 27
30 30
31 31
32 32
33 33
35 35
37 37
39 39
41 41
43 43
44 44
47 47
48 48
57 57
58 58
60 60
64 64
65 65
67 67
69 69
71 71
72 72
74 74
75 75
77 77 123
78 78
79 79
81 81
82 82
84 84
85 85
89 89
91 91 112
95 95
96 96
98 98
101 101
105 105
106 106
108 108
109 109
111 111
113 113
114 114
118 118
119 119
122 122
125 125
127 127
128 128
130 130
131 131
134 134
138 138
139 198
141 141
142 142
143 153
144 144
145 145
146 146
147 147
148 148
152 152
156 156
157 157
158 158
161 2 161
165 165
172 172
173 173
176 176
178 178
182 182
184 184
186 186
187 187
188 188
189 189
191 191
