Qwilfish Drampa Shellos Magmar Wartortle Taillow Drapion Lotad Gengar Tauros Amoonguss Stufful Conkeldurr Zekrom Wailord Plusle Jumpluff Steenee Volcarona Vullaby Porygon2 Meloetta Scatterbug Honedge Kakuna Treecko Seaking Honedge Weepinbell Escavalier Woobat Crawdaunt Metang Slurpuff Inkay Vespiquen Shellder Bastiodon Weezing Metapod Sandile Simisear Noibat Skiddo Skorupi Munna Swadloon Magnemite Comfey Nincada Whismur Bounsweet Froakie Drampa Qwilfish
50
Qwilfish Qwilfish
Simisear Simisear
Drapion Drapion
Meloetta Meloetta
Volcarona Volcarona
Slurpuff Slurpuff
Skiddo Skiddo
Sandile Sandile
Magmar Magmar
Metang Metang
Taillow Taillow
Porygon2 Porygon2
Drampa Drampa
Noibat Noibat
Lotad Lotad
Scatterbug Scatterbug
Vullaby Vullaby
Inkay Inkay
Steenee Steenee
Skorupi Skorupi
Shellos Shellos
Metapod Metapod
Crawdaunt Crawdaunt
Froakie Froakie
Nincada Nincada
Gengar Gengar
Honedge Honedge
Amoonguss Amoonguss
Jumpluff Jumpluff
Vespiquen Vespiquen
Munna Munna
Kakuna Kakuna
Magnemite Magnemite
Whismur Whismur
Weezing Weezing
Woobat Woobat
Comfey Comfey
Bounsweet Bounsweet
Seaking Seaking
Tauros Tauros
Weepinbell Weepinbell
Stufful Stufful
Shellder Shellder
Plusle Plusle
Treecko Treecko
Swadloon Swadloon
Bastiodon Bastiodon
Wailord Wailord
Escavalier Escavalier
Conkeldurr Conkeldurr
