Myrtle Albany Bridgeport GreenBay Corpus Houma Harlingen Kissimmee Chicago Lansing Merced Mobile Lorain Barnstable Medford Erie Grays Macon Lexington Albuquerque Muskegon Bloomington Cathedral Chandler Dallas Huntington Plen Deltona Bradenton Hemet Appleton Nashua Montgomery Baltimore Brownsville Cedar Minneapolis Alexandria Leominster Hartford Abilene Aribel Kansas Champaign Cary Huntsville Moreno Miramar Davidson Hollywood Joliet Myrtle
50
Champaign Champaign
Brownsville Brownsville
Huntington Huntington
Houma Houma
Cary Cary
Medford Medford
Chandler Chandler
Nashua Nashua
Bradenton Bradenton
Hartford Hartford
Harlingen Harlingen
Huntsville Huntsville
Chicago Chicago
Leominster Leominster
Lexington Lexington
Grays Grays
Erie Erie
Hollywood Hollywood
Corpus Corpus
Barnstable Barnstable
Muskegon Muskegon
Minneapolis Minneapolis
GreenBay GreenBay
Kansas Kansas
Deltona Deltona
Baltimore Baltimore
Cedar Cedar
Davidson Davidson
Dallas Dallas
Macon Macon
Aribel Aribel
Kissimmee Kissimmee
Alexandria Alexandria
Miramar Miramar
Appleton Appleton
Albany Albany
Abilene Abilene
Merced Merced
Bloomington Bloomington
Cathedral Cathedral
Plen Plen
Lansing Lansing
Montgomery Montgomery
Hemet Hemet
Bridgeport Bridgeport
Mobile Mobile
Albuquerque Albuquerque
Lorain Lorain
Joliet Joliet
Moreno Moreno
