Monroe Mesa Modesto Daytona Vista Dayton Baltimore Kenosha Canton Anchorage Baton Elizabeth Bridgeport Kailua Burlington Akron Prairie Gilbert Dallas Gainesville Carrollton Muskegon Kissimmee Fairfield Manchester Cary Charleston Laredo Seven Cambridge Three Cleveland Johnson Corpus Bethlehem Hickory Lafayette Layton Brownsville Hesperia Denton Hayward Detroit Ten Bradenton Kennewick Miami Anaheim Hialeah Davidson Rapids Lakeland Mesquite Asheville Athens Chesapeake Mobile Erie Greensboro Hartford Montgomery Monterey Four Abilene Havre Amarillo Birmingham Viejo Boise Albany Arlington Glendale Huntsville Lacey Boulder Huntington Denver Melbourne Julian Aberdeen Killeen Clarke Fayetteville Apple Clarksville Lancaster Elkhart Antioch Hagerstown Austin Irving Merced Allentown Lewisville Lowell Bedford Naples Jacksonville Leominster Hampton Monroe
100
Athens Athens
Hagerstown Hagerstown
Lancaster Lancaster
Asheville Asheville
Clarke Clarke
Monterey Monterey
Laredo Laredo
Carrollton Carrollton
Modesto Modesto
Boulder Boulder
Bridgeport Bridgeport
Ten Ten
Apple Apple
Johnson Johnson
Birmingham Birmingham
Kenosha Kenosha
Corpus Corpus
Lowell Lowell
Clarksville Clarksville
Huntington Huntington
Viejo Viejo
Lafayette Lafayette
Abilene Abilene
Hialeah Hialeah
Austin Austin
Naples Naples
Anaheim Anaheim
Seven Seven
Melbourne Melbourne
Lewisville Lewisville
Davidson Davidson
Kissimmee Kissimmee
Monroe Monroe
Bethlehem Bethlehem
Gainesville Gainesville
Cary Cary
Glendale Glendale
Prairie Prairie
Charleston Charleston
Baltimore Baltimore
Antioch Antioch
Kennewick Kennewick
Detroit Detroit
Mobile Mobile
Lacey Lacey
Albany Albany
Elkhart Elkhart
Lakeland Lakeland
Dallas Dallas
Baton Baton
Leominster Leominster
Gilbert Gilbert
Bedford Bedford
Four Four
Cleveland Cleveland
Canton Canton
Denton Denton
Miami Miami
Havre Havre
Hampton Hampton
Chesapeake Chesapeake
Hayward Hayward
Hickory Hickory
Layton Layton
Jacksonville Jacksonville
Amarillo Amarillo
Huntsville Huntsville
Hesperia Hesperia
Fayetteville Fayetteville
Killeen Killeen
Arlington Arlington
Cambridge Cambridge
Boise Boise
Akron Akron
Greensboro Greensboro
Aberdeen Aberdeen
Mesa Mesa
Denver Denver
Kailua Kailua
Elizabeth Elizabeth
Erie Erie
Dayton Dayton
Hartford Hartford
Muskegon Muskegon
Vista Vista
Fairfield Fairfield
Montgomery Montgomery
Allentown Allentown
Three Three
Merced Merced
Daytona Daytona
Brownsville Brownsville
Anchorage Anchorage
Rapids Rapids
Irving Irving
Burlington Burlington
Manchester Manchester
Bradenton Bradenton
Mesquite Mesquite
Julian Julian
