DK BL CK GV BI DF FD CM DD HD FP DZ DL ED AY BV BF EY BZ FG GY CT GG EN DB AA CE HJ CG CP BR DT AK EW AM CA EQ BH BC CR FT BE CC EA FW AZ AU DO GT GR EB GB CX HI HE FN CU BW EL AT HB BP FB GN AO DE EP FA FH DU ET EF BM AB EM CD CI HF AN DP ES FZ DN CS GX DM AG EO AV GZ DX CY DI HC CW DK
94
AA AA
AB AB
AG AG
AK AK
AM AM
AN AN
AO AO
AT AT
AU AU
AV AV
AY AY
AZ AZ
BC BC
BE BE
BF BF
BH BH
BI BI
BL BL
BM BM
BP BP
BR BR
BV BV
BW BW
BZ BZ
CA CA
CC CC
CD CD
CE CE
CG CG
CI CI
CK CK
CM CM
CP CP
CR CR
CS CS
CT CT
CU CU
CW CW
CX CX
CY CY
DB DB
DD DD
DE DE
DF DF
DI DI
DL DL
DM DM
DN DN
DO DO
DP DP
DT DT
DU DU
DX DX
DZ DZ
EA EA
EB EB
ED ED
EF EF
EL EL
EM EM
EN EN
EO EO
EP EP
EQ EQ
ES ES
ET ET
EW EW
EY EY
FA FA
FB FB
FD FD
FG FG
FH FH
FN FN
FP FP
FT FT
FW FW
FZ FZ
GB GB
GG GG
GN GN
GR GR
GT GT
GV GV
GX GX
GY GY
GZ GZ
HB HB
HC HC
HD HD
HE HE
HF HF
HI HI
HJ HJ
