Soda VLSB CareerCenter AlumniHouse DoeMemorialLibrary CNMAT EtcheverryHall ChanShunAuditorium DonnerLab BlackwellHall EshlemanHall CaliforniaHall EdwardsStadium BanwayBldg BarkerHall CheitHall BlumHall BirgeHall CyclotronRd BoaltHall BancroftLibrary CampbellHall EastAsianLibrary Dwinelle BARTStation BarrowsHall BarrowLane EvansDiamond BerkeleyArtMuseum CalvinLaboratory ClarkKerrCampus ChouHall AnthonyHall Campanile BerkeleyWayWest BrainImagingCenter DurantHall Soda
36
AlumniHouse AlumniHouse
AnthonyHall AnthonyHall
BancroftLibrary BancroftLibrary EastGate
BanwayBldg BanwayBldg
BarkerHall BarkerHall
BarrowLane BarrowLane Cory
BarrowsHall BarrowsHall
BARTStation BARTStation
BerkeleyArtMuseum BerkeleyArtMuseum DavisHall
BerkeleyWayWest BerkeleyWayWest
BirgeHall BirgeHall
BlackwellHall BlackwellHall
BlumHall BlumHall
BoaltHall BoaltHall
BrainImagingCenter BrainImagingCenter
EastAsianLibrary EastAsianLibrary
CaliforniaHall CaliforniaHall
CalvinLaboratory CalvinLaboratory
Campanile Campanile
CampbellHall CampbellHall
CareerCenter CareerCenter
ChanShunAuditorium ChanShunAuditorium
VLSB VLSB
CheitHall BotanicalGarden CheitHall
ChouHall ChouHall
ClarkKerrCampus ClarkKerrCampus
CNMAT CNMAT
CyclotronRd CyclotronRd
DoeMemorialLibrary DoeMemorialLibrary
DonnerLab DonnerLab
DurantHall DurantHall
Dwinelle Dwinelle
EdwardsStadium EdwardsStadium
EshlemanHall EshlemanHall
EtcheverryHall EtcheverryHall
EvansDiamond EvansDiamond
