Soda Saratoga BlumHall Cory WestCircle KroeberHall AnthonyHall SproulPlaza Emeryville WicksonNaturalArea ClarkKerrCampus IshiCourt SanPablo LewisHall WestGate FrankSchlessingerWay MartinezCommons Brisbane Oakley Orinda Alameda Pinole KleebergerFieldHouse StHelena Belmont ChouHall EastGate BancroftLibrary Unit1 HertzHall DonnerLab WheelerHall HargroveMusicLibrary NorthGateHall Piedmont FoundersRock Insectary ClearyHall Pittsburg SatherTower Albany SanRafael Fairfield WursterHall ZellerbachPlayhouse MulfordHall ZellerbachHall Unit3 HearstMiningCircle StadiumRimWay GiauqueHall Campanile EvansHall SanRamon Hillsborough Pacifica LowerSproulPlaza WellmanHall SternHall WomenFacultyClub BarkerHall PimentelHall CalvinLaboratory HearstGreekTheatre GilmanHall GoldmanField EtcheverryHall Soda
66
MartinezCommons MartinezCommons
ClarkKerrCampus ClarkKerrCampus
GoldmanField GoldmanField
Orinda Orinda
WursterHall WursterHall
HargroveMusicLibrary HargroveMusicLibrary
AnthonyHall AnthonyHall
DonnerLab DonnerLab
Emeryville Emeryville
WellmanHall WellmanHall
Pittsburg Pittsburg
ZellerbachPlayhouse ZellerbachPlayhouse
BlumHall BlumHall
SternHall SternHall
PimentelHall PimentelHall
Oakley Oakley
ClearyHall ClearyHall
MulfordHall MulfordHall
StadiumRimWay StadiumRimWay
Pinole Pinole
FoundersRock FoundersRock
Hillsborough Hillsborough
ZellerbachHall ZellerbachHall
WomenFacultyClub WomenFacultyClub
Pacifica Pacifica
LowerSproulPlaza LowerSproulPlaza
SanRafael SanRafael
KroeberHall KroeberHall
HearstMiningCircle HearstMiningCircle
CalvinLaboratory CalvinLaboratory
EtcheverryHall EtcheverryHall
BarkerHall BarkerHall
Campanile Campanile
Alameda Alameda
KleebergerFieldHouse KleebergerFieldHouse
Saratoga Saratoga Hayward
GiauqueHall GiauqueHall
SanPablo SanPablo
Cory Cory
LewisHall LewisHall
IshiCourt IshiCourt Benicia
Brisbane Brisbane
EastGate EastGate
Piedmont Piedmont
ChouHall ChouHall
GilmanHall GilmanHall
WestGate WestGate
Albany Albany
Fairfield Fairfield
Insectary Insectary
StHelena MinorHallAddition StHelena
NorthGateHall NorthGateHall
Belmont Belmont
WheelerHall WheelerHall
WestCircle WestCircle
HertzHall HertzHall
FrankSchlessingerWay FrankSchlessingerWay
SatherTower SatherTower
HearstGreekTheatre HearstGreekTheatre
SanRamon SanRamon
SproulPlaza SproulPlaza
Unit3 Unit3
BancroftLibrary BancroftLibrary
Unit1 Healdsburg Unit1
EvansHall EvansHall
WicksonNaturalArea WicksonNaturalArea
