McLaughlinHall RedwoodGroveBotanica MathematicalSciences BotanicalGarden DurantHall KroeberHall VisitorCenter EtcheverryHall RecreationalSportsFa WarrenHall EastAsianStudiesInst GrinnellNaturalArea EvansDiamond PublicAffairsOfficeo FacultyGlade SimpsonCenterforStud WitterRugbyField JonesChildStudyCente Unit3ResidentHall LegendsAquaticCenter MagnesCollectionofJe EshlemanHall GiauqueHall SpiekerAquaticsCompl InsectaryGreenhouse LevineFrickeSoftball AnnaHeadAlumnaeHall Romeos GoldmanSchool StephensHall CampusSharedServices CNMAT1750ArchSt UCBerkeleyExtension StrawberryCanyonRecr GianniniHall WomensFacultyClub BerkeleyArtMuseumand SeniorHall BancroftParkingStruc HertzHall Library ZellerbachHall ResidentialStudentSe EnergyBiosciencesBui HasteStreetChildDeve MoffittLibrary McLaughlinHall
46
McLaughlinHall SamsPad CareerCenter McLaughlinHall
BancroftParkingStruc BancroftParkingStruc
SimpsonCenterforStud SimpsonCenterforStud
WarrenHall WarrenHall
LevineFrickeSoftball LevineFrickeSoftball
BotanicalGarden BotanicalGarden
EastAsianStudiesInst EastAsianStudiesInst
Library Library
CampusSharedServices CampusSharedServices
HertzHall HertzHall
EvansDiamond EvansDiamond
SeniorHall SeniorHall
GiauqueHall GiauqueHall
LegendsAquaticCenter LegendsAquaticCenter
RedwoodGroveBotanica RedwoodGroveBotanica
UCBerkeleyExtension UCBerkeleyExtension
Unit3ResidentHall Unit3ResidentHall
EshlemanHall EshlemanHall
FacultyGlade FacultyGlade
GianniniHall GianniniHall
MathematicalSciences MathematicalSciences
StephensHall StephensHall
CNMAT1750ArchSt CNMAT1750ArchSt
GrinnellNaturalArea GrinnellNaturalArea
DurantHall DurantHall
ResidentialStudentSe ResidentialStudentSe
HasteStreetChildDeve HasteStreetChildDeve
InsectaryGreenhouse InsectaryGreenhouse
BerkeleyArtMuseumand BerkeleyArtMuseumand
WitterRugbyField WitterRugbyField
GoldmanSchool GoldmanSchool
EnergyBiosciencesBui EnergyBiosciencesBui
WomensFacultyClub WomensFacultyClub
MagnesCollectionofJe MagnesCollectionofJe
StrawberryCanyonRecr StrawberryCanyonRecr
KroeberHall KroeberHall
RecreationalSportsFa RecreationalSportsFa
MoffittLibrary MoffittLibrary
SpiekerAquaticsCompl SpiekerAquaticsCompl
EtcheverryHall EtcheverryHall
JonesChildStudyCente JonesChildStudyCente
PublicAffairsOfficeo PublicAffairsOfficeo
Romeos Romeos
ZellerbachHall ZellerbachHall
AnnaHeadAlumnaeHall AnnaHeadAlumnaeHall
VisitorCenter VisitorCenter
