a b ec m aw do u az dt fs dm fh du t df y bd p ah ev by bc ch fg ew c a fy fz a ff ed cu eq fb c gh a br an ex cv a er gl cl a bf ak w ae aa al cb ee a ar e ep b fn dg fl gm a j ck bm bz bb l ap k dq cd bv ga dj e bi ci o cq ab ag gb eu h g cp a gn gp a
81
a aj ey de bl dx ct fv ea a fr dn
b en b fa fd fu dv
c c
e e
h h
j j
k k
l l
m m eg cs
o o
p p
t t
u u
w w
y et y
aa aa
ab ab
ae ae
ag ag
ah ah
ak ak
al al
an an
ap ap
ar ar
aw aw
az az
bb bb
bc bc
bd bd
bf bf
bi bi
bm bm
br br
bv bv
by by
bz bz
cb cb
cd cd
ch ch
ci ci
ck ck
cl cl
cp cp
cq cq
cu cu
cv cv
df df
dg dg
dj dj
dm dm
do do
dq dq
dt dt
du du
ec ec
ed ed
ee ee
ep ep
eq eq
er er
eu eu
ev ev
ew ew
ex ex
fb fb
ff ff
fg fg
fh fh
fl fl
fn fn
fs em fs
fy fy
fz fz
ga ga
gb gb
gh gh
gl gl
gm gm
gn gn
gp gp
