Fizz Huskar Warlock Orianna Sona Fiddlesticks VelKoz Venomancer Nunu Syndra Undying Talon Tiny Quinn Magnus Chen Omniknight Trundle Irelia Brewmaster Mirana Viktor ShadowShaman TahmKench TrollWarlord Kayn Beastmaster FacelessVoid Amumu Ziggs Morphling Leona Rengar Jinx Cassiopeia Heimerdinger Nasus Vladimir Kennen Thresh Vi StormSpirit Zed Sniper Karma NightStalker ShadowFiend ShadowDemon CentaurWarrunner Rubick Janna JarvanIV Puck Tristana Ekko WinterWyvern Nidalee Azir Xayah Weaver Ryze Jayce Katarina DeathProphet Oracle Zilean Techies Pantheon Sven Slardar Yorick Slark Kassadin KhaZix BountyHunter Singed Medusa LoneDruid LeBlanc SpiritBreaker Kled Bane Rumble Annie Gragas Terrorblade Timbersaw Visage Lucian Fizz
89
BountyHunter BountyHunter
Talon Talon
Medusa Medusa
Rengar Rengar
Techies Techies
ShadowFiend ShadowFiend
WinterWyvern WinterWyvern
Terrorblade Terrorblade
Nasus Nasus
Fizz Fizz
Mirana Mirana
Leona Leona
Ekko Ekko
Oracle Oracle
Xayah Xayah
ShadowDemon ShadowDemon
Thresh Thresh
Sona Sona
Venomancer Venomancer
Nunu Nunu
Annie Annie
Visage Visage
Lucian Lucian
Jayce Jayce
Warlock Warlock
Kennen Kennen
Amumu Amumu
Karma Karma
Chen Chen
Viktor Viktor
Kassadin Kassadin
Nidalee Nidalee
Beastmaster Beastmaster
Slardar Slardar
TrollWarlord TrollWarlord
Weaver Weaver
Sniper Sniper
Sven Sven
Vladimir Vladimir
Yorick Yorick
Ziggs Ziggs
SpiritBreaker SpiritBreaker
KhaZix KhaZix
ShadowShaman ShadowShaman
Vi Vi
Heimerdinger Heimerdinger
Rumble Rumble
VelKoz VelKoz
Puck Puck
Ryze Ryze
Cassiopeia Cassiopeia
NightStalker NightStalker
Azir Azir
Omniknight Omniknight
Kayn Kayn
StormSpirit StormSpirit
Orianna Orianna
Zilean Zilean
Brewmaster Brewmaster
Pantheon Pantheon
JarvanIV JarvanIV
Timbersaw Timbersaw
Janna Janna
Singed Singed
Jinx Jinx
TahmKench TahmKench
Undying Undying
Syndra Syndra
Quinn Quinn
Irelia Irelia
Rubick Rubick
Zed Zed
Slark Slark
CentaurWarrunner CentaurWarrunner
Fiddlesticks Fiddlesticks
LoneDruid LoneDruid
Tiny Tiny
LeBlanc LeBlanc
DeathProphet DeathProphet
Kled Kled
Morphling Morphling
FacelessVoid FacelessVoid
Katarina Katarina
Huskar Huskar
Magnus Magnus
Tristana Tristana
Bane Bane
Gragas Gragas
Trundle Trundle
