Pantheon LoneDruid Tailyah Malphite Morgana Kled Jhin Tiny Jayce Akali Heimerdinger BountyHunter Phoenix Galio CentaurWarrunner Ziggs KogMaw Bristleback Draven Jinx Xerath WraithKing Shyvana Anivia Disruptor Oracle Ashe Slark Maokai Bard Skarner Magnus NightStalker TrollWarlord MasterYi ArcWarden Nunu Ezreal Spectre Lux Lucian Jax Lich ChaosKnight SpiritBreaker Rumble Talon CrystalMaiden Ahri Pantheon
48
MasterYi MasterYi
Tailyah Tailyah
Ahri Ahri
Galio Galio
Phoenix Phoenix
Spectre Spectre
Ezreal Ezreal
KogMaw KogMaw
Jayce Jayce
Morgana Morgana
TrollWarlord TrollWarlord
Oracle Oracle
Jax Jax
Shyvana Shyvana
Akali Akali
Malphite Malphite
Anivia Anivia
Bristleback Bristleback
Skarner Skarner
Bard Bard
SpiritBreaker SpiritBreaker
Slark Slark
Lich Lich
CrystalMaiden CrystalMaiden
ArcWarden ArcWarden
Ashe Ashe
Kled Kled
Magnus Magnus
Maokai Maokai
Nunu Nunu
BountyHunter BountyHunter
Rumble Rumble
Jinx Jinx
Lucian Lucian
Xerath Xerath
CentaurWarrunner CentaurWarrunner
Disruptor Disruptor
Heimerdinger Heimerdinger
Tiny Tiny
ChaosKnight ChaosKnight
Lux Lux
Jhin Jhin
Draven Draven
Ziggs Ziggs
WraithKing WraithKing
Talon Talon
NightStalker NightStalker
LoneDruid LoneDruid
