6 11 18 10 19 16 14 13 15 11 6 2 7 0 4 1 6 11 24 30 42 55 51 55 67 73 78 72 79 75 77 74 73 80 81 80 73 67 60 63 62 67 55 57 55 42 40 48 46 41 40 42 30 24 21 20 23 26 24 30 31 39 38 30 24 11 6 199 189 172 168 158 159 152 154 153 150 158 143 133 139 133 143 146 147 144 147 146 143 133 124 111 114 111 113 118 115 112 111 103 105 101 102 107 109 106 105 103 96 92 98 97 95 90 96 80 88 85 80 96 103 111 124 125 128 129 123 126 124 133 143 158 168 165 167 166 168 158 143 133 132 138 137 134 133 143 158 168 172 178 170 179 177 172 189 180 185 186 184 182 189 199 198 197 194 190 191 196 199 6
78
0 8 0
1 1
4 4
7 7
10 10
14 14
15 15
18 18
19 19
20 20
21 21
23 23
26 26
31 31
38 36 38
39 39
40 40
41 41
46 46
48 48
51 50 51 59
57 57
60 65 60
62 62
63 63
67 69
74 74
75 75
77 77
78 78
79 79
81 87 81
85 85
88 88
90 90
95 95
97 97
98 98
101 101
105 105
106 106
107 107
109 109
112 112
113 113
114 114
115 115
118 118
125 125
126 126
128 120 128
129 129
132 132
134 134
137 137
139 139 130
143 148
144 144
146 146
147 145 149
150 150 157
152 152
153 153
166 166
167 167 163
168 164
170 176 170
177 177
178 178
179 179
182 182 181 187
185 185
186 186
190 190
191 191
194 194
196 196
198 198
