L16 L88 L118 L99 L120 L79 L87 L150 L104 L63 L76 L26 L67 L12 L28 L138 L82 L70 L77 L107 L11 L100 L79 L0 L20 L146 L47 L43 L52 L103 L22 L153 L28 L148 L78 L94 L153 L53 L110 L134 L38 L13 L38 L106 L79 L114 L84 L8 L4 L147 L33 L74 L85 L65 L143 L82 L70 L103 L0 L140 L62 L82 L141 L83 L5 L149 L71 L92 L90 L143 L65 L72 L41 L22 L94 L21 L94 L16
55
L4 L4
L5 L18 L130 L5
L8 L2 L101 L8
L11 L11
L12 L12
L13 L89 L139 L93
L16 L29 L16
L20 L20
L21 L109 L21
L22 L7 L24 L22
L28 L28
L38 L38
L43 L43
L47 L47
L52 L52
L53 L53
L62 L62 L124
L63 L27 L61 L63
L65 L1 L65
L67 L67
L70 L70
L72 L72
L74 L74
L76 L76
L77 L77
L78 L78
L79 L79
L82 L82
L83 L83
L84 L144 L56 L151 L84
L85 L85
L87 L87
L90 L119 L75 L80 L90
L92 L92
L94 L94
L99 L99
L100 L100
L103 L103 L133 L68
L104 L95 L104 L126 L142 L9
L106 L106 L35 L152
L107 L107
L110 L110
L114 L114
L120 L145 L128 L129
L134 L125 L134
L138 L138
L140 L140
L141 L131 L141
L143 L40 L143
L146 L146
L147 L147
L148 L91
L149 L149
L150 L150
L153 L153
