5 3 4 5 11 7 8 9 10 6 7 8 9 10 11 17 14 13 17 23 29 28 24 25 29 26 27 29 35 31 32 33 34 35 41 37 36 40 41 47 53 50 51 52 48 49 53 47 45 44 43 42 46 47 53 59 56 57 58 54 55 59 65 71 68 71 65 63 62 65 71 69 70 66 71 77 76 72 73 74 77 83 81 80 79 78 82 83 89 84 88 87 86 89 95 101 99 98 97 96 101 107 103 102 103 104 105 107 101 95 92 91 90 94 93 95 89 83 79 83 77 71 67 71 65 61 60 64 65 59 53 47 41 39 41 35 29 23 19 18 22 21 20 23 17 16 15 17 11 5 2 1 0 5
88
0 0
1 1
2 2
3 3
4 4
6 6
7 7
8 8
9 9
10 10
13 13
14 14
15 15
16 16
17 12
18 18
19 19
20 20
21 21
22 22
24 24
25 25
26 26
27 27
28 28
31 31
32 32
33 33
34 34
35 30
36 36
37 37
39 39
40 40
41 38
42 42
43 43
44 44
45 45
46 46
48 48
49 49
50 50
51 51
52 52
54 54
55 55
56 56
57 57
58 58
60 60
61 61
62 62
63 63
64 64
66 66
67 67
68 68
69 69
70 70
72 72
73 73
74 74
76 75 76
78 78
79 79
80 80
81 81
82 82
84 84
86 86
87 87
88 88
89 85
90 90
91 91
92 92
93 93
94 94
96 96
97 97
98 98
99 99 100
102 102
103 103
104 104
105 105
107 106
