location1 location26 location42 location37 location11 location44 location48 location31 location23 location16 location39 location15 location46 location27 location38 location32 location12 location49 location10 location33 location5 location1
20
location5 location5
location10 location10
location11 location11
location12 location24 location12
location15 location15
location16 location16
location23 location23
location26 location26 location14
location27 location6 location28 location27
location31 location31
location32 location32
location33 location33
location37 location37
location38 location38
location39 location17 location39
location42 location42
location44 location44
location46 location46
location48 location48
location49 location49
