location1 location40 location46 location190 location69 location10 location108 location27 location178 location90 location111 location152 location17 location143 location118 location188 location93 location179 location85 location96 location20 location169 location57 location110 location109 location136 location11 location2 location177 location182 location164 location74 location172 location184 location91 location82 location49 location140 location139 location75 location127 location154 location165 location196 location94 location130 location114 location44 location12 location128 location25 location37 location16 location161 location149 location157 location100 location32 location175 location1
58
location2 location2 location95
location10 location10
location11 location11 location185
location12 location12
location16 location16 location197 location13
location17 location150 location17
location20 location20 location133 location56 location26
location25 location25
location27 location27
location32 location87 location32
location37 location106 location59 location65 location37
location40 location40
location44 location5 location44
location46 location123 location46
location49 location49 location3
location57 location57
location69 location69 location107
location74 location74
location75 location75
location82 location82
location85 location85
location90 location90
location91 location97 location68 location91
location93 location93 location193
location94 location22 location94
location96 location96
location100 location92 location100 location33
location108 location108
location109 location109
location110 location110 location142
location111 location111
location114 location114
location118 location43 location118 location148
location127 location127
location128 location128
location130 location130
location136 location105 location136 location30
location139 location139 location146
location140 location140
location143 location180 location143 location171 location186
location149 location149
location152 location152
location154 location154
location157 location157 location6
location161 location35 location161
location164 location164
location165 location116 location165
location169 location169
location172 location172
location175 location175
location177 location177
location178 location178
location179 location158 location28 location179
location182 location182
location184 location159 location199 location184 location129 location58 location181
location188 location188
location190 location190
location196 location195 location196
