location1 location38 location6 location89 location21 location36 location19 location74 location30 location91 location32 location99 location2 location66 location10 location46 location56 location94 location80 location29 location8 location58 location44 location23 location59 location42 location75 location52 location40 location3 location54 location53 location31 location43 location57 location1
34
location2 location2
location3 location77 location3
location6 location6
location8 location8
location10 location49 location10
location19 location19 location71
location21 location21 location51
location23 location23 location47
location29 location29
location30 location30
location31 location31
location32 location32
location36 location36
location38 location38 location17 location90
location40 location40
location42 location42
location43 location43 location83
location44 location44
location46 location46 location45
location52 location52
location53 location53
location54 location54
location56 location56
location57 location35 location95 location57
location58 location58 location48
location59 location59
location66 location72 location66
location74 location74
location75 location78 location75 location9
location80 location80 location79
location89 location89
location91 location91
location94 location94
location99 location99
