0 18 52 37 81 86 32 15 1 74 27 45 93 34 65 75 55 50 64 66 44 71 87 30 41 88 4 39 38 35 42 12 98 11 46 5 36 33 82 8 96 40 62 95 77 31 26 57 59 29 69 73 24 7 54 53 61 17 13 97 56 79 99 2 9 47 76 67 10 28 60 90 48 16 83 3 94 57 51 70 92 14 72 6 63 135 43 100 85 78 25 19 22 49 20 21 0
94
1 1
2 2
3 3
4 4
5 5
6 6
7 7
8 8
9 9
10 10
11 11
12 12 80
13 13
14 14 68 84
15 15
16 16
17 17
18 18
19 19
20 20
21 21
22 22
24 24
25 25
26 26
27 27
28 28
29 29
30 30
31 31
32 32
33 33
34 34
35 35
36 36
37 37
38 38
39 39
40 40
41 41
42 42
43 43
44 44
45 45
46 46
47 47 89
48 48
49 49
50 50
51 51
52 52
53 53
54 54
55 55
56 56
57 57
59 59
60 60
61 61
62 62
63 63
64 64
65 65
66 66
67 67
69 69
70 70 91
71 71
72 72
73 58 73
74 74
75 75
76 76
77 77
78 78
79 79
81 81
82 82
83 83
85 85
86 86
87 87
88 88
90 90
92 92
93 93
94 94
95 95
96 96
97 97
98 98
99 99
100 100
135 23
