190 135 38 44 103 168 23 84 192 122 182 71 66 179 85 112 185 31 109 46 62 107 76 60 22 139 40 189 93 165 136 129 83 58 33 67 147 27 166 56 0 95 162 108 54 50 65 38 6 137 106 92 114 118 181 30 100 64 44 82 52 138 47 4 172 5 153 45 56 68 25 57 169 176 21 151 102 72 177 9 43 142 1 156 37 2 99 132 141 193 146 104 10 190
78
1 1
2 2
5 5
6 121
10 10
21 21
22 117 22
23 23
27 27
30 30
33 33
38 38
40 40
44 44
45 45
46 46
47 47
50 50
52 52
54 54 163 32
56 56
57 57
60 60
62 62
64 55 36 34
65 65
66 66
67 67 8
68 68
71 71 195
76 76
82 61
83 83
84 186 84
85 149
92 92
93 93 116 164
95 95
99 188 99
100 100
102 198 102
103 103
104 104
106 106
108 3 69 133 108
109 109
112 112
114 114
118 118
129 129
132 132 152
135 135
136 136
137 137
138 138
139 139
141 141
142 142
146 146
147 173
151 29
153 153
156 156
162 162
165 165
166 166
168 168
169 169
172 172
176 176
177 177 101
179 11 179
181 181
182 123 182 113 94
185 185
189 111 189
192 192
193 193
