114 58 102 170 94 91 28 187 135 93 171 119 78 49 67 98 100 81 188 3 4 146 169 87 38 84 192 36 179 24 118 177 134 5 195 60 111 22 69 190 76 10 133 53 85 62 108 35 164 154 166 31 14 33 48 15 120 178 21 181 109 117 1 129 92 47 26 18 63 191 0 29 74 175 174 150 124 43 197 132 176 183 16 54 7 96 167 147 32 194 196 115 127 161 103 70 89 59 131 42 112 105 75 117 149 95 51 173 114
95
0 0
1 1
3 3
4 4
5 41 5
7 7
10 10
14 14
15 15
16 16
18 18
21 21
24 24
26 26
28 28
29 29
31 31
32 32
33 33
35 35
36 36
38 38
42 42
43 43
47 47
49 49
51 51
53 53
59 59
62 62
63 63
67 67
69 69
70 70
74 74
75 75
76 76
78 78
81 182 81
84 84
85 199
87 87
89 89
91 91
92 92
93 93
94 94
95 95
96 96
98 98
100 100
102 102
103 103
105 105
108 108
109 109
111 111
112 112
114 114
115 37 115
117 117
119 119
120 66
124 124
127 127 155
131 131
132 12
133 133
134 134
135 135
146 146
147 147
149 149
150 150
154 154
161 161
164 164
166 166
167 167
169 169
170 170
171 171
173 173
174 174
175 175
176 176
177 177
181 148 181
183 183
187 187
188 188
191 191
195 195
196 196
197 197
