gc gk em eq fa fy al er am cd ep ck go cn ge bj d db az g br j bv df fh gm fr dw gh ah bc by p bd dx gn ao ft an cq gi bx bb fn ey bi el cj ee cl cv bt ap ex ae h dj gg dp do fi cf bp dq en dh di co ab cm q fr y bu gq v ai dn a es ga fq fk ff e fe bq at b bn et ds fw dy ac as gc
88
a a
b cz b
d d
e e
g g
h aw
j j cr cp
p p
q q
v v
y y
ab ab
ac ac
ae ae
ah ah
ai ai
am am
an an bl
ao ao
ap ap
as as
at at
az az
bb bb
bc bc
bi bi
bj bj
bn bn
bp bp
bq bq
br br
bt bt
bu bu
bv bv
bx ad bx
by by
cj cj
ck ck
cl cs cl
cm cm
cn cn
co co
cq cq
cv cv
db db
dh dh
di di gj
dj dj
dn dn
do do
dp dp
dq dq
ds ds dg u
dw dw
dx dx
dy dy
ee ee
el el
em em
en en
ep ep
eq eq
er er
es es
et et
ey ey
fa fa
fe fe
ff ff
fh fh
fi fi
fk fk
fn fn
fq fq
fr fr
ft fd fo ft
fw fw
fy fy cg
ga ga
ge ge
gg gg
gh gh
gi gi
gk gk
gm gm
gn gn
go go
gq gq
