Liam Isaiah Leo Colton Josiah Eli Dominic Carter Benjamin Connor Leonardo Theodore David Sebastian Mateo Alexander Mason Elijah Aiden William Logan Jaxson Brayden Jaxson Michael Ezra Thomas Dylan Owen Noah Luke Asher Jordan Cooper Jordan Mateo Joseph Isaiah Liam
25
Liam Liam
Noah Noah
William William
Logan Logan
Benjamin Benjamin
Mason Mason
Elijah Elijah
Michael Michael
Alexander Alexander
Aiden Aiden
Joseph Joseph
Sebastian Sebastian
David David
Carter Carter
Owen Owen
Dylan Dylan
Luke Luke
Isaiah Daniel
Thomas James
Eli Lucas Jackson Wyatt
Colton Henry John
Brayden Ethan Samuel Jayden
Jordan Jacob
Dominic Oliver
Cooper Matthew
