Liam Evan Jude Zachary Hunter Steven Xavier Ryan Nolan Elijah Nolan Thomas Hunter Zachary Jude Jace Jude Joseph Robert Giovanni Ayden Theodore Rowan Austin Hayden Miguel Mateo Aiden Victor Dominic Victor Gabriel Cameron Caleb Elliott Carter Santiago Alan Jasper Elliot Grayson Maxwell Anthony Angel Jaxson Weston Kevin Finn Luke Miles Nolan Logan Andrew Oliver Patrick Dean Zion Rhett Christian Nicholas Daniel Jameson Hudson Jameson Benjamin Jaxon Waylon Gavin Dawson Alejandro Ian Alejandro Dawson Gael Wyatt Gael Emmanuel Samuel Eric Matteo Julian Josiah Justin Kai Carson Kai Brantley Brayden Asher John Bennett Landon William Beau Eric Greyson Eric Messiah John Kevin Finn Jacob Finn Kevin Nathan Connor Jasper Alan Santiago Kaleb Isaac James Steven Sawyer Eli Tyler Marcus Parker Marcus Aaron David Brody Elliot Grayson Alexander Leo Bryson Malachi Adam Colton Tucker Charles Tucker Aiden Richard Preston Jonathan Preston Richard Easton Joel Dylan Lincoln Max Jayden Bentley Camden Maverick Noah Lucas Joshua Cooper Grant Antonio Owen Antonio Grant Cooper Axel Oscar Levi Oscar Bryce Sebastian Edward Malachi Henry Lucas Joshua Jack Jordan Leonardo George Ethan Brantley Braxton Jackson Ezra Ezekiel Maddox Xander Leonardo Jordan Liam
83
Liam Liam
Noah Noah
William William
James James
Logan Logan
Benjamin Benjamin
Elijah Elijah Adrian
Oliver Oliver
Jacob Jacob
Lucas Lucas
Alexander Alexander
Ethan Ethan
Daniel Daniel
Aiden Aiden
Henry Henry
Joseph Joseph
Jackson Jackson
Sebastian Sebastian
David David
Carter Carter
Wyatt Wyatt
Jayden Jayden
John Matthew John
Owen Owen
Dylan Dylan
Luke Luke
Gabriel Gabriel
Anthony Anthony
Isaac Isaac
Grayson Grayson
Jack Jack
Julian Julian
Levi Levi
Joshua Joshua
Andrew Andrew
Lincoln Lincoln
Mateo Mateo
Ryan Ryan
Jaxon Jaxon
Nathan Nathan
Aaron Michael Aaron
Thomas Thomas
Charles Mason Charles
Caleb Caleb
Josiah Josiah
Christian Christian
Hunter Isaiah Hunter
Eli Eli
Jonathan Jonathan
Connor Connor
Landon Landon
Asher Asher
Cameron Cameron
Leo Leo
Theodore Theodore
Hudson Hudson
Robert Robert
Easton Easton
Nolan Nolan
Nicholas Nicholas
Ezra Ezra Jose
Colton Colton
Angel Angel
Brayden Brayden
Jordan Jordan
Dominic Dominic
Austin Austin
Ian Ian
Adam Adam
Jaxson Jaxson
Greyson Greyson
Ezekiel Jeremiah Ezekiel
Carson Carson
Evan Evan
Maverick Maverick
Jace Jace
Cooper Cooper
Xavier Xavier
Parker Parker
Kai Christopher
Eric Samuel
Malachi Bryson
Kaleb Elias
