zero one seven six zero two three ten nine sixteen seventeen twentyfour thirtyone thirtyeight thirtyseven thirty twentynine twentytwo twentythree sixteen fifteen twentyone twenty thirteen twelve thirteen twelve eleven eighteen twentyfive twentysix twentyseven thirtyfour thirtyfive fortytwo fortynine fortythree fortyfour fortyfive fiftytwo fiftythree sixty fiftynine fiftyeight fiftyseven sixtythree seventy sixtyfour sixtyfive seventytwo seventynine eighty eightyseven ninetyfour onehunone onehuneight onehunnine onehunten onehuneleven onehuneighteen onehunseventeen onehunsixteen onehuntwentythree onehunthirty onehuntwentynine onehuntwentyeight onehunthirtyfive onehunthirtysix onehunfortythree onehunfifty onehunfortynine onehunfortyeight onehunfiftyfour onehunsixtyone onehunsixty onehunfiftynine onehunfiftyeight onehunfiftyseven onehunfiftysix onehunsixtythree onehunsixtyfour onehunseventyone onehunseventytwo onehunseventythree onehunseventyfour onehunseventyfive onehunseventyfour onehunseventyfive onehuneightytwo onehunseventysix onehunseventyseven onehunseventyeight onehunseventynine onehuneighty onehuneightyseven onehunninetyfour onehunninetythree onehunninetytwo onehunninetyone onehuneightyfour onehuneightythree onehuneightyfour onehunseventyseven onehunseventy onehunsixtythree onehunsixtyfour onehunsixtyfive onehunsixtysix onehunfiftynine onehunfiftytwo onehunfortyfive onehunfortysix onehunthirtynine onehunforty onehunthirtythree onehuntwentysix onehuntwentyfive onehuntwentyfour onehuntwentythree onehuntwentytwo onehuntwentyone onehunfourteen onehunthirteen onehunsix ninetynine ninetytwo ninetyeight ninetyone eightyfour eightythree eightytwo seventyfive seventysix seventyseven seventyone sixtyfour sixtyfive sixtysix sixtyseven sixtyeight sixtynine sixtytwo fiftyfive fiftyfour fiftythree fortysix thirtynine thirtytwo thirtythree twentysix twentyseven twenty thirteen six zero
93
one one
two two
three three
six six
seven seven
ten ten
eleven eleven
twelve twelve
thirteen fourteen
fifteen fifteen
sixteen sixteen
seventeen seventeen
twenty twenty
twentythree twentythree
twentyfive twentyfive
twentysix twentysix
twentyseven twentyseven
twentynine twentynine
thirtythree thirtythree
thirtyfour thirtyfour
thirtyseven thirtyseven
thirtyeight thirtyeight
fortythree fortythree
fortyfour fortyfour
fortyfive fortyfive
fortynine fortynine
fiftytwo fiftytwo
fiftythree fiftythree
fiftyfive fiftyfive
fiftyseven fiftyseven
fiftyeight fiftyeight
sixty sixty
sixtyfour sixtyfour
sixtysix sixtysix
sixtyseven sixtyseven
sixtynine sixtynine
seventy seventy
seventyone seventyone
seventytwo seventytwo
seventyfive seventyfive
seventyseven seventyseven
seventynine seventyeight seventynine
eightytwo eightytwo
eightythree eightythree
eightyfour eightyfour
eightyseven eightyseven
ninetyeight ninetyeight
ninetynine ninetynine
onehunone onehunone
onehuneight onehuneight
onehunten onehunten
onehuneleven onehuneleven
onehunthirteen onehunthirteen
onehunsixteen onehunsixteen
onehunseventeen onehunseventeen
onehuneighteen onehuneighteen onehunnineteen
onehuntwentyone onehuntwentyone
onehuntwentythree onehuntwentythree
onehuntwentyfour onehuntwentyfour
onehuntwentysix onehuntwentysix
onehuntwentyeight onehuntwentyseven onehuntwentyeight
onehunthirty onehunthirty
onehunthirtyfive onehunthirtyfive
onehunforty onehunforty
onehunfortythree onehunfortythree onehunfortyfour
onehunfortyfive onehunfortyfive
onehunfortysix onehunfortysix
onehunfortynine onehunfortynine
onehunfifty onehunfifty
onehunfiftyfour onehunfiftyfour
onehunfiftyseven onehunfiftyseven
onehunfiftynine onehunfiftynine
onehunsixty onehunsixty
onehunsixtyone onehunsixtyone
onehunsixtythree onehunsixtythree
onehunsixtyfour onehunsixtyfour
onehunsixtyfive onehunsixtyfive
onehunsixtysix onehunsixtysix
onehunseventy onehunseventy
onehunseventyone onehunseventyone
onehunseventythree onehunseventythree
onehunseventyfour onehunseventyfour
onehunseventyfive onehunsixtynine onehunseventyfive
onehunseventysix onehunseventysix
onehunseventyeight onehunseventyeight
onehuneighty onehuneighty
onehuneightytwo onehuneightyone onehuneightytwo
onehuneightyfour onehuneightyfour
onehuneightyseven onehuneightyseven
onehunninetyone onehunninety onehunninetyone
onehunninetytwo onehunninetytwo
onehunninetythree onehunninetythree
onehunninetyfour onehunninetyfour
