zero three ten seventeen twentyfour twentyfive twentysix thirtythree thirtyfour thirtythree thirtytwo thirtynine forty fortyseven fortyeight fiftyfive fiftysix fifty fiftyseven sixtythree seventy sixtyfour sixtyfive sixtysix sixtyseven sixtyeight seventyfive eightytwo eightyone eighty seventynine eighty eightyseven eightyeight eightynine eightytwo eightythree eightyfour seventyeight seventyone seventyseven seventy sixtythree sixtytwo sixtyone sixty fiftythree fortysix fortyfive fortyfour thirtyseven thirtysix twentynine twentytwo twentythree twentytwo fifteen twentyone twenty thirteen fourteen thirteen twelve five zero
44
zero two four six
three three
five five
ten ten
twelve twelve
fourteen fourteen
fifteen fifteen
twenty twenty
twentytwo twentytwo
twentyfour twentyfour
twentyfive twentyfive
twentynine twentynine thirty
thirtythree thirtythree
thirtyfour thirtyfour thirtyfive
thirtysix thirtysix
thirtyseven thirtyseven
thirtynine thirtynine
fortyfour fortyfour
fortyfive fortyfive
fortyseven fortyseven
fortyeight fortyeight
fifty fifty fiftyone
fiftythree fiftythree
fiftyfive fiftyfive
fiftyseven fiftyseven
sixty sixty
sixtyone sixtyone
sixtytwo sixtytwo
sixtyfive sixtyfive
sixtysix sixtysix
sixtyseven sixtyseven
sixtyeight sixtyeight
seventy seventy
seventyone seventyone
seventyfive seventyfive
seventyseven seventyseven
seventyeight seventyeight
seventynine seventynine
eightyone eightyone
eightytwo eightytwo
eightyfour eightyfour
eightyseven eightyseven
eightyeight eightyeight ninetyfive
eightynine eightynine
