0 51 183 120 98 28 84 80 159 16 21 163 69 41 30 55 97 67 141 57 40 91 1 61 25 54 39 184 7 140 100 24 14 188 77 49 87 27 97 144 94 34 176 45 149 180 68 37 78 6 150 92 182 59 89 83 104 31 5 179 48 46 13 17 33 36 86 15 114 42 35 47 8 10 88 3 95 122 73 64 72 68 180 23 19 153 65 56 22 71 58 81 123 21 52 74 26 93 82 63 173 5 2 66 75 29 43 76 60 3 99 32 12 79 20 53 20 0
93
80 80
29 29
27 27
12 12
60 60
77 77
153 50
5 5
74 74
21 21
35 35
24 24
37 37
93 93
67 67
41 41
83 83
79 79
97 97
51 51
19 19
94 94
33 33
84 84 9
98 98
69 69
76 76
13 13
78 78
92 92
45 45
39 18 39
100 96
95 95
25 25
47 47
63 63
82 82
73 73
91 91
22 22
66 66
36 36
182 70
26 26
15 15
64 64
20 20
31 31 4
17 17
46 46
55 55
144 85
2 2
53 53
81 81
57 57
65 65
88 88
49 49
72 72
54 54
30 30
89 89
16 16
0 0
58 58
42 42
75 62 75 11
59 59
8 8
23 23
34 34
32 32
10 10
183 44
71 71
52 52
14 38 14
6 6
43 43
86 86
61 61
48 48
99 99
1 1
7 7
28 28 90
40 40
68 68
87 87
56 56
3 3
