0 3 117 92 112 175 112 116 188 116 103 134 103 21 105 145 105 142 164 109 165 109 45 95 100 123 100 97 89 61 36 98 118 195 118 194 108 115 187 115 108 159 108 158 153 106 152 106 150 142 164 109 180 114 181 114 12 132 102 131 102 2 107 155 107 4 90 171 119 198 119 7 106 151 8 63 61 36 125 101 124 101 68 15 76 182 114 12 113 78 110 170 110 78 113 179 113 178 138 104 139 104 140 191 117 193 117 3 0
51
100 120 121 122
101 126 127 128 129 130
102 133
103 135 136 137
105 141 143 144 146
106 147 148 149
108 156 157 160
109 161 162 163 166 167
110 168 169
112 172 173 174 176 177
114 183 184 185
115 186
116 189 190
117 192
118 196
119 197 199
123 123
124 124
125 125
131 131
132 132
134 134
138 138
139 139
140 140
142 142
145 145
150 150
151 151
152 152
153 153
155 155
158 158
159 159
164 164
165 165
170 170
171 171
175 154 175
178 178
179 179
180 180
181 181
182 182
187 187
188 188
191 191
193 193
194 194
195 195
198 198
