pump need preoccupation forest ground float unanimous polish sweet formulate sacrifice wear genetic wage diagram ghost parallel gloom privilege pursuit park distributor impound linger lot tip reflection line innovation feign brain physical freedom minor aspect admiration title nominate guideline descent survival overlook depressed performance literature exercise pedestrian prospect pipe leadership rock valley engineer button fairy row hallway attractive separate sticky ensure pray consideration range anger mouse mud category lemon reject judicial plug affect hierarchy sit packet sentiment appearance pump
78
row row
guideline guideline
impound impound
feign feign
mouse mouse
park park
minor minor
admiration admiration
diagram diagram
descent descent
button button
prospect prospect
affect affect
need need
overlook overlook
pump pump
privilege privilege
aspect aspect
survival survival
parallel parallel
sacrifice sacrifice
mud mud
sit sit
packet packet
category category
ensure ensure
distributor distributor
line line
literature literature
gloom gloom
rock rock
appearance appearance
float float
tip tip
ghost ghost
pedestrian pedestrian
plug plug
consideration consideration
range range
leadership leadership
preoccupation preoccupation
wage wage
lemon lemon
sweet sweet
reflection reflection
unanimous unanimous
wear wear
sticky sticky
lot lot
anger anger
innovation innovation
ground ground
physical physical
pursuit pursuit
nominate nominate
exercise exercise
pipe pipe
sentiment sentiment
hierarchy hierarchy
valley valley
judicial judicial
linger linger
depressed depressed
hallway hallway
attractive attractive
separate separate
engineer engineer
polish polish
title title
reject reject
pray pray
freedom freedom
genetic genetic
brain brain
forest forest
performance performance
fairy fairy
formulate formulate
