188645 7E5598 3B1041 3AA8C5 EF4D57 B7B073 A7E9D9 DBDC9A A5CCB5 35FF16 84EBFF 0FBCDC 7E5598 C0766C 673B36 C0766C 07D80A 143B88 36D08C 567883 C98FE7 E09D29 61EDA9 35F60D 2C101C CB09C0 E954F7 0D7DE7 467AB7 784F83 AE6906 AD298D 7BF2B5 37F745 8D0852 D443EB 0801CC B3243F 1276AF B3243F A5CCB5 35FF16 500783 103C70 EC05F7 29B2A4 724A76 AA8E14 35F60D B86446 31D332 628AB2 D04F40 9B9BDD 2F1AB5 B833F0 FA567E 0FB66D 188645
41
AA8E14 AA8E14
AD298D DD2694
A7E9D9 A7E9D9
673B36 7E18E9
37F745 37F745
C98FE7 C98FE7
188645 188645
07D80A 07D80A
DBDC9A DBDC9A 94D700 994F93
628AB2 628AB2
9B9BDD 9B9BDD
36D08C 6D778A
D443EB D7CAF9 D443EB
35FF16 800641
CB09C0 CB09C0
61EDA9 D5356A 3ADA02
EF4D57 EF4D57
0801CC 19FFAB 9B0EC2
7BF2B5 D01E6B
724A76 724A76
84EBFF 84EBFF
D04F40 D04F40
7E5598 AFF8D1
E954F7 E954F7
29B2A4 29B2A4
3B1041 3B1041
8D0852 8D0852
784F83 784F83 FF8D45
1276AF 48C2D5 1276AF
A5CCB5 A5CCB5
EC05F7 FD1783 539A92
B86446 4FBDE1
0FBCDC 0A5C0E 0FBCDC
B7B073 B7B073
E09D29 E09D29
2C101C 2C101C
467AB7 467AB7
143B88 44716B
500783 500783
B833F0 B833F0
0FB66D 0FB66D
