F1E81B 47FACD 82A1F6 91A0DC 2FEDFB 191510 6B4619 CC9C14 A1F104 0F5860 002274 6C010A 1E1095 FFFD4B 17779E 770D1A EC4D08 5D0E2E 6E313C 9096DB C9AF85 7BE8A9 B27903 AEFF96 36C862 D1967A 851F90 1F842B 2924CB 0C73D8 86493E 596CF6 EB8E2E A9F1B8 6B340B EB719D D4A75D 124C90 612FAA E2CE9F E3C2C9 3B4B53 5A3862 B23276 4CAD30 5C7062 251939 63361A 85D6DB 230A7C 3C5D7A BDE94D 79BC3D B69F55 239994 6825D4 1D21D3 6825D4 93EBE3 06C557 C45E71 6B622D 5F4E43 A014A0 D8AAF4 8F17C0 151BC9 825EC5 112AE7 94A561 14B430 E80628 13A782 BA3320 90451D 5BB557 846159 20EAE7 ABD8FE 783751 846159 D6CC7A B47658 BB4908 E5E6C0 C9AF85 7BE8A9 B27903 AEFF96 DCE144 205E5C 04439C 2595F1 8B519F C953A6 D2BE39 490F1E 77A0B5 CF668A 7829D7 53C6C8 36590B 66048A B23276 E33276 29D5D7 8015E0 4B97F1 EE2A22 462226 396D53 813B05 F1E81B
82
490F1E 490F1E
17779E 17779E
1D21D3 8EBF8A
2FEDFB 2FEDFB
6B622D 6B622D
C45E71 4A28BA 7E1C6C
8015E0 8015E0
230A7C 230A7C
E3C2C9 E3C2C9
4CAD30 4CAD30
D1967A D1967A
D4A75D D4A75D 6966D7
851F90 851F90
EC4D08 B7F75A 28F6D1
124C90 124C90
3B4B53 3B4B53
AEFF96 AEFF96
6C010A 8417C8
1F842B 1F842B 7E78F3
A9F1B8 52C88C
191510 C3EF62 305D33 61199E 4A5708
BDE94D DE6899
770D1A 770D1A
8B519F 8B519F
E5E6C0 E5E6C0
396D53 396D53
8F17C0 8F17C0
2595F1 8B6C2F
14B430 14B430
239994 239994
29D5D7 29D5D7
6B340B 6B340B
B69F55 2CCB19 B69F55
B23276 8BFCAC
86493E 86493E
F1E81B F1E81B
36C862 36C862
205E5C BB40E6
A1F104 A1F104
0F5860 0F5860
5C7062 5C7062
63361A 63361A
EB8E2E 14994D
5F4E43 5F4E43
5D0E2E 0CBC31 2BF7B5
846159 6D51F4
20EAE7 20EAE7
7BE8A9 FFEEBD
90451D CEAC59 90451D
7829D7 7829D7
85D6DB E51A66 85D6DB
596CF6 596CF6
ABD8FE ABD8FE
813B05 685D1A 813B05
EE2A22 59843B
66048A 66048A
36590B 36590B
47FACD 47FACD
002274 D337F2 C3B3E7
DCE144 DCE144
B47658 B47658
151BC9 151BC9
BB4908 C18C9B BB4908
93EBE3 93EBE3
5BB557 4099A6 5BB557 293D59
4B97F1 4B97F1
C9AF85 C9AF85
FFFD4B 573788 FFFD4B
783751 783751
1E1095 1E1095
6825D4 AE4A01
9096DB 9096DB
E80628 E80628
0C73D8 E81014
13A782 8F495E C4303B
CF668A 614224
77A0B5 77A0B5
CC9C14 CC9C14
94A561 94A561
6E313C 6E313C
6B4619 F33196
D6CC7A D6CC7A
