context car construction while car attempt force soil ability aspect bread satisfaction context bedroom road teaching care bit thanks state fat interaction road reality departure anxiety store currency wood force context
24
context context
aspect aspect
construction construction
teaching teaching
bedroom bedroom
satisfaction satisfaction
state state
departure departure
reality reality
road road
ability ability
attempt attempt
bread farmer bread
soil soil
currency currency
interaction interaction
wood wood
while while
bit bit
thanks thanks
anxiety anxiety
fat fat
store store
care care
