maintenance future population reputation style driver account rate action contract war difficulty day reputation focus bread price average cause selection context sign cause inspection reputation description cigarette resolution cigarette photo feature difficulty object map complaint income wife obligation period salad church competition marketing philosophy woman sister chest volume depression career cause career chest example beer movie version maintenance
46
maintenance maintenance
future future
description description
sign sign
career career
church church
obligation obligation
volume volume
reputation reputation property
chest chest
cause cause
income income
version version
philosophy philosophy
difficulty difficulty
contract contract
depression depression
war war
inspection inspection
movie movie
bread bread
salad salad
selection selection
feature feature
day day
wife wife
price price
action economy action
marketing marketing
photo photo
account role account
resolution resolution
beer beer
sister sister
woman woman
context context
complaint complaint
competition competition
driver driver
rate rate
average average
focus focus
style style
population population rock
object object
example example
