a1 a5 a6 a150 a149 a145 a146 a147 a148 a149 a150 a22 a182 a181 a177 a178 a179 a180 a181 a182 a118 a86 a70 a6 a102 a101 a102 a118 a117 a116 a115 a114 a113 a117 a118 a6 a5 a6 a38 a37 a38 a70 a69 a70 a166 a86 a85 a81 a80 a81 a85 a86 a38 a70 a69 a70 a102 a101 a102 a54 a53 a49 a48 a44 a43 a187 a188 a189 a188 a187 a155 a154 a153 a157 a156 a155 a107 a123 a122 a121 a125 a124 a123 a187 a186 a187 a107 a108 a109 a108 a107 a27 a28 a29 a25 a26 a27 a107 a106 a107 a139 a140 a141 a140 a139 a123 a59 a171 a170 a169 a168 a164 a163 a162 a161 a160 a156 a155 a107 a91 a11 a139 a171 a43 a42 a41 a45 a44 a43 a59 a91 a155 a75 a76 a77 a73 a72 a71 a70 a134 a54 a6 a5 a6 a22 a21 a22 a70 a69 a65 a64 a63 a62 a61 a57 a58 a59 a91 a90 a89 a93 a89 a88 a84 a85 a86 a134 a133 a129 a130 a131 a132 a136 a137 a138 a139 a11 a10 a9 a13 a12 a16 a17 a18 a19 a20 a21 a22 a182 a150 a166 a167 a168 a169 a173 a172 a171 a27 a26 a25 a24 a20 a21 a22 a6 a5 a1
84
a1 a1 a3
a5 a4
a6 a6
a9 a9
a11 a11
a12 a12
a13 a14
a17 a17
a19 a19
a20 a20
a22 a22
a25 a25
a27 a27
a28 a28
a29 a30
a37 a33 a35 a36
a38 a38
a41 a41
a43 a43
a44 a44
a45 a46
a49 a49
a53 a51 a52
a54 a54
a57 a57
a59 a59 a60
a62 a62
a65 a65
a69 a67 a68
a70 a70
a73 a73
a75 a75
a76 a76
a77 a78
a81 a81
a84 a83 a84
a86 a86
a89 a89
a91 a91 a92
a93 a94
a101 a97 a99 a100
a102 a102
a107 a107
a108 a108
a109 a105 a110
a113 a113
a115 a115
a116 a116
a118 a118
a121 a121
a123 a123
a124 a124
a125 a126
a129 a129
a131 a131
a132 a132
a134 a134
a137 a137
a139 a139
a140 a140
a141 a142
a145 a145
a147 a147
a148 a148
a150 a150
a153 a153
a155 a155
a156 a156
a157 a158
a161 a161
a163 a163
a164 a164
a166 a166
a169 a169
a171 a171
a172 a172
a173 a174
a177 a177
a179 a179
a180 a180
a182 a182
a187 a187
a188 a188
a189 a185 a190
