Bowles Calvin Bowles Birge Bechtel Cory Extension Cory Jacob Foothill Jacob TopDog GammaPhiBeta TopDog Starbucks Chipotle Starbucks TopDog Fenwick Barker Fenwick TopDog Jacob Hertz CVStarr Unit3 CKerr Unit3 CVStarr Hertz Jacob Evan Blackwell McLaughlin GenPlantBio McLaughlin Blackwell Evan Jacob Cory Stanley LeConte RSF LeConte Stanley Campbell Stanley Cory Bechtel Wilde StrawberryCreek Wolf Unit2 Milano IndianRock Milano Unit2 Greek Stebbins Safeway Warren Tan Hargrove BearFoodCourt SigmaPhiOmega Evan Moffitt Cloyne Moffitt Evan Jacob Cory Bechtel Baker Strada Baker Bechtel Cory Stanley LeConte Campanile Bongo Artichokes Cheeseboard Artichokes Bongo Campanile LeConte VLSB Chez NorthGate Chez VLSB Boalt Kresge Gregoire Kah Sutardja Wellman Moses RareTea Gypsys RareTea Moses Stanley Cory Bechtel Latimer Mulford Latimer Edwards Latimer South Pimentel Stacks Pimentel South Latimer MLK Rochdale MLK Hearst Jacob Foothill Haviland Morgan Haviland Foothill Dwinelle Haas Crossroads Lawrence UCTheatre Lawrence Crossroads Haas Dwinelle HearstAnnex Dwinelle Foothill Davis Browns Davis Hildebrand Davis Foothill Jacob Cory Stanley LeConte ALS LeConte Campanile Wurster McCone Spats Stonefire PiLambda Stonefire Spats McCone Wurster Campanile LeConte VLSB LeConte Stanley Cory Bechtel Minor Memorial AlphaSigmaPhi Memorial Maxwell Memorial Minor Bechtel Birge Bowles
55
Evan Evan
Foothill Foothill Unit1
Campbell Campbell Doe Koshland
Birge Birge
Campanile Campanile
Bowles LaVals
Moses Moses
VLSB VLSB
Wellman Wellman
Mulford Mulford Crescent
HearstAnnex HearstAnnex Lothlorien
RSF RSF
Haas Haas Pavilion
Boalt Boalt
Wurster Wurster Zellerbach
Blackwell Blackwell
Memorial TacoBell
Greek Greek
Maxwell Maxwell Barrows
Calvin Calvin Etcheverry Graduate
Sutardja Sutardja
Kresge Kresge PeoplesPark Castro
Hildebrand Hildebrand YogurtPark
Morgan Morgan Martinez
Baker Baker Simons Daiso
Unit2 Unit2
Unit3 Unit3
CKerr CKerr WayWest Ridge
Stacks Stacks Sherman
Bongo Bongo ShengKee
Strada Strada RoseGarden
Edwards Edwards Easterly
Crossroads Crossroads
Browns Browns
Safeway Safeway
Gypsys Gypsys
Rochdale Rochdale
Cloyne Cloyne
Wilde Wilde
Wolf Wolf
Spats Spats
Chipotle Chipotle MFoundry
IndianRock IndianRock
NorthGate NorthGate
Extension Extension
UCTheatre UCTheatre NCEM
Cheeseboard Cheeseboard
StrawberryCreek StrawberryCreek
GenPlantBio GenPlantBio
Barker Barker
BearFoodCourt BearFoodCourt
AlphaSigmaPhi AlphaSigmaPhi
GammaPhiBeta GammaPhiBeta
PiLambda PiLambda PiAlphaPhi
ALS ALS
