Wheeler Evans Morrison Greek Lewis Kroeber Wurster Kroeber Hertz Morrison Evans Latimer Stanley Latimer Etcheverry VLSB Moffitt Soda Sather Soda Cheit Normandy Kresge Davis Hearst Cafe3 Cloyne WayWest GBC Anthony HearstAnnex Stephens South McLaughlin Memorial Minor Haas Faculty FSM Baker CZ Baker McCone BigC Pavilion Simons Koja Simons Pavilion BigC McCone Baker FSM Faculty Haas Minor Maxwell MemorialStadium Maxwell Minor Haas Minor Memorial Haviland Campbell Birge LeConte Campanile Doe Wheeler Sproul Wheeler
29
Stanley Foothill
Moffitt Moffitt
Haviland RSF
Birge Birge
Morrison Morrison
Stephens Moses
Wheeler Dwinelle
Haas Stonefire Haas
Wurster Boalt
Memorial IHouse
Sproul Sproul
Greek Bechtel Jacobs
MemorialStadium Hargrove
McLaughlin McLaughlin
Kroeber Kroeber
Etcheverry Etcheverry
Anthony Anthony
Sather Martinez Barker Unit3 OCF
Cheit Cheit
WayWest Metropolitan Warren
Cloyne Cloyne
Davis Davis
Hearst Hearst
McCone CKerr
Baker Baker
CZ Fiji
Pavilion PeoplePark
Simons Unit2
Koja Legends TriDelta
