0 100 101 111 178 111 101 113 101 108 160 108 101 100 104 100 0 31 64 7 64 11 58 11 3 4 3 51 3 31 89 31 25 17 5 65 70 17 68 17 13 0 57 0 100 103 128 103 100 105 100 107 153 107 100 102 100 101 115 196 115 101 109 101 116 198 116 101 115 194 115 101 112 101 110 172 110 101 100 106 100 0 17 80 66 80 17 77 81 12 86 10 20 3 29 75 3 4 3 0
48
3 56
4 14 87 63 96 49 4
5 42 5
7 7
10 83 99 10
11 55
12 62
13 13
17 17
20 20 43
25 25 24 59
29 29
31 35 31 53
51 51
57 57 21
58 58
64 72
65 65
66 66
68 44 68
70 70
75 18 28 54 75
77 77 22
81 81 82
86 90 85 86 98
89 26 1 89
100 100
101 117 101
102 124 123 118 121 102
103 130 127
104 104 136
105 138 105
106 147 149 106 142 145 144 146
107 152 151
108 156 158 154
109 167 109
110 169 175 171 173 168
111 177
112 182 180 112 179
113 189 188 113
128 128
153 153
160 160
172 172
178 178
194 194
196 196
198 198
