86 125 49 12 48 143 25 64 40 58 40 149 39 161 151 88 32 157 32 42 76 111 113 147 73 58 93 114 8 79 61 71 61 107 81 172 81 95 57 95 156 39 133 55 66 180 19 3 54 114 67 22 68 25 64 40 15 199 88 84 62 98 5 103 117 70 147 186 178 93 67 86 120 186 139 47 18 88 181 143 127 87 60 154 180 53 115 112 10 127 92 43 185 23 7 119 63 145 167 65 167 145 7 171 75 63 128 86
64
5 5
8 8
10 10
12 123 138 179
19 19
22 22
25 44 140 153 158 183
32 126 159 175
39 177
40 38
42 1 11
47 41 82
48 48
49 14 122
53 53
54 54
55 132
57 57
58 26 28 97 116
61 51 69 189
62 89 110
63 74
64 64
65 146
66 66
67 2 198
68 35 90 100
71 71
73 73
75 75
76 76
79 21 30 137
84 84
86 150 169
87 87
88 27
92 92
93 93
95 72 148
98 173
107 107
111 121 129
113 113 174
114 52 94 105
117 117
120 120
125 125
133 36 152
139 139
143 6
145 145
147 45 91 101
149 149
151 17 160 192 194
154 154
156 156
157 157
161 13 163 184
172 56
180 106
181 181
185 185
186 196
199 199
