110 26 103 199 154 147 126 107 0 29 28 90 77 38 142 98 189 148 178 20 25 41 192 40 170 14 131 6 140 51 141 18 19 52 53 175 152 64 96 50 56 182 85 87 39 55 138 3 127 171 11 176 13 160 74 172 92 54 73 45 47 169 197 66 60 100 72 44 168 124 81 159 181 190 122 145 91 67 99 195 163 15 132 79 36 1 22 165 83 101 43 123 193 5 161 110
95
0 0
1 1
3 3
5 5
6 6
11 11
13 13
14 14
15 15
18 18
19 19
20 20
22 22
25 25
26 26
28 28
29 29
36 36
38 38
39 39
40 30 94 40
41 41
43 43
44 44
45 45
47 47
50 50
51 51
52 52
53 53
54 54
55 55
56 56
60 60
64 64
66 66
67 67
72 72
73 73
74 74
77 77
79 79 149
81 81
83 83
85 85
87 87
90 90
91 91
92 92
96 96
98 98
99 99
100 100
101 101
103 103
107 107
110 110
122 122
123 123
124 124
126 126
127 127
131 131
132 132
138 138
140 140 121
141 141
142 142
145 145
147 147
148 148
152 152
154 154
159 159
160 160
161 161
163 163
165 165
168 168
169 169
170 170
171 171
172 172
175 175
176 176
178 178
181 181
182 182
189 189
190 190
192 192
193 193
195 195
197 76 197
199 199
