1 8 137 33 150 69 31 116 47 88 110 49 159 143 50 80 151 83 60 53 102 130 87 144 75 193 86 139 36 129 184 141 106 85 9 57 169 103 35 101 21 177 97 171 136 156 161 138 127 51 6 99 157 16 140 126 10 55 165 34 42 84 56 174 20 167 111 59 92 182 74 189 41 77 61 95 198 200 70 82 162 26 133 68 131 27 81 176 37 44 2 13 3 89 164 124 58 1
97
1 1
2 2
3 3
6 6
8 8
9 9
10 10
13 13
16 16
20 20
21 21
26 26
27 27
31 31
33 33
34 34
35 35
36 36
37 37
41 41
42 42
44 44
47 47
49 49
50 50
51 51
53 53
55 55
56 56
57 57
58 58
59 59
60 60
61 61
68 68
69 69
70 70
74 74
75 75
77 77
80 80
81 81
82 82
83 83
84 84
85 85
86 86
87 87
88 88
89 89
92 92
95 95
97 97
99 99
101 101
102 102
103 103
106 106
110 110
111 111
116 116
124 124
126 126
127 127
129 129
130 130
131 131
133 133
136 136
137 137
138 138
139 139
140 140
141 141
143 143
144 144
150 150
151 151
156 156
157 157
159 159
161 161
162 162
164 164
165 165
167 167
169 169
171 171
174 174
176 176
177 177
182 182
184 184
189 189
193 193
198 198
200 200
