31 74 4 160 7 32 134 138 110 148 83 80 28 9 108 93 147 49 67 86 22 103 27 106 123 117 66 14 115 81 13 131 38 77 42 114 48 99 156 21 45 94 149 82 152 88 143 90 47 60 64 35 125 89 127 112 146 52 46 12 120 33 29 57 34 20 141 119 6 30 69 105 137 167 196 175 168 188 164 173 198 170 184 195 169 171 197 180 179 199 186 128 65 31
92
4 4
6 58 6
7 7
9 9
12 12
13 13
14 14
20 20
21 21
22 22
27 27
28 28
29 29
30 30
32 32
33 33
34 34
35 35
38 38
42 42
45 45
46 46
47 47 121
48 48
49 78 49
52 52
57 57
60 60
64 64
65 65
66 66
67 67
69 69
74 74
77 77
80 80
81 81
82 82 140
83 83
86 86 68
88 88
89 89
90 90
93 93
94 94
99 99
103 103
105 105
106 106
108 108
110 110
112 112 107
114 114
115 115
117 117
119 119
120 120
123 123
125 125 151
127 127
128 128
131 131
134 134
137 137
138 138
141 141
143 143
146 146
147 147
148 148
149 149
152 152
156 156
160 160
164 164
167 167
168 168
169 169
170 170
171 171
173 173
175 175
179 179
180 180 191
184 184
186 186
188 188
195 195
196 196
197 197
198 198
199 199
