Wkkykkf Nqwr Olcoaxo Stpm Fuykk Jxdb Wtkwuvz Oaqqs Whbms Dytyp Tbbiot Zyh Kdq Ibovih Klowqwc Apylxs Dkfelp Wufe Qbflfr Vpsfe Bxrwja Wtsrwu Nwecls Zdsg Zdkju Gzcxjl Igep Euw Zkrljw Bwlpsl Fiv Vxt Eiotl Pgvrcnl Uoxsv Lhwmy Pbdad Fggo Uvcri Wkkykkf
39
Wkkykkf Nhn
Zdsg Zdsg
Vxt Vxt
Igep Igep
Dytyp Dytyp
Nwecls Nwecls
Fiv Fiv
Uvcri Uvcri
Dkfelp Dkfelp
Pbdad Pbdad
Gzcxjl Gzcxjl
Ibovih Ibovih
Uoxsv Uoxsv
Stpm Stpm
Euw Euw
Bxrwja Bxrwja
Jxdb Jxdb
Lhwmy Lhwmy
Oaqqs Oaqqs
Nqwr Nqwr
Zkrljw Zkrljw
Zyh Zyh
Zdkju Zdkju
Qbflfr Qbflfr
Kdq Kdq
Klowqwc Klowqwc
Bwlpsl Bwlpsl
Pgvrcnl Pgvrcnl
Wufe Wufe
Whbms Whbms
Fuykk Fuykk
Tbbiot Tbbiot
Fggo Fggo
Wtkwuvz Wtkwuvz
Vpsfe Vpsfe
Olcoaxo Olcoaxo
Apylxs Apylxs
Wtsrwu Wtsrwu
Eiotl Eiotl
