142 167 151 181 153 181 91 78 186 17 171 63 131 53 24 76 48 137 66 106 111 90 143 77 160 108 148 46 4 174 3 91 181 18 103 28 9 92 16 177 126 12 197 38 118 190 183 0 26 149 22 185 5 115 39 188 83 93 118 93 151 159 45 8 163 100 34 175 130 65 141 99 150 21 59 164 97 135 171 140 30 139 153 181 18 103 6 128 122 64 69 158 195 178 52 134 14 9 136 47 136 9 33 133 41 103 18 181 153 139 145 72 27 147 58 121 142
54
3 3
4 4
8 31
14 14
16 16
21 21 157
22 22
30 30
33 33
34 34
38 38
39 39
41 41
46 46
47 7
48 48
58 58
63 63
64 64
66 44
69 69
76 76
77 77
78 124 60
90 90
91 91
92 70
93 93
97 97
103 89
106 106 127
108 108
115 115
121 121
131 35
133 133
137 137
140 129 140
141 141
145 145
150 150
151 144 151
153 23
158 158
159 159
167 167
174 174
177 177
178 178
181 181
183 183
186 186 55
195 195
197 197
