5 14 23 14 63 14 5 33 68 17 12 18 178 18 12 150 191 150 12 25 43 183 43 25 37 22 58 86 109 86 41 48 75 50 75 59 101 59 95 121 95 59 118 126 118 59 45 37 44 106 44 11 85 11 27 53 123 131 140 131 123 53 40 92 40 36 82 179 82 36 17 55 57 55 65 7 35 7 77 9 10 160 10 15 163 15 30 1 70 105 70 1 0 51 0 3 31 39 88 168 88 39 8 21 32 91 90 74 96 54 20 19 52 143 144 176 180 176 144 143 52 80 52 56 102 56 52 19 69 145 69 19 5
44
1 177
9 9
11 113
14 196
19 169
21 21
23 23 103
27 27
31 31
32 32
35 35
45 45 152
50 50
51 51
54 54
57 57
58 58
59 76 127
63 63
68 68 155
77 77
80 80
85 85
91 91
92 92
96 96
101 101 104 111
102 102
105 105
106 106
109 109 130
121 121
126 126
140 140
145 145
160 160
163 163
168 168
176 176
178 178
179 179
180 180 194
183 183
191 191
