lQCi69J0eWVlNqqKnSXq 24jW8KIc1KJpj5ibhLpV sNxtKpoSG9BFpERxjNr1 NdzV8TNRFhnjMNZlaGI4 sNxtKpoSG9BFpERxjNr1 Ov5tQy1KeHsti8dfTOIQ sAR5WnnNshpkwOniAudb Ov5tQy1KeHsti8dfTOIQ 5j3nVbxEAEFTUe3GDbN0 z8GF8LystXVXiuprVyTh 5j3nVbxEAEFTUe3GDbN0 ivkDNojPLqpGb4cpDTON yXTGXN4mJmD1MMnwU5DV ivkDNojPLqpGb4cpDTON HdqcKlipoTYMzJchffld IR7mOQhWXsCDKM4Cc4wS HdqcKlipoTYMzJchffld r3dhOjzNOGrPmQjmHU4D 5RtoZI2od7I5NUCXiQ20 r3dhOjzNOGrPmQjmHU4D wlKpBtU5YVdE9Uq6V4z5 Ts2UPoejx7dwuInV9kms wlKpBtU5YVdE9Uq6V4z5 TULA7h1TJjCcU7b7ewMK XeZKiAoyYZL9P7yBThlM TULA7h1TJjCcU7b7ewMK EP0h2hGKZhLlRDvb1dHn m3HnuJcMZr0UjXE6y0Yj EP0h2hGKZhLlRDvb1dHn yytanXsBcYsWB0S4zr6x TDEVUkFlcjUpqrP6Bynx yytanXsBcYsWB0S4zr6x 2fRxkCAZVyHGHkq3Bl9E AeT8ezBVfSNgGpCCNvM1 2fRxkCAZVyHGHkq3Bl9E GzTC6SyDfi06snBYRanw tqCzeJHrHXSMuAlQdk95 GzTC6SyDfi06snBYRanw 6WjkeAWWKDbY507hYxDN lQCi69J0eWVlNqqKnSXq
24
TULA7h1TJjCcU7b7ewMK u4CAydwAhszp7tM3ILy0 pStp5oJ3mwz5HNV7VA81
sAR5WnnNshpkwOniAudb sAR5WnnNshpkwOniAudb
GzTC6SyDfi06snBYRanw sX8C3CP6kza3VNKEcdNn sC8YSc2m8uVyLGRtJAJm
XeZKiAoyYZL9P7yBThlM XeZKiAoyYZL9P7yBThlM
m3HnuJcMZr0UjXE6y0Yj m3HnuJcMZr0UjXE6y0Yj
2fRxkCAZVyHGHkq3Bl9E zdGOEur0Se3VWD6mlq5H CR5QbErmAVyIHQJyDFi9
Ts2UPoejx7dwuInV9kms Ts2UPoejx7dwuInV9kms
z8GF8LystXVXiuprVyTh z8GF8LystXVXiuprVyTh
r3dhOjzNOGrPmQjmHU4D zbjpBk6LD1KcRmfqCimG ji2Hl3ZRuTNdz55QI9iS
IR7mOQhWXsCDKM4Cc4wS IR7mOQhWXsCDKM4Cc4wS
Ov5tQy1KeHsti8dfTOIQ Rl9sd4PENsPVd55C9qNS jsvSfTN8RLw8M7n8jb8D
ivkDNojPLqpGb4cpDTON aAHnKpmemgrMwy9POpn9 V6XJoCUDWAqZklsSLeM6
yXTGXN4mJmD1MMnwU5DV yXTGXN4mJmD1MMnwU5DV
5RtoZI2od7I5NUCXiQ20 5RtoZI2od7I5NUCXiQ20
NdzV8TNRFhnjMNZlaGI4 NdzV8TNRFhnjMNZlaGI4
sNxtKpoSG9BFpERxjNr1 55xYloQMeVs9kVzx8cN5 dSR37cF2irO0NLfFwZy0
wlKpBtU5YVdE9Uq6V4z5 vnCWjVmMdmciaoCYnqW8 kdGczSrviM1C416w1kdh
AeT8ezBVfSNgGpCCNvM1 AeT8ezBVfSNgGpCCNvM1
TDEVUkFlcjUpqrP6Bynx TDEVUkFlcjUpqrP6Bynx
HdqcKlipoTYMzJchffld h4lv4AWoIyOY4fsmP5xB G1Ecvcz8fZufY9CV0J2K
yytanXsBcYsWB0S4zr6x 0jsnTC6pUdifVPvCGLLe 0LTuG9BRd9b62kO39lM2
tqCzeJHrHXSMuAlQdk95 tqCzeJHrHXSMuAlQdk95
5j3nVbxEAEFTUe3GDbN0 76IyG9JBAhW2KiBt5QKY 9ZAwlDiWc0OkYVLdPP18
EP0h2hGKZhLlRDvb1dHn Q6Q14vRaFSx82FDA8F9j lfvGd547iXhkHQ8AjYpO
