zMnoKpsz12d1Y6CixoCL hdXOmxRAbu0HN40emwgb RLriJ3z2V3NV2Vo1oURR dakEfF8eF1B4IYsSGGLe yE3wNgUIJB0oZwUjLCMo dakEfF8eF1B4IYsSGGLe 1Tm2BSSz9mj8o3m9o0TB ZcpnIKUrL8i4GzxAolZX 1Tm2BSSz9mj8o3m9o0TB UkKARQyd3ZxfrQwOeW0R u91JdIwHTd2zumpXCvmK UkKARQyd3ZxfrQwOeW0R fat0ktgmwPXvqLhmWfJ0 qSLkk45Evo68Y4JhMUq7 fat0ktgmwPXvqLhmWfJ0 GhNWfyijkz8OKJbptIGO EvdCmEq3CXPDtnZYkiVu GhNWfyijkz8OKJbptIGO TuA4wNSOMjTMUxZ5fZWx jdgXkfbupFQ0XUNJEyvU TuA4wNSOMjTMUxZ5fZWx IcoYVabhkC8yNYJgy44V U8fsnzMIN4aMdzToihTq IcoYVabhkC8yNYJgy44V UkKARQyd3ZxfrQwOeW0R OcyqfDTyG7wfT1rvpitz G6KTAOxQU8MNiSLazU1t OcyqfDTyG7wfT1rvpitz hH5yU5IgxmmStVnXEBJ1 Y2BEa9hp0T63SlTWXenG hH5yU5IgxmmStVnXEBJ1 FwLnZPETaUkrkp7dE0hH 9c21VhIQJbtu6kG4NZT4 FwLnZPETaUkrkp7dE0hH 50qWynRev5CSErzk8Yih Vkpfkc0JUDpakJkZipKD 50qWynRev5CSErzk8Yih g6l3PryZJRSAXJGUyq22 RvFA5khunRjN3Z7dmUKr g6l3PryZJRSAXJGUyq22 WCUwzDEkBlRrgSeSv9vv ofmz95sRAyIS0ShQndvb WCUwzDEkBlRrgSeSv9vv QHym2s92VJ8ycxMeFawz QFT8yfDPa0xDNdRMchX3 QHym2s92VJ8ycxMeFawz ybqDdUoaPknlNwzZFeto FHGlzd4VlMUVjTba9Qjm ybqDdUoaPknlNwzZFeto kHWDWFJURX8TBbDnLSlR W8ft2Hcg1VXPVNTpprS3 kHWDWFJURX8TBbDnLSlR hzqXRQPGO5tnMpQYDdxn bclRgmmOqfg3PHQz06qB hzqXRQPGO5tnMpQYDdxn JOo21iuZtHvP9sSModQZ T7hLF9jTtc4htoAH0PWD JOo21iuZtHvP9sSModQZ 5jE3DcSbPJWRITx0u2Kf NieXnWTTyXxCRp5CSl0i 5jE3DcSbPJWRITx0u2Kf RIRtIJewArUY7i7A6OEl cthtNVKVABeolrPabegT RIRtIJewArUY7i7A6OEl JOo21iuZtHvP9sSModQZ e7oVwvEXzQVG9DeK8uQS olgHJpCT79b6HED7FUWa e7oVwvEXzQVG9DeK8uQS BVbv363irLjfCXrWQjqn nfdt04yvrwrpPVPzIy2c BVbv363irLjfCXrWQjqn YqOJXOtRcgzFFRGKRutM HAc1Ylu9mrUmnheKISnK YqOJXOtRcgzFFRGKRutM oJor9EUgXhaXPDmChml7 FDT7h4JKMRWa9fcDNmXs oJor9EUgXhaXPDmChml7 B56U06r3nz3RZaXVmiK2 Y0dqIYSR4P9Br1Cq3f9U B56U06r3nz3RZaXVmiK2 jS5XJP3bXemMgWyvfsmt Vv2apUMOUSvB9J5u8yJr jS5XJP3bXemMgWyvfsmt M3MAG2lM6nUmTjQ3nD4D GfpGWz1SaDeisCQVEJrI M3MAG2lM6nUmTjQ3nD4D EFVi1RMWM28DYYdOxVze WErCaTW8MMgw3ZAta1gT zMnoKpsz12d1Y6CixoCL
54
kHWDWFJURX8TBbDnLSlR mTYxpEwVJTp369cmBN7S dUDrtIP8WIldh2FT7uba
ZcpnIKUrL8i4GzxAolZX ZcpnIKUrL8i4GzxAolZX
ybqDdUoaPknlNwzZFeto WELPo1XEQnG4JejlB13A z6gtkXCB2ntSiYsjrque
JOo21iuZtHvP9sSModQZ oDA5VKbLZuTPP2ZEB14d QmCq2RCVgnssPOgSwAr8
yE3wNgUIJB0oZwUjLCMo yE3wNgUIJB0oZwUjLCMo
UkKARQyd3ZxfrQwOeW0R OMLAPgVr1RosMrpENk9K JKKWZrMfMDLTYQt6t5Ap
jS5XJP3bXemMgWyvfsmt CcIlGrru613gqyngyuYo ZSg6FSZaRCTLmeHoLgMI
TuA4wNSOMjTMUxZ5fZWx JzMVZjOikutQZg00S8wX WdpiLe9uZpnuS9WMphYw
NieXnWTTyXxCRp5CSl0i NieXnWTTyXxCRp5CSl0i
dakEfF8eF1B4IYsSGGLe 9XhdonQsTDmLQknJ4xeP YIAlamFOfZeHd5qDll32
B56U06r3nz3RZaXVmiK2 MyPRIiIVlLarPoP5nZfy xBNbU9Yu51mQvClxjQdr
bclRgmmOqfg3PHQz06qB bclRgmmOqfg3PHQz06qB
G6KTAOxQU8MNiSLazU1t G6KTAOxQU8MNiSLazU1t
T7hLF9jTtc4htoAH0PWD T7hLF9jTtc4htoAH0PWD
IcoYVabhkC8yNYJgy44V dBvruVRsFq4ihmzPj7nf GaG5DAqLVuTD09GfUl6l
OcyqfDTyG7wfT1rvpitz sNJuS4R6b6KAUX5QI4md uqAmYQiu3O0THeAaPzKH
g6l3PryZJRSAXJGUyq22 2DqN6NYyebkVczAnrbNI Armxs904ujfdAYn9LtOF
RvFA5khunRjN3Z7dmUKr RvFA5khunRjN3Z7dmUKr
e7oVwvEXzQVG9DeK8uQS ARorC1kPdEun4czh3dmX bUGtOHLCdzsNiRxcLtaT
FDT7h4JKMRWa9fcDNmXs FDT7h4JKMRWa9fcDNmXs
WCUwzDEkBlRrgSeSv9vv 15e7umNMnawEegsOhkYh 5cjkSqVe5mFfFhCgwe8r
fat0ktgmwPXvqLhmWfJ0 mNuLv0WHsIRpWEdSUREd mUERvxQcAO2XlgBTPRGA
YqOJXOtRcgzFFRGKRutM JPD2uBroiElzO4z72vhQ Ryx97mzVLWHytqmLAKlJ
jdgXkfbupFQ0XUNJEyvU jdgXkfbupFQ0XUNJEyvU
QHym2s92VJ8ycxMeFawz KP4zLIZ5LMWJ6mkRn6BX pkPHvGrHHriGlmiL3mRW
nfdt04yvrwrpPVPzIy2c nfdt04yvrwrpPVPzIy2c
W8ft2Hcg1VXPVNTpprS3 W8ft2Hcg1VXPVNTpprS3
5jE3DcSbPJWRITx0u2Kf gM8AHyLc0ZjUxmDMuXzJ 9q9h29089dBsNERnjXsd
GfpGWz1SaDeisCQVEJrI GfpGWz1SaDeisCQVEJrI
QFT8yfDPa0xDNdRMchX3 QFT8yfDPa0xDNdRMchX3
FHGlzd4VlMUVjTba9Qjm FHGlzd4VlMUVjTba9Qjm
Vv2apUMOUSvB9J5u8yJr Vv2apUMOUSvB9J5u8yJr
u91JdIwHTd2zumpXCvmK u91JdIwHTd2zumpXCvmK
M3MAG2lM6nUmTjQ3nD4D PrzulPuk0tqiNKmdjp0X z2nBS9pweVYpDmW0fMRS
olgHJpCT79b6HED7FUWa olgHJpCT79b6HED7FUWa
GhNWfyijkz8OKJbptIGO lcq8BXTLE4WDnj4JF3yo VxRxz5foWagBafuSz1m4
Y2BEa9hp0T63SlTWXenG Y2BEa9hp0T63SlTWXenG
1Tm2BSSz9mj8o3m9o0TB 07iKiKtYzy9bLoKUo0ve 5VNO6t8qAcR3d5jJgfi4
RIRtIJewArUY7i7A6OEl szEChRtMF49nUq5i634G FqxzURcIHYyg2FOpiXCN
ofmz95sRAyIS0ShQndvb ofmz95sRAyIS0ShQndvb
hH5yU5IgxmmStVnXEBJ1 3mTCmcCkVhhFn533BM03 oougNPfNRCSRCWJrOUlb
qSLkk45Evo68Y4JhMUq7 qSLkk45Evo68Y4JhMUq7
FwLnZPETaUkrkp7dE0hH ZvocIzADG7dBR58wmnu8 KBGTLYOWLSviflcWwd9y
Y0dqIYSR4P9Br1Cq3f9U Y0dqIYSR4P9Br1Cq3f9U
U8fsnzMIN4aMdzToihTq U8fsnzMIN4aMdzToihTq
HAc1Ylu9mrUmnheKISnK HAc1Ylu9mrUmnheKISnK
9c21VhIQJbtu6kG4NZT4 9c21VhIQJbtu6kG4NZT4
Vkpfkc0JUDpakJkZipKD Vkpfkc0JUDpakJkZipKD
oJor9EUgXhaXPDmChml7 TzlCRBgA0Q2cCjETm7Vx C3qGKxHtliSTI7oOnHoB
hzqXRQPGO5tnMpQYDdxn XKYNaFpYuIx7Zx7vNANa 8s4ukhLgGBoor0D87KUr
cthtNVKVABeolrPabegT cthtNVKVABeolrPabegT
50qWynRev5CSErzk8Yih QTgsp1BfPDsixeeH6QUT 3fQHkf8pseCy7Ys4Kez5
EvdCmEq3CXPDtnZYkiVu EvdCmEq3CXPDtnZYkiVu
BVbv363irLjfCXrWQjqn MDHuBmBbeFOGqzpuNmVz 34ScKN0pHkNmnxdkoIOC
