Encanto Sherman City Moccasin Homestead Jane Smoke Mount Warner Quail Banning Welden McAuley Glencoe Presidio Shafter Delta Vernon Woodbridge Cypress Elmira Granite Yurok Forest Foothills Santa Green Chinese Clayton Two Cabbage Vista Ramona Pumpkin Beach Los Riverside Costa Laguna Ames Alpaugh Willow Garden Woffard Richvale Kern Kentfield Cherokee Bonita All Encanto
50
Woffard Woffard
Banning Banning
Laguna Laguna
Clayton Clayton
Ames Ames
Warner Warner
Kentfield Kentfield
Ramona Ramona
Santa Santa
Richvale Richvale
Kern Kern
Smoke Smoke
Garden Garden
Vista Vista
Delta Delta
Elmira Elmira
Presidio Presidio
Welden Welden
Sherman Sherman
All All
Chinese Chinese
Yurok Yurok
Foothills Foothills
Granite Granite
Quail Quail
City City
Los Los
Pumpkin Pumpkin
Riverside Riverside
McAuley McAuley
Mount Mount
Two Two
Homestead Homestead
Alpaugh Alpaugh
Woodbridge Woodbridge
Cypress Cypress
Cherokee Cherokee
Costa Costa
Encanto Encanto
Moccasin Moccasin
Glencoe Glencoe
Jane Jane
Vernon Vernon
Green Green
Shafter Shafter
Beach Beach
Forest Forest
Willow Willow
Cabbage Cabbage
Bonita Bonita
