loc0 loc63 loc193 loc25 loc49 loc21 loc117 loc175 loc39 loc19 loc159 loc7 loc191 loc91 loc173 loc197 loc123 loc67 loc163 loc27 loc63 loc9 loc11 loc75 loc185 loc17 loc5 loc51 loc149 loc111 loc165 loc1 loc167 loc101 loc109 loc107 loc73 loc87 loc15 loc55 loc1 loc125 loc133 loc113 loc35 loc71 loc57 loc93 loc69 loc131 loc45 loc119 loc31 loc29 loc141 loc121 loc37 loc23 loc14 loc169 loc85 loc97 loc89 loc79 loc59 loc151 loc33 loc141 loc105 loc53 loc62 loc43 loc145 loc41 loc3 loc181 loc177 loc103 loc199 loc138 loc147 loc171 loc135 loc61 loc81 loc157 loc95 loc189 loc47 loc129 loc115 loc155 loc77 loc153 loc187 loc150 loc161 loc0
89
loc1 loc1
loc3 loc3
loc5 loc5
loc7 loc7
loc9 loc9
loc11 loc11
loc15 loc15
loc17 loc17
loc19 loc19
loc21 loc21 loc83
loc23 loc23
loc25 loc25 loc65 loc183
loc27 loc27
loc29 loc29
loc31 loc31
loc33 loc33 loc195
loc35 loc35
loc37 loc37
loc39 loc39
loc41 loc41
loc43 loc43
loc45 loc45
loc47 loc47
loc49 loc49
loc51 loc51
loc53 loc53
loc55 loc55
loc57 loc57 loc99
loc59 loc59
loc61 loc61
loc63 loc63
loc67 loc67
loc69 loc69
loc71 loc71
loc73 loc73
loc75 loc75 loc127
loc77 loc77
loc79 loc79
loc81 loc81
loc85 loc85
loc87 loc87
loc89 loc89
loc91 loc91
loc93 loc93 loc179
loc95 loc95
loc97 loc97
loc101 loc101
loc103 loc103
loc105 loc105
loc107 loc107
loc109 loc109
loc111 loc111
loc113 loc113
loc115 loc115
loc117 loc117
loc119 loc119
loc121 loc121
loc123 loc123
loc125 loc125
loc129 loc129
loc131 loc131 loc143
loc133 loc133
loc135 loc135
loc141 loc141
loc145 loc145
loc147 loc147
loc149 loc149
loc151 loc151
loc153 loc153
loc155 loc155
loc157 loc157
loc159 loc159
loc161 loc161
loc163 loc163
loc165 loc165
loc167 loc137 loc167
loc169 loc169
loc171 loc171
loc173 loc173
loc175 loc175
loc177 loc177
loc181 loc181
loc185 loc13 loc185
loc187 loc187
loc189 loc189
loc191 loc191
loc193 loc193
loc197 loc139 loc197
loc199 loc199
