Ippudo Platano Soda HildebrandHall NatApartment Rachas SutardjaDai ThaiBasil BrandyMelville FireTrails BrandyMelville ThaiBasil HesseHall EastBaySpiceCompany GSPP Wheeler AndrewsApartment Flavia SmokesPoutinerie Bowles Namaste StrawberryCreek Morganhall Jupiter LatimerHall Tilden Gather Spats WursterHall HearstGym Flavia AndrewsApartment GrizzlyPeak FoxTheater LittleBird HalalGuys Gadani Marugame BobbyGPizza InternationalHouse Raretea BanshoRamen LiKaShing Crossroads SouthHall Ucha YogurtPark Ucha SouthHall Crossroads LiKaShing Rachas NatApartment HildebrandHall TPTea Campanile LeConte AshaTeaHouse Bowles HearstAnnex Bowles AshaTeaHouse Barrows BerkeleyBart LaBurrita OptometryBuilding YogurtPark OptometryBuilding LaBurrita Unit3 Underhill SteamTrains JambaJuice Doe ThaiNoodle Cafe3 LewisHall SmokesPoutinerie Flavia PurpleKow PeoplesCafe SweetheartCafe Ikes Fengcha UniversityVillage TToust BobaNinja TennisCourts BancroftLibrary TennisCourts BerkeleyHigh Toss LaNote Homeroom Underhill HortonHall Shengkee LowerSproul Artichokes BerkeleyWayWest HappyLemon BerkeleyBart SproulHall Boalt Jupiter TopDog Firewings Quicklys BerkeleyArtStudio Mezzo HAAS Chipotle HearstMining Campbell Eureka Ikes Fengcha HavilandHall Bonchon Cinnaholic HortonHall Underhill Wikiwiki NoodleGirl MSRI Gongcha Ikes Eureka Campbell EastAsianLibrary LittleCampanile WindmillCoffee PokeBar Plentea ClarkKerr BSC TukTukThai DavisHall NorthHall Yifang Chipotle HearstMining Campbell EastAsianLibrary Gypsys Platano Ippudo
81
Wheeler Wheeler
Campanile Cornerstone ChezPanisse
LeConte AmoebaMusic
BancroftLibrary Cheeseboard
Campbell MemorialGlade
Barrows Safeway
HesseHall Kips Muraccis
HortonHall HortonHall
LatimerHall LatimerHall
LewisHall LewisHall
Morganhall Morganhall
NorthHall NorthHall
OptometryBuilding OptometryBuilding
AshaTeaHouse AshaTeaHouse SuperDuperBurgers
Bonchon Bonchon
Firewings Firewings
HappyLemon HappyLemon
Ucha Ucha
Artichokes Artichokes SnackShack
Gongcha Gongcha
Yifang Yifang
Fengcha Fengcha
SproulHall SproulHall
TPTea TPTea
StrawberryCreek StrawberryCreek
ClarkKerr ClarkKerr
Crossroads Crossroads
Cafe3 Cafe3
Raretea Raretea
Underhill Underhill
Marugame Marugame
Spats Spats
LowerSproul LowerSproul
WursterHall WursterHall
Shengkee Shengkee
Plentea Plentea
Chipotle Chipotle
EastAsianLibrary EastAsianLibrary
ThaiNoodle ThaiNoodle
Mezzo Mezzo
Ikes Ikes
PokeBar PokeBar
Quicklys Quicklys
TopDog TopDog
Gypsys Gypsys
SmokesPoutinerie SmokesPoutinerie TheDwight
ThaiBasil Milkbomb ThaiBasil
Eureka Eureka
BSC BSC
Platano Platano
EastBaySpiceCompany EastBaySpiceCompany
PeoplesCafe PeoplesCafe
JambaJuice JambaJuice
HalalGuys HalalGuys
Gadani Gadani
Wikiwiki Wikiwiki
Homeroom TheHabit Homeroom
LaNote TacoBell ExtremePizza LaNote
Rachas Rachas
BobaNinja BobaNinja
SweetheartCafe SweetheartCafe
TukTukThai TukTukThai Venus
Gather Gather
Jupiter Jupiter
GrizzlyPeak GrizzlyPeak
LaBurrita LaBurrita
AndrewsApartment AndrewsApartment UrbanOutfitters
BerkeleyArtStudio SaturnCafe BerkeleyArtStudio
BanshoRamen BanshoRamen
LittleCampanile LittleCampanile
Namaste Namaste
FireTrails MulfordHall
BobbyGPizza ImmThai
HearstAnnex Morrisonhall McDonalds Pappys
NatApartment BetaLounge
BerkeleyBart BigC TenderGreens
NoodleGirl Teazone
SteamTrains KroeberHall
Cinnaholic TripleRock Slivers
Flavia UCafe
YogurtPark SatherGate TraderJoes GreatChina Target
