Evans WursterHall Campbell Unit3 Spats Unit3 Bowles LeConte HortonHall UniversityVillage Wheeler Raretea Yifang BerkeleyWayWest AlumniHouse ImmThai Blackwell Underhill RSF Firewings RSF Chipotle ThaiNoodle Dwinelle MLK LatimerHall Plentea Doe SatherGate GreekTheatre Marugame Gilman BotanicalGardens ClarkKerr DavisHall LewisHall SproulHall Pappys Unit2 Barrows KroeberHall Bowles ZellerbachHall SatherGate GreekTheatre StrawberryCreek HearstMining VLSB HavilandHall BancroftLibrary LawrenceHall HappyLemon Moffit SouthHall Milkbomb MemorialGlade StrawberryCreek Unit1 HAAS Foothill Artichokes Evans Cory Evans
40
Doe Doe
HearstMining HearstMining
Wheeler Wheeler
LeConte LeConte
Moffit Moffit
Dwinelle Dwinelle
SouthHall SouthHall HesseHall
Gilman Gilman
Bowles Bowles HilgardHall
BancroftLibrary BancroftLibrary
Campbell DurantHall Campbell Eshelman
GreekTheatre GreekTheatre CanyonPool
BerkeleyWayWest BerkeleyWayWest
LawrenceHall LawrenceHall
Unit1 Unit1
Unit2 Stern Unit2
Unit3 Unit3
Foothill Foothill
VLSB VLSB
RSF RSF
Blackwell Blackwell
ZellerbachHall ZellerbachHall
MLK MLK HildebrandHall
Cory Cory
Barrows Barrows
HAAS BAMPFA HAAS
AlumniHouse AlumniHouse
BotanicalGardens BotanicalGardens
DavisHall DavisHall
UniversityVillage UniversityVillage
HavilandHall HavilandHall
HortonHall MemorialStadium
KroeberHall Etcheverry
Firewings CaliforniaHall InternationalHouse
SatherGate GiauqueHall
Marugame Campanile
Spats Boalt
Plentea Soda SutardjaDai
MemorialGlade Kresge
ThaiNoodle ThaiNoodle
