Horse0 Floppy64 Breakfast19 Soda57 Towel16 Breakfast42 Running77 Ring97 Cat13 Water52 Towel35 Allergies3 Solar58 Flowers98 Water52 Laptop36 Allergies4 Ice30 Prints23 Bird82 Whale22 Shelf25 Ice10 Toilet20 Bird93 Water66 Monster80 Rollers48 Book41 System90 Dislike51 Plus62 Post61 Ring45 Whale59 Printer53 Mail88 Ice32 Towel37 Dislike70 Water83 Websites81 Monster39 Monster71 BBQ86 Urine50 Leash68 Kitty14 Male84 Ice38 Leash89 Websites17 Rollers34 Shower15 Settings5 Shower11 Breakfast74 Horse0
48
Horse0 Horse0
Allergies3 Allergies3
Allergies4 Allergies4
Settings5 Settings5
Ice10 Ice10 Floppy63
Shower11 Shower11
Cat13 Cat13
Kitty14 Kitty14
Shower15 Shower15
Towel16 Towel16
Websites17 Websites17
Breakfast19 Breakfast19
Toilet20 Toilet20
Whale22 Whale22
Prints23 Prints23
Shelf25 Shelf25
Ice30 Ice30
Rollers34 Rollers34
Towel35 Towel35
Towel37 Towel37
Ice38 Ice38
Monster39 Monster39
Book41 Book41
Ring45 Ring45
Rollers48 Rollers48
Dislike51 Dislike51
Water52 Water52
Printer53 Printer53
Soda57 Soda57
Solar58 Solar58
Whale59 Whale59
Post61 Post61
Plus62 Plus62
Floppy64 Horse55
Water66 Water66
Leash68 Leash68
Monster71 Monster71
Breakfast74 Breakfast74
Running77 Running77
Websites81 Websites81
Bird82 Bird82
Male84 Male84
BBQ86 BBQ86
Mail88 Robot9 Mail88
System90 Comics49
Bird93 Bird93
Ring97 Ring97
Flowers98 Flowers98
