Shelf0 Toolbox153 Toilet13 Drugs184 Monster73 Websites4 Ice9 Solar162 Soda197 Plus78 Cone185 Fusion34 Websites94 Poop80 Fusion104 Solar71 Rollers63 Ring60 Plants118 Robot51 YouTube44 Ice41 Laptop19 Rollers95 Kitty98 Laptop125 Allergies176 Dislike143 Towel154 Leash136 Puppy133 Drugs39 Hnads116 System79 Drugs195 Light49 Solar192 Robot93 Solar130 Light30 Comics28 Book171 Comics113 Toolbox72 Monster175 Sink109 Dislike27 Flowers178 Settings75 System183 Kitty89 Nuclear35 Rollers14 BBQ36 Ice50 Urine97 Flowers178 Shower57 Clock61 Poop76 Mail6 Body55 Clock2 Puppy117 Ice165 Water38 Mail6 Comics107 Soap3 Ring82 Mail22 Allergies103 Cat163 Whale137 Ring169 Puppy140 Mail22 Male149 Urine124 Whale114 Robot164 Poop5 Printer188 Cat187 Whale31 Clock61 Post158 Whale126 Towel92 Dog168 Android196 Toolbox146 Light30 Nuclear18 System156 Soap53 Poop150 Leash77 Website190 Solar162 Kitty194 Hnads182 Urine108 Boat67 Shoe174 Shoes8 Dislike12 Shoe17 Water135 YouTube33 Crab83 Websites4 Shelf0
88
Shelf0 Shelf0
Clock2 Clock2
Websites4 Clock139 Websites4
Mail6 Mail6
Shoes8 Soap58 Shoes8
Ice9 Ice9
Dislike12 Dislike12
Toilet13 Toilet13
Rollers14 Rollers14
Shoe17 Shoe17
Nuclear18 Nuclear18
Laptop19 Laptop19
Mail22 Mail22
Dislike27 Dislike27 Book24
Light30 Light30
YouTube33 Allergies88
Fusion34 Fusion34
Nuclear35 Nuclear35
BBQ36 BBQ36 Urine20
Water38 Water38
Drugs39 Drugs39
Ice41 Shelf40 Ice41
Robot51 Robot51
Body55 Body55
Shower57 Shower57
Clock61 Clock61
Rollers63 Breakfast85
Boat67 Boat67
Solar71 Solar71
Toolbox72 Toolbox72
Monster73 Monster73
Settings75 Settings75
Poop76 Poop76
Leash77 Leash77
Plus78 Plus78
System79 System79
Poop80 Poop80
Ring82 Ring82
Crab83 Crab83 Soap64
Kitty89 Horse148 Kitty89
Towel92 Towel92
Robot93 Robot93
Rollers95 Rollers95
Urine97 Urine97
Kitty98 Kitty98
Allergies103 Allergies103
Fusion104 Fusion104
Comics107 Comics107
Sink109 Sink109 Shower47
Whale114 Whale114
Hnads116 Hnads116
Puppy117 Puppy117
Plants118 Plants118
Urine124 Urine124
Laptop125 Laptop125 Water29
Whale126 Whale126
Solar130 Solar130
Water135 Water135
Whale137 Whale137
Puppy140 Puppy140
Dislike143 Dislike143
Toolbox146 Toolbox146
Male149 Male149
Poop150 Poop150
Toolbox153 Toolbox153
Towel154 Towel154
System156 System156
Post158 Post158
Solar162 Solar162
Robot164 Robot164
Ice165 Ice165
Dog168 Dog168
Ring169 Ring169
Book171 Book171
Shoe174 Shoe174 Dog181
Monster175 Monster175
Allergies176 Allergies176
Flowers178 Flowers178
Hnads182 Hnads182
System183 System183
Cat187 Cat187
Printer188 Printer188
Website190 Website190
Solar192 Soda119 Solar192
Kitty194 Kitty194
Drugs195 Drugs195 Cat15
Android196 Android196
Soda197 Soda197
