Shower0 Robot49 Fence29 BBQ36 Ice30 Light1 Cat44 Toilet45 Ice42 Plants3 BBQ38 Toilet26 Prints25 Crab16 Nuclear43 Ring33 Soap14 Website21 Soda18 Prints46 Allergies7 Sink37 Android27 Puppy28 Boat48 Puppy28 Monster32 Elevator35 Laptop22 Puppy19 Websites24 YouTube4 Shower0
24
Light1 Light1
Plants3 Plants3
YouTube4 YouTube4
Allergies7 Allergies7
Crab16 Crab16
Soda18 Soda18
Puppy19 Puppy19
Laptop22 Laptop22
Prints25 Prints25
Toilet26 Mail41 Toilet26
Android27 Android27
Ice30 Ice30
Monster32 Monster32
Ring33 Ring33
Elevator35 Elevator35
BBQ36 BBQ36
Sink37 Sink37
BBQ38 BBQ38
Ice42 Ice42
Nuclear43 Nuclear43
Cat44 Cat44
Toilet45 Toilet45
Boat48 Cone13
Robot49 Robot49
