S A E J O W X 3 L 9 Y 11 G2 B2 C2 H2 I2 D2 E2 J2 O2 P2 V2 49 53 A2 57 62 68 82 Y3 X3 W3 C3 107 105 R3 T3 104 I3 D3 C3 W3 80 66 60 55 Z3 Z2 R2 T2 U2 A3 48 Z2 Y2 X2 W2 23 22 Q Q3 127 E3 F3 K3 J3 O3 77 G3 91 H3 84 71 64 P3 58 M3 N3 U3 130 73 X2 R 16 11 I 5 Y 5 Z 6 V N U 4 M 4 C B P 8 T 10 T 8 P F K F S
66
A A
B B
C C
E E
F F
P P
U D U
J J
K K
M M
N N
O O
T T
V V
W G W
X X
Z Z
I I
B2 B2
C2 C2
D2 D2
E2 E2 F2
L L
9 H
Y Y
G2 G2 L2
H2 H2 M2
I2 I2 N2
J2 J2
O2 O2
P2 K2 P2
R R
R2 R2
T2 T2
U2 U2
V2 V2
Q Q
W2 W2
X2 X2
Y2 Q2 Y2
Z2 Z2
A3 A3
Q3 Q3
Z3 Z3
57 B3
A2 A2
E3 E3
F3 F3
P3 P3
U3 U3
J3 J3
K3 K3
M3 M3
N3 N3 V3
O3 O3
W3 W3
X3 X3
Y3 Y3
G3 G3
91 L3
H3 H3
C3 C3
D3 D3
I3 I3
R3 R3
T3 T3
