GOld shoW now shoW AND YOURE AND gett head gett yep Know yep COuld see COuld On little On In and In ground colder ground you GEt you youre what youre shape Well shape stop alL stop GOld
25
Well Well
alL alL
now now
YOURE YOURE
Know Know
little little
colder colder
head head
see see
and and
GEt GEt
what what
GOld So Fed U say
shoW back brain mYself
AND once might YouLL
gett skate t break
yep rules show My
COuld well is chAnge
On shine sense GO
In bundled To Didn
ground about GET SHooting
you game strEEts shootinG
youre forehead Live hit
shape yOure much
stop never get
