hdpxs osxbc cihba wnelr lmwpk bwknx egclu iyuas ohzfn uiogl wdquv qckjp uklga rjuxc yqfdk zcjqx fjdqi oxuqn mhuad ayrgb ypdnb bdevm ebwcp ehqyk pytwh gstwp mlibf rlumh nqtru tmwdy cqsby ahnds ymcfp jhlus xnpwq sxdiu crlfe vgwoi wotiq amfiz rchbw frhgc bsvth htkwy vcwfj qsmkj yqtob glrpy dbjxw yazqf lnjxt kjihy gufvs bkfuc osvgp oewcd tjake rzvtg btwzv armnk tkwle pgqva stflc syoxf gdnim lpudv yvbse evsbm qbdwz maqho syoxv wkbuf qpbmc pihld jcwpu kscoz xlrzc drojn vobqh qhvsb mujil kzwah xcvow aedvq cxajk evtgj qhibx rjdai mtcsd oaeyh tndwl wcjeg gdovn utdhx oxitr hdpxs
92
oaeyh oaeyh
gufvs gufvs mhekz
rlumh rlumh
gdovn gdovn
oewcd cxdes oewcd
wkbuf wkbuf
yqtob yqtob
qsmkj qsmkj
cqsby cqsby
mujil mujil
nqtru nqtru
lmwpk lmwpk
uiogl uiogl ktzce
vobqh vobqh
mhuad mhuad
qbdwz wajol qbdwz
oxitr oxitr
qckjp qckjp
xlrzc xlrzc
pihld pihld
xnpwq xnpwq
bdevm bdevm
wotiq wotiq
ypdnb ypdnb
tjake tjake
stflc stflc
pgqva pgqva
ebwcp ebwcp
yqfdk yqfdk
ymcfp ymcfp
yazqf yazqf
vgwoi vgwoi
bwknx bwknx
xcvow xcvow
amfiz amfiz
dbjxw dbjxw
frhgc frhgc
jcwpu jcwpu
gdnim gdnim
evtgj evtgj
syoxv syoxv
sxdiu sxdiu
mlibf mlibf
wcjeg wcjeg
cihba cihba
lpudv lpudv
ahnds ahnds
ehqyk ehqyk
jhlus zqjxb jhlus
qpbmc qpbmc
iyuas iyuas
qhvsb qhvsb
tkwle tkwle
rzvtg rzvtg
yvbse yvbse
drojn drojn
oxuqn oxuqn
wnelr wnelr
rchbw rchbw
uklga uklga
maqho maqho
vcwfj vcwfj
osvgp osvgp
tmwdy tmwdy
crlfe hwmzn
utdhx utdhx
lnjxt lnjxt
wdquv wdquv
gstwp gstwp
aedvq aedvq
bsvth bsvth
ayrgb ayrgb
zcjqx zcjqx
armnk armnk
kzwah kzwah
btwzv btwzv
pytwh pytwh
qhibx qhibx
kscoz kscoz
tndwl tndwl zntkr
ohzfn ohzfn dkjro
kjihy kjihy
rjuxc rjuxc
htkwy htkwy
rjdai rjdai
osxbc osxbc
fjdqi fjdqi
evsbm evsbm
cxajk joztf cxajk
bkfuc bkfuc
mtcsd mtcsd
syoxf syoxf
