hutmk omjfc artvi axmwy aqzce tejxc qdzgs hopbn zsehb tyuep cursl xnysi coubd xintv oscrv mlfbi lsnhz gxdqt ablxw rlfxc lnfiu aeomh otirh bcrwj ijofp ywion ijvuq xeljy misyc lcghr yzaje ugyls vmgxh mzlsn spuoi vczkh ugamb hutmk
36
aqzce aqzce
omjfc omjfc dowbf
oscrv oscrv
ywion ywion
cursl cursl
yzaje yzaje
vczkh vczkh
otirh yiodb otirh
aeomh aeomh
ijvuq ijvuq
ablxw ablxw yaxts
tyuep tyuep
axmwy axmwy
rlfxc rlfxc
zsehb zsehb
xintv xintv
hopbn hopbn
xnysi xnysi
misyc misyc
ijofp ijofp
tejxc tejxc
ugyls ugyls
mzlsn mzlsn
lnfiu lnfiu
qdzgs qdzgs
vmgxh vmgxh
bcrwj bcrwj
mlfbi mlfbi
lcghr lcghr
spuoi spuoi
coubd coubd urlkt
lsnhz lsnhz
xeljy xeljy
ugamb ugamb
gxdqt gxdqt
artvi artvi
