Aberdeen Reno SouthLyon Frederick Modesto SanBernardino Hartford Riverside Murrieta Columbia Lakewood StPetersburg Lewisville Elkhart Racine Montgomery Kennewick WestValleyCity Henderson Austin Winston Tuscaloosa Hampton Lowell Chattanooga SaltLakeCity Redding SanAntonio Aberdeen
21
SaltLakeCity SaltLakeCity
Hampton Hampton Newburgh
Winston Winston
Tuscaloosa Tuscaloosa
WestValleyCity WestValleyCity
Chattanooga Chattanooga
Modesto Modesto
Henderson Henderson Marina
Lewisville Gainesville Lewisville
Racine Racine
Reno Reno Springdale
Lowell Lowell
SanBernardino SanBernardino
SouthLyon SouthLyon
Austin Austin
Montgomery Montgomery
SanAntonio SanAntonio
StPetersburg StPetersburg
Hartford Miramar
Elkhart Pensacola
Columbia GreenBay
