Hayward Asheville Durham Waterloo Yonkers Murfreesboro Trenton Hickory Winston Hickory Trenton Hickory HuntingtonBeach Monroe BelAir McAllen KansasCity Huntsville Burbank Danbury Atlanta Abilene GrandRapids SaintLouis Harlingen Waco NewBedford Aurora Tucson Bradenton SaintPaul PuntaGorda Omaha Topeka Montgomery ThousandOaks Asheville Durham Deltona Corona Modesto PalmBay Tucson Washington LakeCharles Newark NewYorkCity Kennewick Barnstable Springdale McHenry Asheville Hayward SantaClara Hayward
39
PuntaGorda PuntaGorda
ThousandOaks ThousandOaks
PalmBay PalmBay
Tucson Tucson
Barnstable Barnstable
Yonkers Yonkers
Burbank Burbank Chicago
McHenry McHenry Torrance
Harlingen Harlingen
Omaha Omaha
Topeka Topeka
Deltona Deltona
Danbury Danbury
Asheville Asheville CedarRapids
McAllen McAllen
GrandRapids GrandRapids
BelAir BelAir
Aurora Aurora Bakersfield
LakeCharles LakeCharles
Bradenton Bradenton
Modesto RichmondCounty Modesto Hampton
HuntingtonBeach HuntingtonBeach
Huntsville Huntsville
NewYorkCity NewYorkCity
Monroe Monroe
Springdale Springdale
SantaClara SantaClara
Atlanta Atlanta
Durham Durham Bloomington
Newark Newark
Kennewick Kennewick
NewBedford NewBedford York
SaintPaul SaintPaul
Hickory Tyler Charlotte Hickory
Waco Waco
Waterloo Waterloo
Abilene Downey
Montgomery SantaCruz
Winston Tampa Memphis
