Hayward Shreveport Seaside RichmondCounty PortArthur RichmondCounty Torrance Melbourne Lubbock Bryan Hampton Salem Deltona Tucson York NewYorkCity HuntingtonBeach Sarasota Scranton StPaul Savannah OverlandPark Stamford Marysville Boise Eugene Anaheim SanBuenaventura Norwich Anchorage Henderson Vancouver GrandRapids SaintPaul ElPaso SanAntonio JohnsonCity Fresno Anchorage OverlandPark VeroBeach PembrokePines LasVegas Nashua Tyler Arvada Elkhart Modesto Greenville OverlandPark Trenton Anaheim Columbus Independence Cincinnati NewportNews SanBuenaventura Hemet PuntaGorda HavredeGrace Burlington Utica Anchorage Carrollton Boulder LakeCharles Spartanburg Springfield SterlingHeights Champaign Omaha Scottsdale Victorville Kissimmee Marina Hialeah Albuquerque Torrance Melbourne Racine SantaClarita Newburgh Waterbury Lafayette GreenBay Duluth Fullerton Youngstown Fullerton Plano Hagerstown PalmBay CorpusChristi StPaul Ogden Reno Huntsville ThousandOaks PortSaintLucie ThousandOaks Huntsville Norwalk StLouis Sacramento Escondido Monroe NewYork Monroe Escondido Mesquite NewBedford Orem Shreveport Hartford Shreveport Hayward
84
PuntaGorda PuntaGorda
Tyler Tyler
Cincinnati Cincinnati
ThousandOaks ThousandOaks
Norwich Norwich
PalmBay PalmBay
Tucson Tucson
Utica Utica
Albuquerque Albuquerque
NewportNews NewportNews Aberdeen
JohnsonCity JohnsonCity
Greenville Greenville
Eugene Eugene
Racine Racine
Nashua Nashua
Newburgh Newburgh
HavredeGrace HavredeGrace
OverlandPark OverlandPark
Omaha Omaha
Deltona Deltona
Anchorage Anchorage
Marina Marina Frederick
Salem Salem
LasVegas LasVegas
Hagerstown Hagerstown
SanBuenaventura SanBuenaventura Oxnard
Mesquite Mesquite
Lubbock Birmingham Lubbock
CorpusChristi CorpusChristi
Fullerton Flint Fullerton
StLouis StLouis
GrandRapids GrandRapids
Boise Boise
Arvada Arvada
Hemet Hemet Mobile
Scranton Scranton
Fresno Fresno
Waterbury Waterbury
LakeCharles LakeCharles
Stamford Stamford
RichmondCounty RichmondCounty
Duluth Duluth Detroit
Modesto Modesto
Henderson Topeka Henderson
HuntingtonBeach HuntingtonBeach
Huntsville Huntsville
Burlington Downey Burlington
Columbus Columbus
Savannah Savannah
Vancouver Vancouver
Hialeah Hialeah
NewYorkCity NewYorkCity
Marysville Layton Marysville
GreenBay Laredo GreenBay
Monroe Monroe
ElPaso ElPaso
Kissimmee Kissimmee
Torrance Torrance
Hartford NorthLasVegas Hartford
Plano Plano
NewBedford NewBedford
Elkhart McAllen Elkhart
Champaign Charlotte Champaign
Anaheim Anaheim
SaintPaul SaintPaul
York York
Spartanburg Spartanburg
Scottsdale Scottsdale
Melbourne Melbourne
Ogden Ogden
Hampton Newark
VeroBeach SantaClara
Seaside CapeCoral Bloomington
Youngstown Barnstable Bakersfield
PortArthur Lacey
Independence RoundLakeBeach
Orem Bethlehem
Carrollton SiouxFalls
Springfield Harlingen
NewYork Kalamazoo
StPaul CathedralCity
PembrokePines Pueblo
PortSaintLucie Olympia
Trenton Louisville
