A TA161 TA31 B TA201 TA22N TA4 TA412NN TB11 TA152N TA1812NN TA231 TA32N TA172N TA91 TA92N TA42N TA6 TA312NN TA131 C TA41 TA1412NN TA162N TA2312NN TA13 TA151 TA212N G TA2N TA1712NN TA11 TA9 TA52N TA612NN TA121 TA2112NN TA241 TA211 TB21 G TA122N TA12 TA112N TA15 TA212NN TA1012NN TA21 TA3 TA142N TA712NN TB1 TA192N TA16 A TA TA1512NN TA222N TA24 TA242N TA182N TA1612NN TA512NN TA22 TA2012NN TA232N TA12NN TA51 TA20 TA12N TA132N TA2412NN TA14 TA191 TA101 TA8 TA202N TA221 TA1112NN TA1312NN TA62N TA2 TA18 TA7 TA10 TA112NN TA812NN TA2212NN TA912NN B TA181 A TA1212NN TA171 TA102N TA111 TA71 TA72N B TA82N TA81 TA5 TA1 TA23 TA17 TA1912NN A
98
A TA19 TA61 TA141
TA TA
TA1 TA1
TA2 TA2
TA3 TA3
TA4 TA4
TA5 TA5
TA6 TA6
TA7 TA7
TA8 TA8
TA9 TA9
TA10 TA10
TA11 TA11
TA12 TA12
TA13 TA13
TA14 TA14
TA15 TA15
TA16 TA16
TA17 TA17
TA18 TA18
TA20 TA20
TA21 TA21
TA22 TA22
TA23 TA23
TA24 TA24
TB1 TB1
TB11 TB11
TB21 TB21
TA31 TA31
TA41 TA41
TA51 TA51
TA71 TA71
TA81 TA81
TA91 TA91
TA101 TA101
TA111 TA111
TA121 TA121
TA131 TA131
TA151 TA151
TA161 TA161
TA171 TA171
TA181 TA181
TA191 TA191
TA201 TA201
TA211 TA211
TA221 TA221
TA231 TA231
TA241 TA241
TA2N TA2N
TA12N TA12N
TA22N TA22N
TA32N TA32N
TA42N TA42N
TA52N TA52N
TA62N TA62N
TA72N TA72N
TA82N TA82N
TA92N TA92N
TA102N TA102N
TA112N TA112N
TA122N TA122N
TA132N TA132N
TA142N TA142N
TA152N TA152N
TA162N TA162N
TA172N TA172N
TA182N TA182N
TA192N TA192N
TA202N TA202N
TA212N TA212N
TA222N TA222N
TA232N TA232N
TA242N TA242N
TA12NN TA12NN
TA112NN TA112NN
TA212NN TA212NN
TA312NN TA312NN
TA412NN TA412NN
TA512NN TA512NN
TA612NN TA612NN
TA712NN TA712NN
TA812NN TA812NN
TA912NN TA912NN
TA1012NN TA1012NN
TA1112NN TA1112NN
TA1212NN TA1212NN
TA1312NN TA1312NN
TA1412NN TA1412NN
TA1512NN TA1512NN
TA1612NN TA1612NN
TA1712NN TA1712NN
TA1812NN TA1812NN
TA1912NN TA1912NN
TA2012NN TA2012NN
TA2112NN TA2112NN
TA2212NN TA2212NN
TA2312NN TA2312NN
TA2412NN TA2412NN
