A TA3 TA24 TA22 TA7 TA191 TB21 TA15 TA TA17 TA231 TA6 A TA91 TA19 TA61 TA21 TA181 TA41 TA11 TB1 D TA5 TA151 TA10 TA121 TA18 TA241 TA12 TA141 TA4 TA71 TA31 TA211 TA23 TA171 TA20 A TA101 TA16 TA201 TA2 TA14 TA221 TA131 TA161 TA1 TA13 TA9 TA81 TA111 TB11 TA51 A
49
TA TA
TA1 TA1
TA2 TA2
TA3 TA3 TA8
TA4 TA4
TA5 TA5
TA6 TA6
TA7 TA7
TA9 TA9
TA10 TA10
TA11 TA11
TA12 TA12
TA13 TA13
TA14 TA14
TA15 TA15
TA16 TA16
TA17 TA17
TA18 TA18
TA19 TA19
TA20 TA20
TA21 TA21
TA22 TA22
TA23 TA23
TA24 TA24
TB1 TB1
TB11 TB11
TB21 TB21
TA31 TA31
TA41 TA41
TA51 TA51
TA61 TA61
TA71 TA71
TA81 TA81
TA91 TA91
TA101 TA101
TA111 TA111
TA121 TA121
TA131 TA131
TA141 TA141
TA151 TA151
TA161 TA161
TA171 TA171
TA181 TA181
TA191 TA191
TA201 TA201
TA211 TA211
TA221 TA221
TA231 TA231
TA241 TA241
