3efbbd fc6ab6 22c398 8037ff ef9cce c1e4b0 1efe0a 526e97 70d79e de59c9 640320 9fb27b aeb965 d36b6f bf356c 390b11 9e3235 8216e5 1e3f90 770b7a 98b7f9 bf7494 e17800 2a53b1 1aef1d d1ae8e 3efbbd
22
1aef1d 1aef1d
c1e4b0 c1e4b0
390b11 390b11
d1ae8e d1ae8e
3efbbd 2b7733
e17800 e17800
1e3f90 1e3f90
d36b6f d36b6f
2a53b1 2a53b1
ef9cce ef9cce
de59c9 bfdfca de59c9
526e97 526e97
1efe0a 1efe0a
9fb27b 9fb27b
bf7494 909532 ff448b
8037ff 8037ff
9e3235 9e3235 525361
fc6ab6 fc6ab6
8216e5 8216e5
22c398 22c398
98b7f9 98b7f9
aeb965 aeb965
