IvOdahrtFwzZ zCWezcJmUGqs LNoKVqXhLEzn TglqUXfjbefC TTwdgXpOLyxF pjemGRILnFei GvyjKkGcUdcI zypYDSZfKAvD IcNVObbuvzWY UYTxhnOtiPHB KtoZVrQmJWki WHSGrQQrrotE WnABnktZDxMx FkNlSGMBOUbz WsLfQLsirtHk fiHhqLtPfdZy aSpDrTbKBytW evRMhyiHKGXv QDhUZstsJKtV zcAOlsVDUDkc hPSXtHMMyKAK nKmMbiEuiffc AoaIXEzdsCrm dXlgwkdKhUmB jXgKDXnEJsra JNoAmCxHcsYw cQFNlImsTWTM OIjApACwnyqG cRekprdsHHWw nlzJUuBrsbXD oOIjuHJcVRiV touUfboeiIya QFfSmYtuSTPl mgKEFEWheOqk qFGlIHDqKyPA mvdksSctoMVi ubtvaUeVUfmV oKIKkmsSWzmH nxbMBCPhfQij QZQElPdcHxru JpwDMOwQmqOp YvLRANdegrdA AQgpWBullbIi HEwqlaeMfSzl HVwGkspnDHbf WWtfhwMSzfGW NMSHhfMtAJZb gkTmCiZxFrJw wXjNgGRCXYRl WUqhotrexTBp wHeDieHMYzAK nschEYWjrAsr ypApeqMQPnQA WRiugWLCujBI PKHkuTHeRXhO uzYTzVwixczQ EKWhDcEeEkGK EwXugPkGUVkm ppfBOAvWYXyJ vkOqMvrCUWYf yFQWQWtUUMle lznMKRYSMheH XwPJYwaGcHxO aXlcDzbXwAJW ocysUjOwnenm xXoCKkdkKAne nyTRNDRCsANl zOkfhFVfOKVi ctZWqndwhbJm hLCSOZLNEdhX YGzazHdyrGCd IfTQNEFsiTgr PFpQuVVRxbvV IQvKLYGCcCbd RQBxIsRWzmfl lRgeGnDJBtMa RGYiIUdVAiVL gJMLzBkWmUoV QxNjgiXciQma AhJBAeSEuUkL sTgUExIipvWV SKbQkQUhqQEt jXOmYlZmvqnI mZUBOQTZyXOM cpNycWVdmzHJ EOKLHvbbCToE yHOsEGOhjOLt quZcTYtpBjSn qxhFFIUEfnzV yVSfaizVeLPT fblrDraNAUxK ybLCwZqVZKud UGahWpWtmUQn gXcuqckdTdIP NxxrxPgsnMqG ZPYnROAizafx TZmWJenJbEsV sFSBpaJxLpBT DiKlonktcqTP tARvBeqQDqSY qlMzHEurfTvO IvOdahrtFwzZ
100
ZPYnROAizafx ZPYnROAizafx
fiHhqLtPfdZy fiHhqLtPfdZy
IQvKLYGCcCbd IQvKLYGCcCbd
ctZWqndwhbJm ctZWqndwhbJm
IcNVObbuvzWY IcNVObbuvzWY
pjemGRILnFei pjemGRILnFei
cpNycWVdmzHJ cpNycWVdmzHJ
ypApeqMQPnQA ypApeqMQPnQA
QZQElPdcHxru QZQElPdcHxru
qxhFFIUEfnzV qxhFFIUEfnzV
TZmWJenJbEsV TZmWJenJbEsV
EwXugPkGUVkm EwXugPkGUVkm
nlzJUuBrsbXD nlzJUuBrsbXD
AoaIXEzdsCrm AoaIXEzdsCrm
jXgKDXnEJsra jXgKDXnEJsra
TTwdgXpOLyxF TTwdgXpOLyxF
mZUBOQTZyXOM mZUBOQTZyXOM
vkOqMvrCUWYf vkOqMvrCUWYf
zypYDSZfKAvD zypYDSZfKAvD
mvdksSctoMVi mvdksSctoMVi
OIjApACwnyqG OIjApACwnyqG
mgKEFEWheOqk mgKEFEWheOqk
hLCSOZLNEdhX hLCSOZLNEdhX
EKWhDcEeEkGK EKWhDcEeEkGK
fblrDraNAUxK fblrDraNAUxK
gkTmCiZxFrJw gkTmCiZxFrJw
nxbMBCPhfQij nxbMBCPhfQij
UYTxhnOtiPHB UYTxhnOtiPHB
wXjNgGRCXYRl wXjNgGRCXYRl
HEwqlaeMfSzl HEwqlaeMfSzl
wHeDieHMYzAK wHeDieHMYzAK
QDhUZstsJKtV QDhUZstsJKtV
xXoCKkdkKAne xXoCKkdkKAne
yFQWQWtUUMle yFQWQWtUUMle
DiKlonktcqTP DiKlonktcqTP
qlMzHEurfTvO qlMzHEurfTvO
evRMhyiHKGXv evRMhyiHKGXv
oOIjuHJcVRiV oOIjuHJcVRiV
QFfSmYtuSTPl QFfSmYtuSTPl
quZcTYtpBjSn quZcTYtpBjSn
KtoZVrQmJWki KtoZVrQmJWki
WWtfhwMSzfGW WWtfhwMSzfGW
zOkfhFVfOKVi zOkfhFVfOKVi
lznMKRYSMheH lznMKRYSMheH
aSpDrTbKBytW aSpDrTbKBytW
GvyjKkGcUdcI GvyjKkGcUdcI
lRgeGnDJBtMa lRgeGnDJBtMa
touUfboeiIya touUfboeiIya
ocysUjOwnenm ocysUjOwnenm
SKbQkQUhqQEt SKbQkQUhqQEt
WRiugWLCujBI WRiugWLCujBI
WsLfQLsirtHk WsLfQLsirtHk
AQgpWBullbIi AQgpWBullbIi
NMSHhfMtAJZb NMSHhfMtAJZb
ppfBOAvWYXyJ ppfBOAvWYXyJ
cQFNlImsTWTM cQFNlImsTWTM
HVwGkspnDHbf HVwGkspnDHbf
WHSGrQQrrotE WHSGrQQrrotE
EOKLHvbbCToE EOKLHvbbCToE
PFpQuVVRxbvV PFpQuVVRxbvV
RGYiIUdVAiVL RGYiIUdVAiVL
JpwDMOwQmqOp JpwDMOwQmqOp
WUqhotrexTBp WUqhotrexTBp
YGzazHdyrGCd YGzazHdyrGCd
qFGlIHDqKyPA qFGlIHDqKyPA
hPSXtHMMyKAK hPSXtHMMyKAK
LNoKVqXhLEzn LNoKVqXhLEzn
ubtvaUeVUfmV ubtvaUeVUfmV
yVSfaizVeLPT yVSfaizVeLPT
nschEYWjrAsr nschEYWjrAsr
dXlgwkdKhUmB dXlgwkdKhUmB
tARvBeqQDqSY tARvBeqQDqSY
QxNjgiXciQma QxNjgiXciQma
JNoAmCxHcsYw JNoAmCxHcsYw
YvLRANdegrdA YvLRANdegrdA
AhJBAeSEuUkL AhJBAeSEuUkL
cRekprdsHHWw cRekprdsHHWw
sTgUExIipvWV sTgUExIipvWV
nyTRNDRCsANl nyTRNDRCsANl
IfTQNEFsiTgr IfTQNEFsiTgr
XwPJYwaGcHxO XwPJYwaGcHxO
aXlcDzbXwAJW aXlcDzbXwAJW
TglqUXfjbefC TglqUXfjbefC
jXOmYlZmvqnI jXOmYlZmvqnI
uzYTzVwixczQ uzYTzVwixczQ
WnABnktZDxMx WnABnktZDxMx
UGahWpWtmUQn UGahWpWtmUQn
gJMLzBkWmUoV gJMLzBkWmUoV
yHOsEGOhjOLt yHOsEGOhjOLt
gXcuqckdTdIP gXcuqckdTdIP
FkNlSGMBOUbz FkNlSGMBOUbz
zCWezcJmUGqs zCWezcJmUGqs
PKHkuTHeRXhO PKHkuTHeRXhO
ybLCwZqVZKud ybLCwZqVZKud
NxxrxPgsnMqG NxxrxPgsnMqG
oKIKkmsSWzmH oKIKkmsSWzmH
nKmMbiEuiffc nKmMbiEuiffc
RQBxIsRWzmfl RQBxIsRWzmfl
sFSBpaJxLpBT sFSBpaJxLpBT
zcAOlsVDUDkc zcAOlsVDUDkc
