loc0 loc9 loc119 loc135 loc110 loc67 loc155 loc94 loc84 loc15 loc55 loc133 loc189 loc93 loc109 loc11 loc3 loc7 loc152 loc5 loc82 loc7 loc52 loc20 loc145 loc39 loc116 loc33 loc26 loc184 loc13 loc190 loc18 loc75 loc59 loc198 loc28 loc96 loc158 loc68 loc182 loc154 loc176 loc34 loc95 loc25 loc103 loc62 loc108 loc78 loc123 loc64 loc49 loc40 loc2 loc117 loc195 loc115 loc63 loc79 loc153 loc105 loc53 loc18 loc143 loc179 loc41 loc171 loc141 loc16 loc51 loc181 loc126 loc187 loc186 loc43 loc89 loc31 loc4 loc1 loc161 loc188 loc11 loc122 loc8 loc97 loc61 loc197 loc100 loc170 loc38 loc57 loc24 loc23 loc178 loc90 loc169 loc160 loc142 loc0
96
loc0 loc107 loc17
loc1 loc1
loc2 loc2
loc3 loc3
loc4 loc4
loc5 loc5
loc7 loc7
loc8 loc8
loc9 loc159 loc148 loc9
loc11 loc11
loc13 loc13
loc15 loc15
loc16 loc16
loc18 loc18
loc20 loc20
loc23 loc23
loc24 loc24
loc25 loc25
loc26 loc26
loc28 loc28
loc31 loc31
loc33 loc33
loc34 loc34
loc38 loc38
loc39 loc39
loc40 loc40
loc41 loc41
loc43 loc43
loc49 loc49
loc51 loc51
loc52 loc52
loc53 loc53
loc55 loc55
loc57 loc57
loc59 loc59
loc61 loc61
loc62 loc62
loc63 loc63
loc64 loc64
loc67 loc67
loc68 loc68
loc75 loc75
loc78 loc78
loc79 loc79
loc82 loc82
loc84 loc84
loc89 loc89
loc90 loc90
loc93 loc93
loc94 loc94
loc95 loc95
loc96 loc96
loc97 loc97
loc100 loc100
loc103 loc103
loc105 loc105
loc108 loc108
loc109 loc109
loc110 loc110
loc115 loc115
loc116 loc116
loc117 loc117
loc119 loc119
loc122 loc122
loc123 loc123
loc126 loc126
loc133 loc133
loc135 loc135 loc112
loc141 loc141
loc142 loc142
loc143 loc143
loc145 loc145
loc152 loc152
loc153 loc153
loc154 loc154
loc155 loc155
loc158 loc158
loc160 loc160
loc161 loc161
loc169 loc169
loc170 loc170
loc171 loc171
loc176 loc176
loc178 loc178
loc179 loc179
loc181 loc181
loc182 loc182
loc184 loc184
loc186 loc186
loc187 loc187
loc188 loc188
loc189 loc189
loc190 loc190
loc195 loc195
loc197 loc197
loc198 loc198
