5 78 50 164 124 190 58 16 177 122 102 196 197 185 159 91 115 92 182 170 106 93 46 100 1 188 27 69 168 55 82 38 149 137 130 35 112 103 83 79 20 108 147 198 97 117 157 8 89 42 66 5
50
1 1
8 8
16 16
20 20
27 27
35 35
38 38
42 42
46 46
50 50
55 55
58 58
66 66
69 69
78 78
79 79
82 82
83 83
89 89
91 91
92 92
93 93
97 97
100 100
102 102
103 103
106 106
108 108
112 112
115 115
117 117
122 122
124 124
130 130
137 137
147 147
149 149
157 157
159 159
164 164
168 168
170 170
177 177
182 182
185 185
188 188
190 190
196 196
197 197
198 198
