0 65 147 111 194 140 83 50 164 80 60 129 81 118 16 52 122 136 101 87 157 53 29 91 116 12 184 138 17 172 27 64 75 142 59 73 198 3 152 9 40 154 105 11 97 15 44 135 110 104 173 96 108 166 158 62 123 125 109 162 197 23 13 160 66 55 13 155 22 168 38 2 35 42 89 171 18 5 56 161 170 193 89 95 30 25 26 113 61 68 153 39 178 67 182 31 130 10 119 188 141 102 79 47 179 151 134 34 36 49 124 121 24 93 71 21 0
94
2 6 144
5 5
9 9
10 10
11 11
12 12
15 15
16 16
17 17
18 18
21 21
22 22
23 23
24 24
25 25
26 26
27 27
30 30
31 31
34 34
35 35
36 36
38 150 38
39 39
40 40
42 42
47 163
49 49
50 50
55 55
56 56
59 59
60 60
61 61
62 62
66 66
67 67
68 68
71 71
73 73
75 75
79 79 196
80 80
83 83
87 87
89 89
91 91
93 93
95 95
96 96
101 101
102 102
104 104
105 105
108 108 187
109 109
110 110
111 111
118 118
119 119
121 156
122 122
123 123
124 124
125 189
129 129
130 145 130
135 135
136 136
138 138
140 140
141 141
142 142
147 147
151 151
152 152
155 155
157 157
158 158
160 160
161 161
162 162
164 164
168 168
171 171
172 172
173 173 7
178 178
179 179
184 184
188 1
193 193
194 194
198 198
