a0 a26 a38 a79 a13 a64 a62 a35 a73 a76 a60 a78 a43 a80 a51 a52 a56 a49 a15 a87 a4 a93 a96 a14 a75 a5 a70 a42 a65 a41 a68 a17 a55 a94 a45 a53 a98 a71 a19 a37 a91 a24 a88 a39 a30 a86 a0
46
a0 a0
a4 a4
a5 a5
a13 a13
a14 a14
a15 a15
a17 a17
a19 a19
a24 a24
a26 a26
a30 a30
a35 a35
a37 a37
a38 a38
a39 a39
a41 a41
a42 a42
a43 a43
a45 a45
a49 a49
a51 a51
a52 a52
a53 a53
a55 a55
a56 a56
a60 a60
a62 a62
a64 a34 a64
a65 a65
a68 a68
a70 a70
a71 a71
a73 a73
a75 a75
a76 a76
a78 a78
a79 a79
a80 a80
a86 a86
a87 a87
a88 a88
a91 a91
a93 a36 a93 a54
a94 a94
a96 a96
a98 a9 a98
