ssp100 25 4 2 3 5 7 24 7 5 3 23 27 42 47 39 48 27 87 93 87 91 89 96 89 91 87 27 92 97 99 98 87 88 87 27 55 56 29 51 45 35 49 31 41 37 43 53 33 27 71 63 59 62 69 82 69 62 68 62 59 26 58 60 65 60 64 60 58 61 67 79 67 61 58 26 59 63 71 27 23 18 19 20 19 22 19 16 12 15 18 3 8 11 8 3 2 4 25 ssp100
39
12 12
15 15
20 20 21
22 22
2 1 2
4 4
8 9 10
11 11
24 24
59 59
64 64 73
65 65 74
68 81 68
79 79
82 82
27 27
29 29
31 31
33 33
35 35
37 37
39 39
41 41
43 43
45 45
47 47
49 49
51 51
53 53
55 55
56 56
88 88
91 95
93 90 93 94
98 98
99 99
97 97
92 92
96 96
