Jason Dylan Roy Gregory Amanda Regina Kelsey Shane Tristan Brian Christina Nicole Randy Robin Crystal Tammy Kara Tommy Jane Megan Bryan Stacie Rebecca Kristen Laura Edwin Michelle Dustin Mary Carol Stephen Rachel Andrew William Jose Scott Paul Wendy Brittany Jennifer Shawn Mark Evan Kimberly Dana Nathaniel Heather Adam Brad Mario Claire Susan Logan Jeremy Timothy Ricky Jeffery Ronnie Elizabeth Adrian Kathy Carrie John Cristian Jacqueline Jordan Melissa Jill Ashley Gabriel April Shannon Misty Monica Jeffrey Mercedes Grace Kari Samantha Katelyn James Johnathan Cheryl Joshua Kyle David Brett Rebekah Joseph Sabrina Charles Nicholas Lauren Karen Robert Melinda Wayne Alexandra Derek Jason
98
Derek Derek
Nathaniel Nathaniel
Heather Heather
Gabriel Gabriel
Adam Adam
Misty Misty
Shannon Shannon
Samantha Samantha
Katelyn Katelyn
Adrian Adrian
John John
Nicole Nicole
Brad Brad
Claire Claire
David David
Lauren Lauren
Joshua Joshua
Mario Mario
Roy Roy
Kara Kara
Johnathan Johnathan
Dana Dana
Cristian Cristian
Ricky Ricky
Tristan Tristan
Paul Paul
Laura Laura
Stacie Stacie
Jose Jose
Melissa Melissa
Kari Kari
Evan Evan
Carol Carol
Carrie Carrie Juan
Brian Brian
Andrew Andrew
Jeffery Jeffery
Robert Robert
Mark Mark
Regina Regina Kayla
Kelsey Kelsey
Wayne Wayne
Megan Megan
Jeffrey Jeffrey
Shane Shane
Timothy Timothy
Joseph Joseph
Charles Charles
Crystal Crystal
William William
Mary Mary
Cheryl Cheryl
Rebekah Rebekah
Shawn Shawn
Dustin Dustin
Jacqueline Jacqueline
Logan Logan
Gregory Gregory
Kimberly Kimberly
Amanda Amanda
Christina Christina
Rebecca Rebecca
Scott Scott
Mercedes Mercedes
Dylan Dylan
Wendy Wendy
Edwin Edwin
Michelle Michelle
Stephen Stephen
Kristen Kristen
Brett Brett
Karen Karen
Ronnie Ronnie
Jill Jill
Sabrina Sabrina
Elizabeth Elizabeth
Tommy Tommy
James James
Brittany Brittany
Kathy Kathy
Susan Susan
Monica Monica
Bryan Bryan
Jane Jane
Alexandra Alexandra
Grace Grace
April April
Nicholas Nicholas
Jennifer Jennifer
Jeremy Jeremy
Kyle Kyle
Tammy Tammy
Ashley Ashley
Jordan Jordan
Melinda Melinda
Rachel Rachel
Robin Robin
Randy Randy
