Florges Vespiquen Persian Furfrou Persian Cofagrigus Pichu Dialga Volbeat Buzzwole Hakamoo Palkia Flaaffy Omastar Stufful Florges Zubat Manectric Bidoof Palossand Zapdos Caterpie Tentacruel Chansey Regice Shaymin Snorlax Bewear Wormadam Bergmite Kricketot Dusknoir Weepinbell Tsareena Toxapex Celebi Moltres Gastrodon Hakamoo Lillipup Infernape Timburr Machoke Hippopotas Cherrim Cascoon Delibird Purrloin Sentret Pidgey Bisharp Bayleef Aurorus Carracosta Doublade Hitmonlee Yanmega Poliwrath Wailmer Primarina Zoroark Florges
46
Weepinbell Weepinbell
Carracosta Carracosta
Yanmega Yanmega
Purrloin Purrloin Poliwag
Timburr Timburr
Poliwrath Poliwrath
Toxapex Ralts
Sentret Sentret
Omastar Omastar
Persian Persian
Pichu Pichu
Zapdos Zapdos
Manectric Manectric
Lillipup Lillipup
Volbeat Volbeat
Moltres Moltres
Shaymin Shaymin
Gastrodon Gastrodon
Infernape Infernape Bouffalant
Kricketot Kricketot
Primarina Primarina
Celebi Celebi
Stufful Stufful
Cherrim Cherrim
Delibird Delibird
Zubat Zubat
Bewear Togetic Celesteela
Dusknoir Dusknoir
Tentacruel Tentacruel
Wailmer Wailmer
Bidoof Piloswine Bidoof
Regice Regice
Hitmonlee Hitmonlee
Palkia Girafarig
Bergmite Bergmite
Tsareena Tsareena
Dialga Dialga
Aurorus Aurorus
Machoke Machoke
Bayleef Bayleef
Cascoon Cascoon
Buzzwole Buzzwole
Wormadam Wormadam
Hakamoo Hakamoo
Pidgey Scolipede
Bisharp Bisharp
