Granbull Bulbasaur Typhlosion Chinchou Mantine Carnivine Feraligatr Luvdisc PorygonZ Electrode Reuniclus Mightyena Whimsicott Kirlia Swanna Lucario Dustox Staryu Deoxys Metagross Carbink Infernape Spewpa Floette Qwilfish Wailord Charizard Glalie Probopass Fletchling Cubone TypeNull Blissey Spinda Mawile Trumbeak Furfrou Hitmontop Absol Haxorus Magmortar Goomy Relicanth Floatzel Malamar Arbok Metapod Furret Butterfree Beedrill Mimikyu Rhyhorn Lileep Exeggcute Binacle Magmar Metang Bonsly Sylveon Lapras Torracat Budew Grumpig Golbat Heatran Charmander Bagon Torchic Jolteon Rockruff Pidgeot Mudsdale Pancham Mudsdale Greninja Tsareena Masquerain Cosmog Crawdaunt Azurill Krookodile Cascoon Magikarp Jirachi Kangaskhan Skitty Quilava Crabominable Flygon Rufflet Lampent Electrike Chatot Slakoth Ninjask Machamp Serperior Heatmor Cinccino Lycanroc Raichu Arbok Spiritomb Chespin Parasect Lombre Diggersby Darkrai Swanna Unown Relicanth Machamp Happiny Trumbeak Ampharos Kyurem Granbull
90
Tsareena Tsareena Gliscor
Absol Absol
Unown Unown
Dustox Dustox
Heatran Heatran
Staryu Nuzleaf
Butterfree Butterfree
Ampharos Ampharos
Spiritomb Spiritomb
Torchic Torchic
Cosmog Cosmog
Arbok Arbok
Cascoon Cascoon
Torracat Torracat
Chinchou Chinchou
Crawdaunt Crawdaunt
Slakoth Slakoth
Mimikyu Mimikyu
Pancham Vivillon
Happiny Happiny
Quilava Quilava Whiscash
Kangaskhan Kangaskhan
Rockruff Rockruff
Bonsly Bonsly
Grumpig Grumpig
Spinda Spinda
Cinccino Cinccino
Budew Budew
Sylveon Sylveon
Mawile Mawile
Beedrill Beedrill
Lampent Lampent
Greninja Greninja Torkoal
Malamar Malamar
Jolteon Buizel Jolteon
Mantine Mantine
Charizard Charizard
Binacle Binacle
Relicanth Relicanth
Raichu Raichu
Cubone Cubone
Krookodile Krookodile Corphish
Heatmor Heatmor
Swanna Swanna
Diggersby Diggersby
Metagross Metagross
TypeNull TypeNull
Whimsicott Whimsicott
Lycanroc Lycanroc
Mightyena Roserade Mightyena Bronzor
Floette Floette
Jirachi Jirachi
Mudsdale Mudsdale
Darkrai Darkrai
Reuniclus Reuniclus
Magmar Magmar
Rufflet Rufflet
Crabominable Crabominable
Machamp Remoraid Machamp
Charmander Charmander
Electrode Electrode
Serperior Serperior Bergmite
Golbat Golbat
Infernape Infernape
Hitmontop Hitmontop
Trumbeak Trumbeak
Flygon Flygon
Goomy Goomy
Metapod Metapod
Probopass Probopass
Lapras Lapras
Carnivine Carnivine
Pidgeot Pidgeot
Exeggcute Exeggcute
Carbink Reshiram Carbink
Magmortar Magmortar
Electrike Electrike
Ninjask Ninjask
PorygonZ PorygonZ
Lileep Lileep
Feraligatr Feraligatr
Floatzel Floatzel
Glalie Glalie
Deoxys Deoxys
Chespin Chespin
Luvdisc Luvdisc
Blissey Blissey
Chatot Chatot
Typhlosion Typhlosion
Skitty Skitty
