0 52 26 5 183 87 180 69 110 199 27 103 114 85 16 131 106 46 20 108 139 2 111 40 50 138 31 196 2 139 10 92 21 49 13 67 7 122 162 156 0 125 116 59 147 82 87 34 12 9 102 121 23 62 31 60 137 45 70 19 97 82 134 11 144 74 41 72 171 11 55 160 117 168 134 118 152 181 153 6 195 176 109 145 179 103 184 35 113 185 198 76 80 75 126 68 84 101 174 197 157 63 81 83 143 0
84
5 128
9 9 88
10 10
11 11
13 13
16 16 98 151 17
19 19
20 20
23 23
26 26
27 27
31 31
34 34
35 35
40 40
45 45
46 46
50 50
52 52
55 55
59 59
60 4 30 42
62 62
63 63
67 67
68 66
69 69
70 140 70
72 72
74 74
75 75
76 76
80 80
81 81
82 82 36
83 83 91
84 84
85 85
87 87
97 97
102 102
103 103
106 106
108 108
109 109
111 111
113 136
114 114
116 116
117 117
121 121
122 166 122
125 125
126 126
131 131 177 189
134 134
137 137
138 138
139 139 53
143 143
144 144
145 145
147 147
152 152
153 105
156 156
157 157 48 149
160 160
162 162
168 168
171 171
174 130 174
176 176
179 179
180 180
181 181
183 183
184 184
185 185
195 195
196 196
197 197
198 198
199 199
