1 68 55 127 100 174 191 100 119 178 100 164 105 100 26 35 100 49 93 29 100 115 100 18 100 45 196 100 160 16 100 80 175 100 99 193 100 76 22 100 1
28
1 1
16 16
18 18
22 22
26 26
29 29
35 35
45 45
49 49
55 55
68 68 8
76 76
80 80
93 93
99 99
100 189 177 192 54 136 74 157 89 141 183 117 31 131 155 21 3 125 82 38 113 195 159 188 153 186 163 24 12 59 0 124 57 28 84 27 138 134 77 43 19 50 121 15 56 148 88 30 60 44 129 10 97 182 36 199 158 142 25 137 194 101 32 172 111 171 151 63 150 180 170
105 105
115 115
119 119
127 86 127 83
160 160
164 164
174 174
175 175
178 178
191 191
193 193
196 196
