21 156 187 38 39 119 115 125 124 189 37 38 87 73 43 110 150 42 111 188 134 181 180 126 196 193 107 85 150 151 175 65 48 47 116 133 83 192 191 151 150 151 191 13 12 61 132 131 130 122 123 124 110 43 27 101 8 101 92 91 178 179 25 165 155 33 186 33 186 185 143 157 17 160 74 136 69 66 69 171 113 81 11 41 42 150 151 141 89 93 161 24 1 2 3 34 129 128 105 104 105 114 183 177 82 171 113 31 76 35 154 29 30 167 108 170 117 75 74 121 120 9 8 59 50 197 148 176 149 142 139 168 169 131 197 95 97 96 8 32 173 172 153 152 21
86
1 1
3 3
8 7
9 9
11 11
13 13
17 17 77
21 21
25 25
27 27
29 29
31 31
33 33
35 35
37 37
39 39
41 41
43 43
47 47
48 19 79
50 49
59 59
61 61
65 65
66 67 145
69 69
73 73
75 75
81 81
83 83
85 85
87 87
89 89
91 91
93 93
95 95 195
97 97
101 101
104 103
105 105
107 107
111 111
113 113
115 115
117 117
119 119 159
120 51
121 121
123 123
125 125 137
126 127
129 129
131 131
133 133
139 139
141 141
142 99
143 143 147
149 149
150 53
151 151
153 153
155 155
156 45
157 157
160 23
161 161
165 165
167 167
169 57 169
171 5 15 171
173 173
175 175
176 109
177 177
178 63 71
179 179
181 181
183 183
185 55 185
187 187
188 135
189 189
191 191
193 193
197 163 197
