74 72 77 75 21 23 25 28 29 26 21 118 111 116 119 113 118 46 2 6 8 2 151 153 157 151 182 141 145 144 146 148 141 102 58 59 57 54 53 55 58 75 172 169 164 161 163 168 166 167 165 169 121 87 89 86 88 83 85 81 82 87 63 69 62 61 68 66 70 63 18 38 31 39 37 35 36 38 46 98 172 174 180 179 175 178 171 172 18 13 16 18 192 197 198 199 191 192 132 135 139 137 131 140 136 132 75 73 76 80 72 74
85
2 2
6 6
8 8
13 13
16 19 16
18 11 14
23 23
25 25
26 26
28 28 30
29 29
31 31
35 35
36 36
37 37 32
38 38
39 39
46 50 47 41 46
53 53
54 54
55 52 55
57 57
58 58
59 59
61 61
62 62
66 66
68 68
69 69
70 70
73 73
74 74
75 75
76 76
77 77
80 80
81 81
82 82
83 83
85 85
86 86
88 88
89 89
98 96 99
102 104
111 111 114
113 113
116 116
118 118
119 119
121 126 128 122
131 131
135 135
136 136
137 137
139 139
140 140
141 141
144 142
145 145
146 146
148 148
151 151
153 156 160 153
157 157
161 161
163 163
164 164
165 165
166 166
167 167
168 168
169 169
172 172
174 174
175 175
178 178
179 179
180 180
182 185 189
191 191
192 192
197 197
198 198
199 199
