l7 l35 l6 l86 l162 l113 l20 l54 l26 l98 l184 l49 l127 l31 l115 l57 l172 l15 l180 l116 l41 l142 l136 l199 l128 l2 l33 l122 l53 l114 l49 l77 l110 l169 l90 l72 l37 l138 l181 l39 l67 l177 l130 l94 l74 l9 l155 l102 l76 l20 l58 l160 l12 l109 l40 l7
49
l2 l2
l6 l6
l7 l7
l12 l12
l15 l15
l20 l20 l83
l26 l26
l33 l33
l35 l35
l37 l37
l39 l39
l40 l40
l41 l41
l49 l49
l53 l53
l54 l54
l57 l132 l163
l58 l58
l67 l161 l27 l67
l72 l189 l21 l44 l46 l63 l72
l74 l74
l77 l77
l86 l171 l24
l90 l90
l94 l94
l102 l102
l109 l109
l110 l110
l113 l113
l114 l114 l14
l115 l115
l116 l116
l122 l122
l127 l127
l128 l128
l130 l130
l136 l136
l138 l138
l142 l142
l155 l148 l155
l160 l160 l168
l162 l162
l169 l101 l141 l169 l186 l59
l172 l124 l172
l177 l177 l200
l180 l180
l181 l181
l184 l184 l192 l25
l199 l199
