0 90 24 86 57 77 84 48 56 60 43 49 64 30 13 8 73 87 61 80 88 23 1 15 34 47 39 63 59 100 78 27 97 0 10 26 36 5 16 96 38 74 89 21 17 71 91 53 31 41 95 51 55 45 35 82 6 99 46 9 28 42 81 85 3 154 25 37 94 20 2 22 93 14 62 44 19 92 7 98 52 75 69 79 58 68 33 4 66 12 65 76 29 50 54 32 72 70 0
97
0 40 67 83
1 1
2 2
3 3
4 4
5 5
6 6
7 7
8 8
9 9
10 10
12 12
13 13
14 14
15 15
16 16
17 17
19 19
20 20
21 21
22 22
23 23
24 24
25 25
26 26
27 27
28 28
29 29
30 30
31 31
32 32
33 33
34 34
35 35
36 36
37 37
38 38
39 39
41 41
42 42
43 43
44 44
45 45
46 46
47 47
48 48
49 49
50 50
51 51
52 52
53 53
54 54
55 55
56 56
57 57
58 58
59 59
60 60
61 61
62 62
63 63
64 64
65 65
66 66
68 68
69 69
70 70
71 71
72 72
73 73
74 74
75 75
76 76
77 77
78 78
79 79
80 80
81 81
82 82
84 84
85 85
86 86
87 87
88 88
89 89
90 11 90
91 91
92 92
93 93
94 94
95 95
96 96
97 97
98 98
99 99
100 100
154 18
