Soda Guadeloupe Guyana Antigua China Bermuda Fiji Czech Australia Djibouti Cayman Cocos Cambodia Guam Belize Christmas Colombia Bouvet Botswana Azerbaijan United Azerbaijan Angola Central Aruba Austria Cuba Comoros Egypt Belarus Denmark Dominican Soda
24
United United
Cambodia Cambodia
Aruba Aruba
Antigua Antigua
Guam Guam
Bermuda Bermuda
China China
Central Central
Australia Australia
Cocos Cocos
Angola Angola
Austria Austria
Bouvet Bouvet
Belize Belize
Czech Czech
Colombia Colombia
Fiji Argentina Fiji
Cayman Cayman
Denmark Denmark
Guyana Guyana
Guadeloupe Guadeloupe
Egypt Egypt
Botswana Botswana
Comoros Comoros
