Soda Cambodia Jamaica Netherlands Fiji Germany Iraq Iran Macao Heard Rwanda Singapore Mayotte Ireland Macedonia Burundi Congo Egypt Sint Croatia Malawi Burkina Nigeria Mozambique Albania United Niger Algeria Republic Antigua Kyrgyzstan Sao Hong Palau Pitcairn Japan Liberia Aruba Korea Moldova Latvia Guernsey Kiribati Finland Lebanon New Saint Belize British Aruba Pakistan Argentina Luxembourg Congo Indonesia Bahamas Mexico Aruba Northern Soda
50
United United
Cambodia Cambodia
Aruba Aruba
Saint Saint
Argentina Argentina
Sint Sint
Japan Japan
Jamaica Jamaica
Albania Albania
Antigua Antigua
Sao Sao
Macao Macao
New New
Malawi Malawi
Korea Korea
Indonesia Indonesia
Finland Finland
Macedonia Lao
Burkina Burkina
Niger Niger
Hong Hong
Pitcairn Pitcairn
Luxembourg Luxembourg
Bahamas Bahamas
Ireland Ireland
Pakistan Pakistan
Palau Palau
Nigeria Nigeria
Northern Northern
Algeria Algeria
Kiribati Kiribati
Belize Belize
Moldova Moldova
Croatia Croatia
Lebanon Lebanon
Rwanda Rwanda
Burundi Burundi
Fiji Fiji
Liberia Liberia
Netherlands Netherlands
Republic Republic
Kyrgyzstan Kyrgyzstan
Mayotte Mayotte
Iraq Iraq
British British
Latvia Latvia
Mexico Mexico
Egypt Egypt
Singapore Singapore
Congo Congo
