1 30 18 50 60 40 51 44 57 59 56 72 73 66 39 29 70 15 12 58 25 78 52 69 13 31 37 62 38 26 34 17 27 54 71 33 41 65 19 35 77 24 10 21 16 68 28 63 43 74 47 49 1
52
1 67
10 10
12 12
13 13
15 15 61
16 16
17 17
18 18
19 19
21 21
24 24
25 25
26 26
27 27 32
28 28 55
29 29
30 30
31 31
33 33
34 22 34
35 35
37 37
38 38
39 39
40 40
41 14 41 79
43 43
44 44
47 47
49 49 64
50 50 53
51 51
52 52
54 54
56 20 56
57 57
58 23 58
59 42 48 59
60 60
62 62
63 45 63
65 46 65
66 66 75
68 68
69 69
70 70 76
71 71
72 36 72
73 73
74 11 74
77 77
78 78
