Essos IronIslands TheGreatDivide KnifesEdge ProBendingArena Peterborough CastleBlack MountOlympus MysticRuins MountOlympus Aerodenn Neddingtown Duskhollow Westeros Blackwater BikiniBottom Pendle DuWeldenvarden ZhaoFu Jakku Alderaan Accrington HighGarden TheGodswood Tarbean Omniverse Carvahall KoralReef Ellesmera Glimthain TheFae Tralfamadore TheChumBucket Grimbarrow Dorne Urubaen LakeLaogai Arkham WitheredHeath TheEyrie Peridrift Grayburn Yll BayofDragons Millingburg Duskhollow Boatwright KnifesEdge Bobbingbourne ShriekingShack GooLagoon Neddingtown Steeltown Aerodenn Netherfort SerpantsPass Gizton MenoaTree Vintas Alethkar Lorien TheCommonwealth Batcave Atlantas TheFae Helgrind Shinovar FogofLostSouls Alethkar ShatteredPlains BubblegumKingdom Meereen DuWeldenvarden Tarbean TheEolian TheSpiritWorld SatishVille Yunkai Pendle Westeros TheJasmineDragon Sanlow IronIslands Arcwallow IslesofElysium Trebon TheReshiIsles JarrensOutpost Keld Mordor BeyondtheWall Hogsmead UtgardMountain BaSingSe TheKrustyKrab DothrakiSea Chrofall Aerodenn Toffingburg TheRiverStyx Ivormere Valyria MountOlympus JahKeved Toffingburg Riverrun BoarsEye Penketh Castamere Karth TheUniversity Toperhagen TheVale Dorne Tartarus Rohan WesternAirTemple Winterfell TheUniversity Barkamsted Endor WitheredHeath Alethkar Vintas Neddington BubblegumKingdom FlourishBlotts Azir DiagonAlley Accrington Newarre Dragonstone Snozgate TheWhompingWillow Jakku TheSpiritWorld RepublicCity JahKeved Dorne TheBoilingRock WesternAirTemple FleaBottom TheReshiIsles GodricsHollow ShriekingShack StationSquare Astapor Meckingbourne Essos
89
Jakku Jakku
Karth Karth
Toffingburg Toffingburg
Alethkar Alethkar
HighGarden Omashu HighGarden
TheFae TheFae
Peridrift Peridrift
Castamere Castamere
Urubaen Urubaen
Toperhagen Toperhagen
WesternAirTemple WesternAirTemple
Riverrun Riverrun
Atlantas Atlantas
MountOlympus MountOlympus
Duskhollow Duskhollow
Accrington Accrington
Chrofall Chrofall
TheEyrie TheEyrie
DiagonAlley DiagonAlley
Valyria Valyria
ShriekingShack ShriekingShack
KnifesEdge KnifesEdge FireNation
Helgrind Helgrind
TheCommonwealth TheCommonwealth Ademre
Grimbarrow Grimbarrow
Lorien Lorien
Pendle Soda
FlourishBlotts FlourishBlotts
Shinovar Shinovar
Vintas Vintas
Astapor Astapor
Dragonstone Dragonstone
Meereen Meereen
GooLagoon GooLagoon
JahKeved JahKeved
TheWhompingWillow TheWhompingWillow
Trebon Trebon
Yll Yll
Penketh Penketh
Bobbingbourne Bobbingbourne
Azir Azir
TheBoilingRock TheBoilingRock
BaSingSe BaSingSe
WitheredHeath WitheredHeath
Winterfell Winterfell
Newarre Newarre
Tarbean Dubwall Tarbean
Steeltown Steeltown
DuWeldenvarden DuWeldenvarden
TheKrustyKrab TheKrustyKrab
Boatwright Boatwright
TheSpiritWorld TheSpiritWorld
Arkham Arkham
Aerodenn CaveofTwoLovers Aerodenn
Tartarus Tartarus
Arcwallow Arcwallow
Alderaan Alderaan
BeyondtheWall BeyondtheWall
Sanlow Sanlow
TheGreatDivide TheGreatDivide
Keld Keld
TheRiverStyx TheRiverStyx
JarrensOutpost JarrensOutpost
Barkamsted Barkamsted
Batcave Batcave
Essos Essos
Westeros Westeros Arrowcave
Carvahall Carvahall
LakeLaogai Braavos
RepublicCity RepublicCity
Hogsmead Hogsmead
BikiniBottom BikiniBottom
Ellesmera Ellesmera
Neddington Neddington
Neddingtown Neddingtown
Netherfort Netherfort
ProBendingArena Severen ProBendingArena
ShatteredPlains ShatteredPlains
FleaBottom FleaBottom
Blackwater Hogwarts Blackwater
CastleBlack Lockinge TheSpine TheUnderworld CastleBlack
Endor Endor
TheReshiIsles TheReshiIsles
TheVale TheVale
SatishVille SatishVille
Gizton Gizton
TheChumBucket TheChumBucket
TheGodswood TheGodswood
Ivormere Ivormere
