FleaBottom TheAturanEmpire SatishVille Ademre TheBoilingRock UtgardMountain MinistryofMagic Accrington Carvahall Westopolis Arkham MinistryofMagic UtgardMountain Toperhagen Vintas HighGarden Batcave Eggmanland Trebon TheGreatDivide TheBurningPlains Olivanders RockofKuthian Urubaen Bobbingbourne FleaBottom
20
Olivanders Olivanders
Carvahall TheVale
Vintas Vintas
TheBoilingRock TheBoilingRock
TheBurningPlains TheBurningPlains
Batcave Batcave
TheAturanEmpire GringottsBank Coalwatch ShriekingShack
SatishVille Ebonfall SatishVille
Eggmanland Eggmanland
Trebon Trebon
UtgardMountain UtgardMountain Glimthain
TheGreatDivide TheGreatDivide
Bobbingbourne Bobbingbourne
Accrington Accrington
MinistryofMagic Yll MinistryofMagic
HighGarden HighGarden
Westopolis Westopolis
Ademre Ademre
Urubaen Urubaen
Arkham Arkham
