Meckgue TheKrustyKrab Eggmanland Grayburn Sanlow Gotham Boatwright TheKrustyKrab Yunkai Urubaen TheReshiIsles Urubaen LakeLaogai ThePrancingPony ZhaoFu Sanlow Ceald Gizton EasternAirTemple TheVale Neddingtown BeyondtheWall Vexhollow TheUniversity Endor UtgardMountain EarthKingdom Kinecardine VaultofSouls ShatteredPlains Braavos Vexhollow Ellesmera GooLagoon TheArcanum Braavos ShatteredPlains TheSpine TheHogsHead Netherfort Murkcairn FogofLostSouls RepublicCity TreeofTime Dagobah Braavos ShatteredPlains ProBendingArena MysticRuins TheGodswood TheFae GooLagoon TheArcanum TheWaystoneInn Tartarus KoralReef ShatteredPlains Meereen Atlantas LeakyCauldron TheUniversity Meckgue
42
RepublicCity RepublicCity
LakeLaogai LakeLaogai
Gizton Gizton Larcbost
TheWaystoneInn TheWaystoneInn
TreeofTime TreeofTime
Eggmanland Castamere
ShatteredPlains ShatteredPlains
Braavos Braavos
Dagobah Dagobah
TheHogsHead TheHogsHead
KoralReef KoralReef
Meckgue Meckgue Beldenn
Murkcairn Murkcairn
Tartarus Tartarus
Yunkai Yunkai
EarthKingdom EarthKingdom
Netherfort Netherfort
Sanlow Sanlow
TheVale TheVale
ThePrancingPony ThePrancingPony
GooLagoon GooLagoon
Meereen Meereen
UtgardMountain UtgardMountain
Ellesmera Ellesmera
Urubaen Carvahall FlourishBlotts Urubaen
Grayburn Grayburn Keld
LeakyCauldron LeakyCauldron
ZhaoFu ZhaoFu
TheUniversity TheUniversity
BeyondtheWall BeyondtheWall
Ceald Steeltown
EasternAirTemple EasternAirTemple
MysticRuins MysticRuins
TheGodswood TheGodswood
TheReshiIsles Winterfell TheBoilingRock
Gotham Gotham
Vexhollow Ademre Vexhollow
VaultofSouls VaultofSouls
TheArcanum TheArcanum
TheKrustyKrab Lorien TheKrustyKrab
TheSpine TheSpine
Kinecardine Kinecardine
