21 142 121 118 112 29 147 61 122 96 75 102 159 94 134 2 48 179 23 30 10 180 40 151 184 131 135 11 188 56 152 144 17 119 178 78 163 167 90 133 58 100 137 138 87 104 12 51 177 46 105 24 85 62 170 172 108 15 125 82 114 95 69 64 14 47 7 32 169 91 115 27 31 72 53 154 168 36 108 156 160 123 68 130 136 81 88 18 60 120 34 74 49 149 37 97 110 54 21
88
2 2
7 7
10 10
11 139
12 103 196
14 14
15 42 127 15
17 17
18 18
21 21
23 23
24 24
27 27
29 29
30 30
31 31
32 32
34 34
36 36
37 37
40 40
46 46
47 47
48 48
49 49
51 51
53 53
54 54
56 56 186
60 60
61 61
62 62
64 64
68 68
72 72
74 74
75 75
78 78
81 81
82 82
85 20
87 87
88 88
90 90
91 91
95 95
96 96
97 97
100 45 100
102 102
105 38 105
108 108
114 114
115 115
118 118 146
119 119 176
120 120 16
121 121
122 122
125 125
130 130
131 131
133 133
134 134
135 135
136 136 194
137 137
142 142
144 144
147 147
149 149
151 151
152 152
154 154
156 156
159 159
160 160
163 163
167 167
168 168
169 169
170 170
172 172 116
177 177
178 178
180 180
184 184
188 190 188
