8 97 105 113 165 106 54 52 30 4 33 35 10 6 82 125 172 174 173 120 123 127 130 87 88 99 84 126 80 5 3 32 82 81 97 8 29 50 52 97 105 66 52 69 55 73 71 70 106 66 47 64 63 49 65 105 142 185 152 105 68 54 71 55 36 88 147 158 191 169 116 158 160 118 60 39 59 78 61 60 102 149 179 182 156 190 158 192 188 193 171 170 109 149 90 89 136 182 138 181 150 95 93 28 22 42 26 24 17 21 24 25 23 91 45 42 40 88 40 108 147 135 89 91 137 89 19 85 16 34 53 54 100 157 169 168 109 72 115 107 144 145 98 8
92
3 3
4 4
5 5
6 6 83
8 2
17 17
19 19
21 21
22 22
23 23
24 24 38
25 25
26 26
29 29
30 30
33 33
35 35
36 51
39 39
40 40
42 42
45 45
47 47
49 49
52 52
53 53
54 54
55 55
59 59
61 61
63 63
64 64
65 65
66 66
68 68
69 69
70 70
71 71
72 72
73 73
78 78
80 80
82 82 79
85 85
87 87
88 88
89 89
90 90
91 91
93 93
95 95
97 97
99 99
100 100
102 102
105 164 105
107 167
109 109
113 113
115 115
116 116
118 118
120 120
123 123
125 125
126 126
127 127
135 135
136 136
137 137
142 142
144 153 144
145 145
147 147
152 152
160 160
165 165
168 168
169 169
171 171
172 172
173 121 124 173
174 174
179 179
181 181
182 182
185 185
188 183 188
190 190
191 191
192 192
193 193
