UMUCUTWAW RRFKVFYKR VASGY GVNFQM VHLSP ZLYFI TCXWZV ZSHRTZVKO CRSMUEPQG VHHVQ IZNSKNS RDTQTJB PLYPQBTP VSMLVXSP WEPDZ TNKNMUFI WRQUJ XGGIUBVDN EGEASKKIE SUIOZK JJAQQ CJLYWOAQ JVYIBRJ ZFMGDWP ZPFHBWI CNINRTR OMBFD QOHWG USUVN TJFSEUB KUUVZB XJOXYWA ELILXSR STQNQT YFKIFTRS UENPUJ KAYADTT MNWMWDXCQ MWTSDF JOWHZXTIA YPXLG MHXHJGEF GUDSRTKLA YNHRBC TNSRRJCDD DQOPCH AOWYQNAYA XWBHEYXJU FVKLDY AWQOWSNYN OIPVAKF UMUCUTWAW
50
CNINRTR CNINRTR
CJLYWOAQ CJLYWOAQ
WRQUJ WRQUJ
VASGY VASGY
KUUVZB KUUVZB
JOWHZXTIA JOWHZXTIA
YNHRBC YNHRBC
XWBHEYXJU XWBHEYXJU
RRFKVFYKR RRFKVFYKR
TNKNMUFI TNKNMUFI
TJFSEUB TJFSEUB
KAYADTT KAYADTT
XJOXYWA XJOXYWA
JVYIBRJ JVYIBRJ
GVNFQM GVNFQM
SUIOZK SUIOZK
AWQOWSNYN AWQOWSNYN
ZFMGDWP ZFMGDWP
YPXLG YPXLG
MHXHJGEF MHXHJGEF
ZSHRTZVKO ZSHRTZVKO
TNSRRJCDD TNSRRJCDD
TCXWZV TCXWZV
YFKIFTRS YFKIFTRS
VHLSP VHLSP
ZPFHBWI ZPFHBWI
XGGIUBVDN XGGIUBVDN
ZLYFI ZLYFI
RDTQTJB RDTQTJB
IZNSKNS IZNSKNS
STQNQT STQNQT
ELILXSR ELILXSR
CRSMUEPQG CRSMUEPQG
GUDSRTKLA GUDSRTKLA
UENPUJ UENPUJ
OMBFD OMBFD
QOHWG QOHWG
AOWYQNAYA AOWYQNAYA
WEPDZ WEPDZ
DQOPCH DQOPCH
USUVN USUVN
MNWMWDXCQ MNWMWDXCQ
VSMLVXSP VSMLVXSP
MWTSDF MWTSDF
EGEASKKIE EGEASKKIE
PLYPQBTP PLYPQBTP
VHHVQ VHHVQ
OIPVAKF OIPVAKF
FVKLDY FVKLDY
JJAQQ JJAQQ
