shaird remissio Pentecost cementite airgap teabags property peasantism colugos Sahara trackbar unglove kartikeya deductable macedoine tunic nauseously caouane rampup transflux effuses assonantal advances nomination UncleNed scratch aftertouch shrow guilts toggleable tokenizing preparable Ucayali coldcocked baning morphe beermakers twothirds philomels sarcomere slatting Lafayette waste diruption irade opacular intrado cacomistle lasting fivepenny shaird
50
shaird shaird
rampup rampup
cacomistle cacomistle
teabags teabags
assonantal assonantal
irade irade
lasting lasting
Sahara Sahara
shrow shrow
diruption diruption
unglove unglove
baning baning
property property
airgap airgap
trackbar trackbar
scratch scratch
fivepenny fivepenny
Ucayali Ucayali
colugos colugos
slatting slatting
macedoine macedoine
cementite cementite
deductable deductable
toggleable toggleable
UncleNed UncleNed
philomels philomels
tokenizing tokenizing
caouane caouane
beermakers beermakers
Pentecost Pentecost
transflux transflux
aftertouch aftertouch
twothirds twothirds
kartikeya kartikeya
advances advances
nomination nomination
tunic tunic
sarcomere sarcomere
intrado intrado
nauseously nauseously
effuses effuses
opacular opacular
morphe morphe
peasantism peasantism
guilts guilts
preparable preparable
waste waste
coldcocked coldcocked
Lafayette Lafayette
remissio remissio
