liverance oversleeps hatrail wellbores metamere asterisk lethiferal tortillons handballer kamencheh hypanthium catabolism pontage studiously otate Akkub achieve jitterbugs bywoners pallia coulde shutter refortify tightening moderatrix liverance
25
liverance liverance
metamere metamere
pallia pallia
Akkub Akkub
otate otate
tightening tightening
achieve achieve
hatrail hatrail
pontage pontage
lethiferal lethiferal
jitterbugs jitterbugs
bywoners bywoners
studiously studiously
asterisk asterisk
hypanthium hypanthium
catabolism catabolism
shutter shutter
refortify refortify
kamencheh kamencheh
tortillons tortillons
wellbores wellbores
moderatrix moderatrix
coulde coulde
handballer handballer
oversleeps oversleeps
