runcation baken Margery erysipelas ephas dollying usant unbribable tipuana begynnynge stoble stips palatial toper nervus passcards broomer blackdye tholoi huddle retexture aliens agistments ungroomed revolution festuca undramatic holodeck bewitch forepast colocynth coalblack wolfer hambone foreshores destinate chargeback wintrier jaborandi fason oogle maxim Marah yuzus timefuse haligi fibrates prairies backpay conceiv tutelar turnoff embittered trikini Carazo wideband bookhouses decouples offset megahero lionfish inurns quakerlike multifaith triforium Lipetsk tuneful pentine Simferopol boomah miticides urethritic almshouse turbid Astaire ilian montages grilses polyuria yokeline thereagain Massorete medicine perfusive kempy flourless construed draftox infants torsions silicon wheatberry lichened cutout metre Muscogee greatborn husbandman stinkbugs cloaca runcation
100
runcation runcation
multifaith multifaith
ephas ephas
tuneful tuneful
Simferopol Simferopol
conceiv conceiv
quakerlike quakerlike
triforium triforium
ungroomed ungroomed
cloaca cloaca
haligi haligi
Lipetsk Lipetsk
fason fason
turbid turbid
baken baken
inurns inurns
medicine medicine
construed construed
erysipelas erysipelas
Margery Margery
palatial palatial
backpay backpay
jaborandi jaborandi
kempy kempy
boomah boomah
torsions torsions
Astaire Astaire
montages montages
trikini trikini
foreshores foreshores
unbribable unbribable
toper toper
hambone hambone
begynnynge begynnynge
retexture retexture
colocynth colocynth
chargeback chargeback
bewitch bewitch
aliens aliens
bookhouses bookhouses
festuca festuca
Marah Marah
thereagain thereagain
lionfish lionfish
blackdye blackdye
metre metre
wolfer wolfer
flourless flourless
Carazo Carazo
tholoi tholoi
usant usant
decouples decouples
dollying dollying
perfusive perfusive
embittered embittered
tipuana tipuana
holodeck holodeck
stips stips
fibrates fibrates
yokeline yokeline
wintrier wintrier
husbandman husbandman
Massorete Massorete
stinkbugs stinkbugs
miticides miticides
undramatic undramatic
destinate destinate
megahero megahero
urethritic urethritic
tutelar tutelar
passcards passcards
almshouse almshouse
agistments agistments
silicon silicon
wheatberry wheatberry
stoble stoble
offset offset
ilian ilian
prairies prairies
broomer broomer
oogle oogle
huddle huddle
wideband wideband
Muscogee Muscogee
greatborn greatborn
coalblack coalblack
draftox draftox
grilses grilses
polyuria polyuria
cutout cutout
timefuse timefuse
yuzus yuzus
lichened lichened
infants infants
turnoff turnoff
maxim maxim
pentine pentine
revolution revolution
forepast forepast
nervus nervus
