132 126 122 118 108 106 98 92 96 88 86 90 104 102 100 176 137 146 138 189 196 156 152 135 197 13 9 180 142 66 64 46 38 40 5 6 44 62 60 56 36 2 3 8 45 61 75 77 155 85 87 91 81 47 41 39 35 33 177 148 166 160 76 78 68 72 80 82 182 159 136 188 154 184 192 181 193 198 194 133 167 171 149 17 25 26 27 28 31 195 113 109 95 97 101 105 161 185 173 132
98
2 2
3 3
5 5
6 6
8 8
9 9
13 13
17 17
25 25
26 26
27 27
28 28
31 31
33 33
35 35
36 36
38 38
39 39
40 40
41 41
44 44
45 45
46 46
47 47
56 56
60 60
61 61
62 62
64 64
66 66
68 68
72 72
75 75
76 76
77 77
78 78
80 80
81 81
82 82
85 85
86 86
87 87
88 88
90 90
91 91
92 92
95 95
96 96
97 97
98 98
100 100
101 101
102 102
104 104
105 105
106 106
108 108
109 109
113 113
118 118
122 122
126 126
133 133
135 135
136 136
137 137
138 138
142 142
146 146
148 148
149 149
152 152
154 154
155 155
156 156
159 159
160 160
161 161
166 166
167 167 183
171 171
173 173
176 176
177 177
180 180
181 181
182 182
184 184
185 185
188 188
189 189
192 162 192
193 193
194 194
195 195
196 196
197 197
198 198
