140 139 33 139 182 79 130 115 53 169 152 170 152 77 18 96 176 55 185 120 197 97 93 39 0 160 23 65 23 154 6 166 12 166 8 159 56 132 150 27 82 89 35 120 185 133 114 62 167 9 61 34 134 175 84 57 83 144 24 151 29 145 44 50 184 85 184 180 41 101 59 62 112 22 178 188 10 196 45 5 11 19 21 45 127 168 69 149 128 149 95 158 160 16 107 102 13 122 51 122 56 37 104 25 144 148 186 146 190 33 73 100 40 80 42 4 103 162 36 162 103 76 125 179 7 175 134 59 62 117 49 14 177 61 28 108 28 123 153 140
95
4 4
5 5
6 6
7 7
8 8
9 9
10 10
11 11
12 193 12
13 13
14 14
18 18
19 19
21 21
22 22
25 25
27 27
29 29
35 35
36 36
39 39
40 40
41 41
42 42
44 44
45 45
49 49
50 50
51 51
53 53
55 55
56 56
57 57
59 59
61 61
62 62
65 65
73 73
76 76
77 77
79 79
80 80
82 82
83 83 142
84 84
85 85
89 89
93 93 173
95 95
96 96
97 97
101 101
102 102
103 103
104 104
108 108
112 112
114 114
115 115
117 117
123 123
125 125
127 127
128 128
130 130
132 132
133 133
134 134
139 139
140 135
146 94 146
150 150
151 151
153 153
154 154
158 158
159 159
160 160
162 47
166 166
167 167
168 168
169 169
170 170
175 175
176 176
177 177 32
178 178
179 179
182 182
185 185
186 186
190 190
196 196
197 197
