a0 a21 a52 a13 a31 a6 a55 a6 a27 a49 a77 a2 a43 a99 a17 a0 a76 a87 a94 a53 a51 a98 a56 a3 a50 a3 a95 a90 a83 a41 a8 a78 a24 a73 a24 a5 a79 a5 a38 a26 a81 a11 a10 a7 a39 a7 a22 a37 a1 a80 a1 a18 a74 a59 a11 a86 a25 a32 a72 a60 a71 a15 a46 a82 a9 a28 a33 a30 a64 a44 a89 a75 a65 a19 a0
43
a0 a97
a1 a93 a12 a18
a2 a2
a6 a42
a8 a8 a88
a9 a9 a48
a11 a11
a17 a17
a21 a21
a25 a25
a28 a28
a33 a33
a37 a37
a39 a39
a43 a43
a44 a44
a46 a46
a50 a50
a51 a51
a52 a52
a53 a53
a55 a55
a56 a56
a59 a47 a59
a60 a60
a65 a65
a71 a71
a73 a73
a74 a74
a75 a75
a77 a77
a78 a78
a79 a79
a80 a80
a81 a81
a82 a82
a83 a83
a86 a86
a87 a87
a90 a90
a94 a23 a94
a98 a98
a99 a99
