L11 L93 L48 L72 L8 L87 L5 L40 L5 L62 L69 L101 L7 L146 L150 L100 L115 L66 L32 L179 L119 L46 L195 L137 L125 L65 L70 L30 L175 L141 L9 L91 L102 L1 L145 L131 L9 L169 L88 L4 L134 L27 L124 L74 L155 L132 L54 L184 L190 L4 L2 L154 L12 L89 L79 L75 L42 L99 L1 L187 L147 L22 L53 L188 L96 L5 L64 L181 L168 L112 L90 L136 L3 L109 L1 L198 L130 L161 L31 L128 L23 L106 L7 L85 L1 L121 L191 L1 L114 L113 L120 L192 L177 L58 L84 L110 L103 L43 L76 L160 L19 L29 L180 L104 L189 L173 L28 L193 L139 L16 L11
96
L1 L1
L7 L7
L8 L8
L9 L9
L11 L14 L86 L118
L16 L16
L19 L19
L22 L22
L23 L23
L27 L27
L28 L28
L29 L29
L30 L30
L31 L31
L32 L32
L40 L40
L42 L42
L43 L43
L46 L46
L48 L48
L53 L53
L54 L54
L58 L58
L62 L62
L64 L64
L65 L65
L66 L66
L69 L69
L70 L70
L72 L10 L72
L74 L74
L75 L75
L76 L76
L79 L79
L84 L84
L85 L85
L87 L87
L88 L88
L89 L89
L90 L90
L91 L91
L93 L93 L197
L96 L96
L99 L99
L100 L100
L101 L101
L102 L102
L103 L103
L104 L104
L106 L106
L109 L109
L110 L110
L112 L112
L113 L113
L114 L114
L115 L115
L119 L119
L120 L120
L121 L121
L124 L124
L125 L125
L128 L128
L130 L130
L131 L131
L132 L132
L134 L134
L136 L136
L137 L137
L139 L139
L141 L141
L145 L145
L146 L146
L147 L147
L150 L150
L154 L154
L155 L155
L160 L160
L161 L161
L168 L168
L169 L169
L173 L173
L175 L175
L177 L177
L179 L179
L180 L180
L181 L181
L184 L184
L187 L187
L188 L188
L189 L189
L190 L190
L191 L191
L192 L192
L193 L193
L195 L195
L198 L198
