AAA AAB ABB ABC AAC AAD ABD ACD ACC ACB ACA ADA BAA BBA BCA BDA CAA CAB CBB CCB CCA CDA DAA DAB DBB DBA DCA DDA EAA EAB EAC EAD EBD ECD EBD EBC EBB EBA ECA EDA FAA FAB FAC FAD FBD FCD FBD FAD FAC FBC FBB FBA FCA FDA GAA GAB GAC GBC GAC GAD GBD GCD GDD GDC GDB GDA HAA HAB HBB HAB HAC HAD HAC HBC HBD HCD HCC HCB HCA HDA IAA IAB IBB IBC IAC IAD IBD ICD ICC ICB ICA IDA JAA JBA JCA JDA KAA KAB KAC KAD KAC KAB KBB KBC KBD KCD KCC KCB KCA KDA LAA LAB LAC LAD LAC LBC LBD LCD LCC LCB LBB LAB LAA KDA KCA KBA KAA JDA JDB JDC JDD JCD JCC JCB JBB JBC JAC JAD JAC JAB JAA IDA ICA IBA IAA HDA HCA HBA HAA GDA GCA GCB GBB GAB GAA FDA FCA FCB FBB FAB FAA EDA ECA EBA EAA DDA DCA DCB DBB DBC DBD DCD DBD DAD DAC DAB DAA CDA CCA CBA CAA BDA BDB BDC BDD BCD BBD BAD BBD BCD BBD BBC BBB BCB BCA BDA CAA CAB CAC CAD CBD CCD CBD CBC CBB CAB CAA BDA BCA BBA BAA ADA ACA ABA AAA
62
AAD AAD
ABB ABB
ABC ABC
ACB ACB
ACD ACD ADD
BAD BAD
BBB BBB
BBC BBC
BCB BCB
BCD BCD
BDD BDD
CAD CAD
CBB CBB
CBC CBC
CCB CCB
CCD CCD CDD
DAD DAD
DBB DBB
DBC DBC
DCB DCB
DCD DCD DDD
EAD EAD
EBB EBB ECB
EBC EBC
ECD ECD EDD
FAD FAD
FBB FBB
FBC FBC
FCB FCB
FCD FCD FDD
GAD GAD
GBB GBB
GBC GBC
GCB GCB
GCD GCD
GDD GDD
HAD HAD
HBB HBB
HBC HBC
HCB HCB
HCD HCD HDD
IAD IAD
IBB IBB
IBC IBC
ICB ICB
ICD ICD IDD
JAD JAD
JBB JBB
JBC JBC
JCB JCB
JCD JCD
JDD JDD
KAD KAD
KBB KBB
KBC KBC
KCB KCB
KCD KCD KDD
LAD LAD
LBB LBB
LBC LBC
LCB LCB
LCD LCD LDD
