AAA AAB AAC ABC ABB ACB ACA ADA BAA BAB BBB BCB BCA BDA CAA CAB CBB CCB CCA CDA DAA DBA DCA DDA EAA EAB EBB ECB ECA EDA FAA FAB FAC FAD FBD FCD FBD FBC FBB FAB FAA EDA EDB EDC EDD ECD EBD EAD EAC EAB EAA DDA DCA DCB DCC DCD DBD DAD DAC DBC DBB DAB DAA CDA CDB CDC CDD CCD CBD CBC CAC CAD CAC CAB CAA BDA BDB BDC BDD BCD BBD BAD BAC BBC BAC BAB BAA ADA ADB ADC ADD ACD ABD AAD AAC AAB AAA
32
AAD AAD
ABB ABB
ABC ABC
ACB ACB
ACD ACD
ADD ADD
BAD BAD
BBB BBB
BBC BBC
BCB BCB
BCD BCD
BDD BDD
CAD CAD
CBB CBB
CBC CBC
CCB CCB
CCD CCD
CDD CDD
DAD DAD
DBB DBB
DBC DBC
DCB DCB
DCD DCD DDD
EAD EAD
EBB EBB EBC
ECB ECB
ECD ECD
EDD EDD
FAD FAD
FBB FBB FCB
FBC FBC
FCD FCD FDD
