Gastre Coatzacoalcos Charlestown Gwadar Taungoo Polatsk Aasiaat Forteau Hope Channahon Kindu Neryungri Baicheng Coronel Bell Maidenhead Destrnik Luganville Visby Derby Sholapur Kyrenia Sambava Chepes Cumming Polevskoy Daloa Bovec Tukchi Scottsdale Punakha Absecon Bungoma Branson Malolos Clay Woodinville Scranton Benha Caen Bosilovo Leo Narva Juliaca Cocieri Kalgoorlie Winters Allahabad Dongola Pingtung Triesen Gastre
50
Allahabad Allahabad
Benha Benha
Cumming Cumming
Maidenhead Maidenhead
Kalgoorlie Kalgoorlie
Malolos Malolos
Bovec Bovec
Woodinville Woodinville
Tukchi Tukchi
Polevskoy Polevskoy
Scranton Scranton
Destrnik Destrnik
Charlestown Charlestown
Baicheng Baicheng
Clay Clay
Luganville Luganville
Coronel Coronel
Kindu Kindu
Chepes Chepes
Taungoo Taungoo
Channahon Channahon
Neryungri Neryungri
Narva Narva
Sambava Sambava
Winters Winters
Cocieri Cocieri
Kyrenia Kyrenia
Derby Derby
Visby Visby
Bosilovo Bosilovo
Dongola Dongola
Coatzacoalcos Coatzacoalcos
Bungoma Bungoma
Polatsk Polatsk
Aasiaat Aasiaat
Hope Hope
Branson Branson
Absecon Absecon
Gwadar Gwadar
Triesen Triesen
Juliaca Juliaca
Pingtung Pingtung
Scottsdale Scottsdale
Sholapur Sholapur
Daloa Daloa
Bell Bell
Caen Caen
Punakha Punakha
Leo Leo
Forteau Forteau
