Wrightsville Irvington Leeuwarden Mzimba Rivas Ayacucho Pljevlja Bayonne Changde Ljutomer Progress Asti Rauna Praya Metz Gemena Sayhut Golubac Necochea Zanzibar Coihaique Temirtau Hsinchu Gevgelija Maywood Palopo Wrightsville
25
Leeuwarden Leeuwarden
Hsinchu Hsinchu
Irvington Irvington
Bayonne Bayonne
Rauna Rauna
Mzimba Mzimba
Gemena Gemena
Changde Changde
Golubac Golubac
Zanzibar Zanzibar
Rivas Rivas
Temirtau Temirtau
Ljutomer Ljutomer
Pljevlja Pljevlja
Progress Progress
Palopo Palopo
Asti Asti
Necochea Necochea
Sayhut Sayhut
Praya Praya
Metz Metz
Gevgelija Gevgelija
Ayacucho Ayacucho
Coihaique Coihaique
Maywood Maywood
