Milton Ihosy Campana Harahan Pakalongan Pleasantville Zicheng Sofia Eydhafushi Keene Rumuruti Tunapuna Hengshui Bonao Zvezdnyy Madrid Helotes Zumpango Lodja Totness Elburn Moanda Shamva Agago Socorro Pasadena Kirovohrad Clawson Siquijor Sari Jeonju Samux Plast Aizawl Barddhaman Tabuk Morondava Dalby Multan Chancay Kanoya Kelang Barabinsk Winona Nusaybin Martin Jambi Joliet Esik Esmeraldas Devine Ipatinga Marsaskala Cairo Littlestown Yevlax Kiruna Bam Managua Zadar Heath Mauldin San Luga Kasaali Skiatook Piran Karur Chicago Burylbaytal Moorhead Toktogul Tallaght Trang Ashtabula Tabriz Arras Kimba Shu Kerma Boosaaso Quime Cooma Hayden Jizan Berkley Plainfield Salsk Koboko Jerusalem Crawfordsville Cochrane Wallington Makinsk Nguigmi Scottsdale Chicopee Kitamilo Carnikava Dunhuang Milton
100
Tunapuna Tunapuna
Koboko Koboko
Wallington Wallington
Cairo Cairo
Pakalongan Pakalongan
Kiruna Kiruna
Devine Devine
Heath Heath
Multan Multan
Agago Agago
Nguigmi Nguigmi
Ihosy Ihosy
Skiatook Skiatook
Mauldin Mauldin
Harahan Harahan
Shu Shu
Nusaybin Nusaybin
Luga Luga
Kelang Kelang
Pasadena Pasadena
Madrid Madrid
Zumpango Zumpango
Zadar Zadar
Kanoya Kanoya
Aizawl Aizawl
Kerma Kerma
Tabriz Tabriz
Kasaali Kasaali
Trang Trang
Barabinsk Barabinsk
Dalby Dalby
Jizan Jizan
Totness Totness
Chicago Chicago
Marsaskala Marsaskala
Clawson Clawson
Hayden Hayden
Burylbaytal Burylbaytal
Elburn Elburn
Pleasantville Pleasantville
Managua Managua
Milton Milton
Karur Karur
Cochrane Cochrane
Toktogul Toktogul
Samux Samux
Scottsdale Scottsdale
Piran Piran
Ipatinga Ipatinga
Plast Plast
Cooma Cooma
Jambi Jambi
Winona Winona
Kirovohrad Kirovohrad
Boosaaso Boosaaso
Crawfordsville Crawfordsville
Tabuk Tabuk
Sofia Sofia
Arras Arras
Chancay Chancay
Zicheng Zicheng
Esmeraldas Esmeraldas
Rumuruti Rumuruti
Yevlax Yevlax
Socorro Socorro
Moanda Moanda
Barddhaman Barddhaman
Shamva Shamva
Esik Esik
Berkley Berkley
Carnikava Carnikava
Jeonju Jeonju
Makinsk Makinsk
Ashtabula Ashtabula
Hengshui Hengshui
Kimba Kimba
Siquijor Siquijor
Salsk Salsk
Bonao Bonao
Joliet Joliet
Moorhead Moorhead
Quime Quime
Littlestown Littlestown
San San
Sari Sari
Dunhuang Dunhuang
Plainfield Plainfield
Zvezdnyy Zvezdnyy
Jerusalem Jerusalem
Tallaght Tallaght
Helotes Helotes
Martin Martin
Eydhafushi Eydhafushi
Kitamilo Kitamilo
Lodja Lodja
Chicopee Chicopee
Campana Campana
Morondava Morondava
Bam Bam
Keene Keene
