Soda Location159 Location13 Location49 Location2 Location75 Location61 Location42 Location120 Location21 Location64 Location133 Location13 Location133 Location43 Location151 Location160 Location18 Location192 Location125 Location130 Location135 Location177 Location98 Location93 Location66 Location96 Location176 Location38 Location24 Location31 Location34 Location192 Location56 Location99 Location184 Location75 Location7 Location48 Location81 Location105 Location30 Location141 Location115 Location19 Location163 Location45 Location189 Location6 Location180 Location12 Location60 Location27 Location0 Location145 Location36 Location163 Location19 Location25 Location112 Location41 Location102 Location95 Location27 Location0 Location145 Location177 Location104 Location149 Location191 Location66 Location96 Location28 Location151 Location160 Location40 Location162 Location137 Location158 Location9 Location135 Location17 Location143 Location115 Location144 Location65 Location62 Location126 Location62 Location65 Location144 Location115 Location97 Location179 Location48 Location16 Location6 Location134 Location133 Location64 Location144 Location77 Location10 Location11 Location74 Location171 Location57 Location88 Location163 Location19 Location99 Location56 Location190 Location50 Location58 Location1 Location156 Location101 Location96 Location176 Location163 Location88 Location60 Location12 Location180 Location168 Location119 Location39 Location89 Location11 Location74 Location26 Location117 Location189 Location173 Location153 Location163 Location129 Location76 Location68 Location79 Location192 Location32 Location120 Location42 Location30 Location187 Location13 Location159 Soda
71
Location0 Location131 Location0
Location1 Location1
Location9 Location9
Location10 Location10
Location11 Location11
Location12 Location12
Location13 Location188
Location16 Location16
Location19 Location164 Location19
Location25 Location25
Location26 Location46
Location27 Location27
Location28 Location28
Location30 Location30
Location32 Location116 Location32
Location34 Location34
Location36 Location36
Location38 Location38
Location39 Location39
Location40 Location40
Location41 Location41
Location42 Location42
Location43 Location43
Location48 Location48
Location49 Location49 Location70
Location50 Location50
Location56 Location56 Location113
Location57 Location57
Location60 Location60
Location61 Location3 Location182
Location62 Location62
Location64 Location64
Location74 Location74 Location87
Location75 Location75
Location88 Location88
Location89 Location89
Location96 Location90
Location99 Location99
Location101 Location128 Location101
Location102 Location102
Location104 Location104
Location105 Location105
Location112 Location112
Location115 Location115
Location119 Location119
Location120 Location120 Location72
Location125 Location125
Location126 Location147
Location129 Location129
Location134 Location134
Location135 Location135
Location143 Location33 Location143
Location144 Location144
Location145 Location145
Location149 Location149
Location151 Location132 Location151
Location158 Location158 Location154
Location162 Location162
Location163 Location163
Location168 Location168
Location173 Location173
Location176 Location8 Location176
Location179 Location179
Location180 Location180 Location29
Location184 Location142 Location184
Location187 Location187
Location189 Location172 Location189 Location123
Location190 Location190
Location191 Location191 Location181
Location192 Location118 Location127
Soda Soda
