Soda Location96 Location77 Location96 Location8 Location45 Location8 Location76 Location17 Location56 Location58 Location44 Location7 Location11 Location80 Location11 Location5 Location62 Location66 Location32 Location64 Location94 Location95 Location38 Location63 Location3 Location12 Location32 Location49 Location20 Location22 Location82 Location33 Location10 Location33 Location52 Location73 Location70 Location79 Location72 Location16 Location48 Location1 Location48 Location73 Location70 Location40 Location93 Location48 Location16 Location54 Location28 Location63 Location64 Location74 Location57 Location20 Location31 Location58 Location29 Location94 Location37 Location60 Location95 Location46 Location26 Location46 Soda
33
Location1 Location1
Location3 Location3
Location5 Location5
Location7 Location7
Location10 Location10
Location12 Location12
Location16 Location16
Location17 Location17
Location20 Location20
Location26 Location26 Location0
Location28 Location28
Location29 Location29
Location31 Location31
Location32 Location32
Location37 Location42
Location38 Location38
Location44 Location44
Location45 Location39 Location2 Location45
Location46 Location46
Location56 Location56
Location57 Location9 Location57
Location58 Location58
Location66 Location66
Location70 Location70 Location35
Location72 Location72 Location41
Location74 Location74
Location76 Location76
Location77 Location77
Location79 Location79
Location80 Location80 Location23
Location82 Location82
Location93 Location93
Location94 Location94
