Soda Location45 Location5 Location42 Location23 Location32 Location39 Location0 Location18 Location19 Location38 Location33 Location25 Location29 Location36 Location45 Location43 Location22 Location11 Location9 Location21 Location2 Location30 Location8 Location31 Soda
18
Location0 Location0 Location13
Location2 Location2
Location5 Location5
Location9 Location9
Location19 Location19
Location21 Location21
Location22 Location10 Location22
Location29 Location29
Location30 Location30
Location31 Location31
Location32 Location32
Location33 Location33
Location36 Location44
Location38 Location38
Location42 Location42
Location43 Location43
Location45 Location45
Soda Location40
