xjbms fuume usrtf bthif kyaqs tykrt impuz bqgqy mrnvg deoux psudb kvvqk bsuwt xeikc ejwkt vaeqh ybgaf ydhop xecik akegy czppi wnlug iddrb ocgbu bicnj mbzzn riwwe dzfkr nnnts lfceh bwgqu lkzxl beqlb lyixz nrtqp wxnxi npvgp fxnnl hwhxr xjbms
39
hwhxr hwhxr
wnlug wnlug
kyaqs kyaqs
nrtqp nrtqp
beqlb beqlb
vaeqh qkysn vaeqh
akegy akegy
lkzxl lkzxl
bicnj bicnj
czppi czppi
fuume fuume lpolv
dzfkr dzfkr
fxnnl fxnnl
lyixz lyixz
mbzzn mbzzn
bthif bthif
iddrb iddrb
xecik xecik
deoux deoux
ydhop ydhop
impuz fnhle impuz
riwwe riwwe
xjbms xjbms
ejwkt ejwkt
wxnxi wxnxi
npvgp npvgp
usrtf rnrnh itxfb usrtf uegez hstmf
lfceh uzzfw xvefe lfceh
psudb psudb
bqgqy bqgqy yztko
bsuwt bsuwt
xeikc xeikc
bwgqu bwgqu
tykrt tykrt
kvvqk kvvqk
nnnts nnnts
ocgbu ocgbu
mrnvg mrnvg
ybgaf ybgaf llwzk
