mqncr qxsoe jkkgv mpjyf qkftw gsdqj gpwkr mjgiw qpjoh kwvgs diapc peobk hribg tctxs dsbhm gkosc vnnvv pvzeb mnymy fjrpj ypkmm lfdet zcixl fblut qwmew ayayj edxoe macxu iigud jwmjp byjai mqreu anscp qotnp eakkr vzoqh cfspg rnrth wwphq cegzm igpmu ssyjd ylsow derxh mbqyg mwoev dsfpg jvfig hrhzb nppux kdtrw qrmyp jxcvu ygust iggzg tyjab rtshe axdtz pnmkd mxihv irkbu lhsag sfgmu ywyyb sxqhs eustb bymoa innfa awsuk eludu mzwec xphcw drrap mqncr
72
fblut fblut
ypkmm ypkmm
jwmjp kqysx eqddq bwinl jwmjp yuuqu
iggzg iggzg
xphcw xphcw
qotnp qotnp
sxqhs sxqhs
mpjyf mpjyf
gkosc gkosc
mqreu mqreu dkdci
dsbhm dsbhm
nppux nppux
dsfpg dsfpg
jxcvu jxcvu
wwphq wwphq
qxsoe qxsoe
ayayj aoxfw ayayj gztsf
lfdet lfdet
eludu eludu
mnymy tcxbn mnymy
macxu macxu
pvzeb pvzeb
mzwec mzwec
eustb eustb
peobk peobk
hribg hribg
rnrth rnrth
bymoa bymoa
diapc qcfox diapc
kwvgs kwvgs
qrmyp qrmyp
gsdqj gsdqj
edxoe edxoe
lhsag jjlwh lhsag
ygust ygust
qpjoh lukkm qpjoh
mjgiw mjgiw
tctxs mlqbj tctxs
jvfig jvfig
vzoqh vzoqh
mwoev mwoev
vnnvv vnnvv mrnva
eakkr eakkr
rtshe rtshe piswp
anscp anscp sbnmi
qkftw qkftw
drrap drrap
fjrpj ilbfw fjrpj btqda xftof yuvek
derxh derxh
ylsow ylsow
gpwkr gpwkr
ywyyb ywyyb
qwmew qwmew tcqqe
mxihv mxihv
pnmkd pnmkd
sfgmu drlqp sfgmu
ssyjd ssyjd
cegzm cegzm
innfa innfa qfcxo cakfa dxllq
mbqyg fnipk mbqyg
hrhzb hrhzb
zcixl zcixl
jkkgv jkkgv jemlu
igpmu igpmu
cfspg cfspg ibnyw
byjai uooez byjai
irkbu irkbu
kdtrw kdtrw
awsuk awsuk
axdtz axdtz
iigud iigud
tyjab tyjab
