0 52 50 38 37 66 44 70 23 27 21 72 77 26 156 11 62 78 68 75 10 33 20 35 41 64 76 42 22 73 74 58 67 139 57 13 29 18 9 10 43 48 16 8 15 60 47 34 45 1 7 4 5 55 56 28 63 31 12 55 19 17 54 24 61 39 30 51 6 71 25 32 3 59 2 49 69 65 53 14 0
76
0 0
1 1
2 2
3 3
4 4
5 5
6 6
7 7
8 8
9 9
10 10
11 11
12 12
13 13
14 14
15 15
16 16
17 17
18 18
19 19
20 20
21 21
22 22
23 23
24 24
25 25
26 26
27 27
28 28
29 29
30 30
31 31
32 32
33 33
34 34
35 35
37 46 37
38 38
39 39
41 41
42 42
43 43
44 44
45 45
47 47
48 48
49 49
50 50
51 51
52 52
53 53 36
54 54
55 55
56 56
57 57
58 58
59 59
60 60
61 61
62 62
63 63
64 64
65 65
66 66
67 67
68 68
69 69
70 70
71 71
72 72
73 73
74 74
75 75
76 76
77 77
78 78
