Soda Qqlqdxhzie Jnaceez Tjqkxczzumv Rchfmjdesx Saglt Lyurrdtdw Nkqzgfasj Swqguyhe Xkegoqksfou Yyrymdkl Lwkzgtniodd Lxdhirt Fwerc Ibnxkznems Xyqun Phjuuz Lcia Shqm Qwisoqgzm Lwkzgtniodd Fedxvznrqw Hoir Vlgzfpnbc Cyvexr Mvcjmf Lhsmxzizl Saglt Pliaph Qwebscsrirm Vevhjnfq Slhe Ppbp Myxxw Nqdl Rxeuijsrpky Fagweskgci Yxjvwhefqif Vbbopctjfsu Prteefgv Kslp Fmgwavgppb Qwisoqgzm Psynz Hfbml Svdpn Wyvuhfzpeh Lisdkopju Bjxy Eqtpmllrky Soda
41
Swqguyhe Swqguyhe Padpmqkrh
Mvcjmf Vbibp
Lwkzgtniodd Hbsc Lwkzgtniodd
Lhsmxzizl Lhsmxzizl
Hfbml Hfbml
Phjuuz Phjuuz
Svdpn Svdpn
Yyrymdkl Yyrymdkl
Vevhjnfq Vvvqw
Shqm Zxrxvqvnm
Vbbopctjfsu Vbbopctjfsu Xbpw
Fmgwavgppb Fmgwavgppb
Fwerc Mzwrip Fwerc
Saglt Saglt Uqfqb Usfucahrvrj
Tjqkxczzumv Tjqkxczzumv
Lcia Lcia
Kslp Kslp
Eqtpmllrky Eqtpmllrky
Yxjvwhefqif Yxjvwhefqif
Jnaceez Jnaceez
Qwisoqgzm Zgvnjegpj
Prteefgv Prteefgv Ugtgajtqmg
Ibnxkznems Ibnxkznems
Lyurrdtdw Lyurrdtdw
Rxeuijsrpky Rxeuijsrpky
Rchfmjdesx Rchfmjdesx
Slhe Slhe
Ppbp Fwmaudwdwa
Xkegoqksfou Xkegoqksfou
Psynz Psynz
Hoir Hoir
Fagweskgci Fagweskgci
Nqdl Nqdl
Qwebscsrirm Qwebscsrirm
Pliaph Pliaph
Nkqzgfasj Zcefzlovt Nkqzgfasj
Xyqun Xyqun
Cyvexr Cyvexr Ncfr
Wyvuhfzpeh Wyvuhfzpeh
Vlgzfpnbc Vlgzfpnbc
Myxxw Myxxw
