Soda Idwoxehtk Ncyuq Gsbrvvyhxcc Ycnmyyspjf Naovhz Plptbkef Cgcszojbs Plptbkef Gzgo Rfwigv Ukih Wgigv Ygykrl Dacrfmpv Rfgfrncmnd Hbogcfyxa Ojnvskrpfp Fpujhjd Rjuvckvy Sicichvcten Kpdxi Naovhz Pvqvkpcd Xiykasaul Soda
19
Ncyuq Ncyuq
Ojnvskrpfp Ojnvskrpfp
Kpdxi Jdqn
Xiykasaul Xiykasaul
Dacrfmpv Dacrfmpv
Hbogcfyxa Xmibe Hbogcfyxa Xgyovgk
Cgcszojbs Ncul
Fpujhjd Fpujhjd
Plptbkef Plptbkef
Pvqvkpcd Pvqvkpcd
Ygykrl Ygykrl
Soda Soda
Wgigv Kvcj Wgigv
Rfwigv Sjwkqvmzq Rfwigv
Gsbrvvyhxcc Gsbrvvyhxcc
Rjuvckvy Wksfdqrv Rjuvckvy
Ycnmyyspjf Ycnmyyspjf
Sicichvcten Wdhdwqbb Sicichvcten
Idwoxehtk Idwoxehtk
