0 179 33 21 24 164 34 13 88 199 104 12 92 156 45 125 8 80 98 124 102 106 57 140 93 3 108 97 188 6 197 160 90 50 145 153 15 32 118 52 40 16 86 134 35 29 58 46 149 130 29 173 0
49
3 3
6 6
8 8
12 12
13 23 13
15 15 27
21 53 21
24 24
29 152 29
32 32
33 33
34 34
35 35
40 40
45 45 61
46 46
50 50 144
52 52
57 57
58 58
80 80 154
86 86
88 88
90 90
92 92
93 93
97 97
98 98
102 102
104 104
106 106
108 108
118 118
124 124
125 125
130 181 130
134 134
140 140 55
145 131 145
149 149
153 153
156 156
160 160
164 164
173 173
179 179
188 188 42
197 197
199 199
