KMZ ACK WYK CDW EVY YWR WZI LCB OUR EKW GJW YEC YET FYE KVT KAL BVP AFO XPB XFP YGM GVH KQK MBM RDP WVO IYC HTV WDE QUS HTU YFA COR CEA MMI MWN VZI SRK PSZ NSY URI EFO TBO RHL WXC DZY BMH PKG TFL HDY KDO WDN WPB BMH CSI DEW XNH OBR GEV GMG NYW BWL IKT FZZ PSZ ZUA VNH XWZ XXL PWL KNQ KDF NLD RWN KBZ BUN ENU VIF DGD BTR YQU GJK RMW XNM NDM ZES GAZ SZK HPL FBZ HGZ VSQ ZCR KDH IEN NYW UAO VTA HSN EXX HON QOE XYT BMH KMZ
97
KMZ JTH
OUR OUR
PSZ PSZ
BMH BMH
DEW DEW
NYW NYW
MWN MWN
RHL RHL
GAZ GAZ
MMI MMI
KDH KDH
KDF KDF
WDN WDN
EKW EKW
VSQ VSQ
CDW CDW
VZI VZI
GJW GJW
KBZ KBZ
XNM XNM
WXC WXC
HPL HPL
YEC YEC
ENU ENU
RWN RWN
YWR MWC YWR
HDY HDY
WPB WPB
EFO EFO
GVH GVH
YGM YGM
XNH XNH
PKG PKG
XWZ XWZ
VNH VNH
EVY EVY MQG
NDM NDM
VTA VTA
AFO AFO
HSN HSN
QUS QUS
FBZ FBZ
KNQ KNQ
QOE QOE
HGZ HGZ
XFP XFP
XPB XPB
BVP BVP
GJK GJK
HTU HTU
HTV HTV
IKT IKT
XXL XXL
ZES ZES
BUN BUN
PWL PWL
UAO UAO
LCB LCB
KQK KQK
KDO KDO
BWL BWL
VIF VIF
COR COR
WYK WYK
OBR OBR
WZI WZI
FZZ FZZ
KAL KAL LRF
ZUA ZUA
URI URI
IYC IYC
GEV GEV
CEA CEA
MBM MBM
NLD NLD
YFA YFA
DGD DGD
CSI CSI
RDP RDP
WVO WVO
DZY DZY
YET YET
KVT KVT
TFL TFL
SZK SZK
ZCR ZCR
IEN IEN
BTR BTR
EXX EXX
WDE WDE
YQU YQU
ACK ACK
GMG GMG
NSY NSY
FYE FYE
HON HON
XYT XYT
