m6 r8 a0 l0 h9 j8 a8 b0 h8 c5 n5 c2 g6 f1 l8 k4 l5 n3 g0 j2 n8 c9 f4 g0 v7 r4 v7 n2 w8 j1 x9 b3 d3 e1 f1 q0 m8 z8 h8 y0 b9 w2 v6 z8 b0 w1 f5 c0 v0 k4 n5 v4 j4 a6 m6 e6 f7 g2 g5 w3 e6 x1 l6 a9 d5 e2 j3 h4 w9 b8 q7 l2 z3 k8 d0 r2 a5 x7 l7 f6 a1 r1 c3 r7 e3 h1 n6 k2 g8 h7 j5 q6 d4 q4 w8 q1 e9 x7 n7 j0 c5 j9 g9 k4 m4 z9 v0 c6 v1 w8 q3 q8 x5 l4 k9 m6
96
a0 a0
a1 a1
a5 a5
a6 a6
a8 a8
a9 a9
b0 b0
b3 b3
b8 b8
b9 b9
c0 c0
c2 c2
c3 c3
c5 c5
c9 c9
d0 d0
d3 d3
d4 d4
d5 d5
e1 e1
e2 e2
e3 e3
e6 e6
e9 e9
f1 f1
f4 f4
f5 f5
f6 f6
f7 f7
g0 g0
g2 g2
g6 g6
g8 g8
g9 g9
h1 h1
h4 h4
h7 h7 k0
h8 h8
h9 h9
j0 j0
j1 j1
j2 j2
j3 j3
j4 j4
j5 j5
j8 j8
j9 j9
k2 k2
k4 k4
k8 k8
k9 k9
z3 z3
z8 z8
z9 z9
x1 x1
x5 x5
x7 x7
x9 x9
v0 v0
v1 v1
v4 v4
v6 v6
n2 n2
n3 n3
n5 n5
n6 n6
n7 n7
n8 n8
m4 m4
m6 k7 m6
m8 m8
l0 l0
l2 l2
l4 l4
l5 l5
l6 l6 r3
l7 l7
l8 l8
q0 q0
q1 q1
q3 q3
q4 q4
q6 q6
q7 q7
q8 q8
w1 w1
w2 w2
w3 w3
w8 w8
w9 w9
r1 r1
r2 r2
r4 r4
r7 r7
r8 r8
y0 y0
