stop0 stop29 stop168 stop149 stop74 stop5 stop84 stop147 stop123 stop90 stop104 stop79 stop42 stop82 stop63 stop47 stop27 stop100 stop81 stop1 stop9 stop143 stop167 stop19 stop11 stop116 stop0 stop163 stop144 stop102 stop110 stop131 stop88 stop68 stop2 stop93 stop57 stop127 stop91 stop15 stop61 stop18 stop35 stop1 stop128 stop13 stop92 stop113 stop112 stop39 stop106 stop105 stop69 stop59 stop160 stop14 stop146 stop0 stop10 stop4 stop28 stop125 stop161 stop8 stop60 stop40 stop118 stop30 stop71 stop26 stop44 stop17 stop10 stop46 stop156 stop142 stop73 stop6 stop139 stop109 stop2 stop50 stop159 stop2 stop24 stop62 stop107 stop122 stop78 stop51 stop0
80
stop0 stop101 stop0
stop2 stop2
stop4 stop4
stop8 stop8
stop10 stop10
stop11 stop11
stop13 stop13
stop14 stop14
stop15 stop15
stop17 stop17
stop18 stop18
stop19 stop19
stop24 stop24
stop26 stop26
stop27 stop27
stop28 stop28
stop29 stop138 stop16 stop29
stop30 stop30
stop35 stop35
stop39 stop39
stop40 stop40
stop42 stop42
stop44 stop44
stop46 stop46
stop47 stop47
stop50 stop50
stop51 stop51
stop57 stop57
stop59 stop59
stop60 stop60
stop61 stop61
stop62 stop62
stop63 stop63
stop68 stop68
stop69 stop69
stop71 stop71
stop73 stop73
stop74 stop74
stop78 stop78
stop79 stop79
stop81 stop81
stop82 stop82
stop84 stop84
stop88 stop88
stop90 stop90
stop91 stop91
stop92 stop92
stop93 stop93
stop100 stop100
stop102 stop102
stop104 stop104
stop105 stop105
stop106 stop106
stop107 stop107
stop109 stop109
stop110 stop110
stop112 stop112
stop113 stop113
stop116 stop116
stop118 stop118
stop122 stop122
stop123 stop123
stop125 stop125
stop127 stop127
stop128 stop128
stop131 stop131
stop139 stop139
stop142 stop142
stop143 stop143
stop144 stop144
stop146 stop146
stop147 stop147
stop149 stop99 stop149
stop156 stop156
stop159 stop159
stop160 stop160
stop161 stop161
stop163 stop163
stop167 stop167
stop168 stop158 stop168 stop56
