0 10 148 46 154 133 154 19 12 29 57 39 161 120 32 51 35 26 64 72 69 193 80 61 9 98 87 17 181 128 60 49 89 42 77 28 78 6 96 22 75 37 48 5 99 15 11 43 187 82 21 13 173 153 2 114 3 0 66 79 25 4 139 38 85 89 81 139 97 47 62 130 8 105 20 76 58 33 73 102 65 44 45 90 50 109 91 30 35 36 27 41 94 126 70 95 83 92 40 14 174 54 84 1 24 16 177 67 55 52 68 7 56 38 53 21 13 18 0
95
13 13
97 97
48 48
87 87
95 95
161 86
81 81
44 44
17 17
29 29
40 40
4 4
21 21
25 25
16 16
85 85
6 6
68 68
75 75
53 53
50 50
3 3
70 70
61 61
58 58
19 19
60 60
64 64
33 33
73 73
133 31
46 46
80 80
14 14
52 52
42 42
83 83
99 34 99
49 49
65 65
27 27
41 41
22 22
79 79
18 18
5 5
82 82
1 1
15 15 23
55 55
2 2
43 43 93
84 84
20 20
54 54
94 94
37 37
69 69
66 66
0 0
177 74
92 92
32 32
62 62
10 10
28 28
56 56
38 38
78 78
90 90
24 24
47 47
12 12
7 7
98 98 59
72 72
45 45
126 88
9 9
57 57
67 67
35 35
36 36
89 89
39 39 63
8 8
30 30
26 26
96 96
11 11
76 76
77 77
51 51
91 91
187 71
