0 21 64 110 99 65 93 23 26 104 47 55 179 162 101 10 31 34 7 195 62 140 66 186 12 94 73 2 120 20 193 52 75 49 119 132 59 143 11 183 175 141 137 142 1 131 35 126 141 152 177 67 100 63 38 97 32 45 194 71 1 42 45 178 170 118 168 22 121 78 82 115 46 39 118 85 50 5 51 130 10 103 16 68 55 44 127 14 30 13 77 51 139 10 172 189 28 146 27 38 149 76 56 0
86
0 150
1 1
2 2 133 155
5 5
10 10
11 11
12 12
13 13
14 14
21 21
22 22
23 24 23 91
26 26
27 27
28 28
30 30
31 31
34 34
35 35
38 38
39 39
42 42
44 44
45 45
46 46
47 47
49 49
50 50
51 51
52 52
55 29
56 56
59 59
62 62
63 63
64 192 64 108
65 164
66 66
67 67
68 68
71 71
73 73
76 76
77 77
78 78
82 82
85 85
93 93
94 94
97 97
99 87 99 79
100 100
101 101
103 103
104 72 104
110 136 110 105
115 115
120 120
121 121
126 126
127 127
130 130
131 131
132 132
139 139
140 140
141 141
142 142
143 143 163
146 146
149 149
152 152
162 162
168 168
170 170
172 172
175 175
177 177
178 178
179 179
183 183
186 186
189 189
193 193
194 194
195 195
