0 132 126 162 182 116 82 136 186 138 70 20 155 46 139 36 29 104 61 6 102 122 28 98 120 191 7 30 149 160 103 68 92 176 140 62 19 196 135 150 174 184 74 112 11 16 124 105 60 194 192 142 44 14 86 158 3 170 146 97 48 84 18 106 154 153 118 149 66 81 69 22 178 166 156 4 90 26 130 106 18 134 198 178 188 142 192 108 24 0
73
0 0
4 4
6 6
14 14
16 16
18 12 18 42
19 148
20 20 64
22 22
24 24
26 26 152
28 28 76
30 2 30 114
36 36
44 44
46 46
48 48
60 60
61 164
62 62
66 66
68 68
69 38
70 70
74 74 190
82 32 82 128
84 84
86 86 94
90 78 90
92 56 92
98 98
102 102
103 52
104 58 104
106 106
108 108
112 96 112
116 116
118 54 118
120 120
122 122
124 124
126 126
130 130
132 132
134 134
136 136
138 138
139 8 144
140 140
142 34 88 142
146 146
150 150
154 154
155 40 72
156 156
158 158
160 10 160
162 100 162 168
166 166
170 170
174 174
176 110 176 180
178 178
182 182
184 184
186 186
188 188
191 80 172
192 50 192
194 194
196 196
198 198
