Soda Wheeler LeConte Senior KrutchTheater HearstFieldAnnex Stern Koshland Moses Insectary DoeLibrary SproulPlaza Hertz Foothill MemorialStadium GreekTheatre VLSB Dwinelle Pitzer Boalt Etcheverry Campbell HearstMiningCircle Bechtel EdwardsStadium Morgan Gilman Bechtel Cory ClarkKerr Simon LifeSciences MLK Bowles Jacobs Stanley Hildebrand Blackwell BarkerHall McLaughlin Giannini NorthGate HaasPavilion McCone Cheit Haste Observatory Soda
45
Bechtel Bechtel
Boalt Boalt
Cheit Cheit
Cory Cory
Dwinelle Dwinelle
Etcheverry Etcheverry
Giannini Giannini
GreekTheatre GreekTheatre
Haste Haste
HearstMiningCircle HearstMiningCircle
LifeSciences LifeSciences
McLaughlin McLaughlin
Jacobs Jacobs
KrutchTheater KrutchTheater
Hildebrand Hildebrand
MLK MLK
Moses Moses
Observatory Observatory
Senior Senior
SproulPlaza SproulPlaza
Stern Stern
VLSB VLSB
Wheeler Wheeler
BarkerHall BarkerHall
Blackwell Blackwell
Campbell Campbell
Bowles Bowles
ClarkKerr ClarkKerr
DoeLibrary DoeLibrary
EdwardsStadium EdwardsStadium
Foothill Foothill
Gilman Gilman
HaasPavilion HaasPavilion
HearstFieldAnnex HearstFieldAnnex
Hertz Hertz
Insectary Insectary
Koshland Koshland
LeConte LeConte
McCone McCone
MemorialStadium MemorialStadium
Morgan Morgan
NorthGate NorthGate
Pitzer Pitzer
Simon Simon
Stanley Stanley
