Soda Zellerbach Bechtel Kroeber HearstFieldAnnex Soda Moffitt Hesse HaasPavilion Soda LeConte Moses1 Bowles Wellman BancroftLibrary SatherGate Foothill Giauque Warren1 Durant Cleary Sibley Cory1 EastGate Bechtel1 Observatory1 Haviland Cheit1 Hildebrand1 Giannini1 Warren Chou Latimer TangCenter1 Soda McEnerney Hargrove Chvez LifeSciences1 Tan Haste1 Boalt1 WooHonFai Bechtel WestGate1 NorthGate HeatingPlant Morrison Soda1 OBrien Kleeberger CalvinLaboratory1 Greenhouse Lewis Bechtel BarrowsHall TangCenter Gilman EdwardsStadium Davis BotanicalGarden Sproul FoxCottage HearstMiningCircle1 WestGate Bechtel Zellerbach1 Mulford Stephens1 Pimentel WooHonFai1 Stephens IshiCourt KrutchTheater1 Etcheverry1 CaliforniaHall LowerSproul GoldmanPlaza Campanile Bechtel Simon DoeLibrary Hilgard Birge MemorialStadium ClarkKerr Minor Pitzer Koshland Insectary Jacobs1 MemorialGlade HearstGymnasium SutardjaDai Stanley McCone Hertz GreekTheatre1 Dwinelle1 SutardjaDai1 McLaughlin1 Morgan Wurster MLK1 StadiumRim Eshleman Evans Blum Soda
100
Bechtel Bechtel
Bowles Bowles
ClarkKerr ClarkKerr
DoeLibrary DoeLibrary
EdwardsStadium EdwardsStadium
Foothill Foothill
Gilman Gilman
HaasPavilion HaasPavilion
HearstFieldAnnex HearstFieldAnnex
Hertz Hertz
Insectary Insectary
Koshland Koshland
LeConte LeConte
McCone McCone
MemorialStadium MemorialStadium
Morgan Morgan
NorthGate NorthGate
Pitzer Pitzer
Simon Simon
Stanley Stanley
Tan Tan
Wellman Wellman
Wurster Wurster
Eshleman Eshleman
BarrowsHall BarrowsHall
Evans Evans
Birge Birge
FoxCottage FoxCottage
Blum Blum
BotanicalGarden BotanicalGarden
Giauque Giauque
GoldmanPlaza GoldmanPlaza
CaliforniaHall CaliforniaHall
Greenhouse Greenhouse
Chou Chou
Chvez Chvez
Hargrove Hargrove
Campanile Campanile
Haviland Haviland
HearstGymnasium HearstGymnasium
Cleary Cleary
HeatingPlant HeatingPlant
Davis Davis
BancroftLibrary BancroftLibrary
Hesse Hesse
Durant Durant
Hilgard Hilgard
EastGate EastGate
IshiCourt IshiCourt
Kleeberger Kleeberger
Kroeber Kroeber
Latimer Latimer
Lewis Lewis
LowerSproul LowerSproul
McEnerney McEnerney
MemorialGlade MemorialGlade
Minor Minor
Moffitt Moffitt
Morrison Morrison
Mulford Mulford
OBrien OBrien
Pimentel Pimentel
SatherGate SatherGate
Sibley Sibley
Sproul Sproul
StadiumRim StadiumRim
Stephens Stephens
SutardjaDai SutardjaDai
TangCenter TangCenter
Warren Warren
WestGate WestGate
WooHonFai WooHonFai
Zellerbach Zellerbach
Soda1 Soda1
Bechtel1 Bechtel1
Boalt1 Boalt1
CalvinLaboratory1 CalvinLaboratory1
Cheit1 Cheit1
Cory1 Cory1
Dwinelle1 Dwinelle1
Etcheverry1 Etcheverry1
Giannini1 Giannini1
GreekTheatre1 GreekTheatre1
Haste1 Haste1
HearstMiningCircle1 HearstMiningCircle1
LifeSciences1 LifeSciences1
McLaughlin1 McLaughlin1
Jacobs1 Jacobs1
KrutchTheater1 KrutchTheater1
Hildebrand1 Hildebrand1
MLK1 MLK1
Moses1 Moses1
Observatory1 Observatory1
Stephens1 Stephens1
SutardjaDai1 SutardjaDai1
TangCenter1 TangCenter1
Warren1 Warren1
WestGate1 WestGate1
WooHonFai1 WooHonFai1
Zellerbach1 Zellerbach1
