2 41 85 9 60 70 177 90 95 82 178 37 25 81 25 37 86 128 131 63 26 11 23 34 181 45 102 148 195 199 97 144 97 199 121 162 152 162 173 59 5 163 5 59 173 128 198 147 198 100 114 126 175 87 8 13 69 134 67 116 103 42 50 1 58 73 83 38 46 124 135 114 107 43 80 118 6 71 43 107 114 126 175 48 129 50 42 108 105 21 92 190 112 4 161 109 131 156 159 148 102 117 182 174 28 116 103 172 137 172 113 99 165 140 149 171 179 16 179 171 18 14 22 76 51 176 192 0 186 38 83 38 186 64 75 185 150 101 93 194 10 31 125 5 59 20 27 141 75 64 186 64 184 130 55 139 62 90 177 70 100 198 147 115 104 44 56 52 145 193 53 157 2
86
0 0
1 187
2 2
4 4
6 6
8 8
13 13 138
14 14
16 133
23 23
25 25
26 26
27 27 98
28 28
34 34
38 38
42 42
44 44
46 46
48 48
50 50
51 51
52 52
53 53
55 55
56 56
58 58
59 59
60 142
62 96
63 63
67 67
73 73
76 76
80 80 54
81 12
82 82
85 85
86 86
90 90
92 92
93 93
95 95
97 97
100 100
112 112
113 113
114 114
115 115
116 116
117 164
118 118
121 79 196 121 7
125 125
126 126
128 128
130 130
131 131
134 94 15
137 30
139 139
141 141
144 106
145 145
147 32
149 3 149
152 36
156 156
157 49 157
161 161
163 188 110 158
165 165
171 171
172 61
173 173
174 174
177 177
178 178
179 179
181 181
182 122 189 182
186 119 136
192 192
193 193
194 194
199 35
