71 37 91 64 38 96 65 9 65 94 45 62 66 58 77 93 55 32 6 99 43 30 36 2 33 81 95 21 50 63 80 79 73 26 47 40 69 34 24 25 99 7 87 75 19 74 20 88 41 31 41 88 83 5 11 16 29 59 89 86 52 39 3 28 97 13 49 54 14 3 39 52 85 90 67 42 70 53 44 60 37 71
46
2 2
5 5
6 6
7 7
9 0
11 35 11
13 13
19 19
21 21
24 24
26 26
28 28
29 29
30 30
33 33
36 36
38 38
39 39
41 41
42 42
43 84
45 45
47 10 47
49 49
50 50
53 53
54 54
55 55
59 59
60 60
64 64
65 65
66 66
69 69
70 70
74 74
75 15
77 77
79 79
85 85
86 18 78
87 87 61
88 88
94 94
95 95
96 96
