ffffff uu aaa qqqqqq ggggggg bbbbbb eeeee tttttt kkkkkkkk fffff ttttttt sssss bbbbbbb q gggggggg hhhhhhh ee zzzzz dd cccc d ffffffff xxxxx aaaa ii xxx qq cccccc pppp ppppp hhh aaaaaa rrrrrr qqq yy sss yyyyyyy oooooo ffff eeee tttt mm ssssss ttttt zzz jjjjjj sssssss xxxxxxx ccccccc hhhh lll oooooooo s eeeeee mmmm tt nnn o x iiiiiiii wwww rr eeeeeee e bbbbbbbb mmmmmmmm kkkkkk aaaaaaaa aa pppppppp vvvvvv k lllllll iiiiiii vvvvv uuuuuu b llllll llllllll xxxx vvv wwwww ooooo ssss gggg jjj cc kkkk uuu a dddd jjjj rrrrr ggggg ll uuuuuuu ffffff
96
pppppppp pppppppp
kkkk kkkk
o o
xxxxxxx xxxxxxx
ggggg ggggg
yyyyyyy yyyyyyy
xxxxx xxxxx
jjjj jjjj
qq qq
pppp pppp
xxxx xxxx
cc cc
mmmm mmmm
mmmmmmmm mmmmmmmm
bbbbbbbb bbbbbbbb
qqq qqq
fffff fffff nnnnnn
ssssss ssssss
lll lll
mm mm
eeeeee eeeeee m
cccccc cccccc
sss sss
d d
iiiiiii iiiiiii
ccccccc ccccccc
kkkkkk kkkkkk
ffff ffff
jjj jjj
bbbbbbb bbbbbbb
vvv vvv
kkkkkkkk kkkkkkkk
yy yy
b b
eeee eeee
ttttttt ttttttt
x x
ffffff ffffff
eeeeeee eeeeeee
aaaaaa aaaaaa
uu uu
sssss sssss
ii ii
eeeee eeeee
nnn nnn
gggggggg gggggggg
dddd dddd
aaaaaaaa aaaaaaaa
aa aa
ooooo ooooo
tt tt
sssssss sssssss
hhh hhh
uuuuuu uuuuuu
aaaa aaaa
a a
llllll llllll
aaa aaa
lllllll lllllll
zzz zzz
hhhhhhh hhhhhhh
ssss ssss
bbbbbb bbbbbb
ll ll
xxx xxx
rr rr
wwwww wwwww
vvvvvv vvvvvv
tttttt tttttt
s s
qqqqqq qqqqqq
hhhh hhhh
ee ee wwwwww
rrrrrr rrrrrr
e e
uuuuuuu uuuuuuu
q q
wwww wwww
zzzzz zzzzz
oooooo oooooo
k k
ggggggg ggggggg
dd j dd
vvvvv vvvvv
cccc cccc
rrrrr rrrrr
gggg gggg
ffffffff ffffffff
llllllll llllllll
iiiiiiii iiiiiiii
tttt tttt
jjjjjj jjjjjj
ppppp ppppp
ttttt ttttt
oooooooo oooooooo
uuu uuu
