f xxx ss j uuuuu zzz llllllll sss bbbbbbbb dddddddd a eeee p vvvv aaa qqqqqq uu xxxxxx ttttt hhhh ff jjjj wwww pp q ggggg hhh qqqqqqq rrrrrr c ffffffff v ssss lllll wwwwwww ggg iii nnnn vv s ssssss llllll z m qq f
45
ssss ssss
uu uu
v v
p p
eeee eeee
dddddddd dddddddd
zzz fffffff zzz
ttttt ttttt
xxxxxx xxxxxx
f f
iii iii
nnnn nnnn
s s
uuuuu uuuuu
ff ff
ggggg ggggg
llllllll llllllll
ss ss
rrrrrr jjjjjjj rrrrrr
m m
xxx xxx
z z
qqqqqq qqqqqq w
c c
hhhh hhhh
vvvv vvvv
bbbbbbbb bbbbbbbb
j j
sss sss
vv vv
qq qq
ggg ggg
ssssss ssssss
wwww wwww
qqqqqqq qqqqqqq
pp aaaaa pp
lllll lllll
ffffffff ffffffff
llllll llllll
hhh hhh
aaa aaa
jjjj jjjj
a a
q q rrrrrrrr
wwwwwww wwwwwww
