199 82 196 190 152 190 25 127 110 85 99 139 181 146 142 146 174 40 33 109 125 171 167 78 159 194 64 102 97 31 193 72 46 176 189 96 164 60 20 11 57 108 1 105 77 51 160 185 129 22 162 14 66 30 138 198 16 81 43 27 2 71 158 28 197 103 67 34 98 8 65 86 156 163 53 134 70 19 27 118 59 21 88 64 102 52 183 87 149 121 178 93 66 14 86 156 119 156 74 192 74 156 86 65 76 106 107 145 37 145 130 35 182 103 177 103 67 13 108 57 61 20 150 54 176 46 47 129 185 84 122 183 62 94 55 83 38 79 177 7 29 39 5 175 80 159 194 16 48 151 10 24 199
81
1 1
2 2
5 5 44
7 7
8 8
10 10
11 11
13 13
14 14
16 16
19 19
20 20
21 21 73
22 22 63 68
24 24
25 25
27 27
28 28
29 29
30 30
31 31
33 33
34 34
35 35
37 37
38 38
39 39 90
40 40
43 43 92
46 46
47 47
48 48
51 51
52 52
53 53
54 54
55 3 18 55
57 57
59 59
60 60
61 61
62 15 62
64 64
65 65
66 66
67 67
70 70
71 71
72 6 72
74 74
76 76
77 77
78 78
79 79
80 45 80
81 81
82 82
83 83
84 32 84
85 85
86 86
87 87
88 88
93 56 93
94 94
96 9 96
97 97
98 98
99 99
105 12 91
106 42
107 36
119 4
138 89
142 26
152 69
163 0 17 49 75
177 23 41
178 50
189 95
192 58
