AlbertFredHaines AnnDeannaLarzazs KathleenSherryDay TravisMichelleMeller JoannCharlieWilkinso MistyRobertKing ClaudeBobbyBaker WadeSonnyMcbride MarciaWalterKirschma EdwardErnestSinger StephenWilliamCoffma RolandGregoryWatson JohnBrendaFuller RickyJamesBrumfield RosaPatrickYankey WilliamDavidGray MarkAngelaMccloud DwainJoeFeldman DeeAmandaBartley MarkDianeDuchon BrettDominickSonnier LynnKennethChavez JessicaChristopherHa MichaelElizabethWeav JeremyJamesChavez DeniseBrunoWilliam TommyAmandaMartin MichaelMarkHolloway IsaacGregGargano LillianJuanAncona HowardKennethCollins SandraHarryStewart RobinStephenWebster CynthiaConnieWright GeorgeWilliamJackson DorisJeffreyBinger JimmyFlorTasson GaryCharlesHudson GlennaMichaelBorden PeterJosephBarbee JudyPearlineKaminski EricTinaPerea ThomasEssieEwing JamesJordanZamora JannaDavidCarranza KellyJohnnaOles BernicePennyRiddick BradleyDeborahSaball EricTammyScott DenaJewellDavis ManuelaJoseBailey MarthaJackRobinson KevinCharlesEvans GeorgeHenryVillar ZacharyWarrenKarth StormyOllieYork JudeJanetHarcourt JohnRichardSmith JackieSharonScherrer CraigJohnLard LawrenceBarryHadden DebraJaneFitzgerald CassandraJaniceGlove ElmerDemetriusLark CherylMaryMorgan KevinThomasHiggins EricJamesJuckett MaryJamesDavila HeidiMayJohnson JoStephenMay KathleenJoseClark FerdinandLukeJackson RonaldEdnaArant JosephAmandaMullen EdwardDennisStewart DianeElisePickett PerryJamesBennett StevenNeilNguyen AlbertFredHaines
78
AlbertFredHaines AlbertFredHaines
WilliamDavidGray WilliamDavidGray
DeniseBrunoWilliam DeniseBrunoWilliam
GeorgeHenryVillar GeorgeHenryVillar
JoannCharlieWilkinso JoannCharlieWilkinso
DianeElisePickett DianeElisePickett
DwainJoeFeldman DwainJoeFeldman
RolandGregoryWatson RolandGregoryWatson
RobinStephenWebster RobinStephenWebster
FerdinandLukeJackson FerdinandLukeJackson
LillianJuanAncona LillianJuanAncona
EricTammyScott EricTammyScott
ManuelaJoseBailey ManuelaJoseBailey
WadeSonnyMcbride WadeSonnyMcbride
RonaldEdnaArant RonaldEdnaArant
BernicePennyRiddick BernicePennyRiddick
MarthaJackRobinson MarthaJackRobinson
GeorgeWilliamJackson GeorgeWilliamJackson
MarciaWalterKirschma MarciaWalterKirschma
JudyPearlineKaminski JudyPearlineKaminski
JohnRichardSmith JohnRichardSmith
StevenNeilNguyen StevenNeilNguyen
KathleenSherryDay KathleenSherryDay
DeeAmandaBartley DeeAmandaBartley
MaryJamesDavila MaryJamesDavila
ClaudeBobbyBaker ClaudeBobbyBaker
MichaelElizabethWeav MichaelElizabethWeav
KellyJohnnaOles KellyJohnnaOles
StephenWilliamCoffma StephenWilliamCoffma
JackieSharonScherrer JackieSharonScherrer
GlennaMichaelBorden GlennaMichaelBorden
CynthiaConnieWright CynthiaConnieWright
DorisJeffreyBinger DorisJeffreyBinger
MistyRobertKing MistyRobertKing
JosephAmandaMullen JosephAmandaMullen
JamesJordanZamora JamesJordanZamora
JohnBrendaFuller JohnBrendaFuller
JimmyFlorTasson JimmyFlorTasson
KathleenJoseClark KathleenJoseClark
CherylMaryMorgan CherylMaryMorgan
JessicaChristopherHa JessicaChristopherHa
PeterJosephBarbee PeterJosephBarbee
KevinThomasHiggins KevinThomasHiggins
StormyOllieYork StormyOllieYork
BrettDominickSonnier BrettDominickSonnier
EdwardErnestSinger EdwardErnestSinger
LawrenceBarryHadden LawrenceBarryHadden
ZacharyWarrenKarth ZacharyWarrenKarth
EricJamesJuckett EricJamesJuckett
ElmerDemetriusLark ElmerDemetriusLark
HowardKennethCollins HowardKennethCollins
RickyJamesBrumfield RickyJamesBrumfield
CassandraJaniceGlove CassandraJaniceGlove
JannaDavidCarranza JannaDavidCarranza
TommyAmandaMartin TommyAmandaMartin
DebraJaneFitzgerald DebraJaneFitzgerald
MarkAngelaMccloud MarkAngelaMccloud
LynnKennethChavez LynnKennethChavez
MichaelMarkHolloway MichaelMarkHolloway
BradleyDeborahSaball BradleyDeborahSaball
ThomasEssieEwing ThomasEssieEwing
PerryJamesBennett PerryJamesBennett
IsaacGregGargano IsaacGregGargano
GaryCharlesHudson GaryCharlesHudson
JudeJanetHarcourt JudeJanetHarcourt
JoStephenMay JoStephenMay
EdwardDennisStewart EdwardDennisStewart
KevinCharlesEvans KevinCharlesEvans
DenaJewellDavis DenaJewellDavis
HeidiMayJohnson HeidiMayJohnson
AnnDeannaLarzazs AnnDeannaLarzazs
MarkDianeDuchon MarkDianeDuchon
JeremyJamesChavez JeremyJamesChavez
CraigJohnLard CraigJohnLard
EricTinaPerea EricTinaPerea
RosaPatrickYankey RosaPatrickYankey
SandraHarryStewart SandraHarryStewart
TravisMichelleMeller TravisMichelleMeller
