SueJosephGarza KennethShannonGardel CrystalShermanVida JessicaJohnSpells DarnellAliciaPeters WilliamGeorgeWilliam JohnDustinKenny PatriciaBernardBrock ThomasAnnieRuiz FranciscoFrancesHarr IraJimmyYang LillieKathleenCervan SueCourtneyOsgood JamesJaredGonzalez MelindaKennethAzar NathanKevinCorathers AshleyWilliamClarke ChristinaDanaGrant AnnaKyleChang PaulEvanRichard MaryLindaKirkland LeroySandraLewis MariaChristopherCast LucyBennyHaag WilburnDavidMiller LauraPhilipWinkler KevinHaroldCyr JohnJoseJudd PamelaPageBullock BrianLuzArce DonaldDoloresKelly PhyllisJackWilson LuisHelenHughes BrianRolandAli PaulShaneSoldner KarenErmaJensen OllieGeorgeSova AlfredaKirstenMartin MarianLuluDiaz ElsieJosephPhelps SueJosephGarza
39
PamelaPageBullock PamelaPageBullock
LauraPhilipWinkler LauraPhilipWinkler
MaryLindaKirkland MaryLindaKirkland
IraJimmyYang IraJimmyYang
KarenErmaJensen KarenErmaJensen
ElsieJosephPhelps ElsieJosephPhelps
MariaChristopherCast MariaChristopherCast
FranciscoFrancesHarr FranciscoFrancesHarr
KevinHaroldCyr KevinHaroldCyr
BrianRolandAli BrianRolandAli
NathanKevinCorathers NathanKevinCorathers
LillieKathleenCervan LillieKathleenCervan
MelindaKennethAzar MelindaKennethAzar
ChristinaDanaGrant ChristinaDanaGrant
JessicaJohnSpells JessicaJohnSpells
PhyllisJackWilson PhyllisJackWilson
JohnJoseJudd JohnJoseJudd
AlfredaKirstenMartin AlfredaKirstenMartin
LeroySandraLewis LeroySandraLewis
ThomasAnnieRuiz ThomasAnnieRuiz
PaulEvanRichard PaulEvanRichard
WilliamGeorgeWilliam WilliamGeorgeWilliam
LucyBennyHaag LucyBennyHaag
CrystalShermanVida CrystalShermanVida
BrianLuzArce BrianLuzArce
JohnDustinKenny JohnDustinKenny
PatriciaBernardBrock PatriciaBernardBrock
LuisHelenHughes LuisHelenHughes
OllieGeorgeSova OllieGeorgeSova
WilburnDavidMiller WilburnDavidMiller
JamesJaredGonzalez JamesJaredGonzalez
KennethShannonGardel KennethShannonGardel
MarianLuluDiaz MarianLuluDiaz
DarnellAliciaPeters DarnellAliciaPeters
PaulShaneSoldner PaulShaneSoldner
SueCourtneyOsgood SueCourtneyOsgood
AnnaKyleChang AnnaKyleChang
DonaldDoloresKelly DonaldDoloresKelly
AshleyWilliamClarke AshleyWilliamClarke
