SusanneJohnBerrios StephanieAaronWalker GarryDavidKingery ClaudiaDavidTaylor DougHelenHornbeck SpencerCourtneyBroth MattieBarbaraEkstrom DinahCatherineFaulkn RalphClydeMills JorgeHeatherSamuels JuliaLindaGordon RubyLelandCollard LaquitaJohnBrunette MonteMonicaLum JuanDebbieAllen MaryFrankieWomack DorothyDavidStromme HarryNeilFranklin JuliaMollieHernandez FernandoLindaWatson AntonioGeraldBaker DouglasRobertFerkovi SusanneJohnBerrios
21
MattieBarbaraEkstrom MattieBarbaraEkstrom
JuanDebbieAllen JuanDebbieAllen
JuliaLindaGordon JuliaLindaGordon
LaquitaJohnBrunette LaquitaJohnBrunette
MaryFrankieWomack MaryFrankieWomack
GarryDavidKingery GarryDavidKingery
DougHelenHornbeck DougHelenHornbeck
DouglasRobertFerkovi DouglasRobertFerkovi
RalphClydeMills RalphClydeMills
JorgeHeatherSamuels JorgeHeatherSamuels
HarryNeilFranklin HarryNeilFranklin
MonteMonicaLum MonteMonicaLum
AntonioGeraldBaker AntonioGeraldBaker
RubyLelandCollard RubyLelandCollard
JuliaMollieHernandez JuliaMollieHernandez
SpencerCourtneyBroth SpencerCourtneyBroth
DinahCatherineFaulkn DinahCatherineFaulkn
StephanieAaronWalker StephanieAaronWalker
FernandoLindaWatson FernandoLindaWatson
DorothyDavidStromme DorothyDavidStromme
ClaudiaDavidTaylor ClaudiaDavidTaylor
