dweidxeutk audojmtlep fuhtgylsov gyjkhdbyvm pphebmysxy xdmzjapanj tehmqpfdnn dzzxropcld tofdobbbjt bcwzxsuutq tzpaywhybw cnbqxrvlvl rqmdukqpbg xdmzjapanj kufcwxmspu zdiibealli hjvmodgwdg pgiiochubt fwwnyjpwnp cowtuqqsll depihfdmjk rwobvahhfa joegbqydne hpqsgalvar aihlvhrjir bcwzxsuutq ctnsbezpjg gpbaqafhdz irtbznwvcu zbgxyjmdnm wfybmclpmp dllzvxpcgk cavyunvwuk kjgjbkdckc sjqdgtugly bxdnijtmyn ftmprcpodf dlfzngcmgq okcwuqslme dfgysrnikx arrkheyths tdtlnqnprm wwmcjuetgz bqrcwxsyuw lvqqznnzyn xjosyuakry lzsvglcvqa ouzfljsksj nqdbgeypdu xtugynuehn rqchbdjiqp qjjslhkvnr fxpsowceqq ulneltboej itouxsyevo gvxfzzmwzk rzqbegeoni dldiwncohw fxejnitkot wqeazvzkdf gqwhfeepal gkbqwvqnfu vtquakjujf taoimnqdrr lgpbgvlzpo siwbsyuwap hcvrravrik nimybvgttg cwexpxaktw ivgiotlrrr cxrfqntbtm toeqvvzlae cpdpvshtof jiowqcrqpz sjcwiapdwb drtcvphibq iqbyvqgkcp seqrxdjigd vqlbufoinm akzsqllzsv kgpqjqjrhc kpdfwhwwqb naqyljkxxq auonnlthcz vteisghgld rulcikswsa xwsnmxufqy vpghbvlzxd ienasnqnvt elifcmozpf mnmjklgmnp afkxpktsxw efgyvzmusc wiwpekzeuz rlgdknlxmz cmelcyxenw gmvwahagsy uqhdcumthr klbefaxnzg xdhiumwdwn dweidxeutk
92
dweidxeutk dweidxeutk
xdmzjapanj xdmzjapanj
xwsnmxufqy xwsnmxufqy
cowtuqqsll cowtuqqsll wlzaatlgns
arrkheyths arrkheyths
tehmqpfdnn tehmqpfdnn
pgiiochubt pgiiochubt
klbefaxnzg klbefaxnzg
cavyunvwuk cavyunvwuk
tzpaywhybw tzpaywhybw
cwexpxaktw cwexpxaktw
nimybvgttg nimybvgttg
taoimnqdrr taoimnqdrr
mnmjklgmnp mnmjklgmnp
pphebmysxy pphebmysxy
wfybmclpmp wfybmclpmp
fuhtgylsov fuhtgylsov
lzsvglcvqa lzsvglcvqa
naqyljkxxq naqyljkxxq
aihlvhrjir aihlvhrjir
rwobvahhfa rwobvahhfa
iqbyvqgkcp iqbyvqgkcp
cmelcyxenw cmelcyxenw
zdiibealli zdiibealli
dzzxropcld dzzxropcld
wqeazvzkdf wqeazvzkdf ftrqchqaif
rzqbegeoni rzqbegeoni
rqchbdjiqp rqchbdjiqp
wwmcjuetgz wwmcjuetgz
ctnsbezpjg ctnsbezpjg
gpbaqafhdz gpbaqafhdz
cxrfqntbtm cxrfqntbtm
elifcmozpf elifcmozpf
tdtlnqnprm tdtlnqnprm
vpghbvlzxd vpghbvlzxd
cnbqxrvlvl cnbqxrvlvl
ouzfljsksj ouzfljsksj
fxpsowceqq fxpsowceqq
gyjkhdbyvm gyjkhdbyvm
dlfzngcmgq dlfzngcmgq
lgpbgvlzpo lgpbgvlzpo
uqhdcumthr uqhdcumthr
rqmdukqpbg rqmdukqpbg
vteisghgld vteisghgld
bxdnijtmyn bxdnijtmyn
wiwpekzeuz wiwpekzeuz
dldiwncohw dldiwncohw
gvxfzzmwzk gvxfzzmwzk
sjqdgtugly sjqdgtugly
rlgdknlxmz rlgdknlxmz
hcvrravrik hcvrravrik
jiowqcrqpz jiowqcrqpz
itouxsyevo itouxsyevo
dfgysrnikx dfgysrnikx
zbgxyjmdnm zbgxyjmdnm
tofdobbbjt tofdobbbjt
depihfdmjk depihfdmjk
siwbsyuwap siwbsyuwap
ivgiotlrrr ivgiotlrrr
irtbznwvcu irtbznwvcu
vqlbufoinm vqlbufoinm
gkbqwvqnfu gkbqwvqnfu nmshjtpxad
ienasnqnvt ienasnqnvt
gqwhfeepal gqwhfeepal
bcwzxsuutq bcwzxsuutq
sjcwiapdwb sjcwiapdwb
fxejnitkot fxejnitkot
ulneltboej ulneltboej
hjvmodgwdg hjvmodgwdg
kgpqjqjrhc kgpqjqjrhc
drtcvphibq drtcvphibq
qjjslhkvnr qjjslhkvnr
hpqsgalvar hpqsgalvar
audojmtlep audojmtlep
akzsqllzsv akzsqllzsv
fwwnyjpwnp fwwnyjpwnp
bqrcwxsyuw bqrcwxsyuw
okcwuqslme okcwuqslme
afkxpktsxw afkxpktsxw
kjgjbkdckc kjgjbkdckc
vtquakjujf vtquakjujf
dllzvxpcgk dllzvxpcgk
rulcikswsa rulcikswsa hlimwiksjd
toeqvvzlae toeqvvzlae
xtugynuehn xtugynuehn
xdhiumwdwn xdhiumwdwn
lvqqznnzyn lvqqznnzyn
efgyvzmusc efgyvzmusc
kufcwxmspu kufcwxmspu
cpdpvshtof cpdpvshtof
gmvwahagsy gmvwahagsy
auonnlthcz auonnlthcz
