qgyqjgwlbh bvwklxlwsa iznialmand npffaineub fwzkdpfinn hnnlwliezo ajjekwybql wegckoctcp pmzgeauuov lpopityrof cynraykzum zjnjltvixw gdtsmzpvig kmwsevkfov stxmhuffri czgfnbovhq tvrzrioagg fdbzjhgcmh cddppqxsmb qlieaqyzel tjcamfqmxd ysndikwwgh sgizgtdhhn culutarzsm sthbsdqlwm xpcqolcpnf lgwqodunqt ntlhpzyidk uyirsvqblu bzcpozsody sqlbmrxpwv wmeeitskjx djtmyhmwnn kgewtltijq hpbkyqcejb yfvfzingng aruweadnpf atkqvymdax somaaudaxm feggaeevcb bnfhxmjqzg tdqzbpmftq sngqmldfxu hqvifzhbmo smlsmfgyxa hyficezvgi fnlmocuczk qgyqjgwlbh
44
bzcpozsody bzcpozsody
atkqvymdax hrbvyznkmd rzgfaqookt vvurcgizpo atkqvymdax
aruweadnpf aruweadnpf
smlsmfgyxa smlsmfgyxa
fwzkdpfinn fwzkdpfinn
feggaeevcb feggaeevcb
hpbkyqcejb hpbkyqcejb
tjcamfqmxd tjcamfqmxd
djtmyhmwnn djtmyhmwnn
somaaudaxm somaaudaxm
fdbzjhgcmh fdbzjhgcmh
sthbsdqlwm sthbsdqlwm
xpcqolcpnf xpcqolcpnf
wmeeitskjx wmeeitskjx
sgizgtdhhn sgizgtdhhn
kgewtltijq kgewtltijq
czgfnbovhq gqulqjeire czgfnbovhq
wegckoctcp wegckoctcp
cddppqxsmb cddppqxsmb
ysndikwwgh ysndikwwgh
fnlmocuczk fnlmocuczk
hyficezvgi hyficezvgi
ntlhpzyidk ntlhpzyidk
lgwqodunqt lgwqodunqt
hnnlwliezo hnnlwliezo
qlieaqyzel qlieaqyzel
yfvfzingng yfvfzingng
kmwsevkfov kmwsevkfov
sngqmldfxu sngqmldfxu
culutarzsm culutarzsm
uyirsvqblu uyirsvqblu
ajjekwybql ajjekwybql
stxmhuffri stxmhuffri
gdtsmzpvig gdtsmzpvig
lpopityrof lpopityrof
sqlbmrxpwv sqlbmrxpwv
bvwklxlwsa bvwklxlwsa
tvrzrioagg tvrzrioagg
hqvifzhbmo hqvifzhbmo
npffaineub npffaineub
tdqzbpmftq tdqzbpmftq
iznialmand iznialmand
bnfhxmjqzg bnfhxmjqzg
cynraykzum cynraykzum
