Egsmith Barnton Wychbourne Barnton Ashbourne Sudwich Aldover Ashdown Shaftbage Edgey Hurstlow Chelmwang Wychsmith Farnsmith Cookford Chelmbeck Flitgrove Sudtree Wenwold Stainby Brackbrough Wenbeck Watchcombe Pemlow Sudwich Wetwick Nortley Stainbrough Egtree Wychnell Burfield Wywick Wychbeck Staplake Penborne Shaftbridge Watchavon Alfchester Wenside Waltditch Egsmith
31
Barnton Barnton
Chelmbeck Chelmbeck
Alfchester Alfchester
Wychsmith Wychsmith
Brackbrough Brackbrough
Nortley Nortley
Wychbourne Wychbourne Egavon
Penborne Penborne
Wywick Wywick
Chelmwang Chelmwang
Ashdown Ashdown
Shaftbridge Shaftbridge
Stainbrough Stainbrough
Waltditch Waltditch
Wenside Wenside Burbourne
Wenwold Wenwold
Egtree Chelmden Egtree
Stainby Stainby
Shaftbage Shaftbage
Staplake Staplake
Ashbourne Stapbeck Ashbourne
Wenbeck Wenbeck
Wychbeck Wychbeck
Cookford Cookford
Sudtree Leathermere Sudtree
Farnsmith Farnsmith
Wychnell Wychnell
Flitgrove Flitgrove
Pemlow Pemlow
Edgey Edgey
Wetwick Wetwick
