Chelmbourne Stapwold Marlton Alfwell Casford Stapwang Bursted Staflow Rocktree Whitborough Rocktree Hurstworth Edgchester Wenwang Edgchester Horncester Cookton Egborne Barngrove Southstoke Brainbridge Prestey Enbage Flitham Enbage Prestey Sudwich Enlow Maidenden Hartbage Bracklow Barngrove Prestdon Barngrove Hornley Pemwold Melborne Egcastle Nortcastle Whitavon Elside Stainfield Wenden Stainfield Pemwood Bracklow Leatherlow Alfby Stapwell Stafthorne Waltbrook Stafthorne Staintree Elgrove Staflow Cleredon Wyhead Sodside Barnham Stapmoor Stapthorne Clerethorne Barnside Clerethorne Dartsted Edglow Shrivside Southmere Stainhall Whitover Stainside Enbage Flitham Shrivlow Barnden Rocktree Staflow Elgrove Chelmbourne
50
Chelmbourne Shaftwich
Hornley Hornley Durditch
Pemwold Pemwold
Dartsted Dartsted
Bracklow Bracklow
Sudwich Sudwich
Stapmoor Stapmoor
Stapwell Stapwell
Alfwell Aldhall Alfwell
Wenden Wenden
Edgchester Edgchester
Enlow Enlow
Southmere Southmere
Waltbrook Waltbrook
Whitover Whitover
Marlton Marlton
Stapthorne Stapthorne
Egborne Egborne
Cleredon Cleredon
Stainside Stainside
Hartbage Hartbage
Wenwang Sudworth Wenwang
Pemwood Pemwood
Prestey Prestey
Barnham Barnham
Casford Casford
Whitborough Whitborough Horndown
Prestdon Prestdon
Hurstworth Hurstworth
Stainhall Stainhall
Elside Elside
Enbage Enbage
Whitavon Whitavon
Shrivlow Shrivlow
Bursted Bursted
Rocktree Cookbridge Rocktree
Sodside Sodside
Staintree Edgwich Staintree
Flitham Flitham Kingsley
Shrivside Shrivside
Wyhead Wyhead
Barnside Barnside
Horncester Horncester
Staflow Staflow
Brainbridge Brainbridge
Egcastle Egcastle
Alfby Alfby Leatherlake
Elgrove Elgrove Wenborough
Leatherlow Leatherlow
Cookton Cookton
