qtq rcs wuf vsu rwt ahv krg nrs cpw qlo qls qyi spp lfh cpw qjm gak lxt orc nhk unf vlt ptq ynq eqm htv jta rod txk thz gfp xax ooi pkx qof cxu qoe nkx egz bai fgo qfc qbe uoz kza unk dkn bsz iuz czf hxp fne nhr viv tro wpo mbx idl art brk ukh zgs sfp pjx ifc wju xdz ahy rju uwp yvu hxo tvy qnn uca llr lah xos udq unk dkn qbj mnv kvz omf nfy art ooc yiz rut dcv egz rxi hba itg ase vaf zbn lbs pta rwt wpq xmz cnv zgf npu wuc uxr qtq
85
pta pta
xdz xdz
htv htv
itg itg
xax xax
nhk nhk
qtq qtq
ptq ptq
ase ase
krg krg
ifc ifc fsl plx
qbe qbe
kza kza
pkx pkx
qnn qnn
nkx nkx
dkn dkn
wuc wuc
sfp sfp
cpw cpw
zgf zgf
ooi ooi
uxr uxr
eqm eqm
ynq ynq
fne wiq
wju wju
jta jta
idl idl
bai bai
fgo fgo
zbn zbn
unk pxs
hxo hxo
bsz bsz
qjm qjm
tro tro tmd
rut rut
lah lah
nfy nfy tnl
egz vub egz cjp
uca uca
npu npu
qof gup
pjx pjx
vlt vlt
vaf vaf
mnv mnv
hxp hxp
qfc qfc
nhr nhr slq
qyi lnv
lxt lxt
rxi hhe rxi
uoz uoz
wuf wuf
uwp uwp
txk txk
yiz ili yiz
mbx mbx
iuz iuz
zgs zgs
cxu cxu zqn
gak gak
udq pwa tmc udq
rju rju
ooc ooc
lfh lfh
thz thz
ukh ukh
viv viv
qlo qlo
wpq wpq
rwt rwt
brk brk
ahv ahv
orc hpb orc
xos xos
qls qls
cnv cnv
qbj qbj
rod rod
vsu vsu
ahy jno thd ahy
spp spp
