Soda Forest Ajax Haskell Martin Yolo Pardee Keeler Bristol Hospital Anne Arch Poppy Haskell Bowditch Bataan Kentucky Marin Greenwood Heinz Russell High Amador Florida Muir Columbia Byron Addison Shasta Allston Solano Eunice Domingo Tulare Haviland Belrose Menlo Bancroft Poplar Spring Mabel Terrace Jones Bret Kenilworth Browning Soda
38
Addison Addison
Ajax Ajax
Allston Allston
Anne Anne
Arch Arch
Bancroft Bancroft Cutter
Bataan Bataan
Belrose Belrose
Bowditch Bowditch Fresno
Bret Bret Vermont
Bristol Bristol
Browning Browning
Byron Byron
Columbia Columbia
Domingo Domingo
Eunice Edith Eunice Lewiston
Florida Florida
Forest Forest
Greenwood Greenwood
Haskell Haskell
Haviland Haviland
Heinz Heinz
High High
Hospital Hospital
Keeler Keeler
Kenilworth Kenilworth
Kentucky Haste
Mabel Mabel Overlook Summit
Marin Madera Marin
Martin Martin
Menlo Burnett Colusa Fulton Menlo
Muir Muir
Pardee Pardee
Poplar Poplar
Poppy Poppy
Shasta Shasta
Spring Comstock Spring
Terrace Terrace
