FD CU DI BN AZ GA CL DZ AS DF GP DD GO AF GK AU BG DI ES EM HO HP DB DQ HR AK BZ EO ED GR FB CT GZ AJ AX FS GX CS GD EQ AV GC HF FM CW GF GS BK AM HK BF DV HC FJ EZ FY CB AG CG HH EE GN BA FV EN DA ER EG FO EK CO CB CC GN DE AO BT CM FK DU FG DM AC BV CK DP BO CF DN FN EX EY AD DK HN BM AJ FR ET GJ BQ EW GM EL FP EJ HB HD AW AR FD
94
AC FU
AD AD
AF AF
AG AG
AJ AJ
AK AK
AM AM
AU AU
AV AV
AW AW
AX AX
AZ AZ
BA BA
BF BF
BG BG
BK BK
BM BM
BN BN
BO BO
BQ BQ
BT BT
BV BV
BZ BZ
CB CB
CC CC
CF CF
CG CG
CK CK
CL CL BC
CO CO
CS CS
CT CT
CU CU
CW CW
DA DA
DB DB
DE DE
DF DF
DI DI
DK DK
DM DM
DN DN
DP DP
DQ DQ
DU DU
DZ DZ
ED DH
EE EE
EG EG
EJ EJ
EK EK
EL EL
EM FI EM
EN EN
EO EO
EQ AT
ER ER
ES ES
ET ET
EW EW
EX EX
EY EY
EZ EZ
FG CA
FJ FJ
FM FM
FN FN
FO FO
FP DC GQ BE FP
FR FR
FS FS
FV FV
FY FY
GA GA
GC GC
GD GD
GF CI GF
GK GK
GN GN
GO GO
GP GP
GR GR
GS GS
GX GX
GZ GZ
HB HB
HC HC
HD HD
HF HF
HH HH
HN FT
HO HO
HP HP
HR HR
