186 97 71 22 196 140 144 74 183 29 198 157 33 134 14 150 2 86 104 168 177 128 49 35 172 143 89 32 162 67 107 19 90 138 30 136 0 45 194 195 11 190 17 70 79 108 174 61 178 188 5 156 121 186
51
2 2
5 5
11 11
14 14
17 17
19 19
22 22
29 29
30 30
32 32
33 33
35 35
45 45
49 49
61 61
67 67
70 70
71 71
74 74
79 79
86 86
89 89
90 90
97 97
104 104
107 107
108 108
121 121
128 128
134 134
136 136
138 138
140 140
143 143
144 144
150 150
156 156
157 157
162 162
168 168
172 172
174 174
177 177
178 178
183 183
188 188
190 190
194 194
195 195
196 196
198 198
