Whitgrove Dribblecombe Bursmith Hampingworth Worford Hamscombe Alfmere Leatherport Cireport Horstleover Warsmith Horsnell Siavon Abgleham Sundlethorne Fullensborne Hampingcastle Waltbeck Staincombe Suddenmoor Melwood Reddensden Cirerham Dartden Sundcompney Ribenwell Rothingcombe Milthorne Bromstanham Clereennell Todhampton Nortwell Marlcester Egsted Wethampton Tipstoke Burlake Eley Reddingtree Stapbrough Egbeck Skellenshot Wychcompwold Rotcester Staplow Ketchester Ellerbridge Boothingchester Ellerbridge Sodberling Bothenton Dribberham Worford Falderseythorne Durbrook Sodport Skelberden Hamscombe Stainbrough Wychditch Abglewold Farnditch Ribberrenston Southmere Botbeck Whitringlake Falworth Botshot Hurstdown Shaftwick Egmerhampton Suddenmoor Tippenbrook Marlbeck Enderbeck Sifield Sundcompney Prestwick Wychchester Durbrook Falderseythorne Penby Ciringnell Elside Cannerthorne Sirenshall Hampingbascombe Wetwick Stapbrook Skellingover Warsmith Falderbrough Marlbrook Shafthead Sundlethorne Hannersmith Shaftborough Faldenhall Boothingmanstree Ketchester Ellerbridge Boothingchester Wycastle Bootwick Tippingbage Watchlake Tippendham Emmerley Hamwold Cookfield Staindledown Endingnell Toddenmerbrough Casbrook Redcombe Siey Ketnell Worrenberwang Bothenhall Alddleringworth Worhall Reddendeney Suddingover Ellerbridge Sodberling Whitgrove
87
Hampingworth Hampingworth
Staplow Staplow
Horsnell Horsnell
Boothingmanstree Boothingmanstree
Sodport Sodport
Sirenshall Sirenshall
Alfmere Alfmere
Emmerley Bastlebury Southbury Emmerley
Skellenshot Cihead Skellenshot
Prestwick Prestwick
Worhall Worhall
Nortwell Nortwell
Reddingtree Eley Endleberey
Wetwick Wetwick
Worrenberwang Worrenberwang
Sifield Sifield Abcester
Bromstanham Bromstanham
Falworth Falworth
Falderseythorne Falderseythorne
Leatherport Leatherport
Elside Wetsmith Elside
Tippenbrook Tippenbrook
Dartden Dartden
Durbrook Durbrook
Hampingcastle Hampingcastle Basditch
Dribblecombe Dribblecombe
Stapbrough Stapbrough
Tippendham Tippendham
Watchlake Watchlake Farndlesover
Egmerhampton Egmerhampton
Ketchester Ketchester
Tipstoke Tipstoke
Dribberham Dribberham
Whitgrove Whitgrove
Wycastle Wycastle
Rothingcombe Rothingcombe
Bothenhall Bothenhall
Reddendeney Reddendeney
Hamwold Hamwold
Sundlethorne Sundlethorne
Shaftborough Shaftborough
Whitringlake Whitringlake
Enderbeck Enderbeck
Cirerham Wolley
Penby Penby
Casbrook Casbrook
Siavon Siavon
Farnditch Farnditch
Wychditch Rothendcombe
Hamscombe Wendleringdown
Botbeck Chedworth Botbeck Sundendford
Abglewold Abglewold
Bootwick Bootwick
Southmere Southmere
Suddenmoor Suddenmoor
Milthorne Milthorne
Clereennell Clereennell
Egsted Egsted
Ellerbridge Ellerbridge
Ribberrenston Ribberrenston
Wychchester Wychchester
Suddingover Suddingover
Cannerthorne Cannerthorne
Ketnell Ketnell Toddenmoor
Worford Rotherlow Worford
Skellingover Skellingover
Horstleover Horstleover
Abgleham Abgleham
Skelberden Skelberden
Waltbeck Waltbeck
Hampingbascombe Hampingbascombe
Wethampton Wethampton
Fullensborne Blansbrook
Bursmith Bursmith
Staincombe Staincombe
Siey Siey
Melwood Melwood Candleswick
Sodberling Sodberling
Bothenton Bothenton
Tippingbage Tippingbage
Marlcester Marlcester
Faldenhall Faldenhall
Wychcompwold Wychcompwold
Marlbrook Marlbrook
Redcombe Redcombe
Endingnell Endingnell
Todhampton Todhampton
