Warfield Chilbury Hammenshead Ketport Ashfield Millendon Windling Dribblewick Skellingden Horstlescompstoke Pendlewood Faldinghead Nortchester Horndlecompside Bastleseyham Dribbingworth Worhall Todtree Cannerthorne Chedderrenswich Cannerthorne Soddlewick Hamsling Ashborne Hannenmanswick Cammerrensmoor Suddleborne Worhall Barndberbrough Camwood Northall Ciditch Stainbrough Fulbourne Southbasport Elcompbridge Chiphead Elcompbridge Burglebrough Chedtree Siringwang Whitchester Ketsmith Pendingbrook Elmansham Skelling Hammerringey Chedberdon Wyborne Cambingstoke Suddlecombe Chippingsted Botherseyworth Falport Cicombe Hammenshead Chilbury Warfield
40
Barndberbrough Barndberbrough
Chedtree Chedtree Suddleover
Ashfield Ashfield
Suddleborne Suddleborne
Soddlewick Soddlewick
Chippingsted Chippingsted
Burglebrough Burglebrough Sudsmith
Elmansham Elmansham
Whitchester Whitchester
Warfield Warfield
Chilbury Brackcompwang Chilbury
Cambingstoke Cambingstoke
Ketport Ketport
Windling Windling
Cammerrensmoor Cammerrensmoor
Botherseyworth Botherseyworth
Horstlescompstoke Horstlescompstoke
Pendlewood Pendlewood
Pendingbrook Pendingbrook Suddlecastle
Hannenmanswick Hannenmanswick
Chiphead Chiphead
Cicombe Cicombe
Skellingden Skellingden
Dribbingworth Dribbingworth Leatherbleside
Stainbrough Worberbrook Stainbrough
Todtree Todtree
Bastleseyham Bastleseyham
Chedderrenswich Chedderrenswich
Hammerringey Hammerringey Chelmstanwell
Ashborne Ashborne Tipwick
Falport Falport
Southbasport Southbasport
Wyborne Wyborne
Worhall Worhall
Siringwang Siringwang
Hamsling Hamsling
Northall Northall
Millendon Millendon
Suddlecombe Basringney Suddlecombe Ellingreham
Skelling Skelling
