0 15 30 45 31 45 60 75 91 107 122 106 90 75 76 77 78 79 80 81 82 98 99 84 85 100 85 70 71 56 41 25 10 11 12 13 12 28 43 58 73 58 59 89 104 119 104 103 87 88 87 86 85 84 83 82 81 80 95 80 79 94 93 108 123 124 109 94 79 80 65 50 36 20 5 6 7 8 23 38 53 68 52 36 50 65 64 62 48 63 48 49 34 19 18 3 2 1 0
46
0 0
3 3
5 5
7 7
8 8
10 10
13 13
15 15
18 18
20 20 35
23 23
25 25 40
28 28
30 30
31 31 46
34 34
36 36 51
41 41 55
45 45
50 50
52 52
56 56
63 47 63
68 68
70 70
71 71
73 57 73
75 75
76 76
78 78
80 80
83 83
85 85
88 88
90 90 105
93 93
95 95 110 111
98 98
100 100 115 116
103 103
106 106 120 121
108 108
109 109
119 119
122 122
124 124
