0 49 154 116 6 153 110 44 67 96 95 29 119 35 138 193 178 180 186 197 121 20 152 141 4 14 83 60 104 97 36 73 184 128 134 191 137 191 65 130 149 111 126 74 19 85 160 161 85 99 58 82 151 39 105 81 78 12 25 109 9 167 117 61 24 147 87 159 102 108 92 182 77 50 54 120 116 75 54 185 27 79 51 48 199 176 26 8 166 8 179 196 86 106 175 190 31 118 64 118 17 85 19 91 63 114 146 129 194 163 103 170 1 183 139 18 89 173 84 42 128 168 156 46 10 100 133 125 69 150 22 157 70 155 28 103 0
96
4 4
6 6
9 9
10 10
12 12
14 14
17 17
18 18
19 19
20 20
22 22
24 24
25 25
26 26
27 27
28 28
31 31
36 36
42 42
44 44
48 48
49 49
50 50
51 51
54 98
58 58
63 63
64 64
65 65
67 67 47
69 69
70 70
74 74
75 75
77 77
78 78
79 79
81 121 81
83 83
85 85
87 87
89 89
91 91
95 95
96 96
99 99
100 100
102 102
103 103
104 104
106 106
108 108
109 109
111 111
116 116 32
117 117
119 119
120 120
125 125
126 126
128 128
130 130
133 133
134 134
137 137
138 138
139 139
146 146
149 149
151 151 39
153 38
155 155
156 156
157 157
159 159
160 160
161 145
163 163
166 166
168 168
170 170
173 173
175 175
176 176
178 178
179 179
180 180
182 182
184 184
185 185
186 186
193 193
194 194
196 196
197 197
199 199
