SantaClarita Carrollton Lubbock Concord Lubbock Frisco LexingtonFa SanDiego StLouis SanDiego Henderson Portland Visalia Sunnyvale Surprise WestValleyCity Washington RanchoCucamonga Lafayette Newark Alexandria Worcester Alexandria Bellevue Fontana Fayetteville Independence SiouxFalls Scottsdale Irvine Peoria Allentown Omaha Ontario Boston Hartford LouisvilleJefferson Miami Orlando Brownsville LosAngeles OklahomaCity StPetersburg Wichita Omaha Allentown Pomona Stockton Indianapolis Austin PembrokePines SanDiego Chandler Akron Berkeley Stamford FortCollins GardenGrove Victorville Shreveport Huntsville FortWorth NewportNews Beaumont Thornton Yonkers Escondido SantaClarita
48
Yonkers Yonkers
Ontario Ontario
Sunnyvale Sunnyvale
Boston Boston
Allentown Allentown
Stamford Stamford
Fayetteville Fayetteville
Bellevue Bellevue
LosAngeles LosAngeles
Indianapolis Indianapolis
Victorville Victorville
LexingtonFa LexingtonFa
Visalia Visalia
NewportNews NewportNews
StPetersburg StPetersburg
PembrokePines PembrokePines
Omaha Omaha
SiouxFalls SiouxFalls
Worcester Worcester Garland
StLouis StLouis
Stockton Stockton
WestValleyCity WestValleyCity
Austin Austin
Pomona Pomona
Henderson Henderson
Lafayette Lafayette
Beaumont Beaumont
Concord Concord
Huntsville Huntsville
Shreveport Shreveport
Scottsdale Scottsdale
GardenGrove GardenGrove
Orlando Orlando
Chandler Paterson
Newark Newark
Surprise Surprise
Carrollton Carrollton
Thornton Midland
LouisvilleJefferson LouisvilleJefferson
Brownsville Brownsville
Hartford Hartford LongBeach
Alexandria Alexandria
Wichita Wichita
Independence Independence
SanDiego Waco
OklahomaCity OklahomaCity
Washington Washington
RanchoCucamonga RanchoCucamonga
