Plano Rockford Riverside Tallahassee Cincinnati Miami Joliet Thornton Anchorage AnnArbor Lincoln PembrokePines Torrance Elizabeth Anaheim JerseyCity Lafayette Tulsa SantaAna Allentown Killeen SanJose Fontana Akron LosAngeles Escondido Hollywood Glasses Stamford Shreveport Laredo Tampa Portland GrandPrairie McAllen Tampa Glendale Raleigh Pomona Spokane CorpusChristi SantaClarita Houston SanAntonio Salinas Vallejo Miami Olathe HuntingtonBeach SimiValley SanBernardino Knoxville Brownsville Peoria Davidson Charlotte Philadelphia GardenGrove Frisco StLouis KansasCity Garland Omaha Ontario Waco Wichita Chesapeake OWO Beaumont Atlanta Oxnard Omaha Denver Hayward Mesa Montgomery Richmond Warren SanFrancisco KansasCity Norfolk SantaAna SiouxFalls FortCollins SantaRosa Denton Chicago SanAntonio NewHaven CoralSprings Fremont Greensboro Surprise NewOrleans Hartford HuntingtonBeach AugustaRichmond Fullerton Irvine Mobile StPetersburg Dallas Worcester Mesquite Joliet LasVegas Cary OklahomaCity Pasadena Norman Sunnyvale Washington Memphis Charleston MorenoValley Irving SantaClara Plano
90
Sunnyvale Sunnyvale
Mobile Mobile
AugustaRichmond AugustaRichmond
SanJose SanJose
Pomona Pomona
Garland Garland
SantaClarita SantaClarita
SiouxFalls SiouxFalls
Mesquite Mesquite
Rockford Rockford
StLouis StLouis
GrandPrairie GrandPrairie
Oxnard Oxnard
Irving Irving
Norman Norman
Anchorage Anchorage
JerseyCity JerseyCity Pikachu
GardenGrove GardenGrove
Allentown Allentown
Laredo Laredo
Olathe Olathe
SanFrancisco SanFrancisco
Tulsa LouisvilleJefferson Tulsa
Davidson Davidson
Montgomery Montgomery
Greensboro Greensboro
Portland Portland
OklahomaCity OklahomaCity
Charleston Charleston
Tallahassee Hampton
SimiValley SimiValley
CorpusChristi CorpusChristi
Cary Cary
Stamford Stamford
Denver Denver
Escondido Escondido
Ontario Ontario
Lincoln Lincoln
Anaheim Anaheim
OWO OWO
Vallejo Vallejo
Hayward Hayward
Dallas Dallas
Chicago Chicago
Wichita Wichita
Akron Akron
Denton Denton
Cincinnati Cincinnati
Brownsville Brownsville Corona
Glendale Glendale
Waco Waco
Hartford Hartford
Atlanta Atlanta
Killeen Killeen
Thornton Thornton
Beaumont Beaumont Vancouver
Torrance Lancaster Torrance
NewOrleans NewOrleans
Surprise Surprise
Norfolk Norfolk
Warren Warren
Memphis Memphis
Hollywood Hollywood
Riverside Riverside
Raleigh Raleigh
Irvine LittleRock Irvine
McAllen McAllen
LasVegas LasVegas
Worcester Worcester
Glasses Glasses
Tampa Tampa ThousandOaks
MorenoValley MorenoValley
Omaha Omaha
FortCollins FortCollins
Knoxville Knoxville
SantaClara SantaClara
AnnArbor AnnArbor FortLauderdale
Mesa Mesa
Houston Houston
Miami Miami
SanBernardino SanBernardino
NewHaven NewHaven
Elizabeth Elizabeth
Pasadena Pasadena
Salinas Salinas
Fremont Fremont Madison
Lafayette Lafayette Huntsville
HuntingtonBeach HuntingtonBeach
SantaRosa SantaRosa
SanAntonio SanAntonio
