Waco OverlandPark SterlingHeights Palmdale Clarksville Stamford SanBernardino Victorville FortCollins Palmdale AthensClarkeCounty SanFrancisco Richmond Aurora KansasCity OverlandPark AnnArbor SaltLakeCity Rochester Oski Irving SantaClara ChulaVista Lincoln Newark OverlandPark Waco
19
KansasCity Omaha
Clarksville Clarksville
AnnArbor AnnArbor
Richmond Richmond
Rochester Rochester
FortCollins FortCollins
AthensClarkeCounty OWO LexingtonFa AthensClarkeCounty
ChulaVista ChulaVista
Irving Irving
Newark Newark
SterlingHeights SterlingHeights
Waco SanAntonio MorenoValley
SanBernardino SanBernardino
SanFrancisco SanFrancisco
Stamford Cary Stamford
SaltLakeCity SaltLakeCity
Victorville StPaul
Lincoln Detroit Lincoln
Palmdale Palmdale FortWayne
