0 185 23 153 115 172 134 117 14 13 102 30 17 50 182 135 83 87 49 35 3 27 193 123 158 107 155 128 28 187 65 11 137 17 94 30 59 84 86 133 1 163 154 174 119 42 165 130 88 183 100 12 26 80 110 18 196 164 111 112 135 8 160 5 17 140 70 178 138 152 129 47 89 19 125 175 143 21 190 116 66 57 184 72 78 177 194 176 69 167 43 159 141 48 4 9 103 31 24 151 89 96 98 2 39 56 67 87 190 163 146 166 108 199 52 173 6 15 16 145 38 131 38 74 22 188 0
95
0 0
1 1
2 2
3 3
4 4
5 5
8 8
9 9
11 11
12 120
13 13
14 14
15 15
16 16
17 17
18 18
21 21
22 22
23 23
24 24
26 26
27 27
28 28
30 197
31 31
35 35 157
38 38
39 39
42 33 42
43 43
47 47
50 50
52 52
56 56
59 59
65 65
66 66
67 67
69 69
70 70
72 72
74 74
78 68 78
80 80
83 83
84 84
86 86
89 89
94 94
96 96
98 98
100 100
102 102
103 103
107 107
108 20
111 111
115 115
116 116
125 125
128 81 128
129 129
130 130
131 93
133 133
134 134
137 137
138 138
140 71
141 141
143 143
146 146
151 151
152 152
153 153
154 114 154
158 158
159 159
160 160
164 164
166 166
167 167
172 172
173 173
174 174
176 51
177 177
182 182
183 183
184 184
187 187
190 190
193 193
196 101
199 199
