oUyBZvEHNPOWtAsHANHU XZRBuctXhYPbWardFSZS CcspnGXfrmzZRWjdMjLd rqqedkokePZFdhDbMNpX IuNNJvHSmYKpVBzmzuJX fDAbzsYfiXDxOIsITcQl IuNNJvHSmYKpVBzmzuJX znYRMYifzQwyixuIXDnz DsLevMWgWFWOQXFMbaQy PojKKQvEDmFOnJinujFi hpQFeVriPZmwKZcYFAWN NBTlGJqSnWahMvuDlXAm ikjgYLaZRolSrbIYyKBd tItiZloipgPmLuONrNnZ eqwycKZriorIAbsUBjxu MeohNnftDTzllMTGwxnG CCYBPFZgoOONzoEeTKzC JKNUHFrXPStBWMuUOVkj QFaSXENOfunmdZIBqDsS eWVKeYegIFOJxvfRkjek OWCblOtQanZakRLMqMxz VVzvLIOwARaWwhQTKPrx eqwycKZriorIAbsUBjxu hNRcEeFjmsmOnuOdNAXl eWGFHgdBASXJbxQbYrCG oUyBZvEHNPOWtAsHANHU
23
oUyBZvEHNPOWtAsHANHU oUyBZvEHNPOWtAsHANHU
PojKKQvEDmFOnJinujFi PojKKQvEDmFOnJinujFi
eqwycKZriorIAbsUBjxu eqwycKZriorIAbsUBjxu
hpQFeVriPZmwKZcYFAWN hpQFeVriPZmwKZcYFAWN
OWCblOtQanZakRLMqMxz OWCblOtQanZakRLMqMxz
DsLevMWgWFWOQXFMbaQy gUlgGYCPZjsRiFLqnVun
rqqedkokePZFdhDbMNpX IUJDEWwYxhQimsCqnrFH
eWVKeYegIFOJxvfRkjek eWVKeYegIFOJxvfRkjek
hNRcEeFjmsmOnuOdNAXl hNRcEeFjmsmOnuOdNAXl
CCYBPFZgoOONzoEeTKzC CCYBPFZgoOONzoEeTKzC
IuNNJvHSmYKpVBzmzuJX IuNNJvHSmYKpVBzmzuJX
eWGFHgdBASXJbxQbYrCG eWGFHgdBASXJbxQbYrCG
tItiZloipgPmLuONrNnZ cAvnOxZJtanpVvcAxJHM
XZRBuctXhYPbWardFSZS QMnEKXGwZYUlreveNjwA
QFaSXENOfunmdZIBqDsS lPMfQyVLDIZczBuDgsVQ UMfDYlvFlUVuogMRkWNG
CcspnGXfrmzZRWjdMjLd CcspnGXfrmzZRWjdMjLd oMKDNkBacLxexXKHqXfF
znYRMYifzQwyixuIXDnz znYRMYifzQwyixuIXDnz
JKNUHFrXPStBWMuUOVkj JKNUHFrXPStBWMuUOVkj
fDAbzsYfiXDxOIsITcQl NVPacTSrBMpDkMBotiWB
MeohNnftDTzllMTGwxnG MeohNnftDTzllMTGwxnG
VVzvLIOwARaWwhQTKPrx VVzvLIOwARaWwhQTKPrx
NBTlGJqSnWahMvuDlXAm NBTlGJqSnWahMvuDlXAm
ikjgYLaZRolSrbIYyKBd CXrruomvXfADUrHxMwZi
