Jingzhou Ghugus Manduria Sanaa JabalosSaraj Payshanba Tottori SanJosedeOcoa Ketrzyn Ouarzazat Veenendaal Shizunaifurukawacho Entroncamento Jeypore elCampello Carmichael Carouge Ronse Bejucal RioFormoso Radnor Frosinone SaintMichael Rangae Shively Depok FortLauderdale TanahMerah Gangtok BeneBeraq Khabarovsk Chegem Lysva Malnate Kheri LondonderryCountyBor Colachel Tabatinga Sarzedo AzZuwaytinah Rembangan Thamaga Ibri Shumen Ermelo Kheri Srinagar Kirovsk SmederevskaPalanka Chittaranjan Kabarnet BurgbeiMagdeburg Sagalo CoonRapids Fredericia Jingzhou
49
Sagalo Sagalo
Ghugus Ghugus
Sarzedo Sarzedo
Khabarovsk Crespo Khabarovsk
JabalosSaraj JabalosSaraj
SanJosedeOcoa SanJosedeOcoa
elCampello elCampello
Chegem Chegem
Manduria Manduria
Tottori Tottori
Sanaa Sanaa
SaintMichael SaintMichael
RioFormoso RioFormoso
Ketrzyn Ketrzyn
AzZuwaytinah AzZuwaytinah
Kirovsk Kirovsk
Ermelo Ermelo
Thamaga Thamaga
Srinagar Srinagar
Shively Shively
Rembangan Rembangan
Ronse Ronse
LondonderryCountyBor LondonderryCountyBor
Radnor Radnor
Ouarzazat Ouarzazat
CoonRapids CoonRapids
Lysva Lysva
Entroncamento Entroncamento
Colachel Colachel
Rangae Rangae
Tabatinga Tabatinga
BeneBeraq BeneBeraq
Ibri Ibri
Gangtok Gangtok
Carouge Carouge
Shumen Shumen
Chittaranjan Chittaranjan
Jeypore Jeypore
Malnate Malnate
BurgbeiMagdeburg BurgbeiMagdeburg
Kabarnet Kabarnet
FortLauderdale FortLauderdale
Shizunaifurukawacho Shizunaifurukawacho
Veenendaal Veenendaal
Depok Depok
TanahMerah TanahMerah
Bejucal Bejucal
Kheri Kheri
Carmichael Carmichael
