LesLilas SantanadoLivramento SaintCyrlEcole Haora Kineshma Manacapuru Korsakov Sobue Arzamas TagbilaranCity Hirosaki Daokou Sosnovka HaciendaLaCalera Shurugwi Kemise Aracuai AinBessem Shchekino Angleton SouthSaintPaul Sorada Gunzenhausen SenadorPompeu Sobue Johnston Wenchi Hangu Mabopane Baramula Fuxin Nagar Shimofurano PriegodeCordoba Turek Andrychow Garbsen Aringay Kaifeng Butuan Mandan Pezinok KotRadhaKishan Mocoa Akcaabat Acarau NoblePark SanJuandelaMaguana HalfWayTree Wangon Ipil Espiye GongdanglegiKulon Bury Braila Kambove Mandan Battambang AinArnat MadinatHamad BlueIsland Kotka PortoVelho FetestiGara Karlsfeld Oerlinghausen Morwa Ortaca Geiro CapimGrosso MonteAlegre Kambove Prostejov Vaniyambadi Yafo Shieli Malpe Khulm Embu WestIslip Purnia Anjarah Rhondda Johnston Kairouan Acireale Tabou EastLongmeadow Gowurdak Biskra Izhevsk SpanishTown Lloydminster Haripur Langenhorn Ibirataia Ontinyent Vyazniki Marchena Pozzuoli VillaPauladeSarmient ChalcodeDiazCovarrub MineralnyeVody BlueIsland ChalcodeDiazCovarrub Rivas Twante Gorgan NahiyatashShinafiyah SenaMadureira Belalcazar Pezinok Escada Skelmersdale Nahorkatiya LesLilas
98
Kaifeng Kaifeng
Gorgan Gorgan
Fuxin Fuxin
Anjarah Anjarah
VillaPauladeSarmient VillaPauladeSarmient
PriegodeCordoba PriegodeCordoba
HaciendaLaCalera HaciendaLaCalera
Twante Twante
Ontinyent Ontinyent
SaintCyrlEcole SaintCyrlEcole
Mocoa Mocoa
Izhevsk Izhevsk
Wenchi Wenchi
Hirosaki Hirosaki
Gowurdak Gowurdak
Embu Embu
Espiye Espiye
AinArnat AinArnat
EastLongmeadow EastLongmeadow
Daokou Daokou
SpanishTown SpanishTown
Vaniyambadi Vaniyambadi
Johnston Johnston
Aracuai Aracuai
Shieli Shieli
MineralnyeVody MineralnyeVody
Oerlinghausen Oerlinghausen
Kemise Kemise
Langenhorn Langenhorn
Sosnovka Sosnovka
Baramula Baramula
MadinatHamad MadinatHamad
WestIslip WestIslip
Acarau Acarau
Tabou Tabou
Manacapuru Manacapuru
NoblePark NoblePark
Sorada Sorada
Yafo Yafo
Ibirataia Ibirataia
MonteAlegre MonteAlegre
Khulm Khulm
Morwa Morwa
Kairouan Kairouan
SanJuandelaMaguana SanJuandelaMaguana
Haripur Haripur
Battambang Battambang
Arzamas Arzamas
TagbilaranCity TagbilaranCity
Bury Bury
Ortaca Ortaca
Akcaabat Akcaabat
Shurugwi Shurugwi
Turek Turek
Belalcazar Belalcazar
KotRadhaKishan KotRadhaKishan
Nagar Nagar
Pozzuoli Pozzuoli
Lloydminster Lloydminster
Wangon Wangon
SantanadoLivramento SantanadoLivramento
CapimGrosso CapimGrosso
Geiro Zhaodong
SouthSaintPaul SouthSaintPaul
Vyazniki Vyazniki
Kotka Kotka
Haora Haora
BlueIsland BlueIsland
Kineshma Kineshma
Skelmersdale Skelmersdale FortWorth
Malpe Itororo
Gunzenhausen Gunzenhausen
SenaMadureira SenaMadureira
Rhondda Rhondda
PortoVelho PortoVelho
Shimofurano Shimofurano
Andrychow Andrychow GuaMusang
Prostejov Prostejov
AinBessem AinBessem
Aringay AshtonunderLyne
Mabopane Mabopane
Hangu Hangu
Kambove Kambove
Rivas Rivas
ChalcodeDiazCovarrub ChalcodeDiazCovarrub
Shchekino Shchekino
Braila Braila
Butuan Butuan
Acireale Acireale
SenadorPompeu SenadorPompeu
Korsakov Korsakov
Escada Escada
NahiyatashShinafiyah NahiyatashShinafiyah
Angleton Angleton
FetestiGara FetestiGara
Sobue Sobue
Pezinok Pezinok
Garbsen Garbsen
