Kaimganj Leixlip Mesa EncarnaciondeDiaz Mesa Yucheng Isakogorka MontecatiniTerme Dankov Narangba GobernadorGalvez Tocache MilpaAlta Anahuac Novopokrovskaya Tsukawaki Karasuyama Albi Gobo Racine PinhalNovo MilpaAlta Tsirang Brecht Norristown Pilibhit Fagaras Kaimganj
22
Dankov Dankov
Karasuyama Karasuyama
Narangba Narangba
Tsukawaki Tsukawaki
Fagaras Fagaras
Pilibhit Pilibhit Irvine
Racine Racine
PinhalNovo PinhalNovo
Brecht Brecht
Anahuac Anahuac
Yucheng Yucheng Korolev
EncarnaciondeDiaz EncarnaciondeDiaz
Novopokrovskaya Novopokrovskaya
Albi Albi
Tsirang Tsirang
Isakogorka Isakogorka
GobernadorGalvez GobernadorGalvez
Gobo Gobo
Tocache Tocache Fandriana
Leixlip Leixlip
MilpaAlta MilpaAlta
MontecatiniTerme MontecatiniTerme
