lyenDXSN wBJRoqVxn1t Mu 6DVIvuGfPs2BU GPeb ImSpax 7h2PJW8oD2ihKQrfQ6 akZmiQ7tmX zzYmU5YFhvp1 2FvJIR5cRPGGLqP jvdVvQ 1ds7sqHhanMKkMy M1PxrOPSNUVpc llx2p lt1a5E0H JyObTOXbOI cYPTdnJWL wcmx8dhmsO K6yVeBnomxSBet nWkakNi6Qt9d4g o3refHnx4qioqHztqMYE frNA534JEvY4f G50hiUpVStHCMrd hjCFXN9kbqn0UCNsZ nqeGwct vAIBd1Ae fzp 61 zI 7Q L A67f hVfqebryM4wN f9euNCVEF2WwHc0CWSy5 l HwQeXpOEZHQ3s Iax35 Plmj0j MBLHuIgjJIXs uy3ouNIxumu7jEuoP1 2AR73oQdnbYqnDCGMFS CmV KtvQaJqCJTRpXM8ZI s BR hU wKxe lyenDXSN
36
GPeb GPeb
M1PxrOPSNUVpc M1PxrOPSNUVpc
vAIBd1Ae vAIBd1Ae
hjCFXN9kbqn0UCNsZ hjCFXN9kbqn0UCNsZ
BR BR
G50hiUpVStHCMrd G50hiUpVStHCMrd
KtvQaJqCJTRpXM8ZI vJxAK1LaHyuu4yFNeul KtvQaJqCJTRpXM8ZI
wcmx8dhmsO wcmx8dhmsO
2AR73oQdnbYqnDCGMFS 2AR73oQdnbYqnDCGMFS
hU hU
MBLHuIgjJIXs MBLHuIgjJIXs
l l f
llx2p llx2p
Plmj0j K0A9bbVLm9atwTf Plmj0j
jvdVvQ jvdVvQ
zI zI
61 61
nWkakNi6Qt9d4g nWkakNi6Qt9d4g
Mu Mu
6DVIvuGfPs2BU 6DVIvuGfPs2BU
hVfqebryM4wN hVfqebryM4wN
HwQeXpOEZHQ3s HwQeXpOEZHQ3s
ImSpax ImSpax
2FvJIR5cRPGGLqP VNvsbB7eWJcAK0fU
wBJRoqVxn1t wBJRoqVxn1t 6yeW7sat9rvd
frNA534JEvY4f frNA534JEvY4f
zzYmU5YFhvp1 zzYmU5YFhvp1
7Q 7Q
cYPTdnJWL cYPTdnJWL
A67f A67f
nqeGwct nqeGwct
CmV CmV
lt1a5E0H lt1a5E0H
L L
o3refHnx4qioqHztqMYE o3refHnx4qioqHztqMYE
akZmiQ7tmX akZmiQ7tmX
