0 159 191 58 22 5 3 144 126 190 53 72 116 12 37 70 2 166 8 26 148 39 23 151 171 6 38 109 52 5 41 96 3 19 66 103 62 2 174 173 134 86 93 35 104 24 59 169 115 20 65 5 25 42 7 183 40 55 21 97 84 85 168 14 162 30 175 113 132 57 119 187 125 77 121 76 146 48 78 6 81 88 182 185 102 172 71 10 196 67 56 176 110 32 68 0 43 83 64 160 60 195 5 163 107 105 51 0
97
0 100 0
3 3
5 5
6 6
8 8
10 10
14 14
19 19
20 20
21 21
22 114 22
23 23
24 24
25 25
26 26
30 30
32 32
35 35
37 37
38 38
39 39
40 40
41 41
42 42
43 43
48 48
51 51
52 52
53 53
55 55
56 56
57 57
58 58
59 59
60 60
62 62
64 64
65 65
66 66
67 67
68 68
70 70
71 71
72 72
76 76
77 77
78 78
81 81
83 83
84 84
85 85
86 86
88 88
93 93
96 96
97 97
102 102
103 103
104 104
105 105
107 107
109 109
110 110
113 113
115 115
116 116
119 119
121 121
125 125
126 126
132 132
134 134
144 144 188
146 146
148 148
151 151
159 159
160 160
162 162
163 163
166 166
168 168
169 169
171 171
172 172
173 173
174 174
175 175
176 176
182 182
183 183
185 185
187 187
190 190
191 191
195 195
196 196
