0 68 20 169 20 194 165 176 186 162 173 145 175 143 144 18 132 179 135 130 156 151 146 197 171 174 193 131 168 183 150 185 133 137 18 20 177 142 134 148 159 154 153 18 68 0
38
18 136 138 139 140 141 147 149 152 155 157 158 160 161 163 164
20 166 167 170 172 178 180 181 182 184 187 188 189 190 191 192 195 196 198 199
130 130
131 131
132 132
133 133
134 134
135 135
137 137
142 142
143 143
144 144
145 145
146 146
148 148
150 150
151 151
153 153
154 154
156 156
159 159
162 162
165 165
168 168
169 169
171 171
173 173
174 174
175 175
176 176
177 177
179 179
183 183
185 185
186 186
193 193
194 194
197 197
