2 17 139 11 91 158 193 177 4 72 81 53 65 20 113 135 197 164 41 83 21 167 107 47 3 185 25 159 78 13 147 1 51 23 61 71 195 99 141 36 63 35 27 131 29 161 199 27 57 75 67 34 89 137 133 154 155 154 129 191 82 42 103 145 85 43 21 157 79 52 163 52 111 187 77 1 149 72 125 72 4 127 142 143 142 37 166 121 45 189 66 93 66 179 49 73 119 34 38 117 33 55 19 7 196 171 196 95 39 10 105 87 175 109 59 124 123 101 97 188 183 115 110 165 181 169 9 2
94
1 1
3 3
7 7 151
9 9
11 11
13 13
17 17
19 19
21 21
23 23
25 25 173
27 27
29 29
33 33
35 35
37 37
39 39
41 41
43 43
45 45
47 47
49 49
51 51
53 53
55 55
57 57
59 59
61 61
63 63
65 65
67 67
71 71
73 73
75 75
77 77
79 79
81 81
83 83
85 85
87 87
89 89
91 91
93 31 93
95 15 95
97 97
99 99
101 101
103 103
105 105
107 107
109 109
111 111
113 113
115 115
117 117
119 119
121 121
123 123
125 125
127 127
129 129
131 131
133 133
135 69 135
137 137
139 139
141 141
143 143
145 145
147 147
149 149
155 5 155
157 157
158 153
159 159
161 161
163 163
165 165
167 167
169 169
171 171
175 175
177 177
179 179
181 181
183 183
185 185
187 187
189 189
191 191
193 193
195 195
197 197
199 199
