ZtfcEeD9 6MPulFAv nFqouQp3 xzWL2Pp8 IZjIq9He RjDUex61 lqKnzPvP ZS8CQaI7 EEVF7P1A R2FCohpD wd6UNY9N 12RjOKOH 62Mn9lau o4xf7nVd BOlNhFGU gKOyNQPh aWGQETjI mlHu9OVg EAWv9kfQ wZJN4OBT kMauNR5Y gmal2HHS zvH4AKmS 43ehQX6O YWqBlkAs eJJL3lWa CxnbNU8s 4pgwpiHi miUcr0K7 eHAI1Emd 8avKqSxh ZCQYXo7t FgxkC8N1 MeetuZNx Q6NMHx0B 04vrMVdi c6ZWTltk L5pBwvut Zy3im4wi U7cZo0h2 dzvtjag1 Q2HoHQU7 1Xrx7hj3 Q7hUKAHQ VDai7XkI SdpsKJEm P0hOEoLv svPb07cv P0hOEoLv iJuLSUhp tCAdUY4B iJuLSUhp WOCLylig ZmF2u9Cy mrK2EXuk ca785uLx EB4WBsTV aACN5TTZ kTn5Wdms xRPgtW5C 0PR6ikBf cZyhnB0I 3MYamZSb d4U8kEOb APMxsbBa 2KepLMXB n7VUygaC tHTE6eug qtXV58SN eF0ueRyu qtXV58SN VqqukjeY ntaFp6yn 1FIjcsO2 uYGlfCi2 sFR9mcaG eFJgi8X6 8Rfeklr1 J2tz5Jy2 LvdUl8D5 d5gzYuse 97y3ut3B RGBDWX4o 8LVjFaQv ciNFdHxl 9FVeC0va mSd4Nw6v 7Xy44hse VDai7XkI Tb8W969R 7P5zi9hu yRH0nOtz bJ22zvWV WPOgjVLu jKNn1ZQ1 NpH6Hpsr AmaYXBsi JqKGA9ul xzWL2Pp8 IZjIq9He RjDUex61 lqKnzPvP mlHu9OVg aWGQETjI gKOyNQPh 4pgwpiHi miUcr0K7 FGbFUcoj 3L2NkWiR zpLQ0R0G 3L2NkWiR aSd01nMZ bUsapUoo nDVKj516 1gtWVzKV xkCjqYXa 6dJ0UicP aZcuESum CGddIqkC jKNn1ZQ1 NpH6Hpsr AmaYXBsi JqKGA9ul gX4kBNm4 CBKWpDQv y7NjqOqM svPb07cv P0hOEoLv iJuLSUhp tCAdUY4B JfDq1Cs2 m9MRh7a0 91Uq51QB 7czjmzr9 n7cwD1GE SG64DwCC LvdUl8D5 d5gzYuse 97y3ut3B RGBDWX4o 8LVjFaQv ijk5cHsH 1dr1nBQ7 EJI0xPm2 sAdwIwgI OEs82oEQ NgGjr3Ik qnVestAH PLFYaVF6 FdbcCrtB GZiGmLq9 fa3ra0T7 Ah46Ofm8 SUGv8yIU REvLgkhf X4DALK1Z Rd2M5nw8 VDai7XkI wusYsf5E U7cZo0h2 Zy3im4wi 9FVeC0va ciNFdHxl b850DFfF u2ZI4Bp6 KcGXxWyr 0MyIUMFM n0riP8Jl w0QWGw2L xI4hMIxA v654W2Kr O5yBujnu WvzZeqnS IdGLl1to PMzcqvQL W7b2i2pG BkhTgoaJ CIF8DWXL yWlzbESz oqraQ3aF NBKhkccj rbWYBihd nFqouQp3 6MPulFAv ZtfcEeD9 lwKMUcFL lWuh5cH8 uEOMgmS6 bKTzHQn4 TNblhkGK WOQy49Fo Fj27Gybu 4FNIiWtX aDGqWHym yptfWPBC HTyyntxa NvpMZWSs SqpsWXRw pDb2VAD0 tKnzhLx5 Wznv2rRv FqE4GP0Y VgwgAKMz KbQF6Z1I KZzTlcqA 7VEdC8Bn uEOMgmS6 lWuh5cH8 lwKMUcFL ZtfcEeD9
93
fa3ra0T7 fa3ra0T7
zvH4AKmS zvH4AKmS
Tb8W969R Tb8W969R
wusYsf5E wusYsf5E
yptfWPBC yptfWPBC
Rd2M5nw8 OJgw7XgR Rd2M5nw8
CIF8DWXL CIF8DWXL
FqE4GP0Y FqE4GP0Y
VgwgAKMz VgwgAKMz
lWuh5cH8 lWuh5cH8
CxnbNU8s CxnbNU8s
mrK2EXuk mrK2EXuk
CGddIqkC CGddIqkC
BOlNhFGU BOlNhFGU
jKNn1ZQ1 jKNn1ZQ1
CBKWpDQv CBKWpDQv
43ehQX6O 43ehQX6O
w0QWGw2L w0QWGw2L
mSd4Nw6v mSd4Nw6v
AmaYXBsi AmaYXBsi
0MyIUMFM 0MyIUMFM
PMzcqvQL PMzcqvQL
KZzTlcqA KZzTlcqA
7P5zi9hu 7P5zi9hu
EB4WBsTV EB4WBsTV
wZJN4OBT wZJN4OBT
1dr1nBQ7 1dr1nBQ7
HTyyntxa HTyyntxa
TNblhkGK TNblhkGK
O5yBujnu O5yBujnu
2KepLMXB 2KepLMXB
J2tz5Jy2 J2tz5Jy2
ZS8CQaI7 ZS8CQaI7
ZtfcEeD9 ZtfcEeD9
Fj27Gybu Fj27Gybu
mlHu9OVg mlHu9OVg
lqKnzPvP lqKnzPvP
EAWv9kfQ EAWv9kfQ
FdbcCrtB FdbcCrtB
RjDUex61 RjDUex61
W7b2i2pG W7b2i2pG
aSd01nMZ aSd01nMZ
eFJgi8X6 eFJgi8X6
91Uq51QB 91Uq51QB
LvdUl8D5 LvdUl8D5
qnVestAH qnVestAH
SG64DwCC SG64DwCC NSdaWdL7
3MYamZSb 3MYamZSb
YWqBlkAs YWqBlkAs
rbWYBihd rbWYBihd
kMauNR5Y kMauNR5Y
X4DALK1Z X4DALK1Z
kTn5Wdms kTn5Wdms
ijk5cHsH ijk5cHsH
zpLQ0R0G RleTQaHw zpLQ0R0G
62Mn9lau 62Mn9lau
NpH6Hpsr NpH6Hpsr
SdpsKJEm uMuBYvMK
gX4kBNm4 gX4kBNm4
Wznv2rRv Wznv2rRv
ciNFdHxl ciNFdHxl
8LVjFaQv 8LVjFaQv
WOCLylig WOCLylig
sFR9mcaG sFR9mcaG
miUcr0K7 miUcr0K7
FGbFUcoj FGbFUcoj poaWnZDO
8avKqSxh 8avKqSxh
7Xy44hse 7Xy44hse
aWGQETjI aWGQETjI
svPb07cv svPb07cv y7NjqOqM
gKOyNQPh gKOyNQPh
o4xf7nVd o4xf7nVd
1gtWVzKV 1gtWVzKV
JfDq1Cs2 JfDq1Cs2
Q7hUKAHQ Q7hUKAHQ
d5gzYuse d5gzYuse
nFqouQp3 nFqouQp3
xzWL2Pp8 B65DnegI xzWL2Pp8
tCAdUY4B tCAdUY4B
bJ22zvWV bJ22zvWV
eF0ueRyu eF0ueRyu
8Rfeklr1 8Rfeklr1
xRPgtW5C xRPgtW5C
aDGqWHym aDGqWHym
04vrMVdi 04vrMVdi
PLFYaVF6 PLFYaVF6
U7cZo0h2 U7cZo0h2
dzvtjag1 dzvtjag1
IdGLl1to IdGLl1to
ca785uLx ca785uLx
ntaFp6yn ntaFp6yn
yRH0nOtz yRH0nOtz
VDai7XkI Pz0LLMil hBRDGWam
