93 71 20 169 101 172 124 155 132 57 86 119 1 79 61 53 64 170 144 171 103 51 63 163 52 151 82 111 86 115 26 147 17 76 4 24 176 90 34 121 176 98 126 14 168 75 130 5 81 35 162 40 116 128 84 47 91 110 72 154 19 54 125 141 140 64 170 108 39 97 126 65 66 11 87 136 177 49 117 77 143 165 164 117 49 137 161 73 2 95 36 27 129 174 70 62 18 157 138 94 80 46 146 70 62 93
83
1 1
2 2
4 4
11 99
14 14
18 18
19 19
20 20
24 24
26 26
27 27
34 34
36 36 38 109 131
39 39
40 40
46 46
47 47
49 49
51 51
52 52
53 53
57 57
61 61
62 62
63 63
64 64
65 65
66 66
70 70
72 72
73 73
75 75 102
76 76
77 77
79 79
80 80
81 81
82 82
84 84
86 86
87 87
90 90
91 91
95 95
98 98
101 101 105
103 122
108 108
110 110
111 111
115 115
116 116
117 117
119 119
121 121
124 124
125 125
129 74 129
130 130
132 67
136 136
137 137
138 138
140 140
141 141
143 143
146 146
147 147
151 151
154 154
155 155
157 157
161 161
163 163
165 43 165
168 168
169 169
170 56 170
171 171
172 172
174 174
176 176
177 177
