Dannemora Fire Earlville Firthcliffe Highland Farmingville Florida Farnham Freeville Delhi Franklin Goshen Flanders Frankfort Delmar Herricks Deposit Hempstead Fonda Fleischmanns Hamburg Flower Oceanside Freeport Forestville Davis Fishkill Galeville Germantown Dexter DeRuyter Fairmount Dexter Germantown Deferiet Fishers Forest Odessa Depauville Ghent Freeport Herkimer Fayetteville Harbor Fredonia Gowanda Franklinville Norwich Fabius Olcott Delhi Frewsburg Dunkirk Delanson Dansville Delevan Harrison Friendship Gardiner Fulton Fairport Geneva Fairview Mills Fabius Dannemora
46
Davis Davis
Dansville Dansville
Deferiet Deferiet
Delanson Deer Delanson
Delevan Delevan
Delhi Delhi
Delmar Delmar
Depauville Depauville
Deposit Deposit
DeRuyter DeRuyter
Dexter Dexter
Dunkirk Dunkirk
Earlville Earlville
Fabius Fabius
Fairmount Fairmount
Fairport Fairport
Fairview Fairview
Farmingville Farmingville
Farnham Farnham
Fayetteville Fayetteville
Fire Fire
Firthcliffe Firthcliffe
Fishers Fishers
Fishkill Fishkill
Flanders Flanders
Fleischmanns Fleischmanns
Florida Florida
Flower Flower
Fonda Fonda
Forest Forest
Forestville Forestville
Frankfort Frankfort
Franklin Franklin
Franklinville Franklinville
Fredonia Fredonia
Freeport Freeport
Freeville Freeville
Frewsburg Frewsburg
Friendship Friendship
Fulton Fulton
Galeville Galeville
Gardiner Falconer Gardiner
Geneva Depew Geneva
Germantown Germantown
Ghent Ghent
Oceanside Fair Gasport
