Acton Compton Bowles Compton Acton Carlsbad Encinitas Canyondam Fontana Castroville August Cotati Boron Cotati Bodfish Cartago Arbuckle Biola Brentwood Diablo Clayton Alhambra Ashland Covelo Foresthill Altadena Cloverdale Bootjack Florin Alturas Florin Calexico Anderson Caribou Folsom Bayview Albany Escondido Atwater Escondido Fruitdale Byron Biggs Brawley Almanor Farmersville Auburn Berkeley Alameda Carrick Concow Fellows Clovis Camarillo Burbank Calimesa Barstow Cobb Cabazon Amesti Broadmoor Cerritos Ducor Burlingame Alhambra Brawley Columbia Carpinteria Columbia Fillmore Arcata Clayton Adelanto Bradbury Bakersfield Burney Duarte Carmichael Duarte Cupertino Auberry Corona Buttonwillow Bystrom Aromas Davis Boronda Clyde Bonsall Atascadero Antioch Carson Fallbrook Artesia Fallbrook Bonita Belvedere Calistoga Beckwourth Azusa Brea Avery Chowchilla Avenal Fruitdale Bishop Arvin Cayucos Cambria Belmont Arcadia Burbank Galt Brentwood Calabasas Beaumont Benicia Alpaugh Carlsbad Bellflower Bolinas Friant Florin Calexico Blairsden Downey Cerritos Bell Alpaugh Escalon Calipatria Crockett Campbell Arnold Bradley Capitola Avery Cherryland Cambria Belmont Brisbane Anaheim Calwa Fortuna Bonsall Atascadero Angwin Fresno Banning Alamo Avalon Ceres Auburn Berkeley Armona Encinitas Carlsbad Acton
94
Adelanto Adelanto
Alameda Alameda
Alamo Alamo
Albany Albany
Alhambra Alhambra Belden
Almanor Almanor
Alpaugh Alpaugh
Altadena Altadena
Alturas Alturas
Amesti Amesti
Anaheim Anaheim
Anderson Anderson
Angwin Angwin
Antioch Antioch
Arbuckle Arbuckle Blythe
Arcadia Arcadia
Arcata Arcata
Armona Armona
Arnold Arnold
Aromas Aromas
Artesia Artesia
Arvin Arvin
Ashland Ashland
Atascadero Atascadero
Atwater Atwater
Auberry Auberry
Auburn Auburn
August August
Avalon Avalon
Avenal Avenal
Avery Avery
Azusa Azusa
Bakersfield Bakersfield
Banning Banning
Barstow Barstow
Bayview Bayview
Beaumont Beaumont
Beckwourth Beckwourth
Bell Bell
Bellflower Bellflower
Belmont Belmont
Belvedere Belvedere
Benicia Benicia
Berkeley Berkeley
Biggs Biggs
Biola Biola
Bishop Bishop
Blairsden Atherton Blairsden
Bodfish Bodfish
Bolinas Bolinas
Bonita Bonita
Bonsall Bonsall
Bootjack Bootjack
Boron Boron
Boronda Boronda
Bowles Bowles
Bradbury Bradbury
Bradley Bradley Caruthers
Brawley Brawley
Brea Brea
Brentwood Brentwood
Brisbane Brisbane
Broadmoor Broadmoor
Burbank Burbank
Burlingame Burlingame
Burney Burney
Buttonwillow Buttonwillow
Byron Byron
Bystrom Bystrom
Cabazon Cabazon
Calabasas Calabasas
Calexico Calexico
Calimesa Calimesa
Calipatria Calipatria
Calistoga Calistoga
Calwa Calwa
Camarillo Camarillo
Cambria Cambria
Campbell Campbell
Canyondam Canyondam
Capitola Capitola
Caribou Caribou
Carlsbad Carlsbad
Carmichael Carmichael
Carpinteria Carpinteria
Carrick Carrick
Carson Carson
Cartago Cartago
Castroville Castroville
Cayucos Cayucos
Ceres Ceres
Cerritos Aptos Bluewater Cerritos
Columbia Alpine
Cupertino Bloomington
