Acadia Guadalupe Sequoia Wrangell Denali Katmai Everglades Congaree Caverns Rocky Crater Lassen Smoky Voyageurs Bend Tortugas Gunnison Basin Badlands Clark Canyonlands Brycecanyon Glacier Gateway Teton Isle Shenandoah Haleakala Indiana Channel Cuyahoga Biscayne Acadia
25
Acadia Capitol
Badlands Badlands
Bend Bend
Biscayne Biscayne
Gunnison Gunnison
Brycecanyon Brycecanyon
Canyonlands Canyonlands
Caverns Caverns
Channel Channel
Congaree Congaree
Crater Crater
Cuyahoga Cuyahoga
Denali Denali
Tortugas Tortugas
Everglades Everglades
Gateway Gateway
Glacier Glacier
Teton Teton
Basin Basin
Smoky Smoky
Guadalupe Guadalupe
Haleakala Haleakala
Indiana Indiana
Isle Isle
Sequoia Arches
