0 11 2 3 4 13 12 33 75 66 58 48 28 19 8 6 15 17 27 26 35 36 46 57 56 46 45 54 55 64 85 104 124 126 155 156 167 148 138 159 178 188 186 157 147 158 149 139 119 89 77 76 87 97 107 115 105 73 82 80 90 91 92 123 143 135 145 175 185 184 174 173 193 192 180 171 172 162 161 151 132 111 112 114 94 84 62 52 51 40 30 31 22 20 0
88
3 3
4 4
6 6
8 8
11 11
12 12
13 13
15 15
17 17
19 19
20 20
22 22
26 26
27 27
28 28
30 30
31 31
33 24 33 43
35 35
36 36
40 40
45 45
46 46
51 51
52 52
54 54
55 55
56 56
57 47 57
58 58
62 62
64 64
66 66
73 63 73
75 75
76 76
77 77
80 80
82 82
84 84
85 85 95
87 87
89 89
90 90
91 91
92 92
94 94
104 104
105 105
107 107
111 111
112 112
114 114
115 115
119 119
123 123
124 124
126 126
132 132
135 135
138 138
139 139
143 143
147 137 147
148 148
149 149
151 150 151
155 155
156 156
157 157
158 158
159 159
161 161
162 162
167 167
171 171
172 172
173 173
174 174
175 175
178 168 178
180 180
184 184
185 185
186 186 196
188 188
192 192
193 193
