Loc2 Loc36 Loc13 Loc31 Loc56 Loc93 Loc77 Loc49 Loc64 Loc49 Loc8 Loc21 Loc7 Loc0 Loc7 Loc21 Loc93 Loc73 Loc31 Loc43 Loc31 Loc52 Loc81 Loc40 Loc96 Loc28 Loc33 Loc46 Loc33 Loc26 Loc57 Loc92 Loc57 Loc60 Loc83 Loc15 Loc83 Loc75 Loc59 Loc91 Loc78 Loc17 Loc78 Loc34 Loc83 Loc86 Loc55 Loc71 Loc55 Loc58 Loc57 Loc1 Loc24 Loc87 Loc14 Loc87 Loc66 Loc99 Loc19 Loc99 Loc6 Loc44 Loc11 Loc44 Loc53 Loc12 Loc3 Loc12 Loc51 Loc18 Loc4 Loc18 Loc80 Loc97 Loc90 Loc61 Loc16 Loc38 Loc54 Loc70 Loc74 Loc42 Loc41 Loc89 Loc82 Loc2
47
Loc0 Loc0 Loc48
Loc1 Loc1
Loc3 Loc3
Loc4 Loc4
Loc6 Loc6
Loc7 Loc7
Loc8 Loc8
Loc11 Loc11
Loc13 Loc13
Loc14 Loc14
Loc15 Loc15
Loc16 Loc16
Loc17 Loc17
Loc19 Loc19
Loc24 Loc24
Loc26 Loc26
Loc28 Loc28
Loc34 Loc34
Loc36 Loc27
Loc40 Loc40
Loc41 Loc41
Loc43 Loc43
Loc44 Loc9
Loc46 Loc46
Loc51 Loc10 Loc32 Loc45
Loc52 Loc52
Loc53 Loc53
Loc54 Loc54
Loc55 Loc22
Loc56 Loc56
Loc58 Loc58
Loc60 Loc60
Loc64 Loc64
Loc66 Loc66
Loc70 Loc67
Loc71 Loc71
Loc73 Loc73
Loc74 Loc74
Loc75 Loc75
Loc77 Loc77
Loc80 Loc80
Loc82 Loc82
Loc83 Loc35
Loc86 Loc86
Loc90 Loc90
Loc91 Loc91
Loc92 Loc92
