Loc1 Loc137 Loc142 Loc39 Loc179 Loc52 Loc74 Loc157 Loc103 Loc157 Loc38 Loc88 Loc18 Loc88 Loc7 Loc131 Loc14 Loc199 Loc99 Loc148 Loc60 Loc126 Loc141 Loc126 Loc118 Loc93 Loc183 Loc53 Loc22 Loc3 Loc153 Loc150 Loc8 Loc185 Loc133 Loc4 Loc171 Loc4 Loc132 Loc158 Loc122 Loc186 Loc160 Loc112 Loc65 Loc136 Loc106 Loc134 Loc190 Loc138 Loc54 Loc162 Loc144 Loc162 Loc17 Loc89 Loc168 Loc47 Loc83 Loc47 Loc176 Loc117 Loc0 Loc193 Loc69 Loc124 Loc23 Loc95 Loc70 Loc27 Loc92 Loc111 Loc128 Loc91 Loc194 Loc94 Loc41 Loc32 Loc188 Loc165 Loc110 Loc165 Loc170 Loc78 Loc147 Loc178 Loc129 Loc58 Loc50 Loc98 Loc85 Loc98 Loc135 Loc149 Loc58 Loc140 Loc158 Loc20 Loc158 Loc197 Loc186 Loc96 Loc167 Loc45 Loc62 Loc187 Loc182 Loc12 Loc37 Loc162 Loc9 Loc89 Loc109 Loc155 Loc61 Loc155 Loc163 Loc47 Loc31 Loc108 Loc57 Loc64 Loc172 Loc48 Loc154 Loc12 Loc5 Loc121 Loc195 Loc56 Loc180 Loc56 Loc177 Loc72 Loc46 Loc49 Loc76 Loc131 Loc101 Loc84 Loc33 Loc146 Loc175 Loc146 Loc191 Loc6 Loc191 Loc159 Loc113 Loc151 Loc59 Loc151 Loc113 Loc77 Loc35 Loc107 Loc10 Loc143 Loc10 Loc100 Loc156 Loc192 Loc156 Loc189 Loc42 Loc16 Loc1
96
Loc0 Loc0
Loc1 Loc30
Loc3 Loc3
Loc5 Loc5
Loc6 Loc6
Loc7 Loc7
Loc8 Loc8
Loc9 Loc9
Loc10 Loc67
Loc12 Loc15
Loc14 Loc14
Loc16 Loc16
Loc17 Loc17
Loc18 Loc18
Loc20 Loc20
Loc23 Loc23
Loc27 Loc27
Loc31 Loc31
Loc32 Loc32
Loc33 Loc33
Loc37 Loc37
Loc38 Loc38
Loc39 Loc39
Loc42 Loc13
Loc46 Loc46
Loc50 Loc50
Loc52 Loc52
Loc53 Loc53
Loc54 Loc54
Loc57 Loc57
Loc59 Loc59 Loc123
Loc60 Loc60
Loc61 Loc61
Loc62 Loc62
Loc64 Loc71
Loc65 Loc65
Loc74 Loc74
Loc76 Loc76
Loc77 Loc77
Loc83 Loc83
Loc85 Loc85
Loc91 Loc91
Loc94 Loc94
Loc95 Loc95
Loc96 Loc96
Loc98 Loc75
Loc99 Loc99
Loc100 Loc100
Loc101 Loc101
Loc103 Loc103
Loc106 Loc106
Loc107 Loc107
Loc109 Loc109
Loc110 Loc110
Loc111 Loc111
Loc118 Loc118
Loc122 Loc122
Loc124 Loc124
Loc126 Loc11
Loc128 Loc128
Loc129 Loc129
Loc132 Loc132
Loc133 Loc133
Loc137 Loc137
Loc140 Loc140
Loc141 Loc141
Loc143 Loc143
Loc144 Loc144
Loc146 Loc25 Loc97 Loc145
Loc147 Loc147
Loc149 Loc149
Loc151 Loc151
Loc153 Loc153
Loc154 Loc154
Loc159 Loc159
Loc160 Loc160
Loc163 Loc163
Loc165 Loc19
Loc167 Loc167
Loc168 Loc168
Loc170 Loc170
Loc171 Loc171
Loc172 Loc172
Loc175 Loc175
Loc176 Loc176
Loc177 Loc177
Loc180 Loc180
Loc182 Loc182
Loc183 Loc183
Loc188 Loc188
Loc189 Loc189
Loc190 Loc190
Loc192 Loc192
Loc193 Loc51
Loc195 Loc195
Loc197 Loc44 Loc197
