pace exclusive output injury skeleton deposit enter prison approval tablet gate audience due voice mixture market likely king page guarantee thumb opposed brake nationalist feature nationalist pace
22
likely likely circulation
prison honor
feature feature
skeleton skeleton
king king
mixture mixture
injury injury
output output
due excuse
page page
audience audience
voice voice
deposit deposit
guarantee guarantee
gate gate
market market
thumb exempt enter
opposed opposed
exclusive throne
brake headline brake
nationalist nationalist
approval approval
