0 182 181 179 178 177 118 114 115 114 111 113 111 176 106 175 172 170 171 102 94 101 94 169 89 91 89 169 94 169 89 90 89 169 94 102 171 170 172 175 106 108 106 176 111 114 118 119 118 114 111 176 106 175 172 170 171 102 104 102 94 169 89 168 86 87 86 92 80 81 80 92 93 92 86 92 80 167 166 76 79 76 165 72 75 72 164 67 69 67 163 162 120 128 120 162 163 67 164 72 165 76 165 164 67 163 162 120 160 159 157 47 49 47 156 52 53 52 155 154 54 55 54 57 59 57 153 60 66 60 151 152 150 11 12 11 149 147 14 16 14 145 146 20 22 20 146 145 14 145 146 20 144 24 5 8 5 24 26 24 5 24 25 24 5 141 139 1 2 1 138 135 44 46 44 131 40 41 40 132 38 39 38 134 133 34 27 33 27 34 27 34 35 34 27 182 0
55
1 3 4 13
2 2
5 6 7 9 10
8 8
12 12
14 15 17 18 19
16 16
20 21 23
22 22
25 25
26 26
27 28 29 30 31 32
33 33
34 36 37
35 35
39 39
40 42 43
41 41
44 45
46 46
47 48 50 51
49 49
53 53
54 56
55 55
57 58
59 59
60 61 62 63 64 65
66 66
67 68 70 71
69 69
72 73 74
75 75
76 77 78
79 79
80 82 83 84 85
81 81
86 88
87 87
90 90
91 91
93 93
94 95 96 97 98 99 100
101 101
102 103 105
104 104
106 107 109 110
108 108
111 112
113 113
114 116 117
115 115
119 119
120 121 122 123 124 125 126 127 129 130
128 128
