C0 C107 C190 C169 C119 C137 C134 C122 C127 C139 C152 C114 C167 C161 C165 C100 C178 C182 C137 C164 C146 C171 C193 C132 C192 C119 C114 C134 C141 C132 C124 C194 C137 C96 C154 C141 C198 C149 C134 C160 C156 C107 C0
31
C0 C0
C100 C100
C107 C179 C107 C87 C8 C25
C114 C114
C119 C119 C52
C122 C122
C124 C124
C127 C7 C127
C132 C132
C134 C134 C97
C137 C137 C55 C24 C32
C139 C10 C139
C141 C4 C56 C141
C146 C146 C11 C84
C149 C149
C152 C152
C154 C154 C30
C160 C160 C88 C59
C161 C161 C110
C164 C164
C165 C66 C165 C57
C167 C167 C26 C27 C104
C169 C101 C35 C78 C54 C16 C70 C77 C169 C121 C129 C58 C93 C153 C31 C50 C63 C172 C2
C171 C171 C45 C103 C28 C105
C178 C95
C182 C182 C120
C190 C185 C144 C145 C168 C19 C190 C47 C49 C48 C196 C181 C18 C20 C68 C43 C123 C166 C3
C192 C5 C192 C51 C1
C193 C193
C194 C194
C198 C74 C198 C86 C71
