HAZtD 4Eg1F wnnBN Cg1yP J0OP0 F7CZj z82fM EyMEe vfAR8 X2hjX GxQg8 lJnz7 1gvq4 rH3nx p3gJd cpzS8 acHTt kjZGl UQeyk EgumV fWz4T SE1WY ZKvNM iHR3J v0WXM R6NzB 0FMEI RWE9G sU69u 9cp56 u60s4 Tp7uZ jyRQW Xqwfz IOpdQ BaYb3 SxklZ rVnMc OWqP4 6owsT iimZq GUEko 0moVI HAKlt 6sv9O iPRoT Vg6Sz iIQll GrnJ7 iaaYU 4jcrD DmTRc tgL8p 0FMEI tgL8p DmTRc gNinx GrnJ7 rmW0U CHx6u bMhFI SfSL1 RkCLD xKTIz E6pda e7SjH o2JtM H1xt8 GaZ4O Q8lcd iPRoT 8Qx0C qz2Of 7kY28 Xqwfz jyRQW Tp7uZ cC0Rg mJExt aWuHk 3NU9e CXkxa 3NU9e aWuHk mJExt cC0Rg Tp7uZ jyRQW Xqwfz jyRQW Tp7uZ cC0Rg p3gJd cpzS8 AwFdf 2zHfe fExZu v7hOX Mm2U8 15wtn b9v0q 69WZh jesVt 4AhmX 93R2m C4biR aegld O8CwF XbFfE aWuHk vfAR8 EyMEe iKwe0 J0OP0 F7CZj RN9nS 3NU9e aWuHk p3gJd cpzS8 AwFdf 2zHfe wVSYr WVEjT Agb0E VG4na Ia6ul kvy7i Q5zY0 69WZh 15wtn p3gJd mJExt iqOI4 UqGfS kPB79 4PXv9 kPB79 6gp0A HAZtD
74
93R2m cu5FB
H1xt8 H1xt8
Xqwfz pLg86
GxQg8 GxQg8
4AhmX 4AhmX
8Qx0C 8Qx0C
aegld aegld
7kY28 7kY28 URrao fiXIW
jesVt jesVt
E6pda E6pda
kPB79 4Tt2a
GrnJ7 UbqWX v9joy
69WZh zrVPv mdIe6 wedr3 69WZh
jyRQW zcuSA
wnnBN wnnBN
gNinx gNinx
9cp56 0F8yg
iaaYU iaaYU
15wtn ox9Gx
IOpdQ IOpdQ
rmW0U HOuAL 9tf0w
CHx6u CHx6u
lJnz7 lJnz7
BaYb3 Zok18 1VA1I BaYb3
CXkxa 5h4rt Lusir ED9em
e7SjH DuU0x 2LhKB BIY9X
1gvq4 1gvq4
Ia6ul eVDVP Ia6ul
sU69u 5EAEu
bMhFI bMhFI lF8gH
iIQll p4kTx iIQll
rH3nx rH3nx
Vg6Sz Vg6Sz
u60s4 Zxvdf gpbSj u60s4
aWuHk aWuHk
RN9nS RN9nS
O8CwF O8CwF TlJnt
OWqP4 OWqP4
iqOI4 iqOI4
p3gJd uPUO1 DaieK p3gJd
SxklZ SxklZ VESmp
b9v0q SEkfX
X2hjX X2hjX
v7hOX v7hOX
cpzS8 cpzS8
RWE9G 2GCiD
acHTt acHTt
Q8lcd Q8lcd
Cg1yP Cg1yP
fExZu fExZu
cC0Rg cC0Rg
R6NzB R6NzB
6owsT 6owsT
AwFdf AwFdf
J0OP0 J0OP0
DmTRc DmTRc
iKwe0 iKwe0
xKTIz xKTIz
iHR3J iHR3J
UqGfS UqGfS NqBQW Ssao4
kjZGl kNG2j
iimZq iimZq
vfAR8 vfAR8 bW6Ms
z82fM z82fM
Agb0E Agb0E
EgumV EgumV
0moVI 0moVI
HAKlt Pk19A HAKlt
4PXv9 4PXv9
fWz4T fWz4T
4jcrD 4jcrD
ZKvNM TzGS5
WVEjT WVEjT
VG4na VG4na
