1 87 130 123 138 127 122 140 30 174 21 64 116 199 19 105 16 36 80 185 96 159 193 83 158 103 49 121 56 162 23 108 57 55 7 163 60 23 84 62 98 62 186 43 152 13 15 97 110 195 128 48 46 158 78 82 50 176 51 31 119 156 161 13 190 1 52 88 26 42 153 177 3 182 59 14 7 174 71 104 95 116 12 29 66 1 86 92 93 147 13 126 42 175 89 18 136 115 194 99 128 91 36 53 151 132 6 90 58 88 101 124 18 75 137 142 1
77
3 3
7 7
12 12
13 13
14 14
15 15
18 18
23 23
26 26
31 31
36 36
42 42
43 43
46 46
49 49
51 51
52 52
53 53
56 56
57 57
58 58
60 60
64 64
66 66
71 71
78 78
82 82
83 83
84 84
86 86
87 157
88 88
89 89
90 90
91 91
92 92
93 93
95 95
96 96
98 98
99 99
101 101
103 103
105 105
108 108
110 110
115 115
116 116
119 119
121 121
127 127
128 128
130 130
132 132
136 136
137 137
138 138
140 140
142 142
147 147
152 152 129
153 153
156 156
159 159
161 161
162 162
163 163
174 174
175 175
176 176
182 182
185 185
186 186
190 190
193 193
194 194
199 199
