location1 location101 location102 location58 location55 location116 location55 location52 location49 location151 location152 location151 location154 location157 location156 location68 location25 location24 location27 location30 location33 location36 location39 location42 location45 location47 location48 location51 location28 location31 location34 location7 location4 location3 location26 location3 location2 location1 location180 location179 location66 location63 location64 location65 location62 location142 location62 location59 location56 location53 location50 location51 location19 location16 location13 location10 location13 location14 location81 location84 location87 location171 location170 location167 location164 location167 location166 location169 location71 location68 location25 location28 location31 location124 location121 location122 location125 location126 location129 location130 location2 location5 location4 location79 location58 location55 location116 location55 location58 location61 location62 location142 location145 location148 location34 location7 location10 location108 location111 location114 location117 location118 location121 location124 location127 location130 location133 location134 location137 location20 location17 location18 location17 location86 location83 location80 location77 location74 location77 location74 location77 location76 location79 location82 location79 location4 location1
69
location1 location1
location3 location3
location5 location5
location7 location7
location10 location9
location13 location13
location16 location15
location17 location17
location19 location19
location24 location21 location23
location25 location25
location27 location27
location30 location29
location31 location31
location33 location33
location36 location35 location37
location39 location39
location42 location41 location43
location45 location45
location47 location47
location49 location49
location50 location11
location51 location51 location177
location53 location53
location55 location55
location58 location57
location59 location59
location61 location61
location63 location63
location65 location65
location68 location67 location69
location71 location71
location74 location75
location77 location77
location79 location79
location81 location81
location83 location83
location84 location85
location86 location89
location87 location87 location91 location93
location101 location95 location97 location101
location102 location99 location103 location105
location108 location107 location109
location111 location111
location116 location113 location115 location119
location117 location117
location118 location73
location121 location121
location124 location123
location125 location125
location127 location127
location129 location129
location130 location131
location133 location133
location134 location135
location137 location137
location142 location139 location141 location143
location145 location145
location148 location147
location151 location151
location152 location149 location153 location155
location156 location159
location157 location157
location164 location161 location163 location165
location167 location167
location169 location169
location170 location173
location171 location171
location179 location175 location179
