Ilesa Bensheim PointeClaire Liberia Paredes El Shaowu Chacabuco Belper Jashpurnagar Magomeni Minas Gariadhar Bavly Jagna Aklera Alexandria PortVila Aistala DehiwalaMount Tupiza Valday Bogovinje Mouscron Krymsk Palafrugell Viewpark Ventimiglia Mexborough Meizhou Toledo Perth Niort Zeist Brunswick Jiangyan Malden Rhosllanerchrugog Milagro Foshan Sillanwali Bobigny An Bensheim Oulmes Azrou Perth UlanUde Hermsdorf Skalica Calauan Yingkou Ramla Bensheim Copperas MitryMory Aurora Barracas Sishui Claremont MitryMory Onex Puerto Belper Bon Landshut Uran Talipparamba Davis Sorsogon Oberhausen Palm Marburg Lille Bensheim Kyzylorda Brzeg Perth Lodwar Polohy Alfenas Aleshtar Batu Stupino Villaquilambre Calauan Sceaux Valletta Itacoatiara Sirsi Ponta Perth Shagamu Bang Bensheim Zaozhuang Rutland Stuttgart Milledgeville WaltonontheNaze Memmingen Tupelo Puducherry American Krymsk Ada Great Resplendor Ilesa
93
Bensheim Bensheim Campobasso
Belper Guli LonsleSaunier
Perth Perth Tak Clermont
MitryMory MitryMory
Hermsdorf Hermsdorf
Minas New Dahlem
Aistala Tharu
Krymsk Tiruppuvanam GernikaLumo
Calauan Calauan
Ventimiglia Ventimiglia
Valday Valday
Uran Uran
Malden Malden
Milledgeville Milledgeville
Jagna Jagna
Marburg Marburg
Polohy Polohy
Foshan Foshan
Puducherry Puducherry
Sishui Sishui
Memmingen Memmingen
Davis Davis
Alexandria Alexandria
Meizhou Meizhou
Rhosllanerchrugog Rhosllanerchrugog
Azrou Azrou
Lille Lille
Oulmes Oulmes
Mexborough Mexborough
Puerto Puerto
Onex Onex
Brunswick Brunswick
Jiangyan Jiangyan
Claremont Claremont
UlanUde UlanUde
Milagro Milagro
Great Tyoply Great
Ada Ada
Resplendor Resplendor
Ilesa Ilesa
Alfenas Alfenas
Aleshtar Aleshtar
Bogovinje Bogovinje
Mouscron Mouscron
Talipparamba Talipparamba
Barracas Barracas
Aurora Aurora
American American
Gariadhar Gariadhar
Bavly Bavly
Ponta Ponta
Sirsi Sirsi
Itacoatiara Itacoatiara
Sceaux Sceaux
Valletta Valletta
Landshut Landshut
Bon Bon
WaltonontheNaze WaltonontheNaze
Yingkou Yingkou
Ramla Ramla
Shaowu Shaowu
Chacabuco Chacabuco
Aklera Aklera
Rutland Rutland
Zaozhuang Zaozhuang
Stuttgart Stuttgart
Viewpark Viewpark
Sillanwali Sillanwali
Bobigny Bobigny
An An
Copperas Copperas
Lodwar Lodwar
Jashpurnagar Jashpurnagar
Kyzylorda Kyzylorda
Brzeg Brzeg
Paredes Paredes
Magomeni Magomeni
Tupelo Tupelo
Bang Bang
Sorsogon Sorsogon
Shagamu Shagamu
Toledo Toledo
Skalica Skalica
Oberhausen Oberhausen
Palm Palm
PointeClaire PointeClaire
Tupiza Tupiza
DehiwalaMount DehiwalaMount
Villaquilambre Villaquilambre
Niort Niort
Stupino Stupino
PortVila PortVila
Palafrugell Palafrugell
