108 47 66 44 13 8 126 112 120 61 17 13 79 36 138 171 163 46 32 101 49 109 116 190 31 38 31 133 63 143 55 128 151 56 189 177 186 134 136 0 185 53 90 96 57 56 82 73 193 11 197 121 30 7 51 170 54 78 178 34 178 130 140 1 119 77 110 75 150 179 157 15 68 95 23 6 43 140 83 84 99 28 181 167 156 187 156 184 113 118 191 100 191 117 24 114 142 159 176 148 176 65 92 146 39 42 18 37 90 45 127 26 5 81 174 188 35 153 64 108
86
1 1
5 5
7 7
11 11
13 13
15 15
17 67 17
23 129 23
24 24
26 26
28 28
31 31
32 32
34 48 34
35 14 35
36 36
37 37
38 107 38
39 39
43 43
44 44
45 45
46 46
49 49
53 53
54 54
56 56
57 57
61 61
63 63
64 64
65 65
66 66
68 68 85
73 73
75 75
77 77
78 78
79 79
81 81
82 82 71
83 83
84 84
92 92
95 95
96 96
99 99
100 100
101 101
108 69
109 109
110 110
113 184
114 114
117 117
118 118
120 120
121 121
126 126
128 128
130 130
133 133
134 134
136 136
138 138
140 140
142 142
143 143
146 146
148 148 182
150 150
151 151
153 153
157 157
167 167
170 170
174 19 174
176 176
177 177
179 179
181 181
186 186
187 187
188 188 144
190 190
197 137 197
