1 119 120 59 1 134 96 38 1 47 132 44 42 5 30 32 72 86 144 26 1 11 12 143 1 110 24 98 1 50 36 14 84 92 102 65 3 40 118 112 94 100 34 20 18 56 46 128 10 8 54 29 6 101 138 125 3 137 3 124 106 53 114 17 90 113 78 104 66 89 126 41 70 140 3 116 58 16 3 136 22 68 3 76 82 88 3 77 142 4 130 28 3 80 108 83 48 107 60 23 1
87
1 2 35 62 71 74 95 122 131
4 4
5 5
6 6
8 8
10 10
11 11
12 12
14 14
16 16
17 17
18 18
20 20
22 22
23 23
24 24
26 26
28 28
29 29
30 30
32 32
34 34
36 36
38 38
40 40
41 41
42 42
44 44
46 46
47 47
48 48
50 50
53 53
54 54
56 56
58 58
59 59
60 60
65 65
66 66
68 68
70 70
72 72
76 76
77 77
78 78
80 80
82 82
83 83
84 84
86 86
88 88
89 89
90 90
92 92
94 94
96 96
98 98
100 100
101 101
102 102
104 104
106 106
107 107
108 108
110 110
112 112
113 113
114 114
116 116
118 52 64 118
119 119
120 120
124 124
125 125
126 126
128 128
130 130
132 132
134 134
136 136
137 137
138 138
140 140
142 142
143 143
144 144
