create feign deck pride creation line concern colon cancel magnitude steward predict hide direct appear crew farewell pupil mechanism prove bracket exotic minimize adult breakin tin transmission think accessible ballot community skip merit belief dose absorption contract battery fuss pastel nationalism perception basketball celebration linear maze childish company suffer scrap top create
50
concern concern
company company
top top
belief belief
hide hide
basketball basketball
battery battery
pastel pastel
crew crew
linear linear
adult adult
minimize minimize
farewell farewell
ballot ballot
scrap scrap
appear appear
creation creation
deck deck
perception perception
childish childish
exotic exotic
think think
skip skip
community community
tin tin
suffer suffer
merit merit
colon colon
bracket bracket
breakin breakin
prove prove
pride pride
nationalism nationalism
magnitude magnitude
transmission transmission
contract contract
mechanism mechanism
cancel cancel
direct direct
line line
absorption absorption
dose dose
predict predict
feign feign
accessible accessible
maze maze
pupil pupil
fuss fuss
celebration celebration
steward steward
