loc0 loc62 loc36 loc68 loc87 loc20 loc90 loc32 loc48 loc4 loc36 loc34 loc84 loc42 loc70 loc51 loc40 loc24 loc46 loc30 loc44 loc87 loc74 loc60 loc28 loc63 loc16 loc99 loc58 loc27 loc38 loc12 loc82 loc78 loc86 loc72 loc54 loc96 loc80 loc18 loc14 loc66 loc2 loc0
39
loc0 loc0
loc2 loc2
loc4 loc4
loc12 loc12
loc14 loc14
loc16 loc16
loc18 loc18 loc52
loc20 loc20
loc24 loc24 loc56
loc28 loc28
loc30 loc30
loc32 loc32
loc34 loc34
loc36 loc36
loc38 loc38
loc40 loc40
loc42 loc8 loc42 loc88
loc44 loc44
loc46 loc46
loc48 loc10 loc48 loc50
loc51 loc76
loc54 loc54
loc58 loc58
loc60 loc60
loc62 loc62
loc63 loc98
loc66 loc66
loc68 loc68
loc70 loc70
loc72 loc64 loc72 loc94
loc74 loc74
loc78 loc22 loc26 loc78
loc80 loc80
loc82 loc82
loc84 loc84
loc86 loc86
loc90 loc6 loc90
loc96 loc96
loc99 loc92
