loc0 loc38 loc132 loc74 loc165 loc148 loc48 loc50 loc105 loc106 loc165 loc128 loc165 loc4 loc126 loc60 loc63 loc16 loc99 loc92 loc99 loc58 loc27 loc116 loc27 loc124 loc132 loc196 loc36 loc183 loc160 loc174 loc56 loc24 loc46 loc30 loc162 loc180 loc182 loc45 loc164 loc6 loc134 loc90 loc104 loc21 loc170 loc144 loc20 loc198 loc44 loc174 loc190 loc114 loc110 loc123 loc130 loc51 loc40 loc123 loc152 loc138 loc118 loc168 loc70 loc195 loc8 loc147 loc188 loc147 loc176 loc75 loc86 loc78 loc186 loc82 loc189 loc178 loc192 loc80 loc15 loc112 loc96 loc140 loc54 loc72 loc94 loc177 loc142 loc117 loc194 loc117 loc122 loc159 loc184 loc159 loc52 loc192 loc172 loc12 loc132 loc102 loc150 loc146 loc189 loc22 loc78 loc88 loc42 loc84 loc136 loc117 loc100 loc192 loc18 loc14 loc108 loc120 loc0
89
loc0 loc0
loc4 loc4
loc6 loc6
loc8 loc8
loc12 loc12
loc14 loc14
loc16 loc16
loc18 loc18
loc20 loc20
loc22 loc22
loc24 loc24
loc30 loc30
loc36 loc36 loc68
loc38 loc38
loc40 loc40
loc42 loc42
loc44 loc44
loc46 loc46
loc48 loc10 loc48
loc50 loc50
loc51 loc76
loc52 loc52
loc54 loc54
loc56 loc56
loc58 loc58
loc60 loc60
loc63 loc28 loc98
loc70 loc70
loc72 loc72
loc74 loc74
loc78 loc26 loc78
loc80 loc80
loc82 loc82
loc84 loc84
loc86 loc86
loc88 loc88
loc90 loc90
loc92 loc92
loc94 loc94
loc96 loc96
loc100 loc100
loc102 loc102
loc104 loc104
loc106 loc106
loc108 loc108
loc110 loc110
loc112 loc112
loc114 loc114
loc116 loc116
loc117 loc154 loc158
loc118 loc118
loc120 loc66 loc120 loc156
loc122 loc122
loc124 loc124
loc126 loc126
loc128 loc128
loc130 loc130
loc132 loc2 loc62 loc132
loc134 loc134
loc136 loc136
loc138 loc138
loc140 loc140
loc142 loc142
loc144 loc32 loc144
loc146 loc146
loc148 loc148
loc150 loc150
loc152 loc152
loc160 loc160
loc162 loc162
loc164 loc164
loc168 loc168
loc170 loc170
loc172 loc172
loc174 loc174
loc176 loc176
loc177 loc64
loc178 loc178
loc180 loc180
loc182 loc182
loc184 loc184
loc186 loc34 loc186
loc188 loc188
loc190 loc190
loc192 loc192
loc194 loc194
loc195 loc166
loc196 loc196
loc198 loc198
