0 1 2 12 13 24 14 15 6 5 4 3 12 22 21 31 41 51 42 51 61 62 63 73 72 71 82 72 63 64 53 44 45 44 43 33 24 25 26 15 5 6 7 8 17 18 29 39 38 37 48 57 67 76 87 88 89 98 108 118 129 139 149 158 168 178 189 199 198 188 187 186 176 175 166 167 156 146 155 154 153 164 173 183 182 181 170 160 150 151 161 150 140 130 120 110 111 101 102 112 123 133 124 125 114 115 116 127 117 108 98 97 96 87 77 68 67 76 86 95 94 105 104 113 123 132 122 112 103 92 83 82 81 70 60 50 40 30 20 10 0
92
2 2
4 4
5 5
8 9 8
12 12
15 15 16
17 17
18 18
20 20
21 21
22 22
24 24
26 26
29 29
31 31
33 33
37 37
39 39
42 42
43 43
45 45
48 48
51 51
53 53
61 61
64 64
67 67
68 68
70 70
71 71
72 72
73 73
76 76
77 77
81 80 81
82 82
83 83
86 86
87 87
89 99 89
94 94
95 95
96 96
98 98
101 101
102 102
103 103
104 104
105 105
108 108 107
111 111
114 114
116 116
118 118
120 120
122 122
123 123
125 125
127 127
129 129
130 130
132 132
133 133
139 139
140 140
146 146
149 149
150 150
151 151
153 152 153
154 154
155 155
156 147
158 158
160 160
161 161
164 164
166 166
167 167
173 184
175 175 165
176 176
178 178
181 181
182 182
183 183
186 186
187 196 187
188 188
189 189
198 198
199 199
