BU HF GR DJ DA EL BP BQ GE DR EO GP FQ EQ GM AT HA ET EY DT EV BE AP HB CO EH AX DK BY FP EC FS CL BF CD EG HC CI CS AD GO DE FB CT DL AD FW DZ EL AE BK FR ES GX HH DQ DP AT CM HO GQ EK GC GV HP HM FG GA DI AI AF AO CR BN GK BM HI BW BH FD CV CX BQ FL DA FI GS FN CW GY BG FA AY EN CZ CE GN DD ER BZ AN AV CA HQ AL DU GT DS BA CQ AR DV FF BU
93
AE AE
AF AF
AI CY
AN AN
AO DX
AP AP
AR AR
AT AT
AV AV
AX AX
AY AY
BA BA
BE HJ BE
BF BF
BG BG
BH BH
BK BK
BM BM
BN BN
BQ BQ
BU BU
BW BW
BY BY
BZ BZ
CA CA
CD CD
CI CI
CM CM
CO CO
CQ CQ
CR CR
CS CS
CT CT
CV CV
CW CW
CX CX
CZ CZ
DD DD
DE CK AQ DE FY
DI DI
DJ DJ
DK DK DM
DL DL
DP DP
DQ DQ
DR DR
DS DS
DT DT
DU GH DU
DV DV
DZ DZ
EC EC
EG EG
EH EH
EK EK
EL EL
EN EN
EO EO FU
EQ EQ
ER ER
ES ES
ET ET
EV EV
EY EY
FB FB
FD FD
FF FF
FG FG
FI FI
FL FL
FN FN
FP FP
FR FR
FS FS
FW FW
GA GA
GE GE
GK GK
GM GM
GN GN
GO GO
GP GP
GQ GQ
GS GS
GT GT
GY GY
HA HA
HC HC
HF HF
HH HH
HI HG
HM HM
HP HP
