Qatar Macedonia Uruguay Uzbekistan Tanzania UnitedKingdom Armenia Kyrgyzstan Mali Tajikistan Oman VaticanCity Liberia Haiti Estonia Sweden Belgium CzechRepublic Kosovo Peru Mongolia Morocco Danzig Gabon GuineaBissau Burundi Mongolia Egypt Tuvalu RussianFederation Tunisia Senegal Angola Malta Montenegro Nicaragua Albania Mozambique SierraLeone Netherlands Guyana Serbia CostaRica Serbia Lebanon Georgia Andorra France SaintLucia Singapore DemofChina Belarus Qatar
47
Qatar Australia SanMarino America
Mongolia Mongolia
Albania Albania
Kyrgyzstan UAE Kyrgyzstan
VaticanCity VaticanCity
Armenia Armenia
CzechRepublic CzechRepublic
Peru Peru
Tanzania Tanzania
UnitedKingdom UnitedKingdom
Tuvalu Tuvalu
Mali Mali
France France
Guyana Guyana
Andorra Andorra
Kosovo Kosovo
Gabon Gabon
RussianFederation RussianFederation
Nicaragua Nicaragua
Netherlands Netherlands
Tajikistan Tajikistan
Mozambique Mozambique
Burundi Burundi
GuineaBissau GuineaBissau
SierraLeone SierraLeone
Senegal Senegal
Sweden Sweden
Lebanon Lebanon
Montenegro Montenegro
Danzig Danzig
Georgia Georgia
Angola Angola
Haiti Haiti
Liberia Liberia
Belarus Belarus
Morocco Morocco
Uzbekistan Uzbekistan
CostaRica CostaRica
Macedonia Macedonia
Tunisia Tunisia
Belgium Belgium
Egypt Egypt
SaintLucia SaintLucia
Singapore Singapore
Estonia Estonia
Malta Malta
DemofChina DemofChina
