Albania Greece Newfoundland VaticanCity Panama BosHerzegovina SaudiArabia Japan Djibouti PapuaNewGuinea MountAthos Malaysia Argentina Belarus Mali Pakistan Laos Rome Norway Finland Togo Serbia Chile UAE Poland Uruguay Cuba France Cyprus Australia Brazil SaintLucia Lithuania Vanuatu Gabon Italy Vietnam America RussianFederation Portugal Paraguay Burkina SriLanka Dominica Lesotho Jamaica Mauritius Suriname SierraLeone TheGambia Latvia Bahamas Algeria Liechtenstein Vietnam Yemen EquatorGuinea Mongolia SolomonIslands Ukraine Philippines Tanzania Kosovo Thailand Kiribati Maldives Hungary NorthKorea NewZealand Germany Mauritania Slovenia Romania Israel Bulgaria Paraguay Kazakhstan Danzig CapeVerde SaintKitts Niger Estonia Albania Germany Comoros Nauru Cambodia Switzerland Seychelles Albania
82
Albania Andorra Qatar SaoTomPrincipe
Paraguay Paraguay
Vanuatu Vanuatu
Latvia Latvia
Burkina Burkina
Gabon Gabon
Comoros Comoros
Pakistan Pakistan
MountAthos MountAthos
Mauritius Mauritius
SaintLucia SaintLucia
Finland Finland
Estonia Estonia
Israel Israel
VaticanCity VaticanCity Nepal Eritrea Peru Guatemala
Romania Romania
Mauritania Mauritania
CapeVerde CapeVerde
Liechtenstein Liechtenstein
Germany Germany
Norway Norway
France France
Panama Panama UnitedKingdom CentralAfricanRep Bhutan
RussianFederation RussianFederation
Djibouti Djibouti
Bahamas Bahamas
EquatorGuinea EquatorGuinea
UAE UAE
Bulgaria Bulgaria
SriLanka SriLanka
NorthKorea NorthKorea
Niger Niger
Cyprus Cyprus
Kiribati Kiribati
Thailand Thailand
Yemen Yemen
America America
Newfoundland Burma Newfoundland Ethiopia Rwanda Venezuela Fiji
SierraLeone SierraLeone
Kosovo Kosovo
BosHerzegovina IvoryCoast BosHerzegovina
Chile Chile
Maldives Maldives
Dominica Dominica
SolomonIslands SolomonIslands
Ukraine Ukraine
Suriname Suriname
Danzig Danzig
Togo Togo
Portugal Portugal
Seychelles Seychelles
Algeria Algeria
Rome Rome
PapuaNewGuinea PapuaNewGuinea
Greece Luxembourg Tunisia Grenada Greece
Lithuania Lithuania
Poland Poland
Tanzania Tanzania
SaintKitts SaintKitts
Mongolia Mongolia
Serbia Serbia
Argentina Argentina
Cuba Cuba
Italy Italy
Belarus Belarus
Kazakhstan Kazakhstan
Japan Japan
TheGambia TheGambia
Switzerland Switzerland
Jamaica Jamaica
NewZealand NewZealand
Lesotho Lesotho
SaudiArabia SaudiArabia
Hungary Hungary
Brazil Brazil
Mali Mali
Philippines Philippines
Cambodia Cambodia
Malaysia Malaysia
Laos Laos
Australia Australia
Slovenia Slovenia
