Nepal Georgia Botswana SouthAfrica Afghanistan Palau Niger Suriname TheGambia VaticanCity SaintLucia Mauritius Panama Fiji Vietnam Serbia Tanzania Liechtenstein Slovakia NewZealand Estonia UAE Belarus Azerbaijan Argentina Nepal
24
Liechtenstein Liechtenstein
Palau Palau
Vietnam Vietnam
Estonia Estonia
Afghanistan Afghanistan
Georgia Georgia
Panama Panama
Fiji Fiji
TheGambia MarshallIslands
Azerbaijan Azerbaijan
NewZealand NewZealand
Suriname Tajikistan Suriname
Argentina Argentina
Mauritius Mauritius
SaintLucia SaintLucia
UAE UAE
Belarus Belarus
Botswana Botswana
Serbia Serbia
VaticanCity VaticanCity
SouthAfrica Kuwait
Slovakia Slovakia
Tanzania Tanzania
Niger Niger
