55 57 182 20 149 171 188 102 88 26 146 181 184 78 77 41 148 127 54 97 109 175 74 107 157 153 133 10 163 58 140 43 66 141 81 118 131 17 168 11 151 162 177 173 101 37 85 75 86 80 185 89 45 84 16 4 71 189 111 137 159 190 83 33 186 48 115 135 15 113 106 63 158 29 119 152 59 91 61 56 90 179 13 172 49 150 32 105 124 136 160 170 27 164 126 30 114 67 76 134 116 9 44 8 53 40 42 62 179 122 129 55
94
8 8
9 9
11 11
13 13
15 15
16 16
17 17 36
20 20
26 26
27 27
29 29
30 30
32 32
33 33
40 40
41 41
42 42
43 43
45 45
48 48
49 49
53 53
54 54
56 56
57 57
58 58 166
59 59
61 61
62 62
63 63
66 66
67 67
71 71
74 74
76 76
77 77
78 78
80 80
81 81
83 83
84 12
85 85
86 86
88 88
90 90
91 91
97 97
101 101
105 105
106 106
107 107
109 109
111 111
113 113
114 114
115 115
116 116
118 118
119 119
122 122
126 126
131 131
133 133
134 134
135 135
137 137
140 140
146 146
148 148
149 149
150 150
151 151
152 152
153 153
158 158
159 159
160 160
162 162
163 163
168 168
170 170
171 171
172 172
173 173
175 175
177 177
179 179
181 181
182 182
184 184
185 185
186 186
188 188
189 189
