x182 x11 x86 x3 x129 x48 x64 x143 x17 x87 x80 x121 x83 x127 x49 x55 x106 x118 x21 x164 x69 x196 x146 x102 x167 x46 x43 x141 x158 x76 x56 x116 x89 x116 x119 x45 x43 x141 x63 x6 x115 x170 x72 x143 x158 x132 x71 x112 x138 x100 x146 x128 x160 x187 x127 x58 x21 x76 x158 x165 x51 x94 x74 x93 x50 x79 x27 x113 x38 x64 x120 x103 x194 x104 x143 x20 x59 x195 x4 x64 x102 x167 x139 x196 x146 x53 x186 x185 x77 x191 x133 x10 x29 x188 x14 x127 x45 x26 x184 x110 x175 x7 x170 x72 x19 x9 x95 x86 x169 x100 x21 x98 x155 x198 x182
73
x3 x3
x4 x4
x6 x6
x7 x7
x9 x18 x136
x10 x10
x11 x11
x14 x14
x17 x17
x19 x19
x20 x20 x166
x21 x21 x172
x26 x26
x27 x27
x43 x43
x45 x45 x189
x46 x46
x48 x48
x49 x49
x50 x50
x53 x53
x55 x55
x56 x56
x58 x58
x59 x59 x183 x32 x82
x64 x88 x137 x64
x69 x69
x71 x71
x72 x147 x72 x125
x74 x74
x76 x114 x76
x77 x77
x79 x79
x80 x80
x83 x83
x86 x86 x84
x87 x87
x93 x2
x94 x94
x95 x95
x98 x98
x100 x153 x159 x99 x100
x102 x102
x104 x104
x106 x15 x106
x112 x42 x179
x113 x113
x115 x66
x116 x109 x163 x116
x118 x118
x119 x151 x119 x23
x120 x156
x127 x127
x128 x128
x133 x133
x138 x138
x139 x139
x141 x141
x143 x143
x146 x146
x155 x192 x155 x177
x160 x8
x164 x164
x169 x161
x182 x182
x184 x107 x30 x184
x185 x185
x186 x186
x188 x25 x61
x191 x31
x194 x194
x196 x92
x198 x198
