Brightmere Westmill Irondeer Oakmere Foxhaven Buttermead Bluedell Clearland Erilyn Newby Esterfall Lightmere Wellmage Valhaven Eastcastle Bushgate Southwheat Shoreburn Ironshore Marbleiron Wildemarsh Butterbush Wolflea Morwald Courtwall Rosemill Corbank Stoneglass Woodice Clearnesse Stonefair Westerlight Ironriver Westvale Dellwyn Oldmoor Goldwyvern Lochmage Violetley Greenshore Snowshore Esterash Morwall Foxvale Freyview Newley Greyice Eriwall Fairsage Courtcastle Brightmere
50
Marbleiron Marbleiron
Courtcastle Courtcastle
Ironriver Ironriver
Courtwall Courtwall
Morwald Morwald
Clearnesse Clearnesse
Valhaven Valhaven
Buttermead Buttermead
Violetley Violetley
Westvale Westvale
Woodice Woodice
Esterfall Esterfall
Eriwall Eriwall
Goldwyvern Goldwyvern
Newby Newby
Foxvale Foxvale
Morwall Morwall
Oakmere Oakmere
Foxhaven Foxhaven
Freyview Freyview
Ironshore Ironshore
Oldmoor Oldmoor
Dellwyn Dellwyn
Butterbush Butterbush
Corbank Corbank
Esterash Esterash
Stonefair Stonefair
Westerlight Westerlight
Clearland Clearland
Bushgate Bushgate
Brightmere Brightmere
Stoneglass Stoneglass
Wildemarsh Wildemarsh
Wellmage Wellmage
Snowshore Snowshore
Irondeer Irondeer
Lightmere Lightmere
Southwheat Southwheat
Westmill Westmill
Lochmage Lochmage
Shoreburn Shoreburn
Erilyn Erilyn
Eastcastle Eastcastle
Rosemill Rosemill
Wolflea Wolflea
Greenshore Greenshore
Bluedell Bluedell
Newley Newley
Fairsage Fairsage
Greyice Greyice
