Shoreburn Snowshore Strongfall Violetfay Rosegate Orbarrow Verthedge Brightmere Butterbush Coldville Windbridge Janholt Marbleiron Bluelake Fogland Irondeer Butterhill Mallowway Woodice Eastcastle Goldcrest Foxhaven Northwynne Bluedale Silverbarrow Springfox Silverlea Esterfall Wellmage Brightrock Buttermead Greensummer Oakmere Orfort Courtedge Mallowbridge Lochmage Oldmoor Wooddell Flowerfield Summermage Wolflea Applecastle Westmill Morwald Clearland Courtwall Bluewyn Morwall Courtcastle Silverwitch Clearnesse Fairice Westerlight Greenshore Bushgate Wildemarsh Valhaven Redwell Erilyn Snowsage Dellwyn Westvale Greyice Mallowness Corbank Eriwall Deephedge Mistshore Southpine Ostwynne Newmill Stoneglass Freyview Freymere Violetley Starryhill Highmont Southwheat Icenesse Rosemill Ironriver Ironshore Foxvale Blackbush Fieldedge Lightmere Flowermill Stonefair Fairsage Wellbank Newley Newby Redlake Goldwyvern Seamoor Butterway Esterash Bluedell Northriver Shoreburn
100
Marbleiron Marbleiron
Courtcastle Courtcastle
Ironriver Ironriver
Courtwall Courtwall
Morwald Morwald
Clearnesse Clearnesse
Valhaven Valhaven
Buttermead Buttermead
Violetley Violetley
Westvale Westvale
Woodice Woodice
Esterfall Esterfall
Eriwall Eriwall
Goldwyvern Goldwyvern
Newby Newby
Foxvale Foxvale
Morwall Morwall
Oakmere Oakmere
Foxhaven Foxhaven
Freyview Freyview
Ironshore Ironshore
Oldmoor Oldmoor
Dellwyn Dellwyn
Butterbush Butterbush
Corbank Corbank
Esterash Esterash
Stonefair Stonefair
Westerlight Westerlight
Clearland Clearland
Bushgate Bushgate
Brightmere Brightmere
Stoneglass Stoneglass
Wildemarsh Wildemarsh
Wellmage Wellmage
Snowshore Snowshore
Irondeer Irondeer
Lightmere Lightmere
Southwheat Southwheat
Westmill Westmill
Lochmage Lochmage
Shoreburn Shoreburn
Erilyn Erilyn
Eastcastle Eastcastle
Rosemill Rosemill
Wolflea Wolflea
Greenshore Greenshore
Bluedell Bluedell
Newley Newley
Fairsage Fairsage
Greyice Greyice
Greensummer Greensummer
Southpine Southpine
Ostwynne Ostwynne
Violetfay Violetfay
Northwynne Northwynne
Redlake Redlake
Butterway Butterway
Brightrock Brightrock
Fogland Fogland
Silverwitch Silverwitch
Butterhill Butterhill
Deephedge Deephedge
Flowerfield Flowerfield
Coldville Coldville
Mallowbridge Mallowbridge
Blackbush Blackbush
Bluewyn Bluewyn
Silverbarrow Silverbarrow
Rosegate Rosegate
Freymere Freymere
Newmill Newmill
Icenesse Icenesse
Mallowness Mallowness
Fieldedge Fieldedge
Verthedge Verthedge
Highmont Highmont
Mistshore Mistshore
Applecastle Applecastle
Bluedale Bluedale
Orbarrow Orbarrow
Strongfall Strongfall
Silverlea Silverlea
Mallowway Mallowway
Flowermill Flowermill
Seamoor Seamoor
Northriver Northriver
Starryhill Starryhill
Wooddell Wooddell
Wellbank Wellbank
Janholt Janholt
Bluelake Bluelake
Orfort Orfort
Redwell Redwell
Springfox Springfox
Summermage Summermage
Goldcrest Goldcrest
Courtedge Courtedge
Fairice Fairice
Snowsage Snowsage
Windbridge Windbridge
