Clearnesse Ironriver Corbank Courtwall Morwald Oakmere Dellwyn Oldmoor Eriwall Violetley Butterbush Newby Foxhaven Marbleiron Foxvale Woodice Valhaven Courtcastle Buttermead Goldwyvern Esterfall Morwall Westvale Ironshore Freyview Clearnesse
25
Marbleiron Marbleiron
Courtcastle Courtcastle
Ironriver Ironriver
Courtwall Courtwall
Morwald Morwald
Clearnesse Clearnesse
Valhaven Valhaven
Buttermead Buttermead
Violetley Violetley
Westvale Westvale
Woodice Woodice
Esterfall Esterfall
Eriwall Eriwall
Goldwyvern Goldwyvern
Newby Newby
Foxvale Foxvale
Morwall Morwall
Oakmere Oakmere
Foxhaven Foxhaven
Freyview Freyview
Ironshore Ironshore
Oldmoor Oldmoor
Dellwyn Dellwyn
Butterbush Butterbush
Corbank Corbank
