129 137 124 92 110 92 124 92 13 118 45 139 94 119 64 71 90 152 77 69 122 142 8 181 32 118 10 28 5 148 101 170 200 170 121 192 103 123 65 185 95 11 96 7 19 43 6 130 167 69 61 112 79 72 21 151 33 184 109 31 88 146 113 146 88 115 197 107 197 51 34 109 184 85 133 106 178 47 166 118 45 118 13 92 179 76 49 171 145 172 141 196 154 110 157 4 2 46 25 16 137 129
56
2 55
4 4
7 7
10 10 100
13 13
16 16
19 19
21 67 190
25 25
28 28
31 31
32 187
34 34
43 43
45 22
46 46
49 49
61 61
64 64
76 76
79 79
85 85
88 1 88
94 40 94
96 70
101 52 97
103 103
106 106
107 82
109 109
112 112
113 127
115 115
118 118
119 163
121 121
124 124
130 130
133 133
139 139
142 142
145 145
148 148
151 151
152 91
154 154 193
157 157
166 166
170 58 73 136
172 172
178 178
181 169 181
184 184
192 175
196 37 196
200 160
