FacultyClub Investigative MartinezCommons UniversityHouse SproulPlaza EarthLibrary OBrien Koshland MelvinLaboratory MediaCenter MLK CITRIS SpringerGateway DonnerLaboratory AnthropologyLibrary Sproul StowPlaza CareerCenter Morrison Stephens AndersenAuditorium Library OptometryLibrary FPF Birge MaxwellField Hilgard BioscienceLibrary Etcheverry BrainImagingCenter Bechtel LawrenceofScience NewspapersLibrary EnergyBuilding McCone InternationalHouse HearstGym Unit3 Manville Mulford ArtHistoryLibrary Spieker StudentUnion SutardjaDai IRLE Cheit Wheeler EarthquakeLibrary Warren Durham FacultyClub
46
FacultyClub FacultyClub
BioscienceLibrary BioscienceLibrary
SutardjaDai SutardjaDai
Etcheverry Etcheverry
SproulPlaza SproulPlaza
Hilgard Hilgard
StudentUnion StudentUnion
EarthquakeLibrary EarthquakeLibrary
UniversityHouse UniversityHouse
LawrenceofScience LawrenceofScience
Mulford Mulford
CareerCenter CareerCenter
HearstGym HearstGym
Durham Durham
OBrien OBrien
Library Library
Spieker Spieker
FPF FPF
BrainImagingCenter BrainImagingCenter
Morrison Morrison
Wheeler Wheeler
Cheit Cheit
Manville Manville
Koshland Koshland
Investigative Investigative
EarthLibrary EarthLibrary
EnergyBuilding EnergyBuilding
MediaCenter MediaCenter
StowPlaza StowPlaza
MartinezCommons MartinezCommons
MelvinLaboratory MelvinLaboratory
AndersenAuditorium AndersenAuditorium
Unit3 Pimentel Jacobs Unit3
AnthropologyLibrary AnthropologyLibrary
Stephens Stephens
InternationalHouse InternationalHouse
OptometryLibrary OptometryLibrary
IRLE IRLE
SpringerGateway SpringerGateway
DonnerLaboratory DonnerLaboratory
ArtHistoryLibrary ArtHistoryLibrary
Sproul Sproul
Birge Birge
CITRIS CITRIS
NewspapersLibrary BancroftDance NewspapersLibrary
Warren PacificFilmArchive Warren
