FacultyClub EarthquakeLibrary Morrison Spieker CITRIS BerkeleyLawLibrary MathLibrary LawSchool MSRI Koshland Sproul SocialLibrary Manville TAAP Pimentel HearstGym EarthLibrary Underhill Etcheverry SproulPlaza LawrenceofScience Campanile Bechtel Bowles MLK BancroftLibrary HearstFieldAnnex BioscienceLibrary SEAsianLibrary LatinAmerican BerkeleyWayWest Unit3 SpringerGateway Campbell IRLE Durham Jacobs Stanley HearstFountain VLSB PacificFilmArchive MaxwellField SimpsonCenter Latimer Wellman EnergyBuilding Wheeler CareerCenter Soda AndersenAuditorium VisualCenter Cheit MelvinLaboratory Investigative InnovationStudio UpperHearstParking MediaCenter DonnerLaboratory Hilgard HearstGreekTheatre StowPlaza MartinezCommons Warren FoundersRock EngineeringLibrary Birge Stephens OBrien EnergyBuilding IdaHouse Durant CesarChavez UniversityHouse Senior EthnicLibrary NewspapersLibrary McCone OptometryLibrary StudentUnion AnthropologyLibrary WooHonFai BrainImagingCenter FacultyClub
79
FacultyClub FacultyClub
BioscienceLibrary BioscienceLibrary
Etcheverry Etcheverry
SproulPlaza SproulPlaza
Hilgard Hilgard
StudentUnion StudentUnion
EarthquakeLibrary EarthquakeLibrary
UniversityHouse UniversityHouse
LawrenceofScience LawrenceofScience
Pimentel Pimentel PhysicsLibrary Evans EastAsianLibrary
CareerCenter CareerCenter
HearstGym HearstGym
Durham Durham ArtHistoryLibrary AlumniHouse
OBrien OBrien
Spieker Spieker
PacificFilmArchive PacificFilmArchive
BrainImagingCenter BrainImagingCenter
Morrison Morrison
Wheeler Wheeler
Cheit Cheit
Manville Manville
Koshland Koshland
Jacobs Jacobs
Investigative Investigative
EarthLibrary EarthLibrary NorthGate
EnergyBuilding EnergyBuilding
MediaCenter MediaCenter
StowPlaza StowPlaza
MartinezCommons MartinezCommons
MelvinLaboratory MelvinLaboratory
AndersenAuditorium AndersenAuditorium
Unit3 Unit3
AnthropologyLibrary AnthropologyLibrary
Stephens Stephens
OptometryLibrary OptometryLibrary
IRLE BancroftDance IRLE Giauque
SpringerGateway SpringerGateway
DonnerLaboratory DonnerLaboratory
Sproul Sproul BanwayBuilding
Birge Birge
CITRIS CITRIS
NewspapersLibrary NewspapersLibrary
Warren Warren
CesarChavez CesarChavez
BerkeleyWayWest BerkeleyWayWest
MSRI MSRI
WooHonFai WooHonFai
TAAP TAAP
MathLibrary Mulford MathLibrary Hildebrand
UpperHearstParking UpperHearstParking
BancroftLibrary SutardjaDai Library FPF HealthServices BancroftLibrary
HearstFieldAnnex HearstFieldAnnex
HearstFountain HearstFountain
BerkeleyLawLibrary BerkeleyLawLibrary
Underhill Underhill
Campbell Campbell LeConte
Bowles AquaticCenter Bowles
Wellman Wellman
VLSB VLSB
Senior Senior
Stanley Stanley
SocialLibrary SocialLibrary
SimpsonCenter InternationalHouse Davis SimpsonCenter FoxCottage
EthnicLibrary EthnicLibrary
MaxwellField MaxwellField
SEAsianLibrary SEAsianLibrary
IdaHouse IdaHouse
Bechtel Bechtel
EngineeringLibrary EngineeringLibrary
Durant Durant
Soda Soda
McCone McCone
LatinAmerican LatinAmerican
VisualCenter VisualCenter
LawSchool LawSchool Boalt
HearstGreekTheatre HearstGreekTheatre
MLK MLK
Latimer Latimer
FoundersRock FoundersRock
