FacultyClub Etcheverry HearstGym Hilgard Cheit SproulPlaza SutardjaDai UniversityHouse FPF EarthquakeLibrary Spieker LawrenceofScience PacificFilmArchive BrainImagingCenter Morrison Mulford CareerCenter Durham Wheeler InternationalHouse Manville BioscienceLibrary FacultyClub
21
FacultyClub FacultyClub
BioscienceLibrary BioscienceLibrary
SutardjaDai SutardjaDai
Etcheverry Etcheverry Library
SproulPlaza SproulPlaza
Hilgard Hilgard
EarthquakeLibrary EarthquakeLibrary
UniversityHouse UniversityHouse
LawrenceofScience LawrenceofScience
Mulford Mulford
CareerCenter CareerCenter
HearstGym HearstGym
Durham Durham
Spieker Spieker
FPF FPF
PacificFilmArchive OBrien PacificFilmArchive
BrainImagingCenter StudentUnion BrainImagingCenter
Morrison Morrison
Wheeler Wheeler
Cheit Cheit
Manville Pimentel Manville
