0 20 52 113 105 15 177 178 49 175 114 58 48 87 131 3 13 8 33 65 102 92 91 76 191 82 117 134 197 96 99 60 148 158 32 181 88 47 80 44 135 120 17 55 25 141 103 77 51 145 149 67 71 73 154 106 195 119 143 132 61 38 56 19 123 85 94 155 124 75 97 199 133 93 64 162 167 69 136 174 172 153 35 74 188 161 90 46 139 18 104 180 171 83 169 0
92
3 3
8 8
13 13
15 15
17 17
18 18
19 19
25 25
32 32 42
33 33 170
35 35
38 38
44 44
46 46
47 47
48 48
49 49
51 51
52 52
55 55
56 56
58 58
60 60 112 168
64 64
65 65
67 67
69 69
71 71
73 73
74 74
75 75
76 76
77 77
80 80
82 82
83 83
85 85
87 87
88 88
90 90
91 91
92 92
93 93
94 94
96 96
97 97
99 99
102 102
103 103
104 173
105 105
106 106
113 113
114 114 140
117 117
119 119
120 120
123 123
124 124
131 131
132 132
133 26 133
134 134
135 135
136 136
139 139
141 141
143 143
145 145
148 148
149 149
153 153
154 154
155 155
158 158
161 161
162 162
167 167
169 169
171 171
172 172
174 174
175 175
177 177
178 178
180 180
181 181
188 188
191 191
195 195
197 197
199 199
