1 15 105 3 78 149 162 12 51 120 43 189 14 22 123 6 54 65 35 57 50 17 161 159 4 25 77 49 67 135 39 71 9 13 8 99 15 2 93 39 179 101 167 67 112 80 69 13 65 75 130 26 48 89 46 166 98 140 168 32 79 76 68 136 72 56 131 61 153 157 111 90 66 13 41 16 21 53 55 27 87 47 187 198 114 37 24 97 92 18 114 26 4 81 5 58 11 82 52 94 164 59 33 85 60 157 10 149 88 44 40 45 127 53 95 151 40 70 66 13 23 194 100 92 28 84 172 134 31 150 31 7 1
90
2 2
3 3
4 4
5 5
6 6
7 7
8 8
9 9
10 10
11 11
12 12
13 13
14 14
15 15
16 16
17 17
18 18 96
21 21
22 22 63
23 23 73
24 24
25 25
26 26
27 27
28 28
31 31
32 32
33 29 33
35 35
37 37
39 39
40 40
41 41
43 43
44 44
45 45
46 46
47 47
48 48
49 49
50 50
51 51
52 52
53 53
54 54
55 55
56 56
57 57
58 58
59 59
60 60
61 38 61
65 65
66 66
67 67
68 68
69 30 69
70 70
71 71
72 72
75 75
76 76
77 77
78 78
79 79
80 20 80
81 81
82 82
84 84
85 85
87 87
88 34 88
89 89
90 90
92 92
93 93
94 94
95 42 64 95
97 97
98 98
99 99
100 100
101 101
111 91
149 74
150 36
161 19
164 86
167 83
172 62
