159 164 6 52 156 56 93 153 193 53 163 132 101 137 76 184 165 65 98 32 189 92 158 74 129 15 71 157 147 101 25 45 72 7 117 124 31 156 56 93 65 51 148 41 20 24 193 8 178 16 13 106 197 114 92 189 8 167 15 129 142 46 200 10 171 69 138 25 104 25 101 147 59 100 33 5 177 64 57 63 121 166 27 173 133 17 36 141 32 189 107 130 192 46 142 127 61 188 85 137 127 142 129 78 96 162 67 119 172 126 97 14 140 77 159 164 32 79 160 88 131 44 4 149 23 194 23 181 100 33 5 159 22 159
75
4 4
5 82 102 123
6 6
7 7
10 10
13 13
14 14
15 15
17 17
20 87
22 22
24 24
27 169 145
31 31 28
32 32
36 36
41 41
44 38 60
45 45
46 46 37
51 51
52 52
53 53
59 59
61 61
63 63
64 64
65 65 26
69 155
71 71
72 72
74 185 74
76 76
77 77 190
79 79 3
85 85
88 88
92 116
93 93 2 154
96 96
97 97
98 98
100 100 199 139
101 101
104 11
106 106
107 134 107 120
114 35 114
117 48
119 86
121 121
126 126
127 146 109
132 132
133 133
137 137
138 138
140 140
147 40
148 47 148
156 156
157 157
158 158 99
162 191
164 43
165 165
167 167
172 172
177 128 174 111 34
178 178
181 181
192 192
193 122 193 180
194 21
200 200
