Home141 Home154 Home32 Home125 Home138 Home100 Home67 Home114 Home55 Home119 Home60 Home45 Home166 Home94 Home101 Home84 Home101 Home170 Home164 Home95 Home76 Home105 Home52 Home176 Home89 Home3 Home157 Home93 Home62 Home134 Home37 Home29 Home37 Home29 Home96 Home21 Home52 Home66 Home91 Home115 Home120 Home135 Home87 Home64 Home150 Home36 Home7 Home127 Home62 Home134 Home149 Home51 Home147 Home136 Home49 Home11 Home74 Home12 Home174 Home86 Home5 Home63 Home83 Home27 Home111 Home34 Home174 Home53 Home164 Home170 Home101 Home4 Home49 Home11 Home88 Home177 Home82 Home145 Home82 Home26 Home121 Home75 Home81 Home65 Home110 Home40 Home172 Home31 Home140 Home12 Home174 Home78 Home144 Home78 Home122 Home112 Home16 Home131 Home16 Home123 Home104 Home28 Home35 Home28 Home73 Home28 Home150 Home36 Home103 Home156 Home163 Home6 Home128 Home154 Home141
72
Home3 Home3
Home4 Home4
Home5 Home167 Home124 Home5
Home7 Home7
Home11 Home11
Home16 Home16
Home26 Home26
Home27 Home27
Home28 Home1
Home29 Home48
Home31 Home31
Home32 Home32
Home34 Home34 Home173
Home35 Home35
Home36 Home36
Home37 Home37
Home45 Home45
Home49 Home47
Home51 Home51
Home53 Home97 Home53
Home55 Home55
Home60 Home60
Home62 Home62 Home152
Home63 Home63
Home64 Home64
Home66 Home66
Home67 Home67
Home73 Home106 Home161
Home74 Home25 Home74
Home75 Home75
Home76 Home76
Home81 Home81
Home82 Home82
Home83 Home83
Home84 Home13
Home86 Home86
Home87 Home87
Home88 Home88
Home89 Home89
Home91 Home91
Home96 Home44 Home96
Home100 Home100
Home103 Home103
Home105 Home105
Home110 Home110
Home111 Home111
Home112 Home112
Home114 Home114
Home120 Home69 Home120
Home122 Home122 Home143
Home125 Home125
Home127 Home127
Home128 Home128
Home131 Home131
Home134 Home132 Home134
Home135 Home135
Home136 Home136
Home138 Home43
Home140 Home50
Home141 Home15
Home144 Home144
Home145 Home171
Home147 Home147
Home149 Home20 Home126 Home149
Home154 Home154
Home156 Home156
Home157 Home157 Home92
Home164 Home164
Home170 Home165 Home170
Home172 Home172
Home176 Home176
Home177 Home177
