Home46 Home48 Home82 Home17 Home13 Home15 Home10 Home15 Home34 Home60 Home42 Home0 Home39 Home41 Home71 Home78 Home51 Home55 Home30 Home2 Home84 Home69 Home63 Home83 Home49 Home8 Home38 Home14 Home38 Home31 Home89 Home82 Home17 Home80 Home74 Home45 Home6 Home9 Home49 Home46
22
Home9 Home9 Home28
Home10 Home57
Home13 Home13
Home14 Home62 Home27
Home30 Home30 Home5
Home31 Home31
Home39 Home68 Home39
Home41 Home41
Home42 Home42
Home45 Home45
Home48 Home48
Home49 Home85 Home12 Home49 Home33
Home55 Home55
Home60 Home60
Home63 Home66 Home63
Home69 Home69
Home71 Home71
Home78 Home11
Home80 Home80
Home82 Home82
Home83 Home83
Home84 Home40
