IIII1I1 lll1lII IIII1I1 IIII1ll 11IIl1I II111I1 1lIIl11 1lI11l1 1IIlIIl Il1llIl IlllI11 lI1l1II IIIlI1l l1IlIII Il1I11l 1IlII1I I1I11I1 I1I1111 IIllIl1 IIlIlI1 I1I111I lll1lII I1I111I IIIllll IIII1ll lIIIllI 11I1lll lll1lII I11IIlI lll1lII IIII1I1
21
lll1lII lII1I11
IIII1ll IIII1ll
IIIlI1l lIlllll IIlIIII
1lIIl11 l1IlIl1
IIllIl1 IIllIl1
1IlII1I 1IlII1I
11IIl1I 11IIl1I
l1IlIII l1IlIII III1lII
1lI11l1 1lI11l1 lI11l1l
11I1lll 11I1lll
lIIIllI lIIIllI
IIII1I1 II1I1Il
IlllI11 IlllI11
IIIllll 11I1Ill 11lI11I
I1I111I I1I111I
I1I1111 I1I1111
II111I1 II111I1
lI1l1II lI1l1II
IIlIlI1 IIlIlI1
1IIlIIl 1IIlIIl
I11IIlI I11IIlI
