K AL BU AP L AE AG CQ U CS BH BK AD H BL BR CG G BT AH CE CA AJ AX A BV BD BF AV S BO BG CF Y AA BC BE CT AY W CH CL BY CM AN C AC M R BN Q AI BB I J AF BS CP E AB BM AW CB BJ AZ CU N CV T CK AU BX BP Z BI CR CC O AQ CI D AK CN X P BW AR AM AT BQ CO V BA AS F AO CJ BZ B CD K
100
A A
B B
C C
D D
E E
F F
G G
H H
I I
J J
K K
L L
M M
N N
O O
P P
Q Q
R R
S S
T T
U U
V V
W W
X X
Y Y
Z Z
AA AA
AB AB
AC AC
AD AD
AE AE
AF AF
AG AG
AH AH
AI AI
AJ AJ
AK AK
AL AL
AM AM
AN AN
AO AO
AP AP
AQ AQ
AR AR
AS AS
AT AT
AU AU
AV AV
AW AW
AX AX
AY AY
AZ AZ
BA BA
BB BB
BC BC
BD BD
BE BE
BF BF
BG BG
BH BH
BI BI
BJ BJ
BK BK
BL BL
BM BM
BN BN
BO BO
BP BP
BQ BQ
BR BR
BS BS
BT BT
BU BU
BV BV
BW BW
BX BX
BY BY
BZ BZ
CA CA
CB CB
CC CC
CD CD
CE CE
CF CF
CG CG
CH CH
CI CI
CJ CJ
CK CK
CL CL
CM CM
CN CN
CO CO
CP CP
CQ CQ
CR CR
CS CS
CT CT
CU CU
CV CV
