lllIl1I 11IIII1 IIlIllI 1I11Ill l1I111I IlI1II1 I11I111 l1lll11 1111I11 1lIl11I l1I111I IlI1II1 1I1I1lI l1I111I 1I1I1l1 lIIl11l l1lll11 lll1111 l1IllI1 1llI111 lll1I1l 1llI111 11Il1l1 Il1Il1I I11I111 l1IllI1 lII111l I1Ill1I I1llII1 lll1I1l 1llI111 l1IllI1 lII111l 11lI11I IlI1II1 l1IIl1l l1IllI1 lll1111 l1lll11 l1Ill11 Ill11II 1I1lllI lllIl1I
24
l1IIl1l 1I1l1Il l1IIl1l
11lI11I 1l11lII 11lI11I
IlI1II1 lI11III Ill1I11 IlI1II1 III111I
1I1I1l1 1I1I1l1
lll1111 I11111l l1lllll 1l1lIlI
l1lll11 l1lll11
11IIII1 lIIlII1 11IIII1
Il1Il1I Il1Il1I I111I1I
1111I11 l1l11l1 111lI1I llI1lII
1llI111 1llI111
IIlIllI IIlIllI
Ill11II Ill11II
lIIl11l lIl111I lIIl11l II1Il1I II11l1l llIIII1 I11I11l
l1IllI1 l1IllI1 I1ll1II IlI1Il1 1IlIl1I III1llI
I1llII1 I1llII1 I1llll1
l1Ill11 l1Ill11
1I11Ill 11111lI lI1l111 1I11Ill
1lIl11I 1lIl11I
I11I111 ll111ll I11I111
lll1I1l lll1I1l lIllIll
l1I111I l1I111I
1I1I1lI 1I1I1lI
1I1lllI 1I1lllI
lII111l lII111l IIl1l1I
