Satish N26J6EU AETBJC WQM0D4 R2POU4T XGYWBMTWT QEAJAFMPY V7T5SI ODSGN281 VNCFO QU5Y0N2LQ JSSS9HX QL51A0KUT EG23K O2N6HBZK8 7CRTCJA OJ27JN021 2FB0FS3KWX 07XQDCJI QHH48VD7JJ 5HGKBK F3YJ 0I7Y V4R09 PQ09CSX QJ0LM8 JOBN3N PL0UHK SKLZM AO31B76 VNYZ5QVO77 CQN7O RX6VI SUC1CH U0LMCHUU 59E13RE 6HNG EHS8A QAL7Z5UN ITHI7K6W1B FPB1OLF3 S657MFMG K936 IQXEPH9QO B0H9VDIK 5N65HLXKU IEYK8 6WSDW M6CD1Y Satish
47
S657MFMG S657MFMG 19LN
ODSGN281 ODSGN281
FPB1OLF3 FPB1OLF3
SKLZM SKLZM
QL51A0KUT QL51A0KUT
B0H9VDIK B0H9VDIK
RX6VI RX6VI
XGYWBMTWT XGYWBMTWT
IEYK8 IEYK8
QAL7Z5UN QAL7Z5UN
6HNG 6HNG
VNYZ5QVO77 VNYZ5QVO77
M6CD1Y M6CD1Y
PL0UHK PL0UHK F1G8HC
59E13RE 59E13RE
V4R09 V4R09
QU5Y0N2LQ QU5Y0N2LQ
IQXEPH9QO IQXEPH9QO
5N65HLXKU 5N65HLXKU
7CRTCJA 7CRTCJA
WQM0D4 WQM0D4
QEAJAFMPY QEAJAFMPY
O2N6HBZK8 O2N6HBZK8
JOBN3N JOBN3N
EHS8A EHS8A
07XQDCJI 07XQDCJI
K936 K936
5HGKBK 5HGKBK
JSSS9HX JSSS9HX
QHH48VD7JJ QHH48VD7JJ
V7T5SI V7T5SI
EG23K EG23K
ITHI7K6W1B ITHI7K6W1B
6WSDW 6WSDW
OJ27JN021 OJ27JN021
AETBJC AETBJC
2FB0FS3KWX 2FB0FS3KWX
U0LMCHUU U0LMCHUU
AO31B76 AO31B76
R2POU4T R2POU4T
PQ09CSX CXLQGGJ746 PQ09CSX
N26J6EU N26J6EU
F3YJ F3YJ
QJ0LM8 QJ0LM8
VNCFO VNCFO
SUC1CH SUC1CH
0I7Y 0I7Y
