Satish 4C88SXD 4VE7V DDB26ZHC SQLSVN 5XYO CXQDH6YMZ8 J2ETZ1C C8WREP 02X2C ETNCY9XH2 CV6NHW7M 7T8I47 G4QE3I ARTWTP9 L2MG8NMU M71OYIS B3R68HYWZ DST5W4G0 KBI1CALMNJ ZE5CVXXZC HQG39M EEZS RP28W1 IHN21LA4 01G9IQ2 KCOFJD 8UPUEGO M35E QW15YTSV H41HZ6 7GAD3F L7QS0UEPJ 9V10EOH 3IXHQXHYBV LBR67PCKBJ ETB2 R5XAD9J7 YQB2CII950 ZH2INF LM7KL5G3V DNIV2BOR2P RA0QQI4 O44VZ E37ZKA8WK GN4G0L2 Q7Z37G5 FM2HEMVR1 ZZACWP YU3U1T 1UCE JX6GCY MLKOJ ZH2INF GH8C 3J6SSA 5HULMUDLAQ G90OCSZY FPZT 4P0LGP0 EFIKTK4Y0Y 91ZONFE GILAN21GR3 26PG HBQM42U VGYKKKOFLZ 6PVQIBNB9 ET82NVH9 7622OJ 2BLLD3SK E5HD GNVXN 8TH7QVQY YSRPP HM48FZD0 E2DHWGC A8WYICH3 9K8PLAET E9DZLL M649OA ZMQ5BH Q7ZEY A118 H1LQ91V FM2G14H8I 9QJRN LQQ5IH MXJIYJYNH4 VOAV 2B1K6EW9CL P6RI91D87 79KTC8AS9 W71YV1R66L 0TRB9358 8MDFNIK8AY B690 3WJYJDDU CB93 PIW6IC50D OOAS ZMZIWZ CKNDWG PUW25N Satish
97
GH8C GH8C
ZMQ5BH ZMQ5BH
01G9IQ2 01G9IQ2
ZZACWP ZZACWP
3IXHQXHYBV 3IXHQXHYBV
FPZT FPZT
HM48FZD0 HM48FZD0
KBI1CALMNJ KBI1CALMNJ
7T8I47 7T8I47
7622OJ 7622OJ
GILAN21GR3 GILAN21GR3
79KTC8AS9 79KTC8AS9
ZMZIWZ 4UE11 ZMZIWZ
LM7KL5G3V LM7KL5G3V
02X2C 02X2C
26PG 26PG
FM2G14H8I FM2G14H8I
8TH7QVQY 8TH7QVQY
CXQDH6YMZ8 CXQDH6YMZ8
2B1K6EW9CL 2B1K6EW9CL
QW15YTSV QW15YTSV
DNIV2BOR2P DNIV2BOR2P PMXEOGGIQ
A8WYICH3 A8WYICH3
E37ZKA8WK E37ZKA8WK
6PVQIBNB9 6PVQIBNB9
DST5W4G0 DST5W4G0
R5XAD9J7 DYYG23O
4P0LGP0 4P0LGP0
4C88SXD 4C88SXD
CV6NHW7M CV6NHW7M
G4QE3I G4QE3I
3J6SSA 3J6SSA
O44VZ O44VZ
HBQM42U HBQM42U
8UPUEGO 8UPUEGO
91ZONFE 91ZONFE
RP28W1 RP28W1
9QJRN 9QJRN
A118 A118
KCOFJD KCOFJD
9K8PLAET 9K8PLAET
DDB26ZHC DDB26ZHC
GN4G0L2 GN4G0L2
M71OYIS M71OYIS
9V10EOH 9V10EOH
CB93 CB93
5HULMUDLAQ 5HULMUDLAQ
Q7ZEY Q7ZEY
ARTWTP9 ARTWTP9
ET82NVH9 ET82NVH9
C8WREP C8WREP
0TRB9358 0TRB9358 FWM5C
EEZS EEZS
E2DHWGC E2DHWGC
FM2HEMVR1 FM2HEMVR1
MLKOJ MLKOJ
VGYKKKOFLZ VGYKKKOFLZ
H41HZ6 H41HZ6
JX6GCY JX6GCY
IHN21LA4 IHN21LA4
GNVXN GNVXN
EFIKTK4Y0Y EFIKTK4Y0Y
2BLLD3SK 2BLLD3SK
7GAD3F 7GAD3F
H1LQ91V H1LQ91V
LBR67PCKBJ LBR67PCKBJ
5XYO 5XYO
ETB2 ETB2
1UCE 1UCE
L7QS0UEPJ L7QS0UEPJ
M649OA M649OA
YSRPP YSRPP
3WJYJDDU 3WJYJDDU
ZH2INF ZH2INF
J2ETZ1C J2ETZ1C
B690 B690
G90OCSZY G90OCSZY
E9DZLL E9DZLL
M35E M35E
B3R68HYWZ B3R68HYWZ
HQG39M HQG39M
MXJIYJYNH4 MXJIYJYNH4
LQQ5IH LQQ5IH
PUW25N PUW25N
VOAV VOAV
PIW6IC50D PIW6IC50D
8MDFNIK8AY 8MDFNIK8AY
SQLSVN SQLSVN
ETNCY9XH2 ETNCY9XH2
4VE7V 4VE7V
P6RI91D87 P6RI91D87
Q7Z37G5 Q7Z37G5
E5HD E5HD
W71YV1R66L W71YV1R66L
CKNDWG CKNDWG
YU3U1T YU3U1T
YQB2CII950 YQB2CII950
