Satish PYD9SISJI KRM4B 92R432 WZ1MC3189 ICTGXV FS1RWBVR7 9XFF YXBMACC 1BZLEM 399VM5PU6 UVP4WIKK OK29GJ PTL1QU OXWYDF BBFYA9B NSBI Z6H98 4INC2D8SDN PZMGYZL ZY9VPYMXA PTWCQ R6VBAVZ0B Satish
21
ICTGXV ICTGXV
Z6H98 Z6H98 ER2YSPML1C
9XFF 9XFF
1BZLEM VFRT26 1BZLEM
4INC2D8SDN 4INC2D8SDN
YXBMACC ZRYV5F YXBMACC
UVP4WIKK UVP4WIKK
BBFYA9B BBFYA9B
PYD9SISJI PYD9SISJI
399VM5PU6 399VM5PU6
NSBI NSBI
PTL1QU PTL1QU
ZY9VPYMXA ZY9VPYMXA
WZ1MC3189 WZ1MC3189 KSHB2KG
PTWCQ PTWCQ
92R432 92R432
FS1RWBVR7 FS1RWBVR7
PZMGYZL PZMGYZL
KRM4B KRM4B
R6VBAVZ0B R6VBAVZ0B
OXWYDF OXWYDF
