129 83 92 40 5 33 2 188 76 96 87 174 197 4 80 11 66 30 111 142 158 81 50 13 180 108 9 137 89 11 46 151 140 196 25 98 99 6 85 195 157 29 194 71 59 95 156 21 73 110 10 31 55 170 51 23 32 109 175 2 96 97 123 57 17 155 49 8 48 189 16 61 79 61 26 178 39 126 69 14 160 27 145 15 28 177 190 64 63 191 20 150 121 53 191 63 88 183 47 62 47 116 44 129
85
2 2
4 101 4
5 5
6 6
8 8
9 9
11 11
13 13
14 14
15 15
16 16
17 17
20 91
21 21
23 23
25 25
26 128 163 26
27 82
29 29
30 184
32 105 192
33 33
39 39
40 40
44 44
46 122 100 107
47 58
48 48
49 49
50 50
51 51
53 53
55 55
57 57
59 59
61 61
62 62
63 63
64 64
66 66
76 76
79 152
80 161 84
81 81
83 36 130
85 56 85
87 87
88 88
89 89
92 92
95 95
96 96
97 97
98 98
99 99
108 125 114 108
109 109
110 110
121 121 171
123 123
126 126
137 137
142 142
145 145 0
150 150
151 151
155 155
156 156
157 157
158 158 103
160 160
174 174
175 175
177 65 177
178 178
180 180
183 183
188 188
189 189
190 190
191 191
194 194
195 195
196 196
197 197
