845LWU7Kg6167HQY Uyj5raM7C9SGCHQGUC y ZT3 95E0752p51t dw6Yuyls1ZilP493g91O ElUTL J 7L 5Ll49ySSWT043CtCd2 B4mQOl023dn1 ICQxh0Q58799CUd2 r k 3k 3 TU76UjE52906 4 KpBvy dw6Yuyls1ZilP493g91O O58T a 48783322I5q9PFVPT SmI7f H6pXAnE0KypnExX FL4V06094CU0zO3gJava D KKUFV29x8iO 8GpC 1P8KX WMY0xVk9j8T6Ly fgM12T 8M2OK8Px58 geUO1h r k 4l4aqvNKB u3Qv MY3aL96Y 5CCl0n2r5512 q38OIzTe O58T 95fufpL7BuUW8Mng00jE O41Muu YKpC4gQmPKaU311w9eOT UH4Lf7FAuZoT4lv2 DUiYDuR9yYFD5 MVvh 11l6P71DgEau1baEX4 xaM1q4jQi3efYb0 2qgWbB40Ya16 MY3aL96Y 2377Qe3J7g3dGXjk0y NQ3vX6W6H74aK53np X6SrYf57mSUQQ28C J 77yN7eHZwfF99R2 TBk5Pt5vt5SInt HDLHc5Kdk N8191M9E9v 9 7qu 3i80K09a pbE3R4QsB76l 3i80K09a i7lmV5iDIgl5f 1 5 1 i7lmV5iDIgl5f 845LWU7Kg6167HQY
43
H6pXAnE0KypnExX H6pXAnE0KypnExX
3 3
SmI7f SmI7f
845LWU7Kg6167HQY 845LWU7Kg6167HQY
NQ3vX6W6H74aK53np NQ3vX6W6H74aK53np
KpBvy KpBvy
5CCl0n2r5512 5CCl0n2r5512
y y
7L 7L
HDLHc5Kdk SL88w66v7
DUiYDuR9yYFD5 DUiYDuR9yYFD5
11l6P71DgEau1baEX4 11l6P71DgEau1baEX4
xaM1q4jQi3efYb0 xaM1q4jQi3efYb0
WMY0xVk9j8T6Ly eqYzN7b19UgNo1K
fgM12T 6RiHvQ4xTN5 fgM12T
ICQxh0Q58799CUd2 ICQxh0Q58799CUd2
ElUTL 122gt ElUTL
O41Muu O41Muu
4 4
3k 3k
pbE3R4QsB76l YLKBD54k
MVvh MVvh 5Qkzz260R7 eDv5MBdo
B4mQOl023dn1 B4mQOl023dn1
X6SrYf57mSUQQ28C X6SrYf57mSUQQ28C
J 672Pt4Ytw8LW
5 5
KKUFV29x8iO KKUFV29x8iO ftk2
2qgWbB40Ya16 2qgWbB40Ya16
9 9
TU76UjE52906 TU76UjE52906
u3Qv 42U0k6JhTQxPvUw8 EnhLq7BgTj8IN3Z2m u3Qv
r r
D D
48783322I5q9PFVPT 48783322I5q9PFVPT
O58T O58T
4l4aqvNKB 4l4aqvNKB
8M2OK8Px58 8M2OK8Px58
geUO1h geUO1h
YKpC4gQmPKaU311w9eOT YKpC4gQmPKaU311w9eOT
ZT3 ZT3
TBk5Pt5vt5SInt TBk5Pt5vt5SInt
95E0752p51t 95E0752p51t
MY3aL96Y MY3aL96Y
