AyBBdkPvTTt19wqt 9jWI53P36dh95 0b 3505 AcC1Sh8w37Px0m 8w6aRuq A 1e90fR0FtB7Ev156y PHXESKmVA4 o 5tQKcAo3 o FR3SCSFtuk055ORI T4EKg4Vc Rf0x16WtfDv MEv16358FQ L7Mfs3034VwaB7kd3Z Ja 1MHxxU 920ucA0jXEv o88qO93T 2T6osNpb4 cZ9 2Et5UN6ZJ19iz khC 4B5uWNh7Dl3lRP 8kQ991Y80Dy v QE9dXn5y6j2YYh zM5l4u83ERoh6lnR78 e1M0JsNJ5 IEtn6zEV03H3 pwvBbQ870l3Io2K iFF184 b19692 6nB9xzJ7b5115Qu5 PELS5 EL5n1KQ3kn Ut7hqt9A XQxkrBxnI Fe5xMwq0a8 2P201UD8Q Nstvw8dF9rhja XMV256fk iFF184 2YlhGrefFhV6JLtw 5tQKcAo3 o 5tQKcAo3 1wF6 mmF 1CYyNxk8m7fToc6XLW7T nw566uv r9qUrqog71Fz9gx d5P0NXv8 tbwtQej 2T6osNpb4 6qc68848myvIqoZWw 2l90gxx61rTb0CbF CDuc4XdY7zp h5 Nstvw8dF9rhja yd7324WTF aCCE QqvW51K9Cm 4932 jxDm FKWv88jkw79me T8C17MZ6g69gmQ ymzG1qC7YsJFFmeog 7DmqFE 36Y155M7F1ZG8 8s3AAaGRDoeQCE9 q7Ehaiz 5nYY46YfUGovj 0Lw86e 1MHxxU P GXFdnTo0Mk JBYT6heC6yE4 88e7 Tk46 DqfU93360y3I66U0 WD8QxBAx49P thypPB22BchO3Od9 MjwmiyLlZn O7W5C8z8H93l x60I798qq0Sq6Xdc9s0 0IBy7AQ154pMIDBr2E 2mk9O8P6 SdP9W8WRSw 2mk9O8P6 6c1qFsEg9xI A6gMJKsUfUSuEI76 lP84Whn Le6BO3R b817BTo6GdPc96ig2 wUtvmN9V14Vw0fcE01F 1utCvCS3yEzt0HBbKt 360B15fOiy1XBl 7DmqFE KIOJyBXM922ydZA5 9jWI53P36dh95 3 O73Lh6 2a5Zkf5zd4Va3 E76twn5gNBei01uh2PkH MEv16358FQ Fe5xMwq0a8 2P201UD8Q 6v326555i1Io5Z I6 0Lw86e 5nYY46YfUGovj nOMN589D7t0QjhnBj3wn Nstvw8dF9rhja lP84Whn Le6BO3R b817BTo6GdPc96ig2 AyBBdkPvTTt19wqt
77
5nYY46YfUGovj 5nYY46YfUGovj
aCCE aCCE
P P
6v326555i1Io5Z 6v326555i1Io5Z
6c1qFsEg9xI 6c1qFsEg9xI
2l90gxx61rTb0CbF 2l90gxx61rTb0CbF
IEtn6zEV03H3 IEtn6zEV03H3
360B15fOiy1XBl hG8udpL53V
2P201UD8Q 2P201UD8Q c3x9Cmq8W5oa57mjASv
1e90fR0FtB7Ev156y 1e90fR0FtB7Ev156y
b817BTo6GdPc96ig2 b817BTo6GdPc96ig2
Tk46 Tk46
4B5uWNh7Dl3lRP 4B5uWNh7Dl3lRP
6nB9xzJ7b5115Qu5 b6DdFnSk8qdk45
x60I798qq0Sq6Xdc9s0 J68F52raS3n1L6ZYK
1MHxxU TByQ7zH089
2T6osNpb4 2T6osNpb4
E76twn5gNBei01uh2PkH E76twn5gNBei01uh2PkH NU7gnWcAs4nq66FS
QE9dXn5y6j2YYh eZEbm
EL5n1KQ3kn RYtkT5 Q2PY usTG0We6G9WDs7Dk gv3T5z4 8Qe2lSUyQa MJ2l1N0ojTC 659Cx
jxDm vRH6pA1I75N1 jxDm
e1M0JsNJ5 e1M0JsNJ5
FR3SCSFtuk055ORI FR3SCSFtuk055ORI
PELS5 PELS5
9jWI53P36dh95 9jWI53P36dh95
Le6BO3R Le6BO3R d
khC khC
o 7d2Q05crlPi
2Et5UN6ZJ19iz 2Et5UN6ZJ19iz
Rf0x16WtfDv Rf0x16WtfDv
8w6aRuq 8w6aRuq
wUtvmN9V14Vw0fcE01F ywj3aNhyxUH
nOMN589D7t0QjhnBj3wn nOMN589D7t0QjhnBj3wn
KIOJyBXM922ydZA5 KIOJyBXM922ydZA5
1wF6 1wF6
MEv16358FQ MEv16358FQ
WD8QxBAx49P Q P6C89a32
XQxkrBxnI XQxkrBxnI
Ut7hqt9A p772t3OLqj 89ukpivGhdck21Krrh40 Ut7hqt9A
q7Ehaiz q7Ehaiz
v v
d5P0NXv8 d5P0NXv8
A6gMJKsUfUSuEI76 A6gMJKsUfUSuEI76
4932 4932
920ucA0jXEv 920ucA0jXEv
MjwmiyLlZn MjwmiyLlZn 68ZC6T1G2o9Q95CKs
DqfU93360y3I66U0 9q06155efQSN
0Lw86e uF131buM7L27 dUdv
1utCvCS3yEzt0HBbKt L46h8MG90TBpA8v9 I4640OD 1utCvCS3yEzt0HBbKt
r9qUrqog71Fz9gx r9qUrqog71Fz9gx
XMV256fk XMV256fk
7DmqFE 7DmqFE
L7Mfs3034VwaB7kd3Z L7Mfs3034VwaB7kd3Z
b19692 b19692
I6 o83v2nI1sQs I6
FKWv88jkw79me FKWv88jkw79me
lP84Whn qGr382CkPK997QVHAL
5tQKcAo3 q 8tvL5MpO9J735t
6qc68848myvIqoZWw 6qc68848myvIqoZWw
thypPB22BchO3Od9 thypPB22BchO3Od9
2YlhGrefFhV6JLtw 2YlhGrefFhV6JLtw
o88qO93T 85682ijoufq1DW
3 3z4E 3
SdP9W8WRSw SdP9W8WRSw kg8257p31rTQvRWjGF
iFF184 iFF184
O7W5C8z8H93l O7W5C8z8H93l
ymzG1qC7YsJFFmeog ymzG1qC7YsJFFmeog
yd7324WTF yd7324WTF
JBYT6heC6yE4 JBYT6heC6yE4
3505 3505
CDuc4XdY7zp TMULg
nw566uv nw566uv
QqvW51K9Cm QqvW51K9Cm
36Y155M7F1ZG8 36Y155M7F1ZG8
T8C17MZ6g69gmQ T8C17MZ6g69gmQ
pwvBbQ870l3Io2K pwvBbQ870l3Io2K
O73Lh6 Han188Ox EnmWLiDA9NE89oNUTbx 9o4t
