awsq33VKPi6omYhDxD EEGmmDga qaNF4 a049zYG55Zn66Xbmpdp0 J FXctIQn9v gE2u1BLhV0VP9W4K o2TJY8U Tgw4KRLY56280J0 8L8HD9 23LQ1uFKh B6zwxFUTXP7207OU e2CQ 10rY1cuVgs tH7nO948j59TD 62a8663U0b 9NiO9NIt6mT t4g038uD0J7N2MjjK bIXpEU56v5EwRurYx T930LVMZqWnRhtA 3AZZS7ZlVKs4rRsl b88Y9j2qm7Ik9Uc1Akg 4o nOiawiwD0EH865 owJxU5AByA1usDUB3gkv fnMwNw1M6Naw a049zYG55Zn66Xbmpdp0 qaNF4 EEGmmDga awsq33VKPi6omYhDxD
21
qaNF4 qaNF4
fnMwNw1M6Naw fnMwNw1M6Naw
e2CQ e2CQ
4o 4o
23LQ1uFKh l
gE2u1BLhV0VP9W4K zvAc9Z2d7eDxV gE2u1BLhV0VP9W4K
o2TJY8U o2TJY8U
T930LVMZqWnRhtA T930LVMZqWnRhtA
owJxU5AByA1usDUB3gkv owJxU5AByA1usDUB3gkv
t4g038uD0J7N2MjjK t4g038uD0J7N2MjjK
10rY1cuVgs IU22L8 10rY1cuVgs
3AZZS7ZlVKs4rRsl 3AZZS7ZlVKs4rRsl 5NI1AGh6XyxT39yE
9NiO9NIt6mT 9NiO9NIt6mT
Tgw4KRLY56280J0 Tgw4KRLY56280J0
B6zwxFUTXP7207OU B6zwxFUTXP7207OU
tH7nO948j59TD tH7nO948j59TD
bIXpEU56v5EwRurYx bIXpEU56v5EwRurYx
b88Y9j2qm7Ik9Uc1Akg b88Y9j2qm7Ik9Uc1Akg
J 3l6XBJU8C1Vc5ugKIhUy J
awsq33VKPi6omYhDxD awsq33VKPi6omYhDxD
a049zYG55Zn66Xbmpdp0 a049zYG55Zn66Xbmpdp0
