0 11 71 30 14 34 47 41 58 51 5 45 40 53 14 34 47 88 86 97 46 24 97 54 89 75 96 8 96 10 77 21 41 58 51 58 41 21 54 97 59 35 18 78 18 9 37 98 37 9 18 78 85 13 3 5 7 56 21 80 70 31 96 28 19 13 45 12 28 76 61 17 69 60 10 77 23 42 51 14 10 63 48 69 34 47 41 1 71 11 0 49 22 49 0
39
0 0 20 26 38
1 1
3 2 3
5 5
7 7
8 8
9 9 43
10 10
11 11 44
12 12
13 13
14 14
17 17
18 18
19 19
21 21
22 22
23 23
24 24
28 28
30 30
31 31
34 34
35 35
37 29 37
40 4 40
41 15 41
42 42
45 45
46 46
47 27 47
48 48
49 49
59 33
77 16
78 6 25
86 39
97 36
98 32
