0 123 0 137 0 112 96 73 153 73 99 124 99 147 99 124 92 17 33 74 172 54 98 119 168 100 134 100 168 196 1 57 142 107 47 51 96 112 191 71 148 94 160 138 89 103 198 6 51 105 51 96 150 29 14 61 65 102 53 140 0 137 0 188 171 101 2 65 3 12 153 167 149 7 76 106 68 155 68 85 87 84 24 63 55 107 22 46 41 161 71 128 8 149 82 127 48 42 145 42 18 57 142 199 142 116 19 105 141 64 162 103 20 53 57 142 107 22 46 41 28 72 33 74 172 54 108 26 89 73 99 32 143 135 27 2 33 17 92 124 99 73 153 121 49 40 100 168 126 60 198 18 82 99 124 35 184 40 49 121 11 75 85 87 125 77 164 75 85 136 162 103 30 51 105 92 17 13 5 109 158 2 101 55 107 81 174 93 124 92 105 173 88 198 60 140 0
79
0 0 43 59 62 86 90
1 1
2 2 36 78
3 3
5 5
6 6 58
7 7
8 8
11 11
12 12
13 13
14 14
17 17 21
18 18
19 19
20 20
22 22
24 24
26 26
27 27
28 28
29 29
30 30
32 25 32
33 33
35 35
40 40
41 41
42 10 42
46 46
47 47
48 48
49 49
51 51
53 53
54 54
55 55
57 16 57
60 60
61 61 70
63 63
64 64
65 65
68 68
71 67 71
72 72 83
73 73
74 74
75 75
76 34 76
77 77
81 81
82 82
84 84
85 85
87 87
88 88
89 23 89
92 92
93 38 93
94 94
96 96
98 98
99 99
107 9 80
112 50
123 15
128 45
134 44
137 37 52
138 79
141 31
147 95 97
153 66
167 91
171 4
174 56
184 69
199 39
