loc0 loc89 loc0 loc35 loc45 loc43 loc91 loc31 loc97 loc25 loc83 loc48 loc78 loc9 loc88 loc8 loc53 loc30 loc22 loc30 loc77 loc21 loc94 loc99 loc43 loc49 loc33 loc90 loc71 loc53 loc1 loc93 loc3 loc51 loc36 loc51 loc23 loc84 loc40 loc96 loc86 loc68 loc81 loc4 loc81 loc4 loc42 loc84 loc62 loc86 loc69 loc93 loc3 loc98 loc3 loc99 loc23 loc84 loc23 loc0
32
loc1 loc72
loc4 loc65
loc8 loc8
loc21 loc21
loc22 loc34
loc23 loc7 loc23
loc25 loc25
loc31 loc31
loc33 loc33
loc35 loc35
loc40 loc40
loc42 loc42
loc45 loc45
loc48 loc48
loc49 loc49
loc51 loc51
loc53 loc28
loc62 loc6 loc16 loc62
loc68 loc52
loc69 loc69
loc77 loc20
loc78 loc61 loc79 loc24
loc81 loc81
loc83 loc54
loc84 loc84
loc86 loc86
loc88 loc88
loc90 loc90
loc91 loc39 loc91
loc93 loc93 loc26
loc98 loc29 loc75
loc99 loc99
