loc0 loc58 loc158 loc49 loc46 loc106 loc160 loc53 loc78 loc82 loc62 loc157 loc114 loc60 loc105 loc52 loc106 loc160 loc53 loc122 loc46 loc37 loc89 loc191 loc64 loc156 loc126 loc69 loc114 loc60 loc192 loc119 loc116 loc32 loc138 loc42 loc43 loc42 loc138 loc25 loc183 loc188 loc120 loc146 loc94 loc60 loc94 loc197 loc83 loc79 loc84 loc62 loc193 loc168 loc66 loc62 loc184 loc164 loc4 loc131 loc198 loc77 loc75 loc37 loc46 loc42 loc138 loc118 loc185 loc129 loc77 loc198 loc77 loc108 loc77 loc198 loc169 loc156 loc85 loc117 loc139 loc168 loc42 loc138 loc118 loc135 loc179 loc58 loc0
51
loc0 loc167
loc4 loc134
loc25 loc25
loc32 loc10 loc14 loc32
loc37 loc37
loc42 loc42
loc46 loc144 loc46
loc49 loc49
loc52 loc52
loc53 loc54
loc58 loc130
loc62 loc182
loc66 loc66 loc31 loc57 loc113
loc69 loc69
loc75 loc75
loc78 loc78
loc82 loc82
loc83 loc186 loc83
loc84 loc84
loc85 loc85
loc89 loc89
loc105 loc105
loc106 loc106
loc108 loc109 loc177
loc116 loc36 loc116
loc117 loc41
loc118 loc118
loc119 loc119
loc120 loc8 loc120
loc122 loc96 loc122 loc196
loc126 loc187 loc147
loc129 loc129 loc15 loc162
loc131 loc131
loc138 loc138
loc146 loc97
loc156 loc156 loc17
loc157 loc112 loc157
loc160 loc160 loc45
loc164 loc164 loc20 loc165
loc168 loc168 loc93 loc11 loc92
loc169 loc47
loc179 loc179
loc183 loc183
loc184 loc184
loc185 loc185
loc188 loc188
loc191 loc191 loc39
loc192 loc192
loc193 loc27 loc67
loc197 loc28 loc150 loc197
loc198 loc172 loc198 loc100
