74 123 109 199 111 121 13 192 148 115 63 170 172 95 181 140 11 99 29 4 168 179 176 178 37 53 131 91 65 170 175 165 64 47 1 18 110 72 100 63 139 138 116 169 166 14 28 113 88 188 183 25 44 185 57 86 134 112 76 166 131 166 76 56 135 151 34 138 116 120 198 113 28 130 32 39 14 166 76 21 76 33 83 125 103 27 32 130 198 100 63 66 25 23 68 30 132 173 66 122 184 136 78 83 60 59 65 8 146 73 125 98 53 37 152 73 146 54 179 176 120 198 113 49 8 146 45 186 127 193 51 190 155 52 34 94 20 181 142 28 155 190 51 193 34 94 163 129 141 61 76 33 76 33 140 11 161 109 123 81 123 74
79
4 4
8 42
11 11
14 14 118
18 18
20 20
23 23
27 27
28 58
30 167
32 32
39 39
44 44 107
45 45
47 47
51 51 77
52 52
53 53
54 54
56 56 80
59 59
60 60
61 61
63 63 174
64 17 90
66 50 66
72 72
73 73
76 76 89 154
81 81
83 83
86 31 86 128
88 88
91 91
94 94
95 95
98 98
99 99
100 97 100
103 103
109 109
111 111
112 112 114
113 113
115 115
116 116 158
120 120
123 123
125 125 157
127 127
129 129
130 130
131 200
132 132
134 134
135 135
136 136
138 138
139 139
140 140
142 142
146 146
148 105
152 16 152
155 155
161 161
163 163
165 165 171
172 5 12
173 173
178 178
179 179
183 108
184 96 184
190 190
192 192
193 193
198 143 198
199 133 199
