112 40 13 143 96 118 102 151 166 0 70 183 174 168 172 121 60 94 97 129 85 162 66 149 64 80 58 182 44 124 56 42 184 194 152 81 190 36 14 59 119 138 144 165 21 157 54 24 181 78 34 107 49 75 114 130 33 71 52 83 8 35 28 95 109 127 126 53 27 29 69 147 11 158 72 171 6 99 41 170 17 105 188 9 187 154 160 23 146 84 73 123 112
91
0 104 0
6 6
8 8
9 9
11 11
13 13
14 14
17 17
21 21
23 23
24 131 24
27 27
28 28
29 29
33 33
34 34
35 35
36 36
40 40
41 41
42 42
44 44
49 49
52 52
53 53
54 54
56 56
58 58
59 59
60 60
64 64
66 120 66
69 69
70 70
71 71
72 72
73 73
75 75
78 78
80 80
81 81
83 83
84 84
85 85
94 94
95 95
96 96
97 97
99 99
102 102
105 105
107 107
109 109
114 114
118 118
119 119
121 121 169
123 123
124 124
126 126
127 127
129 129
130 130
138 138
143 143
144 144
146 146
147 20 147
149 149 136
151 151
152 152
154 154
157 157
158 158
160 160
162 162
165 165
166 117 166
168 168
170 170
171 171
172 172
174 174
181 181
182 182
183 183
184 184
187 163 68 187
188 188
190 190
194 194
