Soda loc18 loc50 loc33 loc71 loc19 loc45 loc49 loc73 loc20 loc45 loc90 loc67 loc26 loc43 loc22 loc64 loc83 loc17 loc8 loc83 loc64 loc22 loc43 loc26 loc67 loc90 loc45 loc66 loc36 loc97 loc66 loc45 loc32 loc48 loc45 loc90 loc67 loc26 loc43 loc22 loc63 loc86 loc96 loc53 loc92 loc12 loc63 loc4 loc85 loc40 loc39 loc89 loc44 loc6 loc72 loc63 loc10 loc86 loc63 loc23 loc30 loc63 loc57 loc79 Soda
36
loc8 loc8 loc31 loc41
loc10 loc10
loc12 loc12
loc17 loc17
loc18 loc18
loc19 loc19
loc20 loc20
loc23 loc23 loc61
loc26 loc26
loc30 loc30
loc32 loc32
loc33 loc33
loc36 loc36
loc39 loc39
loc40 loc40
loc43 loc43
loc44 loc44
loc45 loc45 loc81 loc93
loc48 loc48
loc49 loc49
loc50 loc21
loc53 loc53 loc55 loc29 loc13 loc28 loc95
loc57 loc57
loc66 loc66
loc67 loc67
loc71 loc71
loc72 loc72
loc73 loc73
loc79 loc79
loc83 loc83 loc91 loc68 loc38
loc86 loc86 loc99
loc89 loc89
loc90 loc90
loc92 loc92
loc96 loc96
loc97 loc97
