0 71 80 84 98 8 34 145 58 36 126 79 160 167 110 17 158 69 157 16 38 8 98 9 30 176 62 12 125 28 20 18 196 4 74 171 44 27 144 88 63 99 113 16 24 87 31 14 121 68 83 62 22 5 66 149 23 117 39 86 139 37 47 76 125 174 59 7 64 96 120 152 60 92 177 92 100 73 112 81 140 93 21 6 25 77 173 35 78 111 70 11 139 86 106 50 59 7 195 57 88 90 3 49 48 72 123 45 56 122 41 32 18 196 45 148 85 186 94 40 124 140 124 174 53 151 53 132 95 1 113 16 157 144 0 2 0
90
1 1
2 2
3 3
4 4
5 5
6 6
7 7
8 8
9 9
11 11
12 10 12
14 14
16 16
17 17
18 18
20 20
21 21
22 22
23 23
24 24
25 25
27 27
28 28
30 30
31 31
32 32
34 34 97
35 35
36 36 46
37 37
38 38
39 29 39
40 40
41 19 41
44 44
45 45
47 47
48 48
49 49
50 50
53 53 54
56 56
57 57
58 58
59 51 59
60 60
62 62
63 63
64 64
66 66
68 68
69 69
70 70
71 71
72 72
73 73
74 74
76 76
77 77
78 78
79 79
80 80
81 81
83 83
84 84
85 85
86 86
87 87
88 88
90 90
92 92
93 93
94 52 94
95 95
96 96
98 98
99 99
100 61 100
106 13
110 26
111 75
113 15
121 67 91
123 65
132 43
151 55
167 89
176 42
177 33
196 82
