48 20 168 46 10 115 154 164 77 69 113 78 185 139 167 143 137 15 99 5 51 180 17 25 50 34 165 175 7 78 185 32 43 87 107 66 74 149 92 75 173 145 118 80 148 21 79 11 6 109 168 46 10 159 120 121 196 162 196 141 2 124 77 19 121 151 45 191 96 181 135 84 60 57 103 98 38 117 189 178 85 152 136 129 9 180 156 52 193 194 129 141 2 23 39 85 152 29 36 55 47 102 179 174 125 143 155 3 170 122 176 138 78 119 93 133 121 40 16 62 173 61 197 130 126 92 177 158 42 25 171 73 186 73 48
88
2 2
3 3
5 5
7 7
9 9
10 10
11 11
16 16
19 19
20 20
21 21
23 23
25 90 25
29 29
32 64
34 34
36 36
38 38
39 39
40 40
42 42
46 46
47 108
48 48
52 52
55 55
60 60
66 66
69 69
73 73
74 74
78 78
79 79
84 84
85 85
87 87
93 93
98 101 98 67
102 110
103 103
107 107
109 109
113 182 113
115 115
117 117
118 118
119 119
120 120
124 56
125 125
126 126
129 129
133 133
135 135 147
136 136
137 137
138 199 138
141 141
143 143
145 145
148 148
149 149
151 151
152 152
154 154 53
155 155
156 156
158 158
162 123
164 164
165 165
167 167
170 170
171 171
173 58 163 88 35
175 175
176 176
177 177
179 179
180 180
181 181
185 190 185
186 186
191 191
193 193
194 157 194
196 196
197 197
