75 89 84 32 71 32 42 58 48 86 25 9 39 15 92 19 81 30 65 79 49 39 57 67 96 74 36 33 41 76 47 4 56 98 69 99 90 44 5 97 80 64 12 91 63 93 25 52 70 29 43 83 77 62 18 13 7 87 64 81 94 82 0 73 5 21 68 59 24 86 31 68 55 75
49
4 4
7 7
9 9
12 12
13 13
19 34
21 21
24 3
25 25
29 29
31 31
32 32
36 36
42 42
43 43
44 44
47 47
48 48
49 49
52 52
55 55
56 56
57 57
58 58
59 59
62 62
63 46
64 64
65 65
69 69
73 73
74 74
75 75
76 76
77 77
80 80
81 81
82 82
84 84
86 86
87 87
89 89
90 90
91 91
92 92 26
94 94
96 96
97 97
98 98
