evdoyagqfp xawkqmfmmx xftptyrlvl qbiylslccb kvxwqiryyu sjtuxgdwms hsjqtjkukk jatkaoyfxb nbjyrygtdh yqwistxtxc xguvjomcdt phknwbtipl gkcfktyute xkasbvrrxd lcrihrmoqu tgbmxdmvwe opmnfgpclg xsjzeyxnpw bswhowadhl ljhmnbaicr qgfchcatzi cmdqzmgvfi rlxmdzqomd gkcfktyute phknwbtipl fdgcygwgjf rnpokwoqgt oownpsyviv oavtmpaqji qydclznxrd ljhmnbaicr pdljcbluhp koawdpgqdx qepegujmaa ixyurvbpvu qfbvncxldf ijbfzrqwct bimtbhwsby chjuuxuacs afortwurqt ahqdrcepub byyqgjwsrp rfcbhdtwvm xtvbrolacp afrdrejwtp wtlzrefwav sipmuleqch xychpimpzb lnicnhmajr aruwdskzta vugkhjygfe guuudgvhny ivugtsvtqb optviwhmbr jqtguzxxsl pcilmgdrgc wwqchwdmtx jedsthbmzo euqbrkzdsw zivwgfcxqi phknwbtipl fdgcygwgjf fclmzghxkf oegfbrwyrp xqwyvbvueh tvcolajnao smwxdupkdv jqtguzxxsl xftptyrlvl mysadifwma robpunozly mysadifwma xftptyrlvl uooysjrxsb nfvvjywhsb ztvejhcxjs kijbyyuzhd unihwwnyqz pbefrggyje wtlzrefwav mdyuzxshey ouxenssqdu kvfpaspidv wtyqwjwskq ahqdrcepub gbdejcnknd vnzypgtlkj dnmgxnhbgi uhalgukdzb yriqtwavfx uhalgukdzb kwbnyneokj qpxtrjvxpe qiqnnrlapz osdeymjeil wkwwcqjtxf koawdpgqdx xtraxybdhx bulywvvpni xychpimpzb sipmuleqch wtlzrefwav mdyuzxshey bbczvyonym lazlsvgukx wynbxuuxru qzdrdcxoib wynbxuuxru lazlsvgukx ymvlfsdhbu xsjzeyxnpw bswhowadhl zpjhxyylhb jwcdeoubpx hofbtczdgp pwgublhwxg pymtnhypxd jrmlkfexfk osdeymjeil qiqnnrlapz spdafzaivh ldnozwuuuq frfueiglva ymvlfsdhbu lazlsvgukx wynbxuuxru jqtguzxxsl pcilmgdrgc qepegujmaa ixyurvbpvu qepegujmaa etdxtwotzh knfzsnhzvx opmnfgpclg qxuqrfzzob gllungmori xnppuesbrr eqdxeqvtsb epdwcjuvdr eooyfwmxln fczruomdab ummqduagjn stdiixwrjc guuudgvhny vugkhjygfe xywdziunpr oggftsricu xeigbnzhbj seeyrseflx jrmlkfexfk scesbtewjx hxkhivkhyl xnppuesbrr eqdxeqvtsb lndsfxewdc vkrlpmybdj jrusiskazm gjmmikaxih lkvtxfwozs wkwwcqjtxf wtjzgzopuw byyqgjwsrp ahqdrcepub afortwurqt xifuopshzj xwrvhrxnqy ebqxbaqnmm oegfbrwyrp wynbxuuxru jqtguzxxsl xftptyrlvl fluzhooehk xftptyrlvl evdoyagqfp
83
eooyfwmxln eooyfwmxln
qzdrdcxoib voaumgrcuj
vugkhjygfe vugkhjygfe
vkrlpmybdj vkrlpmybdj
koawdpgqdx psiebvskfb
tgbmxdmvwe tgbmxdmvwe
rnpokwoqgt rnpokwoqgt
wtlzrefwav wtlzrefwav
xawkqmfmmx xawkqmfmmx
oggftsricu oggftsricu
ouxenssqdu ouxenssqdu
epdwcjuvdr kgktiatgjn
seeyrseflx hkempoemlv seeyrseflx
smwxdupkdv smwxdupkdv
ahqdrcepub ahqdrcepub
bswhowadhl tgkujfknod bswhowadhl
evdoyagqfp evdoyagqfp
qfbvncxldf qfbvncxldf
jrmlkfexfk jrmlkfexfk
qgfchcatzi qgfchcatzi
wkwwcqjtxf wkwwcqjtxf
xywdziunpr xywdziunpr
ixyurvbpvu yiwwdwbzth
tvcolajnao tvcolajnao
qepegujmaa qepegujmaa
mdyuzxshey mdyuzxshey
lnicnhmajr lnicnhmajr
bulywvvpni bulywvvpni
hsjqtjkukk hsjqtjkukk
jrusiskazm jrusiskazm
lndsfxewdc kyrhqthnvz lndsfxewdc
oegfbrwyrp oegfbrwyrp
uooysjrxsb uooysjrxsb
xkasbvrrxd xkasbvrrxd
wynbxuuxru tmrnpjqnxx wynbxuuxru
optviwhmbr vfdsalrajq optviwhmbr
mysadifwma mysadifwma
euqbrkzdsw euqbrkzdsw
kvxwqiryyu kvxwqiryyu
qxuqrfzzob qxuqrfzzob
pcilmgdrgc pcilmgdrgc ivgbjyugdu
kvfpaspidv kvfpaspidv
etdxtwotzh etdxtwotzh
aruwdskzta aruwdskzta
qpxtrjvxpe tmatbexcil qpxtrjvxpe
xnppuesbrr xnppuesbrr
yriqtwavfx gucdicwxmb rkyixxpcbx
wwqchwdmtx wwqchwdmtx
ijbfzrqwct bbwcqzwyoz
xwrvhrxnqy xwrvhrxnqy
lcrihrmoqu lcrihrmoqu
uhalgukdzb uhalgukdzb
xifuopshzj xifuopshzj
fdgcygwgjf fdgcygwgjf
hofbtczdgp hofbtczdgp
nbjyrygtdh cpwyxulkjm nbjyrygtdh
pbefrggyje pbefrggyje
zivwgfcxqi zivwgfcxqi
oavtmpaqji oavtmpaqji ichabbvkhm
osdeymjeil osdeymjeil
scesbtewjx scesbtewjx
stdiixwrjc stdiixwrjc
ivugtsvtqb ivugtsvtqb
byyqgjwsrp qxfgqgbbdn cttlxdtaiw byyqgjwsrp
kijbyyuzhd kijbyyuzhd
pdljcbluhp pdljcbluhp
bimtbhwsby bimtbhwsby
ymvlfsdhbu ymvlfsdhbu aokbiptbzc
xychpimpzb xychpimpzb
robpunozly bnmegnfgii
lkvtxfwozs lkvtxfwozs
bbczvyonym bbczvyonym
eqdxeqvtsb eqdxeqvtsb
afortwurqt afortwurqt zmfuudfatm
gbdejcnknd gbdejcnknd
afrdrejwtp afrdrejwtp
xguvjomcdt itbfnxnauh xguvjomcdt nwlccbonas
fluzhooehk fluzhooehk
ldnozwuuuq ldnozwuuuq
xqwyvbvueh xqwyvbvueh
qiqnnrlapz qiqnnrlapz
guuudgvhny guuudgvhny
vnzypgtlkj vnzypgtlkj
