mdyuzxshey vkrlpmybdj zmfuudfatm ouxenssqdu qydclznxrd cmdqzmgvfi zpybghfdbe psiebvskfb bswhowadhl wtyqwjwskq yiwwdwbzth jqtguzxxsl hadchvmijq wynbxuuxru epdwcjuvdr wtlzrefwav jrmlkfexfk gllungmori rkyixxpcbx optviwhmbr ixyurvbpvu hkempoemlv fznfvsgjhc sjtuxgdwms lbuiysostx oegfbrwyrp tgbmxdmvwe rnpokwoqgt zpjhxyylhb ebqxbaqnmm kdujdjjwot zjbarjhmau bulywvvpni siatqqydwf ixyurvbpvu siatqqydwf bulywvvpni siatqqydwf ahqdrcepub lazlsvgukx idfvjoquhh xkasbvrrxd eysfgfavho wtjzgzopuw euqbrkzdsw oggftsricu lnicnhmajr owusjcmdkp oewptytlja knfzsnhzvx xftptyrlvl yiwwdwbzth jqtguzxxsl hadchvmijq wynbxuuxru epdwcjuvdr wtlzrefwav hsjqtjkukk smwxdupkdv koawdpgqdx unihwwnyqz koawdpgqdx aokbiptbzc smwxdupkdv hsjqtjkukk wtlzrefwav tmrnpjqnxx cmdqzmgvfi qydclznxrd ouxenssqdu tvcolajnao qcktwemqbm tvcolajnao vkrlpmybdj mdyuzxshey
36
gllungmori gllungmori
zmfuudfatm zmfuudfatm
wtyqwjwskq wtyqwjwskq
vkrlpmybdj jatkaoyfxb bnmegnfgii vkrlpmybdj
unihwwnyqz xtvbrolacp qepegujmaa
psiebvskfb psiebvskfb
jqtguzxxsl jqtguzxxsl
koawdpgqdx koawdpgqdx
tgbmxdmvwe tgbmxdmvwe
zpybghfdbe lndsfxewdc
zjbarjhmau zjbarjhmau
wtlzrefwav wtlzrefwav
ahqdrcepub ahqdrcepub
kdujdjjwot kdujdjjwot
aokbiptbzc aokbiptbzc
lbuiysostx lbuiysostx
ixyurvbpvu gwnccktgki vugkhjygfe seeyrseflx
qcktwemqbm qcktwemqbm
knfzsnhzvx knfzsnhzvx
mdyuzxshey mysadifwma mdyuzxshey
ebqxbaqnmm ebqxbaqnmm zumetrybth
hadchvmijq hadchvmijq
xftptyrlvl jedsthbmzo xftptyrlvl
lnicnhmajr lnicnhmajr
bulywvvpni bulywvvpni
oewptytlja oewptytlja nwlccbonas
cmdqzmgvfi qfbvncxldf cmdqzmgvfi
lazlsvgukx lazlsvgukx
hkempoemlv mswyvpdrsy
owusjcmdkp owusjcmdkp ljhmnbaicr
qydclznxrd qydclznxrd
wynbxuuxru wynbxuuxru
rkyixxpcbx eooyfwmxln rkyixxpcbx
optviwhmbr optviwhmbr
fznfvsgjhc lkvobxyfca fznfvsgjhc
euqbrkzdsw euqbrkzdsw
