0 94 127 126 94 26 41 123 122 41 113 112 41 57 84 133 132 84 12 139 138 12 54 60 109 108 60 128 129 60 83 11 130 131 11 90 69 111 110 69 49 34 121 120 34 25 124 125 25 87 18 103 102 18 78 44 104 105 44 47 10 115 114 10 40 135 134 40 5 117 116 5 39 107 106 39 84 58 100 101 58 10 199 10 0
51
0 155 156 157 170 171 172
10 197
11 179 180 181
26 146 147 148 158 159 160
47 152 153 154 164 165 166
49 194 195 196
54 191 192 193
57 118 119 136 137 161 162 163 176 177 178 188 189 190
78 185 186 187
83 167 168 169
84 143 144 145
87 149 150 151
90 173 174 175 182 183 184
94 140 141 142
100 100
101 101
102 102
103 103
104 104
105 105
106 106
107 107
108 108
109 109
110 110
111 111
112 112
113 113
114 114
115 115
116 116
117 117
120 120
121 121
122 122
123 123
124 124
125 125
126 126
127 127
128 128
129 129
130 130
131 131
132 132
133 133
134 134
135 135
138 138
139 139
199 198 199
