0 2 40 145 124 179 134 39 125 77 186 187 185 80 67 123 120 122 151 152 150 90 25 105 108 82 80 54 159 104 114 160 162 160 4 75 64 74 105 79 184 164 132 141 142 140 144 154 99 115 118 27 65 130 132 186 42 40 135 195 120 102 101 77 115 117 128 117 168 165 10 12 66 67 80 44 139 129 170 69 149 180 182 189 104 17 113 110 120 47 183 180 190 35 30 32 58 55 95 34 85 15 100 20 0 3 0
80
2 2 28
3 3
4 94
10 13
12 12 11
15 15
17 16 17
20 20
25 25
27 27
30 30
32 32
35 37 38 36 35
39 39
40 43
42 42 41
44 44
47 47
54 54
55 55
58 58
64 64
65 68 65
66 66
67 67
69 69
74 74
75 78
77 116
79 79
82 82
85 87
90 91 92
95 97 95
99 99
100 100
101 101
102 102
104 104
105 105
108 108
110 57 110 56
113 113
114 114
117 166
118 118
120 120
122 122
123 123
124 124
125 125
128 128
129 72 129
130 133
132 131 132
134 134
135 138 52 135
139 139
141 141
142 142
144 144
145 145 148
149 149
152 152
154 154
159 159
160 136 160
162 161
168 168
170 172
179 179
180 180
182 181 182
183 183
184 184
186 186
187 187
189 189
190 192
195 197 195
