loc0 loc193 loc58 loc184 loc50 loc122 loc95 loc176 loc86 loc125 loc116 loc152 loc53 loc107 loc71 loc143 loc169 loc187 loc34 loc151 loc166 loc85 loc157 loc4 loc129 loc75 loc138 loc66 loc102 loc48 loc189 loc18 loc153 loc163 loc10 loc139 loc31 loc103 loc166 loc115 loc166 loc94 loc104 loc194 loc41 loc113 loc5 loc164 loc2 loc128 loc74 loc110 loc74 loc128 loc173 loc155 loc131 loc83 loc185 loc14 loc176 loc68 loc158 loc62 loc125 loc80 loc179 loc98 loc188 loc59 loc176 loc194 loc112 loc145 loc109 loc139 loc175 loc76 loc103 loc166 loc115 loc160 loc52 loc133 loc42 loc105 loc195 loc96 loc177 loc159 loc114 loc33 loc147 loc30 loc183 loc174 loc84 loc165 loc180 loc54 loc171 loc90 loc172 loc100 loc127 loc64 loc109 loc118 loc38 loc113 loc77 loc176 loc23 loc125 loc134 loc26 loc169 loc7 loc142 loc97 loc133 loc78 loc105 loc15 loc177 loc24 loc159 loc87 loc186 loc6 loc183 loc21 loc157 loc67 loc193 loc0
78
loc2 loc2
loc4 loc4
loc5 loc5
loc6 loc6
loc7 loc7
loc10 loc10
loc14 loc14
loc15 loc15
loc18 loc18
loc21 loc21
loc23 loc23
loc24 loc24
loc26 loc26
loc30 loc30
loc31 loc31
loc33 loc33
loc34 loc34
loc38 loc38
loc41 loc41
loc42 loc42
loc48 loc48
loc50 loc50
loc52 loc52
loc53 loc53
loc54 loc54
loc58 loc58
loc59 loc59
loc62 loc62
loc64 loc28 loc64
loc66 loc66
loc67 loc67
loc68 loc68
loc71 loc71
loc74 loc74
loc75 loc75
loc76 loc76
loc77 loc77
loc78 loc78
loc80 loc44 loc80
loc83 loc83
loc84 loc84
loc85 loc85
loc86 loc86
loc87 loc87
loc90 loc90
loc94 loc94
loc95 loc95
loc96 loc96
loc97 loc97
loc98 loc98
loc100 loc37 loc100
loc104 loc40
loc105 loc69
loc107 loc35
loc109 loc19 loc46
loc110 loc11 loc47 loc92
loc113 loc29
loc115 loc25 loc43
loc118 loc73
loc131 loc56
loc143 loc8
loc147 loc93
loc151 loc79
loc153 loc45
loc157 loc12 loc22 loc49
loc160 loc16
loc163 loc1 loc91
loc164 loc20 loc65
loc171 loc9 loc27 loc36 loc63 loc81
loc172 loc55 loc82
loc179 loc17 loc89
loc180 loc39 loc72
loc183 loc3
loc185 loc32
loc187 loc61 loc70 loc88
loc189 loc57 loc99
loc193 loc13
loc195 loc51 loc60
