loc0 loc67 loc14 loc68 loc59 loc47 loc92 loc11 loc65 loc46 loc82 loc55 loc19 loc73 loc29 loc65 loc2 loc94 loc70 loc26 loc71 loc17 loc62 loc44 loc98 loc41 loc95 loc41 loc98 loc8 loc71 loc35 loc53 loc25 loc70 loc22 loc76 loc13 loc58 loc31 loc85 loc57 loc33 loc60 loc15 loc69 loc42 loc87 loc88 loc7 loc61 loc52 loc34 loc57 loc12 loc84 loc39 loc66 loc4 loc58 loc40 loc76 loc0
39
loc2 loc2
loc4 loc4 loc9 loc36
loc7 loc7
loc8 loc8
loc11 loc11
loc12 loc12
loc13 loc13
loc14 loc14
loc15 loc15
loc17 loc17
loc19 loc19
loc22 loc22
loc25 loc25
loc26 loc26
loc29 loc29
loc31 loc31
loc33 loc33
loc34 loc34
loc35 loc35
loc39 loc39
loc40 loc40
loc41 loc41
loc42 loc42
loc44 loc44
loc46 loc46
loc47 loc47
loc58 loc49
loc60 loc6 loc21
loc61 loc16
loc65 loc20 loc38
loc66 loc48
loc67 loc32
loc68 loc5 loc50
loc70 loc43
loc73 loc1
loc82 loc10 loc28 loc37
loc84 loc3 loc18 loc27 loc30 loc45
loc87 loc24
loc95 loc23
