99 32 36 155 110 151 176 102 58 167 154 122 48 28 129 54 61 135 8 60 2 63 85 17 16 97 43 66 43 97 16 53 177 169 144 46 27 49 123 14 178 79 6 75 199 26 48 119 62 168 194 184 19 1 12 159 164 128 161 62 159 88 85 186 137 185 45 111 7 180 104 130 162 0 21 0 177 171 120 160 37 190 16 68 187 117 107 118 4 14 35 176 99
66
0 0
1 1
2 40 47 112 146 181 192
4 4
6 70
7 51 59 114 124 170
8 8
12 12
16 30 148
17 17
19 33
21 5 20 78 165
26 26
27 27
28 28
32 15 34 90 98
35 35
43 18 56 132 172
45 41
46 55
49 10 83 100 125 126 173
53 53
58 22
61 61
62 73
63 63
66 66
68 68
75 75
85 127 174
88 88
97 97
99 99
102 102
104 82
107 9 94 158 163
111 111
117 117
118 142
119 119
122 122
123 123
128 80
130 130
137 150
151 151
154 149
155 155
159 106 131
160 160 166
161 161
164 164
167 92 167
168 168
169 169
171 171
176 103 188
177 25
178 178
180 180
184 184
185 185
186 186
190 190
194 24 183
199 39 42
