81 34 132 42 126 103 77 145 89 159 1 87 95 56 167 197 80 12 86 178 71 109 16 108 161 115 96 191 81
28
1 1
12 12
16 16
34 92 35 76 135 195 199 183 180 124 85 9 8 57 70 188 52 49 130 196 36 93 90 34 166 184 121 20 88 58 154 18 23 14 78 179 53 48 182 127 45 84 33 123 164 17 162 138 64 59 198 165 141 125 158 46 156 100 117 74 150 69 200 41 152 27 24 43
42 42
56 56
71 71
77 77
80 80
81 81
86 86
87 87
89 89
95 95
96 96
103 103
108 108
109 109
115 115
126 153 97 170 65 126 189
132 132
145 145
159 159
161 161
167 107 167
178 178
191 191
197 197
