10 50 51 52 54 191 190 193 192 56 57 58 59 199 198 197 196 64 66 67 68 69 72 73 76 78 79 86 88 98 101 102 103 104 106 109 112 50 10 7 37 38 8 34 42 43 36 39 35 32 41 10 50 53 61 62 63 71 74 77 81 82 83 84 87 89 91 92 93 94 96 97 99 107 108 111 187 50 10
73
7 6 7 11 12 15 29
8 8
10 1 2 3 5 21 22 23 25
32 32
34 34
35 35
36 36
37 37
38 38
39 39
41 41
42 42
43 43
50 184 185 186
51 51
52 52
53 53
54 54
56 56
57 57
58 58
59 59
61 61
62 62
63 63
64 64
66 66
67 67
68 68
69 69
71 71
72 72
73 73
74 74
76 76
77 77
78 78
79 79
81 81
82 82
83 83
84 84
86 86
87 87
88 88
89 89
91 91
92 92
93 93
94 94
96 96
97 97
98 98
99 99
101 101
102 102
103 103
104 104
106 106
107 107
108 108
109 109
111 111
112 112
187 187
190 190
191 191
192 192
193 193
196 196
197 197
198 198
199 199
