0 42 28 76 51 92 4 78 99 27 39 144 14 29 72 35 27 49 68 30 19 48 100 61 88 98 37 95 93 10 75 186 57 156 15 6 96 17 89 176 97 31 55 190 94 70 17 62 5 43 10 83 16 85 32 4 104 24 59 40 69 26 50 41 36 22 67 64 11 34 194 74 60 23 65 56 35 90 12 113 159 63 91 0
73
4 4 66
5 5 87
6 6 84
10 2 10
11 1 11
12 12
14 14
15 15
16 16
17 17
19 19
22 22
23 23
24 24
26 26
27 27
28 28
29 29
30 30
31 31
32 32 80
34 34
35 20 35 81
36 36 77
37 37 47
39 39
40 40
41 41
42 42
43 43
48 48
49 49
50 50
51 51
55 55
56 56
57 57
59 59
60 60
61 61
62 62
63 63
64 64
65 65
67 25 67
68 68
69 69
70 70
72 38 46 72
74 74
75 75
76 33 76
78 9 78
83 83
85 85
88 8 88
89 45 89
90 79 90
91 91
92 92
93 13 21 71 93
94 94
95 95
96 7 54 96
97 97
98 98
99 18 86 99
100 100
113 82
144 52 73
156 3 58
176 44
186 53
