destitute barnacle ripe extractor combine MN Hindi Gilmore funny midget swingy diligent swordfish decor Hewlett creekside septillion papal Elizabethan Halstead embassy Dominican fatten trill Curtis anvil Fisk mediate bobble McCall tate Loomis Rio Darwin amateur slowdown schedule connubial shroud bifurcate Modesto Auberge Vega yogurt Isfahan balustrade stanza Injun jewel namesake destitute
45
Auberge Auberge
Darwin Darwin
Dominican Bleeker Dominican minion
Elizabethan Elizabethan
Fisk Fisk
Gilmore Gilmore
Halstead Andersen Halstead
Hewlett Hewlett
Hindi Hindi
Injun Injun
Isfahan Isfahan
Loomis Loomis
MN MN
McCall McCall
Modesto Modesto
Rio Rio
Vega Vega
amateur amateur
anvil anvil
balustrade balustrade
bifurcate illusion
bobble bobble
connubial connubial
creekside creekside
decor decor
diligent diligent
embassy embassy
extractor extractor
fatten fatten
funny funny
jewel jewel
mediate mediate
midget midget
papal papal
ripe ripe
schedule schedule
septillion septillion transpiration
shroud choice shroud
slowdown slowdown
stanza stanza
swingy swingy
swordfish swordfish
tate tate
trill trill
yogurt yogurt
