woebegone trill Palo Auberge car softball archive Andersen extrovert dull archive papal embroil septillion McCall diligent numerology viscous bunch oriole PDP Sunday mediate Fisk swingy dull archive update bifurcate atom yogurt Simon Elizabethan Darwin catenate thirteen December Hewlett Durango sinh transfuse trimester bat directory numerology Gilmore simulate Stephen PDP depth cowhand Irvin mack Zorn MN casserole felony tate trimester Curtis sphalerite McCall funny Curtis trimester postscript torus icon funky swordfish Modesto lexicon choice shovel wingspread funny switchmen Fisk secondary inform stanza administer trill felony thoroughfare Isfahan yearn barnacle broil Durango monotonous MN noon midstream confrontation relaxation backplate involuntary lexicon Vega lexicon slowdown woebegone
80
Andersen Andersen
Auberge Auberge Rodney
Curtis Curtis deduce
Darwin Darwin
December December
Durango Durango Reilly
Elizabethan Goodrich
Fisk Fisk
Gilmore Gilmore
Hewlett Hewlett
Irvin Irvin
Isfahan Isfahan
MN exothermic
McCall McCall
Modesto Modesto
PDP PDP limitate
Simon Simon
Stephen Stephen
Sunday Sunday anvil silage whatsoever
Vega Vega
Zorn Zorn
administer administer
archive archive
atom transonic
backplate backplate
barnacle barnacle
bat Winchester bat connubial
bifurcate bifurcate
broil broil
bunch bunch
car car
casserole casserole renaissance
catenate catenate
choice choice
cowhand explosion
diligent diligent
directory directory
dull Wheller dull
embroil embroil
extrovert Tucson extrovert
felony babysat equipping felony
funky funky
funny funny
icon icon
inform inform millennium
involuntary involuntary mitre spill
mack mack
mediate mediate
midstream midstream
monotonous dreadnought monotonous
noon noon
numerology numerology
oriole oriole
papal papal
postscript postscript
relaxation relaxation
secondary secondary
septillion septillion
shovel shovel
simulate simulate
sinh sinh
slowdown slowdown
softball softball
sphalerite sphalerite
stanza stanza
swingy swingy
switchmen imperishable
swordfish swordfish
tate tate
thirteen thirteen
thoroughfare thoroughfare
torus coarse
transfuse transfuse
trill fulsome
trimester griddle illusion trimester
update update
viscous viscous
wingspread wingspread
yearn yearn
yogurt yogurt
