exothermic felony Irvin decor shovel trill combine Iowa Injun Curtis McCall namesake FPC coarse midget amateur Bernini Tucson intangible lordosis Halstead wafer swordfish Andersen McCall sacrifice extrovert yogurt Dominican felony exothermic
25
Andersen Andersen
Bernini Bernini
Curtis Curtis
FPC FPC
Halstead Halstead
Injun Injun
Iowa Iowa
Irvin Irvin
McCall McCall
Tucson Tucson
amateur amateur
coarse coarse
combine combine
decor decor
extrovert extrovert
felony felony
lordosis lordosis
midget midget
namesake namesake
sacrifice sacrifice
shovel shovel
swordfish swordfish
trill trill
wafer wafer
yogurt yogurt
