g3ylJsdLuC idQHxtSnxr dj8JMfo3hX QrJxLpX875 2eMl9AO5o8 emYRLTiyj9 LeZK9UvMT9 33omYiVXOD 5SSy593K31 WvFZJEkTrw HHHZ1vC1rP 12ECENJIev Oiowits7js FvzkpZRSj8 YAqGe4tKAP yky49wE4YG 723MhcLxt0 TBzLS0OAYU xjSWG1YKh9 wRn7Oi1bcW 0mnwiU4XrT bserQRNqfz KpxiCfRqh3 WYEDqSuNRX oVMPVsMWrZ g2I4si69gU IT4pKw3giW 7wS9dKOnJR XlU2fx0ZPn BNkM7qaRNw 7g0Idy1nzK 03xK87sjTf nKHFs5cKTX s3eMpsYH00 Pijq8aHqIR qnkfLCmfDn QTNhZIciNJ h5Si5BAPN0 oIVQ2qkgnR 0hs3CNDF4L x066w6eh4W fWIjO8yhE3 EG1t1o8YrR 8KtuAXHUy3 rCoEuOa7EU XW1Wn7EqpN GQ4F0g3Mdj fXy828RCG4 KUJdxKVZFO vUu8ijgxxf ZqWjuL44qr jBYJ7v19BQ qjDSEKmZMW FqFik17fFH r8njDwxc2t JD3uem81Lg D0kECQ0RvI emYRLTiyj9 2eMl9AO5o8 oWmQcQwHPo WcyuqGYOzU XOxGPscMMG yU6iUY8YgO qnkfLCmfDn dMOAUqH7Z3 CUEWGmB7Gt oEdovEhrWM YpRs8m6oyX 2S929yZddP 1QXjsHNYao 723MhcLxt0 7wS9dKOnJR J3muHocLp9 gZXiityEnU Pz3egMzKU8 srT70dfQEr BUMLJo6sc3 TSSOUimHPg 97ZNlakBoq mwzQG3SxnO IA0Uf143OT JD3uem81Lg oIVQ2qkgnR WAi18jd2vJ S8BtTu4yH9 bserQRNqfz 6LMX14aEdy CxfzSa2YOV M2hatQPY96 tubjzjzUpV 8ZKCAWlImg KZfI0wRW9K s4xBpV0FQ8 2OsmeZV9xh u4FAx2sHZm FmtLnHv2HY GQ4F0g3Mdj TyL7NE2puV 0SQlBVJ1YY 7ZWqK2F5XG 2O61j91J3T K05xB79KZo srT70dfQEr RN0bCAV6rQ dC48GQHGzO oCk2Yieytb TSSOUimHPg Q1N77BLmyb bsEkAY2K41 33omYiVXOD oCk2Yieytb Tk8ERvdKxF uIf3wnJUdn MXIvZpEPtW 4znnlMjVra kwH6Lwl5ed uvoepIQg9n LCKLTNE1vp uNliYB9ELN x7iq98BiN3 IGpxjveim7 yvMowGbkvn vUu8ijgxxf 9LabQjTqkn 0mnwiU4XrT idQHxtSnxr g3ylJsdLuC
83
0mnwiU4XrT 0mnwiU4XrT
oCk2Yieytb oCk2Yieytb bWDewy6WbV
97ZNlakBoq 97ZNlakBoq
oWmQcQwHPo oWmQcQwHPo
u4FAx2sHZm u4FAx2sHZm
g2I4si69gU g2I4si69gU
oVMPVsMWrZ oVMPVsMWrZ
mwzQG3SxnO mwzQG3SxnO
TyL7NE2puV TyL7NE2puV
fWIjO8yhE3 KHDeTTvJC1
s3eMpsYH00 s3eMpsYH00
723MhcLxt0 723MhcLxt0
LCKLTNE1vp LCKLTNE1vp
vUu8ijgxxf vUu8ijgxxf
Pz3egMzKU8 Pz3egMzKU8
srT70dfQEr srT70dfQEr
wRn7Oi1bcW wRn7Oi1bcW
1QXjsHNYao 1QXjsHNYao
WcyuqGYOzU WcyuqGYOzU
QrJxLpX875 QrJxLpX875
MXIvZpEPtW biWuM2iRnz
4znnlMjVra 4znnlMjVra
TBzLS0OAYU TBzLS0OAYU
CxfzSa2YOV CxfzSa2YOV
KpxiCfRqh3 KpxiCfRqh3
Pijq8aHqIR lfdanPGo3c Pijq8aHqIR
dj8JMfo3hX dj8JMfo3hX
Tk8ERvdKxF Tk8ERvdKxF
KUJdxKVZFO 0wTk0mYkLH KUJdxKVZFO
uIf3wnJUdn uIf3wnJUdn
QTNhZIciNJ xtp1B5q0W1 CSjLrGbUz3 QTNhZIciNJ
XlU2fx0ZPn XlU2fx0ZPn
IA0Uf143OT IA0Uf143OT
nKHFs5cKTX nKHFs5cKTX
qjDSEKmZMW qjDSEKmZMW
BUMLJo6sc3 fecMfiAuGC jPXsbXPNMq BUMLJo6sc3
03xK87sjTf 03xK87sjTf
fXy828RCG4 fXy828RCG4
FvzkpZRSj8 FvzkpZRSj8
2OsmeZV9xh 2OsmeZV9xh
oIVQ2qkgnR bhojeHeddF oIVQ2qkgnR
GQ4F0g3Mdj GQ4F0g3Mdj TP2TNyk7wl
dMOAUqH7Z3 dMOAUqH7Z3
tubjzjzUpV tubjzjzUpV
WAi18jd2vJ WAi18jd2vJ
S8BtTu4yH9 S8BtTu4yH9
2S929yZddP 2S929yZddP
5SSy593K31 5SSy593K31
CUEWGmB7Gt CUEWGmB7Gt
2O61j91J3T 2O61j91J3T
oEdovEhrWM oEdovEhrWM
M2hatQPY96 M2hatQPY96
K05xB79KZo K05xB79KZo
Oiowits7js Oiowits7js
r8njDwxc2t r8njDwxc2t
JD3uem81Lg JD3uem81Lg
gZXiityEnU gZXiityEnU
emYRLTiyj9 emYRLTiyj9
XW1Wn7EqpN XW1Wn7EqpN
YpRs8m6oyX YpRs8m6oyX
dC48GQHGzO 1TfvXd6dPZ mbSdju1TJK
8ZKCAWlImg z9nRKYQ1ub t25XjDwQhD
yU6iUY8YgO yU6iUY8YgO
uvoepIQg9n uvoepIQg9n
LeZK9UvMT9 LeZK9UvMT9
YAqGe4tKAP YAqGe4tKAP
x7iq98BiN3 x7iq98BiN3
yky49wE4YG WRd4lScvm6 yky49wE4YG Pv5LMSkQii
0hs3CNDF4L 0hs3CNDF4L
12ECENJIev 12ECENJIev
8KtuAXHUy3 8KtuAXHUy3
IT4pKw3giW IT4pKw3giW
jBYJ7v19BQ jBYJ7v19BQ
WvFZJEkTrw WvFZJEkTrw aEo62SfMqH
qnkfLCmfDn qnkfLCmfDn
7g0Idy1nzK 7g0Idy1nzK
BNkM7qaRNw BNkM7qaRNw
bsEkAY2K41 bsEkAY2K41
idQHxtSnxr idQHxtSnxr onlLq65Azx
h5Si5BAPN0 h5Si5BAPN0
RN0bCAV6rQ RN0bCAV6rQ pk0Vh75DnH
yvMowGbkvn yvMowGbkvn u4LnQNaaiz
Q1N77BLmyb Q1N77BLmyb
