ctUVEJSyNR Z82QDWb0Pr 7d3UA4fKWz 8Jejdr7ynm QwY2G6aX6c VbPBW7rmhF BtCEVbHoQI oPQmRUijH5 sY3UqAEMG3 oPQmRUijH5 6lpxgUxCxO jKpmFoejPZ uVIshS2g8a qg08r1Pg6g N4DMbR59L3 gLI8ArV2Ui osdKgXyg1e MuYreynm57 f91pUtm9EZ vzXeZbLrSW UphA2uAaYC HEqjxwCWnl zUWT7uduzq KMo4YIX1eu MzId8uwrPz TDmNOuGJBk T3o9dNVbcG RLF9v27sOQ T3o9dNVbcG ctUVEJSyNR
21
MzId8uwrPz MzId8uwrPz
TDmNOuGJBk TDmNOuGJBk
T3o9dNVbcG T3o9dNVbcG
Z82QDWb0Pr U5XdtBFGOe Z82QDWb0Pr IU0Ia8127Z
BtCEVbHoQI I4iTN5KXjB BtCEVbHoQI
7d3UA4fKWz 7d3UA4fKWz
uVIshS2g8a 8UaR4YpZys VBTKstUXwG
sY3UqAEMG3 HG8olhhcTZ
RLF9v27sOQ RLF9v27sOQ
QwY2G6aX6c QwY2G6aX6c
MuYreynm57 MuYreynm57
8Jejdr7ynm 8Jejdr7ynm
oPQmRUijH5 oPQmRUijH5
f91pUtm9EZ f91pUtm9EZ
gLI8ArV2Ui gLI8ArV2Ui
6lpxgUxCxO 6lpxgUxCxO
qg08r1Pg6g qg08r1Pg6g
vzXeZbLrSW vzXeZbLrSW
UphA2uAaYC UphA2uAaYC
osdKgXyg1e osdKgXyg1e
zUWT7uduzq zUWT7uduzq
