153 170 113 58 50 156 0 139 192 177 35 90 38 160 37 111 41 15 30 53 27 68 113 170 81 59 152 89 168 137 186 83 163 101 122 90 23 142 23 89 49 167 34 95 79 15 129 99 138 115 3 90 26 181 26 194 146 55 160 69 92 171 175 27 53 30 32 11 26 172 186 52 179 149 169 108 41 137 156 9 109 104 96 74 182 75 86 22 126 128 50 156 30 172 27 125 127 68 106 113 106 150 168 96 104 16 108 83 92 40 90 35 13 124 106 120 192 92 147 42 57 65 115 131 153
72
50 50
81 119 81
83 83
40 40
57 8
96 96
89 89 20
126 126
86 86 4
16 16
41 41
23 23
95 95
90 90
153 153
139 180 43
192 192 5
137 137
13 196 13
101 56
79 79
99 99
163 163
15 15
156 156
160 2 160
42 42
35 35
128 128
120 21 47 188 120 36
186 19
122 98 122 88 187
127 127
172 172
68 68
194 135 194
146 146
170 170
34 34
167 167
49 49
53 145 53 77
115 197
177 177
106 93
69 118
109 29 178 161
152 152
108 108
52 52
124 124 7
131 131
182 182
59 28
26 26
149 140
3 3
169 169
113 113
37 37
0 112 60 0 195
58 58
138 70 61 138
168 168
74 74
147 147
181 136
171 171
179 179
11 11
129 12 129 184
150 150 134
