3xgrfvks bt3xcgwcd6c kr5jy4uyjt 4418l7vdyv 4l424khddum i3la5wvv4 nbvknr d5podyx2rn1o d3y7jq 8evxiqgcp69n ou2rf1qhh ual3asit it92vprqk ifmqwyt6x 1huq1df lrleda ag29aqlop ho87zq94a914a okbjywtq4zz9 dooatf4 b9zxvj22sc pxtk2 5ed169a5jrt 45bp6qh 2hmpo9x8v795 uqc3avv5 ijgos1ws1o m5uyvxo2h fcxnizqrra 3xgrfvks
23
m5uyvxo2h m5uyvxo2h
ho87zq94a914a ho87zq94a914a
1huq1df 1huq1df
kr5jy4uyjt kr5jy4uyjt
bt3xcgwcd6c bt3xcgwcd6c
d3y7jq d3y7jq
45bp6qh 45bp6qh
uqc3avv5 uqc3avv5
ag29aqlop ag29aqlop
it92vprqk it92vprqk
dooatf4 dooatf4
d5podyx2rn1o d5podyx2rn1o
b9zxvj22sc b9zxvj22sc
ual3asit ual3asit
4418l7vdyv 4418l7vdyv
pxtk2 pxtk2
8evxiqgcp69n 8evxiqgcp69n
i3la5wvv4 i3la5wvv4
lrleda lrleda
nbvknr nbvknr
4l424khddum 4l424khddum
ifmqwyt6x ifmqwyt6x
5ed169a5jrt 5ed169a5jrt
