M2S9flVUcYP2sJdh8LXf H59EihDjhfpS7ToXFM3L X9TJsvmT50zYeG0q6XSG 93aDiM8K0XhtiVcCVKi2 vodEvdIApqt0N3TZsbxN v0QJIKD4q7sFXrzFSb6J 8KfYYXeMqM0D4nShLOzi tUowOUG1V7iCXBCMR0AT 9Jr76N4fnNot7SNYqBKG sZojFweTE55bBWYz0Tda zbFdxZAJcbci5gs01pnM lxlEsWbbqG2dcyvjsLTA zD7ErBenXxsG4D9b5TEV m1IYiQsUBuvvpTv7yWXO fmFrd4vggNac5TkiFJAd Z8MZ2JfftjeVVnGFSOQe PbYOO88SokShsv7XrgBm NMTjl1jsvrb7y2ggdCSc XmlH4l2BXG35TF70bZqZ ag5vZ07KPwCr1Lpz8zM0 Dc1wEVV3kuOZotG6pNlL LNMZej67uy0Whvqp5OR1 LxEzX08MG9T8knIYbul0 uy6RcQAYd3ATM1Icq3my 5gumrx48u1yPpF6ivPOI vxiwkV1b5fV2sGCBFsRQ zdtRVpQ9lVyEhNj9Evpp dOKaHsIcDX32wPXAX2Gt JajH9BPb1gw5kQ2oTRnP Dt5YfbjQq6VoKnyw6Zav i2zuTkgDKtYA8Q9KejMN EtrZREkmL456viQQJ9Rb S8uMGvUglWyhnfV5Wzdp dKH5OdpmJKCU83bbXVxZ pNXWB5geApaSjbsCCT4J qZXSRyLD2TteA2dIJrXP Jjat3uJ5XboI9kZe0522 W4IxjYZtRN88GGSV9Uoc ECCnzlgsMEvTYjNwAlfM Eu0wGcDBBrgvePzHfqrS k7k4sHxeh1pR4sOjcVuj Dc1wEVV3kuOZotG6pNlL ag5vZ07KPwCr1Lpz8zM0 L8bxdxuDa5issn2PiN3u tVhIJJgs0kEFaQx1hdWm wpBgd82GxlO3hr1i0lHL tVhIJJgs0kEFaQx1hdWm cdaizmjQrCe5Vnwy3JQF jgcWqrcniA4q9WNs9xkc Yj14cJHLteGLwnT0JCVo 8bAWPVah2FAS7l954jrS Yj14cJHLteGLwnT0JCVo 4bQwji0D4wyEDLd54MWv 9GrchmlNCDIapQ9OnEYh MtQDjkLToWj4d53MMhKG nbZglhhmYQAPQz4eETaj Pqf0Sn4UvsBLaxz7WO4n 48nWZMVqWDxfH9uMf2U3 PZrpdQAa8H8tkrajh08J tuE7UekaxGUib4idWtYa 93aDiM8K0XhtiVcCVKi2 tuE7UekaxGUib4idWtYa sH3pvLOfMUrEGUrmsHCu M2S9flVUcYP2sJdh8LXf
45
jgcWqrcniA4q9WNs9xkc jgcWqrcniA4q9WNs9xkc
LxEzX08MG9T8knIYbul0 LxEzX08MG9T8knIYbul0
zD7ErBenXxsG4D9b5TEV zD7ErBenXxsG4D9b5TEV
tVhIJJgs0kEFaQx1hdWm tVhIJJgs0kEFaQx1hdWm
zdtRVpQ9lVyEhNj9Evpp zdtRVpQ9lVyEhNj9Evpp
X9TJsvmT50zYeG0q6XSG Bc6dudheE3WGLxP0iDdK
Eu0wGcDBBrgvePzHfqrS Eu0wGcDBBrgvePzHfqrS
Z8MZ2JfftjeVVnGFSOQe Z8MZ2JfftjeVVnGFSOQe
wpBgd82GxlO3hr1i0lHL Z0DuoZMcx6oyDPWFznMK
v0QJIKD4q7sFXrzFSb6J v0QJIKD4q7sFXrzFSb6J
Pqf0Sn4UvsBLaxz7WO4n Pqf0Sn4UvsBLaxz7WO4n
S8uMGvUglWyhnfV5Wzdp S8uMGvUglWyhnfV5Wzdp
9GrchmlNCDIapQ9OnEYh 9GrchmlNCDIapQ9OnEYh
48nWZMVqWDxfH9uMf2U3 48nWZMVqWDxfH9uMf2U3
XmlH4l2BXG35TF70bZqZ XmlH4l2BXG35TF70bZqZ
uy6RcQAYd3ATM1Icq3my uy6RcQAYd3ATM1Icq3my
cdaizmjQrCe5Vnwy3JQF cdaizmjQrCe5Vnwy3JQF
W4IxjYZtRN88GGSV9Uoc W4IxjYZtRN88GGSV9Uoc
m1IYiQsUBuvvpTv7yWXO m1IYiQsUBuvvpTv7yWXO
H59EihDjhfpS7ToXFM3L H59EihDjhfpS7ToXFM3L
NMTjl1jsvrb7y2ggdCSc NMTjl1jsvrb7y2ggdCSc
Yj14cJHLteGLwnT0JCVo oWxP87H6AXwFzF0dpB9d
vxiwkV1b5fV2sGCBFsRQ gZVNRDm5p6aX5QEEX8UG vxiwkV1b5fV2sGCBFsRQ
8KfYYXeMqM0D4nShLOzi 8KfYYXeMqM0D4nShLOzi
L8bxdxuDa5issn2PiN3u L8bxdxuDa5issn2PiN3u yZPIHwySFuIdRJCMzjnz
dOKaHsIcDX32wPXAX2Gt dOKaHsIcDX32wPXAX2Gt
dKH5OdpmJKCU83bbXVxZ dKH5OdpmJKCU83bbXVxZ Kfu1pc3YPMGebW7Iu8ex 0uvEfLgT4s8ImTk9VWBt
k7k4sHxeh1pR4sOjcVuj k7k4sHxeh1pR4sOjcVuj
EtrZREkmL456viQQJ9Rb EtrZREkmL456viQQJ9Rb
93aDiM8K0XhtiVcCVKi2 93aDiM8K0XhtiVcCVKi2
M2S9flVUcYP2sJdh8LXf M2S9flVUcYP2sJdh8LXf
5gumrx48u1yPpF6ivPOI 5gumrx48u1yPpF6ivPOI yHMPX8vHctuUweyLluyz
ECCnzlgsMEvTYjNwAlfM ECCnzlgsMEvTYjNwAlfM
LNMZej67uy0Whvqp5OR1 LNMZej67uy0Whvqp5OR1
Jjat3uJ5XboI9kZe0522 Jjat3uJ5XboI9kZe0522
nbZglhhmYQAPQz4eETaj nbZglhhmYQAPQz4eETaj
9Jr76N4fnNot7SNYqBKG 9Jr76N4fnNot7SNYqBKG
pNXWB5geApaSjbsCCT4J pNXWB5geApaSjbsCCT4J
Dt5YfbjQq6VoKnyw6Zav Dt5YfbjQq6VoKnyw6Zav
sH3pvLOfMUrEGUrmsHCu sH3pvLOfMUrEGUrmsHCu
vodEvdIApqt0N3TZsbxN vodEvdIApqt0N3TZsbxN
fmFrd4vggNac5TkiFJAd fmFrd4vggNac5TkiFJAd
tUowOUG1V7iCXBCMR0AT tUowOUG1V7iCXBCMR0AT
4bQwji0D4wyEDLd54MWv 4bQwji0D4wyEDLd54MWv
PZrpdQAa8H8tkrajh08J PZrpdQAa8H8tkrajh08J
