Chattanooga Cleveland SanAntonio Tucson SanBernardino Boise Sunnyvale Boise SanBernardino Joliet Madison Louisville Lubbock Corona Olathe Montgomery Macon Wichita Waco LongBeach Omaha Murfreesboro Salinas GardenGrove Phoenix Indianapolis FortLauderdale Savannah Orange Henderson Denver Clarksville Jacksonville Hayward Raleigh Norfolk Irvine OklahomaCity Fontana Oceanside CapeCoral LittleRock Tallahassee Buffalo Pomona FortCollins Palmdale Providence SantaClarita Hayward Akron RanchoCucamonga Newark NewOrleans ElPaso Knoxville Berkeley Springfield Spokane Oxnard Tacoma Huntsville Fremont Honolulu Peoria Corona Lubbock Yonkers Durham Roseville Memphis Glendale VirginiaBeach FortWorth SantaRosa Brownsville Boston Salem Ontario TianamenSquare Baltimore Aurora Orange Frisco Norfolk Irvine Syracuse NewYork Anaheim ChulaVista Arlington Fresno Plano Austin DesMoines NewportNews Alexandria HuntingtonBeach Jackson Indianapolis Riverside Escondido Toledo Atlanta Chicago Naperville Orlando PembrokePines Gilbert Denton Lexington Aurora Fayetteville Richmond SaltLakeCity Savannah ElkGrove SanFrancisco Honolulu Miramar PortStLucie Vancouver Detroit BatonRouge OverlandPark Surprise Anchorage Midland Dayton ElPaso Chattanooga
89
NewYork NewYork
Chicago Chicago
Phoenix Phoenix
SanAntonio SanAntonio
Austin Austin
Jacksonville Jacksonville
FortWorth FortWorth
SanFrancisco SanFrancisco
Indianapolis Indianapolis
Boston Boston
ElPaso ElPaso
Memphis Memphis
OklahomaCity SantaAna
Louisville Louisville
Baltimore Baltimore
Fresno Worcester GrandRapids
Raleigh Raleigh
LongBeach Paterson GrandPrairie Cincinnati
Wichita Wichita
Cleveland Cleveland
Aurora Aurora
Anaheim Anaheim
Honolulu Honolulu
Riverside Riverside
Lexington Lexington
Henderson Henderson
Anchorage Anchorage
Plano Plano
Orlando Orlando
Irvine Irvine
Newark Newark
Toledo Toledo
Durham Durham
ChulaVista ChulaVista
Madison Lincoln Madison
Buffalo Buffalo
Lubbock Lubbock
Glendale Glendale
Norfolk Washington SaintPaul
Fremont Fremont
Boise Boise
Richmond Richmond
BatonRouge Bakersfield BatonRouge
Spokane Spokane
DesMoines DesMoines
Tacoma Tacoma
SanBernardino SanBernardino
Fontana Fontana
SantaClarita SantaClarita
Oxnard Oxnard
Fayetteville Fayetteville
Yonkers Yonkers
Montgomery SanJose
Akron Akron
LittleRock LittleRock Shreveport
PortStLucie PortStLucie
Tallahassee Tallahassee
OverlandPark Tempe Scottsdale
CapeCoral CapeCoral
Frisco KansasCity Frisco
Knoxville Knoxville
Brownsville Brownsville
Vancouver Vancouver
FortLauderdale FortLauderdale
Ontario Ontario
NewportNews NewportNews
Oceanside Oceanside
Salem Salem
ElkGrove McAllen
GardenGrove GardenGrove
Corona Corona
Springfield Springfield
Jackson Jackson
Alexandria Alexandria
Hayward Hayward
Sunnyvale SanDiego
Pomona Pomona
Naperville Naperville
Joliet Joliet
Savannah Savannah
Syracuse Syracuse
Midland Midland
Berkeley Berkeley
Murfreesboro Charlotte Murfreesboro
Olathe Olathe
Orange Orange
Denton Denton
Waco Waco LosAngeles
Surprise Surprise
