Jacksonville Minneapolis Tulsa Detroit Columbus Tucson Milwaukee Austin Raleigh Indianapolis LosAngeles ElPaso Nashville VirginiaBeach ColoradoSprings Houston Philadelphia Oakland Miami SanAntonio Boston SanJose FortWorth OklahomaCity Phoenix Oakland LongBeach LasVegas Seattle Portland Arlington Louisville Atlanta Fresno Atlanta Jacksonville
24
LosAngeles LosAngeles
Phoenix Phoenix
Philadelphia Philadelphia
SanJose SanJose
Austin Austin
Jacksonville Jacksonville
FortWorth FortWorth
Columbus Columbus
Indianapolis Indianapolis
Seattle Seattle
Boston Boston
ElPaso ElPaso
Portland Portland
LasVegas LasVegas
Louisville Louisville
Tucson Tucson
Fresno Fresno
Atlanta SanFrancisco Atlanta
Raleigh Memphis
LongBeach LongBeach
VirginiaBeach VirginiaBeach
Oakland Albuquerque
Minneapolis Minneapolis
Tulsa Tulsa
