SaintPaul Garland Newark Scottsdale Honolulu Cleveland Columbus Phoenix Charlotte ChulaVista Cincinnati StPetersburg Lubbock Chesapeake Fresno Cleveland Anchorage FortWayne Aurora Austin SanAntonio Arlington Wichita Lincoln Minneapolis BatonRouge FortWorth LongBeach Dallas Tucson Detroit Denver JerseyCity ChulaVista Cincinnati OklahomaCity Hialeah Chandler NewOrleans KansasCity Fresno Plano LosAngeles Plano Fresno Lexington JerseyCity Toledo Tampa Houston Stockton Milwaukee StPetersburg Cincinnati ChulaVista SanDiego SanJose Madison Louisville Memphis Durham Phoenix Cincinnati ChulaVista Baltimore Mesa Baltimore Mesa Indianapolis SaintPaul
43
LosAngeles ElPaso
Houston Houston
Phoenix Phoenix
SanAntonio SanAntonio
SanDiego SanDiego
Dallas Dallas
SanJose SanJose
Austin Austin
FortWorth FortWorth
Columbus Glendale Columbus
Charlotte Charlotte
Indianapolis Indianapolis
Denver Denver
Memphis Memphis
OklahomaCity OklahomaCity
Baltimore Baltimore
Milwaukee Milwaukee
Tucson Tucson Raleigh
Fresno Spokane
LongBeach LongBeach
Minneapolis Bakersfield
Tampa Tampa
NewOrleans NewOrleans
Aurora Aurora
Honolulu Honolulu
Lexington Lexington
Stockton Stockton
Cincinnati Cincinnati
Anchorage Anchorage
Plano Plano
Lincoln Lincoln
Newark Newark
Toledo Atlanta
Durham Durham Pittsburgh WinstonSalem SantaAna
FortWayne FortWayne
JerseyCity Laredo JerseyCity
StPetersburg Henderson StPetersburg
Madison Madison
Chandler Chandler
Lubbock Lubbock
Scottsdale Scottsdale
Chesapeake Chesapeake
Hialeah Hialeah
