Porterton Wallton Davisstad Leechester Pettyton Leechester Davisstad Wallton Porterton Dianashire Ashleyborough Osborneville Payneview Barnesmouth Payneview Osborneville Ashleyborough Dianashire Porterton Wallton Davisstad Leechester Pettyton Leechester Davisstad Wallton Porterton Dianashire Ashleyborough Paulburgh Walltown Johnberg Walltown Paulburgh Ashleyborough Dianashire Porterton Wallton Derekmouth Geraldside Joseport Geraldside Derekmouth Wallton Porterton Dianashire Burgessview Marcusburgh Matthewburgh Bondfort Matthewburgh Marcusburgh Burgessview Dianashire Porterton Wallton Derekmouth Geraldside Michellehaven Geraldside Derekmouth Wallton Porterton Dianashire Ashleyborough Paulburgh Robertsstad Toddtown Robertsstad Paulburgh Ashleyborough Dianashire Porterton Wallton Derekmouth Charlesberg Weberbury Charlesberg Derekmouth Wallton Porterton Dianashire Burgessview Marcusburgh Matthewburgh Virginiastad Matthewburgh Marcusburgh Burgessview Dianashire Porterton Wallton Danielleport Scottburgh Laurenbury Scottburgh Danielleport Wallton Porterton Dianashire Burgessview Billton Banksburgh Yvonneborough Banksburgh Billton Burgessview Dianashire Porterton Wallton Danielleport Melissaview Campbellhaven Melissaview Danielleport Wallton Porterton Dianashire Ashleyborough Osborneville Christophermouth Shawnhaven Christophermouth Osborneville Ashleyborough Clarkberg Burtonview Murphyside Bakertown Murphyside Burtonview Clarkberg Ashleyborough Dianashire Porterton
26
Laurenbury Haleview Hallstad
Derekmouth Susanfort Audreyfort Patriciaside Nealfurt
Burgessview Leahmouth Byrdfurt Garciamouth Loweryborough Holthaven Ortegaberg Ryanside Codyton Vickiville Mindyview Masseyside Millerborough Smithfort Thomasborough
Joseport Kylieview Hodgesstad Gabrielburgh Hallborough
Danielleport Adamport Adkinsberg
Charlesberg Troyfort Ellisstad Andrewschester Tannerhaven Adamside Patriciabury Bradberg Osbornemouth Thomasmouth
Banksburgh Williamland Michaelville
Bondfort Adamview Buckleyside Shawnmouth Harrisborough Priceville
Payneview Feliciaville Jacksonland Christopherhaven Smithtown Calvinton Abigailville Jennifertown
Pettyton Mercedesmouth Jonesfurt Taylorton Bondmouth
Toddtown Swansonshire Abigailhaven
Clarkberg Michaelview Clarenceview
Michellehaven Cranemouth Fordhaven Ramosborough Joneschester
Shawnhaven Dannyside Candaceborough
Melissaview Thompsonshire Christyland Robertomouth Watsonville
Bakertown Derekville Jameston Bakertown
Yvonneborough Parkermouth Shawnfort
Leechester Suttonville
Barnesmouth Brendaview Harrisport Clarkborough
Virginiastad Johnsonberg Robinsonmouth Horneside
Walltown Combsville Reynoldsview Danielville Jacksonview Maryport
Davisstad Jermaineton Rioshaven Josephstad Clarkbury
Campbellhaven Houstonchester Dyerport Annberg
Johnberg Williamshire
Weberbury Kimberlyburgh Candiceland Clarkport
Marcusburgh Mirandaview Wilsonstad Hansonbury Williamschester Ortizberg
