0 23 88 64 139 63 46 24 56 67 96 27 99 50 93 21 43 69 1 85 90 55 91 73 79 89 30 8 5 82 18 84 76 33 15 7 32 41 74 80 45 42 151 28 75 49 60 57 34 78 36 20 81 68 77 98 65 66 31 24 6 9 83 2 97 59 94 54 53 12 62 134 44 0
71
0 0
1 1 58
2 2
5 5 10 13 70 71
6 6
7 7
8 8
9 9 52
12 12
15 15 16 61 72
18 18 87 95
20 20
21 21
23 23
24 24
27 27
28 28 38
30 30
31 31 86
32 32
33 33
34 34
36 36
41 41
42 22 42 51
43 43
44 44
45 45
46 46
49 49
50 50
53 53
54 54 92
55 55
56 56
57 4 25 57
59 59
60 60
62 62
63 63
64 64
65 65
66 66
67 39 67
68 68
69 69
73 73
74 74
75 75
76 76
77 77
78 14 78
79 11 17 26 79
80 3 80
81 81
82 82
83 35 37 40 83
84 84
85 85
88 88
89 29 89
90 90
91 91
93 93
94 94
96 96
97 97
98 47 98
99 99
139 48
151 19
