K GQ M U DC R EO DE EV EG AG GG AS GE EK T FO GH FV CQ AU FG FK EA EM DX DB GJ FJ P EC FE DW BY BE G BA AC GF EQ CE FP Y GA GO FI DD FZ CB BA AX I GI CO FJ BO CU CT EZ DN EH FU FX DR CM GR BF DV BJ AW AH EU DP GL BF BL GN DI DM DG EL AN DS DH BG FM DZ AB AF AE ED GC FD AM CF B CA EJ BX CY L BB CW CK FH CJ BQ BJ EN FS BH K
94
B B
G G
I I
L L
M M
P P
R R
T T
U U
Y Y
AB AB
AC V
AE X
AF AF
AG AG
AH AH
AM AM
AN AN
AS AS
AU FR GK
AW AW
AX AX
BA BA
BB BB
BE BE
BF BF
BG BG
BJ BJ
BL BL
BO BO
BQ BQ
BX BX
BY BY
CA GD
CB CB
CE CE
CF CF
CJ BR CJ
CK CK
CM CM
CO BI
CQ CQ
CT CT
CW CW
CY CY
DB DB
DC DC
DG DG
DH DH
DI DI DK
DP DP
DR DR
DS DS
DV DV
DX DX
DZ DZ
EA EA
EC EC
ED ED
EG EG
EH EH
EJ EJ
EK EK
EL EL
EM EM
EN EN
EO EO
EQ EQ
EU EU
EV EV
EZ EZ
FD FD
FE FE
FG FG
FH FH
FI FI
FJ BP FJ
FM FM
FO FO
FP FP
FS FS
FU FU
FV FV
FX FX
FZ FZ
GC GC
GE GE
GF GF
GG GG
GI GI
GJ GJ
GL GL
GO Z AJ GO
GR GR
