89 59 21 86 29 187 12 25 33 11 109 48 119 70 114 100 97 95 161 58 148 13 82 147 118 1 127 128 73 79 36 12 101 78 41 38 85 146 102 135 5 172 130 107 31 64 18 121 190 70 4 127 80 149 132 195 144 49 194 51 156 96 32 178 155 56 86 94 41 37 99 79 193 183 69 89
68
1 1
4 4
5 5
11 11 83
12 12
13 13
18 18
21 197 21 188
25 25
29 29
31 6 31
32 32
33 33
36 36
37 37
38 81 38
41 41
48 48 9
49 111 140 49
51 51 189
56 56
58 58
59 124 59 75
64 64
69 69
70 3 136 192 70
73 73
78 78 27
79 79
80 80
82 191 65 82
85 85
86 86 173
94 94 151
95 98
96 96
97 97
99 99 44
100 100 199
101 101 169
102 122 102 61
107 107
109 109 112
114 125 114
118 118
119 179
121 121
127 127 88
128 128 23
130 130
132 132
135 135
144 160 144
146 146
147 147
148 148
149 149 39
155 155
156 156
161 16
172 172
178 178
183 183
187 187
190 190
193 193
194 194 133 141
195 195
