fmdhlepsteinstdnkill epsteindlsfdntmkillh nkilltdhlmdepsteinsf hepsteinsddnfkillmlt ddtmkillepsteinflsnh fddsepsteinhnlkilltm msfltdkillnepsteinhd fmsepsteindntldhkill tlmsdhdnkillfepstein epsteinmhndfkilltdls hsdlepsteinmnkilldft hsndepsteindlmtkillf lndsdkilltmepsteinhf dmepsteinfnhltkillsd epsteinkillmsftnddlh dnkillepsteinlshdtfm mftkillepsteinndlhsd tmsdnfdlkillhepstein lhepsteinkilldtnmfsd lmhdtfdepsteinnkills ndkillftdsmepsteinlh tdfepsteinnlhdkillsm dfkilllmtepsteinhdsn nfdhkilllsmtepsteind sldnhepsteindftkillm nhkillepsteindmdlsft nepsteinlmdkilldhfts epsteinkillnmsdhtdlf fkillepsteinmldnhstd depsteinnlsfmhtkilld nmlfshtdkillepsteind ddepsteinhltfkillsmn nhmkilllsftepsteindd fmdhlepsteinstdnkill epsteindlsfdntmkillh dnkillepsteinlshdtfm killepsteinlhtfdsmdn epsteinlshkilldnfdmt killnfsdhltmepsteind fdshnmkillepsteinltd killnsfmhdepsteindtl tmlepsteinsdnfkillhd hmfnddkillepsteinslt ntlepsteindmfdshkill dfdkillepsteinslmhnt dlnsthfmepsteinkilld epsteindfhlmdnskillt hnfdtmlepsteinkillds nltdmsfepsteinkilldh fkillepsteindlhdnsmt stepsteinhkillfmnldd tlsfdmdepsteinnhkill fhndskillepsteintldm killdmnsfhldepsteint flepsteindndhmtkills epsteinlshkilldnfdmt killmlepsteindthnfsd fepsteinhsntddkilllm ddlmnftepsteinhskill killdmnsfhldepsteint epsteintdkilllnfdhms fshtdepsteinmldnkill epsteinskilldlndhmtf lthfkilldnsmepsteind hepsteinsddnfkillmlt ddtmkillepsteinflsnh fddsepsteinhnlkilltm tepsteinddfnlkillhms nfmdkillhdlepsteinst hdepsteinskillldtnfm hnfdtmlepsteinkillds nhslfmepsteindtkilld hsdfepsteintlnkilldm nhslfmepsteindtkilld epsteindlsfdntmkillh fmdhlepsteinstdnkill
46
msfltdkillnepsteinhd msfltdkillnepsteinhd
lhepsteinkilldtnmfsd lhepsteinkilldtnmfsd
flepsteindndhmtkills flepsteindndhmtkills
hepsteinsddnfkillmlt hepsteinsddnfkillmlt
fhndskillepsteintldm fhndskillepsteintldm
nepsteinlmdkilldhfts nepsteinlmdkilldhfts
ndkillftdsmepsteinlh ndkillftdsmepsteinlh
ddtmkillepsteinflsnh ddtmkillepsteinflsnh
nltdmsfepsteinkilldh nltdmsfepsteinkilldh
lndsdkilltmepsteinhf lndsdkilltmepsteinhf
killmlepsteindthnfsd killmlepsteindthnfsd
ntlepsteindmfdshkill ntlepsteindmfdshkill
dmepsteinfnhltkillsd dmepsteinfnhltkillsd
tmlepsteinsdnfkillhd tmlepsteinsdnfkillhd
epsteinmhndfkilltdls epsteinmhndfkilltdls
hdepsteinskillldtnfm hdepsteinskillldtnfm
fmsepsteindntldhkill fmsepsteindntldhkill
mftkillepsteinndlhsd mftkillepsteinndlhsd
fshtdepsteinmldnkill fshtdepsteinmldnkill dhepsteindsnlkillfmt
epsteindlsfdntmkillh epsteindlsfdntmkillh
epsteindfhlmdnskillt epsteindfhlmdnskillt
killdmnsfhldepsteint killdmnsfhldepsteint
depsteinnlsfmhtkilld depsteinnlsfmhtkilld
tlmsdhdnkillfepstein lsdepsteinfmkillndth tlmsdhdnkillfepstein
dfkilllmtepsteinhdsn dfkilllmtepsteinhdsn
epsteinskilldlndhmtf epsteinskilldlndhmtf
nfdhkilllsmtepsteind nfdhkilllsmtepsteind
dfdkillepsteinslmhnt lnsmkilltfdepsteindh
nkilltdhlmdepsteinsf nkilltdhlmdepsteinsf
hsndepsteindlmtkillf hsndepsteindlmtkillf
epsteinlshkilldnfdmt epsteinlshkilldnfdmt
dnkillepsteinlshdtfm dnkillepsteinlshdtfm
lmhdtfdepsteinnkills lmhdtfdepsteinnkills
fdshnmkillepsteinltd fdshnmkillepsteinltd
killnsfmhdepsteindtl killnsfmhdepsteindtl
tlsfdmdepsteinnhkill tlsfdmdepsteinnhkill
epsteinkillmsftnddlh epsteinkillmsftnddlh
stepsteinhkillfmnldd stepsteinhkillfmnldd
hnfdtmlepsteinkillds hnfdtmlepsteinkillds
fepsteinhsntddkilllm fepsteinhsntddkilllm
killepsteinlhtfdsmdn killepsteinlhtfdsmdn dhkilllsepsteinmntdf
epsteintdkilllnfdhms epsteintdkilllnfdhms
hsdfepsteintlnkilldm hsdfepsteintlnkilldm
dlnsthfmepsteinkilld dlnsthfmepsteinkilld
ddlmnftepsteinhskill ddlmnftepsteinhskill hnsdkilllftdmepstein
nhmkilllsftepsteindd nhmkilllsftepsteindd
