dldkilltnmhfepsteins lmkillepsteintsndfhd lhsntdepsteindkillmf tepsteinkilldflhnmsd ddkillnftsmhepsteinl tepsteinhsdkillmldfn sldhnfmtdkillepstein fhdmnepsteindkillslt fmtnkilldepsteindhsl killtdslhfdepsteinnm dtsmdnlhfepsteinkill mkillthfdlnepsteinds skillthlfndepsteindm fsepsteindkillhmtdln dhkillldsepsteintnmf mkilldlshdtfepsteinn epsteinhnkillsldfdmt nmdhepsteinkilltfsld tndskilldfepsteinmhl mdkillntepsteindfhsl msepsteintlhnfkilldd ldepsteinhmfnkillsdt mdkillnlsdtepsteinhf nftmskilldldepsteinh fthlkillnepsteindsdm killmdshdtnflepstein sndldftmkillepsteinh nepsteindhkillltmsfd hdmndfepsteinstkilll lkillepsteintdshmfnd mdkilllfdnstepsteinh fkillepsteinndmdlhts nepsteinfthdldmkills killfsdndhtmepsteinl hnsepsteinmkillfddtl hnskillepsteintfdmld nsepsteinfmdkillhldt lkillfthdsepsteindnm dmldfhskillntepstein mfndlsdepsteinhkillt ldepsteindhkilltsmfn dfdepsteintlnskillhm epsteinshlkilldmnfdt dkillnmhldstfepstein fsepsteindkillhmtdln dhkillldsepsteintnmf epsteinfsltkillnhddm killmfndshdtepsteinl depsteinslkillhdftmn killthsepsteindmlfdn dnldkillhmfstepstein dmtlsfhnkilldepstein hnddkilltslmfepstein sepsteindhmnltkillfd killhtdmdlnsfepstein ltfnsdhepsteinkilldm killtepsteinddhlmnsf hnddkilltslmfepstein dmtlsfhnkilldepstein dhmkillfdltnsepstein mhdskillldftnepstein killtdslhfdepsteinnm dkillldfepsteintsmnh hmndfkillslepsteintd epsteindmshtfldnkill hsepsteinfkillnmddtl killshdlmftnepsteind tldkillhsfnmepsteind depsteinlfnmkilldsht tsmdepsteinkillhfdln lkilldtnmsepsteindfh smtepsteinkilldfnhdl epsteinfthkilldnslmd ntmdhepsteinsdkillfl dfkilllepsteinsnmhtd sdndhepsteinltkillfm dkillfepsteinnhdmtls depsteinlfnmkilldsht tldkillhsfnmepsteind depsteinftndhmkillsl epsteindkilltlmnhsfd hkilllepsteinnstfddm lsmftnepsteinkillhdd dflstmkillepsteindhn killdepsteinmfltdshn tsdnhkilllmepsteindf tdfkillslepsteinhdmn sldhnfmtdkillepstein epsteinldtnfmshdkill lepsteindsmnhftdkill dhsepsteintlkillmfnd epsteinhdkillltsmfdn mkilldlshdtfepsteinn nfltdmkillsdepsteinh hepsteinntdkillsdmfl lmkillepsteintsndfhd ndshkilldmlepsteinft dftkillhmldnepsteins mndtkillepsteindlfhs ldfsmnepsteinkilltdh dkillldfepsteintsmnh killtdslhfdepsteinnm slepsteinkillfmddhtn depsteinlfnmkilldsht lhepsteintndkilldsmf hfskilldepsteinmndlt dhtepsteinkillsdflmn hdntepsteinkilllsdfm mhkillepsteinddlfsnt fhnmkillepsteinsdltd depsteinftndhmkillsl mltdhfdepsteinkillsn sdlhfnmdepsteintkill dsftepsteindhkillmnl mfndlsdepsteinhkillt fdmtdepsteinkilllsnh mdkilllfdnstepsteinh fkillepsteinndmdlhts dtsmdnlhfepsteinkill epsteinsnmflhtdkilld epsteintfhndkilllmsd tdkillepsteinsmhdfnl sdndhepsteinltkillfm killmdshdtnflepstein dlfdkilltepsteinhnms msddkilllthepsteinfn dldkilltnmhfepsteins
86
tdfkillslepsteinhdmn tdfkillslepsteinhdmn
hnskillepsteintfdmld hnskillepsteintfdmld
nfltdmkillsdepsteinh nfltdmkillsdepsteinh
lsmftnepsteinkillhdd lsmftnepsteinkillhdd
epsteinhnkillsldfdmt epsteinhnkillsldfdmt
killmdshdtnflepstein fdskillndtmepsteinlh
mdkillntepsteindfhsl mdkillntepsteindfhsl
tsmdepsteinkillhfdln tsmdepsteinkillhfdln killfthnmsdlepsteind
tdkillepsteinsmhdfnl tdkillepsteinsmhdfnl
killtdslhfdepsteinnm shfnmltepsteindkilld killtdslhfdepsteinnm
depsteinftndhmkillsl hepsteinnfdmlsdtkill depsteinftndhmkillsl
msepsteintlhnfkilldd msepsteintlhnfkilldd
lmkillepsteintsndfhd lmkillepsteintsndfhd
fhdmnepsteindkillslt fhdmnepsteindkillslt
ndshkilldmlepsteinft ndshkilldmlepsteinft
nmdhepsteinkilltfsld nmdhepsteinkilltfsld
ntmdhepsteinsdkillfl ntmdhepsteinsdkillfl
fthlkillnepsteindsdm lepsteindnhstfdmkill thnkillmddsepsteinfl
slepsteinkillfmddhtn slepsteinkillfmddhtn
killmfndshdtepsteinl killmfndshdtepsteinl
dhkillldsepsteintnmf killtdmsdfhnepsteinl
dhsepsteintlkillmfnd dhsepsteintlkillmfnd
msddkilllthepsteinfn msddkilllthepsteinfn
tldkillhsfnmepsteind tldkillhsfnmepsteind
sdlhfnmdepsteintkill sdlhfnmdepsteintkill
nftmskilldldepsteinh nftmskilldldepsteinh
skillthlfndepsteindm skillthlfndepsteindm
epsteinfthkilldnslmd epsteinfthkilldnslmd
epsteindmshtfldnkill epsteindmshtfldnkill
sndldftmkillepsteinh sndldftmkillepsteinh
killdepsteinmfltdshn killdepsteinmfltdshn
dkillnmhldstfepstein dkillnmhldstfepstein skillmfepsteinthddnl
killhtdmdlnsfepstein killhtdmdlnsfepstein hmdkilllnepsteinfsdt
fsepsteindkillhmtdln killhdfnsepsteinmltd fsepsteindkillhmtdln epsteinlmkillfshnddt
mndtkillepsteindlfhs mndtkillepsteindlfhs
hsepsteinfkillnmddtl hsepsteinfkillnmddtl
epsteintfhndkilllmsd epsteintfhndkilllmsd
ltfnsdhepsteinkilldm ltfnsdhepsteinkilldm tepsteinmdfldhnskill
fmtnkilldepsteindhsl mkillldnhepsteinstfd fmtnkilldepsteindhsl
epsteindkilltlmnhsfd epsteindkilltlmnhsfd
mkillthfdlnepsteinds mkillthfdlnepsteinds
epsteinfsltkillnhddm fmltddhnepsteinskill
hfskilldepsteinmndlt fddsmepsteintnkillhl
sldhnfmtdkillepstein sldhnfmtdkillepstein
mkilldlshdtfepsteinn mkilldlshdtfepsteinn
lkilldtnmsepsteindfh lkilldtnmsepsteindfh
ldepsteindhkilltsmfn ldepsteindhkilltsmfn
epsteinsnmflhtdkilld epsteinsnmflhtdkilld
dnldkillhmfstepstein dnldkillhmfstepstein
hnsepsteinmkillfddtl hnsepsteinmkillfddtl
lhepsteintndkilldsmf lhepsteintndkilldsmf
nepsteindhkillltmsfd nepsteindhkillltmsfd
sdndhepsteinltkillfm sdndhepsteinltkillfm
fhnmkillepsteinsdltd fhnmkillepsteinsdltd
dfkilllepsteinsnmhtd dfkilllepsteinsnmhtd
nepsteinfthdldmkills killdldepsteinmfsthn
tndskilldfepsteinmhl tndskilldfepsteinmhl dkillnmsfhtlepsteind
killtepsteinddhlmnsf killtepsteinddhlmnsf
dlfdkilltepsteinhnms dlfdkilltepsteinhnms
mdkillnlsdtepsteinhf mdkillnlsdtepsteinhf
epsteinldtnfmshdkill epsteinldtnfmshdkill
dkillldfepsteintsmnh dlshdtepsteinnkillfm
epsteinhdkillltsmfdn epsteinhdkillltsmfdn
dtsmdnlhfepsteinkill dtsmdnlhfepsteinkill
dhtepsteinkillsdflmn dhtepsteinkillsdflmn
dmldfhskillntepstein dmldfhskillntepstein
dflstmkillepsteindhn dflstmkillepsteindhn
hmndfkillslepsteintd hmndfkillslepsteintd
hnddkilltslmfepstein lepsteinkilldhfmstnd thdlskillnfdmepstein
tsdnhkilllmepsteindf tsdnhkilllmepsteindf
lhsntdepsteindkillmf lhsntdepsteindkillmf
dmtlsfhnkilldepstein dmtlsfhnkilldepstein
ldfsmnepsteinkilltdh ldfsmnepsteinkilltdh
dhmkillfdltnsepstein dhmkillfdltnsepstein
mhkillepsteinddlfsnt mhkillepsteinddlfsnt
lkillepsteintdshmfnd lkillepsteintdshmfnd
depsteinlfnmkilldsht depsteinlfnmkilldsht
fdmtdepsteinkilllsnh fdmtdepsteinkilllsnh
depsteinslkillhdftmn depsteinslkillhdftmn
dfdepsteintlnskillhm dfdepsteintlnskillhm
mdkilllfdnstepsteinh mdkilllfdnstepsteinh
hepsteinntdkillsdmfl hepsteinntdkillsdmfl depsteintkilllnmsfdh
lkillfthdsepsteindnm ndkillthdepsteinlsmf dtnkillsepsteinmdfhl
mhdskillldftnepstein mhdskillldftnepstein
killthsepsteindmlfdn killthsepsteindmlfdn
tepsteinhsdkillmldfn tepsteinhsdkillmldfn
