tepsteinfdkilldlmhns killepsteintdldshfnm dtepsteindnhmskillfl fnmhskilldepsteinltd msnepsteinfkillhtdld snldmtkillfepsteindh dhlepsteindkillsmtnf lepsteinfdkillsdnmht nfdhepsteinltsdmkill epsteinthsdmndkillfl nkillsdtdhfmlepstein hfskillnepsteinldtdm hepsteinnfstkilllmdd ldnmepsteinhfstdkill ndlepsteinhdtskillfm thsfnmkilldlepsteind tskillepsteinhfmddnl dnhdskillepsteinmltf ndlmhepsteintdskillf htskillepsteindnlfdm slepsteinftndkillmdh thmepsteinlkillfsndd mfskillnhlddtepstein fnlskillhtepsteindmd hdepsteinsmdtnflkill tepsteinfdkilldlmhns
21
ndlmhepsteintdskillf ndlmhepsteintdskillf tmhsnfepsteinldkilld
nfdhepsteinltsdmkill nfdhepsteinltsdmkill
ldnmepsteinhfstdkill skilldnmlhdftepstein hldmepsteindsnkilltf
lepsteinfdkillsdnmht lepsteinfdkillsdnmht
mfskillnhlddtepstein epsteindsmnlfdtkillh
hepsteinnfstkilllmdd hepsteinnfstkilllmdd
dhlepsteindkillsmtnf dhlepsteindkillsmtnf
nkillsdtdhfmlepstein nkillsdtdhfmlepstein
msnepsteinfkillhtdld hkillmepsteinstdfdnl msnepsteinfkillhtdld
fnlskillhtepsteindmd fnlskillhtepsteindmd
tskillepsteinhfmddnl tskillepsteinhfmddnl
killepsteintdldshfnm killepsteintdldshfnm nlhtdsdepsteinfmkill
epsteinthsdmndkillfl epsteinthsdmndkillfl
hdepsteinsmdtnflkill hdepsteinsmdtnflkill
hfskillnepsteinldtdm killnfhdsdltepsteinm
fnmhskilldepsteinltd fnmhskilldepsteinltd
ndlepsteinhdtskillfm ndlepsteinhdtskillfm
snldmtkillfepsteindh snldmtkillfepsteindh
htskillepsteindnlfdm htskillepsteindnlfdm
thmepsteinlkillfsndd thmepsteinlkillfsndd
slepsteinftndkillmdh epsteinsdfmhltkillnd
