149 000 001 002 013 024 025 024 031 044 036 037 038 037 038 028 027 035 025 024 015 024 013 002 001 000 149 060 062 054 063 079 078 077 076 075 074 085 073 072 063 090 099 096 097 092 091 090 063 072 084 072 063 054 062 060 149 100 101 102 101 100 107 116 117 126 122 121 125 140 125 121 122 126 117 116 107 100 149 060 062 070 071 070 069 067 070 062 060 149
26
015 006
025 026
031 031
037 037
038 048
054 050 053 054 056 059 066
060 060
063 064 065
067 067
069 069
071 068
074 086 089
076 080 081
078 078 083
079 079
084 088
085 085
091 091
096 096
097 097
100 111
102 103 104
117 115
121 123
126 126
140 142
