BatonRouge Bellevue Anchorage Berkeley Atlanta Allentown Albuquerque Boston BoiseCity Aberdeen Akron Augusta Aurora Burbank AtlanticCity Buffalo Bloomington AnnArbor Birmingham Bryan Abilene Cambridge Bradenton Bellevue BatonRouge
20
Aberdeen Aberdeen Amarillo
Abilene Abilene
Albuquerque Albuquerque Boulder
Allentown Arvada Beaumont
Anchorage Anchorage
AnnArbor AnnArbor
Atlanta Atlanta
AtlanticCity AtlanticCity
Augusta Albany Barnstable Bethlehem
Aurora Aurora
BatonRouge BatonRouge
Berkeley Berkeley
Birmingham Birmingham
BoiseCity BoiseCity
Boston Boston
Bradenton Bradenton
Bryan Bryan
Buffalo Buffalo
Burbank Burbank
Cambridge Cambridge
