CorpusChristi CedarRapids Denton Chicago Bridgeport BonitaSprings Dallas Durham Asheville Beaumont ElPaso Akron DalyCity Elkhart Champaign Anaheim CathedralCity Bremerton ColoradoSprings Clearwater Albuquerque Columbus Chandler AppleValley Danbury BoiseCity CapeCoral Cincinnati Amarillo Boise Chattanooga Abilene Bryan Canton Columbia Brownsville Asheville Austin Bloomington Buffalo Anchorage Davenport Anchorage CorpusChristi
39
Akron Akron
Albuquerque Albuquerque
Amarillo Amarillo
Anaheim Anaheim
Anchorage BelAir Deltona
AppleValley AppleValley
Asheville Asheville
Austin Austin
Beaumont Beaumont
Bloomington Bloomington
BoiseCity BoiseCity
BonitaSprings BonitaSprings
Bremerton Bremerton
Bridgeport Bridgeport
Brownsville Brownsville
Bryan Bryan
Buffalo Arvada Carrollton Elizabeth
Canton Canton Charleston
CapeCoral CapeCoral
CathedralCity CathedralCity
CedarRapids Alexandria Denver
Champaign Champaign
Chandler Chandler
Chattanooga Augusta Chattanooga Escondido
Chicago Appleton Chicago
Cincinnati Cincinnati
Clearwater Boulder Clearwater
ColoradoSprings ColoradoSprings
Columbia Columbia
Columbus Columbus
CorpusChristi CorpusChristi Downey ElMonte
Dallas Dallas
DalyCity DalyCity
Danbury Danbury
Davenport Davenport
Denton Denton
Durham Durham
ElPaso ElPaso
Elkhart Elkhart
