FortCollins Knoxville Hemet ElPaso CollegeStation GardenGrove Carrollton Hampton Aberdeen Marysville Jefferson Dallas Bradenton Barnstable Gilbert Houston Fresno Kalamazoo Anchorage Lancaster Fairfield Lorain Austin Irvine Harrisburg Fontana GulfportBiloxi Leominster Indianapolis Eugene BoiseCity Bremerton Allentown Corona CedarRapids Albany Garland GrandRapids Houston DalyCity CapeCoral Baltimore AnnArbor Bakersfield AtlanticCity Jacksonville Carrollton Alexandria Amarillo Detroit Brighton LittleRock Greensboro Abilene Appleton Fayetteville Brownsville DesMoines Bloomington Layton Kennewick Anaheim Arlington Fremont Brighton Lacey Irving Denton Augusta BatonRouge Burbank McAllen Chicago Clearwater Evansville Danbury ElMonte Berkeley FortWorth Canton CollegeStation Lakeland Bellevue Independence Arlington Harlingen FortCollins
70
Aberdeen Aberdeen
Abilene Abilene
Alexandria Alexandria
Allentown Allentown
Amarillo Amarillo
Anaheim Anaheim
Anchorage Anchorage
AnnArbor AnnArbor
Appleton Appleton
Augusta Augusta
Austin Austin Cleveland
Bakersfield Bakersfield
Baltimore Baltimore BonitaSprings
Barnstable Barnstable Louisville
Bellevue Bellevue
Berkeley Berkeley
Bloomington ColoradoSprings
BoiseCity BoiseCity
Bradenton Bradenton
Bremerton Bremerton Henderson
Brighton Brighton
Brownsville Brownsville
Burbank Burbank
Canton DavidsonCounty
CapeCoral CapeCoral
Carrollton Carrollton Frederick
CedarRapids CedarRapids
Chicago Chicago
CollegeStation Boise CollegeStation
Corona AppleValley
Dallas Dallas
DalyCity DalyCity
Danbury Danbury
Denton Grayslake
DesMoines Chandler DesMoines Inglewood
Detroit Detroit
ElMonte ElMonte
ElPaso ElPaso
Eugene Eugene
Evansville Evansville
Fairfield Fairfield Joliet LasCruces
Fayetteville Fayetteville
Fontana Fontana
FortCollins Akron Champaign Elizabeth Elkhart FortCollins Hollywood
Fremont Fremont
Fresno Fresno
Garland Garland
Gilbert Gilbert
GrandRapids GrandRapids
Hampton Hampton Lafayette Lakewood
Harlingen Harlingen
Harrisburg Harrisburg
Hemet Hemet
Houston Beaumont Bethlehem Houston
Independence Independence
Indianapolis Indianapolis
Irvine Irvine
Irving Cary Irving
Jacksonville Jacksonville
Jefferson Jefferson
Kalamazoo Kalamazoo
Kennewick Kennewick
Knoxville Knoxville
Lacey Lacey
Lakeland Lakeland
Lancaster Lancaster Lubbock
Layton Denver Layton
Leominster Albuquerque Arvada Atlanta Erie Fargo FortWaltonBeach Hickory Leominster Manchester
LittleRock LittleRock
Lorain Lorain
