152 75 62 169 36 171 66 180 130 94 173 24 150 91 150 24 173 94 13 38 6 144 35 95 184 50 183 51 154 78 123 78 183 24 143 86 49 37 112 31 9 81 166 64 179 184 7 14 85 61 45 58 129 115 59 53 82 69 41 133 116 147 84 56 161 4 113 5 182 12 94 105 140 169 134 165 51 154 0 62 145 60 89 160 157 168 111 185 183 50 119 101 139 79 97 27 152
61
0 0
5 5
9 9
12 12
13 13 42
27 27
31 31
35 35
36 142 28 87
37 37
38 38
41 41 73 92 149
45 45
50 50 153
51 172 51
53 53
56 56
58 58
60 60
62 121
66 66
69 126
75 75
78 78
79 79
81 81
82 181
85 85 96
89 89
91 163
94 94
95 95
97 97
101 101
105 105
111 111
112 112
113 113
115 54
116 116
123 170
129 136 8
130 130
133 90
134 134
139 139 65
143 143 151
144 144
145 145
154 2
157 157
160 175
165 165
166 166
168 168
169 169
171 171
180 180
182 182
183 183
184 184
