location12 location84 location22 location89 location63 location29 location5 location82 location85 location31 location52 location14 location98 location54 location25 location47 location94 location72 location65 location74 location60 location1 location26 location67 location51 location13 location36 location72 location32 location72 location0 location77 location11 location17 location79 location16 location65 location28 location95 location25 location15 location49 location91 location57 location8 location19 location84 location12
29
location0 location0
location1 location1
location5 location5
location8 location24
location11 location11
location12 location12
location13 location13
location14 location14
location16 location16
location19 location19
location26 location26
location28 location28
location31 location31
location32 location86 location87
location36 location36
location47 location71 location27 location35
location49 location49
location51 location51
location54 location54
location57 location57
location60 location60
location63 location63
location67 location67
location72 location72
location74 location74
location77 location77
location79 location79
location89 location89
location94 location94
