location34 location59 location32 location109 location144 location45 location28 location177 location158 location39 location34 location192 location23 location61 location149 location156 location107 location5 location181 location151 location143 location159 location135 location55 location174 location163 location142 location177 location2 location46 location128 location188 location12 location25 location79 location119 location120 location142 location88 location15 location104 location128 location155 location189 location121 location123 location95 location92 location139 location146 location132 location71 location184 location157 location97 location194 location199 location134 location81 location17 location6 location61 location117 location177 location28 location20 location92 location170 location188 location24 location175 location99 location123 location115 location98 location59 location89 location79 location100 location103 location116 location161 location122 location64 location79 location33 location113 location116 location167 location188 location172 location126 location21 location176 location165 location40 location165 location151 location104 location76 location111 location52 location182 location136 location72 location68 location187 location59 location34
75
location2 location90 location2
location6 location6
location12 location37 location12 location38
location15 location15
location17 location17
location21 location21
location23 location23 location27
location24 location24
location25 location91
location28 location28
location34 location34
location39 location39
location40 location197
location45 location45
location46 location46
location52 location52
location55 location55
location59 location59
location64 location64
location68 location68
location71 location71
location72 location72
location76 location76
location79 location9 location96 location79 location180
location88 location88
location89 location89 location3
location92 location92 location60 location114
location95 location131
location98 location98
location99 location99
location103 location103
location104 location130
location107 location107
location109 location109
location111 location111
location113 location0
location115 location115
location116 location86
location117 location117
location119 location119
location120 location120
location121 location121
location122 location122
location123 location140
location132 location132
location134 location134
location135 location135
location136 location136
location139 location139
location142 location142
location143 location143
location144 location144
location149 location149
location151 location151
location155 location155 location162 location125
location157 location157
location158 location158
location159 location159
location161 location161
location163 location163
location165 location164
location167 location167
location170 location170
location172 location47 location172
location174 location137 location174
location175 location175 location105
location176 location176
location177 location177 location54
location181 location181
location187 location187
location188 location188
location189 location189
location192 location192
location194 location194
location199 location11 location199
