4HOMU 61QWU TI35I RAAD4 Q7FCL 45JXE DOLRQ UDYJK C8O6I 7U3JG 53Y1R FMCVK O9J47 ZRPB5 69BJO BE5V8 1F0YL TORQI FCYPJ 945CN ZZH8Z Q5DAA KC9RF IZESQ ZN2EP NPDI9 M1HJR UX00P EDSMH WI88U P419D XEEQB LKP22 LLTLN PXCIN L2PQE AT3CI SHOOM 50J5H 1RS2N UW44H TI35I EJSFK 6ACGE 0U9HU KOYRV Z22CS KOYRV PTADN Q7FCL W2M5C 4WDJE IF7TL SYV5N DTPF4 WXZHF CM5WA 53Y1R 6OA3K FC0PR WBT4L 6WOBI SKPO7 YJ67U 4HSLO YJ67U OIPRN CFGE5 K50JQ 0VPRW KN0CP LKP22 MC71K BVMDZ 52MNN SA6G0 A1QRL HZHRA RU85S H1LTE HWKGJ FRZVP TBPBM M0J6A UW44H ELH5L X180A PYPSO T9O11 2C63O B3Y9E 2BUI5 C7WKJ LIRLU JXLE1 4HOMU
82
L2PQE L2PQE LEBVZ TCC7B
945CN 945CN
2C63O 2C63O
SYV5N SYV5N
RU85S RU85S
KOYRV KOYRV
XEEQB XEEQB
KC9RF KC9RF
ZN2EP ZN2EP
45JXE 45JXE
UW44H UW44H
M1HJR M1HJR ZHSBU
LIRLU LIRLU
1F0YL 1F0YL
DOLRQ DOLRQ
50J5H 50J5H
CFGE5 CFGE5
Q7FCL Q7FCL
0VPRW 0VPRW
SHOOM SHOOM
HWKGJ HWKGJ
6ACGE 6ACGE
DTPF4 DTPF4
7U3JG 7U3JG
BE5V8 BE5V8
W2M5C W2M5C
SA6G0 SA6G0
WI88U WI88U
TORQI L2GJ5 TORQI
RAAD4 RAAD4
FRZVP FRZVP
HZHRA HZHRA
53Y1R 53Y1R
TI35I TI35I
WBT4L 7GA8O
O9J47 PMFJ2
M0J6A Y61KP
C7WKJ C7WKJ
P419D P419D
NPDI9 NPDI9
ZZH8Z WP2MA ZZH8Z
IF7TL IF7TL
PXCIN PXCIN
K50JQ K50JQ
JXLE1 JXLE1
H1LTE H1LTE OLLV9
PTADN PTADN
UX00P V22SY
Z22CS 8CLEZ
IZESQ IZESQ
2BUI5 2BUI5
1RS2N 1RS2N
0U9HU 0U9HU
4WDJE 4WDJE
Q5DAA 0D2BR 3AIXW WZB33 Q5DAA
FCYPJ FCYPJ
PYPSO DCHO3 8EXDQ PYPSO
CM5WA CM5WA
6WOBI 6WOBI
AT3CI 768ZF AT3CI VHCFR
SKPO7 SKPO7
ZRPB5 ZRPB5
T9O11 T9O11
61QWU TY0L7 61QWU
69BJO 69BJO
ELH5L ELH5L
52MNN 52MNN
X180A DDXG0 X180A
WXZHF WXZHF
OIPRN OIPRN
MC71K MC71K
BVMDZ C45HH BVMDZ
6OA3K 6OA3K
FC0PR FC0PR
C8O6I C8O6I
LLTLN LLTLN
A1QRL A1QRL
YJ67U YJ67U
TBPBM TBPBM
LKP22 LKP22
EDSMH EDSMH
FMCVK 9WSXC W2H22 V8GEC
