WNYCV WH9QK HHCET XBRKQ BO3AW 9HVLF GAXPM CHXFM URMBF 1UWW5 XRQ65 EQWAL 4ZK1T 2FT0Z HR8IA CHXFM RFDQ4 OE5TB QTZLJ LK2JB XD7IR 1ACIU B8UZ8 KR27P EYREL PQ40E 91RFG TG5ZG X2AM4 BC3W4 KB443 H8ZPW ULCTZ 7CXN0 XPFOM WH9QK XPFOM CUG55 BMC9X ZA57Z 1BUOS V11OW 5I6U4 2KYXC 77EY5 KRLTG 1NBGE XDKMD 18R1B 2CPYE F07YB QSI1X K1ZSD WNYCV
45
XRQ65 XRQ65
OE5TB OE5TB
91RFG 91RFG
KB443 KB443 YMTTJ
XPFOM XPFOM
1BUOS 1BUOS
X2AM4 X2AM4
BO3AW BO3AW
18R1B 18R1B
KR27P 42QVU
HR8IA HR8IA
ULCTZ ULCTZ
1NBGE 1NBGE
PQ40E F5YBY
CUG55 CUG55
WNYCV XTUSM UGOIO UUOP5
HHCET HHCET
7CXN0 7CXN0
EQWAL EQWAL
1ACIU 1ACIU
TG5ZG TG5ZG
QSI1X QSI1X
QTZLJ QTZLJ
77EY5 77EY5
5I6U4 5I6U4
ZA57Z ZA57Z
2FT0Z 2FT0Z
GAXPM GAXPM
B8UZ8 B8UZ8
XDKMD XDKMD
XD7IR XD7IR
BMC9X BMC9X
9HVLF 9HVLF
XBRKQ XBRKQ HZ80H H212X
H8ZPW H8ZPW
RFDQ4 GXYLV
V11OW V11OW
K1ZSD K1ZSD
KRLTG KRLTG
WH9QK 65TK9
URMBF URMBF
1UWW5 1UWW5
EYREL EYREL
F07YB F07YB
2KYXC 2KYXC
