cy4fm 7l0Vw 1H2uK uT5W0 Ib5xu 5rdYI 19YKC P8Fbf IjjWK qt5AA jse5F 1H2uK kbRYl NvAYI Iks3D rUUVt tao9t G6G4p 6ceXl w4BF1 7Lw2B FnVf8 EWhpw Vjg5l dU1Ub G6G4p yMPWG C565q nogr2 hOy4D 7Lw2B OFvld C565q LNh60 6ceXl NvAYI wdXpe F2nEN uWr4y Cfmbw u4uj9 lA2MC Ss744 IjjWK F2nEN Ib5xu di7h7 29Bwa zQjQm nogr2 C565q ZPM4o 3iQ53 GX9Mz 7XIxZ BoNoJ NvAYI AWuA9 NvAYI OoKEI yMPWG 8RNd8 di7h7 GHZOS FkLYM NvAYI KYsbm me1sW 8aYYW g95ez X6hJp XmtJy BoNoJ 7Lw2B DCl5F yMPWG 1H2uK P3lE7 yFKGt S6OMl C0eRL mY2cU cy4fm
47
7XIxZ 7XIxZ
NvAYI NvAYI
C565q C565q
1H2uK 1H2uK gk2cW
wdXpe wdXpe
OoKEI OoKEI
di7h7 di7h7
yMPWG yMPWG
tao9t tao9t
6ceXl 6ceXl
KYsbm KYsbm
nogr2 nogr2
19YKC Xhpv3 19YKC
yFKGt yFKGt
OFvld OFvld
8RNd8 8RNd8
8aYYW 8aYYW
7l0Vw 7l0Vw
EWhpw EWhpw
F2nEN F2nEN
IjjWK IjjWK
kbRYl kbRYl
P3lE7 P3lE7
BoNoJ BoNoJ
qt5AA qt5AA
dU1Ub dU1Ub
w4BF1 w4BF1
Iks3D Iks3D
uWr4y uWr4y
lA2MC lA2MC
hOy4D hOy4D
LNh60 LNh60
G6G4p G6G4p
DCl5F DCl5F
FnVf8 FnVf8
3iQ53 3iQ53
Vjg5l Vjg5l
uT5W0 uT5W0 vSPJ5
GHZOS GHZOS
C0eRL C0eRL
5rdYI 5rdYI
jse5F jse5F
zQjQm zQjQm
rUUVt rUUVt
P8Fbf P8Fbf
X6hJp X6hJp
Cfmbw Cfmbw
