fab8g obqW1 bD2TR n9AEE I7fCS 9ZatH fr0Bd Gt2w1 f5Qx2 G944F 5Ix1v pnHil 8tK4L Nbb6U pnHil KB016 PpZP8 ZlgGe 4Dy05 b4E7v RhMSo VIl39 4b2sA cDkiZ F7m3U 2Z0oU 4ORRk 3XMfZ g1WJz HKgVO 77EXR guI5B iy8Ty Lqz0g uQK8T HigE0 RnwlC nScgp Q0oXi TjmY2 77EXR 1SvIs TjmY2 gwQSf 1xx4U TQZik VUKiE lJJK2 l0HDP adW6k VUKiE 4GEPG wKKkJ lcarA cQMFl KWmhW 015ql bepE0 wPPZK pnHil BybTG pnHil o4F0A L54Jg VUKiE zgyDJ 0YoJb c17Qf x8KLa f5Qx2 HaHFT H6HgM BJ1iC fhc2k g1WJz 1OpM2 Gt2w1 GHmnJ Vjk2Z yM9nQ 1pNjr tcyH9 FW6DI TtUXd Bw1D7 3XMfZ 7J90B rzyrR RgC1Q lJfgZ 9u8oD bepE0 Flgse o4F0A cQMFl 0SCRq mgHYN O1QPI Lqz0g G91ym 8xyrX qchZ3 pnHil 4Dy05 B3NSd sF84c CT8M8 AGorf zgyDJ P5ucv zgyDJ DHhK9 H6HgM XDGuI 3XMfZ nRTkO 8PY0r f5Qx2 fab8g
87
H6HgM H6HgM
f5Qx2 f5Qx2
I7fCS eDWES dAx9s 3FUsL
VUKiE VUKiE
rzyrR rzyrR
cQMFl cQMFl
Gt2w1 Gt2w1
g1WJz g1WJz
RgC1Q RgC1Q
3XMfZ 3XMfZ
9ZatH 9ZatH
Lqz0g Lqz0g
bepE0 bepE0
B3NSd B3NSd
G91ym G91ym
mgHYN mgHYN
4GEPG 4GEPG
ZlgGe ZlgGe
fab8g fab8g LBzlR cm8oa BWyM2 tEdSo wiGnS ciJ7c
Flgse Flgse
yM9nQ yM9nQ
HaHFT HaHFT
F7m3U F7m3U
Bw1D7 Bw1D7
Vjk2Z Vjk2Z
o4F0A o4F0A
sF84c sF84c
nScgp nScgp
cDkiZ cDkiZ
lJJK2 lJJK2
KWmhW KWmhW
RhMSo RhMSo
BJ1iC BJ1iC
Nbb6U Nbb6U pesnn
qchZ3 qchZ3
RnwlC RnwlC
TQZik TQZik
wKKkJ wKKkJ
bD2TR bD2TR KzS0e aiycm kCdcu tQXF5
c17Qf c17Qf
uQK8T uQK8T
G944F G944F
PpZP8 PpZP8
gwQSf gwQSf
b4E7v b4E7v
iy8Ty iy8Ty
Q0oXi Q0oXi
lJfgZ lJfgZ
2Z0oU 2Z0oU
CT8M8 CT8M8
lcarA lcarA
KB016 KB016
015ql 015ql
1xx4U 1xx4U
VIl39 VIl39
1SvIs 1SvIs
fhc2k fhc2k
fr0Bd fr0Bd
8xyrX 8xyrX
adW6k adW6k
L54Jg L54Jg
HKgVO HKgVO
FW6DI FW6DI
1OpM2 1OpM2
n9AEE n9AEE
XDGuI XDGuI
AGorf AGorf
4b2sA 4b2sA
O1QPI O1QPI
4ORRk 4ORRk
0YoJb 0YoJb
TtUXd TtUXd
8tK4L 8tK4L
7J90B 7J90B
GHmnJ GHmnJ
P5ucv P5ucv
obqW1 obqW1
DHhK9 DHhK9
x8KLa x8KLa
guI5B guI5B
BybTG BybTG
1pNjr 1pNjr
l0HDP l0HDP
9u8oD 9u8oD
nRTkO nRTkO
8PY0r 8PY0r
5Ix1v 5Ix1v
