0 92 159 2 164 24 107 168 167 106 31 78 91 133 185 33 179 180 125 97 56 95 131 184 23 93 156 30 166 165 103 59 104 30 115 25 35 113 172 22 193 145 80 147 18 161 160 41 181 127 77 129 41 134 186 33 179 124 97 94 121 177 178 122 94 123 2 192 191 142 60 65 30 136 187 188 137 85 91 133 185 33 119 50 118 23 109 169 36 150 88 148 46 183 130 95 57 18 147 80 146 7 51 152 198 197 151 51 93 154 21 109 17 110 170 169 36 192 143 10 102 43 101 164 15 144 60 96 139 189 30 158 92 0
87
0 162
2 176
17 111
23 196
25 116 117 174
31 108
35 112 114 171
43 100
50 120
51 153
59 105
77 128
85 138
88 149
91 135
92 157
93 155
95 132
96 140 141 190
97 126
101 101
102 102
103 103
104 104
106 106
107 107
109 109
110 110
113 113
115 115 173
118 118 175
119 119
121 121
122 122
123 123
124 124
125 125
127 127
129 129
130 130
131 131
133 133
134 134
136 136
137 137
139 139
142 142
143 143
144 144
145 145
146 146 194
147 147
148 148 195
150 150
151 151
152 152
154 154
156 156
158 158
159 159
160 160
161 161
164 163 164
165 165
166 166
167 167
168 168
169 169
170 170
172 172
177 177
178 178
179 179
180 180
181 181 182
183 183
184 184
185 185
186 186
187 187
188 188
189 189
191 191
192 192
193 193
197 197
198 198
