0 1 4 10 22 45 91 45 22 10 4 1 0 2 5 12 25 51 25 12 5 2 0 1 4 9 19 40 81 40 19 9 4 1 0 2 5 11 24 49 24 11 5 2 0 1 3 7 16 33 68 33 16 7 3 1 0 2 6 13 28 58 28 13 6 2 0 1 3 8 17 35 72 35 17 8 3 1 0 2 5 11 23 47 96 47 23 11 5 2 0 1 3 7 15 31 63 31 15 7 3 1 0 2 6 14 30 62 30 61 124 61 30 14 6 2 0
33
8 151 152 153 154 155 156 157 158
9 167 168 169 170 171 172 173 174
10 175 176 177 178 179 180 181 182
12 107 108 109 110
13 111 112 113 114
14 119 120 121 122
15 131 132 133 134
16 139 140 141 142
17 147 148 149 150
19 159 160 161 162
22 187 188 189 190
23 195 196 197 198
24 101 102
25 105 106
28 115 116
31 129 130
33 135 136
35 143 144
40 165 166
45 185 186
47 191 192
49 100 199
51 103 104
58 117 118
61 123
62 125 126
63 127 128
68 137 138
72 145 146
81 163 164
91 183 184
96 193 194
124 124
