1 4 2 98 83 87 91 97 0 95 94 72 86 22 45 99 64 46 54 48 51 85 16 80 78 76 89 88 24 67 75 81 68 90 63 82 60 58 66 69 62 81 67 24 88 89 76 78 80 16 44 42 47 45 27 29 39 40 18 73 30 23 28 31 50 32 26 41 19 36 37 65 12 8 13 14 33 20 11 9 17 21 25 10 3 5 7 93 7 5 3 10 25 21 17 9 11 20 33 14 13 8 12 65 37 36 19 41 26 32 50 31 28 23 30 73 18 40 39 29 27 45 22 86 72 94 95 0 97 91 87 83 98 2 4 1 96 71 35 92 84 43 15 43 84 92 35 71 96 1
36
7 7
15 15
16 16
20 20
24 24
36 36
42 42
44 44
45 45
46 46
47 47
48 48
51 51
54 54
58 58
60 60
62 62
63 63
64 64
66 66
67 67
68 68
69 69
75 75
76 76
78 78
80 80
81 59 34 53 56 52 70 55 74 49 38 81 77 79 61 57
82 82
85 85
88 88
89 89
90 90
93 6
94 94
99 99
