55 70 3 6 92 25 1 5 103 102 71 13 89 83 18 63 0 107 69 110 8 32 81 4 67 12 31 1 44 75 4 72 65 98 20 25 9 32 61 31 104 112 90 16 45 94 23 77 79 37 21 96 52 93 73 108 41 15 39 100 57 3 62 29 35 51 3 37 80 36 11 5 46 48 87 55
62
3 3
4 4
6 6
9 9
11 11
12 12
13 13
15 15
16 16
18 18
20 20
21 21
23 23
25 25
29 29
31 31
32 32
35 35
36 36
37 37
39 39
41 41
44 44
45 45
46 46
48 48
51 51
52 52
55 2 7 27 34 42 49 54 55 85 99
57 57
61 61
62 62
63 63
65 65
67 67
69 69
70 58 60 70
71 71
72 72
73 73
75 75
77 77
79 79
80 80
81 81
83 83
87 87
89 89
90 90
92 92
93 93
94 94
96 96
98 98
100 100
102 102 106
103 103
104 104
107 107
108 108
110 110
112 112
