Soda Perris ChezPanisse TripleRock Bechtel Dwinelle Platano Saturn BayStreet Campanille Cory VictoryPoint Mars CREAM Davis NorthGate SouthGate Guadalajara Kips Dwinelle BerkeleyHigh Soda Gregoire Myto DKingGallery CafeTibet Sibley Chino SanDiego Tuxcacuesco Davis Cory Tako BAMPFA Dwinelle FantasticComics Cory Jupiter Whittier ElGrullo Cancun Bechtel Jalisco Irvine Venus Rasputin AlphaChi Evans Dwinelle Riverside MexicoCity Soda BerkeleyHillel Pomona Soda Tijuana Cory SanBernardino LosAngeles SantaBarbara Fontana SigmaKappa Davis ChiOmega AlphaCentauri Sacramento Soda
46
Soda InternationalHouse Upland Tang
ChiOmega ChiOmega
SigmaKappa SigmaKappa
AlphaChi AlphaChi
BerkeleyHillel BerkeleyHillel
BerkeleyHigh BerkeleyHigh
Jupiter Jupiter
Mars Mars
Venus Venus
Saturn Saturn
AlphaCentauri AlphaCentauri
Gregoire Gregoire
BayStreet BayStreet
Pomona Pomona
Perris Ashby Perris SanMiguel Talpa
Fontana Fontana
SanBernardino SanBernardino
Chino Chino
Whittier Whittier
SouthGate SouthGate
Tijuana Tijuana
SanDiego SanDiego
Jalisco Jalisco
Guadalajara Guadalajara
Tuxcacuesco Tuxcacuesco
ElGrullo ElGrullo
MexicoCity MexicoCity
Myto Myto
Kips Kips
TripleRock DeltaDelta Emeryville TripleRock
Rasputin Rasputin
CREAM CREAM
Tako Tako
Cancun Cancun
DKingGallery DKingGallery
BAMPFA BAMPFA
Platano Platano
CafeTibet CafeTibet
FantasticComics FantasticComics
SantaBarbara SantaBarbara
Sacramento Sacramento
LosAngeles LosAngeles
Irvine Irvine
Riverside Riverside
VictoryPoint VictoryPoint
ChezPanisse Compton Tuhuamixtel ChezPanisse
