Soda Doe GoldenStatePark Soda Sproul Morgan Unit1 Dwinelle Etcheverry Unit2 Mulford Haas GBC Barrows TheRoof Blackwell MemorialStadium Wellman Etcheverry Hertz MainStacks ClarkKerr Stephans Davis Etcheverry MLK LakeMerrit RSF Foothill Soda
23
Soda Unit3
Doe Doe BWW
Stephans Stephans
Haas Haas
Hertz Hertz
Barrows Barrows
RSF RSF
Sproul Sproul
GBC GBC
MLK MLK
MemorialStadium MemorialStadium
MainStacks MainStacks
Morgan Morgan
Mulford Mulford
Wellman Wellman
Unit1 Unit1
Unit2 Unit2
Blackwell Blackwell
Foothill Foothill
ClarkKerr ClarkKerr
LakeMerrit LakeMerrit
GoldenStatePark Wheeler BC GoldenStatePark
TheRoof TheRoof
