5 94 20 175 96 155 40 88 113 197 149 28 180 65 30 49 184 85 18 192 119 71 134 116 35 135 100 78 80 158 102 55 138 61 197 149 90 2 76 34 62 36 11 20 94 109 75 66 17 105 79 143 77 140 164 29 78 179 32 166 199 48 56 195 68 133 34 62 36 62 34 133 186 189 77 143 194 191 64 37 0 53 199 166 199 170 136 117 83 104 171 112 82 129 27 174 101 1 99 84 109 152 58 109 151 19 81 76 196 77 198 46 154 187 74 16 190 18 192 109 84 162 52 121 157 35 135 86 44 42 137 33 4 5
83
1 1
2 2
11 11
16 16
17 17
18 18
20 20
28 28
29 193
30 25
32 32
33 33
34 9 34
35 26 188 110
36 91
37 37 177
40 123
42 63 42 173
44 44
46 46
48 48
52 52
53 53
55 55
56 56
58 58
61 61
64 64
65 178
68 68
71 71
74 31
75 75
76 76 156
77 77
78 78
80 80
81 47 81
83 83
84 168
85 85
90 159
94 39 92
96 96
99 99
100 100
101 101
102 102
104 104
105 105
112 10
116 116
119 67 43 41
129 146
133 133
134 50
135 135
137 137
138 138 69 153 51 183
140 140
143 143
149 149
151 151
152 152
154 154
157 157
158 14 158
162 162
164 164
166 122
170 170
171 171
174 174
175 22
179 179
180 180
184 184
187 187
189 103 189
192 192
194 194
196 196
199 199
