A29 A5 A55 A83 A99 A93 A12 A16 A32 A14 A61 A55 A83 A74 A83 A99 A66 A47 A18 A81 A28 A45 A91 A4 A39 A21 A11 A38 A15 A6 A30 A26 A19 A72 A5 A29 A67 A52 A36 A75 A82 A18 A81 A28 A40 A89 A85 A12 A53 A90 A7 A2 A96 A35 A82 A18 A97 A13 A85 A3 A54 A65 A79 A5 A27 A5 A29
42
A2 A2
A3 A3
A4 A31 A51
A6 A88 A6
A7 A77 A68
A12 A59 A12
A13 A13
A14 A92 A14
A15 A15
A16 A16
A18 A18
A19 A73 A95 A69
A26 A26
A27 A27
A28 A28
A29 A29
A30 A30
A32 A32
A35 A35
A36 A36
A38 A38
A39 A39
A45 A10
A47 A47
A52 A52
A53 A53
A54 A54
A55 A55
A65 A65
A66 A66
A67 A67
A72 A72
A79 A79
A81 A34 A60
A82 A82
A85 A85
A89 A89
A90 A90
A91 A91
A96 A96
A97 A97
A99 A99
