A42 A147 A132 A98 A12 A139 A142 A197 A161 A128 A146 A31 A159 A130 A2 A35 A58 A176 A57 A157 A133 A67 A2 A35 A10 A193 A108 A45 A66 A170 A61 A180 A40 A68 A86 A90 A30 A53 A73 A172 A143 A186 A174 A162 A122 A11 A158 A17 A151 A96 A150 A70 A13 A101 A106 A149 A106 A101 A95 A177 A112 A21 A44 A120 A24 A98 A0 A173 A103 A83 A114 A72 A167 A77 A82 A194 A28 A169 A44 A166 A185 A56 A88 A13 A167 A77 A115 A179 A121 A186 A67 A136 A5 A44 A63 A30 A196 A127 A32 A195 A39 A2 A141 A2 A154 A104 A118 A91 A124 A163 A13 A101 A107 A78 A100 A184 A60 A184 A23 A15 A168 A125 A72 A167 A188 A187 A117 A50 A98 A0 A16 A137 A32 A195 A95 A169 A87 A183 A84 A43 A183 A93 A153 A71 A42
78
A0 A0
A2 A2
A5 A5
A13 A75 A13
A16 A105 A16
A17 A17
A21 A21
A23 A23
A28 A28
A30 A3 A30 A189 A46 A191
A32 A32
A35 A35
A39 A39
A40 A40
A42 A42
A43 A43
A45 A45
A57 A57 A38
A58 A58
A60 A92
A66 A126
A67 A67
A70 A70
A71 A71
A72 A72 A37
A73 A123
A77 A77
A78 A78
A82 A65 A82
A84 A84
A88 A113 A88
A90 A90
A93 A93
A95 A95
A96 A96
A98 A148 A192 A98
A100 A100
A103 A103
A106 A106 A144
A107 A107
A108 A9
A114 A114
A115 A4
A117 A117
A118 A118
A120 A120
A122 A122
A124 A124 A145
A125 A102 A181 A182
A127 A127
A128 A128
A130 A130
A132 A132
A133 A51
A136 A136
A137 A137
A139 A139
A141 A135
A142 A142
A143 A143
A149 A33
A154 A154
A159 A159
A167 A167
A168 A7 A54
A172 A172
A176 A176
A177 A177
A179 A179
A183 A183
A184 A184
A185 A185
A186 A94 A111 A34 A64
A187 A76 A187
A193 A20 A193
A194 A194
A196 A196
A197 A198
