COM MDG IDN KOR LKA BVT CAF CRI KGZ LAO LUX KHM SGS SLB ROU HRV GMB NGA FSM GIN GBR FRA ESH ECU EGY MYS ATA SDN RUS BLZ RUS PYF HMD GTM GNB KWT LTU LIE CPV HKG KAZ KNA CRI MLT PSE NRU COM MWI MDG IDN GNQ PAK HUN COD CHN SHN IDN MMR NPL PRY BIH AZE BDI BHR BOL BMU NGA GMB PCN PAN MHL CPV MLI MEX POL MYT ARM ARE ALB NFK CXR DEU CZE NIU IRN MYS DZA DOM SAU RWA DMA DJI MUS SGS NZL GLP MDA PRY PNG POL COG CHN SHN MEX MAR HND COK KOR LBN JPN CHL COL IDN HTI GUM HKG GMB NGA FSM ESP GEO GHA GIB EST NCL NIC ABW NER MTQ NER COM
84
SHN SHN
SGS LBR SGS
SDN REU SDN AFG
RWA RWA
RUS RUS
PSE PSE
PRY MOZ PRY
POL POL
PNG PNG
PAN PAN
PAK PAK
NZL NZL
NRU NRU
NPL NPL
NIU NIU
NIC IRL AUS NIC
NFK NFK JEY ALA
NER NER
MYT MYT
MWI ITA
MTQ MTQ
MMR MMR
MLI MLI
MHL MAC
MEX MEX
MDA MDA
MAR MAR
LUX LUX
LTU LTU
LKA LKA
LIE LIE
LBN LBN
LAO LAO
KWT KWT
KOR KOR
KNA KNA
KHM KHM
KAZ KAZ
JPN JPN
IRN IRN IOT
IDN IDN
HUN HUN
HTI CAN HTI
HRV HRV
HND HND GRC
HMD HMD
HKG HKG
GUM GUM
GNQ GNQ
GMB GMB
GIN GIN
GIB GIB
GHA GHA
GEO GEO
GBR GBR
FSM FSM FIN GAB
FRA FRA
ESP ESP
ESH ESH
EGY EGY
ECU ECU
DZA DZA
DMA DMA
DJI DJI
DEU CYP DEU
CXR CXR
CRI ATG
CPV CPV
COL COL
COK COK
COG COG
COD COD
CHN CHN
CAF CIV CAF
BMU BMU
BLZ BLM BEN
BIH BHS
BHR BHR
BDI BDI
AZE AZE
ARM ARM
ARE ARE
ALB ALB
ABW ABW
