DZA CYM ARE ALB AND ESP GAB GRD GUM GUY AUT ERI FIN AFG FIN FLK CAN BRB BHS BLM BES BLR BRN COD CHE BVT CAF CHN CYP CYM BGD BFA BHS BMU BDI BGR GLP GRL HKG CMR CCK COG GTM HND GEO GHA FSM ASM ATF ATA DMA DJI GIB FSM ECU FRA FRO GBR DZA
40
HND HND
HKG HKG
GUY GRC CUB
GTM HMD
GRD GRD GNQ
GLP GLP
GHA GHA
GEO GEO
GBR GBR
FSM FSM
FRO FRO
FRA FRA
FLK FLK
FIN FIN
ERI ERI
ECU ECU
DJI DJI
CYM CYM CXR CZE
COG COG
COD COD
CHE CHE
CCK CCK
CAN CAN
CAF CAF
BVT BVT
BRN BRN
BRB BRB
BLR BEN BLR
BLM BLM
BHS BHS DOM CUW AUS
BGD BGD
BFA BFA
BES BES
BDI BDI
ATF ATF
ATA ATA
ARE ARE DNK
AND AND
ALB ARG ALB
AFG ABW
