Wurster Moses Goldman Kleeberger Alabama Massachusetts Stanley Idaho Juneau McLaughlin Optometry Oregon Vermont Frank Simpson Simon Visitor Hilgard Sutardja Silver Gilman Pitzer Montgomery Florida Indianapolis North Nevada Hazardous Barrows Blackwell Anthony Observatory Parking Chan Honolulu Sather Tennessee Class Brain Hesse Raleigh Pennsylvania Maxwell California Recreational Spieker Moffitt Salem Boston Cory Wurster
50
Wurster Wurster
Barrows Barrows
Class Class
Simon Simon
Hilgard Hilgard
Hesse Hesse
Visitor Visitor
Alabama Alabama
Montgomery Montgomery
Tennessee Tennessee
Kleeberger Kleeberger
Goldman Goldman
Moses Moses
Recreational Recreational
California California
Moffitt Moffitt
Blackwell Blackwell
Boston Boston
Indianapolis Indianapolis
Salem Salem
Brain Brain
Massachusetts Massachusetts
Spieker Spieker
Honolulu Honolulu
Maxwell Maxwell
Optometry Optometry
Raleigh Raleigh
Juneau Juneau
Observatory Observatory
Pennsylvania Pennsylvania
Parking Parking
Vermont Vermont
McLaughlin McLaughlin
Frank Frank
Pitzer Pitzer
Oregon Oregon
Stanley Stanley
Hazardous Hazardous
Chan Chan
Sutardja Sutardja
Idaho Idaho
Anthony Anthony
Simpson Simpson
Cory Cory
Gilman Gilman
Sather Sather
Florida Florida
North North
Nevada Nevada
Silver Silver
