Rhode Life Donner Columbus International Police Chvez Berkeley Warren Harrisburg Concord Stadium Etcheverry Brain Illinois Jones Utah Cheyenne East Grinnell Nevada Montgomery Moses Kentucky Bowles Bancroft Clark Oregon Mulford Salt Simon Class Baton Silver Valley Simpson Campanile Jacobs Barrows Sproul BART Montana Hawaii Hargrove Edwards Tennessee Richmond Minnesota Hearst Insectary Springer Foothill Durham Austin Annapolis LeConte Providence CNMAT Topeka Trenton Energy Jefferson Chou Blackwell Pennsylvania Lower Morrison Haste Cory Hellman Martin University Santa Birge West Nashville Cleary Lansing Columbia Heating McLaughlin Mississippi Durant Observatory Wisconsin Mathematical Hartford Moffitt Maryland Krutch Madison Tang Boalt Florida Maxwell Little Olympia McEnerney Rhode
98
Rhode Rhode
Olympia Olympia
Kentucky Michigan Kentucky
McEnerney McEnerney
Cheyenne Cheyenne
East East
University University
Valley Valley
Harrisburg Harrisburg
Hellman Hellman
Martin Martin
Donner Donner
Life Life
Campanile Campanile
Baton Baton
Silver Silver
Moses Moses
Grinnell Grinnell
Cory Cory
CNMAT CNMAT
Cleary Cleary
Warren Warren
Nevada Nevada
Columbia Columbia
BART BART
Austin Austin
Blackwell Blackwell
Bowles Bowles
Tang Tang
Simpson Simpson
Oregon Oregon
Krutch Krutch
Florida Florida
LeConte LeConte
Simon Simon
Berkeley Berkeley
Brain Brain
Class Class
Heating Heating
Annapolis Annapolis
Jefferson Jefferson
Utah Utah
Durham Durham
Energy Energy
Pennsylvania Pennsylvania
Maryland Maryland
West West
Hawaii Hawaii
Edwards Edwards
Santa Santa
Salt Salt
Columbus Columbus
Wisconsin Wisconsin
Birge Birge
Mathematical Mathematical
Mississippi Mississippi
Lower Lower
Lansing Lansing
Clark Clark
Illinois Illinois
Montgomery Montgomery
Mulford Mulford
Madison Madison
Etcheverry Etcheverry
Richmond Richmond
Tennessee Tennessee
Maxwell Maxwell
Providence Providence
Chvez Chvez
Springer Springer
Observatory Observatory
Durant Durant
Little Little
Police Police
Chou Chou
Bancroft Bancroft
Minnesota Minnesota
Hargrove Hargrove
Montana Montana
Moffitt Moffitt
Jones Jones
Hartford Hartford
Trenton Trenton
McLaughlin McLaughlin
Concord Concord
Sproul Sproul
Boalt Boalt
Stadium Stadium Hertz
Insectary Insectary
Foothill Foothill
Haste Haste
Jacobs Jacobs
Hearst Hearst
Morrison Morrison
International International
Barrows Barrows
Nashville Nashville
Topeka Topeka
