100 88 100 31 15 30 16 61 16 59 25 22 60 61 54 1 17 2 46 142 131 130 129 144 42 3 41 73 74 6 9 8 40 72 43 29 13 103 34 7 39 78 39 7 34 14 61 54 1 48 49 51 23 53 18 55 58 100 31 15 27 70 36 33 12 11 10 76 10 11 12 33 36 70 27 15 30 16 61 26 45 44 4 71 4 44 2 46 142 131 50 133 141 20 136 188 192 189 192 191 193 184 186 181 161 159 82 112 155 116 113 111 115 153 156 104 165 164 85 86 100
57
1 1
2 2
3 3
4 4
6 6
7 7
8 8
9 9
10 10
11 11
12 12
13 13
14 14
15 15
16 16
17 17
18 18
20 20
22 22
23 23
25 25
26 26
27 27
29 29
30 30
31 31
33 33
34 34
36 28 36
39 39
40 40
41 41
42 42
43 43
44 44
45 45
46 46
48 47 48
49 49
50 19 50
51 51
53 52 53
54 54
55 24 55
58 58
59 59
60 60
71 5
76 121
78 37
88 32
111 111
153 153
165 165
188 21 56 57
189 182
192 192
