LeonieHill ChangiPoint SungeiKadut KampongUbi Shipyard NeeSoon JurongWestCentral Kranji ConeyIsland HougangCentral Outram MonksHill Townsville Victoria PasirRisPark SembawangSprings Shipyard KampongUbi BukitBatokCentral Mandai Semakau SungeiRoad TampinesWest YuhuaWestBoonLay AirportRoad ChangiWest LoyangEast ChoaChuKangCentral Woodgrove YishunCentral PunggolTownCentre NorthCoast MandaiWest YioChuKang AnchorvaleBuangkok KallangWay SungeiRoad ClarkeQuay KampongGlam PasirRisCentralTown BishanEast Yishun ChangiBay TanglinHalt TuasBay Springleaf PasirPanjang2 Guilin GreenwoodPark FarrerPark Novena SingaporePolytechnic SerangoonGarden Phillip LeonieHill
43
PasirPanjang2 PasirPanjang2
YioChuKang Boulevard YioChuKang
SungeiRoad SungeiRoad
FarrerPark FarrerPark
NorthCoast NorthCoast
Townsville Townsville
KallangWay KallangWay
Shipyard Shipyard
Yishun Yishun
NeeSoon OrangeGrove NeeSoon Tyersall DefuIndustrialPark
Victoria Victoria
PunggolTownCentre PunggolTownCentre
JurongWestCentral JurongWestCentral
Novena Novena
Guilin Guilin
Springleaf Springleaf
SingaporePolytechnic SingaporePolytechnic
KampongGlam KampongGlam
TuasBay TuasBay
YishunCentral ClementiCentral
MonksHill MonksHill
SembawangSprings SembawangSprings
ChoaChuKangCentral ChoaChuKangCentral
SerangoonGarden SerangoonGarden
Phillip Phillip
ChangiWest ChangiWest
ConeyIsland ConeyIsland
Semakau Semakau
PasirRisPark Sentosa
SungeiKadut SungeiKadut
Woodgrove Woodgrove
AirportRoad AirportRoad
MandaiWest MandaiWest
TanglinHalt TanglinHalt
Kranji Kranji
TampinesWest TampinesWest
GreenwoodPark Trafalgar GreenwoodPark
BishanEast Ridout BishanEast
YuhuaWestBoonLay YuhuaWestBoonLay
Outram Sennett Outram
BukitBatokCentral BukitBatokCentral
AnchorvaleBuangkok AnchorvaleBuangkok
LoyangEast LoyangEast
