YuhuaEast TelokBlangahDrive CityHall BedokSouth Matilda InstitutionHill Chatsworth Commonwealth SungeiRoad WaterwayEast Kembangan KeatHong WestCoast SouthernIslands BenoiSector Museum ReservoirView EvertonPark ClementiNorth ChoaChuKang JurongRiver Saujana BoatQuay Aljunied YioChuKang PulauPunggolTimor Khatib SimpangNorth Paterson Geylang PangSua Kranji MandaiWest NatureReserve Sembawang EastCoast Sentosa TampinesNorth TohGuan PayaLebarEast GeylangEast MountEmily KebunBahru Tampines TiongBahru TuasBay PunggolField WoodlandsWest PengSiang BukitBatokWest DhobyGhaut LittleIndia KianTeck BukitTimah Tanglin TuasPromenade DairyFarm PeiChun Northland Moulmein PasirRisPark JurongWestCentral PasirRisDrive OneNorth SerangoonNorth ChinaSquare LowerSeletar BoonLayPlace ChengSan Mandai PasirRis SembawangStraits Shipyard OrangeGrove PeoplesPark BayfrontSubzone Punggol Cairnhill ChangiPoint BukitBatokSouth SenokoWest JooSengPayaLebar JurongPort Mountbatten RochorCanal Boulevard MandaiEast Woodgrove SungeiKadut TelokBlangahRise KampongUbi Brickworks Serangoon BedokNorth UpperThomson HongKah Trafalgar SingaporeRiver SerangoonGarden Sennett YuhuaEast
87
Sentosa Sentosa
BedokNorth BedokNorth
SungeiKadut SungeiKadut
Geylang Geylang
BayfrontSubzone BayfrontSubzone
BedokSouth BedokSouth
YioChuKang YioChuKang
WestCoast TuasNorthPioneer
Punggol Punggol
OneNorth OneNorth
EastCoast EastCoast
Moulmein Moulmein
BoatQuay BoatQuay
PeoplesPark PeoplesPark
MandaiEast MandaiEast
TuasBay TuasBay
InstitutionHill InstitutionHill
BoonLayPlace BoonLayPlace
JurongWestCentral JurongWestCentral
Woodgrove PearlsHill
WaterwayEast WaterwayEast
SimpangNorth SimpangNorth AlexandraNorth
Kembangan Kembangan
Paterson Paterson
Matilda Matilda
JooSengPayaLebar JooSengPayaLebar
PunggolField PunggolField
SerangoonNorth SerangoonNorth TagoreSindo
JurongPort JurongPort
LowerSeletar LowerSeletar
KeatHong KeatHong SembawangHills UluPandan YioChuKangEast
SerangoonGarden SerangoonGarden
DairyFarm DairyFarm
KebunBahru KebunBahru
PasirRisDrive PasirRisDrive
TuasPromenade TuasPromenade
Khatib Khatib
HongKah HongKah
BukitBatokSouth BukitBatokSouth SerangoonCentral
PulauPunggolTimor PulauPunggolTimor
ChinaSquare ChinaSquare
Shipyard Shipyard
Sembawang Sembawang
Chatsworth Chatsworth
ChoaChuKang ChoaChuKang
PasirRisPark PasirRisPark
Tampines Tampines
Sennett Sennett
CityHall CityHall
Mountbatten Mountbatten
PayaLebarEast PayaLebarEast
OrangeGrove OrangeGrove
DhobyGhaut DhobyGhaut
SingaporeRiver SingaporeRiver
Museum Museum
Aljunied Aljunied
Serangoon Serangoon
ReservoirView ReservoirView
BukitBatokWest BukitBatokWest
TohGuan TohGuan
NatureReserve ChangiWest
PasirRis PasirRis
SembawangStraits OneTreeHill SembawangStraits
SouthernIslands HongKahNorth SouthernIslands
RochorCanal RochorCanal
TiongBahru TiongBahru
ClementiNorth ClementiNorth
Tanglin Tanglin
WoodlandsWest WoodlandsWest
Saujana HougangCentral Saujana DefuIndustrialPark
SungeiRoad SungeiRoad
GeylangEast GeylangEast
BukitTimah AngMoKioTownCentre Port
TampinesNorth TampinesNorth
Trafalgar Trafalgar
Commonwealth KentRidge Commonwealth
PeiChun PeiChun
Brickworks Brickworks
ChangiPoint ChangiPoint
TelokBlangahRise TelokBlangahRise IstanaNegara
BenoiSector BenoiSector
Northland Northland
UpperThomson UpperThomson
Cairnhill Cairnhill
EvertonPark EvertonPark
Mandai Mandai
PangSua PangSua
