BukitBatokEast Simei SungeiRoad Sudong RobertsonQuay Redhill Gombak DowntownCore LowerSeletar LeonieHill BukitBatokEast TiongBahruStation TanjongPagar Frankel Tengeh Safti GhimMoh SimpangNorth Bendemeer NeeSoon ChoaChuKang Bayshore Hillcrest Tyersall JooKoon Sembawang RiverValley BukitBatokEast
21
Frankel Frankel SwissClub CityHall
Redhill Redhill PearlsHill
Sudong Sudong
DowntownCore DowntownCore
Sembawang Sembawang
SimpangNorth SimpangNorth
Tengeh Tengeh
LeonieHill LeonieHill
LowerSeletar LowerSeletar
Simei Simei
ChoaChuKang ChoaChuKang
TanjongPagar TanjongPagar
Tyersall Tyersall
JooKoon JooKoon
TiongBahruStation TiongBahruStation
NeeSoon NeeSoon
Safti GaliBatuMandai Safti
RiverValley RiverValley
Hillcrest Hillcrest
GhimMoh GhimMoh
SungeiRoad SungeiRoad
