139 18 15 118 75 104 146 119 158 13 30 187 109 95 178 8 185 96 49 84 18 57 108 166 89 1 106 67 80 27 125 169 60 106 1 55 39 60 169 122 81 149 152 45 144 142 15 118 23 182 7 170 141 48 132 105 192 172 143 153 111 114 79 167 41 112 130 161 148 165 55 43 133 77 16 85 139 198 160 14 126 5 54 30 13 43 64 28 31 131 120 111 114 90 58 151 2 85 16 127 22 59 70 59 22 42 176 47 77 138 82 175 44 51 35 104 71 194 154 178 8 121 91 68 157 160 65 81 128 173 39 57 130 36 74 32 66 78 21 79 114 184 147 11 101 25 97 38 138 55 188 196 72 2 98 158 145 163 127 134 18 57 70 17 69 82 67 33 115 187 30 156 123 130 148 71 26 198 31 28 78 9 164 35 137 84 183 27 14 23 163 115 139
96
1 1
2 2
5 5
7 7
8 8
9 9
11 11
13 13
14 14
15 15
16 16
18 18
21 21
22 22
23 23
25 25
26 26
27 27
30 113 30
31 31
32 32
33 33
35 35
39 39
41 41
43 43
44 44
47 47
48 48
57 57
58 58
60 60
64 64
65 65
67 67
69 69
71 71
72 72
74 74
75 75
77 77
78 78
79 79
81 81
82 82
84 189 84
85 85
89 89
91 91
95 95
96 96
98 98
101 101
104 104
105 105
106 106
108 108
109 109 37
111 111
112 112
114 114
118 118
119 119
122 122
123 123
125 125
127 127
128 128
130 130
131 131
134 134
138 138
141 141
142 142
144 144
145 145
146 146
147 147
148 148
152 152
153 153
156 156
157 157
158 158
161 161
165 165
172 172
173 173
176 176
178 178
182 182
184 184
185 186
187 187 191
188 188
198 198
