F8 C3 C8 O1 S0 G1 K1 T1 P7 R8 O2 A6 S9 I0 C0 K5 T0 A9 C8 M6 D9 F3 E8 E7 A1 K1 Q3 P6 I3 Q8 E2 J2 M0 H5 L6 Q3 R4 J0 J1 F2 C1 G9 G0 D8 T5 P9 F1 I8 H0 N0 I6 F6 H3 E5 G4 N8 Q6 Q5 P7 R6 D4 N7 S7 E4 Q0 N2 N1 G6 M8 I9 L9 C2 S4 H2 D7 R0 S8 H4 K3 S5 B3 Q7 J8 N4 A3 O5 D3 G2 N6 B4 I4 A2 I2 P2 E9 K6 M5 R9 I9 H1 H4 C4 B0 P5 S2 F9 A0 D5 A8 T9 B2 L3 E3 O3 F8
98
A0 A0
A1 A1
A2 A2
A3 A3
A8 A8
A9 A9
B0 B0
B2 B2
B3 B3
B4 B4
C0 C0
C1 C1
C2 C2
C3 C3
C4 C4
C8 C8
D3 D3
D4 D4
D5 D5
D7 D7
D8 D8
D9 D9
E2 E2
E3 E3
E4 E4
E5 E5
E7 E7
E8 E8
F1 F1
F2 F2
F6 F6
F9 F9
G0 G0
G1 G1
G4 G4
G6 G6
G9 G9
H0 H0
H1 H1
H2 H2
H3 H3
H4 H4
H5 H5
I0 I0
I2 I2
I3 I3
I4 I4
I6 I6
I8 I8
I9 I9
J0 J0
J1 J1
J2 J2
K1 K1
K3 K3
K5 K5
K6 K6
L6 L6
L9 L9
M0 M0
M5 M5
M6 M6
N0 N0
N1 N1
N2 N2
N4 N4
N6 N6
N7 N7
N8 N8
O1 O1
O2 O2
O3 O3
O5 O5
P2 P2
P5 H6 P5
P6 P6
P7 P7
P9 P9
Q0 Q0
Q3 Q3
Q5 Q5
Q7 Q7
Q8 Q8
R0 R0
R4 R4
R6 R6
R8 R8
R9 R9
S0 S0
S2 S2
S5 S5
S7 S7
S8 S8
S9 S9
T0 T0
T1 T1
T5 T8 T5
T9 T9
