Qwilfish Drampa Sandile Simisear Noibat Honedge Seaking Treecko Kakuna Dewpider Froakie Bounsweet Whismur Bastiodon Weezing Escavalier Weepinbell Magnemite Comfey Nincada Shellos Magnemite Amoonguss Stufful Whismur Metapod Inkay Slurpuff Metang Crawdaunt Porygon2 Meloetta Scatterbug Taillow Drapion Lotad Skorupi Skiddo Phanpy Magmar Volcarona Steenee Jumpluff Plusle Wailord Xerneas Shellder Vespiquen Weezing Tauros Swadloon Munna Gengar Drampa Qwilfish
47
Qwilfish Qwilfish
Simisear Simisear
Drapion Drapion
Meloetta Meloetta
Volcarona Volcarona
Slurpuff Slurpuff
Skiddo Skiddo
Sandile Sandile Vullaby
Magmar Magmar
Metang Metang
Taillow Taillow
Porygon2 Porygon2
Drampa Drampa
Noibat Noibat
Lotad Lotad
Scatterbug Scatterbug
Inkay Inkay
Steenee Steenee
Skorupi Skorupi
Shellos Shellos
Metapod Metapod
Crawdaunt Crawdaunt
Froakie Froakie
Nincada Nincada
Gengar Gengar
Honedge Honedge
Amoonguss Amoonguss
Jumpluff Jumpluff
Vespiquen Vespiquen
Munna Munna
Kakuna Kakuna
Magnemite Magnemite
Whismur Whismur
Weezing Weezing
Comfey Comfey
Bounsweet Bounsweet
Seaking Seaking
Tauros Tauros
Weepinbell Weepinbell
Stufful Stufful Conkeldurr
Shellder Shellder
Plusle Plusle
Treecko Treecko
Swadloon Swadloon
Bastiodon Bastiodon
Wailord Wailord
Escavalier Woobat Escavalier
