Qwilfish Drampa Shellos Nincada Whismur Metapod Weezing Bastiodon Seaking Treecko Kakuna Lumineon Weepinbell Honedge Wartortle Taillow Paras Tsareena Shellder Xerneas Wailord Zekrom Amoonguss Crawdaunt Scatterbug Terrakion Politoed Dewpider Slowbro Simisear Sandile Vullaby Drapion Lotad Gengar Tornadus Noibat Skiddo Phanpy Drampa Froakie Bounsweet Gengar Munna Swadloon Tauros Weezing Plusle Jumpluff Steenee Metang Slurpuff Inkay Magmar Volcarona Vullaby Porygon2 Meloetta Inkay Vespiquen Weezing Escavalier Woobat Stufful Yungoos Magnemite Skorupi Tropius Qwilfish
62
Qwilfish Qwilfish
Simisear Simisear
Phanpy Phanpy
Terrakion Terrakion
Drapion Drapion
Meloetta Meloetta
Volcarona Volcarona
Slurpuff Slurpuff
Skiddo Skiddo
Politoed Politoed
Tropius Tropius
Sandile Sandile
Magmar Magmar
Metang Metang
Taillow Taillow
Porygon2 Porygon2
Slowbro Slowbro
Drampa Drampa
Noibat Noibat
Lotad Lotad
Scatterbug Scatterbug
Vullaby Vullaby
Inkay Inkay
Steenee Steenee
Tornadus Tornadus
Skorupi Skorupi
Dewpider Dewpider
Shellos Shellos
Metapod Metapod
Wartortle Wartortle
Crawdaunt Crawdaunt
Paras Paras
Froakie Froakie
Nincada Nincada Comfey
Gengar Gengar
Honedge Honedge
Amoonguss Amoonguss
Tsareena Tsareena
Jumpluff Jumpluff
Vespiquen Vespiquen
Munna Munna
Kakuna Kakuna
Magnemite Magnemite
Whismur Whismur
Xerneas Xerneas
Weezing Weezing
Zekrom Zekrom Conkeldurr
Woobat Woobat
Bounsweet Bounsweet
Seaking Seaking
Tauros Tauros
Weepinbell Weepinbell
Stufful Stufful
Shellder Shellder
Plusle Plusle
Treecko Treecko
Swadloon Swadloon
Lumineon Lumineon
Yungoos Yungoos
Bastiodon Bastiodon
Wailord Wailord
Escavalier Escavalier
