Latias Toxicroak Elgyem Vibrava Raticate Jigglypuff Noivern Palkia Primeape Relicanth Exeggutor Wurmple Bounsweet Infernape Staryu Luvdisc Petilil Keldeo Dartrix Shelgon Latias
19
Wurmple Wurmple
Shelgon Shelgon
Jigglypuff Jigglypuff
Toxicroak Toxicroak
Primeape Primeape
Luvdisc Luvdisc
Dartrix Dartrix
Raticate Raticate Magearna
Palkia Palkia
Relicanth Relicanth
Noivern Talonflame Noivern Reshiram
Bounsweet Bounsweet
Elgyem Elgyem
Petilil Petilil
Exeggutor Exeggutor
Infernape Infernape Scolipede
Staryu Staryu
Vibrava Charmeleon Golisopod Vibrava
Keldeo Keldeo
