Monroe Lewisville Cleveland Lacey Bridgeport Arlington Birmingham Lowell Akron Laredo Elizabeth Irving Austin Denver Kenosha Detroit Montgomery Burlington Modesto Allentown Vista Carrollton Asheville Leominster Lafayette Hartford Rapids Miami Chesapeake Athens Kailua Huntsville Naples Cary Dallas Dayton Julian Baton Corpus Baltimore Killeen Havre Johnson Hialeah Anaheim Abilene Prairie Muskegon Clarksville Hampton Monterey Erie Mobile Lakeland Hayward Bedford Boulder Gilbert Viejo Hesperia Three Gainesville Amarillo Mesquite Lancaster Hagerstown Antioch Daytona Anchorage Apple Kennewick Melbourne Four Manchester Elkhart Huntington Hickory Bethlehem Bradenton Ten Jacksonville Aberdeen Cambridge Seven Charleston Fairfield Denton Kissimmee Canton Glendale Brownsville Layton Mesa Clarke Greensboro Merced Boise Albany Fayetteville Davidson Monroe
100
Athens Athens
Hagerstown Hagerstown
Lancaster Lancaster
Asheville Asheville
Clarke Clarke
Monterey Monterey
Laredo Laredo
Carrollton Carrollton
Modesto Modesto
Boulder Boulder
Bridgeport Bridgeport
Ten Ten
Apple Apple
Johnson Johnson
Birmingham Birmingham
Kenosha Kenosha
Corpus Corpus
Lowell Lowell
Clarksville Clarksville
Huntington Huntington
Viejo Viejo
Lafayette Lafayette
Abilene Abilene
Hialeah Hialeah
Austin Austin
Naples Naples
Anaheim Anaheim
Seven Seven
Melbourne Melbourne
Lewisville Lewisville
Davidson Davidson
Kissimmee Kissimmee
Monroe Monroe
Bethlehem Bethlehem
Gainesville Gainesville
Cary Cary
Glendale Glendale
Prairie Prairie
Charleston Charleston
Baltimore Baltimore
Antioch Antioch
Kennewick Kennewick
Detroit Detroit
Mobile Mobile
Lacey Lacey
Albany Albany
Elkhart Elkhart
Lakeland Lakeland
Dallas Dallas
Baton Baton
Leominster Leominster
Gilbert Gilbert
Bedford Bedford
Four Four
Cleveland Cleveland
Canton Canton
Denton Denton
Miami Miami
Havre Havre
Hampton Hampton
Chesapeake Chesapeake
Hayward Hayward
Hickory Hickory
Layton Layton
Jacksonville Jacksonville
Amarillo Amarillo
Huntsville Huntsville
Hesperia Hesperia
Fayetteville Fayetteville
Killeen Killeen
Arlington Arlington
Cambridge Cambridge
Boise Boise
Akron Akron
Greensboro Greensboro
Aberdeen Aberdeen
Mesa Mesa
Denver Denver
Kailua Kailua
Elizabeth Elizabeth
Erie Erie
Dayton Dayton
Hartford Hartford
Muskegon Muskegon
Vista Vista
Fairfield Fairfield
Montgomery Montgomery
Allentown Allentown
Three Three
Merced Merced
Daytona Daytona
Brownsville Brownsville
Anchorage Anchorage
Rapids Rapids
Irving Irving
Burlington Burlington
Manchester Manchester
Bradenton Bradenton
Mesquite Mesquite
Julian Julian
