Myrtle Alexandria Minneapolis Lansing Chicago Kissimmee Dallas Chandler Harlingen Lorain Cathedral Montgomery Huntsville Cary Brownsville Hollywood Davidson Hartford Abilene Champaign Barnstable Macon Medford Bloomington Muskegon Huntington Albany Albuquerque Joliet Deltona Houma Nashua Plen Erie Grays GreenBay Bridgeport Corpus Cedar Appleton Leominster Aribel Kansas Lexington Baltimore Bradenton Hemet Mobile Merced Moreno Miramar Myrtle
50
Champaign Champaign
Brownsville Brownsville
Huntington Huntington
Houma Houma
Cary Cary
Medford Medford
Chandler Chandler
Nashua Nashua
Bradenton Bradenton
Hartford Hartford
Harlingen Harlingen
Huntsville Huntsville
Chicago Chicago
Leominster Leominster
Lexington Lexington
Grays Grays
Erie Erie
Hollywood Hollywood
Corpus Corpus
Barnstable Barnstable
Muskegon Muskegon
Minneapolis Minneapolis
GreenBay GreenBay
Kansas Kansas
Deltona Deltona
Baltimore Baltimore
Cedar Cedar
Davidson Davidson
Dallas Dallas
Macon Macon
Aribel Aribel
Kissimmee Kissimmee
Alexandria Alexandria
Miramar Miramar
Appleton Appleton
Albany Albany
Abilene Abilene
Merced Merced
Bloomington Bloomington
Cathedral Cathedral
Plen Plen
Lansing Lansing
Montgomery Montgomery
Hemet Hemet
Bridgeport Bridgeport
Mobile Mobile
Albuquerque Albuquerque
Lorain Lorain
Joliet Joliet
Moreno Moreno
