Burlington McAllen Amarillo Merced Chattanooga Cedar Independence Naperville Bridgeport Hayward Buffalo Louisville Greenville Myrtle Hampton Columbus Clarke Honolulu Cambridge Killeen Rapids Denver Chicago Miramar Davenport Prairie Burlington
25
Honolulu Honolulu
Buffalo Buffalo
Greenville Greenville
Independence Independence
Chicago Chicago
Denver Denver
Killeen Killeen
Merced Merced
Hampton Hampton
Chattanooga Chattanooga
McAllen McAllen
Columbus Columbus
Cambridge Cambridge
Rapids Rapids
Naperville Naperville
Hayward Hayward
Clarke Clarke
Bridgeport Bridgeport
Myrtle Myrtle
Amarillo Amarillo
Davenport Davenport
Prairie Prairie
Miramar Miramar
Cedar Cedar
Louisville Louisville
