Soda VLSB CareerCenter EtcheverryHall EshlemanHall CampbellHall EastAsianLibrary Dwinelle Cory BarrowLane EvansDiamond CheitHall BotanicalGarden CalvinLaboratory ClarkKerrCampus ChouHall AnthonyHall EastGate BancroftLibrary BoaltHall CyclotronRd BirgeHall BlumHall BlackwellHall DonnerLab ChanShunAuditorium CaliforniaHall EdwardsStadium BanwayBldg BerkeleyArtMuseum BarrowsHall BARTStation BrainImagingCenter AlumniHouse BarkerHall DoeMemorialLibrary CNMAT DurantHall Soda
37
AlumniHouse AlumniHouse
AnthonyHall AnthonyHall Campanile
BancroftLibrary BancroftLibrary
BanwayBldg BanwayBldg
BarkerHall BarkerHall
BarrowLane BarrowLane
BarrowsHall BarrowsHall
BARTStation BARTStation
BerkeleyArtMuseum BerkeleyArtMuseum DavisHall
BirgeHall BirgeHall
BlackwellHall BlackwellHall
BlumHall BlumHall
BoaltHall BoaltHall
BotanicalGarden BotanicalGarden
BrainImagingCenter BerkeleyWayWest BrainImagingCenter
EastAsianLibrary EastAsianLibrary
CaliforniaHall CaliforniaHall
CalvinLaboratory CalvinLaboratory
CampbellHall CampbellHall
CareerCenter CareerCenter
ChanShunAuditorium ChanShunAuditorium
VLSB VLSB
CheitHall CheitHall
ChouHall ChouHall
ClarkKerrCampus ClarkKerrCampus
CNMAT CNMAT
Cory Cory
CyclotronRd CyclotronRd
DoeMemorialLibrary DoeMemorialLibrary
DonnerLab DonnerLab
DurantHall DurantHall
Dwinelle Dwinelle
EastGate EastGate
EdwardsStadium EdwardsStadium
EshlemanHall EshlemanHall
EtcheverryHall EtcheverryHall
EvansDiamond EvansDiamond
