Soda MartinezCommons Saratoga Hayward Unit3 ClarkKerrCampus IshiCourt FoundersRock EvansHall SanRamon Hillsborough DonnerLab NorthGateHall Piedmont SternHall WellmanHall LowerSproulPlaza Pacifica Benicia WomenFacultyClub PimentelHall CalvinLaboratory HearstGreekTheatre GilmanHall GoldmanField WestGate FrankSchlessingerWay Brisbane Oakley Orinda ZellerbachHall MulfordHall ZellerbachPlayhouse WursterHall Fairfield SanRafael Albany SatherTower KleebergerFieldHouse StHelena Belmont ChouHall StadiumRimWay HearstMiningCircle EastGate BancroftLibrary Cory HertzHall AnthonyHall SproulPlaza Emeryville ClearyHall WestCircle KroeberHall Pittsburg Alameda GiauqueHall Campanile Healdsburg Unit1 WicksonNaturalArea EtcheverryHall Soda
61
MartinezCommons Pinole MartinezCommons
ClarkKerrCampus ClarkKerrCampus
GoldmanField GoldmanField
Orinda Orinda
Hayward Hayward
WursterHall WursterHall
AnthonyHall AnthonyHall
DonnerLab DonnerLab LewisHall
Emeryville Emeryville
WellmanHall WellmanHall
Pittsburg Pittsburg
ZellerbachPlayhouse ZellerbachPlayhouse
SternHall SternHall
PimentelHall PimentelHall BarkerHall
Oakley Oakley
ClearyHall ClearyHall
MulfordHall MulfordHall
StadiumRimWay StadiumRimWay
FoundersRock FoundersRock MinorHallAddition
Hillsborough Hillsborough
ZellerbachHall ZellerbachHall
WomenFacultyClub WomenFacultyClub
Pacifica Pacifica
LowerSproulPlaza LowerSproulPlaza
SanRafael SanRafael
KroeberHall KroeberHall WheelerHall
HearstMiningCircle HearstMiningCircle
CalvinLaboratory CalvinLaboratory
EtcheverryHall EtcheverryHall
Campanile Campanile
Alameda Alameda
KleebergerFieldHouse KleebergerFieldHouse
Saratoga Saratoga BlumHall
GiauqueHall GiauqueHall
Cory Cory
Healdsburg Healdsburg
IshiCourt IshiCourt SanPablo
Brisbane Brisbane
EastGate EastGate
Piedmont Piedmont
ChouHall ChouHall
GilmanHall GilmanHall
WestGate WestGate
Albany Albany
Fairfield Fairfield
StHelena StHelena
NorthGateHall NorthGateHall HargroveMusicLibrary
Belmont Belmont
WestCircle WestCircle
HertzHall HertzHall
FrankSchlessingerWay FrankSchlessingerWay
SatherTower SatherTower
HearstGreekTheatre HearstGreekTheatre
SanRamon SanRamon
Benicia Benicia
SproulPlaza SproulPlaza
Unit3 Unit3
BancroftLibrary BancroftLibrary
Unit1 Unit1
EvansHall EvansHall Insectary
WicksonNaturalArea WicksonNaturalArea
