BerkeleyArtMuseumand LawSchool BancroftLibrary ArchitectsEngineersA CareerCenter WarrenHall McConeHall PublicAffairsOfficeo SimpsonCenterforStud UniversityHealthServ StanleyHall LeConteHall HenryHWheelerBrainIm NaturalResourcesLabo SimonHall FoxCottage2350Bowdit LowerHearstParkingSt InternationalHouse AHammock BanwayBuilding GianniniHall InvestigativeReporti EastAsianStudiesInst MagnesCollectionofJe ZellerbachHall ManvilleHall GraduateTheologicalU McLaughlinHall MorrisonHall AnthonyHall LawrenceHallofScienc HaasSchoolofBusiness ChancellorsEsplanade MulfordHall SpiekerAquaticsCompl FallProgramforFreshm UniversityHouse EvansDiamond BancroftDanceStudio MariesHouse AcademicInnovationSt SutardjaDaiHall MosesHall EnergyBiosciencesBui GoldmanField MartinezCommons KoretVisitorCenter GolbousPlace LawrenceBerkeleyNati BowlesHall CesarEChavezStudentC ClarkKerrCampus UpperHearstParkingSt ObservatoryHill CoryHall EvansHall CheitHall HearstMemorialMining EllsworthParkingStru Sebastians LatinAmericanStudies NorthField Library Demography BarrowsHall AlumniHouse InsectaryGreenhouse FacultyGlade MathematicalSciences CaliforniaHall EdwardsTrackStadiumG WellmanHall Unit1ResidentHall MaxwellFamilyFieldan FacultyClub PacificFilmArchiveBe KoshlandHall HavilandHall LiKaShingCenter IRLE SatherTower LegendsAquaticCenter BerkeleyArtMuseumand
82
BerkeleyArtMuseumand BerkeleyArtMuseumand
LowerHearstParkingSt LowerHearstParkingSt
PacificFilmArchiveBe PacificFilmArchiveBe
FoxCottage2350Bowdit FoxCottage2350Bowdit
KoshlandHall KoshlandHall
Unit1ResidentHall Unit1ResidentHall
LeConteHall LeConteHall
EdwardsTrackStadiumG EdwardsTrackStadiumG
ArchitectsEngineersA ArchitectsEngineersA
HavilandHall HavilandHall
AnthonyHall AnthonyHall
LawrenceBerkeleyNati LawrenceBerkeleyNati
CesarEChavezStudentC CesarEChavezStudentC
HenryHWheelerBrainIm HenryHWheelerBrainIm
NorthField NorthField
MartinezCommons MartinezCommons
AlumniHouse AlumniHouse
WarrenHall WarrenHall
CaliforniaHall CaliforniaHall
AcademicInnovationSt AcademicInnovationSt
BowlesHall BowlesHall
Library Library
CheitHall CheitHall
AHammock AHammock
StanleyHall StanleyHall
LawSchool LawSchool
GoldmanField GoldmanField
MaxwellFamilyFieldan MaxwellFamilyFieldan
HaasSchoolofBusiness HaasSchoolofBusiness
UniversityHouse UniversityHouse
MulfordHall MulfordHall
BarrowsHall BarrowsHall
KoretVisitorCenter KoretVisitorCenter
PublicAffairsOfficeo PublicAffairsOfficeo
WellmanHall WellmanHall
ChancellorsEsplanade ChancellorsEsplanade
InvestigativeReporti InvestigativeReporti
GraduateTheologicalU GraduateTheologicalU
SatherTower SatherTower
FacultyGlade FacultyGlade
EastAsianStudiesInst EastAsianStudiesInst
ZellerbachHall ZellerbachHall
BancroftLibrary BancroftLibrary
SutardjaDaiHall SutardjaDaiHall
SimonHall SimonHall
FacultyClub FacultyClub
SimpsonCenterforStud SimpsonCenterforStud
HearstMemorialMining HearstMemorialMining
CareerCenter CareerCenter
MosesHall MosesHall
SpiekerAquaticsCompl SpiekerAquaticsCompl
EvansHall EvansHall
McConeHall McConeHall
GianniniHall GianniniHall
NaturalResourcesLabo NaturalResourcesLabo
MorrisonHall MorrisonHall
McLaughlinHall McLaughlinHall
IRLE IRLE
UpperHearstParkingSt UpperHearstParkingSt
ClarkKerrCampus ClarkKerrCampus
LatinAmericanStudies LatinAmericanStudies
ManvilleHall ManvilleHall
LegendsAquaticCenter LegendsAquaticCenter
LawrenceHallofScienc LawrenceHallofScienc
LiKaShingCenter LiKaShingCenter
Sebastians Sebastians
EnergyBiosciencesBui EnergyBiosciencesBui
MathematicalSciences MathematicalSciences
EllsworthParkingStru EllsworthParkingStru
FallProgramforFreshm FallProgramforFreshm
InternationalHouse InternationalHouse
GolbousPlace GolbousPlace
EvansDiamond EvansDiamond
CoryHall CoryHall
UniversityHealthServ UniversityHealthServ
ObservatoryHill ObservatoryHill
MagnesCollectionofJe MagnesCollectionofJe
BancroftDanceStudio BancroftDanceStudio
Demography Demography
BanwayBuilding BanwayBuilding
MariesHouse MariesHouse
InsectaryGreenhouse InsectaryGreenhouse
