LegendsAquaticCenter DurantHall EucalyptusGrove NorthGateHall InvestigativeReporti NorthField SoutheastAsianStudie EllsworthParkingStru StarrEastAsianLibrar LevineFrickeSoftball GoldmanField LewisHall MemorialGlade ValleyLifeSciencesBu SodaHall LeConteHall SatherTower LawSchool CITRIS GolbousPlace LegendsAquaticCenter
20
LegendsAquaticCenter LegendsAquaticCenter
LeConteHall LeConteHall
GoldmanField GoldmanField
StarrEastAsianLibrar StarrEastAsianLibrar
CITRIS CITRIS
ValleyLifeSciencesBu ValleyLifeSciencesBu
SoutheastAsianStudie SoutheastAsianStudie
EllsworthParkingStru EllsworthParkingStru
SatherTower SatherTower
EucalyptusGrove EucalyptusGrove
SodaHall SodaHall
NorthField NorthField
LewisHall LewisHall
DurantHall DurantHall
InvestigativeReporti InvestigativeReporti
NorthGateHall NorthGateHall
MemorialGlade MemorialGlade
GolbousPlace GolbousPlace
LevineFrickeSoftball LevineFrickeSoftball
LawSchool LawSchool
