a bc u dg b ga fg dn a gl ec d ea a ev gm a cl aw bm ap t dq b fa ew f fr fz b ck k ch bz a gn gp ed a bf de ae cu a fy cs w ag e cv fh fn a aa e cq fl cp b ah az bb dm b ab br l bl by an b aj bd a df o du j em h ee b cd y a c ct a bv p ak m al bi i ex fb a fv a
79
a eu ey ep ff dx eq ar er a gh dj gb fs
b en b fd fu dv
c c
e e
f eg
h h
j j
k k
l l
m m
o o
p p
t t
u u dt do
w w
y y
aa aa
ab ab
ae ae
ag ag
ah ah
aj aj
ak ak
al al
an an
ap ap
aw aw
az az
bb bb
bc ci bc cb
bd bd
bf bf
bi bi
bl bl
bm bm
br br
bv bv
by by
bz bz
cd cd
ch ch
ck ck
cl cl
cp cp
cq cq
cs cs
ct ct
cu cu
cv cv
de de
df df
dg dg
dm dm
dn dn
dq dq
du du
ea ea
ec ec
ed ed
ee ee
em em
ev ev
ew ew
ex ex
fa fa
fb fb
fg fg
fh fh
fl fl
fn fn
fr fr
fv fv
fy fy
fz fz
ga et ga
gl gl
gm gm
gn gn
gp gp
