Fizz CentaurWarrunner JarvanIV Puck Fiddlesticks Kayn LoneDruid Kassadin KhaZix Oracle ShadowFiend NightStalker Quinn Slardar Annie Rumble Rubick Visage Vi ShadowShaman Singed Jayce Azir Slark Janna Venomancer TahmKench TrollWarlord Huskar Leona Trundle Lucian DeathProphet Mirana Zilean Techies Undying Thresh Ekko Cassiopeia Nidalee Zed Orianna Kled Xayah Sven Weaver Ryze LeBlanc Omniknight Chen Tristana Pantheon Rengar Sona Viktor Ziggs Morphling SpiritBreaker Katarina Gragas Irelia Heimerdinger Beastmaster Tiny Karma Sniper FacelessVoid Warlock Timbersaw Brewmaster StormSpirit Amumu BountyHunter Medusa Vladimir WinterWyvern Kennen Nunu Syndra ShadowDemon Terrorblade Yorick Nasus Jinx Magnus Talon VelKoz Bane Fizz
89
BountyHunter BountyHunter
Talon Talon
Medusa Medusa
Rengar Rengar
Techies Techies
ShadowFiend ShadowFiend
WinterWyvern WinterWyvern
Terrorblade Terrorblade
Nasus Nasus
Fizz Fizz
Mirana Mirana
Leona Leona
Ekko Ekko
Oracle Oracle
Xayah Xayah
ShadowDemon ShadowDemon
Thresh Thresh
Sona Sona
Venomancer Venomancer
Nunu Nunu
Annie Annie
Visage Visage
Lucian Lucian
Jayce Jayce
Warlock Warlock
Kennen Kennen
Amumu Amumu
Karma Karma
Chen Chen
Viktor Viktor
Kassadin Kassadin
Nidalee Nidalee
Beastmaster Beastmaster
Slardar Slardar
TrollWarlord TrollWarlord
Weaver Weaver
Sniper Sniper
Sven Sven
Vladimir Vladimir
Yorick Yorick
Ziggs Ziggs
SpiritBreaker SpiritBreaker
KhaZix KhaZix
ShadowShaman ShadowShaman
Vi Vi
Heimerdinger Heimerdinger
Rumble Rumble
VelKoz VelKoz
Puck Puck
Ryze Ryze
Cassiopeia Cassiopeia
NightStalker NightStalker
Azir Azir
Omniknight Omniknight
Kayn Kayn
StormSpirit StormSpirit
Orianna Orianna
Zilean Zilean
Brewmaster Brewmaster
Pantheon Pantheon
JarvanIV JarvanIV
Timbersaw Timbersaw
Janna Janna
Singed Singed
Jinx Jinx
TahmKench TahmKench
Undying Undying
Syndra Syndra
Quinn Quinn
Irelia Irelia
Rubick Rubick
Zed Zed
Slark Slark
CentaurWarrunner CentaurWarrunner
Fiddlesticks Fiddlesticks
LoneDruid LoneDruid
Tiny Tiny
LeBlanc LeBlanc
DeathProphet DeathProphet
Kled Kled
Morphling Morphling
FacelessVoid FacelessVoid
Katarina Katarina
Huskar Huskar
Magnus Magnus
Tristana Tristana
Bane Bane
Gragas Gragas
Trundle Trundle
