Pantheon Maokai Bristleback Lucian TrollWarlord Nunu ArcWarden Ahri Slark ChaosKnight Ziggs Malphite Morgana Magnus NightStalker Tiny Jhin Skarner Bard BountyHunter Kled Akali Shyvana Anivia Jayce Xerath Jinx Draven SpiritBreaker Rumble Talon CrystalMaiden KogMaw Disruptor Oracle MasterYi WraithKing Jax Lich Phoenix Heimerdinger Lux Ezreal Spectre CentaurWarrunner Galio Ashe Tailyah LoneDruid Pantheon
48
MasterYi MasterYi
Tailyah Tailyah
Ahri Ahri
Galio Galio
Phoenix Phoenix
Spectre Spectre
Ezreal Ezreal
KogMaw KogMaw
Jayce Jayce
Morgana Morgana
TrollWarlord TrollWarlord
Oracle Oracle
Jax Jax
Shyvana Shyvana
Akali Akali
Malphite Malphite
Anivia Anivia
Bristleback Bristleback
Skarner Skarner
Bard Bard
SpiritBreaker SpiritBreaker
Slark Slark
Lich Lich
CrystalMaiden CrystalMaiden
ArcWarden ArcWarden
Ashe Ashe
Kled Kled
Magnus Magnus
Maokai Maokai
Nunu Nunu
BountyHunter BountyHunter
Rumble Rumble
Jinx Jinx
Lucian Lucian
Xerath Xerath
CentaurWarrunner CentaurWarrunner
Disruptor Disruptor
Heimerdinger Heimerdinger
Tiny Tiny
ChaosKnight ChaosKnight
Lux Lux
Jhin Jhin
Draven Draven
Ziggs Ziggs
WraithKing WraithKing
Talon Talon
NightStalker NightStalker
LoneDruid LoneDruid
