0 7 8 10 26 28 30 31 14 47 46 91 43 80 99 83 82 87 84 37 39 35 36 33 30 32 31 14 15 16 99 78 76 40 31 30 29 28 26 10 72 67 63 59 57 51 60 64 68 71 11 10 9 7 0 23 0
44
0 0 1 2 3 4 5 6 21 22
7 7 25
8 8 52 53 54 55 56 58 62 66 74
9 9 24
10 10
11 11
14 13 14 17 18 19 20
15 15
16 16
23 23
26 26
28 12 27 28 65 69 70 73 77
29 29 34 38 75 95 96 97 98
30 30
31 31
32 32
33 33 41 79 81
35 35
36 36
37 37
39 39
40 40
43 43 44
46 46
47 42 45 47 48 49 50 89 90 92 93
51 51
57 57
59 59
60 60 61
63 63
64 64
67 67
68 68
71 71
72 72
76 76
78 78
80 80 88 94
82 82
83 83
84 84
87 87
91 91
99 85 86 99
