6 11 24 30 42 30 24 11 6 4 0 7 2 6 199 189 172 168 158 143 133 124 126 123 129 128 125 124 133 139 134 130 137 138 132 133 143 158 168 166 167 163 168 158 143 146 147 149 145 148 143 133 124 111 112 115 118 113 111 103 100 103 96 80 73 79 75 77 70 78 74 73 67 55 42 30 24 11 6 199 196 191 190 194 197 198 199 189 172 178 170 176 172 168 158 143 133 124 111 103 96 92 98 97 95 90 96 80 73 67 55 42 30 24 11 15 13 14 16 19 10 11 24 20 23 26 24 30 39 38 30 42 55 51 55 42 30 24 11 6
64
0 8 0
4 4
6 1
7 7
10 10 18
14 14
15 15
19 19
20 20 21
23 23
26 26
30 31
38 36 38
39 39
42 46 41 40 48
51 50 51 59
55 57
67 62 63 65 69 60
74 74
75 75
77 77
78 78
79 79
80 87 88 85 81
90 90
95 95
97 97
98 98
100 109 101 107
103 106 105
111 114
112 112
113 113
115 115
118 118
125 125
126 126
128 120 128
129 129
130 130
132 132
134 134
137 137
139 139
145 145
146 146
147 144
148 148
149 149
158 153 150 152 157
163 163
166 166
167 167
168 164
170 170 179
172 177
176 176
178 178
189 182 181 186 187 185
190 190
191 191
194 194
196 196
198 198
