L16 L103 L120 L129 L99 L63 L27 L3 L84 L151 L126 L4 L149 L131 L49 L43 L4 L120 L128 L13 L89 L11 L140 L114 L84 L83 L5 L55 L67 L52 L79 L72 L40 L89 L13 L94 L22 L119 L95 L19 L21 L38 L134 L62 L82 L153 L22 L110 L3 L8 L130 L76 L38 L13 L152 L5 L18 L79 L0 L79 L114 L84 L8 L116 L101 L139 L53 L143 L16
51
L0 L77
L3 L56
L4 L4
L5 L5
L8 L8
L11 L11
L13 L107
L16 L29 L16
L18 L18
L21 L109 L21 L147
L22 L7 L24 L22
L27 L138 L27
L38 L38
L40 L40
L43 L43
L49 L146 L47
L52 L28 L52
L53 L53
L62 L62 L124
L63 L61 L63
L67 L67
L72 L72
L76 L76
L79 L100 L79 L12
L82 L70 L82
L83 L83
L84 L144 L84
L89 L89
L94 L78 L85 L94
L95 L95
L99 L99
L101 L93 L101
L103 L103 L133 L68
L110 L110
L114 L114
L116 L106 L35 L2
L119 L119 L92 L75 L80 L90
L120 L20 L145
L126 L104 L150 L126 L87 L142
L128 L91 L128
L129 L129 L9
L130 L130 L1
L131 L131 L141
L134 L125 L74 L134
L139 L139
L140 L140
L143 L143 L65
L149 L149
L151 L151
L152 L152
L153 L153
