5 0 4 3 2 5 11 9 10 11 17 23 29 35 41 47 53 49 50 51 53 59 65 62 61 60 64 65 59 55 54 58 57 56 59 53 47 42 46 45 47 53 59 65 71 66 67 68 69 71 77 73 74 77 83 80 79 78 83 89 95 90 94 95 101 107 105 106 102 107 101 95 91 92 95 101 107 101 95 92 95 101 99 98 97 96 101 95 89 84 85 86 89 83 77 76 75 77 83 81 82 83 77 71 65 59 53 52 48 53 47 41 37 36 41 35 30 34 33 32 31 35 29 24 28 27 26 29 23 20 19 18 23 29 28 24 25 29 23 17 16 15 17 11 7 8 11 5
82
0 0
2 2
3 3
4 4
5 1
7 7
8 8
9 9
10 10
11 6
15 15
16 16
17 12 13 14
18 18
19 19
20 20
23 21 22
24 24
25 25
26 26
27 27
28 28
30 30
31 31
32 32
33 33
34 34
36 36
37 37
41 38 39 40
42 42
45 45
46 46
47 43 44
48 48
49 49
50 50
51 51
52 52
54 54
55 55
56 56
57 57
58 58
60 60
61 61
62 62
64 64
65 63
66 66
67 67
68 68
69 69
71 70
73 73
74 74
75 75
76 76
77 72
78 78
79 79
80 80
81 81
82 82
84 84
85 85
86 86
89 87 88
90 90
91 91
92 92
94 94
95 93
96 96
97 97
98 98
99 99
101 100
102 102
105 105
106 106
107 103 104
