0 148 142 127 122 26 19 60 56 53 51 47 45 43 47 118 121 128 105 113 110 104 97 5 8 82 86 81 88 95 98 94 90 44 36 39 42 73 77 78 84 33 25 85 89 96 101 93 134 141 23 28 34 40 32 29 35 27 143 135 131 133 138 132 125 123 119 80 76 7 0 145 146 62 70 66 31 32 137 64 58 55 49 10 4 12 9 11 18 13 15 22 30 49 44 65 67 69 68 75 83 120 117 111 109 114 108 0
98
0 0
4 4
5 5
7 7
8 8
9 9
10 10
11 11
12 12
13 13
15 15
18 18
19 19 24
22 22
23 16 23
25 25
26 26
27 27
28 28
29 29
30 30
31 31
32 32
33 33
34 34
35 35
36 36
39 39
40 40
42 42
43 43
44 44
45 45
47 47
49 49
51 51
53 53
55 55
56 56
60 60
62 62
64 64
65 65
66 66
67 67
68 68
69 69
70 70
73 73
75 75
76 76
77 77
78 78
80 80
81 81
82 82
83 83
84 84
85 85
86 86
89 89
93 93
94 94
95 95
96 96
97 97
98 98
101 101
104 104
105 105
108 108
109 109
110 110
111 111
113 113
114 114
117 117
118 118
119 119
120 120
122 122
123 123
125 125
127 127
128 128
131 131
132 132
133 133
134 134
135 135
137 137
138 138
141 141
142 142
143 143
145 145
146 146
148 148
