1 170 2 123 74 183 121 149 35 53 143 79 186 44 190 140 89 129 7 164 117 16 42 60 180 40 6 165 161 182 99 95 160 184 81 153 122 192 25 21 112 12 142 108 159 34 67 188 9 131 113 64 116 32 77 137 148 132 20 119 197 70 127 87 97 3 11 13 14 45 93 65 100 78 36 147 68 94 114 118 76 17 126 28 59 167 91 139 27 155 29 163 172 191 181 57 120 151 92 178 52 176 1
100
2 2
3 3
6 6
7 7
9 9
11 11
12 12
13 13
14 14
16 16
17 17
20 20
21 21
25 25
27 27
28 28
29 29
32 32
34 34
35 35
36 36
40 40
42 42
44 44
45 45
52 52
53 53
57 57
59 59
60 60
64 64
65 65
67 67
68 68
70 70
74 74
76 76
77 77
78 78
79 79
81 81
87 87
89 89
91 91
92 92
93 93
94 94
95 95
97 97
99 99
100 100
108 108
112 112
114 114
116 116
117 117
118 118
119 119
120 120
121 121
122 122
123 123
126 126
127 127
129 129
131 131
132 132
137 137
139 139
140 140
142 142
143 143
147 147
148 148
149 149
151 151
153 153
155 155
159 159
160 160
161 161
163 163
164 164
165 165
167 167
170 170
172 172
176 176
178 178
180 180
181 181
182 182
183 183
184 184
186 186
188 188
190 190
191 191
192 192
197 197
