187 42 18 67 196 171 93 41 114 142 175 117 140 65 95 58 159 157 83 33 96 180 85 146 69 44 160 39 124 23 5 59 13 68 162 185 32 45 70 199 195 63 48 158 94 120 67 47 156 86 153 88 59 133 150 148 123 131 109 22 71 181 128 9 0 26 164 78 166 173 136 178 161 52 144 172 66 8 36 87 72 173 30 2 77 107 190 169 6 25 90 73 183 82 127 101 92 184 126 58 56 35 137 165 194 154 134 108 21 111 6 12 152 89 54 189 97 163 149 132 179 110 7 68 187
96
2 2
6 6
7 7
8 8
9 9
12 12
13 13
18 18
23 23
30 30
32 32
33 33
35 53
36 36
39 39
41 41
42 42
44 44
45 45
47 47
48 48
52 52
54 54 55
58 58
59 59
63 63
65 65
67 67
68 68
69 69
70 70
71 71
72 72
73 73
78 78
82 82
83 83
86 86
87 87
89 89
90 90
92 92
93 93
94 94
95 95
97 97
107 107
108 108
109 109
110 110
111 111
114 114 79
117 117
120 120
123 15
124 124
126 126
127 127
128 128
131 131
132 132
133 133
134 134
136 136
140 140
142 142
144 119
146 146
148 148
150 150
152 152
153 153 29
154 154
156 156
157 157
159 176
160 160
161 191 161
162 162
163 163
164 164
165 165
166 166
169 169
171 171
172 172
173 173
175 175
180 180
181 181
183 183
184 184
189 80
190 190
196 196
199 199
