location1 location111 location152 location150 location2 location11 location46 location40 location159 location197 location35 location68 location13 location16 location182 location164 location130 location196 location195 location25 location128 location12 location148 location106 location186 location75 location169 location127 location154 location165 location26 location133 location58 location181 location161 location146 location107 location190 location149 location44 location5 location114 location10 location49 location82 location179 location93 location110 location109 location177 location118 location188 location108 location27 location178 location90 location92 location100 location143 location180 location175 location32 location94 location22 location1
63
location2 location2 location95
location5 location5
location10 location10
location11 location11 location185
location12 location12
location13 location13
location16 location16
location22 location22
location25 location25
location26 location26 location30
location27 location27
location32 location87 location32 location96
location35 location35
location40 location40
location44 location44
location46 location123 location46
location49 location140 location49 location3
location58 location58
location68 location97 location68 location91
location75 location139 location75
location82 location82
location90 location90
location92 location92 location193
location93 location93
location94 location94
location100 location6 location100 location136 location33
location106 location106 location59 location65 location37
location107 location107
location108 location108
location109 location109
location110 location110 location142
location111 location111
location114 location114
location118 location43 location118
location127 location127
location128 location128
location130 location130
location133 location133
location143 location57 location143 location17 location171
location146 location146
location148 location148
location149 location157 location149
location150 location150
location152 location152
location154 location154
location159 location74 location159 location199 location184 location129 location172
location161 location161
location164 location164
location165 location116 location165
location169 location20 location169 location56
location175 location175
location177 location177
location178 location178
location179 location158 location28 location179 location85
location180 location180 location105
location181 location181
location182 location182
location186 location186
location188 location188
location190 location69 location190
location195 location195
location196 location196
location197 location197
