location1 location38 location17 location10 location46 location45 location30 location74 location2 location99 location8 location29 location44 location23 location59 location42 location35 location94 location56 location52 location36 location19 location66 location72 location78 location75 location89 location6 location54 location53 location31 location1
30
location2 location2
location6 location6
location8 location8
location10 location49 location10
location17 location17
location19 location19 location71
location23 location23 location47
location29 location29
location30 location91 location58 location48 location30
location31 location31
location35 location35 location80 location43 location79 location95 location83 location57
location36 location36
location38 location38 location90 location32
location42 location42
location44 location44
location45 location45
location46 location46
location52 location52
location53 location53
location54 location54
location56 location56
location59 location59
location66 location66
location72 location72
location74 location74
location75 location21 location51 location75 location9
location78 location78 location77 location40 location3
location89 location89
location94 location94
location99 location99
