0 21 25 78 29 37 19 22 49 20 47 9 45 64 50 65 75 55 56 46 5 97 8 82 40 13 17 62 95 77 31 90 28 15 41 30 87 71 44 2 32 176 76 11 98 12 42 35 38 39 4 88 89 81 109 70 73 84 68 14 72 6 92 69 59 86 67 10 99 34 79 48 16 94 57 51 54 7 24 58 91 26 3 83 53 61 36 33 93 74 1 66 60 63 135 43 100 85 18 0
96
1 1
2 2
3 3
4 4
5 5
6 6
7 7
8 8 96
9 9
10 10
11 11
12 12 80
13 13
14 14
15 15
16 16
17 17
18 18
19 19
20 20
21 21
22 22
24 24
25 25
26 26
28 28
29 29
30 30
31 31
32 32
33 33
34 34
35 35
36 36
37 37
38 38
39 39
40 40
41 41
42 42
43 43
44 44
45 45
46 46
47 47
48 48
49 49
50 50
51 51
53 53
54 54
55 55
56 56
57 57
58 58
59 59
60 60
61 61
62 62
63 63
64 64
65 65
66 66
67 67
68 68
69 69
70 70
71 71
72 72
73 73
74 27 74
75 75
76 76
77 77
78 78
79 79
81 81
82 82
83 83
84 84
85 85
86 86
87 87
88 88
89 89
90 90
91 91
92 92
93 93
94 94
95 95
97 97
98 98
99 99
100 52 100
135 23
