0 158 2 4 109 12 77 16 191 39 93 94 70 163 195 60 159 96 19 179 188 170 142 24 178 131 68 29 74 129 160 8 116 3 193 133 52 86 183 115 190 103 180 126 105 128 199 182 21 174 17 51 80 177 185 69 184 37 32 189 38 119 156 43 62 96 125 157 9 194 198 136 46 143 50 35 192 185 18 33 78 197 31 58 0
80
0 0
2 2
3 3
4 4
8 8
9 9
12 12
16 16
17 17
18 18
19 19
21 21
24 24
29 29
31 31
32 32
33 33
35 35
38 38
39 39
43 43
46 46
50 50
51 51
52 52
58 58
60 60
62 62
68 68
69 69
70 70
74 74
77 77
78 78
80 80
86 86
93 93
94 94
96 96
103 103
105 105
109 109
115 115
116 116
119 119
125 125
126 126
129 129
131 131
133 133
136 136
142 142
143 143
156 156
157 157
158 158
159 159
160 160
163 163
170 170
174 174
177 177
178 178
179 179
180 180
182 182
183 183
184 184
185 185
188 188
189 189
190 190
191 191
192 192
193 193
194 194
195 195
197 197
198 198
199 199
