190 135 114 92 142 1 156 133 108 118 94 113 182 71 66 67 111 29 25 56 45 153 6 137 106 114 33 52 66 109 172 192 69 108 162 95 188 134 61 44 71 171 182 2 99 132 152 24 116 93 163 54 50 57 186 72 56 68 100 179 64 44 103 141 193 90 40 58 83 16 21 181 30 117 22 104 53 145 38 65 64 55 76 60 166 75 190
68
1 1
2 2
21 176 21
22 22
24 198
29 29
30 30
33 33
38 38
40 40
44 149 44
45 45
50 50
52 138 52
54 54 32
55 55 36 34
56 56
57 57 169
60 60
61 61
65 65
66 66
67 165 67 136 8
68 10 68
69 69
71 71
72 177 27 101 173 102
76 185 62 76
83 129 83
92 92
93 93 164
94 94
95 95
99 99
100 112 100
103 168 23 103
104 104
106 106
108 3 108
109 109 46
111 111 189
113 123 113
114 114
116 116
117 117
118 118
132 132
133 133
135 135
137 137
141 141
142 142
145 121
152 152
153 5 153
156 156
162 162
163 163
166 166
171 195
172 172 47
179 11 179
181 181
182 182
186 186 84
188 188
192 192
193 146 139 193
