Loc1 Loc32 Loc17 Loc21 Loc9 Loc3 Loc73 Loc47 Loc68 Loc7 Loc4 Loc87 Loc18 Loc90 Loc48 Loc11 Loc69 Loc65 Loc53 Loc25 Loc76 Loc45 Loc88 Loc65 Loc69 Loc57 Loc72 Loc15 Loc64 Loc55 Loc42 Loc62 Loc8 Loc19 Loc37 Loc92 Loc29 Loc52 Loc70 Loc16 Loc87 Loc74 Loc10 Loc34 Loc94 Loc34 Loc79 Loc38 Loc98 Loc52 Loc75 Loc80 Loc55 Loc42 Loc22 Loc20 Loc7 Loc68 Loc47 Loc60 Loc49 Loc37 Loc1
41
Loc3 Loc3
Loc4 Loc4
Loc7 Loc7
Loc9 Loc9
Loc10 Loc10
Loc11 Loc11
Loc15 Loc15
Loc16 Loc46
Loc17 Loc17
Loc18 Loc63 Loc18
Loc19 Loc19
Loc21 Loc41 Loc21
Loc22 Loc22
Loc25 Loc25 Loc56
Loc29 Loc29
Loc32 Loc32
Loc34 Loc91 Loc34 Loc2
Loc38 Loc38
Loc42 Loc42
Loc45 Loc45
Loc47 Loc47
Loc49 Loc49
Loc52 Loc52
Loc53 Loc53
Loc55 Loc55
Loc62 Loc62
Loc64 Loc43
Loc65 Loc65 Loc81
Loc68 Loc68
Loc69 Loc69
Loc70 Loc70 Loc50
Loc72 Loc72
Loc74 Loc74
Loc75 Loc6 Loc0
Loc76 Loc76
Loc79 Loc79
Loc80 Loc80
Loc87 Loc87
Loc90 Loc90
Loc92 Loc13 Loc92
Loc98 Loc98
