114 49 170 150 166 112 42 120 66 181 109 117 1 35 149 129 92 108 173 175 177 118 24 179 36 12 132 176 183 16 124 31 174 94 98 100 73 62 154 164 182 81 188 43 197 131 59 89 70 14 33 48 15 21 75 117 35 53 10 25 191 133 63 18 26 47 95 51 0 135 93 128 161 32 147 96 167 103 3 4 146 169 87 38 84 102 78 74 29 171 127 111 22 111 115 37 5 65 196 195 60 119 128 187 85 28 91 67 114
95
0 0
1 1
3 7 3
4 4
5 41 5
10 10
12 12
14 14
15 15
16 16
18 18
21 21
22 69
24 24
25 76
26 26
28 28
29 29
31 31
32 32
33 33
35 35
36 36
37 37
38 38
42 42
43 43
47 47
49 49
51 51
53 53
59 59
62 62
63 63
65 134
66 66
67 67
70 70
74 74
75 75
78 78
81 81
84 84
85 199
87 87
89 89
91 91
92 92
93 93
94 94
95 95
96 96
98 98
100 100
102 102
103 103
108 108
109 109
111 111
112 112 105
114 114
115 115
117 117
119 119
124 124
127 127 155
131 131
133 133
135 135
146 146
147 147
149 149
150 150
154 154
161 161
164 164
166 166
167 167
169 169
170 170
171 171
173 173
174 174
175 175
176 176
177 177
181 148 181
182 182
183 183
187 187
188 188
191 191
195 195
196 196
197 197
