gc ad cq fi do dp gg dj ae bb bt ey fn an bl r q dg cm ab eq cy ge bj d em ac as gk aa di gi dh bx ap ah gn dx ga ff a at dn ai b bn et dy fw er br cg fy db az cn g l go ck ep cd am gm fr dw gh bs by bc fd fo ft ao cv ee cj el bi e fe bq es y ba gj dq bp co q gq v cz k cp j bv df fh bk ds gc
90
a a
b b
d d
e e
g g
j j
q q
v v
y y
ab ab
ac ac
ad ad
ae ae
ah ah
ai ai
am am
an an
ao ao
ap ap
as as
at at
az az
bb bb
bc bc
bi bi
bj bj
bk u
bl bl
bn bn
bp bp
bq bq
br br
bt bt
bv bv
bx bx
by by p
cg cg
cj cj
ck ck
cm cm
cn cn
co co
cp cr cp
cq cq
cv cv
cz cz
db db fa
dg dg
dh en dh
di di
dj aw dj
dn dn
do do
dp dp
dq dq
ds ds
dw dw
dx dx fk fq
dy dy
ee cs ee cl
el el
em em
ep ep
eq eq
er er
es es
et et
ey ey
fd fd
fe fe
ff ff
fh fh
fi fi
fn fn
fo fo
fr fr
ft ft
fw fw
fy fy
ga ga
ge ge
gg gg
gh gh
gi gi
gj gj
gk gk
gm gm
gn gn
go go
gq gq bu
