Liam Evan Jude Joseph Robert Giovanni Abraham Kaleb Santiago Carter Elliott Caleb Cameron Gabriel Victor Aiden Tucker Connor Nathan Jude Theodore Rowan Austin Hayden Zion Messiah Juan Ivan Hudson Jameson Daniel Nicholas Silas Braxton Jackson Ezra Jose Ashton Grant Antonio Jesse Michael Aaron Chase Dean Beau William Landon Bennett Hayden Christian Brody Elliot Grayson Alexander Declan Brayden Jonathan Preston Richard Aiden Victor Dominic Joel Dylan Lincoln Max John Matthew Jayce Henry Malachi Edward Wyatt Gael Jameson Benjamin Jaxon Waylon Tyler Eli Sawyer Steven Hunter Isaiah Andrew Oliver Patrick Dean Kingston Dean Patrick Oliver Patrick Easton Richard Aiden Mateo Miguel Messiah Weston Jaxson Angel Anthony Maverick Camden Bentley Jayden Max Lincoln Chase Greyson Eric Matteo Julian Josiah Justin Jack Jordan Leonardo Xander Maddox Xander Leonardo Jordan Jack Jordan Liam
73
Liam Liam
William William
Benjamin Benjamin
Oliver Oliver
Michael Michael
Alexander Alexander
Daniel Daniel
Matthew Matthew
Aiden Aiden
Henry Henry
Joseph Joseph
Jackson Jackson
Carter Carter
Wyatt Wyatt
Jayden Jayden
John John
Dylan Dylan
Gabriel Gabriel
Anthony Anthony
Grayson Grayson
Jack Lucas Jack Joshua
Julian Julian
Andrew Logan Andrew
Lincoln Lincoln
Mateo Mateo
Jaxon Jaxon
Nathan Nathan
Aaron Aaron
Isaiah Isaiah
Caleb Caleb
Josiah Josiah
Christian Christian
Hunter Thomas Hunter
Eli Eli
Jonathan Jonathan
Connor Connor
Landon Landon
Cameron Cameron
Theodore Theodore
Hudson Hudson
Robert Robert
Easton Easton
Nicholas Nicholas
Ezra Ezra
Angel Angel
Brayden Asher Brayden
Jordan Jordan
Dominic Dominic
Austin Austin
Jaxson Jaxson
Greyson Greyson
Jose Jose
Evan Evan
Maverick Noah Maverick
Bentley Adrian
Weston Jacob
Braxton Christopher Carson
Kingston Elijah Luke Nolan
Maddox Jeremiah Ezekiel
Juan Ethan
Eric Samuel
Brody David
Malachi Leo Colton Adam Bryson
Jude Jace
Antonio Owen
Waylon Parker
Xander Levi
Edward Sebastian
Grant Cooper
Gael Ian
Tucker Mason Charles
Steven James Ryan Xavier
Kaleb Isaac Elias
