Liam Isaiah Joseph Mateo Sebastian David Theodore Leonardo Connor Benjamin Sawyer Jose Owen Jose Adam Ian Adam Julian Dylan Thomas Ezra Michael Jaxson Brayden Adam Robert Daniel Isaiah Liam
18
Liam Liam
Benjamin Benjamin Carter
Michael Michael
Daniel Daniel
Joseph Joseph
Sebastian Sebastian
David David
Owen Noah Owen
Dylan Dylan
Julian Luke
Mateo Mason Alexander
Thomas James
Theodore Jacob Matthew Aiden
Brayden Ethan Samuel
Ian Elijah Henry
Adam Jayden
Jaxson William Logan Oliver Lucas Jackson Wyatt
Sawyer John
