LOC16 LOC52 LOC19 LOC57 LOC78 LOC32 LOC47 LOC63 LOC45 LOC80 LOC37 LOC59 LOC53 LOC46 LOC25 LOC73 LOC51 LOC36 LOC0 LOC97 LOC68 LOC27 LOC61 LOC48 LOC56 LOC89 LOC62 LOC44 LOC33 LOC9 LOC15 LOC46 LOC37 LOC34 LOC37 LOC46 LOC15 LOC18 LOC16
28
LOC0 LOC23
LOC9 LOC9 LOC85
LOC15 LOC15
LOC18 LOC18 LOC22
LOC25 LOC25
LOC32 LOC29
LOC33 LOC33
LOC34 LOC81 LOC12 LOC90 LOC20
LOC36 LOC26 LOC36
LOC37 LOC82 LOC37 LOC28
LOC44 LOC96
LOC45 LOC45 LOC79 LOC50
LOC46 LOC46
LOC47 LOC47 LOC4
LOC51 LOC3
LOC52 LOC52
LOC53 LOC53
LOC56 LOC98 LOC56
LOC57 LOC57
LOC59 LOC59
LOC61 LOC61 LOC31
LOC62 LOC62
LOC63 LOC17
LOC73 LOC73 LOC99
LOC78 LOC43 LOC78
LOC80 LOC95
LOC89 LOC89
LOC97 LOC70 LOC97
