LOC60 LOC153 LOC70 LOC64 LOC145 LOC96 LOC89 LOC99 LOC55 LOC0 LOC164 LOC142 LOC69 LOC180 LOC61 LOC189 LOC162 LOC154 LOC97 LOC69 LOC75 LOC129 LOC35 LOC24 LOC122 LOC46 LOC156 LOC119 LOC8 LOC67 LOC54 LOC72 LOC159 LOC13 LOC6 LOC139 LOC66 LOC117 LOC116 LOC51 LOC133 LOC125 LOC63 LOC58 LOC155 LOC7 LOC137 LOC50 LOC134 LOC160 LOC41 LOC166 LOC182 LOC30 LOC40 LOC192 LOC52 LOC91 LOC83 LOC194 LOC188 LOC48 LOC152 LOC48 LOC98 LOC158 LOC68 LOC62 LOC161 LOC60
46
LOC6 LOC6
LOC7 LOC7
LOC8 LOC8
LOC13 LOC59
LOC24 LOC24
LOC30 LOC30
LOC40 LOC177
LOC46 LOC65 LOC46
LOC48 LOC48
LOC51 LOC51
LOC52 LOC52
LOC54 LOC54
LOC55 LOC55
LOC58 LOC58
LOC62 LOC62
LOC63 LOC63
LOC64 LOC64
LOC68 LOC56 LOC18 LOC68
LOC69 LOC108
LOC70 LOC70
LOC72 LOC72
LOC75 LOC80
LOC89 LOC89
LOC96 LOC96
LOC97 LOC97
LOC98 LOC190
LOC116 LOC116
LOC117 LOC117
LOC133 LOC133
LOC134 LOC134
LOC137 LOC144
LOC139 LOC139
LOC142 LOC142
LOC145 LOC145
LOC152 LOC36
LOC153 LOC17
LOC158 LOC158
LOC160 LOC160
LOC161 LOC161
LOC164 LOC164
LOC166 LOC166
LOC180 LOC180
LOC188 LOC170
LOC189 LOC189
LOC192 LOC192
LOC194 LOC38 LOC194
