zero five six seven fourteen twentyone twenty twentyone fifteen twentytwo twentynine thirtysix thirtyseven fortyfour fortythree fortynine fortyeight fiftyfive fiftysix fifty fiftyseven sixtyfour seventyone seventyseven eightyfour seventyeight seventynine eighty eightyone eightyeight eightynine eightytwo seventyfive sixtyeight sixtyseven sixtysix sixtyfive sixtyfour seventy sixtythree sixtytwo sixtyone sixty fiftythree fiftytwo fiftyone fortyfour thirtyseven thirtyeight thirtynine thirtytwo thirtythree thirtyfour thirtyfive twentynine thirty twentythree twentyfour seventeen ten eleven ten three four zero two three zero
45
two two
three three
four four
five five
six six
ten ten
eleven twelve
fourteen fourteen
fifteen fifteen
twenty twenty
twentytwo twentytwo
twentyfour twentyfour twentyfive
twentynine twentynine
thirty thirty
thirtythree thirtythree
thirtyfour thirtyfour
thirtyfive thirtyfive
thirtysix thirtysix
thirtyseven thirtyseven
thirtynine thirtynine
fortyfour fortyfour fortyfive
fortyeight fortyseven fortyeight
fifty fifty
fiftyone fiftyone
fiftythree fiftythree
fiftyfive fiftyfive
fiftyseven fiftyseven
sixty sixty
sixtyone sixtyone
sixtytwo sixtytwo
sixtyfive sixtyfive
sixtysix sixtysix
sixtyseven sixtyseven
sixtyeight sixtyeight
seventy seventy
seventyone seventyone
seventyfive seventyfive
seventyseven seventyseven
seventyeight seventyeight
seventynine seventynine
eightyone eightyone
eightytwo eightytwo
eightyfour eightyfour
eightyeight eightyseven eightyeight ninetyfive
eightynine eightynine
