zero two three zero seven fourteen eight fifteen sixteen twentythree thirty twentythree twentyfour twentythree thirty thirtyseven fortyfour fiftyone fiftyeight fiftynine sixty fiftythree fiftyfour fiftyfive fiftysix sixtythree seventy sixtyfour seventyone seventyseven seventysix eightythree eightytwo eightyone eighty eightyseven eightysix eightyfive ninetytwo ninetynine onehunsix onehunthirteen onehuntwenty onehuntwentyseven onehuntwentyeight onehuntwentynine onehuntwentyeight onehunthirtyfive onehunthirtysix onehunfortythree onehunfifty onehunfiftyseven onehunfiftyeight onehunfiftynine onehunsixtysix onehunsixtyfive onehunsixtyfour onehunseventyone onehunseventy onehunsixtynine onehunseventyfive onehunseventyfour onehunseventythree onehunsixtysix onehunsixtyfive onehunsixtyfour onehunsixtythree onehunfiftysix onehunfiftyfive onehunsixtyone onehunsixty onehunfiftythree onehunfortysix onehunfortyfive onehunfortyfour onehunthirtyseven onehunthirty onehuntwentythree onehunsixteen onehunseventeen onehunten onehuneleven onehunfour ninetyseven ninetyeight ninetyone eightyfour seventyseven seventy sixtynine sixtyeight sixtynine sixtyeight seventyfive eightytwo eightythree eightyfour seventyeight seventynine eighty eightyseven ninetyfour onehunone onehuneight onehunseven onehunfourteen onehunfifteen onehunsixteen onehunseventeen onehuntwentyfour onehuntwentyfive onehuntwentysix onehuntwenty onehuntwentysix onehunthirtythree onehunforty onehunfortyseven onehunfiftyfour onehunfortyeight onehunfortynine onehunfiftysix onehunsixtythree onehunseventy onehunsixtynine onehunseventysix onehuneightytwo onehunseventyfive onehunseventyfour onehuneightyone onehuneighty onehuneightyseven onehunninetyfour onehunninetythree onehunninetytwo onehunninetyone onehuneightyfour onehunseventyseven onehunseventyeight onehunseventyone onehunsixtyfour onehunfiftyseven onehunfifty onehunfortythree onehunthirtysix onehuntwentynine onehuntwentytwo onehunfifteen onehuneight onehunone ninetyfour eightyseven eighty seventythree sixtysix fiftynine fiftytwo fiftythree fortysix fortyseven fortyeight fortynine fortythree thirtysix twentynine thirtyfive thirtyfour thirtythree twentysix twentyseven thirtyfour thirtythree thirtytwo thirtyone twentyfour twentyfive eighteen eleven ten three zero seven one zero six zero
90
one one
two two
three three
six six
seven seven
ten ten
eleven eleven twelve
fourteen fourteen
fifteen fifteen twenty
sixteen sixteen seventeen
twentythree twentythree
twentyfive twentyfive
twentysix twentysix
twentyseven twentyseven
twentynine twentynine
thirtythree thirtythree
thirtyfour thirtyfour
thirtyseven thirtyseven thirtyeight
fortythree fortythree
fortyfour fortyfour fortyfive
fortynine fortynine
fiftytwo fiftytwo
fiftythree fiftythree
fiftyfive fiftyfive
fiftyeight fiftyseven fiftyeight
sixty sixty
sixtyfour sixtyfour
sixtysix sixtysix
sixtyeight sixtyseven
sixtynine sixtynine
seventy seventy
seventyone seventyone seventytwo
seventyfive seventyfive
seventyseven seventyseven
seventyeight seventyeight
seventynine seventynine
eightytwo eightytwo
eightythree eightythree
eightyfour eightyfour
eightyseven eightyseven
ninetyeight ninetyeight
ninetynine ninetynine
onehunone onehunone
onehuneight onehuneight
onehunten onehunten
onehuneleven onehuneleven
onehunthirteen onehunthirteen onehunnineteen
onehunsixteen onehunsixteen
onehunseventeen onehunseventeen onehuneighteen
onehuntwenty onehuntwentyone
onehuntwentythree onehuntwentythree
onehuntwentyfour onehuntwentyfour
onehuntwentysix onehuntwentysix
onehuntwentyseven onehuntwentyseven
onehuntwentyeight onehuntwentyeight
onehunthirty onehunthirty
onehunthirtyfive onehunthirtyfive
onehunforty onehunforty
onehunfortythree onehunfortythree
onehunfortyfour onehunfortyfour
onehunfortyfive onehunfortyfive
onehunfortysix onehunfortysix
onehunfortynine onehunfortynine
onehunfifty onehunfifty
onehunfiftyfour onehunfiftyfour
onehunfiftyseven onehunfiftyseven
onehunfiftynine onehunfiftynine
onehunsixty onehunsixty
onehunsixtyone onehunsixtyone
onehunsixtythree onehunsixtythree
onehunsixtyfour onehunsixtyfour
onehunsixtyfive onehunsixtyfive
onehunsixtysix onehunsixtysix
onehunsixtynine onehunsixtynine
onehunseventy onehunseventy
onehunseventyone onehunseventyone
onehunseventythree onehunseventythree
onehunseventyfour onehunseventyfour
onehunseventyfive onehunseventyfive
onehunseventysix onehunseventysix
onehunseventyeight onehunseventyeight
onehuneighty onehuneighty
onehuneightyone onehuneightyone
onehuneightytwo onehuneightytwo
onehuneightyfour onehuneightyfour
onehuneightyseven onehuneightyseven
onehunninetyone onehunninety onehunninetyone
onehunninetytwo onehunninetytwo
onehunninetythree onehunninetythree
onehunninetyfour onehunninetyfour
