0 36 105 54 25 61 1 91 40 127 3 179 5 173 63 13 177 3 88 10 8 35 42 167 79 12 10 57 141 67 47 99 32 59 89 83 104 31 4 112 43 144 94 171 50 153 184 39 14 38 64 85 93 26 41 69 19 23 180 68 134 66 2 17 76 18 39 71 58 81 123 21 96 100 55 9 121 84 28 90 98 60 76 7 22 72 113 11 75 62 176 45 192 78 6 51 87 27 97 76 24 56 65 21 52 74 19 80 146 188 77 49 87 151 86 15 150 92 182 70 44 107 27 122 73 32 53 20 0
93
80 80
27 27
12 12
44 44
60 60
77 77
5 5
74 74
21 21
35 35
24 24
93 93
67 67
41 41 30
83 83
79 79
97 97
51 51
19 19
50 50
4 4
94 94
84 84
96 96 16
98 98
113 82
176 34
69 69
76 76
13 13
78 78
92 92
45 45
39 39
25 25
47 47
63 63
73 73
70 70
91 91
22 22
66 66
36 36
26 26
15 15
64 64
20 20
31 31
17 17 33
55 55
2 2
53 53
81 81
57 57
65 65
88 88
49 49
72 72
54 54
89 89
0 0
58 58
42 42
18 18
75 75 29
59 59
8 8
23 23
38 38
11 11
85 85
179 46 48
32 32
62 62
10 10
71 71
52 52
14 14
6 6
43 43
86 86
61 61
90 90
99 99
1 1
9 9
7 7
28 28
40 40
68 37 68
87 87
56 56
3 95 3
