0 33 34 75 76 35 32 77 32 35 76 75 34 33 0 59 60 61 21 62 63 62 21 61 60 59 0 78 38 79 40 37 80 81 82 81 80 37 40 79 38 78 0 4 57 58 57 4 0 41 42 83 84 85 44 45 86 45 44 85 84 83 42 41 0 24 25 27 26 28 23 74 23 28 26 27 25 24 0 49 50 87 47 88 48 89 48 88 47 87 50 49 0 51 52 53 54 3 55 56 55 3 54 53 52 51 0 66 67 68 69 70 71 72 71 70 69 68 67 66 0 17 13 17 0
35
3 3
4 4
13 11 12 13 14 15 16 18 19
17 17
21 21
23 23
24 24
25 25
26 26
27 27
28 28
32 32
33 33
34 34
35 35
37 37
38 38
40 40
41 41
42 42
44 44
45 45
47 47
48 48
49 49
50 50
56 1 2
58 5 6 7 8 9 10
63 20
72 22
74 29 30
77 31 36
82 39
86 43
89 46
