0 3 117 92 112 116 103 41 50 7 106 151 8 91 118 194 108 194 118 194 108 115 108 158 153 106 153 158 108 158 153 106 154 175 112 175 154 106 154 106 7 119 7 106 154 106 150 142 105 33 68 101 125 36 61 89 97 100 97 89 61 36 125 101 68 33 105 142 164 109 164 109 18 104 138 178 113 78 110 78 113 178 113 12 114 65 104 140 191 117 3 0
32
12 131 132 133
100 120 121 122 123
101 124 126 127 128 129 130
103 134 135 136 137
104 139
105 141 143 144 145 146
106 147 148 149 152
108 156 157 159 160
109 161 162 163 165 166 167 180
110 168 169 170
112 172 173 174 176 177
113 179
114 181 182 183 184 185
115 186 187
116 188 189 190
117 192 193
118 195 196
119 155 171 197 198 199
125 125
138 138
140 140
142 142
150 150
151 151
153 153
154 154
158 158
164 164
175 175
178 178
191 191
194 194
