pump need sweet pray literature fairy ensure row aspect minor freedom overlook survival descent guideline lot mouse reflection forest polish performance consideration appearance prospect pedestrian nominate attractive admiration title hierarchy affect anger brain formulate preoccupation judicial mud category sentiment packet sit pursuit ground lemon exercise valley reject park ghost button engineer distributor diagram genetic float unanimous plug pipe rock separate sticky wage tip feign hallway linger impound innovation range depressed wear gloom privilege physical parallel leadership line sacrifice pump
78
row row
guideline guideline
impound impound
feign feign
mouse mouse
park park
minor minor
admiration admiration
diagram diagram
descent descent
button button
prospect prospect
affect affect
need need
overlook overlook
pump pump
privilege privilege
aspect aspect
survival survival
parallel parallel
sacrifice sacrifice
mud mud
sit sit
packet packet
category category
ensure ensure
distributor distributor
line line
literature literature
gloom gloom
rock rock
appearance appearance
float float
tip tip
ghost ghost
pedestrian pedestrian
plug plug
consideration consideration
range range
leadership leadership
preoccupation preoccupation
wage wage
lemon lemon
sweet sweet
reflection reflection
unanimous unanimous
wear wear
sticky sticky
lot lot
anger anger
innovation innovation
ground ground
physical physical
pursuit pursuit
nominate nominate
exercise exercise
pipe pipe
sentiment sentiment
hierarchy hierarchy
valley valley
judicial judicial
linger linger
depressed depressed
hallway hallway
attractive attractive
separate separate
engineer engineer
polish polish
title title
reject reject
pray pray
freedom freedom
genetic genetic
brain brain
forest forest
performance performance
fairy fairy
formulate formulate
