F1E81B DD07FF 6C010A 8417C8 CDC6D4 770D1A 17779E FFFD4B 4B97F1 14994D EB8E2E 2CA4AD C4303B 1EC224 5BB557 846159 783751 D2BE39 490F1E 77A0B5 94A561 5F4E43 6B622D C953A6 013940 90451D CEAC59 5A3862 47FACD 5FD658 6C010A 1E1095 FFFD4B 2334E8 2924CB 596CF6 EB8E2E A9F1B8 24743A 5C7062 4CAD30 EB719D 14B430 E80628 112AE7 BB4908 B47658 5D0E2E 0CBC31 E3C2C9 8015E0 29D5D7 E33276 B23A80 8BFCAC 612FAA 124C90 D4A75D 1111F7 9D4968 85D6DB 7D997B 85D6DB 230A7C 2334E8 8C971D 8EBF8A 239994 B69F55 79BC3D 462226 396D53 813B05 6B644E 6CAF46 B7F75A EC4D08 205E5C 04439C 66048A 36590B 9096DB C9AF85 7BE8A9 FFEEBD 614224 CF668A 7829D7 36C862 AEFF96 10520F 191510 6B4619 CC9C14 A1F104 0F5860 002274 C3B3E7 EE2A22 59843B DE6899 BDE94D 2924CB 0C73D8 2334E8 851F90 D1967A 6F492E F1E81B
78
614224 614224
6CAF46 685D1A
490F1E 490F1E
17779E 17779E
6B622D 6B622D 4A28BA 8F17C0
8015E0 8015E0
C4303B C4303B
230A7C 230A7C
E3C2C9 E3C2C9
4CAD30 4CAD30
9D4968 AE4A01
D1967A D1967A
D4A75D D4A75D
851F90 851F90
EC4D08 28F6D1
7D997B E51A66
124C90 124C90
2CA4AD 7E1C6C
DE6899 DE6899
AEFF96 AEFF96
8BFCAC 8BFCAC
1111F7 6B340B 93EBE3 6966D7
04439C 8B6C2F
A9F1B8 52C88C
191510 305D33 2FEDFB
C3B3E7 C3B3E7
770D1A 770D1A
396D53 396D53
CEAC59 CEAC59
10520F C3EF62 F33196 61199E 4A5708
14B430 14B430
239994 239994
29D5D7 29D5D7
B69F55 2CCB19 B69F55
B7F75A B7F75A
013940 151BC9
F1E81B F1E81B
36C862 36C862
8417C8 8417C8
205E5C DCE144 BB40E6
A1F104 A1F104
0F5860 0F5860
8EBF8A 8EBF8A
5C7062 5C7062
5F4E43 5F4E43
5D0E2E 6E313C 2BF7B5
846159 6D51F4 D6CC7A
90451D 90451D
7829D7 7829D7
14994D 14994D
85D6DB 85D6DB 63361A
596CF6 596CF6
813B05 813B05
2924CB 1F842B
66048A 66048A
36590B 36590B
47FACD 47FACD
002274 D337F2
B47658 B47658
C953A6 8B519F
BB4908 E5E6C0 C18C9B BB4908
5BB557 5BB557
4B97F1 4B97F1
C9AF85 C9AF85
FFFD4B 573788 FFFD4B
1EC224 4099A6 293D59
783751 783751 20EAE7 ABD8FE
1E1095 1E1095
59843B 59843B
FFEEBD FFEEBD
9096DB 9096DB
E80628 E80628
0C73D8 E81014 7E78F3 86493E
77A0B5 77A0B5
CC9C14 CC9C14
94A561 94A561
0CBC31 8F495E 0CBC31
5A3862 3B4B53
