188645 C0766C 673B36 7E18E9 539A92 EC05F7 D27DC1 567883 0FBCDC 84EBFF 35FF16 A5CCB5 DBDC9A 94D700 3ADA02 61EDA9 E09D29 C98FE7 A5CCB5 35FF16 ACB11D FF8D45 784F83 7BF2B5 37F745 8D0852 70146D 29B2A4 724A76 467AB7 0D7DE7 2F1AB5 B833F0 FA567E EDC0CA EF4D57 3AA8C5 3B1041 7E5598 36D08C AFF8D1 35F60D B86446 35F60D AA8E14 D04F40 628AB2 B3243F 0801CC D443EB D7CAF9 CB09C0 2C101C E0E349 35FF16 A5CCB5 DBDC9A A7E9D9 B7B073 657F93 B833F0 FA567E 0FB66D 188645
44
AA8E14 AA8E14
A7E9D9 A7E9D9
2F1AB5 9B9BDD
37F745 37F745
0D7DE7 E954F7
567883 44716B
35F60D DD2694
B3243F 1276AF
C98FE7 C98FE7
188645 188645
DBDC9A DBDC9A 994F93
628AB2 628AB2
3ADA02 D5356A 3ADA02
36D08C 6D778A
D443EB D443EB
35FF16 500783 48C2D5 800641
539A92 539A92
CB09C0 CB09C0
94D700 94D700
EF4D57 EF4D57
0801CC 19FFAB 9B0EC2
724A76 724A76
C0766C 07D80A
84EBFF 84EBFF
D7CAF9 D7CAF9
D04F40 D04F40
29B2A4 29B2A4
7E18E9 7E18E9
AFF8D1 AFF8D1
3B1041 3B1041
8D0852 8D0852
784F83 784F83
A5CCB5 A5CCB5
EC05F7 FD1783
B86446 4FBDE1
0FBCDC 0A5C0E 0FBCDC
B7B073 B7B073
E09D29 E09D29
2C101C 2C101C
467AB7 467AB7
B833F0 B833F0
ACB11D D01E6B
FF8D45 FF8D45
0FB66D 0FB66D
