7FD578 4BCD0B 01684B 859C0E C3030C 7EA726 E5D023 2C376F 3E0BDD 283373 853F1A 1176C9 981760 B40756 9B7F16 57CBDE 9B7F16 57CBDE 19E454 719360 19E454 E5D023 7EA726 F94356 9A65B7 9F01C8 8633C5 853F1A 7FD578
19
9F01C8 9F01C8
F94356 A085DD
283373 877D0E
859C0E 859C0E
01684B 01684B 1EE680
7FD578 1AC5CE
853F1A 1BD5F4
3E0BDD 3E0BDD
1176C9 6C7BF0 1176C9
57CBDE EEEA40
2C376F 2C376F
981760 981760 FF39A5
9B7F16 6CAF19 9B7F16
719360 E27C41
B40756 B40756
4BCD0B 7B7BDE F4C859 61D740
E5D023 E5D023
8633C5 66B94B
C3030C 2E60FC
