context interaction road construction while departure aspect fat bread potato currency anxiety construction road reality wood force soil bread thanks state ability construction satisfaction store bit care teaching aspect association context
22
context context bedroom
aspect aspect
construction construction
teaching teaching
satisfaction satisfaction
state state
departure departure
reality reality
road road
ability ability
bread farmer bread
soil soil
currency currency
interaction interaction
wood wood
while while
bit bit
thanks thanks
anxiety anxiety
fat attempt fat
store store
care care
