maintenance example church maintenance version salad competition chest career action income population future chocolate future wife cause movie software day bread contract feature sign role rate account reputation woman volume resolution maintenance difficulty object price philosophy cause inspection class beer selection photo rock improvement salad maintenance driver property economy chest extent marketing contract version depression complaint farmer context cause average war reputation focus description reputation volume church maintenance
47
maintenance maintenance
future future
description description
sign sign
career career
church church
volume volume
reputation reputation
chest chest
cause cause
role role
income income obligation
version sister version
philosophy philosophy
difficulty difficulty
contract contract
depression depression
war war
inspection inspection
movie movie
bread bread
salad salad
property property
selection selection
feature feature
day day
wife wife
price price
action action
marketing marketing
photo photo
account account
resolution resolution
beer beer
woman woman
context context
complaint complaint
competition competition style
driver driver
economy economy
rate rate
average average
focus focus
population population
object object
example example
rock rock
