engine bath understanding side volume meal flight network funeral fact mind secretary dirt money problem extent measurement strategy chapter dealer song figure engine singer step departure two temperature feature tax buyer space member age statement extent town girl process interaction age leadership model error equipment error stranger effort class age energy menu bus engine editor temperature analyst gift variation age ear age bath education drawer card view standard extent failure age beginning ratio area stranger section interaction sport speech stranger aspect teaching answer poetry worker significance material temperature preparation data moment time tension theory stranger idea reputation question equipment delivery card director grandmother statement accident age reputation machine strategy piano war poetry clothes interaction choice emphasis effort song birth situation bath engine
82
engine business teacher engine engineering
extent tooth
age age
temperature temperature
error error
reputation reputation
interaction interaction
bath light promotion politics difficulty eye sympathy police
significance significance
flight flight
delivery delivery
dealer dealer
menu menu
card card
situation situation
girl girl
emphasis emphasis
member member
song song
preparation preparation
process process
speech speech
grandmother grandmother
area area
mind mind
energy energy
secretary secretary
leadership leadership
failure failure
standard standard
moment moment
model model
funeral office funeral
problem problem
meal meal
chapter chapter
tax tax
material material
accident accident
tension tension
drawer drawer
beginning beginning
figure figure
director director
dirt dirt
sport sport
choice choice
side beer performance drawing side
aspect aspect
data data
machine machine
clothes clothes
two two
measurement measurement
view view
ear ear
piano piano
time time
money money
volume volume satisfaction source series
section section
bus bus
worker worker
idea idea
ratio ratio
town town
answer answer
fact fact
birth birth
singer singer
analyst analyst
education education
departure departure
buyer buyer
editor editor
war war
variation variation
space space
understanding understanding country tool
step step
teaching teaching
class class
