S BK X AI T R CS G CD F CM AW CI AN BC AW BG C AR B AX CT AQ AN AP M W AY Y AN AG AW BJ AN CF L AT P AF D CV E U O BP J BS Q AK V CQ AN AD H CK AC CC CB CL K CN AN BX AW AU C BV AN AS Q BM AB AL A BY AN BE N AZ I BA Q AE AN AO Q AA BR S
73
A A
B B
C C
D D
E E
F F
G G
H H
I I
J J
K K
L L
M M
N N
O O
P P
Q Q
R R
S S
T T
U U
V V
W W
X X
Y Y
AA AA
AB AB
AC AC
AD AD
AE AE
AF AF
AG AG
AI AI
AK AK
AL AL
AN AN
AO AO
AP AP
AQ AQ
AR AR
AS AS
AT AT
AU AU
AW Z AH AJ AM AV AW BB BD BF BH BI BL BN BO BQ BT BU BW BZ CA CE CH CJ CO CP CR CU CW
AX AX
AY AY
AZ AZ
BA BA
BC BC
BE BE
BG BG
BJ BJ
BK BK
BM BM
BP BP
BR BR
BS BS
BV BV
BX BX
BY BY
CB CB
CC CC
CD CD
CF CF
CI CI
CK CK
CL CL
CM CM
CN CN
CQ CQ
CS CS
CT CT
CV CV
