a1 a5 a6 a70 a69 a65 a64 a60 a59 a107 a155 a91 a92 a93 a89 a88 a87 a86 a70 a69 a70 a166 a165 a164 a163 a162 a161 a160 a156 a155 a107 a108 a109 a108 a107 a11 a12 a13 a12 a11 a171 a155 a187 a59 a58 a57 a56 a55 a54 a38 a37 a38 a150 a149 a148 a147 a146 a145 a144 a140 a139 a123 a27 a28 a29 a28 a27 a107 a106 a107 a59 a60 a61 a60 a59 a27 a26 a27 a75 a74 a73 a77 a76 a75 a11 a187 a188 a189 a188 a187 a139 a171 a170 a169 a173 a169 a168 a164 a165 a166 a102 a101 a100 a104 a105 a106 a107 a91 a139 a140 a141 a137 a136 a135 a134 a54 a6 a7 a8 a9 a10 a11 a43 a44 a45 a44 a43 a91 a92 a93 a94 a95 a96 a97 a98 a99 a100 a101 a102 a118 a134 a150 a118 a117 a118 a182 a181 a180 a184 a185 a186 a187 a43 a42 a43 a171 a172 a176 a177 a181 a182 a6 a102 a101 a102 a166 a165 a166 a86 a22 a21 a17 a18 a19 a20 a21 a22 a86 a85 a84 a88 a89 a90 a91 a27 a75 a139 a138 a137 a136 a132 a131 a130 a129 a128 a124 a125 a124 a123 a27 a107 a155 a154 a153 a157 a156 a155 a59 a107 a108 a112 a113 a117 a118 a6 a5 a6 a38 a37 a38 a118 a117 a118 a54 a53 a54 a102 a70 a166 a6 a5 a6 a86 a85 a86 a38 a150 a149 a145 a144 a140 a139 a59 a123 a139 a138 a137 a136 a135 a134 a150 a149 a150 a86 a85 a86 a54 a53 a54 a6 a5 a1
85
a1 a1 a3
a5 a4
a6 a6
a9 a9
a11 a11
a12 a12
a13 a14
a17 a17
a19 a19
a20 a20
a22 a22
a27 a27
a28 a28
a29 a25 a30
a37 a33 a35 a36
a38 a38
a43 a43
a44 a44
a45 a41 a46
a53 a49
a54 a54
a56 a51 a52
a57 a57
a59 a59
a60 a60
a61 a62
a65 a65
a69 a67 a68
a70 a70
a73 a73
a75 a75
a76 a76
a77 a78
a84 a83 a84
a85 a81
a86 a86
a89 a89
a91 a91
a92 a92
a94 a94
a97 a97
a99 a99
a100 a100
a102 a102
a105 a105
a107 a107
a108 a108
a109 a110
a113 a113
a117 a115 a116
a118 a118
a123 a123
a124 a124
a125 a121 a126
a129 a129
a131 a131
a132 a132
a134 a134
a137 a137
a139 a139
a140 a140
a141 a142
a145 a145
a147 a147
a148 a148
a150 a150
a153 a153
a155 a155
a156 a156
a157 a158
a161 a161
a163 a163
a164 a164
a166 a166
a169 a169
a171 a171
a172 a172
a173 a174
a177 a177
a180 a179 a180
a182 a182
a185 a185
a187 a187
a188 a188
a189 a190
