Bowles Birge Bechtel Cory Jacob Foothill Dwinelle Haas Crossroads Lawrence Crossroads Haas Dwinelle Foothill Haviland Foothill Jacob Cory Stanley Moses Greek Stebbins Greek Unit2 Milano Unit2 Wolf StrawberryCreek Wilde Bechtel Cory Stanley LeConte Campanile Wurster McCone Spats Stonefire Spats McCone Wurster Campanile LeConte Stanley Cory Jacob Foothill Davis Foothill Jacob Cory Stanley LeConte Campanile Bongo Artichokes Bongo Campanile LeConte Stanley Campbell MemorialStadium Hargrove BearFoodCourt SigmaPhiOmega Evan Moffitt Evan Blackwell McLaughlin Blackwell Evan Jacob Cory Stanley Moses Pimentel Moses RareTea Moses Stanley Cory Bechtel Latimer Bechtel Cory Stanley LeConte VLSB Chez VLSB LeConte Stanley Cory Bechtel Birge Bowles Calvin Graduate Calvin Bowles
40
Cory Extension
Jacob Unit3 CKerr WayWest Ridge Chipotle Barker GammaPhiBeta MFoundry
Evan Evan
Bechtel Maxwell Baker Barrows Simons TacoBell Strada Daiso RoseGarden AlphaSigmaPhi
Foothill Foothill Unit1
Campbell Campbell Doe Koshland
Moffitt Cloyne
LeConte RSF ALS
Latimer Mulford Edwards Rochdale Crescent Easterly
Haviland Morgan Martinez
Birge Birge
Campanile Campanile
Bowles LaVals
Moses Moses Wellman Sutardja
Dwinelle HearstAnnex Lothlorien
VLSB VLSB Boalt Kresge PeoplesPark Castro
Haas Haas Pavilion
Wurster Wurster Zellerbach
Blackwell Blackwell
Greek Greek
McLaughlin GenPlantBio
Calvin Calvin Etcheverry
Davis Hildebrand Browns YogurtPark
Pimentel Stacks Sherman
Unit2 Unit2
Bongo Bongo ShengKee
Milano IndianRock
Chez NorthGate
Crossroads Crossroads
Lawrence UCTheatre NCEM
RareTea Gypsys
Graduate Graduate
Wilde Wilde
Stebbins Safeway
Wolf Wolf
Spats Spats
Artichokes Cheeseboard
Stonefire PiLambda PiAlphaPhi
StrawberryCreek StrawberryCreek
BearFoodCourt BearFoodCourt
