Wheeler Doe Campanile LeConte Birge Campbell Haviland Koshland Stonefire Haas Minor Maxwell MemorialStadium Maxwell Minor Haas Faculty FSM Baker CZ Baker McCone BigC Pavilion BigC Bongo FallRush Metropolitan Ippuku WayWest Cloyne Cafe3 Hearst Davis Kresge Normandy Cheit Pimentel Anthony HearstAnnex Stephens South McLaughlin Memorial Haviland Campbell LeConte Campanile Doe Wheeler Evans Morrison Greek Cory Greek Morrison Evans Latimer Stanley Latimer Etcheverry VLSB Etcheverry Latimer Evans Morrison Hertz Kroeber Wurster Kroeber Hertz Morrison Evans Wheeler
28
Cory Jacobs
Stanley Foothill
Birge Birge
Morrison Morrison
Stephens Moses
Wheeler Sproul Dwinelle
VLSB Martinez Barker Unit3 OCF Moffitt
Koshland RSF
Haas Haas
Wurster Boalt
Memorial IHouse
Greek Bechtel
MemorialStadium Hargrove
McLaughlin McLaughlin
Kroeber Kroeber
Etcheverry Etcheverry
Anthony Anthony
Cheit Cheit
WayWest Warren
Cloyne Cloyne
Metropolitan Metropolitan
Davis Davis
Hearst Hearst
McCone CKerr
Baker Baker
CZ Fiji
Stonefire Stonefire
Pavilion Unit2 Legends TriDelta PeoplePark
