86 133 55 40 58 23 185 43 92 133 86 125 49 98 91 147 184 151 80 151 127 94 118 129 111 142 156 39 133 36 134 131 109 145 167 99 79 61 71 188 47 20 36 70 147 160 151 192 62 130 4 142 12 48 143 117 103 10 187 98 187 35 68 55 114 32 159 32 15 61 15 122 49 19 166 149 12 8 114 94 46 25 150 95 156 62 98 5 3 127 94 136 115 101 133 116 78 147 140 25 154 142 111 54 67 93 58 26 180 66 55 121 111 54 171 97 115 169 86
74
4 179
5 5
8 8
10 10
12 123 181
19 19
20 82
23 163
25 153
26 26
32 157
35 35
36 36
39 56 177
40 38 64
43 51
47 41
48 48
54 54
55 132
58 28 73
61 69
62 84 89 110
66 66
68 90 100
70 57 175
71 71
78 14
79 21 30 137
80 194
86 120
91 91
92 92 174
93 93
94 94
97 97
98 107 126 148 173 189
99 11
101 101
109 13
111 76
114 1 52 105
115 53
116 116
117 117
121 121
122 122
125 125
127 72 87 183
129 129
131 196
133 152
134 44
140 140
142 22 74
143 6
145 145
147 45 113 138 158
149 149
150 150
151 17 27
154 154
156 156
159 159
160 160
167 146
169 169
171 75
180 106
184 184
185 185
187 2
188 139 198 199
192 192
