110 77 195 163 15 67 145 190 122 91 132 90 28 29 154 19 83 101 5 161 182 85 66 87 193 123 43 52 36 147 107 126 149 79 1 73 47 45 131 6 140 51 141 18 165 22 53 175 152 64 56 170 14 40 30 160 176 11 13 142 38 81 124 100 60 159 98 189 20 25 41 192 50 96 44 168 99 181 138 55 39 148 74 178 72 199 103 26 110
88
1 1
5 5
6 6
11 11
13 13
14 14
15 15
18 18
19 19
20 20
22 22
25 25
26 26
28 28
29 29
30 76 30 94
36 36
38 38
39 171 39
40 40
41 41
43 43
44 44
45 45
47 47
50 50
51 51
52 52
53 53
55 55
56 56
60 60
64 64
66 66
67 67
72 72
73 54 197 169 73
74 172 92 74
77 77
79 79
81 81
83 83
85 85
87 87
90 90
91 91
96 96
98 98
99 99
100 100
101 101
103 103
107 107
110 110
122 122
123 123
124 124
126 126
131 131
132 132
138 127 3 138
140 140 121
141 141
142 142
145 145
147 147
148 148
149 149
152 152
154 0 154
159 159
160 160
161 161
163 163
165 165
168 168
170 170
175 175
176 176
178 178
181 181
182 182
189 189
190 190
192 192
193 193
195 195
199 199
