Location0 Location43 Location19 Location45 Location23 Location33 Location95 Location41 Location12 Location39 Location17 Location110 Location46 Location38 Location61 Location5 Location11 Location17 Location3 Location28 Location9 Location10 Location30 Location62 Location31 Location1 Location8 Location40 Location89 Location24 Location115 Location37 Location2 Location14 Location22 Location16 Location92 Location87 Location101 Location13 Location44 Location18 Location25 Location34 Location36 Location63 Location35 Location20 Location21 Location26 Location55 Location79 Location15 Location6 Location43 Location0
41
Location1 Location1
Location2 Location2
Location3 Location3
Location5 Location5
Location6 Location6
Location8 Location8
Location9 Location9
Location10 Location10
Location11 Location11
Location12 Location12
Location13 Location13
Location14 Location14
Location15 Location15
Location16 Location16
Location17 Location17
Location18 Location18
Location19 Location19
Location20 Location20
Location21 Location21
Location22 Location22
Location23 Location23
Location24 Location24
Location25 Location25
Location26 Location4 Location7 Location26
Location28 Location28
Location30 Location29 Location30
Location31 Location31
Location33 Location33
Location34 Location34
Location35 Location35
Location36 Location36
Location37 Location37
Location38 Location38
Location39 Location39
Location40 Location40
Location41 Location41
Location43 Location43
Location44 Location27 Location44
Location45 Location45
Location87 Location42
Location110 Location32
