1 174 20 156 49 137 130 159 95 106 27 169 33 60 83 2 8 133 10 55 34 189 31 165 144 77 92 42 136 171 164 167 16 47 89 74 101 102 161 41 61 35 85 143 162 51 81 157 40 150 140 44 56 139 88 75 13 3 184 129 151 193 58 198 127 124 36 80 50 46 59 69 116 138 110 141 126 6 26 70 68 111 87 37 131 9 57 176 99 103 53 82 97 177 182 84 86 1
95
1 1
2 2
3 3
6 6
8 8
9 9
10 10
13 13
16 16
20 20
26 26
27 27
31 31
33 21 33 200
34 34
35 35
36 36
37 37
41 41
42 42
44 44
47 47
49 49
50 50
51 51
53 53
55 55
56 56
57 57
58 58
59 59
60 60
61 61
68 68
69 69
70 70
74 74
75 75
77 77
80 80
81 81
82 82
83 83
84 84
85 85
86 86
87 87
88 88
89 89
92 92
95 95
97 97
99 99
101 101
102 102
103 103
106 106
110 110
111 111
116 116
124 124
126 126
127 127
129 129
130 130
131 131
133 133
136 136
137 137
138 138
139 139
140 140
141 141
143 143
144 144
150 150
151 151
156 156
157 157
159 159
161 161
162 162
164 164
165 165
167 167
169 169
171 171
174 174
176 176
177 177
182 182
184 184
189 189
193 193
198 198
