0 15 14 12 16 17 13 9 20 21 30 35 37 38 37 35 30 21 20 9 13 17 16 12 14 15 0 50 65 64 65 50 0 15 14 15 0 50 65 64 62 66 67 63 61 63 67 66 62 64 65 50 0 15 14 12 16 17 13 9 20 21 30 35 37 38 37 35 30 21 20 9 13 17 16 12 14 15 0 50 100 150 199 198 194 197 183 184 180 171 170 168 157 158 157 168 170 171 180 184 183 197 194 198 199 150 100 50 0 1 0
21
1 1
9 10
13 4
14 2 3
20 5 6
30 22 24 25 26 27 33 47 44 48 49
38 46 42 36 40 41
50 51
61 54
63 55 56 60 72 74 75 76 77 83 97 94 98 99 96 92 86 90 91
64 52 53
100 101 102 103 104 105 106 110 122 124 125 126 127 133 147 144 148 149 146 142 136 140 141
150 151 152 153
158 155 156
170 154 160
180 172 174 175 176 177 196 192 186 190 191
183 183
194 194
197 197
198 198
199 199
