31 107 112 146 186 199 179 180 197 169 195 184 164 168 175 196 12 120 89 125 35 64 30 119 131 13 58 6 69 60 110 148 42 77 127 29 33 105 191 171 170 198 173 188 167 46 52 128 65 114 48 99 156 140 82 152 88 28 9 108 93 147 49 106 27 68 7 32 134 138 38 151 34 141 81 115 14 66 117 123 103 22 86 160 67 4 80 143 47 121 74 31
90
4 4
6 6
7 7
9 9
12 137 12
13 13
14 14
22 22
27 27
28 28
29 57 29
30 30
32 32
33 33
34 34
35 35
38 38
42 42
46 46
47 47
48 48
49 78 49
52 52
58 58
60 60
64 64
65 65
66 66
67 67
68 68
69 69
74 74
77 77
80 80
81 81
82 82 21 94 149 45
86 86
88 88
89 89
93 93
99 99
103 103
105 105
106 106
107 107
108 108
110 110
112 112
114 114
115 115
117 117
119 119
120 120
121 121
123 123
125 125
127 127
128 128
131 131
134 134
138 138
140 140
141 20 141
143 143 90
146 146
147 147
148 148 83
151 151
152 152
156 156
160 160
164 164
167 167
168 168
169 169
170 170
171 171
173 173
175 175
179 179
180 180
184 184
186 186
188 188
191 191
195 195
196 196
197 197
198 198
199 199
