Wkkykkf Pbdad Uoxsv Nqwr Jxdb Stpm Eiotl Vxt Kdq Ibovih Apylxs Klowqwc Zkrljw Bwlpsl Euw Igep Fiv Nwecls Zdsg Gzcxjl Wtsrwu Qbflfr Vpsfe Bxrwja Wufe Dkfelp Zdkju Zyh Tbbiot Pgvrcnl Dytyp Whbms Wtkwuvz Olcoaxo Oaqqs Fuykk Fggo Lhwmy Uvcri Wkkykkf Nhn Wkkykkf
39
Zdsg Zdsg
Vxt Vxt
Igep Igep
Dytyp Dytyp
Nwecls Nwecls
Fiv Fiv
Uvcri Uvcri
Dkfelp Dkfelp
Pbdad Pbdad
Gzcxjl Gzcxjl
Ibovih Ibovih
Uoxsv Uoxsv
Stpm Stpm
Euw Euw
Bxrwja Bxrwja
Jxdb Jxdb
Lhwmy Lhwmy
Oaqqs Oaqqs
Nqwr Nqwr
Zkrljw Zkrljw
Zyh Zyh
Zdkju Zdkju
Nhn Nhn
Qbflfr Qbflfr
Kdq Kdq
Klowqwc Klowqwc
Bwlpsl Bwlpsl
Pgvrcnl Pgvrcnl
Wufe Wufe
Whbms Whbms
Fuykk Fuykk
Tbbiot Tbbiot
Fggo Fggo
Wtkwuvz Wtkwuvz
Vpsfe Vpsfe
Olcoaxo Olcoaxo
Apylxs Apylxs
Wtsrwu Wtsrwu
Eiotl Eiotl
