142 167 151 93 118 190 183 0 26 149 22 185 5 115 39 188 137 66 106 111 90 143 77 160 108 148 46 4 174 3 91 181 18 103 6 17 171 135 137 48 76 24 37 178 195 158 69 64 122 128 68 152 41 133 33 156 56 157 21 150 99 141 179 116 40 176 182 35 131 63 171 140 30 139 153 181 18 181 151 159 45 8 163 100 34 175 130 193 16 177 126 140 30 139 153 139 145 72 27 147 58 121 137 66 137 121 142
52
3 3
4 4
8 31
16 16
17 186 55
18 70
21 21
22 22
30 30
33 33
34 34
35 35
39 39
41 41
46 46
48 48
58 58
63 63
64 64
66 44
69 69
76 76
77 77
90 90
91 91
93 93
103 7 89
106 106 127
108 108
115 115
118 197 38
121 121
133 133
135 97
137 137
140 129 140
141 141
145 145
150 150
151 144 151
153 23
157 157
158 158
159 159
167 167
174 174
177 177
178 178 14
181 181
183 183
193 124 60
195 195
