149 14 68 78 81 92 32 71 88 94 27 15 86 19 60 57 97 95 67 30 93 54 73 3 26 49 52 13 25 6 11 5 10 90 89 22 38 55 74 80 36 24 82 77 98 91 50 41 29 33 79 23 99 51 44 37 18 20 45 2 96 76 100 16 59 75 4 17 70 83 1 56 21 85 58 12 65 61 9 46 87 39 53 149
82
1 1
2 2
3 3
4 4
5 5
6 6
9 9
10 10
11 11
12 12
13 13
14 14
15 15
16 16
17 8 17 35
18 18
19 19
20 20
21 21 34
22 22
23 23
24 24
25 25
26 26
27 27
29 29 43
30 30
32 32
33 7 28 33 64 66
36 36 42 69
37 37
38 38 84
39 39
41 41
44 44
45 45
46 46
49 49
50 50 62
51 51
52 52
53 53
54 54
55 47 55
56 56
57 57 72
58 58
59 59
60 60 63
61 61
65 40 65
67 67
68 68
70 70
71 71
73 73
74 74
75 75
76 76
77 77
78 78
79 79
80 80
81 81
82 82
83 83
85 85
86 86
87 87
88 88
89 89
90 90
91 91
92 92
93 93
94 31 94
95 95
96 96
97 48 97
98 98
99 99
100 100
