xse rsg dkp nsw ymw jfh qjf tko ogh bod qkp yug gex ljd cma tso tdu rjv aeg xeh ruo byu ttw ptu uau svk agh bnl nko wiy qbf fyc vzr mti miy fhv khu fzi pvs ocp wyg pjf gex nii ukv idv hmi vtd kpp jgt nwn kxn adx vlb fgp xjt ceo tlh ksg vvn svk bda uwo ikb xme vwg rtc nfr lrj qwk hpx wbg aii lvm fia nmf nwc qzf zdb phg jam ybr uok cen ego fin dgl nwn uuw vmt emz hks vzr nhi nry cun fbk vmv fjy qxs zkt qdw krr ils hcr xse
92
jfh jfh
xme xme
uau uau
vvn vvn
nii nii
bod bod
vzr vzr
byu byu
ttw ttw
uuw uuw
zkt zkt
bda bda
yug yug
jam jam
ljd ljd
vmt vmt
mti mti
ocp ocp
fzi fzi lwk
lrj lrj bdh
nko nko
nry nry
aii aii
ruo ruo
fjy fjy
hmi hmi
qbf qbf
hpx hpx
vmv vmv
qkp nvz
adx adx
qjf qjf
nhi nhi
kpp kpp
jgt jgt
aeg aeg
ybr ybr
lvm lvm
fia fia
qxs qxs
tso tso
tko tko
wyg wyg
svk svk
cen cen kfu
wiy wiy
khu khu
qdw qdw
miy miy
nwc nwc
uok loj uok
cma cma
tdu tdu
fin fin
rtc rtc txq
fhv fhv
ogh ogh
nsw nsw
pjf pjf
fbk fbk
cun cun
vwg vwg
ptu ptu
fyc fyc
hcr hcr
xjt xjt
kxn kxn
idv idv
nmf nmf
ikb ikb
krr krr
bnl bnl
zdb zud ckx zdb
xeh xeh
ksg ksg
vtd vtd
vlb mok
pvs pvs
wbg wbg
dgl dgl
emz emz
rjv rjv
ukv ukv
uwo uwo
phg phg
rsg rsg
gex gex
nfr nfr
tlh tlh
ego ego
ils ils
fgp fgp
