azv oqv rti ufa cib mpw boc mis hsi jvc rov rfl uyd gfr lmh zuz ivp hcc ovx ijd dqy jwx yiy wpu yvc ipq gcw mtd yfq ncc vfq eqa cwq gei pzr aur scm sau qzx uua rcw hlc hwc wcd cim cwq brw hyb xie azv
48
wcd wcd
mis mis
rfl rfl vxn
wpu hip
gei gei ctf
azv azv
rti rti
zuz zuz
oqv oqv
aur aur
hcc hcc
brw brw
yvc yvc
ipq ipq
ufa ufa
uua uua
hlc hlc
hwc hwc
xie xie
yiy yiy
pzr pzr
gfr gfr
hsi hsi
rcw rcw
jvc jvc
hyb hyb
boc boc
sau sau
cib cib
ijd ijd
mpw mpw
ivp ivp
eqa eqa
ovx ovx
lmh lmh
scm scm
vfq vfq
qzx qzx
cim cim
jwx jwx
dqy dqy
rov rov
ncc ncc
uyd uyd
gcw gcw
cwq cwq
mtd mtd
yfq yfq
