Potrero Calaveras Boulevard Merced Oceanside Fiorini Balsdon Chinese Fremont Ida Clayton Hume Woffard Banning Smoke Santa Ames 18th Linden Warner Richvale Carmel Laguna All Meyers Potrero
25
Balsdon Balsdon
Calaveras Calaveras
Meyers Meyers
Woffard Woffard
Banning Banning
Laguna Laguna
Clayton Clayton
Ames Ames
Warner Warner
Carmel Carmel
Fiorini Fiorini
Oceanside Oceanside
Ida Ida
Potrero Potrero
Santa Santa
Richvale Richvale
Hume Hume
Smoke Smoke
Linden Linden
Fremont Fremont
Boulevard Boulevard
18th 18th
All All
Chinese Chinese
Merced Merced
