Encanto Banning Delta Vernon Cabbage Warner Welden Woodbridge Garden Willow Alpaugh Two Costa Beach Ramona Green Cypress Bonita Cherokee Riverside Shafter Presidio Clayton City Ames Jane Los Homestead Moccasin All Chinese Santa Quail Woffard Richvale Granite Elmira Kern Kentfield Pumpkin Foothills Mount Sherman Laguna Yurok Forest Glencoe Vista McAuley Smoke Encanto
50
Woffard Woffard
Banning Banning
Laguna Laguna
Clayton Clayton
Ames Ames
Warner Warner
Kentfield Kentfield
Ramona Ramona
Santa Santa
Richvale Richvale
Kern Kern
Smoke Smoke
Garden Garden
Vista Vista
Delta Delta
Elmira Elmira
Presidio Presidio
Welden Welden
Sherman Sherman
All All
Chinese Chinese
Yurok Yurok
Foothills Foothills
Granite Granite
Quail Quail
City City
Los Los
Pumpkin Pumpkin
Riverside Riverside
McAuley McAuley
Mount Mount
Two Two
Homestead Homestead
Alpaugh Alpaugh
Woodbridge Woodbridge
Cypress Cypress
Cherokee Cherokee
Costa Costa
Encanto Encanto
Moccasin Moccasin
Glencoe Glencoe
Jane Jane
Vernon Vernon
Green Green
Shafter Shafter
Beach Beach
Forest Forest
Willow Willow
Cabbage Cabbage
Bonita Bonita
