loc0 loc71 loc139 loc29 loc149 loc101 loc1 loc53 loc151 loc65 loc5 loc145 loc125 loc133 loc157 loc43 loc149 loc153 loc95 loc85 loc137 loc17 loc83 loc159 loc183 loc107 loc77 loc123 loc85 loc61 loc103 loc93 loc69 loc80 loc117 loc41 loc155 loc141 loc121 loc58 loc181 loc15 loc21 loc41 loc47 loc197 loc193 loc116 loc199 loc109 loc111 loc185 loc21 loc113 loc165 loc13 loc141 loc49 loc81 loc11 loc49 loc14 loc143 loc55 loc1 loc91 loc171 loc20 loc79 loc89 loc51 loc27 loc131 loc167 loc97 loc161 loc147 loc163 loc73 loc23 loc169 loc59 loc135 loc173 loc37 loc83 loc33 loc25 loc87 loc67 loc129 loc45 loc9 loc75 loc40 loc63 loc189 loc139 loc195 loc105 loc119 loc7 loc39 loc175 loc31 loc177 loc57 loc187 loc150 loc191 loc0
94
loc1 loc1
loc5 loc5
loc7 loc7
loc9 loc9
loc11 loc11
loc13 loc13
loc15 loc15
loc17 loc17
loc21 loc21
loc23 loc23
loc25 loc25
loc27 loc27
loc29 loc29
loc31 loc31
loc33 loc33
loc37 loc37
loc39 loc39
loc41 loc41
loc43 loc43
loc45 loc45
loc47 loc47
loc49 loc49
loc51 loc51
loc53 loc53
loc55 loc55
loc57 loc57
loc59 loc59
loc61 loc61
loc63 loc63
loc65 loc65
loc67 loc67
loc69 loc69 loc127
loc71 loc71
loc73 loc73
loc75 loc75
loc77 loc77
loc79 loc79
loc80 loc3
loc81 loc81
loc83 loc35 loc83
loc85 loc85
loc87 loc87
loc89 loc89
loc91 loc91
loc93 loc93 loc99 loc179
loc95 loc95
loc97 loc97
loc101 loc101
loc103 loc103
loc105 loc105
loc107 loc107
loc109 loc109
loc111 loc111
loc113 loc113
loc117 loc117
loc119 loc119
loc121 loc121
loc123 loc123
loc125 loc125
loc129 loc129
loc131 loc131
loc133 loc133
loc135 loc135
loc137 loc137
loc139 loc139
loc141 loc141
loc143 loc143
loc145 loc19 loc145
loc147 loc147
loc149 loc115 loc149
loc151 loc151
loc153 loc153
loc155 loc155
loc157 loc157
loc159 loc159
loc161 loc161
loc163 loc163
loc165 loc165
loc167 loc167
loc169 loc169
loc171 loc171
loc173 loc173
loc175 loc175
loc177 loc177
loc181 loc181
loc183 loc183
loc185 loc185
loc187 loc187
loc189 loc189
loc191 loc191
loc193 loc193
loc195 loc195
loc197 loc197
loc199 loc199
