1 5 4 8 9 13 12 16 17 18 19 46 47 48 44 45 41 40 36 37 33 32 31 30 29 28 27 26 25 24 23 22 171 170 169 173 172 176 177 181 182 139 138 137 141 140 144 143 142 163 164 165 166 165 161 160 156 157 153 157 158 67 66 65 69 68 67 150 151 152 148 149 145 146 147 94 93 89 88 87 86 51 50 49 53 52 56 52 56 57 61 60 59 102 123 122 121 125 124 125 126 115 134 135 136 132 131 78 79 80 76 77 76 75 134 3 2 1 200 196 197 193 192 191 190 107 106 105 109 108 112 111 110 99 100 101 97 96 95 94 93 92 91 118 119 120 116 115 110 99 198 199 200 1
96
2 2
4 4
5 5
8 7
9 10
12 12
13 13
16 15
17 21
18 18
23 23
24 20
26 26
28 28
29 29
31 31
33 34
36 36
37 37
40 39
41 42
44 44
45 45
47 47
50 50
52 52
53 53
56 55
57 58
60 60 63
61 61
66 66
68 68 71
69 69
75 74
76 76
77 77
79 79
80 82
86 85
87 87
88 84
89 90
92 92
93 93
95 95
99 98
100 100
101 101
102 103
106 106
108 108
109 109
111 111
115 114
116 116
118 117
119 119
122 122
124 124
125 125
126 127
131 130
132 132
134 133
135 135
138 138
140 140
141 141
143 143
146 146
148 148
149 149
151 151
153 154
156 156
157 157
160 159
163 162
164 164
165 165
166 167
170 170
172 172
173 173
176 175
177 178
181 180 181
182 183
190 189
191 191
192 186 188
193 194
196 196
197 197
199 199
