Ippudo Platano Gypsys EastAsianLibrary Campbell HearstMining Chipotle Yifang NorthHall DavisHall TukTukThai BSC ClarkKerr Stern BerkeleyHigh Toss YogurtPark OptometryBuilding LaBurrita BerkeleyBart LaBurrita Unit3 NoodleGirl MemorialStadium Artichokes SnackShack AmoebaMusic LeConte AshaTeaHouse JacobsApartment Blackwell Milkbomb ThaiBasil BrandyMelville FireTrails TheHabit UCafe UniversityVillage TToust Crossroads LiKaShing Crossroads SouthHall Ucha YogurtPark TraderJoes Gather Spats WursterHall HearstGym Flavia UCafe Bonchon Wheeler GSPP EastBaySpiceCompany HesseHall Kips Foothill Milkbomb Ikea GiauqueHall Morganhall StrawberryCreek Namaste Bowles HearstAnnex Bowles Namaste MemorialGlade Campbell EastAsianLibrary LittleCampanile WindmillCoffee PokeBar Plentea ClarkKerr DollarTree TripleRock Cinnaholic Tilden LatimerHall Jupiter TopDog Firewings Quicklys PeoplesPark ThaiNoodle Cafe3 LeConte AshaTeaHouse JacobsApartment Blackwell JacobsApartment AshaTeaHouse CaliforniaHall Gadani Marugame BobbyGPizza ImmThai TToust UniversityVillage Fengcha Ikes Eureka Campbell HearstMining Chipotle HAAS Mezzo BerkeleyArtStudio Quicklys PeoplesPark ThaiNoodle Cafe3 LeConte Campanile TPTea TennisCourts BobaNinja TToust UniversityVillage UCafe Flavia SmokesPoutinerie LewisHall BagOCrab GreekTheatre ACuppaTea Wikiwiki Underhill HortonHall Cinnaholic HortonHall Shengkee LowerSproul Artichokes MemorialStadium Cheeseboard BancroftLibrary TennisCourts BobaNinja TToust Crossroads LiKaShing BanshoRamen Raretea FoxTheater GrizzlyPeak AmoebaMusic LeConte Cafe3 ExtremePizza LaNote Homeroom Underhill SteamTrains Underhill Wikiwiki NoodleGirl MSRI Gongcha Ikes BetaLounge NatApartment HildebrandHall Soda Platano Ippudo
81
Wheeler Wheeler
Campanile Cornerstone ChezPanisse
Blackwell SuperDuperBurgers
HortonHall HortonHall
LatimerHall LatimerHall
LewisHall LewisHall
Morganhall Morganhall
NorthHall NorthHall
OptometryBuilding OptometryBuilding
AshaTeaHouse AshaTeaHouse Safeway
Bonchon Bonchon
Firewings Firewings
Ucha Ucha
Artichokes Artichokes
Gongcha Gongcha
Yifang Yifang
Fengcha Fengcha
UCafe UCafe
TPTea TPTea
StrawberryCreek StrawberryCreek
ClarkKerr ClarkKerr
Crossroads Crossroads
Cafe3 Cafe3
Raretea Raretea
Underhill Underhill
TraderJoes TraderJoes
Marugame Marugame
Kips Kips Muraccis
BetaLounge BetaLounge
Spats Spats
TripleRock TripleRock
LowerSproul LowerSproul
WursterHall WursterHall
Shengkee Shengkee
Plentea Plentea
Chipotle Chipotle
ImmThai ImmThai
Milkbomb Milkbomb
MemorialGlade MemorialGlade
EastAsianLibrary EastAsianLibrary
ThaiNoodle ThaiNoodle
Mezzo Mezzo
Ikes Ikes SweetheartCafe
PokeBar PokeBar
Quicklys Quicklys
TopDog TopDog
Gypsys Gypsys
SnackShack SnackShack
SmokesPoutinerie SmokesPoutinerie TheDwight
ThaiBasil ThaiBasil
Eureka Eureka
BSC BSC
Platano Platano
EastBaySpiceCompany EastBaySpiceCompany
ExtremePizza ExtremePizza
Gadani HalalGuys Gadani
Wikiwiki Wikiwiki
TheHabit TheHabit
Homeroom Homeroom
Cheeseboard Cheeseboard
LaNote TacoBell LaNote
BobaNinja BobaNinja
TukTukThai TukTukThai Venus
Gather Gather
Jupiter Jupiter
AmoebaMusic AmoebaMusic
GrizzlyPeak GrizzlyPeak
LaBurrita LaBurrita
BerkeleyArtStudio SaturnCafe BerkeleyArtStudio
BanshoRamen BanshoRamen
LittleCampanile LittleCampanile
Namaste Namaste
FireTrails MulfordHall
HearstAnnex Morrisonhall McDonalds Pappys
NatApartment Rachas
BerkeleyBart HappyLemon SproulHall BigC TenderGreens
NoodleGirl Teazone
SteamTrains KroeberHall JambaJuice
Cinnaholic Slivers
Flavia PeoplesCafe AndrewsApartment UrbanOutfitters
YogurtPark SatherGate GreatChina Target
