Evans WursterHall Cornerstone ZellerbachHall Bowles LeConte Moffit HappyLemon LawrenceHall BancroftLibrary HavilandHall VLSB NorthHall SouthHall Milkbomb Unit3 Spats Unit3 Bowles HilgardHall AshaTeaHouse ImmThai AshaTeaHouse HilgardHall Bowles KroeberHall Barrows BAMPFA HAAS Unit1 StrawberryCreek Plentea LatimerHall MLK Dwinelle ThaiNoodle Marugame Eshelman Campbell DurantHall Firewings RSF Underhill RSF Chipotle UCafe Yifang BerkeleyWayWest Yifang UniversityVillage HortonHall Doe Plentea Doe Plentea WursterHall Evans Cory Evans
36
Doe Doe
LeConte LeConte
Moffit Moffit
Dwinelle Dwinelle
SouthHall SouthHall HesseHall
Bowles Bowles
BancroftLibrary BancroftLibrary
DurantHall DurantHall
Campbell Campbell
BAMPFA BAMPFA
BerkeleyWayWest BerkeleyWayWest
LawrenceHall LawrenceHall
Unit1 Unit1
Unit3 Unit3
VLSB HearstMining VLSB
RSF RSF
ZellerbachHall ZellerbachHall GiauqueHall
MLK MLK HildebrandHall
Eshelman Eshelman
Cory Cory
Barrows Stern Unit2 Barrows
HAAS Foothill HAAS
UniversityVillage UniversityVillage
HavilandHall HavilandHall
HilgardHall HilgardHall
HortonHall MemorialStadium
KroeberHall Etcheverry
Firewings CaliforniaHall InternationalHouse
Yifang Wheeler
StrawberryCreek GreekTheatre CanyonPool Kresge
Underhill Blackwell
Marugame Campanile Gilman BotanicalGardens
Spats Boalt
Plentea Soda SutardjaDai
ImmThai AlumniHouse
ThaiNoodle ThaiNoodle DavisHall
