Soda BerkeleyWayWest Campanile Evans BotanicalGardens HearstMining Dwinelle HavilandHall Foothill LeConte Wheeler DavisHall SouthHall Unit1 Blackwell DurantHall Unit2 BancroftLibrary Blackwell Cory Gilman HildebrandHall CaliforniaHall Barrows Unit3 Campbell GiauqueHall AlumniHouse InternationalHouse MemorialStadium LawrenceHall GreekTheatre Doe UniversityVillage Bowles UniversityVillage Doe Soda
23
Evans Evans BAMPFA
Doe Doe
HearstMining HearstMining
Wheeler Wheeler
Campanile Campanile
LeConte LeConte
Dwinelle Dwinelle
SouthHall SouthHall
Gilman Gilman
CaliforniaHall CaliforniaHall
Bowles Bowles
BancroftLibrary BancroftLibrary
DurantHall DurantHall
Campbell Campbell
GreekTheatre GreekTheatre
BerkeleyWayWest BerkeleyWayWest
LawrenceHall LawrenceHall
InternationalHouse InternationalHouse
Unit1 Unit1
Unit2 Unit2
Unit3 Unit3
Foothill Foothill
DavisHall Moffit Stern
