Shelf0 Whale137 Ring169 Android196 Monster175 Dislike27 Soda197 Kitty194 Water29 Solar192 Soda119 YouTube33 Allergies88 Clock139 Toolbox146 Puppy140 Mail22 Ring82 Android196 Book171 Leash77 Laptop1 Drugs195 System79 Hnads116 Drugs39 Shoe17 Urine108 Hnads182 Plus78 Urine97 Nuclear35 Rollers14 BBQ36 Solar71 Ring60 Plants118 Shoes8 Boat67 Laptop125 Kitty98 Rollers95 Dog101 Clock139 Websites4 Dog168 Towel92 Whale126 Clock2 Ice165 System183 Settings75 Flowers178 Shower57 Nuclear65 Clock2 Puppy117 Horse148 Kitty89 Nuclear35 Fusion34 Websites94 Poop80 Fusion104 Breakfast85 Sink109 Printer188 Cat187 Robot164 Comics107 Mail6 Poop76 Clock61 Shower47 Robot51 Hnads182 BBQ167 Shoes8 Elevator115 Shoe174 Elevator115 Towel154 Dislike143 Allergies176 Water135 Website190 Solar162 Ice9 Dog128 Nuclear18 System156 Soap53 System156 Soap64 Crab83 Robot93 Solar130 Light30 Toolbox146 Monster73 Drugs184 Toilet13 Toolbox153 Shelf0
84
Shelf0 Shelf0
Clock2 Clock2
Websites4 Websites4
Mail6 Body55 Mail6
Shoes8 Soap58 Dislike12 Shoes8
Ice9 Ice9
Toilet13 Toilet13
Rollers14 Rollers14
Shoe17 Shoe17
Nuclear18 Toolbox72 Nuclear18
Mail22 Mail22 Allergies103 Male149
Dislike27 Dislike27 Book24
Water29 Water29
Light30 Light30
Fusion34 Fusion34
Nuclear35 Nuclear35
BBQ36 BBQ36 Urine20
Drugs39 Drugs39
Shower47 Shower47
Robot51 Ice41 Robot51
Shower57 Shower57
Clock61 Clock61
Soap64 Soap64
Boat67 Boat67
Solar71 Solar71
Monster73 Monster73
Settings75 Settings75
Poop76 Poop76
Leash77 Leash77
Plus78 Plus78
System79 System79
Poop80 Poop80
Ring82 Ring82
Crab83 Crab83
Breakfast85 Breakfast85
Allergies88 Allergies88
Kitty89 Kitty89
Towel92 Towel92
Robot93 Robot93 Poop150
Rollers95 Rollers95
Urine97 Urine97
Kitty98 Kitty98
Fusion104 Fusion104
Comics107 Urine124 Comics107
Sink109 Sink109
Elevator115 Dog181
Hnads116 Hnads116
Puppy117 Puppy117
Plants118 Plants118
Soda119 Soda119
Laptop125 Laptop125
Whale126 Post158 Whale126
Solar130 Solar130
Water135 Water135
Whale137 Whale137
Clock139 Clock139
Puppy140 Puppy140
Dislike143 Dislike143
Toolbox146 Toolbox146
Horse148 Horse148
Toolbox153 Toolbox153
Towel154 Towel154
System156 System156
Solar162 Solar162
Robot164 Robot164 Whale114
Ice165 Water38 Ice165
BBQ167 Shelf40
Dog168 Dog168
Ring169 Ring169
Book171 Book171
Shoe174 Shoe174
Monster175 Monster175
Allergies176 Allergies176
Flowers178 Flowers178
Hnads182 Laptop19 Hnads182
System183 System183
Cat187 Cat187
Printer188 Printer188
Website190 Website190
Solar192 Solar192
Kitty194 Kitty194
Drugs195 Drugs195 Cat15
Android196 Android196
Soda197 Soda197
