Horse0 Breakfast74 Ring45 Whale59 Shower11 Rollers34 Websites17 Leash89 Ice38 Male84 Kitty14 Leash68 Comics49 Post61 Plus62 Dislike51 Bird82 Whale22 Book41 Websites17 Rollers34 Shower15 Dislike21 Whale22 Shelf25 Ice10 Toilet20 Bird93 Water66 BBQ86 Monster71 Monster39 Rollers48 Monster80 Water66 Ice10 Floppy63 Prints23 Ice30 Cat13 Water52 Towel35 Allergies3 Flowers98 Solar58 Towel28 Horse55 Floppy64 Horse0
40
Horse0 Horse0
Allergies3 Ring97 Allergies3
Ice10 Ice10
Shower11 Shower11 Settings5
Cat13 Cat13
Kitty14 Kitty14
Shower15 Shower15
Websites17 Websites17
Toilet20 Toilet20
Whale22 Whale22
Prints23 Prints23
Shelf25 Shelf25
Ice30 Allergies4 Ice30
Rollers34 Rollers34
Towel35 Towel35
Ice38 Ice38
Monster39 Monster39
Book41 Book41
Ring45 Ring45
Rollers48 Rollers48
Comics49 Comics49
Dislike51 Dislike51
Water52 Running77 Water52 Towel16
Horse55 Horse55
Solar58 Solar58
Whale59 Printer53 Robot9 Whale59 Mail88
Post61 Post61
Plus62 Plus62
Floppy63 Floppy63
Floppy64 Breakfast19 Soda57
Water66 Water66
Leash68 Leash68
Monster71 Monster71
Breakfast74 Breakfast74
Bird82 Bird82
Male84 Male84
BBQ86 BBQ86
Leash89 Websites81 Towel37
Bird93 Bird93
Flowers98 Flowers98
