S F K 8 M N V 1 I B2 C2 H2 G2 L2 M2 R2 T2 N2 O2 J2 E2 F2 K2 P2 V2 49 53 49 A3 B3 57 62 68 82 Y3 X3 D3 I3 104 T3 R3 105 107 C3 94 93 92 H3 91 G3 77 O3 J3 E3 F3 P3 58 U3 130 73 X2 R Q2 R2 Z2 Y2 Q2 R 16 11 I 1 V N U D C 4 M 6 Z 5 Y 15 20 W2 72 129 58 P3 F3 K3 J3 E3 127 Q3 Q 17 12 7 G W O J E A S
67
A A
S B
C C
D D
E E
F F
U U
J J
K K X
8 P T
M M
N N
O O
V V
W W
Z Z
G G
5 H
I I
B2 B2
C2 C2 D2
E2 E2
F2 F2
7 L
Y Y
G2 G2
H2 H2
J2 J2
K2 K2
L2 L2
M2 M2
N2 I2 N2
O2 O2 U2
P2 P2
R R
Q2 Q2
R2 R2
T2 T2
V2 V2
Q Q
W2 W2
X2 X2
Y2 Y2
Z2 Z2 Z3
A3 A3
Q3 Q3
B3 B3
53 A2
E3 E3
F3 F3
P3 P3
58 M3
U3 N3 U3
J3 J3
K3 K3
O3 O3
X3 X3
Y3 Y3
G3 G3
91 L3
H3 H3
93 V3
C3 C3 W3
D3 D3
I3 I3
R3 R3
T3 T3
