0 146 59 94 66 120 140 107 28 47 35 94 2 102 157 161 118 19 72 135 73 148 56 24 25 101 160 7 51 121 77 67 155 133 129 122 69 112 12 143 31 80 159 3 95 69 48 145 68 153 60 61 13 54 44 83 65 53 151 124 36 22 5 34 62 142 43 0
62
2 2
3 3
5 5
7 7
12 12
13 13
19 19
22 22
24 24
28 28
31 31
34 34
35 35
36 36
43 43
44 44
47 47
51 51
53 53
54 54
56 56
59 59
60 60
61 61
62 62
65 65
66 66
67 67
68 68
69 69 188 189 190 191 192 193 194 195 196 197 198 199
72 72
73 73
77 77
80 80
83 83
94 94
95 95
101 86 101
102 102
107 107
112 112
118 118
120 120
121 121
122 122
124 124
129 129
133 133
135 135
140 140
142 142
143 143
145 145
146 146
148 148
151 151
153 153
155 155
157 157
159 159
160 160
161 162 163 164 165 166 167 168 169 170 171 172 173 174 175 176 177 178 179 180 181 182 183 184 185 186 187
