hdpxs osxbc cihba wnelr htkwy vcwfj qsmkj wcjeg mujil kzwah qpbmc wkbuf kjihy lnjxt ymcfp dbjxw qhvsb vobqh drojn jcwpu joztf cxajk pihld wajol qbdwz maqho yvbse evsbm lpudv gdnim osvgp oewcd mhuad tjake ayrgb rzvtg oxuqn fjdqi zcjqx yqfdk pytwh tmwdy hwmzn uiogl wdquv qckjp uklga rjuxc ebwcp bdevm ehqyk pytwh gstwp mlibf rlumh nqtru sxdiu uiogl dkjro ohzfn bwknx lmwpk frhgc bsvth rchbw amfiz wotiq iyuas xnpwq ahnds cqsby yqtob yazqf lnjxt btwzv bkfuc olqfv stflc pgqva armnk tkwle mhekz syoxv xcvow qhibx rjdai mtcsd oaeyh tndwl gdovn utdhx oxitr hdpxs
87
oaeyh oaeyh
rlumh rlumh
gdovn gdovn
oewcd cxdes oewcd
wkbuf wkbuf
yqtob yqtob
qsmkj qsmkj
cqsby cqsby
mujil mujil
wajol wajol
nqtru nqtru
mhekz gufvs mhekz
lmwpk lmwpk
uiogl uiogl ktzce
vobqh vobqh
mhuad mhuad
qbdwz qbdwz
oxitr oxitr
qckjp qckjp
hwmzn vgwoi hwmzn
pihld pihld
xnpwq xnpwq
bdevm bdevm
wotiq wotiq
tjake tjake
stflc stflc syoxf
pgqva pgqva
ebwcp ebwcp
yqfdk yqfdk
ymcfp ymcfp jhlus
yazqf yazqf
bwknx bwknx
xcvow xcvow
amfiz amfiz
dbjxw dbjxw
dkjro dkjro
frhgc frhgc
jcwpu jcwpu kscoz
gdnim gdnim
syoxv syoxv
sxdiu sxdiu
mlibf mlibf
wcjeg wcjeg
cihba cihba
lpudv lpudv
ahnds ahnds
ehqyk ehqyk
qpbmc qpbmc
iyuas iyuas
qhvsb qhvsb
tkwle tkwle
rzvtg rzvtg
yvbse yvbse
drojn xlrzc drojn
oxuqn oxuqn
wnelr wnelr
rchbw rchbw
uklga uklga zqjxb
maqho maqho
joztf joztf
vcwfj vcwfj
osvgp osvgp
tmwdy tmwdy
utdhx utdhx
lnjxt lnjxt
wdquv wdquv
gstwp gstwp
bsvth bsvth
ayrgb ayrgb
zcjqx zcjqx
armnk armnk
kzwah kzwah
btwzv btwzv
pytwh pytwh
qhibx qhibx
tndwl tndwl zntkr
ohzfn ohzfn
kjihy kjihy
rjuxc rjuxc
htkwy htkwy
rjdai rjdai
osxbc osxbc
fjdqi fjdqi ypdnb
evsbm evsbm
cxajk aedvq evtgj cxajk
bkfuc bkfuc
mtcsd mtcsd
