hutmk omjfc dowbf yaxts ablxw gxdqt bcrwj ijofp ywion yiodb otirh aeomh lnfiu rlfxc lsnhz mlfbi oscrv xintv lcghr yzaje ugyls vmgxh artvi axmwy hopbn zsehb tyuep xnysi cursl qdzgs tejxc aqzce mzlsn spuoi vczkh ugamb hutmk
35
aqzce aqzce
omjfc omjfc
oscrv oscrv
ywion ywion ijvuq
yiodb yiodb
cursl cursl
yzaje yzaje
vczkh vczkh
yaxts yaxts
otirh otirh
aeomh aeomh
ablxw ablxw
tyuep tyuep
axmwy axmwy
dowbf dowbf
rlfxc rlfxc
zsehb zsehb
xintv coubd xintv urlkt
hopbn hopbn
xnysi xnysi
ijofp xeljy ijofp
tejxc tejxc
ugyls ugyls
mzlsn mzlsn
lnfiu lnfiu
qdzgs qdzgs
vmgxh vmgxh
bcrwj bcrwj
mlfbi mlfbi
lcghr lcghr
spuoi spuoi
lsnhz misyc lsnhz
ugamb ugamb
gxdqt gxdqt
artvi artvi
