stop0 stop1 stop92 stop65 stop79 stop1 stop57 stop56 stop1 stop86 stop53 stop8 stop28 stop1 stop61 stop21 stop47 stop2 stop70 stop85 stop49 stop22 stop58 stop23 stop0 stop3 stop46 stop1 stop6 stop90 stop5 stop0 stop15 stop0 stop3 stop69 stop83 stop0 stop78 stop18 stop93 stop32 stop38 stop84 stop62 stop30 stop0 stop91 stop7 stop99 stop39 stop55 stop12 stop77 stop4 stop2 stop43 stop73 stop4 stop19 stop0
45
stop0 stop31 stop59 stop52 stop50
stop1 stop1
stop2 stop2
stop4 stop4
stop5 stop5
stop6 stop6
stop7 stop7
stop15 stop15
stop18 stop18
stop19 stop19
stop21 stop21
stop22 stop22
stop23 stop23
stop58 stop58
stop47 stop47
stop56 stop56
stop65 stop65 stop80
stop30 stop30
stop84 stop84
stop57 stop57 stop71
stop61 stop61
stop39 stop39
stop93 stop93
stop69 stop69
stop28 stop28
stop78 stop78
stop85 stop85
stop55 stop55
stop91 stop91
stop70 stop70
stop77 stop77
stop53 stop53
stop49 stop49
stop62 stop62
stop86 stop86
stop79 stop79
stop38 stop38
stop99 stop99
stop92 stop92
stop46 stop46
stop90 stop90
stop32 stop32
stop73 stop73
stop43 stop43
stop83 stop83
