stop0 stop159 stop8 stop40 stop199 stop4 stop69 stop3 stop130 stop0 stop72 stop9 stop2 stop58 stop102 stop0 stop109 stop145 stop55 stop4 stop180 stop84 stop90 stop142 stop191 stop33 stop3 stop62 stop25 stop2 stop153 stop44 stop4 stop163 stop21 stop60 stop2 stop124 stop73 stop126 stop17 stop22 stop39 stop15 stop89 stop35 stop13 stop92 stop2 stop81 stop7 stop68 stop112 stop144 stop0 stop2 stop74 stop38 stop138 stop139 stop3 stop166 stop4 stop101 stop0 stop3 stop182 stop34 stop123 stop5 stop197 stop0 stop135 stop106 stop4 stop1 stop150 stop147 stop41 stop183 stop122 stop77 stop133 stop0 stop96 stop31 stop171 stop64 stop88 stop156 stop172 stop194 stop16 stop167 stop158 stop65 stop186 stop80 stop70 stop105 stop162 stop100 stop1 stop42 stop137 stop0 stop155 stop189 stop18 stop195 stop181 stop2 stop114 stop148 stop128 stop176 stop187 stop14 stop0
96
stop0 stop0 stop23 stop51
stop2 stop2
stop3 stop3
stop4 stop4
stop7 stop7
stop8 stop54 stop8
stop9 stop9
stop13 stop13
stop14 stop14
stop15 stop15
stop16 stop16
stop17 stop17
stop18 stop18
stop21 stop21
stop22 stop22
stop25 stop25
stop31 stop31
stop33 stop33
stop34 stop34
stop35 stop35
stop38 stop38
stop39 stop39
stop40 stop40
stop41 stop41
stop42 stop42
stop44 stop44
stop55 stop55
stop58 stop58
stop60 stop60
stop62 stop62
stop64 stop64
stop65 stop65
stop68 stop68
stop69 stop69
stop70 stop70
stop72 stop72
stop73 stop73
stop74 stop74
stop77 stop77
stop80 stop80
stop81 stop81
stop84 stop84
stop88 stop88
stop89 stop89
stop90 stop90
stop92 stop92
stop96 stop96
stop100 stop100
stop101 stop101
stop102 stop102
stop105 stop105
stop106 stop106
stop109 stop109
stop112 stop112
stop114 stop114
stop122 stop122
stop123 stop123
stop124 stop124
stop126 stop126
stop128 stop128
stop130 stop130
stop133 stop133
stop135 stop135
stop137 stop137
stop144 stop144
stop180 stop180
stop147 stop147
stop148 stop148
stop159 stop159 stop192
stop139 stop139
stop197 stop197
stop156 stop156
stop142 stop142
stop186 stop186
stop187 stop187
stop176 stop176
stop163 stop163
stop158 stop158
stop172 stop172
stop189 stop189
stop150 stop150
stop171 stop171
stop183 stop183
stop166 stop166
stop191 stop191
stop199 stop199
stop153 stop153
stop138 stop138
stop194 stop194
stop155 stop155
stop182 stop182
stop195 stop195
stop162 stop162
stop167 stop167
stop145 stop145
stop181 stop181
