Hayward DalyCity NewBedford York NewYorkCity Kennewick Barnstable Medford GulfportBiloxi Yonkers Waterloo Durham Asheville McHenry Newark LakeCharles Washington Tucson Bradenton Huntsville KansasCity McAllen BelAir Monroe Milwaukee SantaCruz Montgomery Topeka Omaha PuntaGorda SaintPaul Bradenton Huntsville Burbank Chicago StPaul Corona Springdale McHenry Asheville CedarRapids Memphis Winston Hickory Trenton Downey Abilene GrandRapids NewOrleans Waco Harlingen SaintLouis SanJose DalyCity Hayward
38
PuntaGorda PuntaGorda
Tucson PalmBay Tucson Aurora Bakersfield
Barnstable Barnstable
Yonkers Yonkers
Burbank Burbank Danbury
McHenry McHenry Torrance
Harlingen Harlingen
Omaha Omaha
Topeka Topeka
Downey Downey
Asheville Asheville
McAllen McAllen
Chicago Chicago
GrandRapids GrandRapids
BelAir BelAir
CedarRapids CedarRapids
LakeCharles LakeCharles
Bradenton Bradenton
SantaCruz SantaCruz
Huntsville Huntsville
NewYorkCity NewYorkCity
Monroe Monroe
Springdale Springdale
Durham Deltona Durham Bloomington
Newark Newark
Memphis Memphis
Kennewick Kennewick
NewBedford NewBedford
SaintPaul SaintPaul
York York
Hickory Tyler Charlotte HuntingtonBeach Hickory
Waco Waco
Waterloo Waterloo
Abilene Atlanta
Montgomery ThousandOaks
Winston Tampa
Corona RichmondCounty Modesto Hampton
Hayward SantaClara
