Hayward Shreveport Hartford Downey Burlington GrandRapids SaintPaul Duluth Elkhart Poughkeepsie Salem Deltona Tucson SantaClarita Racine PembrokePines Oxnard SanBuenaventura Norwich Spartanburg LakeCharles Boulder Anchorage ThousandOaks Huntsville SterlingHeights Champaign Charlotte ElPaso ElMonte Merced Detroit Mobile Hemet PuntaGorda HavredeGrace Bryan Hampton Gastonia Laredo Roseville Hialeah Marina PortArthur RichmondCounty SiouxFalls Carrollton Newburgh Waterbury Lafayette GreenBay Duluth Fullerton Youngstown Bethlehem Orem NewYork Bryan HavredeGrace PuntaGorda Hemet SanBuenaventura Norwich Utica Burlington Norwalk Huntsville Kissimmee Louisville Trenton Louisville Trenton OverlandPark Anchorage Mesquite Escondido Independence RoundLakeBeach Lorain Scottsdale Omaha NewYorkCity Henderson Vancouver Torrance Harrisburg HuntingtonBeach Sarasota Scranton Arvada Tyler Nashua LasVegas Stamford Marysville Layton PembrokePines SanBernardino SimiValley NewportNews SimiValley Aberdeen SantaClara Fullerton Plano Greenville OverlandPark VeroBeach CostaMesa Lubbock Milwaukee StPaul Ogden Reno York NewYorkCity Bakersfield Cambridge ThousandOaks PortSaintLucie ThousandOaks Huntsville CapeCoral Seaside Shreveport Hayward
83
PuntaGorda PuntaGorda
Tyler Tyler
ThousandOaks ThousandOaks
Norwich Norwich
Tucson Tucson
Utica Utica
Laredo Laredo
NewportNews NewportNews
Greenville Greenville
Racine Racine
Nashua Nashua
RoundLakeBeach RoundLakeBeach
Newburgh Newburgh
HavredeGrace HavredeGrace
Charlotte Charlotte
OverlandPark OverlandPark
Omaha Omaha
CapeCoral CapeCoral Bloomington
Deltona Deltona
Anchorage Anchorage Fresno
Marina Marina Frederick
Salem Salem
LasVegas LasVegas
Downey Topeka Downey
SanBuenaventura SanBuenaventura Anaheim
Mesquite Mesquite
Lubbock Lubbock
Layton Layton
Fullerton Flint Fullerton
Bethlehem Bethlehem
GrandRapids GrandRapids
Arvada Arvada
Oxnard Oxnard
Hemet Hemet
Scranton Scranton
Waterbury Waterbury
LakeCharles LakeCharles
Stamford Stamford
RichmondCounty RichmondCounty
Duluth Duluth
Henderson Henderson
HuntingtonBeach HuntingtonBeach
Huntsville Huntsville
Burlington Burlington
Vancouver Vancouver
Detroit Detroit
Hialeah Albuquerque Hialeah
NewYorkCity NewYorkCity
Marysville Boise Marysville
GreenBay GreenBay
Bakersfield Bakersfield
Louisville Louisville
ElPaso JohnsonCity ElPaso
SantaClara Columbus SantaClara
Kissimmee Kissimmee
Torrance Eugene Torrance Melbourne
Hartford NorthLasVegas Hartford
Plano Plano
SiouxFalls SiouxFalls
Elkhart Modesto Elkhart
Champaign Champaign
SaintPaul SaintPaul
York York
Spartanburg Spartanburg
Scottsdale Scottsdale
Aberdeen Aberdeen
Mobile Mobile
Ogden Ogden
Hampton Newark
Youngstown Barnstable Hagerstown
Cambridge PalmBay
PortArthur Lacey
Bryan Birmingham
Independence Cincinnati
Orem NewBedford
NewYork Kalamazoo
ElMonte McAllen
SanBernardino Pueblo
StPaul CorpusChristi Savannah CathedralCity
PortSaintLucie Olympia
Escondido Monroe
Norwalk StLouis
SterlingHeights Harlingen
