AndyandZeyu i11 h11 AndyandZeyu h6 g6 f6 AndyandZeyu i7 g7 h7 c7 j6 AndyandZeyu7 f7 AndyandZeyu j18 j17 h18 f18 g18 AndyandZeyu h9 i9 f9 AndyandZeyu j2 f2 h2 i2 c2 g2 AndyandZeyu f4 i4 h4 AndyandZeyu i6 AndyandZeyu6 j5 AndyandZeyu g0 AndyandZeyu0 i0 f0 AndyandZeyu i16 h16 AndyandZeyu h5 j4 f5 i5 AndyandZeyu g11 j10 f11 AndyandZeyu i10 f10 j9 h10 e10 AndyandZeyu i15 f15 j14 h15 e15 AndyandZeyu g8 f8 h8 j7 j8 AndyandZeyu i1 h1 AndyandZeyu f0 j0 AndyandZeyu i j c f AndyandZeyu b1 AndyandZeyu i17 j16 g17 h17 b17 f17 AndyandZeyu g13 f13 h13 j12 j13 AndyandZeyu f12 b12 h12 g12 i12 j11 AndyandZeyu12 AndyandZeyu h14 i14 f14 AndyandZeyu i3 g3 j3 f3 AndyandZeyu
85
AndyandZeyu h g1 j1 g4 i8 g9 i13 g14 j15 f16 g16 i18
f f
i i
j g j
f0 f0 h0
g0 g0
i0 i0
j0 j0
b1 f1
h1 h1
i1 i1
f2 f2
g2 g2
h2 h2
i2 i2
j2 j2
f3 f3
g3 g3 h3
i3 i3
j3 j3
f4 f4
h4 h4
i4 i4
j4 j4
f5 f5
h5 g5 h5
i5 i5
j5 j5
f6 f6
g6 g6
h6 h6
i6 i6
j6 j6
f7 f7
g7 g7
h7 h7
i7 i7
j7 j7
f8 f8
g8 g8
h8 h8
j8 j8
f9 f9
h9 h9
i9 i9
j9 j9
e10 g10
f10 f10
h10 h10
i10 i10
j10 j10
f11 f11
g11 g11
h11 h11
i11 i11
j11 j11
f12 f12
g12 g12
h12 h12
i12 i12
j12 j12
f13 f13
g13 g13
h13 h13
j13 j13
f14 f14
h14 h14
i14 i14
j14 j14
e15 g15
f15 f15
h15 h15
i15 i15
h16 h16
i16 i16
j16 j16
f17 f17
g17 g17
h17 h17
i17 i17
j17 j17
f18 f18
g18 g18
h18 h18
j18 j18
