AndyandZeyu f3 j3 g3 h3 AndyandZeyu h1 i1 j1 f1 g1 AndyandZeyu g2 c2 i2 h2 f2 j2 AndyandZeyu j0 g0 AndyandZeyu0 i0 f0 AndyandZeyu h5 j4 f5 i5 AndyandZeyu i7 b7 h7 g7 j6 AndyandZeyu7 AndyandZeyu h g j i f AndyandZeyu g8 f8 h8 j7 j8 AndyandZeyu f4 i4 h4 AndyandZeyu j5 f6 g6 h6 i6 AndyandZeyu
45
AndyandZeyu g4 f7 i8
f f
g g
h h
i i
j j
f0 f0 h0
g0 g0
i0 i0
j0 j0
f1 f1
g1 g1
h1 h1
i1 i1
j1 j1
f2 f2
g2 g2
h2 h2
i2 i2
j2 j2
f3 f3
g3 g3 i3
h3 h3
j3 j3
f4 f4
h4 h4
i4 i4
j4 j4
f5 f5
h5 g5 h5
i5 i5
j5 j5
f6 f6
g6 g6
h6 h6
i6 i6
j6 j6
g7 g7
h7 h7
i7 i7
j7 j7
f8 f8
g8 g8
h8 h8
j8 j8
