A TA51 TA7 B TA21 TA6 TA1 TA5 A TA2 TA31 TA161 TA141 A TA71 B TA18 TA12 TA TA9 TA221 TB1 TA8 TA91 TA241 TA11 A TA19 TA16 TA201 TA181 C TA14 TA131 TB11 TA15 TA10 TA22 TA3 B TA171 TA13 A TA81 TA20 TA24 TA121 TA17 G TA61 TA4 A
42
A TA23 TA41 TA101 TA111 TA231
TA TA
TA1 TA1
TA2 TA2
TA3 TA3
TA4 TA4
TA5 TA5
TA6 TA6
TA7 TA7 TA191
TA8 TA8
TA9 TA9
TA10 TA10
TA11 TA11
TA12 TA12
TA13 TA13
TA14 TA14
TA15 TA15
TA16 TA16
TA17 TA17
TA18 TA18
TA19 TA19
TA20 TA20
TA21 TA21
TA22 TA22
TA24 TA24
TB1 TB1
TB11 TB11
TA31 TA31
TA51 TB21 TA51 TA151 TA211
TA61 TA61
TA71 TA71
TA81 TA81
TA91 TA91
TA121 TA121
TA131 TA131
TA141 TA141
TA161 TA161
TA171 TA171
TA181 TA181
TA201 TA201
TA221 TA221
TA241 TA241
