A D TA102N TA182N TA112NN TA1112NN TA221 TA10 TA9 TA18 TA912NN TA51 TA101 TB1 TA222N A TA22 TA212NN TA22N TA812NN TA23 TA171 TA32N TA122N B TA72N TA8 TA1212NN TA12N TA612NN B TA2 A TA2112NN TA1512NN A TA191 TA161 A TA81 TA17 TA24 TB21 TA62N C TA61 TA41 TA91 TA52N TA212N TA241 A K TA112N TA1912NN TA232N TA142N TA2N TA1812NN TA132N TA2312NN TA6 TA202N TA211 TA1612NN TA1 TA512NN TA3 TA42N TA12NN TA192N TA20 TA A TA16 TA121 TA412NN TA92N TA111 TA141 TA12 TA2212NN TA312NN TA2412NN A TA4 TB11 TA162N TA712NN TA242N TA11 TA131 TA151 TA13 TA1012NN TA1712NN TA5 TA19 TA14 TA2012NN TA1412NN TA181 TA152N A
92
A TA15 TA31 TA82N TA172N TA1312NN
D TA7 TA71 TA231
TA TA
TA1 TA1
TA2 TA2
TA3 TA3
TA4 TA4
TA5 TA5
TA6 TA6
TA8 TA8
TA9 TA9
TA10 TA10
TA11 TA11
TA12 TA12
TA13 TA13
TA14 TA14
TA16 TA16
TA17 TA17
TA18 TA18
TA19 TA19
TA20 TA20
TA22 TA22
TA23 TA23
TA24 TA24
TB1 TB1
TB11 TB11
TB21 TB21
TA41 TA41
TA51 TA51
TA61 TA61
TA81 TA81
TA91 TA91
TA101 TA101
TA111 TA111
TA121 TA121
TA131 TA131
TA141 TA141
TA151 TA151
TA161 TA161
TA171 TA171
TA181 TA181
TA191 TA191
TA211 TA211
TA221 TA221
TA241 TA241
TA2N TA2N
TA12N TA12N
TA22N TA22N
TA32N TA32N
TA42N TA42N
TA52N TA52N
TA62N TA62N
TA72N TA72N
TA92N TA92N
TA102N TA21 TA102N
TA112N TA112N
TA122N TA122N
TA132N TA132N
TA142N TA142N
TA152N TA152N
TA162N TA162N
TA182N TA182N
TA192N TA192N
TA202N TA202N
TA212N TA212N
TA222N TA222N
TA232N TA232N
TA242N TA242N
TA12NN TA12NN
TA112NN TA201 TA112NN
TA212NN TA212NN
TA312NN TA312NN
TA412NN TA412NN
TA512NN TA512NN
TA612NN TA612NN
TA712NN TA712NN
TA812NN TA812NN
TA912NN TA912NN
TA1012NN TA1012NN
TA1112NN TA1112NN
TA1212NN TA1212NN
TA1412NN TA1412NN
TA1512NN TA1512NN
TA1612NN TA1612NN
TA1712NN TA1712NN
TA1812NN TA1812NN
TA1912NN TA1912NN
TA2012NN TA2012NN
TA2112NN TA2112NN
TA2212NN TA2212NN
TA2312NN TA2312NN
TA2412NN TA2412NN
