3efbbd 2b7733 526e97 70d79e de59c9 bfdfca 2a53b1 e17800 bf7494 98b7f9 390b11 9e3235 8216e5 1e3f90 d36b6f aeb965 9fb27b 1efe0a c1e4b0 ef9cce fc6ab6 3efbbd d1ae8e 22c398 8037ff fc6ab6 3efbbd
22
c1e4b0 c1e4b0
2b7733 2b7733
390b11 390b11
d1ae8e d1ae8e 1aef1d
e17800 e17800
1e3f90 1e3f90
d36b6f d36b6f
2a53b1 2a53b1
ef9cce ef9cce
de59c9 de59c9
526e97 526e97
1efe0a 1efe0a
9fb27b 9fb27b
bf7494 909532 ff448b
8037ff 8037ff
bfdfca bfdfca
9e3235 9e3235 525361
fc6ab6 fc6ab6
8216e5 8216e5
22c398 22c398
98b7f9 98b7f9
aeb965 aeb965
