0 1 19 21 32 42 43 51 50 49 50 51 52 62 63 64 65 73 75 88 90 104 108 109 110 111 112 121 122 123 124 125 128 129 130 137 130 129 128 127 126 121 112 111 107 106 105 104 90 88 74 73 72 71 70 62 66 62 52 51 43 42 32 20 19 1 0 199 190 189 174 189 190 199 0 1 19 20 24 20 19 1 0 199 190 189 174 173 157 173 174 189 190 194 190 199 0
26
1 2 7 17 4 15
21 23 30
24 25
32 33 44
42 42
49 48
51 40
52 53 56 54
64 64
66 67
72 72
74 76 83
75 86 87
88 91 94 101
90 99
105 105
108 108
112 114 120
124 124
127 127
130 130
137 136 142 146 148
157 154 172 168 158 163
174 182 186 178 176
190 192 198
194 194
