IvOdahrtFwzZ zOkfhFVfOKVi gkTmCiZxFrJw dXlgwkdKhUmB EOKLHvbbCToE sTgUExIipvWV NxxrxPgsnMqG gXcuqckdTdIP WsLfQLsirtHk FkNlSGMBOUbz SKbQkQUhqQEt touUfboeiIya yFQWQWtUUMle vkOqMvrCUWYf lRgeGnDJBtMa aSpDrTbKBytW ocysUjOwnenm WnABnktZDxMx QFfSmYtuSTPl TTwdgXpOLyxF QZQElPdcHxru zcAOlsVDUDkc PFpQuVVRxbvV wHeDieHMYzAK AoaIXEzdsCrm ZPYnROAizafx zCWezcJmUGqs yVSfaizVeLPT qxhFFIUEfnzV nxbMBCPhfQij DiKlonktcqTP NMSHhfMtAJZb QxNjgiXciQma WWtfhwMSzfGW gJMLzBkWmUoV RGYiIUdVAiVL pjemGRILnFei nschEYWjrAsr evRMhyiHKGXv fiHhqLtPfdZy HVwGkspnDHbf WRiugWLCujBI ypApeqMQPnQA fblrDraNAUxK IQvKLYGCcCbd yHOsEGOhjOLt GvyjKkGcUdcI OIjApACwnyqG qFGlIHDqKyPA nKmMbiEuiffc jXOmYlZmvqnI mZUBOQTZyXOM YvLRANdegrdA JpwDMOwQmqOp WUqhotrexTBp ybLCwZqVZKud wXjNgGRCXYRl aXlcDzbXwAJW UGahWpWtmUQn cpNycWVdmzHJ xXoCKkdkKAne tARvBeqQDqSY HEwqlaeMfSzl AQgpWBullbIi lznMKRYSMheH XwPJYwaGcHxO uzYTzVwixczQ jXgKDXnEJsra mvdksSctoMVi AhJBAeSEuUkL KtoZVrQmJWki PKHkuTHeRXhO TglqUXfjbefC nlzJUuBrsbXD oOIjuHJcVRiV qlMzHEurfTvO WHSGrQQrrotE zypYDSZfKAvD IcNVObbuvzWY hPSXtHMMyKAK cRekprdsHHWw QDhUZstsJKtV ubtvaUeVUfmV TZmWJenJbEsV sFSBpaJxLpBT EwXugPkGUVkm ppfBOAvWYXyJ oKIKkmsSWzmH EKWhDcEeEkGK LNoKVqXhLEzn quZcTYtpBjSn cQFNlImsTWTM JNoAmCxHcsYw RQBxIsRWzmfl UYTxhnOtiPHB hLCSOZLNEdhX YGzazHdyrGCd IfTQNEFsiTgr mgKEFEWheOqk ctZWqndwhbJm nyTRNDRCsANl IvOdahrtFwzZ
100
ZPYnROAizafx ZPYnROAizafx
fiHhqLtPfdZy fiHhqLtPfdZy
IQvKLYGCcCbd IQvKLYGCcCbd
ctZWqndwhbJm ctZWqndwhbJm
IcNVObbuvzWY IcNVObbuvzWY
pjemGRILnFei pjemGRILnFei
cpNycWVdmzHJ cpNycWVdmzHJ
ypApeqMQPnQA ypApeqMQPnQA
QZQElPdcHxru QZQElPdcHxru
qxhFFIUEfnzV qxhFFIUEfnzV
TZmWJenJbEsV TZmWJenJbEsV
EwXugPkGUVkm EwXugPkGUVkm
nlzJUuBrsbXD nlzJUuBrsbXD
AoaIXEzdsCrm AoaIXEzdsCrm
jXgKDXnEJsra jXgKDXnEJsra
TTwdgXpOLyxF TTwdgXpOLyxF
mZUBOQTZyXOM mZUBOQTZyXOM
vkOqMvrCUWYf vkOqMvrCUWYf
zypYDSZfKAvD zypYDSZfKAvD
mvdksSctoMVi mvdksSctoMVi
OIjApACwnyqG OIjApACwnyqG
mgKEFEWheOqk mgKEFEWheOqk
hLCSOZLNEdhX hLCSOZLNEdhX
EKWhDcEeEkGK EKWhDcEeEkGK
fblrDraNAUxK fblrDraNAUxK
gkTmCiZxFrJw gkTmCiZxFrJw
nxbMBCPhfQij nxbMBCPhfQij
UYTxhnOtiPHB UYTxhnOtiPHB
wXjNgGRCXYRl wXjNgGRCXYRl
HEwqlaeMfSzl HEwqlaeMfSzl
wHeDieHMYzAK wHeDieHMYzAK
QDhUZstsJKtV QDhUZstsJKtV
xXoCKkdkKAne xXoCKkdkKAne
yFQWQWtUUMle yFQWQWtUUMle
DiKlonktcqTP DiKlonktcqTP
qlMzHEurfTvO qlMzHEurfTvO
evRMhyiHKGXv evRMhyiHKGXv
oOIjuHJcVRiV oOIjuHJcVRiV
QFfSmYtuSTPl QFfSmYtuSTPl
quZcTYtpBjSn quZcTYtpBjSn
KtoZVrQmJWki KtoZVrQmJWki
WWtfhwMSzfGW WWtfhwMSzfGW
zOkfhFVfOKVi zOkfhFVfOKVi
lznMKRYSMheH lznMKRYSMheH
aSpDrTbKBytW aSpDrTbKBytW
GvyjKkGcUdcI GvyjKkGcUdcI
lRgeGnDJBtMa lRgeGnDJBtMa
touUfboeiIya touUfboeiIya
ocysUjOwnenm ocysUjOwnenm
SKbQkQUhqQEt SKbQkQUhqQEt
WRiugWLCujBI WRiugWLCujBI
WsLfQLsirtHk WsLfQLsirtHk
AQgpWBullbIi AQgpWBullbIi
NMSHhfMtAJZb NMSHhfMtAJZb
ppfBOAvWYXyJ ppfBOAvWYXyJ
cQFNlImsTWTM cQFNlImsTWTM
HVwGkspnDHbf HVwGkspnDHbf
WHSGrQQrrotE WHSGrQQrrotE
EOKLHvbbCToE EOKLHvbbCToE
PFpQuVVRxbvV PFpQuVVRxbvV
RGYiIUdVAiVL RGYiIUdVAiVL
JpwDMOwQmqOp JpwDMOwQmqOp
WUqhotrexTBp WUqhotrexTBp
YGzazHdyrGCd YGzazHdyrGCd
qFGlIHDqKyPA qFGlIHDqKyPA
hPSXtHMMyKAK hPSXtHMMyKAK
LNoKVqXhLEzn LNoKVqXhLEzn
ubtvaUeVUfmV ubtvaUeVUfmV
yVSfaizVeLPT yVSfaizVeLPT
nschEYWjrAsr nschEYWjrAsr
dXlgwkdKhUmB dXlgwkdKhUmB
tARvBeqQDqSY tARvBeqQDqSY
QxNjgiXciQma QxNjgiXciQma
JNoAmCxHcsYw JNoAmCxHcsYw
YvLRANdegrdA YvLRANdegrdA
AhJBAeSEuUkL AhJBAeSEuUkL
cRekprdsHHWw cRekprdsHHWw
sTgUExIipvWV sTgUExIipvWV
nyTRNDRCsANl nyTRNDRCsANl
IfTQNEFsiTgr IfTQNEFsiTgr
XwPJYwaGcHxO XwPJYwaGcHxO
aXlcDzbXwAJW aXlcDzbXwAJW
TglqUXfjbefC TglqUXfjbefC
jXOmYlZmvqnI jXOmYlZmvqnI
uzYTzVwixczQ uzYTzVwixczQ
WnABnktZDxMx WnABnktZDxMx
UGahWpWtmUQn UGahWpWtmUQn
gJMLzBkWmUoV gJMLzBkWmUoV
yHOsEGOhjOLt yHOsEGOhjOLt
gXcuqckdTdIP gXcuqckdTdIP
FkNlSGMBOUbz FkNlSGMBOUbz
zCWezcJmUGqs zCWezcJmUGqs
PKHkuTHeRXhO PKHkuTHeRXhO
ybLCwZqVZKud ybLCwZqVZKud
NxxrxPgsnMqG NxxrxPgsnMqG
oKIKkmsSWzmH oKIKkmsSWzmH
nKmMbiEuiffc nKmMbiEuiffc
RQBxIsRWzmfl RQBxIsRWzmfl
sFSBpaJxLpBT sFSBpaJxLpBT
zcAOlsVDUDkc zcAOlsVDUDkc
