MfdzFvsdGbvl BbyhqvohDUZK deJmWrylVSGK hLGIbMiwjPgd PnbamVANEguC buqjmAINqGzN SojgLCNtJNvq ymJllvoAiAsf mtRsLIzrlNLu rVqgoVgUmLRB hCxjbMrSlUJQ jBrNTBMPxyQD MOpktZzuQRCH PvZWLvSzyZfH noaMakAlHdwq plKUVNXwKfVb UVLyMXgqTFaJ MkUBuIisCVpZ AGbRQRBgaOdX rrRAqFcoDYfk QHpWWcCYavdw QifLRRQkbeZy tywOQDwDhjwZ dFUHctNjrywb pQCFwcmaYfTN uFHfCerNFIme GemeldahvdVv TbekQRoKcInv RICmsRCgzRsB FCrKCfVsEsBk mFYKjQfCsRtT EoEdLMroSPNp MLnLJmQHwuOS DFscNnuMhxUC GKWfMfVZxbJi VyXrTLUcizAa DvRTDyBMOCbT axLiuEEXvnsQ GuSSYBNHDbKE ZjfLZjjegWJT PUcvIgREsriS BkcPMTugAswL NlmuUUVQUbgI dDFWxTbuPymh PQTqeEtJjrHq IHnRSACwPeSd pkzKsTORVYro VARFNCcqfgIc AMizjBPjmCZd SgyAcloZDNJV arcJTkwUqbUy MfdzFvsdGbvl
50
VyXrTLUcizAa VyXrTLUcizAa
buqjmAINqGzN buqjmAINqGzN
tywOQDwDhjwZ tywOQDwDhjwZ
SgyAcloZDNJV SgyAcloZDNJV
dDFWxTbuPymh dDFWxTbuPymh
EoEdLMroSPNp EoEdLMroSPNp
pQCFwcmaYfTN pQCFwcmaYfTN
AGbRQRBgaOdX AGbRQRBgaOdX
NlmuUUVQUbgI NlmuUUVQUbgI
QifLRRQkbeZy QifLRRQkbeZy
ymJllvoAiAsf ymJllvoAiAsf
axLiuEEXvnsQ axLiuEEXvnsQ
SojgLCNtJNvq SojgLCNtJNvq
VARFNCcqfgIc VARFNCcqfgIc
mtRsLIzrlNLu mtRsLIzrlNLu
FCrKCfVsEsBk FCrKCfVsEsBk
PQTqeEtJjrHq PQTqeEtJjrHq
dFUHctNjrywb dFUHctNjrywb
PUcvIgREsriS PUcvIgREsriS
noaMakAlHdwq noaMakAlHdwq
DvRTDyBMOCbT DvRTDyBMOCbT
QHpWWcCYavdw QHpWWcCYavdw
MOpktZzuQRCH MOpktZzuQRCH
AMizjBPjmCZd AMizjBPjmCZd
RICmsRCgzRsB RICmsRCgzRsB
PnbamVANEguC PnbamVANEguC
jBrNTBMPxyQD jBrNTBMPxyQD
pkzKsTORVYro pkzKsTORVYro
ZjfLZjjegWJT ZjfLZjjegWJT
DFscNnuMhxUC DFscNnuMhxUC
hCxjbMrSlUJQ hCxjbMrSlUJQ
BbyhqvohDUZK BbyhqvohDUZK
uFHfCerNFIme uFHfCerNFIme
GemeldahvdVv GemeldahvdVv
TbekQRoKcInv TbekQRoKcInv
MkUBuIisCVpZ MkUBuIisCVpZ
hLGIbMiwjPgd hLGIbMiwjPgd
deJmWrylVSGK deJmWrylVSGK
PvZWLvSzyZfH PvZWLvSzyZfH
rVqgoVgUmLRB rVqgoVgUmLRB
UVLyMXgqTFaJ UVLyMXgqTFaJ
GuSSYBNHDbKE GuSSYBNHDbKE
rrRAqFcoDYfk rrRAqFcoDYfk
GKWfMfVZxbJi GKWfMfVZxbJi
IHnRSACwPeSd IHnRSACwPeSd
plKUVNXwKfVb plKUVNXwKfVb
BkcPMTugAswL BkcPMTugAswL
arcJTkwUqbUy arcJTkwUqbUy
mFYKjQfCsRtT mFYKjQfCsRtT
MLnLJmQHwuOS MLnLJmQHwuOS
