loc0 loc57 loc52 loc122 loc93 loc158 loc15 loc198 loc1 loc179 loc68 loc105 loc155 loc119 loc109 loc61 loc159 loc20 loc38 loc67 loc126 loc145 loc176 loc26 loc34 loc82 loc96 loc187 loc24 loc181 loc170 loc51 loc195 loc8 loc110 loc21 loc178 loc49 loc189 loc103 loc7 loc28 loc108 loc186 loc161 loc25 loc160 loc1 loc143 loc169 loc97 loc78 loc95 loc142 loc79 loc107 loc6 loc133 loc152 loc43 loc13 loc94 loc16 loc23 loc112 loc116 loc184 loc148 loc63 loc153 loc188 loc33 loc64 loc31 loc190 loc182 loc90 loc115 loc4 loc5 loc40 loc53 loc154 loc2 loc59 loc100 loc75 loc18 loc62 loc89 loc9 loc117 loc11 loc84 loc41 loc11 loc39 loc171 loc0
94
loc0 loc141 loc17
loc1 loc1
loc2 loc2
loc4 loc4
loc5 loc5
loc7 loc7
loc8 loc8
loc9 loc9
loc11 loc11
loc13 loc13
loc15 loc3 loc15
loc16 loc16
loc18 loc18
loc20 loc20
loc23 loc23
loc24 loc24
loc25 loc25
loc26 loc26
loc28 loc28
loc31 loc31
loc33 loc33
loc34 loc34
loc38 loc38
loc39 loc39
loc40 loc40
loc41 loc41
loc43 loc43
loc49 loc49
loc51 loc51
loc52 loc52
loc53 loc53
loc57 loc135 loc57 loc123 loc55
loc59 loc59
loc61 loc61
loc62 loc62
loc63 loc63
loc64 loc64
loc67 loc67
loc68 loc68
loc75 loc75
loc78 loc78
loc79 loc79
loc82 loc82
loc84 loc84
loc89 loc89
loc90 loc90
loc93 loc93
loc94 loc94
loc95 loc95
loc96 loc96
loc97 loc97
loc100 loc100
loc103 loc103
loc105 loc105
loc107 loc107
loc108 loc108
loc109 loc109
loc110 loc110
loc112 loc112
loc115 loc115
loc116 loc116
loc117 loc117
loc119 loc119
loc122 loc122
loc126 loc126
loc133 loc133
loc142 loc142
loc143 loc143
loc145 loc145
loc148 loc148
loc152 loc152
loc153 loc153
loc154 loc154
loc155 loc155
loc158 loc197 loc158
loc159 loc159
loc160 loc160
loc161 loc161
loc169 loc169
loc170 loc170
loc171 loc171
loc176 loc176
loc178 loc178
loc179 loc179
loc181 loc181
loc182 loc182
loc184 loc184
loc186 loc186
loc187 loc187
loc188 loc188
loc189 loc189
loc190 loc190
loc195 loc195
loc198 loc198
