loc0 loc62 loc13 loc64 loc17 loc31 loc18 loc33 loc22 loc42 loc6 loc24 loc34 loc27 loc73 loc37 loc5 loc46 loc11 loc28 loc94 loc80 loc58 loc63 loc48 loc77 loc8 loc75 loc90 loc97 loc85 loc30 loc3 loc51 loc10 loc68 loc7 loc54 loc53 loc16 loc2 loc0
39
loc0 loc86 loc67 loc36 loc96
loc3 loc3
loc5 loc5
loc6 loc6
loc7 loc7
loc8 loc8
loc10 loc10
loc13 loc13
loc16 loc16
loc17 loc17
loc18 loc18
loc22 loc22 loc72
loc24 loc24
loc27 loc27
loc28 loc28
loc30 loc30
loc31 loc31
loc33 loc33 loc65
loc34 loc34
loc37 loc37
loc42 loc42
loc46 loc46
loc48 loc48
loc51 loc51
loc53 loc53
loc54 loc54
loc58 loc58
loc62 loc62
loc63 loc63
loc64 loc64
loc68 loc68
loc73 loc73
loc75 loc75
loc77 loc77
loc80 loc80
loc85 loc85
loc90 loc90
loc94 loc94
loc97 loc97
