5 1 78 69 27 196 108 147 188 89 8 66 82 182 117 97 198 100 55 159 91 93 190 58 16 130 35 168 122 177 112 185 20 79 124 164 157 83 103 30 46 197 102 137 170 106 115 92 38 149 42 50 5
50
1 1
8 8
16 16
20 20
27 27
35 35
38 38
42 42
46 46
50 50
55 55
58 58
66 66
69 69
78 78
79 79
82 82
83 83
89 89
91 91
92 92
93 93
97 97
100 100
102 102
103 103
106 106
108 108
112 112
115 115
117 117
122 122
124 124
130 130
137 137
147 147
149 149
157 157
159 159
164 164
168 168
170 170
177 177
182 182
185 185
188 188
190 190
196 196
197 197
198 198
