0 34 36 49 124 152 9 73 59 64 105 100 164 141 104 167 80 60 110 97 11 136 26 25 5 106 89 171 18 113 62 12 189 150 38 155 13 160 66 40 140 83 50 158 181 70 68 101 15 44 135 87 17 138 111 194 191 147 21 67 119 130 96 180 172 116 91 75 184 138 94 187 108 7 188 1 163 74 79 102 70 157 30 95 123 27 39 178 67 151 10 130 145 179 188 7 173 35 42 170 161 22 168 162 197 23 13 55 142 3 156 24 93 71 198 144 6 125 109 0
94
1 1
5 5
6 6
7 7
9 9
10 10
11 129 11
12 12
15 15
17 17
18 18
21 21
22 22
23 23
24 24
25 25
26 26
27 27
30 30
34 31 34
35 35
36 36
38 38
39 39
40 40
42 42
49 49
50 50
55 55
59 59
60 60
62 62
66 66
67 67
68 68
71 71
73 73
75 75
79 79 196
80 80
83 83
87 87
89 89
91 91
93 93
95 95
96 96
101 101
102 102
104 104
105 105
106 56
108 108
109 109
110 110
111 111
113 61
119 119
123 123
124 124
130 130
135 135
136 16 122 136 118
138 138
140 140
141 141
142 142
144 144
145 145
147 147
150 150
151 151
152 152
155 155
156 156
157 157
158 158
160 160
161 161
162 162
163 163
164 164
168 168
170 193
171 171
172 172
173 173
178 178
179 179
184 184
187 187
189 189
194 194
198 198
