a0 a13 a80 a52 a51 a79 a26 a68 a41 a5 a75 a14 a96 a93 a4 a87 a15 a49 a36 a38 a24 a88 a39 a94 a55 a91 a37 a17 a19 a71 a98 a53 a45 a62 a76 a60 a78 a43 a73 a35 a64 a34 a86 a0
43
a0 a0
a4 a4
a5 a5
a13 a13
a14 a14
a15 a15
a17 a17
a19 a19
a24 a24
a26 a26
a34 a34
a35 a35
a36 a36
a37 a37
a38 a38
a39 a39 a30
a41 a41 a65 a42 a70
a43 a43
a45 a45
a49 a56 a49
a51 a51
a52 a52
a53 a53
a55 a55
a60 a60
a62 a62
a64 a64
a68 a68
a71 a71
a73 a73
a75 a75
a76 a76
a78 a78
a79 a79
a80 a80
a86 a86
a87 a87
a88 a88
a91 a91
a93 a93 a54
a94 a94
a96 a96
a98 a9 a98
