ssp200 13 10 2 181 137 147 137 142 138 139 140 141 143 137 181 107 113 111 110 109 108 112 107 181 152 162 152 158 156 155 154 153 157 152 181 62 67 63 64 65 66 68 62 181 122 128 126 125 124 123 127 122 181 182 187 183 184 185 186 188 182 181 167 173 171 170 169 168 172 167 181 77 82 78 79 80 81 83 77 181 47 57 47 53 51 50 49 48 52 47 181 17 23 21 20 19 18 22 17 181 77 181 92 98 96 95 94 93 97 92 181 182 181 32 38 36 35 34 33 37 32 181 2 8 6 5 4 3 7 2 10 13 ssp200
68
182 191 194 195
183 183
184 184
185 185
186 186
167 176 179 180
168 168
169 169
170 170
171 171
152 164 165
153 153
154 154
155 155
156 156
162 161
137 149 150
138 138
139 139
140 140
141 141
147 146
122 131 134 135
123 123
124 124
125 125
126 126
107 116 119 120
108 108
109 109
110 110
111 111
92 101 104 105
93 93
94 94
95 95
96 96
77 86 89 90
78 78
79 79
80 80
81 81
62 71 74 75
63 63
64 64
65 65
66 66
47 59 60
48 48
49 49
50 50
51 51
57 56
32 41 44 45
33 33
34 34
35 35
36 36
17 26 29 30
18 18
19 19
20 20
21 21
2 11 14 15
3 3
4 4
5 5
6 6
