SabrinaSiriPrince50 X8iWp cRUJh DrLs7 9HL6t yJVF4 4MOkB DrLs7 cRUJh X8iWp M7N2p X8iWp duKKu 11x30 OSLHQ EZqNK WcEcU 11x30 duKKu X8iWp M7N2p X8iWp cRUJh SVxWg d2ZYh nbohZ SVxWg cRUJh duKKu YgbLl vmJdf 5X0EW Wutnl YgbLl duKKu X8iWp M7N2p gInwM X9US9 gInwM M7N2p aHwNY UBrR9 52PwN H8qqB 0kSSC Ms6jj plb6L UBrR9 aHwNY SabrinaSiriPrince50
20
M7N2p V7iEC Bjd2k cwf5o nMJpi nannc rFWcq
aHwNY aHwNY
X9US9 i3qsm
UBrR9 UBrR9
52PwN 52PwN
H8qqB H8qqB
0kSSC 0kSSC
Ms6jj Ms6jj
plb6L plb6L
EZqNK EZqNK
OSLHQ OSLHQ
WcEcU WcEcU
5X0EW 5X0EW
vmJdf vmJdf
Wutnl Wutnl
9HL6t 9HL6t
yJVF4 yJVF4
4MOkB 4MOkB
nbohZ nbohZ
d2ZYh d2ZYh
