1 125 49 57 81 51 143 115 67 123 33 19 3 73 53 61 117 29 95 65 5 2 25 35 121 119 137 129 23 135 13 85 45 5 2 91 79 11 47 15 97 31 21 41 127 27 11 43 149 105 113 3 109 5 7 39 107 63 69 17 77 71 133 93 89 99 131 147 139 37 141 145 55 101 83 12 103 87 9 59 1
73
1 1
3 3
5 5
7 7
9 9
11 11
13 13
15 15
17 17
19 19
21 21
23 23
25 25
27 27
29 29
31 31
33 33
35 35
37 37
39 39
41 41
43 43
45 45
47 47
49 49 111
51 51
53 53
55 55
57 57
59 59
61 61
63 63
65 65
67 67
69 69
71 71
73 73
77 77
79 79
81 81
83 83
85 85
87 87
89 89
91 91
93 93
95 95
97 97
99 99
101 101
103 103
105 105
107 107
109 109
113 113
115 115
117 117
119 119
121 121
123 123
125 75 125
127 127
129 129
131 131
133 133
135 135
137 137
139 139
141 141
143 143
145 145
147 147
149 149
