Jason Susan Kayla Charles Jacqueline Kimberly Alexandra Brian Cheryl Jordan Grace Mercedes Adrian Megan Carrie Karen Rebecca Christina Joshua Kyle Brittany Johnathan Laura Regina Mark Kristen Edwin Michelle Robert Jeffrey Tammy Kara Misty Jill Evan Dana Jane Mary Brett Shawn Tristan Joseph Randy David Sabrina Paul Elizabeth Andrew William Robin Stacie Amanda Jennifer Wayne Melinda Heather Juan Nicole Kari Adam Wendy Nicholas Cristian April Samantha Ronnie Bryan Nathaniel Jeremy Ashley Melissa Rebekah Crystal Lauren Roy Dylan Stephen Gabriel John Derek Rachel Monica Jeffery Kathy Brad Claire Mario Logan Jose Tommy Timothy Ricky Shannon Shane Kelsey Carol Gregory Scott Dustin Katelyn James Jason
100
Derek Derek
Nathaniel Nathaniel
Heather Heather
Gabriel Gabriel
Adam Adam
Misty Misty
Shannon Shannon
Samantha Samantha
Katelyn Katelyn
Adrian Adrian
John John
Nicole Nicole
Brad Brad
Claire Claire
David David
Lauren Lauren
Joshua Joshua
Mario Mario
Roy Roy
Kara Kara
Johnathan Johnathan
Dana Dana
Cristian Cristian
Ricky Ricky
Tristan Tristan
Paul Paul
Laura Laura
Stacie Stacie
Jose Jose
Melissa Melissa
Kari Kari
Evan Evan
Carol Carol
Carrie Carrie
Brian Brian
Andrew Andrew
Jeffery Jeffery
Robert Robert
Mark Mark
Regina Regina
Kelsey Kelsey
Wayne Wayne
Megan Megan
Jeffrey Jeffrey
Shane Shane
Timothy Timothy
Joseph Joseph
Charles Charles
Crystal Crystal
William William
Mary Mary
Cheryl Cheryl
Rebekah Rebekah
Shawn Shawn
Dustin Dustin
Jacqueline Jacqueline
Logan Logan
Gregory Gregory
Kimberly Kimberly
Amanda Amanda
Christina Christina
Rebecca Rebecca
Scott Scott
Mercedes Mercedes
Dylan Dylan
Wendy Wendy
Kayla Kayla
Edwin Edwin
Michelle Michelle
Stephen Stephen
Kristen Kristen
Brett Brett
Karen Karen
Ronnie Ronnie
Jill Jill
Sabrina Sabrina
Elizabeth Elizabeth
Tommy Tommy
James James
Juan Juan
Brittany Brittany
Kathy Kathy
Susan Susan
Monica Monica
Bryan Bryan
Jane Jane
Alexandra Alexandra
Grace Grace
April April
Nicholas Nicholas
Jennifer Jennifer
Jeremy Jeremy
Kyle Kyle
Tammy Tammy
Ashley Ashley
Jordan Jordan
Melinda Melinda
Rachel Rachel
Robin Robin
Randy Randy
