Austin Victoria Ralph Monique Robert Gina Michael Ashley Natasha Kari Debra Garrett Mariah Elaine Eugene Cassandra Joshua Sean Alex Rhonda Edward Melissa Daniel Jonathan Juan Patrick Hannah John Paul Scott Walter Jennifer Paige Jamie Rachel Danielle Robin Elizabeth Janet Melinda Dennis Jeanette Kyle Steven Glenda Jordan Amy Maxwell Donald April Sara Austin
50
Victoria Victoria
John John
Debra Debra
Hannah Hannah
Elaine Elaine
Mariah Mariah
Eugene Eugene
Patrick Patrick
Joshua Joshua
Natasha Natasha
Walter Walter
Sara Sara
Gina Gina
Paul Paul
Daniel Daniel
Melissa Melissa
Kari Kari
Edward Edward
Jamie Jamie
Paige Paige
Robert Robert
Donald Donald
Janet Janet
Glenda Glenda
Amy Amy
Steven Steven
Maxwell Maxwell
Dennis Dennis
Danielle Danielle
Scott Scott
Michael Michael
Elizabeth Elizabeth
Sean Sean
Juan Juan
Rhonda Rhonda
Ralph Ralph
Garrett Garrett
Monique Monique
Alex Alex
Jonathan Jonathan
April April
Jennifer Jennifer
Cassandra Cassandra
Kyle Kyle
Ashley Ashley
Jordan Jordan
Melinda Melinda
Rachel Rachel
Robin Robin
Jeanette Jeanette
