Granbull Torracat Lapras Goomy Magmortar Happiny Machamp Reshiram Luvdisc Mantine Carnivine Electivire Glalie Mimikyu Beedrill Butterfree Cubone TypeNull Blissey Floatzel Aipom Nuzleaf Conkeldurr Roserade Bronzor Mightyena Heliolisk Jirachi Magikarp Amoonguss Golbat Heatran Lampent Rufflet Sylveon Altaria Malamar Charizard Tyrunt Trumbeak Manaphy Gliscor Tsareena Staravia Feraligatr Carnivine Arbok Spiritomb Chespin Cascoon Krookodile Azurill Crawdaunt Cosmog Chatot Electrike Parasect Torchic Binacle Exeggcute Bergmite Serperior Heatmor Cinccino Oshawott Spinda Mawile Lycanroc Raichu Jolteon Metagross Carbink Ampharos Kyurem Crabominable Flygon Electrode Lileep Absol Hitmontop Machamp Torkoal Greninja Mudsdale Pancham Mudsdale Pidgeot Rockruff Whiscash Quilava Skitty Kangaskhan Lombre Diggersby Darkrai Swanna Lucario Dustox PorygonZ Electrode Bonsly Chinchou Bagon Chinchou Typhlosion Floette Finneon Lunala Kirlia Whimsicott Budew Grumpig Metang Reuniclus Bulbasaur Granbull
93
Tsareena Tsareena
Absol Absol
Roserade Roserade
Dustox Dustox
Heatran Heatran
Butterfree Butterfree
Ampharos Ampharos
Metang Magmar
Spiritomb Spiritomb
Torchic Torchic
Cosmog Cosmog
Arbok Arbok
Cascoon Cascoon
Torracat Torracat
Chinchou Chinchou
Crawdaunt Crawdaunt
Mimikyu Mimikyu
Pancham Vivillon
Happiny Happiny
Kirlia Unown
Quilava Quilava
Kangaskhan Kangaskhan
Rockruff Rockruff Ninjask
Bonsly Bonsly
Grumpig Grumpig
Spinda Spinda
Bagon Charmander
Cinccino Cinccino
Budew Budew
Sylveon Sylveon
Mawile Mawile
Beedrill Beedrill
Lampent Lampent
Greninja Greninja
Malamar Malamar
Jolteon Buizel Jolteon
Mantine Mantine
Charizard Charizard
Gliscor Gliscor
Binacle Binacle
Raichu Raichu
Cubone Cubone
Krookodile Krookodile Corphish
Heatmor Heatmor
Swanna Swanna
Diggersby Diggersby
Whiscash Whiscash
Metagross Metagross
TypeNull TypeNull
Whimsicott Whimsicott
Lycanroc Lycanroc
Mightyena Mightyena
Floette Floette
Tyrunt Relicanth
Jirachi Jirachi
Mudsdale Mudsdale
Darkrai Darkrai
Finneon Deoxys
Reuniclus Reuniclus
Rufflet Rufflet
Reshiram Reshiram
Crabominable Crabominable
Machamp Remoraid Machamp
Electivire Probopass
Electrode Electrode
Serperior Serperior
Golbat Golbat
Hitmontop Hitmontop
Trumbeak Trumbeak
Flygon Flygon
Bronzor Bronzor
Bergmite Bergmite
Torkoal Torkoal
Goomy Goomy
Lapras Lapras
Carnivine Carnivine
Pidgeot Pidgeot
Exeggcute Exeggcute
Carbink Infernape Carbink
Magmortar Magmortar
Electrike Electrike
PorygonZ PorygonZ
Lileep Lileep
Feraligatr Feraligatr
Floatzel Floatzel
Glalie Glalie
Chespin Metapod Chespin
Luvdisc Luvdisc
Blissey Blissey
Chatot Slakoth Chatot
Typhlosion Typhlosion
Nuzleaf Nuzleaf
Skitty Skitty
