Florges Vespiquen Persian Furfrou Persian Furfrou Shaymin Gastrodon Dusknoir Kricketot Genesect Drapion Weepinbell Tsareena Toxapex Cherrim Pidgey Bisharp Bayleef Pidgey Sentret Primarina Wailmer Delibird Purrloin Piloswine Bidoof Celebi Hitmonlee Doublade Aurorus Moltres Caterpie Cascoon Delibird Purrloin Doublade Carracosta Masquerain Florges Stufful Lillipup Hakamoo Buzzwole Volbeat Dialga Bergmite Wormadam Wailmer Poliwrath Drapion Infernape Bouffalant Palossand Bidoof Manectric Zubat Florges
40
Masquerain Togetic Celesteela
Weepinbell Weepinbell
Carracosta Carracosta
Purrloin Purrloin Poliwag
Poliwrath Poliwrath
Toxapex Ralts
Sentret Sentret
Persian Persian
Manectric Manectric
Lillipup Lillipup
Volbeat Volbeat
Moltres Moltres
Shaymin Shaymin Regice
Piloswine Piloswine
Gastrodon Gastrodon
Infernape Infernape
Kricketot Kricketot
Caterpie Zapdos Tentacruel
Primarina Primarina
Celebi Celebi
Stufful Stufful
Cherrim Cherrim
Delibird Delibird
Zubat Zubat
Dusknoir Dusknoir
Wailmer Wailmer
Bidoof Bidoof Machoke
Hitmonlee Yanmega Hitmonlee
Bergmite Bergmite
Tsareena Tsareena
Dialga Dialga Pichu
Aurorus Aurorus
Bayleef Bayleef
Cascoon Timburr Cascoon
Buzzwole Buzzwole
Bouffalant Bouffalant
Wormadam Wormadam
Hakamoo Hakamoo Omastar Girafarig
Pidgey Scolipede
Bisharp Bisharp
