0 143 114 103 179 156 197 157 110 199 27 151 17 16 98 135 106 46 15 167 85 38 131 195 6 160 117 82 36 40 42 155 140 70 45 19 97 59 147 168 134 63 101 174 130 68 126 123 53 166 122 162 0 52 109 55 11 171 144 82 36 129 50 108 20 126 68 176 74 41 72 39 69 180 87 82 36 125 116 26 9 120 31 138 111 198 76 84 81 63 157 177 73 189 48 91 83 68 66 183 87 34 139 2 136 113 121 23 62 128 36 181 152 105 145 103 184 35 122 179 175 75 80 0
91
9 9 88
11 11
16 16
17 17
19 19
20 20
23 23
26 26
27 27
31 31 196
34 34
35 35
36 36
40 40
42 42
45 137 45
46 46
48 48
50 50
52 52
53 53
55 55
59 59
62 62
63 63
66 66
69 69
70 70
72 72
74 74
75 75
76 76
80 80
81 81
82 82
83 83
84 84
85 85
87 87
91 91
97 97
98 98
103 103
105 105
106 106
108 108
109 109
111 111
113 185
114 114
116 116
117 117
121 102 121
122 67 13 10 122
125 125
126 126
128 128
130 130
131 131
134 134
136 136
138 138
139 139
140 140
143 143
144 144
145 145
147 147
151 151
152 152
155 4 30
156 156
157 157 149
160 160
162 162
166 166
168 168
171 171
174 174
176 176
177 177
179 179
180 180
181 181
183 183
184 184
189 189
195 195
197 197
198 198
199 199
