node142 node92 node6 node103 node140 node166 node169 node23 node45 node129 node47 node26 node45 node160 node9 node99 node12 node1 node119 node43 node3 node148 node5 node24 node9 node32 node127 node177 node125 node10 node65 node1 node102 node86 node23 node122 node81 node56 node31 node34 node11 node22 node124 node121 node40 node33 node20 node2 node154 node62 node0 node185 node2 node60 node11 node18 node94 node93 node162 node80 node164 node50 node6 node143 node9 node91 node151 node108 node78 node66 node17 node1 node27 node171 node196 node107 node8 node89 node8 node12 node144 node161 node199 node111 node39 node77 node87 node130 node6 node182 node6 node4 node152 node112 node4 node9 node18 node2 node31 node12 node10 node70 node7 node142
71
node2 node2
node5 node5
node6 node6
node10 node10
node11 node11
node17 node17
node18 node18
node20 node20
node23 node23
node24 node24
node26 node26
node27 node27
node31 node31
node34 node34
node39 node39
node40 node40
node45 node45 node135
node47 node47
node50 node50
node56 node56
node60 node60
node62 node62
node65 node65
node66 node66
node70 node70
node77 node77
node78 node78
node80 node80
node81 node81
node86 node86
node87 node87
node89 node89
node91 node91
node92 node88 node170 node92 node53 node123 node128
node93 node93
node94 node94
node99 node99
node102 node102
node103 node103 node183
node107 node107
node108 node108
node111 node111
node112 node112
node119 node119
node121 node121
node122 node122
node124 node124
node125 node125
node127 node127
node129 node129
node130 node130
node140 node140 node136
node142 node69
node143 node143
node144 node144
node148 node148
node151 node151
node152 node152
node154 node154
node160 node160
node161 node161
node162 node162
node164 node164
node166 node163 node166
node169 node169
node171 node171
node177 node177
node182 node182
node185 node185
node196 node196
node199 node199
