1 100 16 100 124 84 100 43 117 100 186 89 129 100 55 68 100 131 76 100 159 54 171 100 49 119 57 37 101 100 1
21
1 1
16 16
43 43
49 49
54 54
55 55
57 57
68 68
76 76
84 84
89 89
100 174 189 177 86 192 45 136 74 127 157 80 141 183 31 105 155 21 3 125 82 164 38 113 83 195 188 153 29 163 24 160 12 115 59 0 93 28 27 138 134 77 178 19 50 121 15 56 175 148 88 30 60 44 26 10 97 182 99 36 8 199 158 142 25 22 18 137 194 191 32 172 111 35 151 63 150 193 180 170 196
101 101
117 117
119 119
124 124
129 129
131 131
159 159
171 171
186 186
