21 152 153 90 106 127 5 15 136 74 160 23 191 13 12 61 60 84 150 53 150 110 169 168 139 142 178 179 25 165 159 119 115 116 47 48 64 101 194 193 107 85 150 110 169 131 41 11 81 113 171 69 66 69 136 74 160 74 121 170 117 122 130 131 41 105 104 105 128 129 34 3 2 1 139 142 185 55 147 148 197 95 64 101 8 101 194 171 113 188 113 31 76 35 154 29 30 167 166 120 51 50 197 163 175 151 191 192 191 151 150 53 181 6 33 186 185 143 157 156 93 89 177 183 172 173 86 47 116 115 125 124 189 37 36 37 38 87 73 43 27 101 92 91 178 179 161 93 156 45 156 21
85
1 1
3 3
5 5
8 7 9
11 11
13 13
15 15
21 21
23 23
25 25
27 27
29 29
31 31
33 33 155
35 35
36 97
37 37
38 187
41 41
43 43
45 45
47 47
48 19 79
50 49
51 51
53 53
55 55
60 59
61 61
66 67 145
69 69
73 73
74 75
81 81
85 85
87 87
89 89
91 91
93 93
95 95 195
101 101
104 103
105 105
106 109
107 107
113 113
115 115
116 133
117 117
119 39 119
121 121
122 123
125 125 137
127 127
129 129
131 131
139 139
142 99 149
143 143
147 147
151 141 151
152 111
153 153
157 157
159 159
160 17 77
161 161
163 163
165 165
167 167
169 57 169
171 171
173 173
175 65 175
177 177
178 63 71 83
179 179
181 181
183 183
185 185
188 135
189 189
191 191
193 193
197 197
