74 72 80 76 73 75 87 63 69 62 66 61 68 70 63 46 48 46 141 148 146 143 145 141 118 182 172 174 180 179 175 178 171 172 151 159 151 38 36 35 37 39 31 38 87 86 88 83 85 87 192 191 199 198 197 192 169 132 139 137 131 140 135 136 132 169 164 168 166 167 165 169 151 157 153 151 2 8 6 2 151 118 116 119 113 118 98 58 53 54 57 59 58 21 26 23 25 28 21 121 18 13 16 18 75 77 72 74
79
2 2
6 6
8 8
13 13
16 19 16
18 11 14
23 23
25 25
26 26 29
28 28 30
31 31
35 35
36 36
37 37 32
38 38
39 39
46 46
48 50 47 41
53 52 55 53
54 54
57 57
58 58
59 59
61 61
62 62
66 66
68 68
69 69
70 70
73 73
74 74
75 104 75
76 76
77 77
80 80
83 83
85 85
86 86
87 81 89 82
88 88
98 96 99
113 113
116 116 111 114
118 118
119 119
121 126 128 122
131 131
135 135
136 136
137 137
139 139
140 140
141 141
143 142
145 145
146 146
148 148
151 151
153 153
157 157
159 156 160
164 161 164 163
165 165
166 166
167 167
168 168
169 169
172 172
174 174
175 175
178 178
179 179
180 180
182 185 189
191 191
192 192
197 197
198 198
199 199
