l7 l40 l67 l160 l12 l163 l24 l81 l83 l114 l172 l57 l115 l99 l122 l33 l158 l155 l141 l169 l90 l177 l116 l41 l130 l184 l192 l74 l94 l138 l137 l124 l24 l148 l160 l67 l161 l200 l142 l136 l97 l126 l171 l49 l72 l40 l35 l7
40
l7 l7
l12 l12
l24 l24
l33 l2 l33 l58
l35 l35
l40 l109 l39 l40
l41 l41
l49 l49
l67 l27 l54 l67
l72 l189 l21 l44 l46 l63 l72
l74 l74
l81 l110 l26
l83 l83
l90 l90
l94 l128 l94
l99 l59
l114 l114 l14 l6
l115 l115 l127
l116 l116
l122 l122
l124 l124
l130 l130
l136 l136 l162 l199
l137 l53
l138 l138
l141 l141
l142 l142
l148 l113 l148
l155 l102 l155 l37
l158 l181
l160 l160 l168
l161 l161
l163 l132 l163
l169 l101 l169 l180 l186 l20
l171 l171
l172 l15 l172
l177 l177
l184 l184 l25 l77
l192 l192
l200 l200
