0 179 0 1 8 117 8 1 175 111 110 21 20 142 141 140 139 138 95 137 136 135 134 52 134 135 92 91 118 89 132 30 29 46 45 46 32 63 62 170 85 170 62 63 32 46 29 28 97 28 29 30 132 89 118 91 92 135 136 137 95 138 95 137 136 135 92 91 118 39 130 51 50 51 130 39 118 89 132 30 29 28 29 30 132 89 118 91 92 135 136 137 95 138 139 140 141 142 20 21 110 111 112 113 78 79 165 164 163 164 165 79 78 15 47 127 126 174 126 127 147 54 24 23 24 23 24 54 147 13 12 11 103 107 103 11 10 11 12 13 147 127 47 15 78 113 37 36 37 113 78 79 165 125 124 123 83 82 83 123 124 125 165 79 78 113 112 111 175 1 0 179 178 177 176 177 178 179 0 1 175 111 110 111 175 1 0
44
10 9
15 15
23 153 154 22
24 24
28 25 26 27
29 29
32 32
36 35 87
45 98 99
47 47
50 49
52 72
54 53 54
62 61 62
63 63
78 77
82 16 17 80 81
83 83
85 84
95 95
97 96
103 103
107 105 106
110 109
111 111
112 112
113 102 113
117 114 115 116
123 122 123
126 126
132 131
135 90
138 93 94
140 58
141 172 7
147 147
163 152 158 2 4
164 73
165 34 86
170 170
174 173 55
175 175
176 44
178 150 178 69 70
