L55 L64 L43 L4 L31 L105 L131 L53 L145 L99 L68 L2 L142 L5 L193 L0 L115 L195 L190 L56 L0 L144 L20 L67 L35 L132 L95 L0 L129 L133 L166 L73 L0 L34 L160 L23 L143 L0 L16 L191 L0 L22 L7 L76 L134 L108 L114 L0 L168 L159 L0 L96 L69 L3 L1 L45 L182 L38 L1 L165 L177 L15 L117 L152 L0 L54 L199 L59 L104 L94 L0 L24 L174 L119 L102 L170 L74 L121 L185 L87 L42 L101 L0 L112 L8 L4 L178 L0 L167 L90 L89 L186 L50 L70 L158 L136 L36 L71 L141 L30 L37 L189 L10 L184 L196 L47 L33 L41 L93 L127 L103 L10 L7 L138 L2 L6 L55
97
L0 L0
L2 L2
L4 L4
L6 L6
L7 L7
L8 L8
L10 L10
L15 L15
L16 L16
L20 L20
L22 L22
L23 L23
L24 L24
L30 L30
L31 L31
L33 L33
L34 L34
L35 L35
L36 L36
L37 L37
L38 L38
L41 L41
L42 L42
L43 L139 L43
L45 L45
L47 L47
L50 L50
L53 L53
L54 L54
L55 L82 L55 L19
L56 L56
L59 L59
L64 L64
L67 L67
L68 L68
L69 L69
L70 L70
L71 L71
L73 L73
L74 L74
L76 L76
L87 L87
L89 L89
L90 L90
L93 L93
L94 L94
L95 L95
L96 L96
L99 L99
L101 L101
L102 L102
L103 L103
L104 L104
L105 L105
L108 L108
L112 L112
L114 L114
L115 L115
L117 L117
L119 L119
L121 L121
L127 L127
L129 L129
L131 L131
L132 L132
L133 L133
L134 L134
L136 L136
L138 L138
L141 L141
L142 L142
L143 L143
L144 L144
L145 L145
L152 L152
L158 L158
L159 L159
L160 L160
L165 L165
L166 L166
L167 L167
L168 L168
L170 L170
L174 L174
L177 L177
L178 L178
L182 L182
L184 L184
L185 L185
L186 L186
L189 L189
L190 L190
L191 L191
L193 L193
L195 L195
L196 L196
L199 L199
