0 19 13 8 21 24 74 44 100 69 90 4 7 85 81 58 79 95 96 38 67 14 64 49 71 68 1 23 59 84 77 11 26 10 54 82 35 50 29 40 32 72 9 31 51 55 73 15 33 36 62 61 98 97 52 25 17 83 41 2 20 78 27 48 3 80 30 91 47 66 88 87 93 57 89 6 46 99 86 75 12 65 76 28 53 70 42 94 18 63 39 22 16 37 34 45 43 60 56 92 0
99
1 1
2 2
3 3
4 4
6 6
7 7
8 8
9 9
10 10
11 11
12 12
13 13
14 14
15 15
16 16
17 17
18 18
19 19
20 20
21 21
22 22
23 23
24 24
25 25
26 26
27 27
28 28
29 29
30 30
31 31
32 32
33 33
34 34
35 35
36 5 36
37 37
38 38
39 39
40 40
41 41
42 42
43 43
44 44
45 45
46 46
47 47
48 48
49 49
50 50
51 51
52 52
53 53
54 54
55 55
56 56
57 57
58 58
59 59
60 60
61 61
62 62
63 63
64 64
65 65
66 66
67 67
68 68
69 69
70 70
71 71
72 72
73 73
74 74
75 75
76 76
77 77
78 78
79 79
80 80
81 81
82 82
83 83
84 84
85 85
86 86
87 87
88 88
89 89
90 90
91 91
92 92
93 93
94 94
95 95
96 96
97 97
98 98
99 99
100 100
