101 100 99 95 83 88 82 84 68 63 60 62 65 66 30 31 34 33 35 4 1 5 8 9 6 79 70 78 75 37 32 38 39 36 14 10 49 47 42 45 48 40 99 92 93 10 18 16 15 89 80 87 79 71 72 73 76 77 74 94 90 98 96 91 97 60 68 61 11 12 13 17 19 46 43 41 52 53 86 85 81 36 14 11 23 20 27 24 25 22 69 67 64 55 58 56 57 59 51 50 22 29 26 28 21 3 2 7 0 100 101
98
0 0
1 1
2 2
3 3
4 4
5 5
6 6
7 7
8 8
9 9
10 10
11 11
12 12
13 13
14 14
15 15
16 16
17 17
18 18
19 19
20 20
21 21
22 22
23 23
24 24
25 25
26 26
27 27
28 28
29 29
30 30
31 31
32 32
33 33
34 34
35 35
36 36
37 37
38 38
39 39
40 40
41 41
42 42
43 43
45 45
46 44 46
47 47
48 48
49 49
50 50 54
51 51
52 52
53 53
55 55
56 56
57 57
58 58
59 59
60 60
61 61
62 62
63 63
64 64
65 65
66 66
67 67
68 68
69 69
70 70
71 71
72 72
73 73
74 74
75 75
76 76
77 77
78 78
79 79
80 80
81 81
82 82
83 83
84 84
85 85
86 86
87 87
88 88
89 89
90 90
91 91
92 92
93 93
94 94
95 95
96 96
97 97
98 98
99 99
