Soda Burkina Malawi Mayotte Ireland Macedonia Macao Mozambique Nigeria Rwanda Singapore Mayotte Saint Jamaica Sao Kyrgyzstan Antigua Malta Finland New Albania United Niger Germany Fiji Netherlands Kiribati Lao Myanmar Algeria Republic Croatia Sint Aruba Mexico Bahamas Indonesia Cyprus Egypt Singapore Lebanon Svalbard Palau Brunei Belize British Northern Argentina Luxembourg Congo Burundi Republic Liberia Hong Latvia Moldova Korea Guyana Pitcairn Japan Germany Iraq Estonia Cambodia Soda
49
United United
Cambodia Cambodia
Aruba Aruba
Saint Saint
Argentina Pakistan Argentina
Sint Sint
Japan Japan
Jamaica Jamaica
Albania Albania
Antigua Antigua
Sao Sao
Macao Macao
New New
Malawi Malawi
Korea Korea
Indonesia Indonesia
Finland Finland
Burkina Burkina
Niger Niger
Hong Hong
Pitcairn Pitcairn
Luxembourg Luxembourg
Bahamas Bahamas
Ireland Ireland
Palau Palau
Nigeria Nigeria
Northern Northern
Algeria Algeria
Kiribati Kiribati
Belize Belize
Moldova Moldova
Croatia Croatia
Lebanon Lebanon
Rwanda Rwanda
Burundi Burundi
Fiji Fiji
Liberia Liberia
Netherlands Netherlands
Republic Republic
Lao Lao
Kyrgyzstan Kyrgyzstan
Mayotte Mayotte
Iraq Iraq
British British
Latvia Latvia
Mexico Mexico
Egypt Egypt
Singapore Singapore
Congo Congo
