Soda Canada Austria Central Aruba Germany Finland Cayman Cocos Cambodia Guam Botswana Bouvet Hungary Australia China Antigua Guyana Algeria Denmark Belarus Egypt Comoros Falkland Colombia Azerbaijan United Czech Bermuda Fiji Argentina Belarus Guam Belize Gibraltar Guadeloupe Soda
25
United United
Cambodia Cambodia
Aruba Aruba
Argentina Argentina
Antigua Antigua
Guam Guam
Azerbaijan Angola
Bermuda Bermuda
China China
Central Central
Australia Australia
Cocos Cocos
Austria Austria
Bouvet Bouvet
Belize Belize
Czech Czech
Colombia Colombia
Fiji Fiji
Cayman Cayman
Denmark Denmark
Guyana Guyana
Guadeloupe Guadeloupe
Egypt Egypt
Botswana Botswana
Comoros Comoros
