1 23 58 59 48 69 13 39 75 73 18 50 24 10 21 16 51 37 31 61 65 56 42 70 55 77 46 22 34 38 68 25 71 33 26 17 14 41 79 57 40 30 36 32 27 74 66 43 52 62 49 67 1
51
10 10
13 13
14 14
16 16
17 17 54
18 18
21 21
22 22
23 23
24 24
25 25 78
26 26
27 27
30 30
31 31
32 32
33 33
34 34
36 36 47
37 37
38 38
39 29 39
40 40
41 19 41
42 42
43 43
46 46
48 48
49 49 64
50 50 53 60
51 44 51
52 52
55 28 55
56 20 56
57 57
58 12 58
59 59
61 15 45 61 63
62 62
65 65
66 66
67 67
68 68
69 69
70 70 76
71 71
73 72 73
74 11 74
75 75
77 77
79 35 79
