FleaBottom RockofKuthian Olivanders KingsLanding IronIslands SatishVille Ademre Carvahall TheVale Dagobah TheGreatDivide TheBurningPlains Yll MinistryofMagic UtgardMountain TheBoilingRock Batcave Eggmanland Trebon Urubaen RockofKuthian Arkham MinistryofMagic UtgardMountain Glimthain Yunkai HighGarden Batcave GringottsBank Snozgate ShriekingShack CrastersKeep Ebonfall Peterborough Accrington Carvahall TheSpine Coalwatch TheSpine TheAturanEmpire FleaBottom
24
Olivanders Olivanders
Carvahall Westopolis
Yll Yll
TheBoilingRock TheBoilingRock
TheBurningPlains TheBurningPlains
Batcave Batcave
SatishVille SatishVille
Eggmanland Eggmanland
TheVale TheVale
Trebon Trebon
ShriekingShack ShriekingShack
UtgardMountain UtgardMountain
TheGreatDivide TheGreatDivide
Glimthain Glimthain
Accrington Accrington
FleaBottom Bobbingbourne
MinistryofMagic MinistryofMagic
Coalwatch Coalwatch
HighGarden Vintas HighGarden
Ademre Ademre
Urubaen Urubaen
Arkham Arkham
Ebonfall Ebonfall
GringottsBank GringottsBank
