Essos TheRiverStyx Tartarus TheUnderworld TheChumBucket Kharbranth FleaBottom TheWhompingWillow Barkamsted Coalwatch Gizton Boatwright Durnatel DiagonAlley Ivormere FireNation TheKrustyKrab Duskhollow HorneaterPeaks Lorien Alethkar Arkham Rivendell Peridrift Ramshorn BaSingSe Dragonstone TheSpiritWorld Millingburg Azir DiagonAlley TreeofTime TheCommonwealth DuWeldenvarden Pendle BikiniBottom Millhagen TheUnderworld TheChumBucket Trebon TheReshiIsles JarrensOutpost KoralReef Carvahall Gizton Dubwall LeakyCauldron Dubwall Endor WitheredHeath Soda StationSquare Astapor Netherfort Glimthain Hogwarts GooLagoon HorneaterPeaks Riverrun DiagonAlley Yll Arcwallow TheFae Toperhagen Lockinge FogofLostSouls Bobbingbourne Peterborough CastleBlack Meereen KnifesEdge Ramshorn Durnatel Grimbarrow Carvahall Karth TheUniversity SatishVille Helgrind TheFae Aerodenn TheBoilingRock Alethkar Vintas GodricsHollow Castamere Tarbean Hogsmead Bobbingbourne Peterborough Neddington TheEyrie WitheredHeath WesternAirTemple Omashu TheWhompingWillow Aerodenn BayofDragons RepublicCity JahKeved Pendle Steeltown Neddingtown FireNation TheRiverStyx ThePrancingPony Ademre Beldenn DiagonAlley BeyondtheWall Braavos LeakyCauldron Helgrind Shinovar KingsLanding TheVale KnifesEdge Alderaan Jakku Toffingburg JahKeved Carvahall KoralReef KingsLanding Keld ShatteredPlains Alethkar Jakku CaveofTwoLovers TheHogsHead ShriekingShack Durnatel Mirkwood TheGodswood HighGarden Accrington TheFae Urubaen FireNation ProBendingArena KnifesEdge TheCommonwealth Batcave Castamere TheAturanEmpire Westeros ShatteredPlains Alethkar Penketh Bobbingbourne KnifesEdge TheGreatDivide Azir DiagonAlley Severen Westeros Blackwater WesternAirTemple Jakku Ramshorn Chrofall Peridrift JahKeved Ivormere HighGarden Ramshorn Valyria MountOlympus MysticRuins Essos
94
Jakku Jakku
Karth Karth
Toffingburg Toffingburg
Alethkar Alethkar
HighGarden HighGarden
TheFae TheFae
Peridrift Newarre Peridrift
Castamere Castamere
Urubaen Urubaen
Toperhagen Toperhagen
WesternAirTemple WesternAirTemple
Riverrun Riverrun
KoralReef Winterfell
MountOlympus MountOlympus
Duskhollow Duskhollow
Accrington Accrington
Chrofall Chrofall
Durnatel Ellesmera
TheEyrie TheEyrie
DiagonAlley DiagonAlley Sanlow
Valyria Valyria
ShriekingShack ShriekingShack
KnifesEdge KnifesEdge
Helgrind Helgrind
TheCommonwealth TheCommonwealth
Grimbarrow Grimbarrow
Lorien Lorien
Shinovar Shinovar
Vintas Vintas
Astapor Astapor
Dragonstone Arrowcave Dragonstone
Meereen Meereen
GooLagoon GooLagoon
JahKeved JahKeved
TheWhompingWillow TheWhompingWillow
Trebon Trebon
Yll Yll
Penketh Penketh
Severen Severen
Dubwall Dubwall
Bobbingbourne Bobbingbourne
Azir Azir
TheBoilingRock TheBoilingRock
BaSingSe BaSingSe
WitheredHeath WitheredHeath
Ademre Ademre
Braavos Braavos
Hogwarts Hogwarts
Tarbean Tarbean
Steeltown Steeltown
DuWeldenvarden DuWeldenvarden
TheKrustyKrab TheKrustyKrab
Boatwright Boatwright
TheSpiritWorld TheSpiritWorld
Arkham TheSpine Arkham
Aerodenn Aerodenn
FireNation FireNation
Tartarus Tartarus
Arcwallow Arcwallow
Alderaan Alderaan
BeyondtheWall BeyondtheWall
TheGreatDivide TheGreatDivide
Keld Keld
TheRiverStyx TheRiverStyx
JarrensOutpost JarrensOutpost
Barkamsted Barkamsted
Batcave Batcave
Essos Essos
Westeros Westeros
Carvahall Carvahall
RepublicCity RepublicCity
Hogsmead Hogsmead
BikiniBottom BikiniBottom
Neddington Neddington
Neddingtown Neddingtown
Netherfort Netherfort
Soda Soda Atlantas
TheUnderworld TheUnderworld
ProBendingArena ProBendingArena
ShatteredPlains ShatteredPlains
FleaBottom FleaBottom
CaveofTwoLovers CaveofTwoLovers
Blackwater Blackwater
Omashu Omashu
CastleBlack CastleBlack
Endor Endor
Lockinge Lockinge
TheReshiIsles TheReshiIsles
TheVale TheVale
SatishVille SatishVille
Gizton Gizton FlourishBlotts
TheChumBucket TheChumBucket
TheGodswood TheGodswood
Ivormere Ivormere
