Meckgue TheFingers Castamere TheVale Neddingtown Essos Meereen Omashu UtgardMountain EarthKingdom Naboo Steeltown WitheredHeath Keld GooLagoon WitheredHeath MysticRuins TheGodswood Essos Neddingtown TheVale Naboo EarthKingdom Kinecardine BayofDragons Urubaen LakeLaogai Yunkai EarthKingdom TheSpine Boatwright Gotham FogofLostSouls Murkcairn Ellesmera Vexhollow Braavos ShatteredPlains ShriekingShack Beldenn RepublicCity Neddingtown Essos Neddingtown RepublicCity TreeofTime Dagobah Steeltown Gizton Netherfort TheHogsHead Lorien TheKrustyKrab Millingburg Grayburn Tartarus TheWaystoneInn Tartarus TheSwamp BikiniBottom Murkcairn BikiniBottom Lorien ProBendingArena ShatteredPlains TheUniversity ZhaoFu Sanlow Urubaen BayofDragons VaultofSouls Steeltown Belhaben TheBoilingRock TheVale EasternAirTemple BeyondtheWall Boatwright BayofDragons ThePrancingPony TheWhompingWillow MountOlympus KoralReef ShatteredPlains TheUniversity Meckgue
46
RepublicCity RepublicCity
LakeLaogai LeakyCauldron LakeLaogai
Gizton Gizton
Essos Winterfell
TheWaystoneInn TheWaystoneInn
TreeofTime TreeofTime
Steeltown Steeltown TheArcanum
Lorien Lorien
ShatteredPlains ShatteredPlains
Braavos Braavos
Dagobah Dagobah
TheHogsHead TheHogsHead
KoralReef KoralReef
Meckgue Meckgue
Murkcairn Murkcairn
Tartarus Tartarus
Yunkai Yunkai
Omashu Larcbost
EarthKingdom EarthKingdom
Netherfort Netherfort
BayofDragons Ademre
Sanlow Sanlow
TheVale TheVale
Keld Keld
ThePrancingPony ThePrancingPony
GooLagoon GooLagoon
Meereen Meereen
UtgardMountain UtgardMountain
Ellesmera Ellesmera
Urubaen Carvahall FlourishBlotts Urubaen
Grayburn Grayburn
ZhaoFu ZhaoFu
TheUniversity TheUniversity
BeyondtheWall BeyondtheWall
EasternAirTemple EasternAirTemple
Beldenn Beldenn
TheBoilingRock TheBoilingRock
MysticRuins MysticRuins
TheGodswood TheGodswood
Gotham Gotham
Vexhollow Vexhollow
VaultofSouls VaultofSouls
TheKrustyKrab TheKrustyKrab
Castamere Castamere
TheSpine TheSpine
Kinecardine Kinecardine
