21 174 48 179 23 30 10 180 40 35 61 31 147 29 115 91 169 32 7 15 108 62 170 172 50 38 105 145 20 87 53 72 188 190 186 22 184 151 144 152 176 119 17 122 163 30 159 60 88 18 127 125 100 154 173 36 156 160 130 68 42 47 114 134 2 142 121 19 131 135 139 196 12 51 177 46 24 45 168 125 82 118 146 95 49 74 34 120 14 64 149 37 54 21
84
2 2
7 7
10 90 10
12 103
14 14
15 15
17 17 96
18 18
20 20
21 21
23 23
24 24
29 29
30 30
31 31 133 27
32 32
34 34
36 36
37 37
38 38
40 40
42 42
45 45
46 46
47 47
48 48
49 49
50 116
51 51
53 53
54 54
60 60
61 61
62 62
64 64
68 68
72 72
74 74
82 82
87 87
88 81 88
91 91
95 95
100 100 137
105 105
108 108
114 114
115 115
118 118
119 119 178
120 120 16
121 121
122 122
125 125
127 127
130 136 194 130
131 131
134 134
135 135
139 139
142 97 142
144 144
146 146
147 147
149 149
151 151
152 152
154 154
156 156
159 159
160 160
163 163 167 78 102 75
168 168
169 169
170 170
172 172
176 176
177 177
180 180
184 184
186 186
188 188 56
190 190
196 196
