node139 node166 node19 node95 node85 node18 node42 node190 node99 node84 node112 node162 node137 node66 node41 node71 node49 node162 node178 node164 node53 node20 node80 node200 node160 node92 node157 node159 node167 node180 node158 node24 node10 node96 node60 node22 node81 node108 node54 node124 node73 node40 node5 node192 node27 node52 node57 node1 node8 node152 node12 node184 node117 node82 node94 node38 node100 node30 node50 node36 node173 node85 node134 node169 node131 node119 node98 node186 node191 node114 node195 node43 node3 node120 node163 node121 node48 node102 node61 node154 node19 node181 node127 node37 node161 node55 node129 node109 node111 node65 node141 node185 node193 node86 node97 node126 node107 node89 node51 node125 node33 node146 node150 node182 node47 node56 node139
87
node1 node1
node3 node3
node5 node5
node8 node8
node10 node10
node12 node12
node18 node18
node19 node19
node20 node20
node22 node22
node24 node24
node27 node27
node30 node30
node33 node33
node36 node165
node37 node37
node38 node38
node41 node41
node42 node42
node47 node47 node16
node48 node48
node49 node49
node50 node50
node51 node51
node52 node52
node53 node53
node54 node54
node55 node55
node56 node56
node57 node57
node60 node60
node61 node61
node65 node65
node66 node66
node71 node149 node71
node73 node26 node143 node188 node73
node80 node80
node81 node81
node84 node130 node84
node85 node85
node86 node86
node92 node92
node94 node94
node96 node96
node97 node97
node98 node98
node100 node100
node102 node102
node107 node107 node116
node108 node108
node109 node109
node111 node111
node112 node112
node114 node114
node117 node117
node119 node119
node124 node17 node124
node125 node125 node123
node126 node126
node129 node129
node134 node134
node141 node141
node146 node146
node152 node152
node154 node154
node157 node157
node158 node158
node159 node159
node160 node160
node162 node162
node163 node163
node167 node167
node169 node169
node173 node173
node178 node178
node180 node180
node181 node181
node182 node182
node184 node184
node185 node185
node186 node186
node190 node190
node191 node191
node192 node192
node193 node72
node195 node195 node59
node200 node200
