node87 node96 node11 node69 node14 node42 node8 node99 node55 node85 node75 node60 node66 node86 node6 node67 node6 node64 node59 node31 node80 node56 node57 node4 node23 node76 node74 node88 node12 node25 node72 node29 node98 node39 node73 node92 node83 node48 node45 node35 node53 node17 node97 node54 node48 node5 node19 node6 node93 node37 node95 node87
43
node5 node5
node6 node6
node8 node27 node8
node11 node11
node12 node12
node14 node14
node17 node17
node19 node19
node23 node23
node25 node25
node29 node29
node31 node31
node35 node35
node37 node37
node39 node39
node42 node42
node45 node45
node48 node48
node53 node53
node54 node54 node94
node55 node55
node56 node56
node57 node57
node59 node59
node60 node47 node79 node60
node64 node64
node66 node38
node67 node1
node69 node69
node72 node72
node74 node74
node75 node75
node76 node76
node80 node2
node83 node83
node85 node85
node86 node86
node88 node88
node92 node92
node93 node93
node95 node95
node97 node15 node97
node99 node99
