369 eeb6 1476 4b06 f21f 4e6f 14ac9 2fbe 6d20 da40 d36e bb8f 14760 8bd1 ffc3 c933 a3b 139bc 121dd 110d a047 132ea 2583 1408e 960c e7e4 10695 84ff da4 221a 664e 69b7 9cde 1eb1 3327 11b0b 3d62 dda9 9975 62e5 d005 2c55 7089 c261 14e32 b4bd 369
42
a3b a3b
da4 da4
110d 4434
1476 1476
1eb1 1eb1
221a 221a
2583 2583
2c55 2c55
2fbe 2fbe
3327 3327 128af
4b06 4b06
4e6f 4e6f
62e5 62e5
664e 664e
69b7 69b7
6d20 6d20
84ff 84ff
8bd1 8bd1
960c 960c
9cde 9cde
a047 a047
b4bd b4bd
bb8f bb8f
c261 c261 51d8
c933 c933
d005 d005
d36e d36e
da40 da40
dda9 dda9
e7e4 e7e4 13653 13d25
eeb6 eeb6
f21f e47b
ffc3 ffc3
10695 10695
11b0b 11b0b
121dd 121dd
132ea 132ea
139bc 139bc
1408e 1408e
14760 d6d7 14760 10d67
14ac9 14ac9
14e32 110d0 14e32
