507 4b69 d326 d82d 388ec 2ddfe e742 30636 5577 31a52 164f1 2c9e2 16eff 356a6 22902 2513a 26a5d 12396 2a6b1 648c 23817 374d 200ca 27972 91cb 1ecae 3c54 32460 169f8 ec49 155dc 1e2a aff5 11e8f 2472c 146c7 27e79 360b4 28d8e 2cee9 8cc4 214e6 22e09 3246 3012f ba03 36ac2 24c33 18d29 1831b 2d8f7 2fc28 25641 36fc9 1923 25b48 23d1e 9bd9 150d5 c411 19737 33375 1ab53 17e14 1d892 379d7 13cb9 1ba68 15fea 32e6e 82b6 2f21a 38df3 1790d 10065 1c97d 2bacd 374d0 2b0bf 3387c 1a64c 23310 7daf 2e305 1f1b5 78a8 2b5c6 11988 1056c 18822 6993 2604f 507
90
1923 1923
1e2a 1e2a
3246 1dd99 3246
374d 374d
3c54 3c54
4b69 4b69
5577 5577
648c 648c
6993 6993
78a8 78a8
82b6 82b6 4662
8cc4 8cc4
91cb 91cb
9bd9 9bd9
aff5 aff5
ba03 ba03
c411 c411
d326 d326
d82d d82d
e742 e742
ec49 ec49
10065 10065 c918
1056c 1056c
11988 11988
11e8f 11e8f
12396 12396
13cb9 13cb9
146c7 146c7
150d5 150d5
155dc 155dc
15fea 15fea
164f1 164f1
169f8 169f8
16eff 16eff
1790d 1790d 3428a
17e14 17e14
1831b 1831b
18822 18822
18d29 18d29
19737 19737
1a64c 1a64c
1ab53 1ab53
1ba68 1ba68
1c97d 1c97d
1d892 1d892
1ecae 1ecae
1f1b5 dd34 20fdf 1f1b5
200ca 200ca
214e6 214e6
22902 22902 26f64
22e09 22e09
23310 23310
23817 23817
23d1e 23d1e
2472c 2472c
24c33 24c33
2513a 2513a
25641 25641
25b48 25b48
2604f 2604f
26a5d 26a5d
27972 27972
27e79 27e79
28d8e 28d8e
2a6b1 2a6b1
2b0bf 2b0bf
2b5c6 2b5c6
2bacd 2bacd
2c9e2 2c9e2
2cee9 2cee9
2d8f7 2d8f7
2ddfe 2ddfe
2e305 2e305
2f21a 2f21a
2fc28 2fc28
3012f 3012f
30636 30636
31a52 31a52
32460 32460
32e6e 32e6e
33375 33375
3387c 3387c
356a6 356a6
360b4 360b4
36ac2 36ac2
36fc9 36fc9
374d0 374d0
379d7 379d7
388ec 388ec
38df3 38df3
