8 30 4 34 97 126 121 83 6 5 81 141 185 153 144 86 131 176 183 188 192 191 169 118 60 73 55 69 51 48 65 49 96 82 79 123 173 121 80 120 125 122 172 174 142 105 66 106 99 98 8 29 3 8 83 130 127 124 126 97 153 106 70 56 74 59 42 57 71 55 38 24 19 85 127 125 142 105 49 64 63 66 114 115 72 54 116 158 160 193 171 161 150 138 103 60 118 159 168 190 159 146 136 91 23 87 88 40 108 40 24 27 25 27 95 102 24 20 89 137 179 149 111 78 59 74 116 155 145 88 99 106 164 165 113 68 53 33 16 85 88 90 149 182 147 100 40 26 22 42 60 102 101 135 88 99 52 66 105 97 8
93
3 3
4 4
5 5
6 6
8 2
16 35 17
19 19
22 22
23 23
24 24
25 25 21
26 26
29 29
30 30
33 33
38 38 39
40 40
42 42
49 49
51 51
52 52
53 53
54 54
55 55
59 59
60 61
63 63 47
64 64
65 65
66 66
68 68
69 69
70 70
71 71
72 72
73 73
78 78
79 79
80 80
82 82
83 83
85 85
87 87
88 88
89 89
90 90
91 91 93
95 95
97 97
99 99
100 100
102 102
103 45
105 105 152
108 167
113 113
115 115
116 116
118 118
120 120
121 121
123 123
124 124
125 125
126 126
127 127
135 135
136 136
137 137
142 142
144 144
145 145
147 147
150 181
153 153
160 160
164 164
165 165
168 168
169 169 109
171 171
172 172
173 173
174 174
179 179
182 182
183 183
185 185
188 188
190 190
191 191
192 192
193 193
