0 1 12 26 120 121 122 123 124 125 126 127 128 127 126 125 124 123 122 121 120 26 12 1 0 80 81 82 83 84 85 86 87 88 89 90 91 92 93 94 95 96 97 98 99 100 101 100 101 102 103 104 105 106 107 108 109 110 111 112 113 114 115 116 117 118 119 80 0 7 2 7 0
27
0 4 6 8 10 11 14 15 16 20 22 24 29 30 31 33 34 36 38 40 43 44 46 47 51 52 53 57 60 61 64 65 66 69 71 73 74 75 76 79
1 1 3 9 13 17 18 19 21 27 28 32 35 41 45 48 49 54 58 62 68
2 2 5 23 37 39 42 50 55 56 67 70 72 77 78
7 7 25 59
12 12 63
26 26
80 80
82 82
84 84
86 86
88 88
90 90
92 92
94 94
96 96
98 98
100 100
102 102
104 104
106 106
108 108
110 110
112 112
114 114
116 116
118 118
128 129
