USZWPSB MWXYLX AHZYCQM LYRSZA HSAIPP RGSOR JOXQIX EHQRYBZ PJXURKPC TOAKXEQ VWHRKOPZ ZKGYGD ZNZOQPE JVWIZDBS XZUPVI WTQCHXQ HVERBTBS VBAQD CWLLCM DKINCMT NCPEGX TQSCIQTX AIGGLZT GALHVZ MSHZNEX RJDHJFNIN APBFJMOOF HNOOUELP JQHORKB NHNDWOH EFOWXJQKY AOVKACB RLWAP JEGRK FPWMJC AXCWU RUGMYM MYDTJZPES NZJGYK MOXGRP FJQMKJNWE RQWCFDHW FZNKCK FZGDAQKRC RBNAR VVSNO NBRZI BCHOPGEE EJXSCSGM VWNAJFRNG QMHLIXVD GEGFOSJ ZEZKNGTK XHMMLM ORCMU YFEZIO BLXWCB VFEEU CCCWKB NIVCBBO GNXDBJSVR NTZSZ YVIRIDDRA HEFYBKPUF ACYPAPBPW XENTNT RVPJHZLQQ YAETAC YOUZA MRXNI UBODMUMJ WEXBJV YKOGGTNN FLOTLYFG ILXWSRIC GLYDZ LNDUQDYSK KAUIIR DIXXP TTXGTNV FCWRH SIAFKK KRUSUHB BHAMV APIOYKU TGPYEAP ANHOTJN SICVXMLGL JXLFSOAT XQOMNCXDB UDNWTRHT VFEEU EMAAQWO DFFFG HWJUZVNH OVKLH CCTJZN HSJUMJH OLUPAJLP XSWDY RGLCPSJQE USZWPSB
99
EMAAQWO EMAAQWO
FZGDAQKRC FZGDAQKRC
JVWIZDBS JVWIZDBS
BLXWCB BLXWCB
ORCMU ORCMU
SICVXMLGL SICVXMLGL
YVIRIDDRA YVIRIDDRA
DFFFG DFFFG
EFOWXJQKY EPJHOESBB EFOWXJQKY
GEGFOSJ GEGFOSJ
MRXNI MRXNI
NCPEGX NCPEGX
HSAIPP HSAIPP
AOVKACB AOVKACB
MSHZNEX MSHZNEX
XHMMLM XHMMLM
UDNWTRHT UDNWTRHT
AHZYCQM AHZYCQM
FPWMJC FPWMJC
GNXDBJSVR GNXDBJSVR
SIAFKK SIAFKK
XENTNT XENTNT
JOXQIX JOXQIX
BHAMV BHAMV
HSJUMJH HSJUMJH
EHQRYBZ EHQRYBZ
XQOMNCXDB XQOMNCXDB
YOUZA YOUZA
RBNAR RBNAR
VVSNO VVSNO
BCHOPGEE BCHOPGEE
LNDUQDYSK LNDUQDYSK
LYRSZA LYRSZA
TQSCIQTX TQSCIQTX
QMHLIXVD QMHLIXVD
TTXGTNV TTXGTNV
RGLCPSJQE RGLCPSJQE
ZEZKNGTK ZEZKNGTK
KAUIIR KAUIIR
CCTJZN CCTJZN
NBRZI NBRZI
EJXSCSGM EJXSCSGM
XSWDY XSWDY
MWXYLX MWXYLX
HNOOUELP HNOOUELP
ILXWSRIC ILXWSRIC
UBODMUMJ UBODMUMJ
TGPYEAP TGPYEAP
RJDHJFNIN RJDHJFNIN
NTZSZ NTZSZ
OLUPAJLP OLUPAJLP
VWNAJFRNG VWNAJFRNG
ZNZOQPE ZNZOQPE
HEFYBKPUF HEFYBKPUF
RLWAP RLWAP
NZJGYK NZJGYK
APIOYKU APIOYKU
TOAKXEQ TOAKXEQ
NHNDWOH NHNDWOH
YFEZIO YFEZIO
DKINCMT DKINCMT
NIVCBBO NIVCBBO
PJXURKPC PJXURKPC
FCWRH FCWRH
WTQCHXQ WTQCHXQ
CWLLCM CWLLCM
VWHRKOPZ VWHRKOPZ
HWJUZVNH HWJUZVNH
RQWCFDHW RQWCFDHW
VBAQD VBAQD
FZNKCK FZNKCK
JQHORKB JQHORKB
JXLFSOAT JXLFSOAT
OVKLH OVKLH
YKOGGTNN YKOGGTNN
DIXXP DIXXP
USZWPSB USZWPSB
MYDTJZPES MYDTJZPES
AIGGLZT AIGGLZT
RVPJHZLQQ RVPJHZLQQ
AXCWU AXCWU
RUGMYM RUGMYM
RGSOR RGSOR
YAETAC YAETAC
ANHOTJN ANHOTJN
JEGRK JEGRK
KRUSUHB KRUSUHB
GLYDZ GLYDZ
FJQMKJNWE FJQMKJNWE
APBFJMOOF APBFJMOOF
ACYPAPBPW ACYPAPBPW
GALHVZ GALHVZ
FLOTLYFG FLOTLYFG
HVERBTBS HVERBTBS
ZKGYGD ZKGYGD
XZUPVI XZUPVI
VFEEU VFEEU
MOXGRP MOXGRP
WEXBJV WEXBJV
