NENJIT NDFUIQRA LFKLJOBQN PQHUEQ KUTCUN PEHTVQXDW QMQDBY PRANHUZWO PQHUEQ PEHTVQXDW UDNOJYVGK KQUKCKTD CQLIWA SPKBX MXPVTEZCH UEMUXMRIZ KQUKCKTD FULIXB XYVFHKPGH WTGBMM XVEIIY LFKLJOBQN MXOUMOMJ RZCLRJW DYDBSTHU MXOUMOMJ EIPVED XVEIIY ZJITEK NENJIT
20
UEMUXMRIZ UEMUXMRIZ RIEJGXSA
PRANHUZWO PRANHUZWO
NENJIT XAUNPSJR
CQLIWA CQLIWA
EIPVED EIPVED
PEHTVQXDW PEHTVQXDW
DYDBSTHU DYDBSTHU
MXPVTEZCH MXPVTEZCH
WTGBMM WTGBMM
FULIXB FULIXB
KQUKCKTD HJANXPSU KQUKCKTD
XYVFHKPGH XYVFHKPGH
SPKBX SPKBX
XVEIIY ZRBGORXP XVEIIY
NDFUIQRA NDFUIQRA
QMQDBY QMQDBY
PQHUEQ UUBADXD PQHUEQ
KUTCUN KUTCUN
RZCLRJW RZCLRJW
MXOUMOMJ LFAYEWG MXOUMOMJ
