UMUCUTWAW TNSRRJCDD XGGIUBVDN ZLYFI VHLSP QOHWG TCXWZV ZSHRTZVKO JVYIBRJ ZFMGDWP ZPFHBWI USUVN AOWYQNAYA RDTQTJB YFKIFTRS FVKLDY KAYADTT OMBFD TNKNMUFI WEPDZ ELILXSR PLYPQBTP DQOPCH KUUVZB EGEASKKIE MWTSDF CNINRTR RRFKVFYKR VASGY VHHVQ YNHRBC XWBHEYXJU MHXHJGEF XJOXYWA VSMLVXSP IZNSKNS YPXLG CJLYWOAQ SUIOZK AWQOWSNYN MNWMWDXCQ GUDSRTKLA TJFSEUB UENPUJ GVNFQM JJAQQ JOWHZXTIA STQNQT WRQUJ OIPVAKF UMUCUTWAW
49
CNINRTR CNINRTR
CJLYWOAQ CJLYWOAQ
WRQUJ WRQUJ
VASGY VASGY
KUUVZB KUUVZB
JOWHZXTIA JOWHZXTIA
YNHRBC YNHRBC
XWBHEYXJU XWBHEYXJU
RRFKVFYKR RRFKVFYKR
TNKNMUFI TNKNMUFI
TJFSEUB TJFSEUB
KAYADTT KAYADTT
XJOXYWA XJOXYWA
JVYIBRJ JVYIBRJ
GVNFQM GVNFQM
SUIOZK SUIOZK
AWQOWSNYN AWQOWSNYN
ZFMGDWP ZFMGDWP
YPXLG YPXLG
MHXHJGEF MHXHJGEF
ZSHRTZVKO ZSHRTZVKO
TNSRRJCDD TNSRRJCDD
TCXWZV TCXWZV
YFKIFTRS YFKIFTRS
VHLSP VHLSP
ZPFHBWI ZPFHBWI
XGGIUBVDN XGGIUBVDN
ZLYFI ZLYFI
RDTQTJB RDTQTJB
IZNSKNS IZNSKNS
STQNQT STQNQT
ELILXSR ELILXSR
GUDSRTKLA GUDSRTKLA
UENPUJ UENPUJ
OMBFD OMBFD
QOHWG QOHWG
AOWYQNAYA CRSMUEPQG AOWYQNAYA
WEPDZ WEPDZ
DQOPCH DQOPCH
USUVN USUVN
MNWMWDXCQ MNWMWDXCQ
VSMLVXSP VSMLVXSP
MWTSDF MWTSDF
EGEASKKIE EGEASKKIE
PLYPQBTP PLYPQBTP
VHHVQ VHHVQ
OIPVAKF OIPVAKF
FVKLDY FVKLDY
JJAQQ JJAQQ
