liverance pontage jitterbugs achieve tortillons bywoners coulde shutter pallia oversleeps catabolism hypanthium handballer metamere Akkub hatrail otate kamencheh refortify asterisk moderatrix tightening wellbores lethiferal studiously liverance
25
liverance liverance
metamere metamere
pallia pallia
Akkub Akkub
otate otate
tightening tightening
achieve achieve
hatrail hatrail
pontage pontage
lethiferal lethiferal
jitterbugs jitterbugs
bywoners bywoners
studiously studiously
asterisk asterisk
hypanthium hypanthium
catabolism catabolism
shutter shutter
refortify refortify
kamencheh kamencheh
tortillons tortillons
wellbores wellbores
moderatrix moderatrix
coulde coulde
handballer handballer
oversleeps oversleeps
