39 36 126 59 109 163 97 140 76 94 75 192 108 83 133 100 197 91 135 176 17 178 30 54 113 0 74 150 156 12 99 88 6 51 151 4 11 96 103 107 195 173 13 149 174 42 129 115 20 55 193 169 3 161 22 111 93 28 70 139 182 27 116 154 16 118 84 158 114 177 157 63 160 41 152 130 198 119 49 110 81 147 123 43 23 46 48 77 56 44 80 179 148 89 112 31 191 180 183 78 194 39
100
0 0
3 3
4 4
6 6
11 11
12 12
13 13
16 16
17 17
20 20
22 22
23 23
27 27
28 28
30 30
31 31
36 36
41 41
42 42
43 43
44 44
46 46
48 48
49 49
51 51
54 54
55 55
56 56
59 59
63 63
70 70
74 74
75 75
76 76
77 77
78 78
80 80
81 81
83 83
84 84
88 88
89 89
91 91
93 93
94 94
96 96
97 97
99 99
100 100
103 103
107 107
108 108
109 109
110 110
111 111
112 112
113 113
114 114
115 115
116 116
118 118
119 119
123 123
126 126
129 129
130 130
133 133
135 135
139 139
140 140
147 147
148 148
149 149
150 150
151 151
152 152
154 154
156 156
157 157
158 158
160 160
161 161
163 163
169 169
173 173
174 174
176 176
177 177
178 178
179 179
180 180
182 182
183 183
191 191
192 192
193 193
194 194
195 195
197 197
198 198
