132 176 17 146 188 136 171 167 133 197 162 184 154 192 148 180 160 76 64 62 60 68 78 72 80 82 182 90 86 88 195 95 91 155 61 47 35 33 177 13 198 25 185 173 31 28 27 26 161 138 189 194 142 66 46 2 3 5 6 39 41 45 181 196 149 137 108 98 92 183 156 159 152 135 193 113 109 105 101 97 87 9 8 36 40 38 44 166 126 132
88
2 2
3 3
5 5
6 6
8 8
9 9
13 13
17 17
25 25
26 26
27 27
28 28
31 31
33 33
35 35
36 36
38 38
39 39
40 40
41 41
44 44
45 45
46 46
47 47
60 60 56
61 61 81 77 75
62 62
64 64
66 66
68 68
72 72
76 76
78 78
80 80
82 82
86 86
87 85 87
88 88
90 90
91 91
92 96 92
95 95
97 97
98 100 104 102 98
101 101
105 105
108 106 118 108
109 109
113 113
126 122 126
133 133
135 135
136 136
137 137
138 138
142 142
146 146
148 148
149 149
152 152
154 154
155 155
156 156
159 159
160 160
161 161
162 162
166 166
167 167
171 171
173 173
176 176
177 177
180 180
181 181
182 182
183 183
184 184
185 185
188 188
189 189
192 192
193 193
194 194
195 195
196 196
197 197
198 198
