Building65 Building66 Building99 Building5 Building1 Building8 Building4 Building41 Building35 Building38 Building34 Building32 Building19 Building24 Building18 Building20 Building30 Building83 Building36 Building46 Building44 Building41 Building35 Building42 Building39 Building13 Building21 Building13 Building18 Building24 Building22 Building53 Building51 Building52 Building51 Building8 Building7 Building59 Building62 Building63 Building58 Building57 Building64 Building66 Building65
28
Building1 Building1
Building4 Building4
Building5 Building3
Building8 Building8
Building13 Building84 Building96 Building88 Building15 Building94 Building10 Building13 Building91 Building92 Building97
Building20 Building27 Building20
Building21 Building16 Building11
Building22 Building22
Building24 Building24 Building31 Building25
Building30 Building30
Building32 Building32
Building35 Building35
Building36 Building36 Building82 Building73
Building38 Building37 Building45
Building39 Building71
Building41 Building41
Building42 Building42
Building44 Building44 Building33
Building46 Building46
Building51 Building54 Building51
Building52 Building55
Building57 Building57
Building58 Building58
Building59 Building59
Building63 Building61
Building64 Building64
Building83 Building83
Building99 Building76 Building80 Building99 Building79 Building81
