140 153 164 41 101 7 179 125 112 62 167 9 160 23 157 6 130 79 134 175 84 180 22 169 53 19 11 5 45 127 81 133 114 62 118 166 8 150 50 107 102 13 67 36 182 104 25 144 24 151 29 168 69 149 103 120 35 155 73 82 89 175 117 49 14 177 61 34 134 42 4 190 93 173 12 196 47 105 158 95 39 93 97 197 137 62 59 142 83 55 2 148 186 161 33 139 56 159 195 94 146 52 170 152 77 199 85 184 115 185 133 80 40 51 96 18 165 25 127 45 21 116 123 28 108 135 140
90
4 4
5 5
6 6
7 7
8 8
9 9
11 11
12 193 12
13 13
14 14
18 18
19 19
21 21
22 22 178
23 65
24 154
25 132 25
29 29
35 35
36 36
39 39
40 40
41 41
42 42
45 45
47 47
49 49
50 44 50
51 51
53 53
55 55
56 56
59 59
61 61
62 62
73 73
77 77
79 79
80 80
82 82
83 83 57
84 84
85 85
89 89
93 93
94 94
95 95
96 96
97 97
101 101
102 102
103 103
104 104
108 108
112 112
114 114
115 115
117 117
123 176 123
125 76 125
127 127
130 130
133 133
134 134
135 135
139 139
142 142
146 146
149 128
150 150 27
151 151
153 153
158 158
159 159
160 160
166 166
167 167
168 168
169 169
170 170
173 173
175 175
177 177 32
179 179
182 182
185 185
186 186
190 190
196 10 196
197 197
