a0 a17 a99 a64 a47 a59 a11 a18 a1 a12 a53 a94 a48 a9 a28 a22 a7 a39 a15 a46 a50 a3 a41 a3 a56 a97 a0 a70 a26 a81 a11 a59 a74 a6 a55 a49 a77 a2 a30 a33 a18 a1 a9 a82 a71 a88 a25 a32 a72 a60 a13 a34 a98 a51 a18 a1 a12 a68 a75 a65 a19 a0
40
a0 a21
a1 a93 a80
a2 a43 a2
a6 a42
a9 a9
a11 a11 a86
a12 a12
a13 a52
a17 a17
a18 a18
a22 a37
a25 a25
a28 a28
a32 a79
a33 a33
a39 a39
a41 a90 a83 a8 a73 a78
a46 a46
a47 a47
a48 a48
a50 a50
a51 a51
a53 a53
a55 a55
a56 a56
a59 a59
a60 a60
a64 a44
a65 a65
a71 a71
a74 a74
a75 a75
a77 a77
a81 a81
a82 a82
a88 a88
a94 a87 a23 a94
a97 a97
a98 a98
a99 a99
