aliquam mi mauris eros habitant ornare platea maecenas lectus suscipit nec semper aliquam malesuada quis congue aliquam cursus placerat adipiscing mattis quisque cras aliquam viverra enim ut turpis aliquam eu porttitor fames ultrices euismod gravida senectus vestibulum sed praesent habitasse sagittis imperdiet ultricies nisi ultrices consectetur lorem vitae aliquam
41
sagittis sagittis
semper semper
mattis mattis
lectus lectus
vitae vitae
habitant habitant
senectus senectus
malesuada malesuada
fames fames
turpis turpis
sed sed
ultricies ultricies
mi condimentum et mi
quis quis
lorem lorem
consectetur consectetur
adipiscing adipiscing
praesent praesent
gravida gravida
cursus cursus
habitasse habitasse
platea platea
quisque quisque
mauris mauris
congue congue
nisi nisi
suscipit suscipit
maecenas maecenas
enim enim
ut ut
viverra viverra
cras cras
eu eu
placerat placerat
vestibulum vestibulum
eros eros
ornare ornare
imperdiet imperdiet
euismod euismod
porttitor porttitor
nec nec
