L11 L74 L179 L85 L1 L89 L160 L27 L3 L147 L1 L177 L66 L31 L91 L40 L191 L195 L100 L29 L5 L146 L22 L0 L3 L121 L2 L154 L141 L197 L1 L19 L0 L5 L118 L124 L113 L62 L134 L139 L137 L7 L93 L32 L136 L130 L101 L184 L132 L0 L7 L99 L1 L76 L180 L1 L173 L9 L169 L102 L10 L88 L72 L54 L1 L150 L161 L58 L30 L53 L23 L131 L5 L8 L86 L43 L8 L7 L3 L145 L1 L14 L6 L3 L192 L79 L103 L181 L190 L187 L87 L16 L9 L96 L42 L125 L9 L28 L188 L155 L1 L2 L69 L10 L109 L46 L65 L70 L6 L119 L112 L168 L1 L198 L11
86
L1 L1
L7 L7
L8 L8
L9 L9
L10 L10
L11 L114 L115 L128
L14 L14
L16 L16
L19 L19
L22 L22
L23 L23
L27 L27
L28 L28
L29 L29
L30 L30
L31 L31
L32 L32
L40 L40
L42 L42
L43 L43
L46 L46
L53 L53
L54 L54
L58 L58
L62 L62
L65 L65
L66 L66
L69 L69
L70 L70
L72 L72
L74 L74 L75 L84 L90 L104 L106 L110
L76 L76
L79 L79
L85 L85 L175 L189
L86 L86
L87 L87
L88 L88
L89 L64 L89 L193
L91 L91
L93 L93
L96 L96
L99 L99
L100 L100
L101 L101
L102 L102
L103 L103
L109 L109
L112 L112
L113 L113
L118 L118
L119 L119
L121 L121
L124 L124
L125 L125
L130 L130
L131 L131
L132 L132
L134 L134
L136 L136
L137 L137
L139 L139
L141 L141
L145 L145
L146 L146
L147 L147
L150 L150
L154 L154
L155 L155
L160 L160
L161 L161
L168 L168
L169 L169
L173 L173
L177 L177
L179 L48 L120 L179
L180 L180
L181 L181
L184 L184
L187 L187
L188 L188
L190 L190
L191 L191
L192 L192
L195 L195
L197 L197
L198 L198
