L44 L52 L19 L0 L2 L8 L62 L30 L3 L31 L75 L8 L12 L55 L43 L41 L71 L96 L2 L70 L14 L3 L87 L4 L22 L88 L34 L68 L20 L1 L73 L1 L4 L47 L72 L2 L4 L99 L51 L97 L15 L1 L95 L57 L10 L45 L86 L1 L78 L40 L26 L69 L0 L82 L77 L44
41
L1 L1
L8 L8 L48
L10 L10
L12 L12
L14 L14
L15 L15
L19 L17 L19 L98
L20 L20
L22 L22
L26 L26
L30 L30
L31 L31
L34 L34
L40 L40
L41 L41
L43 L43
L44 L58 L79 L83 L84 L46 L44
L45 L45
L47 L47
L51 L51
L52 L52 L33
L55 L55
L57 L57
L62 L62
L68 L68
L69 L69
L70 L70
L71 L71
L72 L72
L73 L73
L75 L75
L77 L77
L78 L78
L82 L82
L86 L86
L87 L87
L88 L88
L95 L95
L96 L96
L97 L97
L99 L99
