AAA AAB ABB ABC ACC ACB ACA ADA BAA BAB BAC BAD BBD BCD BDD BDC BDB BDA CAA CBA CCA CDA DAA DAB DBB DCB DCA DDA EAA EAB EAC EAB EBB ECB ECA EDA FAA FAB FAC FAD FBD FCD FDD FDC FDB FDA GAA GAB GBB GCB GCA GDA HAA HBA HCA HDA IAA IAB IAC IAD IBD IAD IAC IBC IBB ICB ICA IDA JAA JAB JAC JAD JBD JCD JCC JCB JCA JDA KAA KAB KAA JDA JCA JBA JAA IDA ICA IBA IAA HDA HDB HDC HDD HCD HBD HAD HAC HAD HAC HAB HAA GDA GCA GBA GAA FDA FCA FCB FBB FAB FAA EDA ECA EBA EAA EAB EAA DDA DCA DBA DAA CDA CCA CCB CBB CAB CAC CAB CBB CAB CAA BDA BCA BCB BBB BAB BAA ADA ADB ADC ADD ACD ABD AAD AAC AAB AAA
49
AAD AAD
ABB ABB
ABC ABC
ACB ACB
ACD ACD
ADD ADD
BAC BBC
BAD BAD
BBB BBB
BCB BCB
BCD BCD
BDD BDD
CAC CAD
CBB CBB CBC
CCB CCB CCD
CDA CDD
DAB DAD
DBB DBB DBC
DCB DCB DCD DDD
EAC EAD EBC
EBB EBB
ECB ECB ECD EDD
FAC FBC
FAD FAD
FBB FBB
FCB FCB
FCD FCD
FDD FDD
GAB GAD
GBB GBB GBC
GCB GCB GCD GDD
HAD HAD
HBA HBB
HBD HBC
HCA HCB
HCD HCD
HDD HDD
IAD IAD
IBB IBB
IBC IBC
IBD ICD IDD
ICB ICB
JAB JBB
JAC JBC
JAD JAD
JCB JCB
JCD JCD JDD
KAA LAD LBB LBC LCB LCD LDD
KAB KAD KBB KBC KCB KCD KDD
