AAA ABA ACA ADA BAA BBA BCA BDA CAA CBA CCA CDA DAA DBA DCA DDA EAA EBA ECA EDA FAA FAB FAC FAD FBD FAD FAC FBC FBB FAB FAA EDA ECA EBA EAA DDA DCA DCB DCC DCD DBD DAD DAC DAB DAA CDA CCA CCB CBB CAB CAC CAB CBB CBC CBD CCD CDD CDC CDB CDA DAA DBA DCA DDA EAA EAB EAC EAD EBD ECD ECC ECB EBB EAB EAA DDA DCA DBA DAA DAB DAC DAB DAA CDA CCA CBA CAA BDA BDB BDC BDD BCD BCC BCB BBB BAB BAA ADA ADB ADC ADD ACD ACC ACB ABB AAB AAC AAD AAC AAB AAA
31
AAD AAD
ABB ABB
ACB ACB
ACC ABC
ACD ACD
ADD ADD
BBB BBB
BCB BCB
BCC BBC
BCD BAD BCD
BDD BDD
CAC CAD
CBB CBB
CBC CBC
CCB CCB
CCD CCD
CDD CDD
DAD DAD
DBA DBB
DCB DCB
DCC DBC
DCD DCD DDD
EAC EBC
EAD EAD
EBB EBB
ECB ECB
ECD ECD EDD
FAD FAD
FBB FBB FCB
FBC FBC
FBD FCD FDD
