Wrightsville Progress Asti Leeuwarden Praya Rauna Palopo Mzimba Gevgelija Maywood Rivas Ayacucho Ljutomer Necochea Temirtau Metz Gemena Sayhut Golubac Coihaique Changde Bayonne Pljevlja Zanzibar Hsinchu Irvington Wrightsville
25
Leeuwarden Leeuwarden
Hsinchu Hsinchu
Irvington Irvington
Bayonne Bayonne
Rauna Rauna
Mzimba Mzimba
Gemena Gemena
Changde Changde
Golubac Golubac
Zanzibar Zanzibar
Rivas Rivas
Temirtau Temirtau
Ljutomer Ljutomer
Pljevlja Pljevlja
Progress Progress
Palopo Palopo
Asti Asti
Necochea Necochea
Sayhut Sayhut
Praya Praya
Metz Metz
Gevgelija Gevgelija
Ayacucho Ayacucho
Coihaique Coihaique
Maywood Maywood
