Gastre Bungoma Neryungri Daloa Sholapur Aasiaat Absecon Benha Woodinville Scranton Derby Triesen Pingtung Bell Leo Narva Juliaca Malolos Punakha Chepes Dongola Maidenhead Hope Forteau Polevskoy Destrnik Clay Gwadar Charlestown Coatzacoalcos Baicheng Allahabad Winters Sambava Bosilovo Scottsdale Tukchi Coronel Polatsk Cumming Taungoo Kindu Channahon Branson Visby Luganville Caen Cocieri Kalgoorlie Kyrenia Bovec Gastre
50
Allahabad Allahabad
Benha Benha
Cumming Cumming
Maidenhead Maidenhead
Kalgoorlie Kalgoorlie
Malolos Malolos
Bovec Bovec
Woodinville Woodinville
Tukchi Tukchi
Polevskoy Polevskoy
Scranton Scranton
Destrnik Destrnik
Charlestown Charlestown
Baicheng Baicheng
Clay Clay
Luganville Luganville
Coronel Coronel
Kindu Kindu
Chepes Chepes
Taungoo Taungoo
Channahon Channahon
Neryungri Neryungri
Narva Narva
Sambava Sambava
Winters Winters
Cocieri Cocieri
Kyrenia Kyrenia
Derby Derby
Visby Visby
Bosilovo Bosilovo
Dongola Dongola
Coatzacoalcos Coatzacoalcos
Bungoma Bungoma
Polatsk Polatsk
Aasiaat Aasiaat
Hope Hope
Branson Branson
Absecon Absecon
Gwadar Gwadar
Triesen Triesen
Juliaca Juliaca
Pingtung Pingtung
Scottsdale Scottsdale
Sholapur Sholapur
Daloa Daloa
Bell Bell
Caen Caen
Punakha Punakha
Leo Leo
Forteau Forteau
