Milton Nguigmi Kitamilo Karur Salsk Dunhuang Scottsdale Chicopee Eydhafushi Plast Esik Keene Rumuruti Tunapuna Mauldin Kelang Zvezdnyy Hengshui Kerma Hayden Multan Toktogul Jambi Koboko Zadar Heath Wallington Managua Makinsk Piran Quime Carnikava Elburn Cochrane Joliet Shu Moorhead Morondava Luga Kasaali Skiatook Crawfordsville Winona Madrid Helotes Tallaght Yevlax Littlestown Zicheng Sofia Tabriz Ashtabula Campana Martin Shamva Pasadena Tabuk Esmeraldas Burylbaytal Chicago Siquijor Chancay Trang Ipatinga Pakalongan Dalby San Nusaybin Moanda Boosaaso Ihosy Kimba Bam Jizan Berkley Lodja Agago Pleasantville Arras Barabinsk Aizawl Barddhaman Socorro Kirovohrad Clawson Totness Harahan Kiruna Plainfield Samux Cairo Zumpango Kanoya Bonao Jerusalem Marsaskala Cooma Devine Jeonju Sari Milton
100
Tunapuna Tunapuna
Koboko Koboko
Wallington Wallington
Cairo Cairo
Pakalongan Pakalongan
Kiruna Kiruna
Devine Devine
Heath Heath
Multan Multan
Agago Agago
Nguigmi Nguigmi
Ihosy Ihosy
Skiatook Skiatook
Mauldin Mauldin
Harahan Harahan
Shu Shu
Nusaybin Nusaybin
Luga Luga
Kelang Kelang
Pasadena Pasadena
Madrid Madrid
Zumpango Zumpango
Zadar Zadar
Kanoya Kanoya
Aizawl Aizawl
Kerma Kerma
Tabriz Tabriz
Kasaali Kasaali
Trang Trang
Barabinsk Barabinsk
Dalby Dalby
Jizan Jizan
Totness Totness
Chicago Chicago
Marsaskala Marsaskala
Clawson Clawson
Hayden Hayden
Burylbaytal Burylbaytal
Elburn Elburn
Pleasantville Pleasantville
Managua Managua
Milton Milton
Karur Karur
Cochrane Cochrane
Toktogul Toktogul
Samux Samux
Scottsdale Scottsdale
Piran Piran
Ipatinga Ipatinga
Plast Plast
Cooma Cooma
Jambi Jambi
Winona Winona
Kirovohrad Kirovohrad
Boosaaso Boosaaso
Crawfordsville Crawfordsville
Tabuk Tabuk
Sofia Sofia
Arras Arras
Chancay Chancay
Zicheng Zicheng
Esmeraldas Esmeraldas
Rumuruti Rumuruti
Yevlax Yevlax
Socorro Socorro
Moanda Moanda
Barddhaman Barddhaman
Shamva Shamva
Esik Esik
Berkley Berkley
Carnikava Carnikava
Jeonju Jeonju
Makinsk Makinsk
Ashtabula Ashtabula
Hengshui Hengshui
Kimba Kimba
Siquijor Siquijor
Salsk Salsk
Bonao Bonao
Joliet Joliet
Moorhead Moorhead
Quime Quime
Littlestown Littlestown
San San
Sari Sari
Dunhuang Dunhuang
Plainfield Plainfield
Zvezdnyy Zvezdnyy
Jerusalem Jerusalem
Tallaght Tallaght
Helotes Helotes
Martin Martin
Eydhafushi Eydhafushi
Kitamilo Kitamilo
Lodja Lodja
Chicopee Chicopee
Campana Campana
Morondava Morondava
Bam Bam
Keene Keene
