Soda Location159 Location169 Location39 Location92 Location49 Location70 Location124 Location168 Location119 Location102 Location41 Location123 Location127 Location89 Location11 Location125 Location58 Location50 Location190 Location169 Location137 Location162 Location40 Location160 Location151 Location28 Location96 Location176 Location163 Location19 Location164 Location40 Location160 Location151 Location43 Location122 Location48 Location81 Location57 Location117 Location154 Location158 Location9 Location135 Location177 Location31 Location34 Location192 Location156 Location1 Location132 Location151 Location43 Location133 Location134 Location101 Location156 Location1 Location156 Location192 Location125 Location130 Location129 Location133 Location64 Location124 Location64 Location94 Location127 Location123 Location172 Location17 Location135 Location130 Location92 Location49 Location70 Location45 Location189 Location184 Location75 Location61 Location109 Location30 Location42 Location119 Location39 Location89 Location11 Location191 Location29 Location14 Location145 Location36 Location163 Location153 Location42 Location120 Location21 Location27 Location60 Location88 Location163 Location187 Location13 Location188 Location168 Location27 Location0 Location145 Location100 Location55 Location173 Location189 Location184 Location75 Location7 Location48 Location81 Location57 Location171 Location74 Location11 Location191 Location14 Location179 Location163 Location88 Location60 Location12 Location180 Location177 Location145 Location0 Location190 Location176 Location163 Location19 Location25 Location112 Location121 Location46 Location26 Location74 Location11 Location89 Location67 Location128 Location101 Location134 Location190 Location56 Location146 Location103 Location149 Location174 Location64 Location144 Location65 Location62 Location126 Location62 Location65 Location144 Location115 Location143 Location17 Location143 Location141 Location30 Location105 Location55 Location39 Location47 Location131 Location0 Location190 Location50 Soda
77
Location0 Location0
Location1 Location1 Location113
Location9 Location9
Location11 Location10 Location11
Location12 Location12
Location19 Location19 Location99
Location25 Location25
Location27 Location27
Location28 Location28
Location29 Location29
Location30 Location30
Location34 Location34
Location36 Location36
Location39 Location39
Location40 Location40
Location41 Location41
Location42 Location42
Location43 Location43 Location182
Location46 Location46
Location48 Location48
Location49 Location49
Location50 Location50
Location56 Location56
Location57 Location57
Location60 Location60
Location62 Location62
Location64 Location64
Location70 Location70
Location74 Location74 Location87
Location75 Location75
Location88 Location88
Location89 Location89
Location96 Location90
Location101 Location101
Location102 Location102
Location105 Location105
Location109 Location3
Location112 Location112
Location115 Location115
Location119 Location119
Location120 Location120 Location72
Location123 Location123 Location118
Location124 Location181
Location125 Location125 Location16
Location126 Location147
Location127 Location127
Location128 Location128
Location129 Location129
Location131 Location131
Location132 Location132
Location134 Location134
Location135 Location135
Location143 Location143
Location144 Location144
Location145 Location145
Location149 Location149
Location151 Location151
Location154 Location154
Location158 Location158
Location162 Location162
Location163 Location163
Location164 Location164
Location168 Location168
Location172 Location172
Location173 Location173
Location176 Location8 Location38 Location176
Location177 Location104
Location179 Location179
Location180 Location180
Location184 Location142 Location184
Location187 Location187
Location188 Location33 Location188
Location189 Location189
Location190 Location190
Location191 Location191
Location192 Location116 Location32
Soda Soda
