Soda Location52 Location33 Location82 Location22 Location20 Location49 Location32 Location66 Location62 Location5 Location11 Location80 Location23 Location92 Location42 Location37 Location94 Location79 Location70 Location63 Location3 Location54 Location16 Location62 Location5 Location11 Location40 Location93 Location67 Location58 Location29 Location95 Location29 Location58 Location31 Location20 Location57 Location74 Location64 Location45 Location86 Location1 Location48 Location16 Location54 Location3 Location12 Location32 Location55 Location19 Location74 Location76 Location34 Location58 Location44 Location59 Soda
28
Location1 Location1
Location3 Location3
Location5 Location5
Location11 Location7
Location12 Location12
Location16 Location16
Location20 Location20
Location23 Location23
Location29 Location29
Location31 Location31
Location32 Location32
Location33 Location10
Location42 Location42
Location44 Location44
Location45 Location39 Location17 Location45
Location57 Location2 Location9 Location57
Location58 Location58
Location63 Location38 Location28
Location66 Location66
Location70 Location70 Location77 Location35
Location74 Location74
Location76 Location76
Location79 Location79 Location72 Location41
Location80 Location80
Location82 Location82
Location93 Location93
Location94 Location56 Location94
Soda Location46 Location26 Location0
