xjbms riwwe wxnxi nrtqp lyixz rnrnh usrtf lfceh bwgqu fnhle dzfkr nnnts bsuwt kvvqk psudb fuume bicnj mbzzn xecik akegy czppi bthif kyaqs tykrt lkzxl beqlb vaeqh ybgaf ydhop itxfb deoux mrnvg bqgqy yztko wnlug iddrb ocgbu hwhxr xjbms
38
hwhxr fxnnl hwhxr
wnlug wnlug
kyaqs kyaqs
nrtqp nrtqp
beqlb beqlb
vaeqh qkysn vaeqh ejwkt
akegy akegy
lkzxl lkzxl
bicnj bicnj
czppi czppi
fuume fuume lpolv
dzfkr dzfkr
lyixz lyixz
mbzzn mbzzn
bthif bthif
iddrb iddrb
xecik impuz xecik
deoux deoux
ydhop ydhop
rnrnh rnrnh
riwwe riwwe
xjbms xjbms
wxnxi wxnxi
usrtf usrtf uegez hstmf
lfceh uzzfw xvefe lfceh
psudb psudb
bqgqy bqgqy
bsuwt bsuwt xeikc
fnhle fnhle
bwgqu bwgqu
tykrt tykrt
itxfb itxfb npvgp
kvvqk kvvqk
nnnts nnnts
ocgbu ocgbu
mrnvg mrnvg
ybgaf ybgaf llwzk
yztko yztko
