mqncr drrap bwinl mqreu innfa qrmyp nppux hrhzb qpjoh jemlu jkkgv pnmkd axdtz rtshe mzwec eludu awsuk pvzeb qkftw gsdqj gpwkr mjgiw vzoqh eakkr qotnp kdtrw jwmjp rnrth wwphq lhsag irkbu edxoe macxu mnymy tcxbn ypkmm xftof sfgmu drlqp uooez igpmu cegzm iggzg tyjab ilbfw piswp iigud ibnyw qwmew fblut zcixl tctxs mlqbj gztsf ssyjd ylsow peobk jxcvu dsfpg mwoev qcfox diapc kwvgs lfdet sxqhs eustb qxsoe mqncr
66
fblut fblut
ypkmm ypkmm
jwmjp kqysx eqddq jwmjp byjai yuuqu
iggzg iggzg
gztsf ayayj gztsf
uooez uooez
qotnp qotnp
sxqhs sxqhs
mlqbj mlqbj fnipk mpjyf
mqreu mqreu dkdci
nppux nppux
dsfpg dsfpg
jxcvu jxcvu
wwphq wwphq
qxsoe qxsoe
lfdet lfdet
eludu eludu
mnymy mnymy
macxu macxu
pvzeb pvzeb
mzwec mzwec
eustb eustb
peobk peobk hribg ygust
rnrth rnrth
diapc diapc
kwvgs kwvgs
qrmyp qrmyp
bwinl bwinl
gsdqj gsdqj
edxoe edxoe aoxfw
lhsag lhsag
qcfox cakfa qcfox
qpjoh lukkm jvfig qpjoh
mjgiw mjgiw
tctxs dsbhm vnnvv gkosc mrnva tctxs
vzoqh vzoqh
mwoev mwoev
ilbfw derxh ilbfw fjrpj btqda mbqyg yuvek
eakkr eakkr
rtshe rtshe xphcw
xftof xftof
tcxbn tcxbn
qkftw qkftw
drrap drrap
ylsow ylsow
gpwkr gpwkr
qwmew qwmew tcqqe
drlqp drlqp
pnmkd pnmkd
sfgmu ywyyb sfgmu
ssyjd ssyjd
cegzm cegzm
jemlu anscp sbnmi jemlu
innfa innfa qfcxo jjlwh dxllq bymoa
ibnyw cfspg ibnyw
piswp piswp
hrhzb hrhzb
zcixl zcixl
jkkgv jkkgv mxihv
igpmu igpmu
irkbu irkbu
kdtrw kdtrw
awsuk awsuk
axdtz axdtz
iigud iigud
tyjab tyjab
