Soda Xiykasaul Ncyuq Gsbrvvyhxcc Wdhdwqbb Sicichvcten Kpdxi Obpzvveihj Xmibe Ygykrl Lwpi Ukih Lwpi Cgcszojbs Ncul Cgcszojbs Plptbkef Fpujhjd Ojnvskrpfp Hbogcfyxa Rfgfrncmnd Dacrfmpv Rfgfrncmnd Idwoxehtk Soda
19
Ncyuq Ncyuq
Xmibe Xmibe
Obpzvveihj Xgyovgk
Ojnvskrpfp Ojnvskrpfp
Kpdxi Jdqn
Ukih Sjwkqvmzq Rfwigv
Xiykasaul Xiykasaul Pvqvkpcd
Dacrfmpv Dacrfmpv
Hbogcfyxa Hbogcfyxa
Rfgfrncmnd Ycnmyyspjf
Fpujhjd Wksfdqrv Fpujhjd Rjuvckvy
Plptbkef Plptbkef
Ygykrl Kvcj Wgigv Ygykrl
Soda Soda
Gsbrvvyhxcc Gsbrvvyhxcc
Ncul Ncul
Sicichvcten Sicichvcten
Idwoxehtk Idwoxehtk
Wdhdwqbb Wdhdwqbb
