Soda Qqlqdxhzie Jnaceez Tjqkxczzumv Xbpw Vbbopctjfsu Zcefzlovt Lhsmxzizl Mvcjmf Lhsmxzizl Saglt Lyurrdtdw Nkqzgfasj Ibnxkznems Xyqun Phjuuz Eankdxbivc Xkegoqksfou Yyrymdkl Lwkzgtniodd Locjp Wyvuhfzpeh Lisdkopju Mzwrip Fwerc Pliaph Qwebscsrirm Swqguyhe Padpmqkrh Hfbml Psynz Vbbopctjfsu Prteefgv Ugtgajtqmg Sybrdrzb Fwmaudwdwa Ppbp Slhe Vevhjnfq Yxjvwhefqif Fagweskgci Pxeoninncbl Vbibp Prteefgv Shqm Zxrxvqvnm Tbyuqkgtm Rxeuijsrpky Nqdl Myxxw Rchfmjdesx Saglt Vvvqw Fmgwavgppb Ngwqyhtrts Zgvnjegpj Qwisoqgzm Lwkzgtniodd Fedxvznrqw Hoir Vlgzfpnbc Eqtpmllrky Soda
45
Swqguyhe Swqguyhe
Mvcjmf Cyvexr Ncfr
Lwkzgtniodd Hbsc Lwkzgtniodd
Lhsmxzizl Lhsmxzizl
Vbibp Vbibp
Hfbml Hfbml
Phjuuz Phjuuz
Yyrymdkl Yyrymdkl
Shqm Lcia
Xbpw Xbpw
Vbbopctjfsu Vbbopctjfsu
Fmgwavgppb Fmgwavgppb
Fwerc Fwerc
Saglt Saglt Uqfqb Usfucahrvrj
Tjqkxczzumv Tjqkxczzumv
Zxrxvqvnm Zxrxvqvnm
Eqtpmllrky Eqtpmllrky
Yxjvwhefqif Yxjvwhefqif
Jnaceez Jnaceez
Mzwrip Mzwrip
Prteefgv Prteefgv Kslp
Ibnxkznems Ibnxkznems
Lyurrdtdw Lyurrdtdw
Rxeuijsrpky Rxeuijsrpky
Rchfmjdesx Rchfmjdesx
Slhe Slhe
Locjp Svdpn
Xkegoqksfou Xkegoqksfou
Vvvqw Vvvqw
Zgvnjegpj Zgvnjegpj
Psynz Psynz
Zcefzlovt Zcefzlovt
Padpmqkrh Padpmqkrh
Hoir Hoir
Fagweskgci Fagweskgci
Nqdl Nqdl
Qwebscsrirm Qwebscsrirm
Ugtgajtqmg Ugtgajtqmg
Pliaph Pliaph
Nkqzgfasj Nkqzgfasj
Fwmaudwdwa Fwmaudwdwa
Xyqun Xyqun
Wyvuhfzpeh Wyvuhfzpeh
Vlgzfpnbc Vlgzfpnbc
Myxxw Myxxw
