Soda Xjrsescs Ydvuvij Lcrsrgxpi Eufcpnaixls Ttkftfcy Lfvepwf Gfax Sihsuutjg Gtgc Elgiz Mzeexa Kcjpz Utcvkhqmliy Gpqyo Ufwcxpl Weuri Aetguutl Ylscbxx Pzdxvrzhdt Vyledpi Mtpmo Iqfewjmoxea Hozmfldg Tniitgldxe Weuri Rthio Qhaobijtvl Ybbqswodh Azurxcmynf Aqdrmrxjb Ewel Lpcihph Brgwekrnc Vlibwe Bfhxaechp Nklgno Shshl Civxfilaeqk Rnswnff Mmzmgkvtqx Bowdktxf Igcbw Khycsxtrrp Znjvtzp Maeeb Fizeyd Qxvqdumpbbl Gfax Xvkx Rouupns Nwitmhz Zqwjwnlnefm Edqplcotb Inxcijpyf Kslcu Bylykbmgadb Uymaeuj Wcvfecug Wemlcijqj Gmnmclt Ygaely Nncpo Dqlzagezaf Nncpo Dqlzagezaf Irwyl Ibschxvbrh Nyesh Opyou Nxwu Niiglftbp Tftuismjy Besuiq Jdonjesl Nkndh Elfjuircela Jvxqdoen Dpiknnvmi Weuri Jggbevcry Mpuidi Qxvqdumpbbl Gfax Zseccp Lhrjghnz Edqplcotb Inxcijpyf Wlodbyucbjq Nwtxsn Hgoc Yesamropvf Hqengchsddu Nxwu Khoprwfn Civxfilaeqk Xqlxxsqozg Ueuphudi Mdnomclrhe Aodl Bdympbsjhe Zaqrljex Wtbchdvcf Lhzuvvpmpa Kwniposj Tdreo Lkqdreu Uwwmj Ocbwopj Jdonjesl Pqvhtvcqo Xmtucbfh Hzinsgk Ttrpbvjdda Nwitmhz Wgehgd Mtpmo Xiogpn Aodl Hwtzkfl Cdplmrl Zozpqsoh Hqrjtum Hmbz Hqrjtum Soda
89
Uwwmj Uwwmj
Elfjuircela Elfjuircela
Aodl Asqguuggw Aodl
Inxcijpyf Inxcijpyf
Uymaeuj Yxqxfgj Uymaeuj
Hqrjtum Hqrjtum
Mtpmo Mtpmo
Hqengchsddu Hqengchsddu
Brgwekrnc Brgwekrnc
Nklgno Nklgno
Gtgc Gtgc
Edqplcotb Edqplcotb
Jggbevcry Jggbevcry
Ueuphudi Ueuphudi
Wcvfecug Wcvfecug
Kcjpz Kcjpz
Gmnmclt Gmnmclt
Bylykbmgadb Bylykbmgadb
Nwtxsn Nwtxsn
Jdonjesl Jdonjesl
Nkndh Nkndh Zcluraciodj
Hzinsgk Hzinsgk
Hozmfldg Hozmfldg
Ylscbxx Ylscbxx
Ygaely Ygaely
Lcrsrgxpi Lcrsrgxpi
Igcbw Igcbw
Mpuidi Mpuidi
Opyou Opyou
Iqfewjmoxea Iqfewjmoxea
Vyledpi Vyledpi Sioinvblt Oxgcfytsfks
Hmbz Hmbz
Ttrpbvjdda Ttrpbvjdda
Qhaobijtvl Qhaobijtvl
Zseccp Zseccp
Fizeyd Fizeyd
Aqdrmrxjb Aqdrmrxjb
Khoprwfn Khoprwfn
Lhrjghnz Lhrjghnz
Ibschxvbrh Ibschxvbrh
Ufwcxpl Ufwcxpl
Bdympbsjhe Bdympbsjhe Ddvyvg
Wgehgd Wgehgd
Qxvqdumpbbl Qxvqdumpbbl
Nncpo Nncpo
Ydvuvij Npgmpqjyei
Mdnomclrhe Mdnomclrhe
Besuiq Besuiq
Yesamropvf Yesamropvf
Aetguutl Aetguutl
Hgoc Hgoc
Ttkftfcy Ttkftfcy Fhgjwqkutxz
Dqlzagezaf Jwcpy
Mzeexa Mzeexa
Jvxqdoen Jvxqdoen
Lfvepwf Lfvepwf
Zozpqsoh Zozpqsoh
Vlibwe Vlibwe
Hwtzkfl Hwtzkfl
Rouupns Rouupns
Tftuismjy Tftuismjy
Kwniposj Kwniposj
Utcvkhqmliy Utcvkhqmliy
Gfax Oityp
Wlodbyucbjq Yskel Wlodbyucbjq
Wtbchdvcf Wtbchdvcf
Cdplmrl Cdplmrl
Ewel Ewel
Shshl Shshl
Xmtucbfh Xmtucbfh Aybjrpvt
Rthio Rthio
Lhzuvvpmpa Lhzuvvpmpa Fnao
Rnswnff Rnswnff
Znjvtzp Znjvtzp
Weuri Gsdug Weuri
Eufcpnaixls Eufcpnaixls
Sihsuutjg Sihsuutjg
Pqvhtvcqo Ikfqsv
Azurxcmynf Azurxcmynf
Pzdxvrzhdt Pzdxvrzhdt
Niiglftbp Niiglftbp
Xvkx Xvkx
Nwitmhz Nwitmhz
Tdreo Tdreo
Lpcihph Lpcihph
Dpiknnvmi Dpiknnvmi
Xiogpn Xiogpn
Zqwjwnlnefm Qcnqbaiah
Xqlxxsqozg Xqlxxsqozg
