0 173 58 40 52 179 33 21 77 27 153 131 75 108 3 6 8 125 90 57 93 55 140 124 106 98 197 50 42 83 46 149 130 181 152 89 15 32 13 23 24 86 134 21 53 34 164 199 26 92 156 45 118 0
48
3 97 3
6 6
8 80 154 8
13 88 13
15 15
21 21
23 23
24 24
26 104
27 27
32 32
33 33
34 34
40 29 40
42 144 42
45 45 61
46 46
50 50
52 52
53 53
55 55
57 102 57
58 58
75 160 188
86 35 86
90 90
92 12 92
93 93
98 98
106 106
108 108
118 118
124 124
125 125
130 130
131 131 145
134 134
140 140
149 149
152 152
153 153
156 156
164 164
173 173
179 179
181 181
197 197
199 199
