USG OJJ CMD GIG TFP NRV HTM SJL DZD HOD FPK ZIJ STN IRG KHL SCZ QFZ NMY VKQ EMI TIB QUA RAI KXU UQJ VFE PST LYL BJT XIG KJA WRP KND GIG KJA STT WSF TWC USG WIF ZLI DZG ZBM POP MBE DPP OKD AKT BFD GJX UWO IUT OEK IUL POT USG
49
USG BYF EMJ
QUA QUA
OEK OEK
KJA KJA
WSF WSF
DZG DZG
IUT IUT
VKQ VKQ
KND KND
BFD BFD
TIB TIB
NMY NMY
GIG GIG
KXU KXU
STT STT
TFP TFP
OKD OKD
ZLI ZLI
RAI RAI
HOD HOD
VFE VFE
FPK FPK
DZD DZD
ZBM ZBM
STN STN
DPP DPP
MBE MBE
NRV NRV
CMD CMD
UQJ UQJ
WRP WRP
IRG IRG
QFZ QFZ
SJL SJL
TWC TWC
SCZ SCZ
BJT BJT
GJX GJX
LYL LYL
EMI EMI
WIF WIF
KHL KHL
PST PST
OJJ OJJ
XIG XIG
UWO UWO
IUL IUL
AKT AKT
POT POT
