KMZ MMI ZCR IKT BVP KQK TFL WDE TSZ GJW KDO VSQ OUR COR KVT IEN NYW WZI PWL TFP EXX HSN YQU XPB RDP EVY XNM WPB RHL WXY FBZ HON HGZ PKG EFO XFP MQG NYW KBZ VIF PSZ FZZ EHU HPL BWL LCB DZY GJK JTH NSY FYE KNQ KAL AFO XYT CSI YET GMG BMH QXF HTU BTR RHL YFA ZUA PSZ EKW KMZ GAZ KDH YEC UAO DGD MWN YGM GEV OBR BUN HDY QOE LRF WVO WXC MWC CDW WYK RWN VZI DEW VTA XXL GJW CEA URI HTV GVH KDF QUS HHH ZES VNH ENU DEW MWN KMZ
92
KMZ ACK SZK NDM
OUR OUR
PSZ PSZ
BMH BMH
DEW DEW
TSZ NLD
NYW NYW
MWN MWN
RHL RHL
GAZ GAZ
MMI MMI
KDH KDH
KDF KDF
EKW EKW
VSQ VSQ
CDW CDW
VZI VZI
GJW GJW
KBZ KBZ
XNM XNM
WXC WXC
HPL HPL
YEC YEC
ENU ENU
RWN RWN
HDY HDY
WPB WPB
MQG MQG
EFO EFO
GVH GVH
YGM YGM
PKG PKG
VNH VNH
EVY EVY
MWC MWC
VTA VTA
AFO AFO
HSN HSN
JTH JTH
QUS QUS
FBZ FBZ
KNQ KNQ
QOE QOE
HGZ HGZ
XFP XFP
XPB XPB
BVP BVP
GJK GJK
HTU HTU
HTV HTV
IKT IKT XNH
XXL XXL
ZES ZES
BUN BUN
PWL PWL IYC
UAO UAO
LCB LCB
KQK KQK YWR
KDO MBM KDO
BWL BWL
VIF VIF
COR COR
WYK WYK
OBR OBR
WZI WZI
FZZ FZZ
KAL KAL
ZUA ZUA
URI URI
GEV GEV
CEA CEA
YFA YFA
DGD DGD
CSI CSI
RDP RDP
WVO WVO
DZY DZY
YET YET
KVT KVT
TFL TFL
ZCR XWZ ZCR
IEN IEN
BTR BTR
EXX EXX
LRF LRF
WDE WDN WDE
YQU YQU
GMG GMG
NSY NSY
FYE FYE
HON HON
XYT XYT
