m6 g2 x9 r4 q5 l4 g0 g6 q9 c3 c5 l4 n3 q8 v6 l7 c3 y0 n5 w1 x1 e6 k4 f7 a0 x3 h9 d0 d3 w4 g8 l8 c9 q3 w8 r1 r2 n6 a9 w2 l5 b3 j0 n4 d5 k0 f5 q1 e9 v0 c0 j2 f7 q6 q4 x7 h1 w3 n8 j0 h2 x1 k8 b7 n7 k7 e3 j3 q0 j8 a8 l2 q0 b2 b1 h7 z3 j8 l0 d4 z9 g9 h4 x5 v4 a6 r7 j9 k7 f6 c2 m8 w9 k2 g4 e1 j5 r8 w2 k9 a2 r3 j4 n8 v1 b0 j1 a5 n0 n2 l6 c0 h8 d0 b8 m6
91
a0 a0
a5 a5
a6 a6
a8 a8
a9 a9
b0 b0 z8
b3 b3
b8 b8
c0 c0
c2 c2
c3 c3
c5 c5
c9 c9 f4 q7
d0 d0
d3 d3
d4 d4
d5 d5
e1 e1
e3 e3
e6 e6
e9 e9
f5 f5
f6 f6
f7 f7
g0 g0
g2 g2
g6 g6
g8 g8
g9 g9
h1 h1
h4 h4
h7 h7
h8 h8
h9 h9
j0 j0 m4
j1 j1
j2 j2
j3 j3
j4 j4
j5 j5
j8 j8
j9 j9
k0 k0
k2 k2
k4 k4
k7 k7
k8 k8
k9 k9
z3 z3
z9 z9
x1 x1
x5 x5
x7 x7
x9 x9
v0 v0
v1 v1
v4 v4
v6 v6
n2 n2
n3 n3
n5 n5
n6 n6
n7 n7
n8 n8
m6 m6
m8 m8
l0 l0
l2 l2
l4 l4
l5 f1 l5
l6 l6
l7 l7
l8 l8
q0 a1 q0
q1 q1
q3 q3
q4 q4
q6 q6
q8 q8
w1 w1
w2 w2
w3 b9 w3
w8 e2 w8
w9 w9
r1 r1
r2 r2
r3 r3
r4 r4
r7 r7
r8 r8
y0 y0
