d6 b2 f5 d3 b1 h5 c1 h4 a8 e1 b8 d2 b3 f2 k2 h8 c4 j5 j7 h9 j0 e2 a7 k0 h9 d9 f0 b9 h3 b5 d7 f2 c6 a6 c8 h7 g5 f2 d1 a5 b9 b1 g4 h4 a0 d6 a2 k2 b8 h6 c0 f3 k0 c2 f0 e0 j3 d5 g0 j6 b2 c4 c7 h9 b7 g7 a2 d6
48
a0 a0
a2 a2
a5 a5
a6 a6
a7 a7
a8 a8
b1 b1
b2 b2 d8 h0
b3 b3
b5 b5
b7 b7
b8 b8
c0 c0
c1 c1
c2 c2
c6 c6
c7 c7
c8 c8
d1 d1
d2 d2
d3 d3
d5 d5
d7 d7
d9 d9
e0 e0
e1 e1
e2 e2
f0 f0
f2 f2
f3 f3
f5 f5
g0 g0
g4 g4
g5 g5
g7 g7
h3 h3
h4 h4
h5 h5
h7 h7
h8 h8
h9 h9
j0 j0
j3 j3
j5 j5
j6 j6
j7 j7
k0 k0
k2 k2
