stop0 stop125 stop143 stop0 stop1 stop8 stop105 stop4 stop159 stop128 stop131 stop147 stop8 stop7 stop144 stop73 stop102 stop122 stop17 stop44 stop51 stop60 stop10 stop29 stop0 stop26 stop69 stop0 stop2 stop118 stop0 stop163 stop160 stop167 stop161 stop139 stop109 stop1 stop158 stop138 stop81 stop82 stop101 stop30 stop156 stop0 stop14 stop62 stop63 stop4 stop35 stop15 stop84 stop16 stop149 stop6 stop42 stop50 stop112 stop90 stop123 stop61 stop24 stop2 stop19 stop116 stop110 stop4 stop11 stop88 stop79 stop46 stop2 stop68 stop91 stop3 stop74 stop1 stop18 stop1 stop71 stop47 stop4 stop100 stop27 stop59 stop28 stop6 stop93 stop6 stop5 stop57 stop8 stop146 stop40 stop1 stop127 stop1 stop0
74
stop0 stop104 stop168 stop106 stop107 stop78 stop0
stop2 stop2
stop4 stop4
stop8 stop8
stop10 stop10
stop11 stop11
stop14 stop14
stop15 stop15
stop16 stop16
stop17 stop17
stop18 stop18
stop19 stop19
stop24 stop24
stop26 stop26
stop27 stop27
stop28 stop28
stop29 stop29
stop30 stop30
stop35 stop35
stop40 stop40
stop42 stop42
stop44 stop44
stop46 stop46
stop47 stop47
stop50 stop50
stop51 stop51
stop57 stop57
stop59 stop59
stop60 stop60
stop61 stop61
stop62 stop62
stop63 stop63
stop68 stop68
stop69 stop69
stop71 stop71
stop73 stop73
stop74 stop74
stop79 stop79
stop81 stop81
stop82 stop82
stop84 stop84
stop88 stop88
stop90 stop90
stop91 stop91
stop93 stop93
stop100 stop100
stop101 stop101
stop102 stop102
stop105 stop105
stop109 stop109
stop110 stop110
stop112 stop112
stop116 stop116
stop118 stop118
stop122 stop122
stop123 stop123
stop125 stop39 stop92 stop99 stop13 stop125 stop142
stop127 stop127
stop128 stop128
stop131 stop131
stop138 stop138
stop139 stop139
stop143 stop143 stop56 stop113
stop144 stop144
stop146 stop146
stop147 stop147
stop149 stop149
stop156 stop156
stop158 stop158
stop159 stop159
stop160 stop160
stop161 stop161
stop163 stop163
stop167 stop167
