0 3 196 56 38 193 64 72 69 53 166 177 16 177 67 55 52 68 185 35 51 20 105 8 15 23 70 95 83 88 126 87 59 63 76 93 43 11 47 30 91 26 45 44 65 102 73 51 19 12 34 99 5 170 6 96 22 75 7 28 77 62 58 46 47 42 186 147 97 139 48 37 60 49 89 85 80 61 15 99 34 86 161 39 57 29 40 14 98 113 184 24 78 145 37 81 89 117 13 10 50 90 66 79 31 133 84 54 157 27 41 94 61 71 187 25 4 13 18 0
90
13 13 82 21
97 97
48 48
31 31
87 17 87
95 95
81 2 81
44 44
29 29
40 92 40
4 4
25 25
16 16
85 85
88 88
6 6
86 86
68 68
93 93
75 75
53 53
50 50
3 3
70 70 1
61 61 9
58 33 58
19 19
60 60
64 64
73 73
46 46
80 80
14 14
52 52
42 42
83 83
99 99
49 49
34 34
65 65
27 27
41 41
22 22
79 79
18 18
5 5 36
15 15
55 55
43 43
84 84
20 20
54 54
94 94
37 37
69 69
66 66
0 0
177 74
62 62
10 10
28 28
56 56
38 38
71 71
78 78
90 90
24 24
47 47
12 12
7 7
59 59
98 98
72 72
45 45
23 23
63 63
57 57
67 67
35 35
89 89
39 39
8 8
30 30
26 26
96 96
11 11
76 76
77 77
51 32 51
91 91
