0 92 72 154 94 61 108 103 165 101 30 22 45 42 132 46 2 59 99 79 73 152 70 168 29 87 2 44 116 130 19 131 10 31 193 165 175 42 195 7 110 64 163 114 142 38 71 24 49 115 77 1 39 111 67 97 68 143 138 179 120 73 79 100 82 34 38 63 23 165 120 80 11 141 14 26 172 98 50 76 141 21 192 27 93 5 51 45 189 66 186 12 122 146 52 10 178 45 22 88 139 14 85 60 164 100 62 162 2 92 0
82
0 56 150
1 1
2 2 126
5 5
10 10
11 11
12 12
14 14
19 78
21 21
22 22
23 23
24 24
26 26
27 27
29 29
30 155 30
31 31
34 34
38 38
39 39
42 42 105
44 127 44
45 47 194 45
46 46
49 49
50 50
51 51
52 52
59 59
61 136
62 62
63 63
64 64
66 66
67 67
68 68
71 71
72 72 104
73 73
76 76
77 77
79 79
82 82
85 85
87 87
93 93
94 94 121
97 97
99 99
100 100
101 101
103 103 183
108 133 108
110 110
115 115
116 177
120 120
130 130 13
131 131
132 132
139 139
141 141
142 142
143 143
146 146
152 152
154 35
162 162
163 163
164 164
165 28 170 140 91 149
168 168
172 172
175 175
178 178
179 179
186 186
189 189
192 192
193 193
195 195
