aa0 kd9 kd8 kd7 kd1 kd0 kc9 kc8 kc1 kc0 kb9 kb5 kb8 kb4 kb7 kb3 kb1 kb0 ka9 ka7 ka5 ka2 ka0 gd9 gd6 gd4 gd3 gd5 gd2 gd0 gc9 gc5 gc6 gc0 gb9 gb7 gb4 gb3 gb1 gb6 gb9 gc0 gc3 gc4 gc9 gd0 gd2 gd5 gd6 gd9 ka0 ka2 ka4 ka6 ka9 kb0 kb2 kb6 kb9 kc0 kc2 kc4 kc6 kc9 kd0 kd1 kd3 kd2 kd4 kd6 kd9 aa0 aa1 aa5 aa8 aa2 aa8 aa9 ab0 ab1 ab5 ab1 ab0 aa9 aa8 aa2 aa1 aa0
33
aa2 aa3 aa4 aa7
aa5 aa5 aa6
ab5 ab2 ab4 ab5 ab7 ab8
gb1 gb2
gb3 ac2 ac3 ac6 ac7 ac8 ad4 ad5 ad6 ad7 ad8 ga2 ga3 ga6 ga4 ga7 gb3
gb4 gb4
gb6 gb6
gb7 gb7
gc0 gc1 gc2 gc8
gc3 gc3
gc5 gc5
gd3 gd3
gd4 gd4
gd9 gd7 gd8 gd9
ka2 ka2
ka5 ka5
ka6 ka6
ka7 ka7 ka8
kb2 kb2
kb5 kb5
kb6 kb6
kb7 kb7
kb8 kb8
kc1 kc1
kc2 kc2
kc4 kc5
kc6 kc6
kc8 kc8
kd1 kd1
kd3 kd3
kd4 kd4
kd6 kd5
kd8 kd8
