0 86 164 199 33 2 140 91 23 147 104 65 11 143 96 105 72 150 186 67 94 92 55 0 86 169 141 95 65 11 143 96 143 90 197 24 174 55 178 20 117 89 186 49 85 167 14 140 116 38 145 100 51 102 121 79 13 140 2 112 195 36 189 71 187 9 139 112 195 1 114 39 50 32 35 185 109 10 149 20 178 153 82 29 81 64 148 21 169 66 16 122 124 183 135 59 171 74 132 145 38 142 69 83 198 126 172 137 99 128 3 170 98 167 52 151 152 88 157 124 26 25 129 58 56 77 21 73 182 12 45 43 194 119 128 123 83 198 0
87
1 1
2 2
3 3
9 9
10 176 10
11 11
12 12
13 13
14 14
16 16
20 20
21 21
23 23
24 24
26 26
29 29
33 68
35 35
36 160
38 38
39 39
43 43
45 45
49 49
50 50
51 51
52 52
55 138 55 57
56 56
59 59
64 64
66 66
67 27 67
69 161 69
71 71
72 72
73 73
74 74
77 77
81 107 101
82 82
83 83
85 85
86 86
89 89
90 90
91 108
92 92
94 94
95 95
96 46 175
98 166
99 99
100 100
102 102
104 104
105 105
112 188 112
114 103
119 119
123 123
124 124
129 129
132 132
137 137
139 139
141 141
142 142
143 143
147 147 196 106
148 148
150 150
152 152 19
157 41 157
164 164
167 167
169 169
170 170
172 172
182 182
183 125
185 185
186 186 97
189 189
195 195
197 197
198 198
