0 26 154 106 12 17 19 196 162 100 5 102 158 8 73 120 80 70 20 40 38 69 22 179 106 18 42 190 74 184 174 150 30 149 160 11 112 96 84 170 64 40 44 156 166 146 97 48 182 168 198 166 130 124 57 176 140 136 122 155 40 57 60 194 192 95 67 98 75 86 2 55 14 91 82 142 192 50 110 180 176 92 68 103 52 186 25 67 141 104 58 94 132 24 0
75
0 0
2 2 114
8 8
11 16
12 12
14 14
17 62
18 4 18 78 90
19 148
20 20
22 22
24 24
25 108
26 26 152
30 30
38 38
40 36 40 72
42 42
44 44
48 48
50 50
52 52
57 46 144
58 58
60 60
64 64
68 68
70 70
74 74
80 80 172
82 32 82 128
84 84
86 86
91 116
92 56 92
94 94
96 96
98 98
100 100
102 102
104 104 164
106 106
110 110
112 112
120 120
122 28 76 122
124 124
130 130
132 132
136 136
140 140
142 34 88 142
146 146
149 66
150 150
154 154
156 156
158 158
160 10 54 118 160
162 126 162
166 166
168 168
170 170
174 174
176 176
179 178 188
180 180
182 182
184 184
186 138 186
190 190
192 192
194 194
196 6 196
198 134 198
