Soda Koshland Senior Pitzer Stanley Foothill Bowles Jacobs HaasPavilion Wellman Haste Dwinelle Wheeler Soda Morgan McCone Blackwell Stern Cheit Moses Hertz DoeLibrary LifeSciences Hildebrand Soda
23
Soda Giannini
Cheit Cheit
Dwinelle Dwinelle
Haste Haste
LifeSciences LifeSciences
Jacobs Jacobs
Hildebrand Hildebrand
Moses Moses
Senior Senior
Stern Stern
Wheeler Wheeler
Blackwell Blackwell
Bowles Bowles
DoeLibrary DoeLibrary
Foothill Foothill
HaasPavilion HaasPavilion
Hertz Hertz
Koshland Boalt Koshland
McCone McCone
Morgan Morgan
Pitzer Pitzer
Stanley Stanley
Wellman Wellman
