Soda Gilman Cory1 Pimentel Mulford WestGate1 Foothill Cory Bechtel Campanile Boalt IshiCourt Minor Sibley HearstFieldAnnex MemorialGlade Stephens1 Soda McEnerney Insectary Soda Etcheverry1 Wellman SutardjaDai1 Hargrove Chvez Soda KrutchTheater1 WooHonFai1 Cleary Cheit1 HaasPavilion NorthGate Boalt1 WooHonFai BarrowsHall LifeSciences1 Warren Kroeber Birge Hildebrand1 Hesse Latimer Pitzer Haviland Haste1 Koshland Morgan Soda Stephens BancroftLibrary Lewis Warren1 SatherGate Bechtel Cheit Zellerbach GreekTheatre1 Tan Observatory1 Morrison EdwardsStadium Wurster TangCenter SutardjaDai Eshleman HeatingPlant MemorialStadium Bowles Davis Evans MLK1 Kleeberger LeConte Durant Moses1 McCone Giannini1 Stanley HearstMiningCircle1 Blum Soda ClarkKerr Simon Hertz Zellerbach1 HearstGymnasium Chou Hilgard Moffitt Giauque FoxCottage Soda1 Jacobs1 Dwinelle1 Soda StadiumRim DoeLibrary WestGate EastGate McLaughlin1 CaliforniaHall OBrien Sproul TangCenter1 Soda
95
Soda BotanicalGarden GoldmanPlaza Greenhouse CalvinLaboratory1
Bechtel Bechtel
Bowles Bowles
ClarkKerr ClarkKerr
DoeLibrary DoeLibrary
EdwardsStadium EdwardsStadium
Foothill Foothill
Gilman Gilman LowerSproul
HaasPavilion HaasPavilion
HearstFieldAnnex HearstFieldAnnex
Hertz Hertz
Insectary Insectary
Koshland Koshland
LeConte LeConte
McCone McCone
MemorialStadium MemorialStadium
Morgan Morgan
NorthGate NorthGate
Pitzer Pitzer
Simon Simon
Stanley Stanley
Tan Tan
Wellman Wellman
Wurster Wurster
Eshleman Eshleman
BarrowsHall BarrowsHall
Evans Evans
Birge Birge
FoxCottage FoxCottage
Blum Blum
Giauque Giauque
CaliforniaHall CaliforniaHall
Chou Chou
Chvez Chvez
Hargrove Hargrove
Campanile Campanile
Haviland Haviland
HearstGymnasium HearstGymnasium
Cleary Cleary
HeatingPlant HeatingPlant
Davis Davis
BancroftLibrary BancroftLibrary
Hesse Hesse
Durant Durant
Hilgard Hilgard
EastGate EastGate
IshiCourt IshiCourt
Kleeberger Kleeberger
Kroeber Kroeber
Latimer Latimer
Lewis Lewis
McEnerney McEnerney
MemorialGlade MemorialGlade
Minor Minor
Moffitt Moffitt
Morrison Morrison
Mulford Mulford
OBrien OBrien
Pimentel Pimentel
SatherGate SatherGate
Sibley Sibley
Sproul Sproul
StadiumRim StadiumRim
Stephens Stephens
SutardjaDai SutardjaDai
TangCenter TangCenter
Warren Warren
WestGate WestGate
WooHonFai WooHonFai
Zellerbach Zellerbach
Soda1 Soda1
Boalt1 Boalt1
Cheit1 Cheit1
Cory1 Bechtel1 Cory1
Dwinelle1 Dwinelle1
Etcheverry1 Etcheverry1
Giannini1 Giannini1
GreekTheatre1 GreekTheatre1
Haste1 Haste1
HearstMiningCircle1 HearstMiningCircle1
LifeSciences1 LifeSciences1
McLaughlin1 McLaughlin1
Jacobs1 Jacobs1
KrutchTheater1 KrutchTheater1
Hildebrand1 Hildebrand1
MLK1 MLK1
Moses1 Moses1
Observatory1 Observatory1
Stephens1 Stephens1
SutardjaDai1 SutardjaDai1
TangCenter1 TangCenter1
Warren1 Warren1
WestGate1 WestGate1
WooHonFai1 WooHonFai1
Zellerbach1 Zellerbach1
