Soda MemorialStadium Foothill Soda Gilman Jacobs Stern Observatory McCone GreekTheatre Soda Moses Campbell HearstMiningCircle Wheeler Bechtel EdwardsStadium Morgan Soda ClarkKerr Bechtel NorthGate Simon VLSB McLaughlin Blackwell MLK LifeSciences HearstFieldAnnex Hertz SproulPlaza Etcheverry Koshland LeConte Cory Stanley BarkerHall DoeLibrary Haste HaasPavilion Senior Bechtel KrutchTheater Insectary Giannini Pitzer Dwinelle Boalt Soda
43
Soda Hildebrand
Bechtel Bechtel
Boalt Boalt
Cory Cory
Dwinelle Dwinelle
Etcheverry Etcheverry
Giannini Giannini
GreekTheatre GreekTheatre
Haste Haste
HearstMiningCircle HearstMiningCircle
LifeSciences LifeSciences
McLaughlin McLaughlin
Jacobs Jacobs
KrutchTheater KrutchTheater
MLK MLK
Moses Moses
Observatory Observatory
Senior Senior
SproulPlaza SproulPlaza
Stern Stern
VLSB VLSB
Wheeler Wheeler
BarkerHall BarkerHall
Blackwell Blackwell
Campbell Campbell
ClarkKerr ClarkKerr
DoeLibrary DoeLibrary
EdwardsStadium EdwardsStadium
Foothill Foothill
Gilman Gilman
HaasPavilion HaasPavilion
HearstFieldAnnex HearstFieldAnnex
Hertz Hertz
Insectary Insectary
Koshland Koshland
LeConte LeConte
McCone McCone
MemorialStadium Cheit Bowles MemorialStadium
Morgan Morgan
NorthGate NorthGate
Pitzer Pitzer
Simon Simon
Stanley Stanley
