2 157 53 68 119 136 186 38 83 73 58 1 50 42 188 35 199 97 144 97 199 121 196 155 178 82 95 90 177 70 185 150 101 93 194 10 31 125 5 163 5 59 173 162 152 36 98 27 141 75 64 184 189 182 67 134 94 62 14 22 76 51 176 174 28 116 103 42 50 55 139 62 94 57 15 30 137 172 103 42 145 52 56 44 104 115 147 115 104 44 56 195 199 121 196 155 178 37 25 81 25 37 86 128 198 100 114 107 43 71 6 118 80 43 107 114 126 175 87 8 13 69 134 67 116 103 24 142 60 9 85 41 2 157 53 193 50 42 108 105 21 92 190 112 4 161 109 131 156 159 148 102 117 102 45 181 34 23 11 26 63 169 160 166 104 166 113 99 165 140 149 66 135 124 46 38 186 0 192 176 174 99 165 140 149 171 179 16 179 171 18 14 62 90 177 70 60 9 85 41 2
91
0 0
1 187
2 2
4 4
6 6
8 8
13 13 138
14 14
15 15
16 133
23 23
25 25
26 26
27 27
28 28
30 30
34 34
35 35
36 36
38 38
42 42
44 44
46 46
50 50
51 51
52 52
53 53
55 130 55
56 56
58 58
59 59
62 96
63 63
67 67
73 73
76 76
80 80 54
81 12
82 82
85 85
86 86
90 90
92 92
93 93
94 94
95 95
97 97
98 98
100 100
112 112
113 113
114 114
115 115
116 116
117 164
118 118
119 119
121 79 121 7
125 125
126 126
128 128
131 131
136 136
139 139
141 141
142 142
144 106
145 145
147 32
149 3 149
156 156
157 49 157
161 161
163 110 158
165 165
171 171
172 61
173 173
174 174
175 48
177 177
178 178
179 179
181 181
182 182
188 188
189 122 189
192 192
193 193
194 194
196 196
