71 37 91 64 38 96 65 9 0 23 51 84 41 31 28 97 28 31 79 80 63 50 21 95 81 33 2 39 52 86 56 68 56 86 52 39 3 14 3 39 2 36 30 25 99 7 87 75 19 74 20 88 83 5 11 35 60 4 89 59 29 16 24 34 69 40 47 26 73 27 9 65 94 45 62 66 58 77 93 55 32 6 99 7 87 61 39 52 85 90 67 42 70 53 44 60 37 71
48
0 0
2 2
5 5
6 6
7 7
11 11
14 49 54
19 19
21 21
24 24
26 26
28 28
29 29
30 30
33 33
35 35
36 36
38 38
39 39
41 41
42 42
45 45
47 10 47
50 50
53 53
55 55
59 59
60 60
61 61
64 64
65 65
66 66
68 78
69 69
70 70
74 74
75 15
77 77
79 79
84 84
85 85
86 18
87 87
88 88
94 94
95 95
96 96
97 13
