stop0 stop62 stop70 stop7 stop23 stop12 stop37 stop18 stop46 stop96 stop0 stop78 stop1 stop9 stop28 stop7 stop8 stop79 stop16 stop2 stop5 stop95 stop90 stop81 stop38 stop75 stop0 stop85 stop60 stop0 stop43 stop19 stop73 stop3 stop77 stop27 stop65 stop67 stop0 stop52 stop44 stop2 stop30 stop99 stop42 stop1 stop17 stop93 stop94 stop89 stop61 stop15 stop1 stop4 stop33 stop0
45
stop0 stop0 stop35 stop50 stop87
stop1 stop1
stop2 stop2
stop4 stop4
stop5 stop5
stop7 stop7
stop8 stop8
stop9 stop9
stop12 stop12
stop15 stop15
stop16 stop16
stop18 stop18
stop19 stop19
stop23 stop23
stop27 stop27
stop28 stop28
stop30 stop30
stop33 stop33
stop37 stop37
stop38 stop38
stop42 stop42
stop43 stop43
stop44 stop44
stop46 stop46
stop52 stop52
stop60 stop60
stop61 stop61
stop62 stop80 stop62
stop65 stop65
stop67 stop67
stop70 stop29 stop70
stop73 stop73
stop75 stop75
stop77 stop77
stop78 stop78
stop79 stop79
stop81 stop81
stop95 stop95
stop90 stop90
stop85 stop85
stop96 stop96
stop93 stop93
stop94 stop94
stop89 stop89
stop99 stop99
