stop0 stop16 stop55 stop92 stop5 stop47 stop113 stop99 stop127 stop37 stop129 stop9 stop88 stop23 stop63 stop154 stop144 stop116 stop169 stop145 stop59 stop0 stop89 stop158 stop4 stop166 stop12 stop108 stop36 stop70 stop4 stop141 stop44 stop163 stop102 stop1 stop68 stop161 stop2 stop98 stop52 stop2 stop4 stop50 stop7 stop10 stop9 stop137 stop75 stop156 stop2 stop7 stop1 stop3 stop77 stop51 stop3 stop4 stop72 stop159 stop33 stop1 stop82 stop8 stop0 stop143 stop128 stop0 stop2 stop1 stop147 stop3 stop112 stop13 stop14 stop140 stop2 stop43 stop117 stop76 stop0 stop54 stop38 stop101 stop105 stop97 stop2 stop124 stop41 stop115 stop160 stop100 stop0 stop167 stop133 stop0
73
stop0 stop135 stop67 stop56 stop48 stop139 stop0 stop121
stop1 stop1
stop2 stop2
stop3 stop3
stop5 stop122 stop57 stop149
stop7 stop7
stop8 stop8
stop9 stop9
stop10 stop10
stop13 stop13
stop14 stop14
stop16 stop16
stop23 stop23
stop33 stop33
stop36 stop36
stop37 stop37
stop38 stop38
stop41 stop41
stop43 stop43
stop44 stop44
stop47 stop47
stop50 stop50
stop51 stop51
stop52 stop52
stop54 stop54
stop55 stop118 stop55
stop59 stop59
stop63 stop63
stop68 stop68
stop70 stop70
stop72 stop72
stop75 stop75
stop76 stop76
stop77 stop77
stop82 stop82
stop88 stop88
stop89 stop89
stop92 stop69 stop138 stop92 stop6
stop97 stop97
stop98 stop98
stop99 stop99
stop100 stop100
stop133 stop133
stop145 stop145
stop166 stop166
stop161 stop161
stop158 stop158
stop147 stop147
stop115 stop115
stop143 stop143
stop102 stop102
stop137 stop137
stop140 stop140
stop154 stop154
stop101 stop101
stop112 stop112
stop129 stop129
stop160 stop160
stop156 stop156
stop117 stop117
stop163 stop163
stop116 stop116
stop167 stop167
stop159 stop159
stop113 stop113
stop128 stop128
stop144 stop144
stop127 stop127
stop141 stop141
stop124 stop124
stop108 stop108
stop169 stop169
stop105 stop105
