ffffff uuu o mmmm kkkk cc jjj ppppp s hhh eeeeeee aa pppppppp uuuuuu vvvvv vvvvvv k lllllll iiiiiii e bbbbbbbb rrrrrr rr xxxx llllllll vvv wwwww ooooo ssss eeeeee m qq cccccc pppp gggg a ttttt ssssss tttttt eeeee jjjj dddd uu uuuuuuu ll nnn tt xxx ii aaaa ffffffff nnnnnn fffff ttttttt sssss d cccc dd bbbbbbb zzzzz hhhhhhh jjjjjj xxxxxxx ccccccc hhhh lll oooooooo aaaaaa iiiiiiii x aaa qqqqqq ggggggg bbbbbb zzz sssssss qqq yy sss yyyyyyy oooooo ffff eeee tttt wwwwww ee q gggggggg kkkkkkkk rrrrr ggggg ffffff
91
pppppppp pppppppp
kkkk kkkk
o o
m m
xxxxxxx xxxxxxx
ggggg ggggg
yyyyyyy yyyyyyy
nnnnnn nnnnnn
jjjj jjjj
qq qq
pppp pppp
xxxx xxxx wwww
cc cc
mmmm mmmm
bbbbbbbb mmmmmmmm aaaaaaaa bbbbbbbb kkkkkk
qqq qqq
fffff fffff
ssssss mm ssssss
lll lll
eeeeee eeeeee
cccccc cccccc
sss sss
d d
iiiiiii iiiiiii
ccccccc ccccccc
ffff ffff
jjj jjj
bbbbbbb bbbbbbb
vvv vvv
kkkkkkkk kkkkkkkk
yy yy
eeee eeee
ttttttt ttttttt
x x
ffffff ffffff
eeeeeee eeeeeee
aaaaaa aaaaaa
uu uu
sssss sssss
ii ii
eeeee eeeee
nnn nnn
gggggggg gggggggg
dddd dddd
aa aa
ooooo ooooo
tt tt
sssssss sssssss
hhh hhh
uuuuuu b uuuuuu
aaaa aaaa
a a
aaa aaa
lllllll lllllll
zzz zzz
hhhhhhh hhhhhhh
ssss ssss
bbbbbb bbbbbb
ll xxxxx ll
xxx xxx
rr rr
wwwww wwwww
vvvvvv vvvvvv
tttttt tttttt
s s
qqqqqq qqqqqq
hhhh hhhh
ee ee
rrrrrr rrrrrr
e e
uuuuuuu uuuuuuu
q q
zzzzz zzzzz
oooooo oooooo
k k
ggggggg ggggggg
dd j dd
vvvvv vvvvv
cccc cccc
rrrrr rrrrr
gggg gggg
ffffffff ffffffff
wwwwww wwwwww
llllllll llllll llllllll
iiiiiiii iiiiiiii
tttt tttt
jjjjjj jjjjjj
ppppp ppppp
ttttt ttttt
oooooooo oooooooo
uuu uuu
