f qq m z llllll ssssss ssss lllll wwwwwww ggg iii nnnn vv s v ffffffff w qqqqqq p eeee a dddddddd bbbbbbbb sss llllllll zzz fffffff c rrrrrr qqqqqqq hhh ggggg q pp wwww jjjj ff hhhh ttttt xxxxxx uu aaa vvvv uuuuu j ss xxx f
47
ssss ssss
w w
uu uu
v v
p p
eeee eeee
dddddddd dddddddd
zzz zzz
ttttt ttttt
xxxxxx xxxxxx
f f
iii iii
nnnn nnnn
s s
uuuuu uuuuu
ff ff
ggggg ggggg
llllllll llllllll
ss ss
rrrrrr jjjjjjj rrrrrr
m m
xxx xxx
z z
qqqqqq qqqqqq
c c
hhhh hhhh
vvvv vvvv
bbbbbbbb bbbbbbbb
j j
sss sss
vv vv
qq qq
ggg ggg
ssssss ssssss
wwww wwww
qqqqqqq qqqqqqq
pp aaaaa pp
lllll lllll
ffffffff ffffffff
llllll llllll
hhh hhh
fffffff fffffff
aaa aaa
jjjj jjjj
a a
q q rrrrrrrr
wwwwwww wwwwwww
