199 82 196 190 152 190 25 113 102 45 104 45 80 159 68 63 143 15 62 94 55 83 21 59 114 11 57 109 125 171 167 78 119 156 163 49 142 184 6 72 193 31 157 148 13 101 50 178 93 47 46 176 189 176 54 150 20 61 57 109 33 40 174 146 181 139 158 71 2 27 43 81 16 198 138 30 66 14 86 156 74 192 74 156 163 53 134 70 8 98 34 67 103 81 16 48 5 65 76 106 76 65 86 156 119 124 83 21 88 77 51 160 7 177 41 157 115 188 93 47 129 185 84 32 120 130 145 130 35 182 103 197 28 158 71 153 25 113 25 127 17 163 49 150 54 176 189 96 164 55 94 147 197 151 10 24 199
80
2 2
5 5 39 44 90
6 6
7 7 29
8 8
10 10
11 11
13 13
14 14
15 15
16 16
17 17
20 20
21 21 73
24 24
25 25
27 19 27
28 28
30 30
31 31 97
32 32
33 33
34 34
35 35
40 40
41 41
43 43 92
45 45
46 46
47 36 47
48 48
49 0 49
50 50
51 51
53 53
54 54
55 3 18 55
57 57
59 59
61 61
62 62
63 22 63
65 65
66 66
67 67
68 68
70 70
71 71
72 72
74 74
76 76
77 77
78 78
80 80
81 81
82 82
83 38 79 83
84 84
86 86
88 88
93 56 93
94 94
96 9 96
98 98
102 52 64
104 85 99
106 42
113 1
119 4
138 89
142 26
145 37
152 69
163 75
164 60
177 23
182 12 91
189 95
192 58
197 87
