SusanneJohnBerrios StephanieAaronWalker MaryFrankieWomack DorothyDavidStromme GarryDavidKingery MattieBarbaraEkstrom MonteMonicaLum LaquitaJohnBrunette ClaudiaDavidTaylor JuliaLindaGordon JorgeHeatherSamuels HarryNeilFranklin JuliaMollieHernandez FernandoLindaWatson RalphClydeMills DougHelenHornbeck DinahCatherineFaulkn JuanDebbieAllen RubyLelandCollard DouglasRobertFerkovi AntonioGeraldBaker SpencerCourtneyBroth SusanneJohnBerrios
21
MattieBarbaraEkstrom MattieBarbaraEkstrom
JuanDebbieAllen JuanDebbieAllen
JuliaLindaGordon JuliaLindaGordon
LaquitaJohnBrunette LaquitaJohnBrunette
MaryFrankieWomack MaryFrankieWomack
GarryDavidKingery GarryDavidKingery
DougHelenHornbeck DougHelenHornbeck
DouglasRobertFerkovi DouglasRobertFerkovi
RalphClydeMills RalphClydeMills
JorgeHeatherSamuels JorgeHeatherSamuels
HarryNeilFranklin HarryNeilFranklin
MonteMonicaLum MonteMonicaLum
AntonioGeraldBaker AntonioGeraldBaker
RubyLelandCollard RubyLelandCollard
JuliaMollieHernandez JuliaMollieHernandez
SpencerCourtneyBroth SpencerCourtneyBroth
DinahCatherineFaulkn DinahCatherineFaulkn
StephanieAaronWalker StephanieAaronWalker
FernandoLindaWatson FernandoLindaWatson
DorothyDavidStromme DorothyDavidStromme
ClaudiaDavidTaylor ClaudiaDavidTaylor
