SueJosephGarza AnnaKyleChang PaulEvanRichard SueCourtneyOsgood WilburnDavidMiller LucyBennyHaag KennethShannonGardel PhyllisJackWilson AlfredaKirstenMartin LillieKathleenCervan ElsieJosephPhelps OllieGeorgeSova LauraPhilipWinkler DonaldDoloresKelly IraJimmyYang AshleyWilliamClarke CrystalShermanVida MarianLuluDiaz NathanKevinCorathers MelindaKennethAzar PatriciaBernardBrock JohnDustinKenny WilliamGeorgeWilliam DarnellAliciaPeters MaryLindaKirkland FranciscoFrancesHarr ThomasAnnieRuiz MariaChristopherCast JessicaJohnSpells JamesJaredGonzalez BrianLuzArce LeroySandraLewis ChristinaDanaGrant KevinHaroldCyr PaulShaneSoldner JohnJoseJudd PamelaPageBullock BrianRolandAli KarenErmaJensen LuisHelenHughes SueJosephGarza
39
PamelaPageBullock PamelaPageBullock
LauraPhilipWinkler LauraPhilipWinkler
MaryLindaKirkland MaryLindaKirkland
IraJimmyYang IraJimmyYang
KarenErmaJensen KarenErmaJensen
ElsieJosephPhelps ElsieJosephPhelps
MariaChristopherCast MariaChristopherCast
FranciscoFrancesHarr FranciscoFrancesHarr
KevinHaroldCyr KevinHaroldCyr
BrianRolandAli BrianRolandAli
NathanKevinCorathers NathanKevinCorathers
LillieKathleenCervan LillieKathleenCervan
MelindaKennethAzar MelindaKennethAzar
ChristinaDanaGrant ChristinaDanaGrant
JessicaJohnSpells JessicaJohnSpells
PhyllisJackWilson PhyllisJackWilson
JohnJoseJudd JohnJoseJudd
AlfredaKirstenMartin AlfredaKirstenMartin
LeroySandraLewis LeroySandraLewis
ThomasAnnieRuiz ThomasAnnieRuiz
PaulEvanRichard PaulEvanRichard
WilliamGeorgeWilliam WilliamGeorgeWilliam
LucyBennyHaag LucyBennyHaag
CrystalShermanVida CrystalShermanVida
BrianLuzArce BrianLuzArce
JohnDustinKenny JohnDustinKenny
PatriciaBernardBrock PatriciaBernardBrock
LuisHelenHughes LuisHelenHughes
OllieGeorgeSova OllieGeorgeSova
WilburnDavidMiller WilburnDavidMiller
JamesJaredGonzalez JamesJaredGonzalez
KennethShannonGardel KennethShannonGardel
MarianLuluDiaz MarianLuluDiaz
DarnellAliciaPeters DarnellAliciaPeters
PaulShaneSoldner PaulShaneSoldner
SueCourtneyOsgood SueCourtneyOsgood
AnnaKyleChang AnnaKyleChang
DonaldDoloresKelly DonaldDoloresKelly
AshleyWilliamClarke AshleyWilliamClarke
