qgyqjgwlbh npffaineub fwzkdpfinn hnnlwliezo ajjekwybql wegckoctcp hyficezvgi smlsmfgyxa lpopityrof tjcamfqmxd cddppqxsmb qlieaqyzel gqulqjeire czgfnbovhq stxmhuffri kmwsevkfov gdtsmzpvig hrbvyznkmd somaaudaxm feggaeevcb bnfhxmjqzg tdqzbpmftq sngqmldfxu hqvifzhbmo cynraykzum atkqvymdax rzgfaqookt bzcpozsody sqlbmrxpwv wmeeitskjx djtmyhmwnn kgewtltijq hpbkyqcejb yfvfzingng aruweadnpf lgwqodunqt ntlhpzyidk sthbsdqlwm xpcqolcpnf ysndikwwgh culutarzsm sgizgtdhhn tvrzrioagg iznialmand bvwklxlwsa fnlmocuczk qgyqjgwlbh
45
bzcpozsody uyirsvqblu bzcpozsody
atkqvymdax atkqvymdax
aruweadnpf aruweadnpf
smlsmfgyxa smlsmfgyxa
fwzkdpfinn fwzkdpfinn
feggaeevcb feggaeevcb
hpbkyqcejb hpbkyqcejb
tjcamfqmxd tjcamfqmxd
djtmyhmwnn djtmyhmwnn
rzgfaqookt rzgfaqookt
somaaudaxm somaaudaxm
sthbsdqlwm sthbsdqlwm
xpcqolcpnf xpcqolcpnf
wmeeitskjx wmeeitskjx
sgizgtdhhn sgizgtdhhn
kgewtltijq kgewtltijq
czgfnbovhq czgfnbovhq
wegckoctcp wegckoctcp
hrbvyznkmd hrbvyznkmd vvurcgizpo
cddppqxsmb cddppqxsmb
ysndikwwgh ysndikwwgh
fnlmocuczk fnlmocuczk
hyficezvgi hyficezvgi
ntlhpzyidk ntlhpzyidk
lgwqodunqt lgwqodunqt
hnnlwliezo hnnlwliezo
qlieaqyzel qlieaqyzel
yfvfzingng yfvfzingng
kmwsevkfov kmwsevkfov
sngqmldfxu sngqmldfxu
culutarzsm culutarzsm
gqulqjeire gqulqjeire
ajjekwybql ajjekwybql
stxmhuffri stxmhuffri
gdtsmzpvig gdtsmzpvig
lpopityrof lpopityrof
sqlbmrxpwv sqlbmrxpwv
bvwklxlwsa bvwklxlwsa
tvrzrioagg tvrzrioagg fdbzjhgcmh
hqvifzhbmo hqvifzhbmo
npffaineub npffaineub
tdqzbpmftq tdqzbpmftq
iznialmand iznialmand
bnfhxmjqzg bnfhxmjqzg
cynraykzum cynraykzum
