dweidxeutk cpdpvshtof vteisghgld rulcikswsa hlimwiksjd lgpbgvlzpo taoimnqdrr nmshjtpxad gkbqwvqnfu gqwhfeepal wqeazvzkdf vtquakjujf lgpbgvlzpo vpghbvlzxd cxrfqntbtm zbgxyjmdnm cwexpxaktw itouxsyevo fxpsowceqq ulneltboej bxdnijtmyn sjqdgtugly kjgjbkdckc cavyunvwuk dllzvxpcgk hpqsgalvar joegbqydne rwobvahhfa aihlvhrjir bcwzxsuutq tofdobbbjt dzzxropcld klbefaxnzg sjcwiapdwb jiowqcrqpz dlfzngcmgq dfgysrnikx arrkheyths qjjslhkvnr rzqbegeoni dldiwncohw toeqvvzlae jiowqcrqpz uqhdcumthr vqlbufoinm seqrxdjigd iqbyvqgkcp pphebmysxy xdmzjapanj tehmqpfdnn gcfwrdoced wfybmclpmp gvxfzzmwzk nimybvgttg hcvrravrik ivgiotlrrr gpbaqafhdz irtbznwvcu okcwuqslme rqchbdjiqp xtugynuehn nqdbgeypdu ouzfljsksj lzsvglcvqa xjosyuakry lvqqznnzyn drtcvphibq akzsqllzsv wiwpekzeuz efgyvzmusc afkxpktsxw elifcmozpf mnmjklgmnp kgpqjqjrhc rlgdknlxmz naqyljkxxq auonnlthcz xwsnmxufqy ienasnqnvt audojmtlep ctnsbezpjg rqmdukqpbg bqrcwxsyuw wwmcjuetgz cowtuqqsll wlzaatlgns tzpaywhybw cnbqxrvlvl fwwnyjpwnp pgiiochubt hjvmodgwdg zdiibealli kufcwxmspu gyjkhdbyvm fuhtgylsov dsflclsebb xdhiumwdwn dweidxeutk
90
dweidxeutk dweidxeutk
xdmzjapanj xdmzjapanj
xwsnmxufqy xwsnmxufqy
cowtuqqsll cowtuqqsll depihfdmjk
seqrxdjigd gmvwahagsy
arrkheyths arrkheyths tdtlnqnprm
tehmqpfdnn tehmqpfdnn
pgiiochubt pgiiochubt
klbefaxnzg klbefaxnzg
cavyunvwuk cavyunvwuk
tzpaywhybw tzpaywhybw
cwexpxaktw cwexpxaktw
nimybvgttg nimybvgttg
taoimnqdrr taoimnqdrr
mnmjklgmnp mnmjklgmnp
pphebmysxy pphebmysxy
wfybmclpmp wfybmclpmp
fuhtgylsov fuhtgylsov
lzsvglcvqa lzsvglcvqa
naqyljkxxq naqyljkxxq
hlimwiksjd hlimwiksjd
aihlvhrjir aihlvhrjir
rwobvahhfa rwobvahhfa
iqbyvqgkcp iqbyvqgkcp
zdiibealli zdiibealli
dzzxropcld dzzxropcld
wqeazvzkdf wqeazvzkdf fxejnitkot ftrqchqaif
rzqbegeoni rzqbegeoni
rqchbdjiqp rqchbdjiqp
wwmcjuetgz wwmcjuetgz
ctnsbezpjg ctnsbezpjg
gpbaqafhdz gpbaqafhdz
cxrfqntbtm cxrfqntbtm
elifcmozpf elifcmozpf
vpghbvlzxd vpghbvlzxd
cnbqxrvlvl cnbqxrvlvl
ouzfljsksj ouzfljsksj
fxpsowceqq fxpsowceqq
gyjkhdbyvm gyjkhdbyvm
dlfzngcmgq dlfzngcmgq
lgpbgvlzpo siwbsyuwap lgpbgvlzpo
uqhdcumthr uqhdcumthr
rqmdukqpbg rqmdukqpbg
vteisghgld vteisghgld
bxdnijtmyn bxdnijtmyn
wiwpekzeuz wiwpekzeuz
dldiwncohw dldiwncohw
gvxfzzmwzk gvxfzzmwzk
sjqdgtugly sjqdgtugly
rlgdknlxmz rlgdknlxmz
hcvrravrik hcvrravrik
jiowqcrqpz jiowqcrqpz
itouxsyevo itouxsyevo
dfgysrnikx dfgysrnikx
zbgxyjmdnm zbgxyjmdnm
tofdobbbjt tofdobbbjt
ivgiotlrrr ivgiotlrrr
irtbznwvcu irtbznwvcu
vqlbufoinm vqlbufoinm
gkbqwvqnfu gkbqwvqnfu
ienasnqnvt ienasnqnvt
gqwhfeepal gqwhfeepal
bcwzxsuutq bcwzxsuutq
sjcwiapdwb sjcwiapdwb
ulneltboej ulneltboej
hjvmodgwdg hjvmodgwdg
kgpqjqjrhc kgpqjqjrhc
drtcvphibq drtcvphibq
nmshjtpxad nmshjtpxad
qjjslhkvnr qjjslhkvnr
hpqsgalvar hpqsgalvar
audojmtlep audojmtlep
akzsqllzsv cmelcyxenw akzsqllzsv
fwwnyjpwnp fwwnyjpwnp
bqrcwxsyuw bqrcwxsyuw
okcwuqslme okcwuqslme
afkxpktsxw afkxpktsxw
wlzaatlgns wlzaatlgns
kjgjbkdckc kjgjbkdckc
vtquakjujf vtquakjujf
dllzvxpcgk dllzvxpcgk
rulcikswsa rulcikswsa
toeqvvzlae toeqvvzlae
xtugynuehn xtugynuehn
xdhiumwdwn xdhiumwdwn
lvqqznnzyn lvqqznnzyn
efgyvzmusc efgyvzmusc
kufcwxmspu kufcwxmspu
cpdpvshtof cpdpvshtof
auonnlthcz auonnlthcz
