Egsmith Barnton Wychbourne Cookford Hornborough Nortley Wetwick Sudwich Pemlow Watchcombe Wenbeck Brackbrough Stainby Wenwold Sudtree Stainbrough Egtree Wychnell Burfield Wywick Wychbeck Staplake Penborne Shaftbridge Watchavon Alfchester Wenside Whittree Egsmith Barnton Wychbourne Cookford Farnsmith Wychsmith Chelmwang Hurstlow Edgey Shaftbage Ashdown Aldover Sudwich Ashbourne Barnton Egsmith Waltditch Wenside Burbourne Leathermere Sudtree Wenwold Stainby Egsmith Waltditch Egsmith
31
Barnton Barnton
Leathermere Leathermere
Alfchester Alfchester
Wychsmith Wychsmith
Brackbrough Brackbrough
Nortley Nortley
Wychbourne Wychbourne Egavon
Penborne Penborne
Wywick Wywick
Chelmwang Chelmwang
Ashdown Ashdown
Shaftbridge Shaftbridge
Stainbrough Stainbrough
Waltditch Waltditch
Wenside Wenside
Wenwold Wenwold
Egtree Chelmden Egtree
Stainby Stainby
Shaftbage Shaftbage
Staplake Staplake
Ashbourne Stapbeck Ashbourne
Wenbeck Wenbeck
Wychbeck Wychbeck
Cookford Cookford Chelmbeck
Sudtree Flitgrove Sudtree
Farnsmith Farnsmith
Wychnell Wychnell
Pemlow Pemlow
Edgey Edgey
Burbourne Burbourne
Wetwick Wetwick
