Chelmbourne Elgrove Staflow Rocktree Hurstworth Waltbrook Stafthorne Staintree Edgwich Chelmbourne Elgrove Wenden Rocktree Egcastle Melborne Pemwold Elside Stainfield Wenden Kingsbrook Dartsted Clerethorne Stapthorne Wenwang Edgchester Bursted Staflow Elgrove Staintree Alfwell Casford Stainden Prestdon Barngrove Bracklow Sodside Brainbridge Prestey Enbage Flitham Shrivlow Stainhall Southmere Shrivside Burchester Stapmoor Barnham Prestey Enbage Flitham Shrivlow Barnden Rocktree Pemwood Bracklow Hartbage Barngrove Hornley Durditch Barnden Aldport Whitavon Nortcastle Brainbridge Sodside Bracklow Leatherlow Alfby Leatherlake Enlow Sudwich Prestey Enbage Stainside Pembage Stapwell Barngrove Egborne Cookton Enlow Cookbrook Staintree Elgrove Wenborough Elgrove Chelmbourne
48
Chelmbourne Shaftwich
Hornley Hornley
Pemwold Pemwold
Dartsted Dartsted
Bracklow Bracklow
Sudwich Sudwich
Stapmoor Stapmoor
Stapwell Stapwell
Alfwell Aldhall Alfwell Marlton
Wenden Wenden
Edgchester Edgchester Horncester
Enlow Enlow
Wenborough Wenborough
Southmere Southmere
Waltbrook Waltbrook
Stapthorne Stapthorne
Egborne Egborne
Stainside Stainside Whitover
Hartbage Hartbage
Wenwang Sudworth Wenwang
Pemwood Pemwood
Prestey Prestey
Barnham Barnham
Casford Casford
Leatherlake Leatherlake
Prestdon Prestdon
Hurstworth Hurstworth
Stainhall Stainhall
Elside Elside
Enbage Enbage
Whitavon Whitavon
Shrivlow Shrivlow
Bursted Bursted
Rocktree Whitborough Horndown Cookbridge Rocktree
Sodside Sodside
Staintree Staintree
Flitham Flitham Kingsley
Durditch Durditch
Clerethorne Barnside
Shrivside Shrivside
Edgwich Edgwich
Staflow Wyhead Staflow Cleredon
Brainbridge Brainbridge
Egcastle Egcastle
Alfby Alfby
Elgrove Elgrove
Leatherlow Leatherlow
Cookton Cookton
