qtq uca qnn tvy hxo yvu uwp pxi uxr wuc jno thd ahy xdz thp llr lah xos qbh rwt wuf vsu wpq xmz cnv zgf npu ifc fsl rut qbj dkn unk udq krg uoz thz txk rod hpb orc lxt egz gak qjm bwq qyi qls zbn vaf ase cpw itg jxq lbs pta pjx plx tnl qbq nhr viv tro eqm htv jta vlt unf nhk orc pkx unf mbx hxp brk ooc hef iuz bsz fgo dpo spp lfh rxi hhe cer qbh rwt ahv tmc udq unk mnv kvz omf nfy iuz bsz ili yiz ynq gpv nkx qoe cxu fib gup ptq htv wpo mbx idl zye ooi xax osc kza jpq sfp blo rju blo wju qtq
89
pta pta
xdz xdz
hhe hhe
htv htv
itg itg
xax xax
nhk nhk
qtq qtq
ptq ptq
hpb hpb
ase ase
krg krg
gup gup
ifc ifc
jno jno
kza kza
pkx pkx
qnn qnn
nkx nkx
dkn dkn
wuc wuc
sfp sfp
cpw cpw
zgf zgf
ooi ooi
uxr uxr
bwq lnv
eqm eqm
ynq ynq
tmc tmc
wju wju
jta jta
idl idl
fgo fgo
blo zgs
zbn zbn
unk pxs
hxo hxo ukh
bsz bsz
qjm qjm
tro tro tmd
rut rut
lah lah
nfy nfy
egz vub bai egz cjp
fib zqn
uca uca
npu npu
pjx pjx
vlt vlt
vaf vaf
mnv mnv
hxp hxp
nhr wiq nhr slq
lxt lxt
rxi rxi
uoz uoz
wuf wuf
ili ili
fsl fsl
uwp uwp
txk txk
yiz yiz
mbx mbx
iuz iuz
cxu cxu
gak gak
udq qbe pwa qfc udq
rju rju
ooc ooc
plx plx
lfh lfh
thz thz
thd thd
viv viv
wpq wpq
rwt rwt
brk brk
ahv ahv
orc orc
xos xos
qls qlo qls
cnv cnv
qbj qbj
rod rod
vsu vsu
tnl tnl
ahy ahy
spp spp
