Soda Browning Comstock Spring Mabel Summit Haviland Bancroft Poplar Belrose Menlo Colusa Garber Acacia Shasta Addison Byron Columbia Muir Florida Allston Solano Eunice Lewiston Buena Blake High Fresno Bowditch Haskell Ajax Forest Madera Marin Kentucky Bataan Bowditch Hospital Bristol Yolo Pardee Anne Arch Keeler Bristol Vermont Bret Poppy Soda
41
Addison Addison
Ajax Ajax
Allston Allston
Anne Anne
Arch Arch
Bancroft Bancroft Cutter
Bataan Bataan
Belrose Belrose
Bowditch Bowditch
Bret Bret Kenilworth
Bristol Bristol
Browning Browning
Byron Byron
Columbia Columbia
Colusa Colusa Fulton
Comstock Comstock
Eunice Eunice
Florida Florida
Forest Forest
Fresno Fresno
Haskell Haskell
Haviland Haviland
High High
Hospital Hospital
Keeler Keeler
Kentucky Haste
Lewiston Edith Lewiston
Mabel Mabel Overlook Terrace
Madera Madera
Marin Greenwood Heinz Marin
Menlo Burnett Menlo
Muir Muir
Pardee Pardee
Poplar Poplar
Poppy Poppy
Shasta Shasta
Spring Spring
Summit Summit
Vermont Vermont
Yolo Martin
Acacia Domingo
