FD AR GB GO BM AJ DB DQ CE GX CS GD ES EL FP GQ BC DZ DM DU FK CM CG AG DE AW HD HB CZ GK DP BO GN BA EN DA ER HM FY EZ FJ HC DV AK BZ AD DK BK HO EM GS EX FN HM FY CB CC CF DN EG CO EK AM FQ FS GD FI HF FA FM HP FR AL FT BD FX EO ED GR FB CT GZ AL CI GF CW ET BN CA GH AC FU DI EJ DC CL GA DF GP DI BG AU BV HH EE EI FD
89
AC CK
AD AD EY
AG AG
AJ AJ
AK AK
AM AM
AU AU AF
AW AW
BA BA
BC BC
BG BG
BK BK
BM BM
BN BN AZ
BO BO
BV BV
BZ BZ
CA CA
CB CB
CC CC
CE AX
CF CF
CG CG
CI CI
CL CL
CM BT
CO CO
CS CS
CT CT
CW BQ CW
DA DA
DB DB
DC DC
DE DE
DF DF
DI DI
DK DK
DM DM
DN DN
DP DP
DQ DQ
DU DU
DV BF
DZ DZ
ED DH
EE EE
EG EG
EJ EJ
EK FO EK
EL EL
EM AV EM AT
EN FV EN
EO EO
ER ER
ES ES
ET ET
EX EX
EZ EZ
FD CU
FI FI
FJ FJ
FM FM
FN FN
FP BE FP
FR FR
FS FS
FT FT
FU FU
FX HR
FY FY
GA GA
GD GD
GF GF
GK GK
GN GN
GO GO
GP GP
GQ GQ
GR GR
GS GS
GX GX
GZ GZ
HB HB
HC HC
HD HD
HF GC HF EW
HH HH
HO HO
HP HP
