186 144 19 71 195 156 74 107 89 32 136 150 162 188 17 90 196 143 0 79 2 70 140 22 134 35 1 121 104 5 0 6 108 11 14 177 29 86 198 178 172 157 30 1 61 183 174 33 97 138 194 190 186
47
2 2
5 5
11 11
14 14
17 17
19 19
22 22
29 29
30 30
32 32
33 33
35 35
61 61
70 70
71 71
74 74
79 79
86 86
89 89
90 90
97 97
104 104
107 107
108 108
121 121
134 134
136 136
138 138
140 140
143 143
144 144
150 150
156 156
157 157
162 162
172 172
174 174
177 177
178 178
183 183
186 168 45 128 67 49
188 188
190 190
194 194
195 195
196 196
198 198
