x115 x98 x84 x122 x82 x5 x127 x83 x2 x26 x48 x27 x41 x21 x111 x52 x57 x73 x103 x64 x11 x16 x114 x15 x75 x34 x0 x54 x1 x124 x109 x32 x43 x74 x13 x89 x53 x20 x106 x59 x130 x5 x69 x1 x0 x108 x1 x81 x76 x1 x71 x136 x4 x125 x91 x92 x61 x138 x9 x128 x115
52
x4 x4
x5 x94 x5 x38
x9 x9
x11 x11
x13 x13
x15 x15
x16 x16
x20 x20
x21 x21
x26 x26
x27 x27
x32 x32
x34 x34
x41 x41
x43 x43
x48 x48
x52 x52
x53 x53
x54 x54
x57 x57
x59 x59
x61 x61
x64 x64
x69 x69
x71 x71
x73 x73
x74 x74
x75 x75
x76 x76
x81 x81
x82 x82
x83 x83
x84 x84
x89 x89
x91 x91
x92 x92
x98 x17 x40 x50 x98
x103 x103
x106 x106
x108 x108
x109 x109
x111 x111
x114 x114
x115 x33 x62
x122 x122 x44 x58
x124 x124
x125 x125
x127 x127
x128 x128
x130 x130
x136 x136
x138 x138
