Warfield Chilbury Brackcompwang Chelmstanwell Ellingreham Suddlecombe Ashfield Ketport Suddleborne Cammerrensmoor Wyborne Cambingstoke Todtree Worhall Barndberbrough Hammerringey Chedberdon Suddleover Chedtree Skelling Elmansham Sudsmith Burglebrough Chedtree Siringwang Whitchester Ketsmith Leatherbleside Dribbingworth Suddlecombe Ashfield Millendon Windling Dribblewick Elcompbridge Southbasport Fulbourne Stainbrough Ciditch Northall Suddlecombe Chippingsted Botherseyworth Falport Cicombe Chedderrenswich Dartseyworth Chedderrenswich Cannerthorne Tipwick Cannerthorne Warfield
41
Barndberbrough Barndberbrough
Chedtree Chedtree
Ashfield Ashfield
Suddleborne Suddleborne
Chippingsted Chippingsted
Ellingreham Ellingreham
Burglebrough Burglebrough
Suddleover Suddleover
Elmansham Elmansham
Cannerthorne Soddlewick
Whitchester Whitchester
Warfield Warfield
Chilbury Chilbury
Cambingstoke Cambingstoke
Ketport Ketport
Windling Windling
Elcompbridge Chiphead
Leatherbleside Leatherbleside
Cammerrensmoor Cammerrensmoor
Botherseyworth Botherseyworth
Tipwick Ashborne Tipwick Hamsling Hannenmanswick
Chelmstanwell Chelmstanwell
Ketsmith Pendingbrook Suddlecastle
Cicombe Cicombe
Brackcompwang Brackcompwang
Dribbingworth Dribbingworth Bastleseyham
Stainbrough Worberbrook Stainbrough
Todtree Todtree
Chedderrenswich Chedderrenswich
Hammerringey Hammerringey
Falport Pendlewood Falport
Southbasport Southbasport
Wyborne Wyborne
Dribblewick Skellingden
Worhall Worhall
Siringwang Siringwang
Northall Northall
Millendon Millendon
Sudsmith Sudsmith
Suddlecombe Basringney Suddlecombe Horstlescompstoke
Skelling Skelling
