Whitgrove Sodberling Ellerbridge Ketchester Watchlake Tippendham Basditch Hampingcastle Fullensborne Sundlethorne Abgleham Siavon Todhampton Nortwell Bassinghead Southbury Stapbrook Staincombe Suddenmoor Egmerhampton Prestwick Sundcompney Ketnell Cihead Skellenshot Rotherlow Worford Hamscombe Skelberden Sodport Burlake Endleberey Reddendeney Alddleringworth Bothenhall Dribberham Wychcompwold Penby Falderseythorne Durbrook Toddenmoor Ketnell Staplow Ketchester Watchlake Tippingbage Dartden Cirerham Wolley Elfield Falworth Whitringlake Botbeck Clereennell Bromstanham Sodberling Ellerbridge Suddingover Chedworth Sundendford Botbeck Abcester Sifield Sundcompney Prestwick Wychchester Durbrook Falderseythorne Worford Stapbrough Reddingtree Dribwold Rothendcombe Bastlebury Hamwold Wendleringdown Botwick Botbage Milthorne Rothingcombe Ribenwell Worhall Alddleringworth Leatherport Alfmere Hamscombe Dartdown Marlcester Nortwell Wetsmith Elside Cannerthorne Waltbeck Wychchester Tippenbrook Marlbeck Wycastle Bootwick Bothenton Shaftmoor Farnditch Ribberrenston Shaftborough Faldenhall Wethampton Egsted Southmere Basbage Warblestancester Tippendham Emmerley Sirenshall Hampingbascombe Enderbeck Casbrook Redcombe Siey Wychchester Marlbrook Falderbrough Warsmith Horsnell Candleswick Endleshall Candleswick Skellingover Warsmith Horstleover Toddenmerbrough Tipstoke Botenbrook Hampingworth Bursmith Dribblecombe Whitgrove
96
Hampingworth Hampingworth
Staplow Staplow
Wetsmith Wetsmith
Horsnell Horsnell
Toddenmerbrough Endingnell
Bastlebury Bastlebury
Sodport Sodport
Sirenshall Sirenshall
Alfmere Alfmere
Emmerley Emmerley
Skellenshot Skellenshot
Prestwick Prestwick
Worhall Worhall
Rothendcombe Rothendcombe
Nortwell Nortwell
Reddingtree Eley
Sifield Sifield
Bromstanham Bromstanham
Falworth Falworth
Abcester Abcester
Falderseythorne Falderseythorne
Leatherport Leatherport
Elside Elside
Tippenbrook Tippenbrook
Dartden Dartden
Durbrook Durbrook
Hampingcastle Hampingcastle
Dribblecombe Dribblecombe
Stapbrough Stapbrough
Chedworth Chedworth
Tippendham Tippendham
Watchlake Watchlake Farndlesover
Basditch Basditch
Egmerhampton Egmerhampton
Ketchester Ketchester Boothingmanstree
Tipstoke Tipstoke
Dribberham Dribberham
Whitgrove Whitgrove
Wycastle Wycastle
Rothingcombe Rothingcombe
Bothenhall Bothenhall
Reddendeney Reddendeney
Endleshall Melwood
Endleberey Endleberey
Candleswick Candleswick
Hamwold Hamwold
Sundlethorne Sundlethorne
Shaftborough Shaftborough
Whitringlake Whitringlake
Enderbeck Enderbeck
Penby Penby
Casbrook Casbrook
Siavon Siavon
Farnditch Abglewold Farnditch
Stapbrook Wetwick
Cihead Cihead
Botbeck Botbeck
Bootwick Bootwick
Southmere Southmere
Suddenmoor Suddenmoor
Milthorne Milthorne
Clereennell Clereennell
Egsted Egsted
Sundendford Sundendford
Ellerbridge Worrenberwang Ellerbridge
Ribberrenston Ribberrenston
Wychchester Wychchester
Suddingover Suddingover
Cannerthorne Cannerthorne
Ketnell Ketnell
Worford Worford
Skellingover Skellingover
Southbury Southbury
Horstleover Horstleover
Abgleham Abgleham
Wendleringdown Wendleringdown
Skelberden Skelberden
Waltbeck Waltbeck
Wolley Wolley
Hampingbascombe Hampingbascombe
Wethampton Wethampton
Fullensborne Blansbrook
Bursmith Bursmith
Staincombe Staincombe
Siey Siey
Rotherlow Rotherlow
Sodberling Sodberling
Bothenton Bothenton
Tippingbage Tippingbage
Marlcester Marlcester
Faldenhall Faldenhall
Toddenmoor Toddenmoor
Wychcompwold Wychcompwold
Marlbrook Marlbrook
Redcombe Redcombe
Todhampton Todhampton
