0 15 30 45 60 75 91 107 122 106 90 75 76 77 78 79 94 109 124 123 108 93 94 79 80 65 50 36 52 68 53 38 23 24 9 10 11 12 28 43 58 59 89 104 103 87 86 85 84 99 98 82 81 80 65 50 36 20 5 6 7 8 9 10 25 41 56 71 70 85 84 83 82 66 51 36 50 65 64 62 48 33 18 19 18 2 1 0
43
0 0
5 5
7 7
8 8
10 10
12 13
15 15
18 3 18
19 34
20 20 35
23 23
25 25 40
28 28
30 30
36 36
41 41 55
45 31 45 46
48 47 63
50 50
51 51
52 52
56 56
58 57 73
68 68
70 70
71 71
75 75
76 76
78 78
80 80 95 110 111
83 83
85 85 100 115 116
87 88
90 90 105
93 93
98 98
103 103
104 119
106 106 120 121
108 108
109 109
122 122
124 124
