0 49 77 182 45 96 67 47 92 108 75 32 116 6 95 29 119 134 191 134 128 184 9 109 73 36 97 46 156 168 125 133 83 14 178 193 111 51 79 164 24 101 38 6 116 98 160 145 161 163 175 48 118 64 58 99 85 19 91 63 74 64 159 107 117 47 67 44 173 84 42 109 25 150 22 11 146 170 1 160 85 37 69 150 51 111 126 106 86 176 26 196 123 31 118 17 180 78 81 105 186 197 121 100 10 12 135 179 8 39 199 48 11 18 185 27 162 70 157 139 183 155 28 103 0
89
6 6
8 166
9 9
10 10
12 12 130
14 14 4
17 17
18 18
19 19
22 22
24 24
25 25
26 26
27 27
28 28
31 31
32 32
36 36
38 38
39 151 39
42 42
44 44
47 47
48 48
49 49
51 51
58 58
63 63
64 64
67 67
69 69
70 70
74 74
75 75
77 77
78 78
79 79
81 81
83 83
84 89 65
85 85
91 91
95 95
96 96
97 104
98 98
99 99
100 100
103 103
106 106
108 108 102
109 109
111 111 149
116 116 120
117 117
119 119
121 121 20
125 125
126 126
128 128
133 133
134 134
139 139
145 145
146 146
155 155
156 156
157 157 50
159 159 87
160 160
163 194 163
164 138
168 168
170 170
173 173
175 175
176 176
178 178
179 179
180 180
182 182
184 184
185 185
186 186
191 137
193 193
196 196
197 197
199 199
