location0 location2 location6 location1 location7 location15 location17 location14 location11 location13 location36 location12 location8 location25 location16 location20 location23 location49 location18 location1 location21 location3 location22 location15 location9 location31 location5 location43 location0
21
location1 location1
location2 location2
location3 location3
location5 location5
location6 location6
location7 location7
location8 location4 location8 location19
location9 location9
location11 location11
location12 location12
location13 location13
location14 location10 location14
location15 location15
location16 location16
location17 location17
location18 location18
location20 location20
location21 location21
location22 location22
location23 location23 location24
location25 location25
