SantaClarita Carrollton Stockton Pomona RanchoCucamonga Washington LongBeach SanDiego LongBeach Hartford LouisvilleJefferson Lancaster Surprise Sunnyvale Visalia Hartford Boston Ontario Escondido Huntsville Thornton Yonkers Memphis Modesto Independence SiouxFalls Wichita LexingtonFa Frisco Reno PembrokePines Austin Indianapolis Wichita StPetersburg OklahomaCity LosAngeles Orlando Brownsville Lafayette Alexandria Bellevue Newark OklahomaCity Omaha Allentown Escondido Midland Thornton Victorville GardenGrove Carrollton SantaClarita
39
Yonkers Yonkers
Ontario Ontario
Midland Midland
Sunnyvale Sunnyvale
Boston Boston
Allentown Allentown
Bellevue Scottsdale Bellevue
LosAngeles LosAngeles
Indianapolis Indianapolis
Victorville Victorville
LexingtonFa LexingtonFa
Visalia Visalia
StPetersburg StPetersburg
PembrokePines PembrokePines
Omaha Omaha
SiouxFalls SiouxFalls
Stockton Stockton
Austin Austin
Pomona Pomona
LongBeach LongBeach
Lafayette Lafayette
Huntsville Shreveport Huntsville
GardenGrove GardenGrove
Reno Concord
Orlando Orlando
Newark Newark
Surprise Surprise
Carrollton Carrollton
Thornton NewportNews Beaumont
LouisvilleJefferson LouisvilleJefferson
Brownsville Brownsville
Hartford Hartford
Alexandria Worcester Alexandria Garland
Wichita Wichita
Independence Independence Fayetteville
SanDiego StLouis Stamford Paterson Waco Henderson
OklahomaCity OklahomaCity
Washington Washington WestValleyCity
RanchoCucamonga RanchoCucamonga
