Plano SantaClara Irving Pasadena Montgomery Mesa OWO Topeka Hayward Denver Kent SanFrancisco Rochester Cary Hampton Tallahassee Riverside OklahomaCity Rochester MorenoValley Charleston Memphis Kent Vallejo StPetersburg Dallas Worcester Mesquite Frisco FortLauderdale LosAngeles Escondido Akron Elizabeth Anaheim PembrokePines Lincoln AnnArbor StLouis Frisco GardenGrove Salinas Greensboro Surprise Corona Brownsville Knoxville Savannah SimiValley HuntingtonBeach Hartford NewOrleans AugustaRichmond Fullerton Irvine Olathe Miami LasVegas WestValleyCity Waco Wichita Lafayette JerseyCity Pikachu Huntsville Omaha Atlanta Beaumont Kent Thornton Anchorage Salinas Chicago McAllen GrandPrairie Portland Tampa Laredo SantaRosa Tulsa LouisvilleJefferson AnnArbor WestValleyCity Naperville Philadelphia NewHaven SantaClarita CorpusChristi Spokane Pomona Hialeah Allentown Killeen SanJose Glasses LosAngeles Torrance PembrokePines Seattle Garland Atlanta Albuquerque Ontario Lafayette Lancaster LosAngeles Glasses Stamford SantaRosa Denton NewHaven ChulaVista Houston Glendale Raleigh SanAntonio Davidson Charlotte HuntingtonBeach Tallahassee Riverside Rockford Plano
85
AugustaRichmond AugustaRichmond
SanJose SanJose
FortLauderdale Norfolk FortLauderdale
Pomona Pomona
Garland Garland
SantaClarita SantaClarita
Mesquite Mesquite
Rockford Rockford
StLouis StLouis
GrandPrairie GrandPrairie
Irving Irving
Anchorage Anchorage
JerseyCity JerseyCity
GardenGrove GardenGrove
Allentown Allentown
Laredo Laredo
Olathe Olathe
SanFrancisco SanFrancisco Warren
Tulsa Tulsa
Davidson Davidson
Montgomery Montgomery
Greensboro Greensboro
Portland Portland
OklahomaCity OklahomaCity
Charleston Charleston
Tallahassee Cincinnati
SimiValley SimiValley
CorpusChristi CorpusChristi
Corona Corona
Cary Cary
Stamford Stamford
Denver Denver
Escondido Escondido
Ontario Ontario
Lincoln Lincoln
Anaheim Anaheim
OWO OWO
Vallejo Vallejo
Hayward Hayward
Dallas Dallas
Chicago Chicago
Huntsville Huntsville
Wichita Wichita
Akron Akron
Denton Denton
Brownsville Brownsville
Glendale Glendale
Waco Waco
Hartford Hartford Mobile
Atlanta Atlanta Oxnard
Killeen Killeen
Lancaster Lancaster
Thornton Thornton
Beaumont Beaumont Vancouver
Hampton Hampton
Torrance Torrance
NewOrleans NewOrleans
Surprise Surprise
LouisvilleJefferson LouisvilleJefferson
Memphis Memphis
Riverside Riverside
Raleigh Raleigh
Irvine LittleRock Irvine
McAllen McAllen
Pikachu Pikachu
LasVegas LasVegas
Worcester Worcester
Glasses Hollywood Glasses
Tampa Tampa ThousandOaks
MorenoValley MorenoValley
Omaha Omaha
Knoxville SanBernardino Fremont Madison Knoxville
SantaClara SantaClara
AnnArbor AnnArbor
Mesa Mesa
Houston Houston
Miami Miami
NewHaven NewHaven
Elizabeth Elizabeth
Pasadena Norman Pasadena Sunnyvale
Salinas Salinas
Lafayette Lafayette
HuntingtonBeach HuntingtonBeach
SantaRosa FortCollins SantaRosa SiouxFalls
SanAntonio SanAntonio
