Waco OverlandPark Richmond SanFrancisco AthensClarkeCounty Palmdale StPaul Victorville FortCollins Palmdale AnnArbor SaltLakeCity Rochester Oski Irving SantaClara ChulaVista Peoria OverlandPark SterlingHeights Palmdale Clarksville Stamford Cary Palmdale Omaha KansasCity Lincoln Newark OverlandPark Waco
20
Clarksville Clarksville
Cary Cary
AnnArbor AnnArbor
Richmond Richmond
StPaul StPaul
Rochester Rochester
FortCollins FortCollins
AthensClarkeCounty OWO LexingtonFa AthensClarkeCounty
ChulaVista ChulaVista
Irving Irving
Newark Newark
SterlingHeights SterlingHeights
Waco SanAntonio MorenoValley
Omaha Omaha
SanFrancisco SanFrancisco
Stamford Stamford
SaltLakeCity SaltLakeCity
Victorville SanBernardino
Lincoln Detroit Lincoln
Palmdale Palmdale FortWayne
