0 156 175 96 124 96 98 2 80 110 18 196 164 111 114 154 174 119 4 9 130 165 42 76 44 167 120 12 100 68 101 37 108 37 8 135 27 3 35 157 19 125 67 169 116 16 15 83 87 89 47 162 66 188 22 74 38 145 26 91 69 176 51 133 86 84 131 93 150 63 183 182 50 17 137 129 152 56 39 193 11 65 187 28 128 81 123 158 107 156 175 143 21 190 87 43 159 141 48 24 31 151 78 177 106 59 199 52 173 122 184 14 13 102 90 163 146 115 153 23 185 0
90
0 0
2 2
3 3
4 4
8 8 71
9 9 103
11 11 138
13 13 197
14 14
15 15
16 16
17 5 17 94
18 18
21 21
22 22
23 23
24 24
26 26
27 27
28 28
31 31
35 35
38 38
39 39
42 42
43 43
47 47
50 50
51 51
52 52
56 56
59 59
65 65
66 66
67 67 134 172
68 68
69 69
74 74
76 33
78 78
80 80
81 81
83 83
84 84
86 86
89 89
93 93
96 96
98 98
100 100
101 101
102 102
107 107
108 20 166
111 111
114 114
115 115
116 116
120 120
122 160
124 70
125 125
128 128
129 129
130 130
133 133
137 137
141 141
143 143
146 146
151 151
152 152
153 153
154 154
157 157
158 158
159 159
163 1
164 164
167 167
173 173
174 174
177 177
182 182
183 183
184 72 184
187 187
190 190
193 193
199 199
