wNqlpYNsRbJEgiGpKxrU WoTuprXYItmuBoyNwAcV JvFxbsySBAiFiOUrzrBi scpUkbcaYSAsHhSktebT JVONrXhhmtFWhFfDiOXW VIPPawblKbhOVWrmrWBx iVjkcMenotYGMFEBTvoa QePOUWiXcAUCoHETxuGS wfEFdNDcColoskjTjcLm lIpVoDPUIfHCPpjswogJ cwgJAHVpCCTmuckJkncL wuSVWJYvpiWaQAHXocSG cMYyKTXGNKnFzrpwnXUl szyiMlKhtyOynWjcoMsm CvZkdIYtdeDHtwufupie ZXihCBEQBTdisqSlEMsj FaWIqatYRYVcXfVhAFRN XtZHoAxqEyzvMChzPHpN CbGuHgZfQMmSOfHDFJnK MBJqOYmxhUYbldNVEdRy uUKZHvHmBrpBHjYWNaUL HeWrJOKsDjgdrcamgZLN ccdJRKiTXwIErdhSIxfh eiLPqIroFfCGzqSAlzAp svUOWvTJLneAqJGnExpc oZXYedlbtBLmkfoVmgta NzDQJknJPDEkcwCHzzbF MBJqOYmxhUYbldNVEdRy uUKZHvHmBrpBHjYWNaUL ZwvojvRdUOYNJXIwAqgC eCBFrcppbiLzdGQubocl TEPaiCedHTXapLxoBXMp oHoxoLeyDYnKZDzgMtxI CvZkdIYtdeDHtwufupie syonLisTOSczosCwoILE qoaNjvaRghiMQXaVEoQe QjbdwbUnopENkiNyqirZ WMWBpOSnHGywZjCgaYyY nreoVgWrBhNXFZgTBlXO nCedHqGgdWAicwyuYWpg VRpSthoDcomqMDsGoVql qoaNjvaRghiMQXaVEoQe joWAhkfNqIEECnBeulGl GMxGouyyndiUBMqMdOoc kwPuYZgJgVVJfdBGUtPw HeWrJOKsDjgdrcamgZLN aGPbLNWYAMujnfHCTCMo kyApsCeFkLoLFCdkazaE scpUkbcaYSAsHhSktebT qfRRtdRbhYJBARMfPlZM lbWonvEbeplndKguSTkk eOfnBeTgmYCNEnRUhlEK QyXpliHSeQOPIsurIcpa XvUPApTFkqaSSizYsCIr lSJjEsqamUCgRZdCmdyI aGPbLNWYAMujnfHCTCMo YTwycpmzEWCqqTELtzXc FWnudSYFvYQJHehOpEKf fpoTaBKmVdlDCxFwCFoz KcrnMnFDTrBKaUaGpdLY igyeOiSdezmmXGTwMzLw oKAKfpUUuLItChLyByFh rlhNoKeiidsZhBEuQAJw EEeDJaHeajXXlwYcHTeJ oKHxHZxgXgKSVZAEEVVZ ZauPfhkpsGmhbvkhkltR PZwTcKCPsEmpxetNZvef pMOSpTzPTPLXHLOQMjnt jznspKyqlmxZtgfQUJVB RlHeRhvUOhGhZVGGJuED SiOEBWtHUiopSvDVOkjb efZntVbfQTvIUOiRNPSH FYfGkhtzhjqJHqxmUsVx zHPSSEtFTQIbLYMdHqgP UdSbtwxTqTJxOiUoxEqw hLaNXBYgTzgUhvjmqUTu MBJqOYmxhUYbldNVEdRy NzDQJknJPDEkcwCHzzbF pzrGQEObzJGPnfATEYDc xgBrJmdXVwtxgRuCBhMe gqsFUfkkQrlyYYdSXwmt DZEpVGVXkxHljziwItaS ADVVlRLpnspleRTgeTdu FGiPoAZuhTTxiAlzRDIV wvSJDoqoPGAkYgSuPFPw QeYNNLpZMBxyiFbZMPFY EhDFVLWZueLOrdjEOzEQ yscsUFTNNyaVMKBztBdV UIlSMnVKIdNiXZNSiHsI fgzJCwocQniGlXAZHJId cinQsEbBpQAHgGdjBxaK NJZlnWyeJFrkOwoqHKtT yRQdlZBUBAPypebnrlAH DpztIuGTRpGuLsdlODJw QyXpliHSeQOPIsurIcpa NPSPGRTNRcKKVpsBRSwh IvXQutSorlqOgnSVAIUd shugRMnaHVqQSmKaNBgu yYaxxtTIkvUeyUpwOvuY XPPBMlNyfVVeZGIzTCEW jUSlIFtitQxyvVLJjiCc eobSFtKBbBdcVrTOREdK UIlSMnVKIdNiXZNSiHsI bEfUXCTlwRBndElSbPGf imEmCMbYEtZJJkwxkSDD xlbpuxAjoVPJWPCWBEkJ zNRhhVdMWUgTnnqmAfeY syonLisTOSczosCwoILE kqcEdfKLaRzxOhAIzchh IamFpWICdyBhLFRVaylm vIbIQYXZnmYrooTLYNtu EmbDgEECbkHbfAfHCgwB ihxEqMQIIvyQmtrtMjeO edlAtPQdNXJQPCIzpkyX NIJaJxCurulNUdZZMxFk erZKLqpCZsYKDnOCaBGq gFUGYXSirCYiFTivWNah gcXUxTVUZWsOwtRNeDDa aIuYyryCOUGVeCAqbqkg syonLisTOSczosCwoILE CvZkdIYtdeDHtwufupie QyXpliHSeQOPIsurIcpa ANDviqMIuFwdcboQDprt jeqqhISPyRIhGBNohHEu vTbNxpVTEoFlSjvvVvfG cMYyKTXGNKnFzrpwnXUl CWozbDsqFUhTlbxWhCmh iVjkcMenotYGMFEBTvoa oDgfEuAVpeOlkkTIMDLw mgNeYYUOPKpLeiVEFIXd NtyLZDOaSczVvOGdocUp NYdfLxXxFVvLEbDKzXWn igyeOiSdezmmXGTwMzLw lbWonvEbeplndKguSTkk wNqlpYNsRbJEgiGpKxrU
96
mgNeYYUOPKpLeiVEFIXd mgNeYYUOPKpLeiVEFIXd
RlHeRhvUOhGhZVGGJuED RlHeRhvUOhGhZVGGJuED
QeYNNLpZMBxyiFbZMPFY QeYNNLpZMBxyiFbZMPFY
oDgfEuAVpeOlkkTIMDLw wlySPverjehsBxldyigf
jznspKyqlmxZtgfQUJVB jznspKyqlmxZtgfQUJVB
PZwTcKCPsEmpxetNZvef PZwTcKCPsEmpxetNZvef
eOfnBeTgmYCNEnRUhlEK eOfnBeTgmYCNEnRUhlEK
oZXYedlbtBLmkfoVmgta oZXYedlbtBLmkfoVmgta
WMWBpOSnHGywZjCgaYyY WMWBpOSnHGywZjCgaYyY
QePOUWiXcAUCoHETxuGS QePOUWiXcAUCoHETxuGS gDYKDrbERUXTnCayjBrC
aIuYyryCOUGVeCAqbqkg aIuYyryCOUGVeCAqbqkg
kqcEdfKLaRzxOhAIzchh kqcEdfKLaRzxOhAIzchh
hLaNXBYgTzgUhvjmqUTu hLaNXBYgTzgUhvjmqUTu
EhDFVLWZueLOrdjEOzEQ EhDFVLWZueLOrdjEOzEQ
GMxGouyyndiUBMqMdOoc GMxGouyyndiUBMqMdOoc
jUSlIFtitQxyvVLJjiCc bFmSeBrfNuxjYPUDCLYq jUSlIFtitQxyvVLJjiCc
ihxEqMQIIvyQmtrtMjeO ihxEqMQIIvyQmtrtMjeO
oKAKfpUUuLItChLyByFh oKAKfpUUuLItChLyByFh
ADVVlRLpnspleRTgeTdu ADVVlRLpnspleRTgeTdu
UdSbtwxTqTJxOiUoxEqw UdSbtwxTqTJxOiUoxEqw
eCBFrcppbiLzdGQubocl SitzoubgYFeTjmkLjVPz
scpUkbcaYSAsHhSktebT scpUkbcaYSAsHhSktebT
DZEpVGVXkxHljziwItaS DZEpVGVXkxHljziwItaS
JVONrXhhmtFWhFfDiOXW JVONrXhhmtFWhFfDiOXW
NzDQJknJPDEkcwCHzzbF NzDQJknJPDEkcwCHzzbF
xlbpuxAjoVPJWPCWBEkJ xlbpuxAjoVPJWPCWBEkJ
cMYyKTXGNKnFzrpwnXUl cMYyKTXGNKnFzrpwnXUl
pzrGQEObzJGPnfATEYDc pzrGQEObzJGPnfATEYDc
eobSFtKBbBdcVrTOREdK eobSFtKBbBdcVrTOREdK
eiLPqIroFfCGzqSAlzAp eiLPqIroFfCGzqSAlzAp
wuSVWJYvpiWaQAHXocSG wuSVWJYvpiWaQAHXocSG
syonLisTOSczosCwoILE syonLisTOSczosCwoILE
YTwycpmzEWCqqTELtzXc YTwycpmzEWCqqTELtzXc
wvSJDoqoPGAkYgSuPFPw wvSJDoqoPGAkYgSuPFPw
zNRhhVdMWUgTnnqmAfeY zNRhhVdMWUgTnnqmAfeY
xgBrJmdXVwtxgRuCBhMe xgBrJmdXVwtxgRuCBhMe
KcrnMnFDTrBKaUaGpdLY KcrnMnFDTrBKaUaGpdLY
ANDviqMIuFwdcboQDprt ANDviqMIuFwdcboQDprt
edlAtPQdNXJQPCIzpkyX edlAtPQdNXJQPCIzpkyX
lSJjEsqamUCgRZdCmdyI lSJjEsqamUCgRZdCmdyI
aGPbLNWYAMujnfHCTCMo aGPbLNWYAMujnfHCTCMo
fpoTaBKmVdlDCxFwCFoz fpoTaBKmVdlDCxFwCFoz
fgzJCwocQniGlXAZHJId fgzJCwocQniGlXAZHJId
XtZHoAxqEyzvMChzPHpN XtZHoAxqEyzvMChzPHpN
CvZkdIYtdeDHtwufupie CvZkdIYtdeDHtwufupie
zHPSSEtFTQIbLYMdHqgP zHPSSEtFTQIbLYMdHqgP
MBJqOYmxhUYbldNVEdRy MBJqOYmxhUYbldNVEdRy
ZauPfhkpsGmhbvkhkltR ZauPfhkpsGmhbvkhkltR
lbWonvEbeplndKguSTkk lbWonvEbeplndKguSTkk
pMOSpTzPTPLXHLOQMjnt pMOSpTzPTPLXHLOQMjnt oLMkSrYLQRLHmPiuLCTC
cwgJAHVpCCTmuckJkncL cwgJAHVpCCTmuckJkncL
NPSPGRTNRcKKVpsBRSwh NPSPGRTNRcKKVpsBRSwh
QyXpliHSeQOPIsurIcpa QyXpliHSeQOPIsurIcpa
shugRMnaHVqQSmKaNBgu shugRMnaHVqQSmKaNBgu
VIPPawblKbhOVWrmrWBx VIPPawblKbhOVWrmrWBx
TEPaiCedHTXapLxoBXMp TEPaiCedHTXapLxoBXMp
ZXihCBEQBTdisqSlEMsj ZXihCBEQBTdisqSlEMsj
IvXQutSorlqOgnSVAIUd IvXQutSorlqOgnSVAIUd
igyeOiSdezmmXGTwMzLw igyeOiSdezmmXGTwMzLw
gcXUxTVUZWsOwtRNeDDa gcXUxTVUZWsOwtRNeDDa
bEfUXCTlwRBndElSbPGf bEfUXCTlwRBndElSbPGf
vIbIQYXZnmYrooTLYNtu vIbIQYXZnmYrooTLYNtu
EmbDgEECbkHbfAfHCgwB EmbDgEECbkHbfAfHCgwB
wfEFdNDcColoskjTjcLm wfEFdNDcColoskjTjcLm
JvFxbsySBAiFiOUrzrBi JvFxbsySBAiFiOUrzrBi
NtyLZDOaSczVvOGdocUp NtyLZDOaSczVvOGdocUp
nCedHqGgdWAicwyuYWpg nCedHqGgdWAicwyuYWpg
nreoVgWrBhNXFZgTBlXO nreoVgWrBhNXFZgTBlXO
ZwvojvRdUOYNJXIwAqgC ZwvojvRdUOYNJXIwAqgC
NJZlnWyeJFrkOwoqHKtT NJZlnWyeJFrkOwoqHKtT
kwPuYZgJgVVJfdBGUtPw kwPuYZgJgVVJfdBGUtPw
yscsUFTNNyaVMKBztBdV yscsUFTNNyaVMKBztBdV
XPPBMlNyfVVeZGIzTCEW XPPBMlNyfVVeZGIzTCEW
NIJaJxCurulNUdZZMxFk NIJaJxCurulNUdZZMxFk
UIlSMnVKIdNiXZNSiHsI UIlSMnVKIdNiXZNSiHsI
HeWrJOKsDjgdrcamgZLN HeWrJOKsDjgdrcamgZLN
QjbdwbUnopENkiNyqirZ QjbdwbUnopENkiNyqirZ
ccdJRKiTXwIErdhSIxfh ccdJRKiTXwIErdhSIxfh
gFUGYXSirCYiFTivWNah ayQgUwyRuQVKeyFLPNbQ
qfRRtdRbhYJBARMfPlZM qfRRtdRbhYJBARMfPlZM
imEmCMbYEtZJJkwxkSDD imEmCMbYEtZJJkwxkSDD
EEeDJaHeajXXlwYcHTeJ juzxSpUVuccJUMBOcJjO EEeDJaHeajXXlwYcHTeJ
szyiMlKhtyOynWjcoMsm szyiMlKhtyOynWjcoMsm
CbGuHgZfQMmSOfHDFJnK CbGuHgZfQMmSOfHDFJnK
FWnudSYFvYQJHehOpEKf FWnudSYFvYQJHehOpEKf
VRpSthoDcomqMDsGoVql VRpSthoDcomqMDsGoVql
vTbNxpVTEoFlSjvvVvfG vTbNxpVTEoFlSjvvVvfG
XvUPApTFkqaSSizYsCIr XvUPApTFkqaSSizYsCIr
DpztIuGTRpGuLsdlODJw DpztIuGTRpGuLsdlODJw
NYdfLxXxFVvLEbDKzXWn NYdfLxXxFVvLEbDKzXWn
joWAhkfNqIEECnBeulGl joWAhkfNqIEECnBeulGl
oHoxoLeyDYnKZDzgMtxI oHoxoLeyDYnKZDzgMtxI
efZntVbfQTvIUOiRNPSH efZntVbfQTvIUOiRNPSH
kyApsCeFkLoLFCdkazaE kyApsCeFkLoLFCdkazaE
svUOWvTJLneAqJGnExpc svUOWvTJLneAqJGnExpc
erZKLqpCZsYKDnOCaBGq erZKLqpCZsYKDnOCaBGq
