0 2 24 12 90 55 4 52 87 51 54 79 63 53 11 47 83 59 56 26 58 75 40 91 57 64 98 72 37 49 22 21 30 82 81 76 38 84 29 14 28 6 18 41 61 35 71 43 65 68 34 46 95 15 93 77 80 16 17 42 32 31 97 92 69 25 100 48 39 66 33 44 96 20 89 78 10 86 19 27 99 9 62 1 7 94 88 23 85 5 45 50 8 3 13 74 67 60 70 36 73 0
100
1 1
2 2
3 3
4 4
5 5
6 6
7 7
8 8
9 9
10 10
11 11
12 12
13 13
14 14
15 15
16 16
17 17
18 18
19 19
20 20
21 21
22 22
23 23
24 24
25 25
26 26
27 27
28 28
29 29
30 30
31 31
32 32
33 33
34 34
35 35
36 36
37 37
38 38
39 39
40 40
41 41
42 42
43 43
44 44
45 45
46 46
47 47
48 48
49 49
50 50
51 51
52 52
53 53
54 54
55 55
56 56
57 57
58 58
59 59
60 60
61 61
62 62
63 63
64 64
65 65
66 66
67 67
68 68
69 69
70 70
71 71
72 72
73 73
74 74
75 75
76 76
77 77
78 78
79 79
80 80
81 81
82 82
83 83
84 84
85 85
86 86
87 87
88 88
89 89
90 90
91 91
92 92
93 93
94 94
95 95
96 96
97 97
98 98
99 99
100 100
