Soda ritter ashley shah noor martinez lo davis garbers patagonia rob krishnan walsh shen connor singhal castro meghan golden yip alvin andrew grace roshan annie eshaan ruhi kevin garcia massachusetts aidan berit chloe amanda sunny lewke tamara jarrett sriram djajadi vilaythong juliann daniel caroline sarina rabie ian rosen danyal winifred woolf Soda
50
woolf woolf
winifred winifred
danyal danyal
rosen rosen
garcia garcia
shen shen
amanda amanda
sunny sunny
lewke lewke
tamara tamara
jarrett jarrett
roshan roshan
annie annie
eshaan eshaan
ruhi ruhi
kevin kevin
massachusetts massachusetts
noor noor
martinez martinez
aidan aidan
lo lo
sriram sriram
rob rob
yip yip
alvin alvin
krishnan krishnan
andrew andrew
caroline caroline
daniel daniel
juliann juliann
golden golden
ian ian
rabie rabie
sarina sarina
walsh walsh
ritter ritter
ashley ashley
shah shah
grace grace
berit berit
chloe chloe
meghan meghan
castro castro
singhal singhal
connor connor
djajadi djajadi
vilaythong vilaythong
davis davis
garbers garbers
patagonia patagonia
