Soda li singorahardjo hari srivastava ishaan shah melissa vikram franco hanlon ohio nichole william lewke maniku wong sophia danyal alvin cal wyatt adhikiari rob doshi chloe sunny parham brett devesh gobears subbaraj vilaythong angelis saurav singhal wu umar kanika krista ravi aanika ani ahluwalia liang krishnan chung massachusetts lebron yip kaur caroline ashley berit gregory rouzbahani maya connor eshaan ruhi chen mittal amanda djajadi oscar celine zhifei srinivasan jacob andrew tyler weaver xin zou soman olivia zhou king daniel grace winifred ellen greg du ritter emily annie erika barth scott bears mack evan charles patagonia logan sun kevin george chase lindsey Soda
100
lindsey lindsey
rob rob
daniel daniel
chase chase
george george
vikram vikram
melissa melissa
krista krista
kanika kanika
umar umar
jacob jacob
grace grace
ishaan ishaan
shah shah
wong wong
maniku maniku
sun sun
srivastava srivastava
chung chung
du du
ritter ritter
ruhi ruhi
kevin kevin
evan evan
danyal danyal
sophia sophia
subbaraj subbaraj
vilaythong vilaythong
angelis angelis
saurav saurav
singhal singhal
wu wu
krishnan krishnan
scott scott
bears bears
mack mack
cal cal
srinivasan srinivasan
zhifei zhifei
barth barth
erika erika
annie annie
xin xin
weaver weaver
tyler tyler
andrew andrew
lewke lewke
william william
nichole nichole
ohio ohio
hanlon hanlon
franco franco
soman soman
zou zou
oscar oscar
celine celine
charles charles
alvin alvin
doshi doshi
chloe chloe
sunny sunny
parham parham
brett brett
devesh devesh
wyatt wyatt
singorahardjo singorahardjo
hari hari
emily emily
greg greg
winifred winifred
ellen ellen
massachusetts massachusetts
caroline caroline
ashley ashley
berit berit
gregory gregory
rouzbahani rouzbahani
patagonia patagonia
logan logan
king king
zhou zhou
olivia olivia
ravi ravi
aanika aanika
ani ani
ahluwalia ahluwalia
lebron lebron
yip yip
kaur kaur
djajadi djajadi
amanda amanda
mittal mittal
chen chen
gobears gobears
adhikiari adhikiari
liang liang
eshaan eshaan
connor connor
maya maya
li li
