Jingzhou Lysva Malnate BurgbeiMagdeburg Shively TanahMerah Kheri LondonderryCountyBor Radnor CroixdesBouquets Sagalo CoonRapids Depok Rangae SaintMichael Payshanba Shumen elCampello Carmichael Jeypore Sarzedo Tabatinga Colachel Carouge Ronse Bejucal Jinotega FortLauderdale Ibri Chittaranjan Kabarnet Sanaa Manduria Pundong Chegem Khabarovsk Crespo Rembangan Thamaga Tottori SanJosedeOcoa Ketrzyn Ouarzazat Veenendaal Shizunaifurukawacho Entroncamento Srinagar Kirovsk KrasnoyeSelo Bejucal Gangtok BeneBeraq Khabarovsk AzZuwaytinah RioFormoso Ghugus Jingzhou
48
Sagalo Sagalo
Ghugus Ghugus
Sarzedo Sarzedo
Khabarovsk Khabarovsk
SanJosedeOcoa SanJosedeOcoa
elCampello elCampello
Chegem Chegem
Manduria Manduria
Tottori Tottori
Sanaa Sanaa JabalosSaraj
SaintMichael SaintMichael
RioFormoso RioFormoso
Ketrzyn Ketrzyn
Crespo Crespo
AzZuwaytinah AzZuwaytinah
Kirovsk Kirovsk
Thamaga Thamaga
Srinagar Srinagar
Shively Shively
Rembangan Rembangan
Ronse Ronse
LondonderryCountyBor LondonderryCountyBor
Radnor Radnor
Ouarzazat Ouarzazat
CoonRapids CoonRapids
Lysva Lysva
Entroncamento Entroncamento
Colachel Colachel
Rangae Rangae
Tabatinga Tabatinga
BeneBeraq BeneBeraq
Ibri Ibri
Gangtok Gangtok
Carouge Carouge
Shumen Shumen
Chittaranjan Chittaranjan
Jeypore Jeypore
Malnate Malnate
BurgbeiMagdeburg BurgbeiMagdeburg
Kabarnet Kabarnet
FortLauderdale FortLauderdale
Shizunaifurukawacho Shizunaifurukawacho
Veenendaal Veenendaal
Depok Depok
TanahMerah TanahMerah
Bejucal Bejucal
Kheri Ermelo Kheri
Carmichael Carmichael
