LesLilas Pozzuoli VillaPauladeSarmient GongdanglegiKulon Bury Turek Hangu Gowurdak Shurugwi Chelles Oerlinghausen Karlsfeld Butuan SantanadoLivramento Kotka SpanishTown SanJuandelaMaguana Andrychow FetestiGara AinBessem Langenhorn Haripur Battambang Embu Khulm Mabopane Rhondda Johnston Sobue Cachan Morwa Ortaca Pamulang Nagar Osan Purnia WestIslip Mauban Angleton Braila Bury PriegodeCordoba Banting GuaMusang Sosnovka Daokou Hangu Wenchi Gunzenhausen SenadorPompeu SouthSaintPaul Lloydminster BlueIsland ChalcodeDiazCovarrub Rivas Garbsen Marchena Belalcazar SenaMadureira Tabou HaciendaLaCalera Skelmersdale Geiro Zhaodong Aracuai Razam Wangon EastLongmeadow Tabou Skelmersdale Vyazniki Ontinyent Acireale Cachan AshtonunderLyne MineralnyeVody MadinatHamad BlueIsland Skelmersdale SouthSaintPaul Ibirataia Izhevsk KotRadhaKishan Pezinok Mandan AinArnat Gorgan Manacapuru Korsakov NahiyatashShinafiyah Mandan FortWorth Arzamas Shimofurano Prostejov Vaniyambadi Yafo Haora TagbilaranCity Hirosaki Kotka NoblePark Acarau Akcaabat Kambove MonteAlegre CapimGrosso Twante Itororo Shchekino Espiye Ipil Escada Sorada Baramula Fuxin Mocoa Kineshma Mondlo PortoVelho Kondrovo Kaifeng Aringay Kambove LesLilas
96
Kaifeng Kaifeng
Gorgan Gorgan
Fuxin Fuxin
Zhaodong Zhaodong
VillaPauladeSarmient VillaPauladeSarmient
PriegodeCordoba PriegodeCordoba
HaciendaLaCalera HaciendaLaCalera
Twante Twante
Ontinyent Ontinyent
Mocoa Mocoa
AshtonunderLyne AshtonunderLyne
Izhevsk Izhevsk
Wenchi Wenchi
Hirosaki Hirosaki
Gowurdak Gowurdak
Embu Embu
Espiye Espiye
AinArnat AinArnat
EastLongmeadow EastLongmeadow
Daokou Daokou
SpanishTown SpanishTown
Vaniyambadi Vaniyambadi
Johnston Johnston Kairouan
Aracuai Aracuai
MineralnyeVody MineralnyeVody
Oerlinghausen Oerlinghausen
Langenhorn Langenhorn
Sosnovka Sosnovka Shieli
Baramula Baramula
MadinatHamad MadinatHamad
WestIslip WestIslip
Acarau Acarau
GuaMusang GuaMusang
FortWorth FortWorth
Tabou Tabou
Manacapuru Manacapuru
NoblePark NoblePark
Sorada Sorada
Yafo Yafo
Ibirataia Ibirataia
MonteAlegre MonteAlegre
Khulm Khulm
Morwa Morwa
SanJuandelaMaguana SanJuandelaMaguana
Itororo Itororo
Haripur Haripur
Battambang Battambang
Arzamas Arzamas
TagbilaranCity TagbilaranCity
Bury Bury
Ortaca Ortaca
Akcaabat Akcaabat
Shurugwi Shurugwi
Turek Turek
Belalcazar Belalcazar
KotRadhaKishan KotRadhaKishan
Nagar Nagar
Purnia Anjarah
Pozzuoli Pozzuoli
Lloydminster Lloydminster
Wangon Wangon
SantanadoLivramento SantanadoLivramento
CapimGrosso CapimGrosso
SouthSaintPaul Kemise SouthSaintPaul
Vyazniki Vyazniki
Kotka Kotka
Haora Haora SaintCyrlEcole
BlueIsland BlueIsland
Kineshma Kineshma
Skelmersdale Skelmersdale
Gunzenhausen Gunzenhausen
SenaMadureira SenaMadureira
Rhondda Rhondda
PortoVelho PortoVelho
Shimofurano Shimofurano
Andrychow Andrychow
Prostejov Prostejov
AinBessem AinBessem
Mabopane Mabopane
Hangu Hangu
Kambove Kambove
Rivas Rivas
ChalcodeDiazCovarrub ChalcodeDiazCovarrub
Shchekino Shchekino
Braila Braila
Butuan Butuan
Acireale Acireale
SenadorPompeu SenadorPompeu
Korsakov Korsakov
Escada Escada
NahiyatashShinafiyah NahiyatashShinafiyah
Angleton Angleton
FetestiGara FetestiGara
Sobue Sobue
Pezinok Pezinok
Garbsen Garbsen
