Kaimganj Fagaras Pilibhit Norristown Brecht Tsirang Korolev Fandriana Tocache Gobo Albi Karasuyama Tsukawaki Yucheng Isakogorka MontecatiniTerme MilpaAlta Anahuac Novopokrovskaya Mesa EncarnaciondeDiaz Kansk PinhalNovo Racine Malaybalay Dankov Narangba GobernadorGalvez MontecatiniTerme Leixlip Kaimganj
24
Dankov Dankov
Karasuyama Karasuyama
Narangba Narangba
Tsukawaki Tsukawaki
Fagaras Fagaras
Pilibhit Pilibhit Irvine
Racine Racine
PinhalNovo PinhalNovo
Brecht Brecht
Anahuac Anahuac
Yucheng Yucheng
Korolev Korolev
EncarnaciondeDiaz EncarnaciondeDiaz
Novopokrovskaya Novopokrovskaya
Albi Albi
Tsirang Tsirang
Fandriana Fandriana
Isakogorka Isakogorka
GobernadorGalvez GobernadorGalvez
Gobo Gobo
Tocache Tocache
Leixlip Leixlip
MilpaAlta MilpaAlta
MontecatiniTerme MontecatiniTerme
