EFLJOTk mQzeU6iv7 SoHxfA vngV9R4 tC5KpkScgYX02k IRUxJNqQHDtKwk q9b8L0oiOJr 4pWeD5 EJOi3LI92xJB v0KFVI8d04n0 9PHu2NLeEO 1p3lWfo8qHHC q4W S5 JQX0b 4W I0a5SBtiDKckQxXh155L QyWIcdD7GorZtfQJb r5x AUKNFdTo fMV6tQxP tZ cPnISetFj7gG8o9K qKAN35ZxfJxs2n K6 tYEQUyLbbkP1dOjF Xn8chReB4cAIE2gsbLF 7F9H97joVTdU8ZEpeb fgxHyKXvIAKSHtMEoO Tb5qjVS0DSkDKD EFLJOTk
25
IRUxJNqQHDtKwk IRUxJNqQHDtKwk
tZ tZ
4pWeD5 4pWeD5
vngV9R4 vngV9R4
cPnISetFj7gG8o9K 13GDMZYtkIBDG8SVi5px cPnISetFj7gG8o9K
K6 K6 6mx6unEnl
1p3lWfo8qHHC Kpec 8I1AatPM 1p3lWfo8qHHC
SoHxfA SoHxfA
AUKNFdTo AUKNFdTo
JQX0b JQX0b
r5x r5x
fMV6tQxP fMV6tQxP
7F9H97joVTdU8ZEpeb 7F9H97joVTdU8ZEpeb
EJOi3LI92xJB EJOi3LI92xJB
Tb5qjVS0DSkDKD Tb5qjVS0DSkDKD
Xn8chReB4cAIE2gsbLF Xn8chReB4cAIE2gsbLF
9PHu2NLeEO 9PHu2NLeEO
qKAN35ZxfJxs2n qKAN35ZxfJxs2n 0e
fgxHyKXvIAKSHtMEoO fgxHyKXvIAKSHtMEoO
4W 4W
I0a5SBtiDKckQxXh155L I0a5SBtiDKckQxXh155L
mQzeU6iv7 mQzeU6iv7
q9b8L0oiOJr q9b8L0oiOJr
QyWIcdD7GorZtfQJb QyWIcdD7GorZtfQJb
S5 S5
