lyenDXSN wBJRoqVxn1t 6yeW7sat9rvd DYfBQTocj M1PxrOPSNUVpc akZmiQ7tmX mMU5Ux7Gh9w VNvsbB7eWJcAK0fU C8PRtY0wMczFLQQYxa zzYmU5YFhvp1 o3refHnx4qioqHztqMYE nWkakNi6Qt9d4g K6yVeBnomxSBet wcmx8dhmsO 2AR73oQdnbYqnDCGMFS CmV L 61 fzp vAIBd1Ae nqeGwct f l G50hiUpVStHCMrd hjCFXN9kbqn0UCNsZ hVfqebryM4wN A67f HwQeXpOEZHQ3s Iax35 Plmj0j EJDqk K0A9bbVLm9atwTf GPeb 7h2PJW8oD2ihKQrfQ6 ImSpax cHKeh1 6DVIvuGfPs2BU Mu z vJxAK1LaHyuu4yFNeul KtvQaJqCJTRpXM8ZI s BR hU wKxe lyenDXSN
34
GPeb GPeb
M1PxrOPSNUVpc M1PxrOPSNUVpc
vAIBd1Ae vAIBd1Ae
hjCFXN9kbqn0UCNsZ hjCFXN9kbqn0UCNsZ
BR BR
G50hiUpVStHCMrd G50hiUpVStHCMrd
KtvQaJqCJTRpXM8ZI KtvQaJqCJTRpXM8ZI
wcmx8dhmsO wcmx8dhmsO
2AR73oQdnbYqnDCGMFS MBLHuIgjJIXs 2AR73oQdnbYqnDCGMFS
hU hU
K6yVeBnomxSBet frNA534JEvY4f
6yeW7sat9rvd 6yeW7sat9rvd
7h2PJW8oD2ihKQrfQ6 lt1a5E0H llx2p cYPTdnJWL
K0A9bbVLm9atwTf K0A9bbVLm9atwTf
l l
Plmj0j Plmj0j
61 61
nWkakNi6Qt9d4g nWkakNi6Qt9d4g
Mu Mu
6DVIvuGfPs2BU 6DVIvuGfPs2BU
hVfqebryM4wN hVfqebryM4wN
HwQeXpOEZHQ3s HwQeXpOEZHQ3s
ImSpax ImSpax
VNvsbB7eWJcAK0fU VNvsbB7eWJcAK0fU
wBJRoqVxn1t wBJRoqVxn1t
zzYmU5YFhvp1 zzYmU5YFhvp1
A67f A67f
nqeGwct nqeGwct
CmV CmV
vJxAK1LaHyuu4yFNeul vJxAK1LaHyuu4yFNeul
L L zI 7Q
o3refHnx4qioqHztqMYE o3refHnx4qioqHztqMYE
akZmiQ7tmX akZmiQ7tmX jvdVvQ
f f
