0 25 173 105 5 14 163 175 148 51 42 134 10 110 121 183 39 0 6 151 70 85 168 162 97 125 48 53 57 159 62 126 107 21 65 176 71 78 76 68 114 22 59 88 191 84 0 24 30 6 169 18 2 60 37 3 102 20 171 52 38 132 0 83 103 7 1 26 104 19 3 5 2 109 185 190 1 2 172 115 188 77 1 41 72 23 174 195 0 8 182 116 17 93 3 4 3 64 187 81 119 144 4 113 66 67 146 100 96 196 56 1 43 0
92
0 40 0 86
3 3
5 5
6 6
8 8
10 10
14 14
19 19
20 20
21 21
22 22
23 23
24 24
25 25 166 55 58
26 26
30 30
37 37
38 38
39 39
41 41
42 42
43 43
48 48
51 51
52 52
53 53
56 56
57 57
59 59
60 60
62 62
64 64
65 65
66 66
67 67
68 68
70 70
71 71
72 72
76 76
77 77
78 78
81 81
83 83
84 84
85 85
88 88
93 93
96 96
97 97
100 100
102 102
103 103
104 104
105 105 35
107 107
109 109
110 110
113 113
114 114
115 115
116 116
119 119
121 121
125 125
126 126
132 132
134 134
144 144
146 146
148 148
151 151
159 159
162 162
163 163
168 168
169 169
171 171
172 172
173 32 160 173
174 174
175 175
176 176
182 182
183 183
185 185
187 187
188 188
190 190
191 191
195 195
196 196
