0 68 20 188 174 159 151 130 18 20 196 131 162 135 137 148 185 179 132 153 154 138 149 165 175 143 134 142 186 177 171 197 146 133 194 168 183 191 176 199 158 193 173 20 18 157 18 68 0
41
18 136 139 140 141 144 145 147 150 152 155 156 160 161 163 164
20 166 167 169 170 172 178 180 181 182 184 187 189 190 192 195 198
130 130
131 131
132 132
133 133
134 134
135 135
137 137
138 138
142 142
143 143
146 146
148 148
149 149
151 151
153 153
154 154
157 157
158 158
159 159
162 162
165 165
168 168
171 171
173 173
174 174
175 175
176 176
177 177
179 179
183 183
185 185
186 186
188 188
191 191
193 193
194 194
196 196
197 197
199 199
