2 179 189 45 121 119 26 33 55 19 151 99 141 76 161 199 16 68 49 65 1 147 13 28 137 113 195 146 39 95 15 44 101 61 23 51 1 147 142 143 93 31 181 165 26 145 157 79 25 149 72 81 37 153 26 165 178 175 87 124 123 67 34 89 154 155 5 47 3 43 92 71 183 115 110 116 139 17 131 27 35 63 75 57 59 109 105 99 7 196 171 41 83 21 85 25 185 154 133 163 113 135 197 164 167 107 155 154 159 187 103 38 193 177 53 121 65 140 91 11 16 9 2
91
1 1
3 3
5 5
7 7
9 9
11 11
13 13
15 15
17 17
19 19
21 21
23 23
25 25 173
27 27
31 31
33 33
35 35
37 37
38 117
39 39
41 41
43 43
44 69
45 45
47 47
49 49 73
51 51
53 53
55 55
57 57
59 59
61 61
63 63
65 65
67 67
71 71
72 125 127
75 75
79 79
81 81
83 83
85 85 111
87 87
89 89
91 91
93 93
95 95
99 99
101 101
103 103 191
105 105
107 107
109 109
113 113
115 115
119 119
121 121
123 123
131 131
133 133
135 97 135
137 137
139 139
141 141
143 143
145 145
147 147
149 149
151 151
153 153
154 129
155 155
157 157
159 159
161 29 161
163 163
165 165
167 167
171 171
175 175
177 177
179 179
181 169 181
183 183
185 185
187 77 187
189 189
193 193
195 195
197 197
199 199
