BY5DUgv6 sR6JAufL 2og9s1wD xULc5Xg4 1aJdK4y9 K3J88UDV 6nj6dyOK UfRMeyI7 mXjWiYol 8ni5D4t7 WlxPulQd JMul31yq 7IV7YjRX mjMe14fC UmgiH1K9 iT0t8noc HXMHfRTC 9IHe97Yy 87yhsuRE HEJxX3gA xZfXXUDQ JMul31yq WlxPulQd CrvusN6e lvlSObqb H8eN9fj5 8tOszPqV YLp2gziD nKZTEeUl PagRRYIg 1cr6aFpX Rv8rDvqp E85AysUp aPSEsY2w rZiSDNtK UQ4QaUHy H2BV5cDz bMSvK9eQ Rn4zxmTr Af1jBIly 2mQchaeu B0wYReom 6GJHoNdy 8e8OWOIi sR6JAufL 2og9s1wD xULc5Xg4 1aJdK4y9 K3J88UDV 6nj6dyOK gbolqDJc o1w8sSXK vVYZOPt6 kkvcm3Qd c9Hgvc9w q1vN3eei FPDwKJIj Ym8LPSnY 8KVhuJvd Ym8LPSnY FPDwKJIj q1vN3eei c9Hgvc9w kkvcm3Qd vVYZOPt6 o1w8sSXK gbolqDJc 6nj6dyOK K3J88UDV 1aJdK4y9 xULc5Xg4 2og9s1wD sR6JAufL gd207oOq hc6YxxqG QeSUIsQ1 m0ciW6Mx BY5DUgv6
38
6nj6dyOK 6nj6dyOK
UfRMeyI7 UfRMeyI7
Rv8rDvqp Rv8rDvqp
iT0t8noc iT0t8noc
sR6JAufL sR6JAufL
gd207oOq gd207oOq
UmgiH1K9 S9dNuWxm ayFODfwg NL9qZEp0 rGjz0gOd AMieum8U UmgiH1K9
aPSEsY2w aPSEsY2w
8tOszPqV 8tOszPqV
9IHe97Yy 9IHe97Yy
K3J88UDV K3J88UDV
8KVhuJvd yqX5KOVJ OpfVa1HT 0zB29H2A R4zDiMu3 xTHVuNZl tDh0gTYH ucMA0iSv
Af1jBIly Af1jBIly
WlxPulQd WlxPulQd
2mQchaeu 2mQchaeu
B0wYReom B0wYReom
CrvusN6e CrvusN6e
HEJxX3gA HEJxX3gA
QeSUIsQ1 QeSUIsQ1
xULc5Xg4 xULc5Xg4
1cr6aFpX 1cr6aFpX
mXjWiYol mXjWiYol
8ni5D4t7 g5YhtPSt 8ni5D4t7
PagRRYIg PagRRYIg
rZiSDNtK rZiSDNtK
q1vN3eei q1vN3eei
hc6YxxqG hc6YxxqG
JMul31yq JMul31yq
7IV7YjRX 7IV7YjRX
nKZTEeUl nKZTEeUl
gbolqDJc gbolqDJc
o1w8sSXK o1w8sSXK
H2BV5cDz H2BV5cDz
1aJdK4y9 1aJdK4y9
c9Hgvc9w c9Hgvc9w
8e8OWOIi 8e8OWOIi
FPDwKJIj FPDwKJIj
lvlSObqb lvlSObqb
