yqRn7pcv i4M5A6hw fsgAjhrq hC2ZPbzA XlaUIvCb mmiVeCrf o5fxSomz rJm7nPd7 mB6fiF0u LQU5lyru rKjRBwvM 7xyYvlir ne5PzSYX zcy1X765 pP15erwI 6XOrbPEm hcJG54h4 uzY67sfN lRFv66dO 2XMfF8YA Wvomb2LC cbK8BQiu Tv0Ngo2a qGX9syVq 4bzLzw2O RKTqv0lO mpBvpan0 yqRn7pcv
22
yqRn7pcv yqRn7pcv
RKTqv0lO RKTqv0lO xaYYL0Xr
rJm7nPd7 rJm7nPd7
zcy1X765 zcy1X765
Wvomb2LC Wvomb2LC
mmiVeCrf mmiVeCrf
XlaUIvCb XlaUIvCb
hC2ZPbzA hC2ZPbzA
ne5PzSYX ne5PzSYX
mB6fiF0u 5Zo9R33z mB6fiF0u
LQU5lyru LQU5lyru
hcJG54h4 hcJG54h4
fsgAjhrq fsgAjhrq 1JmiRMy2
i4M5A6hw i4M5A6hw
rKjRBwvM rKjRBwvM
lRFv66dO lRFv66dO
uzY67sfN uzY67sfN
2XMfF8YA 2XMfF8YA
Tv0Ngo2a Tv0Ngo2a
6XOrbPEm 6XOrbPEm
o5fxSomz o5fxSomz
7xyYvlir 7xyYvlir
