93 18 157 138 165 143 20 169 155 13 105 101 8 115 131 38 166 137 65 126 98 176 121 108 16 14 168 70 49 177 16 90 34 56 122 134 72 110 40 111 86 84 128 116 82 63 163 33 95 174 66 11 99 177 19 154 47 91 110 156 3 140 64 170 144 171 54 68 119 1 109 36 79 61 53 125 141 57 132 104 124 172 27 129 74 73 161 49 117 81 2 26 147 24 4 76 136 87 43 70 146 46 102 75 113 77 93
86
1 1
2 2
4 4
14 14
16 39
18 18 62 80
19 19
20 20
24 24
26 26
27 27
34 34
36 36
38 38
40 40
43 43
46 46
47 47
49 49
53 53
56 56
57 57
61 61
63 63
64 64
65 65
66 66
70 70
72 72
73 73
74 74
75 75 130
76 76
77 77
79 79
81 81
82 52 82 151
84 84
86 86
87 87
90 90
91 91
95 95
98 98
99 99
101 101
102 102
105 105
108 108
109 109
110 110
111 111
115 115
116 116
117 117
119 119
121 121
122 122
124 124
125 125
129 129
131 131
132 67
136 136
137 137
138 138
140 140
141 141
143 143
146 146
147 147
154 154
155 155
156 51
157 157
161 161
163 163
165 165
168 168
169 169
170 170
171 171
172 172
174 174
176 176
177 177
