Dannemora Hamburg Fleischmanns Fonda Freeport Oceanside Gasport Falconer Gardiner Friendship Harrison Delevan Galeville Fishkill Olcott Delhi Frewsburg Dunkirk Noyack Deferiet Fishers Forest Norwich Franklinville Dansville Delevan Harrison Herricks Depew Geneva Fairport Granville Deer Delanson Nyack Fulton Dexter Germantown Delmar Frankfort DeRuyter Fairmount Dexter Hewlett Harbor Fredonia Depauville Northville Flower Herricks Deposit Earlville Firthcliffe Highland Farmingville Florida Farnham Freeville Delhi Franklin Haviland Glenwood Fabius Mills Fishkill Davis Forestville Freeport Ghent Downey Odessa Flanders Goshen Fire Dannemora
50
Davis Davis
Dansville Dansville
Deer Deer
Deferiet Deferiet
Delanson Delanson
Delevan Delevan
Delhi Delhi
Delmar Delmar
Depauville Depauville
Depew Depew
Deposit Deposit
DeRuyter DeRuyter
Dexter Dexter
Dunkirk Dunkirk
Earlville Earlville
Fabius Fabius
Fairmount Fairmount
Fairport Fairport
Falconer Falconer
Farmingville Farmingville
Farnham Farnham
Fire Fire
Firthcliffe Firthcliffe
Fishers Fishers
Fishkill Fishkill
Flanders Flanders
Fleischmanns Fleischmanns
Florida Florida
Flower Flower
Fonda Fonda
Forest Forest
Forestville Forestville
Frankfort Frankfort
Franklin Franklin
Franklinville Franklinville
Fredonia Fredonia
Freeport Freeport
Freeville Freeville
Frewsburg Frewsburg
Friendship Friendship
Fulton Fulton
Galeville Galeville
Gardiner Gardiner
Gasport Gasport
Geneva Geneva
Germantown Germantown
Ghent Ghent
Harbor Fayetteville
Hewlett Fairview
Oceanside Fair
