Acton Carlsbad Alpaugh Benicia Beaumont Copperopolis Bakersfield Canyondam Encinitas Armona Berkeley Auburn Ceres Bloomington Ducor Burlingame Alhambra Belden Arcata Corning Bell Cerritos Downey Blairsden Calexico Anderson Caribou Folsom Antioch Atascadero Farmersville Carpinteria Columbia Alpine Fontana Castroville August Forestville Byron Fruitdale Escondido Albany Bayview Angwin Atascadero Farmersville Almanor Brawley Biggs Fallbrook Carson Bishop Fruitdale Byron Fellows Bradbury Adelanto Colusa Dinuba Banning Fresno August Cotati Bodfish Cartago Covelo Caruthers Freedom Carmichael Duarte Burney Chino Bootjack Florin Friant Bolinas Bellflower Carlsbad Alpaugh Escalon Alpaugh Bell Artesia Fallbrook Bonita Belvedere Arcadia Calwa Fortuna Avenal Chowchilla Avery Capitola Bradley Arnold Campbell Coachella Calabasas Brentwood Biola Arbuckle Cartago Covelo Foresthill Covelo Cartago Bluewater Cerritos Aptos Bystrom Anaheim Brisbane Belmont Cambria Clearlake Cobb Barstow Capitola Azusa Crest Berkeley Alameda Carrick Concow Eureka Brawley Columbia Cupertino Auberry Corona Dunsmuir Calimesa Davis Aromas Bystrom Anaheim Calistoga Beckwourth Boronda Buttonwillow Bowles Compton Acton
90
Adelanto Adelanto
Alameda Alameda
Albany Albany
Alhambra Alhambra
Almanor Almanor
Alpaugh Alpaugh
Alpine Alpine
Anaheim Anaheim
Anderson Anderson
Angwin Angwin
Antioch Antioch
Aptos Aptos
Arbuckle Arbuckle Blythe
Arcadia Arcadia Burbank Camarillo
Arcata Arcata
Armona Armona
Arnold Arnold
Aromas Aromas
Artesia Artesia
Atascadero Atascadero Bonsall
Auberry Auberry
Auburn Auburn
August August
Avenal Avenal
Avery Avery
Azusa Azusa
Bakersfield Bakersfield
Banning Alamo Banning
Barstow Barstow
Bayview Bayview
Beaumont Beaumont
Beckwourth Beckwourth
Belden Belden
Bell Bell
Bellflower Bellflower
Belmont Belmont
Belvedere Belvedere
Benicia Benicia
Berkeley Berkeley
Biggs Biggs
Biola Biola
Bishop Arvin Bishop Brea
Blairsden Atherton Blairsden
Bloomington Bloomington
Bluewater Bluewater
Bodfish Bodfish
Bolinas Bolinas
Bonita Bonita
Bootjack Bootjack
Boronda Boronda
Bowles Bowles
Bradbury Bradbury
Bradley Bradley
Brawley Brawley
Brentwood Brentwood
Brisbane Brisbane
Burlingame Burlingame
Burney Burney
Buttonwillow Buttonwillow
Byron Byron
Bystrom Bystrom
Calabasas Calabasas
Calexico Calexico
Calimesa Calimesa
Calistoga Calistoga
Calwa Calwa
Cambria Cambria Cayucos
Campbell Campbell
Canyondam Canyondam
Capitola Capitola
Caribou Caribou
Carlsbad Carlsbad
Carmichael Carmichael
Carpinteria Carpinteria
Carrick Carrick
Carson Carson
Cartago Cartago
Caruthers Caruthers
Castroville Castroville
Ceres Ceres
Cerritos Broadmoor Cerritos
Clearlake Ashland
Coachella Amesti
Cobb Cabazon
Columbia Avalon
Cotati Boron
Escalon Calipatria
Escondido Atwater
Florin Alturas
Foresthill Altadena
