Acadia Tortugas Bend Voyageurs Smoky Lassen Isle Shenandoah Haleakala Indiana Redwood Teton Gateway Channel Cuyahoga Biscayne Acadia Guadalupe Sequoia Arches Olympic Crater Badlands Clark Canyonlands Brycecanyon Glacier Gunnison Katmai Everglades Congaree Caverns Rocky Biscayne Acadia
24
Acadia Capitol
Arches Arches
Badlands Badlands
Bend Bend
Biscayne Biscayne
Gunnison Gunnison Basin
Brycecanyon Brycecanyon
Canyonlands Canyonlands
Caverns Caverns
Channel Channel
Congaree Congaree
Crater Crater
Cuyahoga Cuyahoga
Tortugas Tortugas
Everglades Everglades
Gateway Gateway
Glacier Glacier
Teton Teton
Smoky Smoky
Guadalupe Guadalupe
Haleakala Haleakala
Indiana Indiana
Isle Isle
Katmai Denali
