6 5 6 13 20 27 34 33 34 27 20 13 6 4 6 195 6 13 20 27 34 41 48 55 62 69 68 69 67 69 62 55 48 46 48 41 40 41 34 27 20 27 34 41 48 55 62 69 76 83 82 83 81 83 90 89 90 97 104 111 118 125 132 139 138 139 146 153 160 167 160 158 160 167 174 181 180 181 174 167 160 153 146 139 137 139 146 153 160 167 174 181 188 187 188 186 188 195 6
42
4 1
5 2
6 6
13 10 12 11
20 19 17 18
27 27 25 22
33 31 30
34 32
40 38
41 41 39
46 43
48 44 47
55 50 51 53
62 61 60 62
67 64
68 65
69 69
76 76 74 75
81 77
82 80
83 83
89 87
90 90 88
97 96 91 94
104 101 100 103
111 110 106 105
118 116 115 112
125 124 120 122
132 128 129 126
137 134 133
138 136
146 140 145 142
153 150 148 149
158 155 154
160 160
167 165 166 161
174 174 172 169
180 177
181 179 181
186 182 186
187 184
195 194 189 190
