0 20 12 3 4 5 6 15 26 43 33 13 3 24 17 8 19 28 36 56 107 114 123 143 132 124 104 105 85 94 115 89 119 95 85 84 75 52 51 80 91 111 121 150 160 180 192 193 173 184 185 196 188 168 158 159 178 167 158 156 147 137 135 155 164 174 175 185 172 171 151 112 92 82 73 64 55 57 66 46 45 54 63 40 30 22 11 0
78
3 3
4 4
6 6
8 8
11 11
12 12
13 13
15 15
17 17 27
19 19
20 20
22 22
24 24
26 26
28 28
30 30 31
33 33
36 36
40 40
43 43
45 35 45
46 46
51 51
52 52 62
54 54
55 55
56 56 58
57 47 57
63 63
64 64
66 66 76 77
73 73
75 75
80 80 90
82 82
84 84
85 85
89 89
91 91
92 92
94 94
95 95
104 104
105 105
107 87 107
111 111
112 112
114 114
115 115
119 119 139
123 123
124 124
132 132
135 126 135
137 137 138
143 143
147 147
150 150
151 151 161
155 155
156 156
158 148 158
159 149 159
167 157 167
168 168
171 171
172 162 172
173 173
174 174
175 175
178 178
180 180
184 184
185 185
188 188
192 192
193 193
196 186 196
