Loc2 Loc43 Loc31 Loc56 Loc21 Loc24 Loc1 Loc57 Loc60 Loc83 Loc35 Loc79 Loc26 Loc33 Loc46 Loc37 Loc8 Loc93 Loc73 Loc63 Loc52 Loc81 Loc40 Loc96 Loc14 Loc12 Loc6 Loc44 Loc53 Loc12 Loc4 Loc18 Loc80 Loc97 Loc90 Loc70 Loc74 Loc42 Loc41 Loc89 Loc82 Loc2
32
Loc1 Loc1
Loc4 Loc4
Loc6 Loc6
Loc8 Loc8 Loc64
Loc12 Loc3 Loc32 Loc45
Loc14 Loc14
Loc18 Loc10
Loc21 Loc7 Loc0 Loc48
Loc24 Loc24
Loc26 Loc26
Loc31 Loc13 Loc27
Loc33 Loc28
Loc35 Loc17 Loc35
Loc37 Loc22 Loc71
Loc40 Loc40
Loc41 Loc41
Loc43 Loc43
Loc44 Loc9 Loc11 Loc19 Loc66
Loc46 Loc46
Loc52 Loc52
Loc53 Loc53
Loc56 Loc56
Loc57 Loc58 Loc92
Loc60 Loc60
Loc70 Loc54 Loc67
Loc73 Loc73
Loc74 Loc74
Loc80 Loc80
Loc82 Loc82
Loc83 Loc15 Loc34 Loc75 Loc86 Loc91
Loc90 Loc16 Loc90
Loc93 Loc77
