Loc1 Loc30 Loc172 Loc162 Loc37 Loc165 Loc170 Loc112 Loc160 Loc139 Loc182 Loc187 Loc14 Loc199 Loc76 Loc2 Loc103 Loc142 Loc107 Loc10 Loc143 Loc63 Loc57 Loc108 Loc9 Loc162 Loc154 Loc12 Loc3 Loc22 Loc53 Loc183 Loc150 Loc8 Loc26 Loc33 Loc146 Loc175 Loc113 Loc77 Loc125 Loc190 Loc138 Loc51 Loc69 Loc124 Loc41 Loc94 Loc194 Loc91 Loc128 Loc111 Loc166 Loc75 Loc98 Loc50 Loc158 Loc132 Loc4 Loc133 Loc164 Loc11 Loc126 Loc60 Loc101 Loc46 Loc72 Loc189 Loc157 Loc38 Loc88 Loc7 Loc131 Loc99 Loc45 Loc62 Loc45 Loc177 Loc165 Loc188 Loc70 Loc23 Loc95 Loc70 Loc106 Loc136 Loc147 Loc178 Loc129 Loc58 Loc197 Loc44 Loc43 Loc122 Loc186 Loc96 Loc86 Loc27 Loc178 Loc65 Loc28 Loc176 Loc47 Loc168 Loc89 Loc17 Loc42 Loc13 Loc42 Loc16 Loc1
81
Loc1 Loc100
Loc3 Loc3
Loc4 Loc171
Loc7 Loc7
Loc8 Loc8
Loc9 Loc9
Loc10 Loc67 Loc137
Loc11 Loc11
Loc12 Loc5 Loc15
Loc13 Loc13
Loc14 Loc14
Loc16 Loc16
Loc17 Loc17
Loc23 Loc23
Loc26 Loc6 Loc145
Loc27 Loc27
Loc30 Loc30
Loc33 Loc33
Loc37 Loc37
Loc38 Loc38
Loc42 Loc71
Loc44 Loc44
Loc45 Loc167
Loc46 Loc46
Loc47 Loc31 Loc61 Loc83 Loc163
Loc50 Loc50
Loc51 Loc51 Loc109
Loc53 Loc53
Loc57 Loc57
Loc58 Loc149
Loc60 Loc60 Loc118 Loc159
Loc62 Loc62
Loc65 Loc65
Loc69 Loc0
Loc70 Loc32
Loc75 Loc75
Loc76 Loc76
Loc77 Loc77
Loc88 Loc18
Loc91 Loc91
Loc94 Loc94
Loc95 Loc95
Loc96 Loc96
Loc98 Loc85
Loc99 Loc99
Loc101 Loc101
Loc103 Loc103
Loc106 Loc106
Loc107 Loc107
Loc111 Loc111
Loc113 Loc74 Loc151 Loc59 Loc123
Loc122 Loc122
Loc124 Loc124
Loc126 Loc141
Loc128 Loc128
Loc129 Loc129
Loc132 Loc132
Loc133 Loc133
Loc142 Loc39 Loc52
Loc143 Loc143
Loc146 Loc25 Loc97
Loc147 Loc147
Loc150 Loc153
Loc154 Loc154
Loc157 Loc192
Loc158 Loc20 Loc140
Loc160 Loc160
Loc162 Loc54 Loc144
Loc165 Loc19 Loc110 Loc180 Loc195
Loc168 Loc168
Loc170 Loc170
Loc172 Loc172
Loc175 Loc175
Loc176 Loc176
Loc177 Loc177
Loc182 Loc182
Loc183 Loc183
Loc188 Loc188
Loc189 Loc189
Loc190 Loc190
Loc197 Loc197
