pace honor deposit paper understand figure banana king guarantee dialogue prison solve tolerate forge vegetarian linger dough enhance thumb output autonomy enter mystery gate approval other swear tablet cigarette demand page fortune imposter throne quality straighten romantic sign injury disclose skeleton likely dialogue tool glasses judicial class pain demand joint dip nationalist shy title sunrise seize due guarantee buffet mature headline rob bitter respect financial voice pace
46
likely likely
prison prison
title title
king king
quality quality
injury injury
paper paper
output circulation output
page lake page
voice voice
honor honor
enter enter
throne throne
guarantee guarantee
tablet tablet
forge winner
thumb thumb
headline headline
dough dough
other other
nationalist nationalist
cigarette cigarette
buffet buffet
mystery mystery
autonomy autonomy
tolerate tolerate
sign legislation sign
financial financial
class class exclusive
glasses glasses
tool tool
sunrise sunrise
linger linger
rob rob
bitter bitter
seize seize
figure figure
shy shy
dip dip
imposter imposter
demand demand
enhance enhance
swear swear
vegetarian vegetarian
pain pain
mature brake
