pace market vegetarian linger deter identity coincide dive view profound gallon injection desk enemy ask quadruple other likely comfortable honor sign bleed pier approval circulation stress enemy illusion tool railcar attraction exclusive dip excuse rob demand address tablet imposter pound attraction guarantee joystick swop nationalist page mature native blonde pipe joystick swop liver ignore shiver structure output joint mixture chair respect throne boom quality autonomy paper profound brake bowel joystick guarantee job viable paper cotton lifestyle election buffet exempt development confrontation forge terminal title due ignore decisive greeting begin lake write lake thirsty dough physics note deter terms hospitality teacher ex beg control enemy desk development exempt buffet election lifestyle coast swear rent approval pier bleed pier interactive error widen banana driver mystery title prospect triple country knot skeleton profound virgin winner assignment expression tolerate injury flag home dialogue rage bitter coffin attraction guarantee pardon notebook fortune financial mercy mixture pace
91
pace pace
likely likely
excuse excuse
skeleton skeleton
injury injury
output output
due due
page page
view drawer
profound profound
throne throne
guarantee guarantee
physics physics
exempt exempt
tablet tablet
injection injection
market market
forge forge
dough dough
exclusive exclusive
other other
assignment assignment
pier pig
brake scheme
nationalist acceptance
buffet buffet
autonomy autonomy
respect respect
financial financial
interactive interactive
tool tool
dialogue candle
rob rob
dip dip
imposter imposter
demand feature
swear swear
vegetarian exile
shiver shiver
coast coast
stress stress
mature mature
chair chair
rent atmosphere rent
boom boom
rage rage
comfortable comfortable
structure structure
decisive decisive
dive dive
attraction attraction
ask ask
pardon pardon
knot knot
coincide coincide
ignore audience ignore
teacher teacher
widen widen
terms thumb
election election
country country
note note
liver liver
home home
development development
cotton cotton
error error
mercy mercy
virgin virgin
confrontation confrontation
bleed environment curriculum smile headline offset interface
control control
railcar railcar
begin begin
identity identity straighten
greeting greeting
desk spoil
viable viable
lifestyle lifestyle
enemy enemy
swop swop electronics
driver driver
deter deter
pipe pipe
coffin coffin
native native
flag flag
bowel bowel
illusion illusion
triple triple
quadruple quadruple
