pace nationalist brake opposed thumb guarantee page king approval prison honor environment write voice due excuse gate audience headline circulation likely market mixture injury skeleton deposit enter thumb exempt understand output exclusive throne exclusive pace
24
likely likely
excuse excuse
skeleton skeleton
king king
mixture mixture
injury injury
output output
circulation circulation
page page
audience audience
voice voice
deposit deposit
honor honor
enter enter
throne throne
guarantee guarantee
gate gate
exempt exempt
market market
opposed opposed
headline headline
brake brake
nationalist feature nationalist
approval approval
