9iIwk 6EWVx jT5CK HOs1b QVYVG RhUVQ aHGHb WGJpQ vE0Pj knY3U 1uRw3 QVYVG Ew56P jYfXn MA43U ZzWHp Mj2eQ 1xmtC qkJ6b jT5CK 6EWVx 9iIwk 5R5Xa rrNj1 Esl6u fS0W8 k64Ok fS0W8 Esl6u rrNj1 0mah3 ChXAd 1eRkH h2rea 9iIwk
21
Ew56P SgDk6
Mj2eQ Mj2eQ
ZzWHp iEXNY ZzWHp
1xmtC XYzcU 1xmtC
qkJ6b qkJ6b
jYfXn jYfXn
jT5CK jT5CK 5BDPJ
5R5Xa 5R5Xa
QVYVG LZomt 7G74f
9iIwk jASvw 0GdkR oqPYQ 9iIwk
1uRw3 5VT1H bXinH Y7IDR AgYPL 1uRw3 YH6mk Ri2t4 XZKtP 5ioW1 tnjfN dw7aX Be0ab 1pxZM y89SK 4a0W8
h2rea h2rea
RhUVQ RhUVQ
knY3U jAwQw
fS0W8 fS0W8 p9vQm
k64Ok veOJ7 JgjFI pXCjI BnAjj Vake4 iCgvV ZgtaX
vE0Pj vE0Pj
ChXAd ChXAd
aHGHb kmzhT aHGHb
1eRkH 1eRkH
WGJpQ WGJpQ
