HAZtD 6gp0A kPB79 UqGfS iqOI4 mJExt p3gJd 9cp56 sU69u RWE9G 0FMEI tgL8p DmTRc gNinx GrnJ7 rmW0U CHx6u bMhFI SfSL1 RkCLD xKTIz E6pda e7SjH o2JtM H1xt8 GaZ4O Q8lcd iPRoT 8Qx0C qz2Of 7kY28 Xqwfz jyRQW zcuSA 4PSW9 0F8yg 9cp56 p3gJd XbFfE O8CwF aegld C4biR 93R2m 4AhmX jesVt 15wtn p3gJd cC0Rg u60s4 jyRQW Xqwfz 7kY28 IOpdQ BaYb3 SxklZ 0moVI HAKlt 6sv9O iPRoT Vg6Sz 4jcrD DmTRc tgL8p 0FMEI RWE9G sU69u 9cp56 p3gJd XbFfE aWuHk 3NU9e RN9nS bW6Ms vfAR8 X2hjX GxQg8 lJnz7 1gvq4 rH3nx p3gJd 9cp56 sU69u RWE9G 0FMEI tgL8p DmTRc v9joy GrnJ7 iIQll Vg6Sz iPRoT 6sv9O HAKlt iimZq 6owsT OWqP4 fiXIW URrao 7kY28 Xqwfz jyRQW u60s4 gpbSj cC0Rg p3gJd 15wtn 69WZh Q5zY0 kvy7i Ia6ul eVDVP b9v0q SEkfX v7hOX fExZu wVSYr WVEjT Agb0E b9v0q 69WZh Q5zY0 v0WXM iHR3J ZKvNM SE1WY fWz4T EgumV UQeyk kjZGl kNG2j AwFdf 2zHfe AwFdf cpzS8 p3gJd aWuHk vfAR8 EyMEe z82fM F7CZj J0OP0 Cg1yP wnnBN 4Eg1F HAZtD
75
zcuSA zcuSA
fiXIW fiXIW
93R2m cu5FB
H1xt8 H1xt8
SEkfX SEkfX
0F8yg 0F8yg
Xqwfz pLg86
GxQg8 GxQg8
4AhmX 4AhmX
URrao URrao
8Qx0C 8Qx0C
aegld aegld
7kY28 7kY28
jesVt jesVt
E6pda E6pda
kPB79 4Tt2a 4PXv9
GrnJ7 UbqWX iaaYU
69WZh zrVPv mdIe6 wedr3 69WZh
wnnBN wnnBN
v9joy v9joy
gNinx gNinx
15wtn ox9Gx
IOpdQ IOpdQ
rmW0U HOuAL 9tf0w
CHx6u CHx6u
lJnz7 lJnz7
BaYb3 Zok18 1VA1I BaYb3
eVDVP eVDVP
e7SjH DuU0x 2LhKB BIY9X
1gvq4 1gvq4
Ia6ul Ia6ul
3NU9e 5h4rt Lusir ED9em
sU69u 5EAEu
bMhFI bMhFI lF8gH
iIQll p4kTx iIQll
rH3nx rH3nx
Vg6Sz Vg6Sz
u60s4 Zxvdf u60s4
aWuHk aWuHk
RN9nS RN9nS
O8CwF O8CwF TlJnt
OWqP4 OWqP4
iqOI4 iqOI4
p3gJd uPUO1 DaieK p3gJd
gpbSj gpbSj
SxklZ SxklZ VESmp
X2hjX X2hjX
v7hOX v7hOX
cpzS8 acHTt cpzS8
RWE9G 2GCiD
v0WXM R6NzB
Q8lcd Q8lcd
Cg1yP Cg1yP
fExZu fExZu
cC0Rg cC0Rg
6owsT 6owsT
AwFdf AwFdf
J0OP0 J0OP0 iKwe0
DmTRc DmTRc
xKTIz xKTIz
iHR3J iHR3J
bW6Ms bW6Ms
UqGfS UqGfS NqBQW Ssao4
iimZq iimZq
vfAR8 vfAR8
z82fM z82fM
Agb0E VG4na Agb0E
EgumV EgumV
0moVI 0moVI
HAKlt Pk19A HAKlt
kNG2j kNG2j
fWz4T fWz4T
4jcrD 4jcrD
ZKvNM TzGS5
WVEjT WVEjT
