1 98 136 1 86 38 121 197 116 85 153 115 55 27 6 199 19 193 97 132 16 105 91 1 174 7 36 53 3 64 161 42 33 99 194 137 46 175 71 104 190 43 14 44 156 18 67 84 28 66 26 88 102 12 103 138 128 140 70 96 86 49 196 130 31 51 6 127 138 13 135 95 189 58 136 159 4 163 60 176 110 26 78 113 15 29 83 158 60 114 185 50 82 141 64 92 93 16 93 7 14 43 165 23 22 52 105 119 31 92 131 57 65 142 147 13 53 46 137 80 108 12 10 129 42 51 157 56 134 186 43 152 55 5 101 66 1
75
3 3
7 7
12 12
13 13
14 14
15 15
18 18
23 23
26 26
31 31
36 36
42 42
43 43
46 46
49 49
51 51
52 52
53 53
56 56
57 57
58 58
60 60
64 64
66 66
71 71
78 78
82 82
83 83
84 84
86 162 86
88 88
91 91
92 92
93 93
95 95
96 96
97 89
98 98
99 99
101 101
103 103
105 105
108 108
110 110
115 115 182
116 116
119 119
121 90 121
127 127
128 128
129 129
130 130
132 132
136 136
137 137
138 138
140 140
142 142
147 147
152 152
153 153
156 156
157 157
159 159
161 161
163 163
174 174
175 175
176 176
185 185
186 186
190 190
193 193
194 194
199 199
