location46 location61 location46 location45 location44 location43 location38 location14 location8 location9 location15 location21 location35 location37 location42 location50 location58 location66 location67 location68 location69 location70 location73 location72 location74 location75 location76 location81 location80 location79 location78 location56 location55 location54 location53 location52 location51 location50 location28 location29 location25 location18 location19 location26 location19 location13 location12 location11 location5 location6 location12 location18 location17 location16 location23 location24 location28 location50 location49 location48 location47 location46 location45 location46 location41 location46
32
location5 location3 location4 location5
location6 location6
location11 location10 location11
location13 location7 location13
location14 location14
location15 location15
location17 location17
location18 location18
location23 location22
location24 location24
location25 location25
location26 location26
location29 location29 location30 location33
location37 location37
location38 location38
location41 location41
location44 location39
location45 location40
location48 location48
location49 location49
location51 location57
location55 location55
location61 location62 location63 location64
location66 location87 location88 location89 location90
location70 location70
location72 location72
location73 location73
location74 location74
location76 location77
location78 location78
location79 location79
location80 location80
