location1 location101 location104 location107 location110 location113 location116 location16 location15 location18 location21 location24 location27 location26 location3 location10 location108 location105 location102 location101 location1 location2 location5 location8 location11 location50 location47 location45 location48 location51 location54 location160 location163 location166 location15 location16 location19 location51 location82 location83 location55 location54 location160 location159 location156 location68 location67 location125 location124 location127 location130 location133 location136 location139 location138 location141 location144 location71 location74 location77 location78 location81 location14 location11 location8 location11 location50 location49 location46 location43 location73 location118 location121 location124 location31 location34 location7 location8 location62 location8 location7 location10 location108 location111 location112 location40 location43 location73 location74 location37 location40 location112 location109 location108 location10 location9 location12 location15 location166 location163 location164 location165 location162 location161 location160 location54 location51 location48 location51 location177 location174 location171 location172 location175 location172 location169 location71 location68 location65 location62 location61 location58 location102 location58 location55 location116 location113 location112 location40 location41 location38 location35 location34 location7 location4 location3 location26 location25 location28 location50 location49 location133 location136 location139 location142 location145 location148 location34 location33 location60 location57 location54 location51 location28 location50 location49 location133 location134 location137 location20 location17 location86 location85 location82 location79 location58 location59 location62 location65 location68 location156 location68 location67 location70 location73 location118 location115 location114 location117 location116 location16 location17 location86 location17 location20 location137 location140 location143 location144 location147 location148 location34 location7 location4 location1
81
location1 location1 location179
location3 location3
location5 location5
location7 location7
location9 location9
location11 location11
location15 location15
location16 location13
location17 location17
location19 location19
location21 location21
location24 location23
location25 location25
location26 location29
location27 location27
location31 location31
location33 location33
location35 location35
location37 location37
location40 location39
location41 location41
location43 location43
location45 location45
location47 location47
location49 location49 location151
location50 location53
location51 location51
location55 location55
location57 location57
location59 location59
location61 location61
location65 location65
location67 location67
location68 location69
location71 location71
location73 location73
location74 location75
location77 location77
location78 location63
location79 location79
location81 location81
location83 location83
location85 location85 location91
location86 location89
location101 location95 location97 location101
location102 location93 location99
location104 location103
location105 location105
location107 location107
location109 location109
location111 location111
location113 location113
location115 location115
location116 location119
location117 location117
location121 location121
location124 location123
location125 location125
location127 location127
location130 location129 location131
location133 location133
location136 location135
location137 location137
location139 location139
location141 location141
location143 location143
location145 location145
location147 location147
location148 location149
location156 location153 location155
location159 location159
location160 location157
location161 location161
location163 location163
location165 location165
location166 location167
location169 location169
location171 location87 location171
location174 location173
location175 location175
location177 location177
