Abbey Ruth Tanya Rebecca Matilda Kayley Rayna Nora Kimberly Harley Beatrice Jamiya Avni Isabella Tara Jordin Ayanna Lisa Shannon Eden Karma Helen Lilia Lillie Mckinley Mira Vivian Sophia Alexia Marisol Lana Yoselin Presley Dana Kristina Haven Riley Carlee Maeve Kiera Liberty Abbey
40
Alexia Alexia
Avni Avni
Ayanna Ayanna
Beatrice Beatrice
Carlee Carlee
Dana Dana
Eden Eden
Harley Harley
Haven Haven
Helen Helen
Isabella Isabella
Jamiya Jamiya
Jordin Jordin
Karma Karma
Kayley Kayley
Kiera Kiera
Kimberly Kimberly
Kristina Kristina
Lana Lana
Liberty Liberty
Lilia Lilia
Lillie Lillie
Lisa Lisa
Maeve Maeve
Marisol Marisol
Matilda Matilda
Mckinley Mckinley
Mira Mira
Nora Nora
Presley Presley
Rayna Rayna
Rebecca Rebecca
Riley Riley
Ruth Ruth
Shannon Shannon
Sophia Sophia
Tanya Tanya
Tara Tara
Vivian Vivian
Yoselin Yoselin
