Abbey Carly Carlee Zion Brooklyn Sophie Carleigh Camilla Gillian Avni Kiana Madilynn Zara Jimena Shyanne Janiya Jaden Tara Laylah Rylee Natalee Aubree Mckayla Lacey Jade Nia Maggie Alexus Jazmyn Leila Arielle Lilyana Elianna Taniyah Keyla Imani Baylee Alia Jillian Claire Lindsay Kristina Riley Kenzie Parker Juliette Diana Mira Haven Denisse Myah Alivia Neveah Lucille Ariel Mireya Christine Sophia Kristin Bryanna Iyana Carlie Kiley Matilda Sharon Emilie Emma Kimberly Chasity Dayami Dana Kaydence Kira Zaria Ciara Mya Kayden Melina Lainey Lilia Alexia Kaley Aniya Aryana Jamiya Jasmin Noelle Ingrid Mckinley Ashley Abbey
90
Abbey Abbey
Alexia Alexia
Alexus Alexus
Alia Alia
Alivia Alivia
Aniya Aniya
Ariel Ariel
Arielle Arielle
Aryana Aryana
Ashley Ashley
Aubree Aubree
Avni Avni
Baylee Baylee
Brooklyn Brooklyn
Bryanna Bryanna
Camilla Camilla
Carlee Carlee
Carleigh Carleigh
Carlie Carlie
Carly Carly
Chasity Chasity
Christine Christine
Ciara Ciara
Claire Claire
Dana Dana
Dayami Dayami
Denisse Denisse
Diana Diana
Elianna Elianna
Emilie Emilie
Emma Emma
Gillian Gillian
Haven Haven
Imani Imani
Ingrid Ingrid
Iyana Iyana
Jade Jade
Jaden Jaden
Jamiya Jamiya
Janiya Janiya
Jasmin Jasmin
Jazmyn Jazmyn
Jillian Jillian
Jimena Jimena
Juliette Juliette
Kaley Kaley
Kayden Kayden
Kaydence Kaydence
Kenzie Kenzie
Keyla Keyla
Kiana Kiana
Kiley Kiley
Kimberly Kimberly
Kira Kira
Kristin Kristin
Kristina Kristina
Lacey Lacey
Lainey Lainey
Laylah Laylah
Leila Leila
Lilia Lilia
Lilyana Lilyana
Lindsay Lindsay
Lucille Lucille
Madilynn Madilynn
Maggie Maggie
Matilda Matilda
Mckayla Mckayla
Mckinley Mckinley
Melina Melina
Mira Mira
Mireya Mireya
Mya Mya
Myah Myah
Natalee Natalee
Neveah Neveah
Nia Nia
Noelle Noelle
Parker Parker
Riley Riley
Rylee Rylee
Sharon Sharon
Shyanne Shyanne
Sophia Sophia
Sophie Sophie
Taniyah Taniyah
Tara Tara
Zara Zara
Zaria Zaria
Zion Zion
