Taozhuang Chharra Ramla Sarandi Southsea Freetown Ulu Rutherglen Nonsan Villa Cibinong Artur Bang Waverly Memmingen New Uran Jinotepe Alatyr Azrou Hechingen Boo Jackson Rosedale Camayenne Chharra Caravaca Donggongon Somma Kallio Strathfield Bourbonnais Esmeraldas Aytos Gudermes Esperanza Tupelo Gauting Vernon Besuki Middle Bhit Jhol Uran Fort Oulmes Southsea Ilesa Chharra Taozhuang
45
Uran Jingzhou Pottstown Uran
Bhit Durazno Longgang
Vernon Severodvinsk
Southsea Calauan
Chharra Wesseling Sicklerville
Artur Artur
Boo Boo
Rutherglen Rutherglen
Villa Villa Rafiganj
Somma Somma
Tupelo Tupelo
Strathfield Strathfield
Memmingen Memmingen
Esmeraldas Esmeraldas
Gudermes Gudermes
Bang Bang
Azrou Azrou
Kallio Kallio
Ramla Ramla
Sarandi Sarandi
Taozhuang Taozhuang
Fort Fort
Oulmes Oulmes
Cibinong Cibinong
Caravaca Caravaca
Donggongon Donggongon
Alatyr Alatyr
Jinotepe Jinotepe
Rosedale Rosedale
Camayenne Camayenne
Jackson Jackson
Esperanza Esperanza
New New
Gauting Gauting
Ulu Ulu
Freetown Freetown
Waverly Waverly
Nonsan Nonsan
Aytos Aytos
Hechingen Hechingen
Ilesa Ilesa
Bourbonnais Bourbonnais
Jhol Udumalaippettai
Middle Middle
Besuki Besuki
