Ilesa Valday Portogruaro Azrou Oulmes Mexborough Marburg Lille Bensheim Clermont Perth Tak Talipparamba Alexandria Milagro Rhosllanerchrugog Calauan Tharu Aistala Tupiza DehiwalaMount Ventimiglia Taebaek Sorsogon Oberhausen Palm Memmingen WaltonontheNaze Minas Palafrugell Viewpark Oschatz Yingkou Ramla Bensheim Zaozhuang Rutland Stuttgart Liberia Sceaux Valletta Itacoatiara Sirsi Calauan LonsleSaunier GernikaLumo Aistala Bon Landshut Uran Alfenas Aleshtar Hermsdorf UlanUde Perth Belper Guli MitryMory Bogovinje Mouscron Jagna Aurora Liberia PointeClaire Zeist Brunswick Jiangyan Davis American Malden Ada Krymsk Bavly Gariadhar Bensheim An Bobigny Copperas Bensheim Kyzylorda Brzeg Perth Lodwar Polohy Magomeni Jashpurnagar Belper Puerto Onex Tiruppuvanam Krymsk Great Resplendor Bensheim Bang Shagamu Perth Toledo Meizhou Belper Skalica Calauan Sillanwali Sishui Barracas Puducherry Tupelo Milledgeville Stupino Villaquilambre Perth Shaowu Chacabuco Zeist Aklera Foshan Ilesa
94
Bensheim Bensheim Campobasso
Perth Perth Niort
MitryMory Claremont MitryMory Ponta
Hermsdorf Hermsdorf
Minas New Dahlem
Aistala PortVila
Calauan Calauan
Liberia Paredes
Ventimiglia Ventimiglia
Valday Valday
Uran Uran
Malden Malden
Milledgeville Milledgeville
Jagna Jagna
Marburg Marburg
Polohy Polohy
Foshan Foshan
Puducherry Puducherry
Sishui Sishui
Memmingen Memmingen
Davis Davis
Alexandria Alexandria
Meizhou Meizhou
Rhosllanerchrugog Rhosllanerchrugog
Azrou Azrou
Lille Lille
Oulmes Oulmes
Tiruppuvanam Tiruppuvanam
Mexborough Mexborough
Puerto Puerto
Onex Onex
Brunswick Brunswick
Jiangyan Jiangyan
LonsleSaunier LonsleSaunier
GernikaLumo GernikaLumo
Tharu Tharu
UlanUde UlanUde
Milagro Milagro
Great Tyoply Great
Ada Ada
Resplendor Resplendor
Ilesa Ilesa
Alfenas Alfenas
Aleshtar Aleshtar
Bogovinje Bogovinje
Mouscron Mouscron
Tak Tak
Talipparamba Talipparamba
Barracas Barracas
Aurora Aurora
American American
Gariadhar Gariadhar
Bavly Bavly
Sirsi Sirsi
Itacoatiara Itacoatiara
Guli Guli
Sceaux Sceaux
Valletta Valletta
Landshut Landshut
Bon Bon
WaltonontheNaze WaltonontheNaze
Yingkou Yingkou
Ramla Ramla
Shaowu Shaowu
Chacabuco Chacabuco
Aklera Aklera
Rutland Rutland
Zaozhuang Zaozhuang
Stuttgart Stuttgart
Viewpark Viewpark
Sillanwali Sillanwali
Bobigny Bobigny
An An
Copperas Copperas
Lodwar Lodwar
Jashpurnagar Jashpurnagar
Kyzylorda Kyzylorda
Brzeg Brzeg
Magomeni Magomeni
Tupelo Tupelo
Bang Bang
Sorsogon Sorsogon
Shagamu Shagamu
Toledo Toledo
Skalica Skalica
Oberhausen Oberhausen
Palm Palm
PointeClaire PointeClaire
Tupiza Tupiza
DehiwalaMount DehiwalaMount
Villaquilambre Villaquilambre
Stupino Stupino
Palafrugell Palafrugell
Clermont Clermont
