108 66 79 36 44 13 61 21 158 63 143 121 170 49 109 116 190 31 38 107 133 66 21 126 112 120 138 13 32 46 31 15 157 179 68 95 50 150 75 110 119 178 130 140 131 140 131 140 83 139 65 92 28 181 191 117 172 99 84 196 137 148 182 24 114 142 159 100 191 118 113 136 127 26 5 35 188 174 81 132 64 108 30 151 56 82 71 73 193 39 177 97 96 57 90 53 134 58 124 146 49 108
77
5 5
13 13
15 15
24 24
26 26
28 28
31 31
32 32
35 14 35
36 36
38 38
39 39
44 44
46 46
49 49 101
53 37 53
56 56
57 57
61 67 61 17
63 63
64 64
65 65
66 66
68 68 85
71 71
73 73
75 75
79 79
81 81
82 82
83 83
84 84
92 92
95 95
96 96
97 128
99 99
100 100
107 107
108 69
109 109
110 110 77
113 184
114 114
117 117
118 118 187
119 1
120 120
121 121
126 126
127 45
130 130
132 144
133 133
134 134
136 136
137 137 197
138 138
140 140 43
142 142
143 143
146 146
148 148
150 150
151 151
157 157
159 176
170 7 54 170
174 19 174
177 186 177
178 48 129 78 34 23
179 179
181 181 167
182 182
188 188 153
190 190
193 11
