1 59 60 35 144 143 84 62 12 86 1 92 142 8 114 44 118 4 3 64 34 104 78 68 3 53 66 65 30 17 18 29 126 125 10 20 138 113 130 89 54 116 90 137 70 128 58 4 3 112 94 16 46 52 82 28 72 50 108 107 1 140 42 101 22 5 106 4 3 32 102 41 6 77 48 71 132 23 1 110 36 11 24 38 1 131 96 14 1 119 120 122 1
81
1 2 26 47 74 83 95 98 134
4 4
5 5
6 6
8 8
10 10
11 11
12 12
14 14
16 16
17 17
18 18
20 20
22 22
23 23
24 24
28 28
29 29
30 30
32 32
34 34
35 35
36 36
38 38
41 41
42 42
44 44
46 46
48 48
50 50
52 52
53 53
54 54
58 58
59 59
60 60
62 62
64 64
65 65
66 66
68 68
70 70
71 71
72 72
77 77
78 78
82 82
84 84
86 86
89 89
90 90
92 92
94 94
96 96
101 101
102 102
104 104
106 106
107 107
108 108
110 110
112 112
113 113
114 114
116 116
118 118
119 119
120 120
122 122
125 125
126 126
128 128
130 130
131 131
132 132
137 137
138 138
140 140
142 40 56 76 80 88 100 124 136 142
143 143
144 144
