pride leash farewell exotic formation celebration mechanism top tribe car partnership pupil pastel denial hide dose dedicate deter contract belief homosexual shelter wrong whole direct magnetic feign salmon makeup magnitude prove perception tin mind dramatic concern creation glide steward desk adult colon traction domestic nationalism deck childish create crew appear cancel huge equinox thank maze suffer breakin thread east gift lobby transaction vote company battery craftsman work transmission predict bracket minimize fortune offensive inhibition skip fuss integrated linear knit mosaic absorption dilemma think merit scrap line seller ballot snap trance basketball accessible bring dialect valid berry present community loud rabbit pride
100
concern concern
company company
top top
belief belief
hide hide
basketball basketball
battery battery
pastel pastel
crew crew
linear linear
adult adult
minimize minimize
farewell farewell
ballot ballot
scrap scrap
appear appear
creation creation
deck deck
perception perception
childish childish
exotic exotic
think think
skip skip
community community
tin tin
suffer suffer
merit merit
colon colon
bracket bracket
breakin breakin
prove prove
pride pride
nationalism nationalism
magnitude magnitude
transmission transmission
contract contract
mechanism mechanism
cancel cancel
direct direct
line line
absorption absorption
dose dose
predict predict
feign feign
accessible accessible
maze maze
pupil pupil
fuss fuss
celebration celebration
steward steward
snap snap
whole whole
salmon salmon
partnership partnership
present present
dramatic dramatic
traction traction
thread thread
wrong wrong
desk desk
shelter shelter
denial denial
knit knit
glide glide
dialect dialect
lobby lobby
gift gift
east east
leash leash
loud loud
magnetic magnetic
valid valid
formation formation
huge huge
berry berry
bring bring
integrated integrated
equinox equinox
car car
fortune fortune
tribe tribe
create create
seller seller
makeup makeup
homosexual homosexual
deter deter
offensive offensive
mosaic mosaic
trance trance
thank thank
rabbit rabbit
mind mind
inhibition inhibition
work work
craftsman craftsman
domestic domestic
dedicate dedicate
dilemma dilemma
vote vote
transaction transaction
