steward minimize appear perception creation concern hide crew ballot childish top basketball battery company community pastel scrap linear skip adult farewell belief deck think tin exotic steward
25
concern concern
company company
top top
belief belief
hide hide
basketball basketball
battery battery
pastel pastel
crew crew
linear linear
adult adult
minimize minimize
farewell farewell
ballot ballot
scrap scrap
appear appear
creation creation
deck deck
perception perception
childish childish
exotic exotic
think think
skip skip
community community
tin tin
