1 64 1 76 77 78 79 78 77 76 1 6 1 118 119 120 121 118 1 114 1 110 112 111 110 1 176 177 178 179 178 177 176 1 164 1 114 1 168 169 171 170 168 1 150 151 152 155 154 153 152 151 150 1 68 1 126 127 128 129 128 127 126 1 64 1 122 124 123 122 1 2 3 4 5 2 1 160 163 161 160 1 26 27 28 29 28 27 26 1 50 51 52 53 54 55 52 51 50 1 18 1 106 1 156 1 160 1 172 173 174 172 1 72 74 73 72 1 106 1 100 101 102 105 103 104 102 101 100 1 110 1 164 1 68 70 71 68 1 6 9 8 6 1 14 1 60 63 61 62 60 1 14 1 22 23 24 22 1 18 1 56 58 59 56 1 156 159 158 156 1 10 12 11 10 1 164 1 14 1 106 108 106 1
65
3 3
4 4
5 5
6 7
8 8
9 9
10 13
11 11
12 12
14 15 16 17
18 19 20 21
23 23
24 24 25
28 28
29 30
53 53
54 54
55 55
56 57
58 58
59 59
61 61
62 62
63 63
64 65 66 67
68 69
70 70
71 71
73 73
74 74 75
78 78
79 80
103 103
104 104
105 105
106 107 109
108 108
110 113
111 111
112 112
114 115 116 117
119 119
120 120
121 121
123 123
124 124 125
128 128
129 130
153 153
154 154
155 155
156 157
158 158
159 159
160 162
161 161
163 163
164 165 166 167
169 169
170 170
171 171
173 173
174 174 175
178 178
179 180
