3a 23a 28a 57a 64a 94a 47a 73a 56a 62a 1a 5a 4a 93a 76a 43a 48a 59a 41a 32a 71a 30a 58a 67a 60a 14a 34a 13a 31a 99a 2a 38a 7a 16a 42a 20a 36a 14a 39a 25a 14a 36a 66a 68a 52a 103a 83a 37a 84a 96a 29a 79a 75a 92a 40a 61a 83a 49a 98a 80a 72a 51a 0a 63a 22a 41a 59a 95a 3a
51
0a 0a
1a 1a
4a 4a
5a 5a
7a 7a
14a 14a
16a 16a
22a 22a
23a 23a
25a 25a
28a 28a
29a 29a
30a 65a 30a
31a 31a
32a 32a
34a 34a
37a 37a
38a 38a
39a 39a 87a 44a 88a 15a 35a 21a
40a 40a
41a 41a
42a 42a
43a 43a
47a 47a
48a 48a
49a 49a
51a 51a
52a 52a
56a 56a
57a 57a
58a 58a
60a 60a
61a 61a
62a 62a
63a 77a
64a 64a
66a 66a
67a 67a
71a 71a
72a 72a
73a 73a
75a 75a
79a 79a
80a 9a 80a 53a
83a 83a
84a 84a
92a 92a 6a
93a 93a
96a 96a
98a 98a
99a 99a
