loc0 loc2 loc36 loc82 loc78 loc22 loc12 loc14 loc18 loc80 loc96 loc54 loc72 loc39 loc86 loc78 loc26 loc84 loc88 loc42 loc56 loc24 loc46 loc30 loc44 loc87 loc20 loc90 loc32 loc48 loc4 loc36 loc62 loc0 loc38 loc27 loc58 loc99 loc16 loc63 loc28 loc60 loc74 loc0
38
loc0 loc0 loc66
loc2 loc2
loc4 loc4
loc12 loc12
loc14 loc14
loc16 loc16
loc18 loc18 loc52
loc20 loc20
loc22 loc22
loc24 loc24
loc26 loc26
loc28 loc28
loc30 loc30
loc32 loc32
loc36 loc36 loc68
loc38 loc38
loc39 loc64 loc94
loc42 loc8 loc40 loc42 loc70 loc76
loc44 loc44
loc46 loc46
loc48 loc10 loc48 loc50
loc54 loc54
loc56 loc56
loc58 loc58
loc60 loc60
loc62 loc62
loc63 loc98
loc72 loc72
loc74 loc74
loc78 loc34 loc78
loc80 loc80
loc82 loc82
loc84 loc84
loc86 loc86
loc88 loc88
loc90 loc6 loc90
loc96 loc96
loc99 loc92
