loc0 loc38 loc132 loc196 loc138 loc152 loc174 loc170 loc90 loc134 loc81 loc10 loc48 loc105 loc148 loc144 loc20 loc198 loc190 loc114 loc40 loc51 loc130 loc168 loc118 loc123 loc110 loc24 loc46 loc30 loc162 loc180 loc182 loc90 loc104 loc198 loc44 loc174 loc198 loc68 loc36 loc160 loc138 loc88 loc42 loc84 loc188 loc147 loc136 loc117 loc172 loc192 loc184 loc15 loc112 loc96 loc140 loc72 loc177 loc86 loc117 loc82 loc189 loc100 loc18 loc14 loc108 loc120 loc66 loc124 loc126 loc60 loc63 loc28 loc99 loc92 loc99 loc58 loc27 loc116 loc156 loc192 loc80 loc117 loc26 loc78 loc186 loc22 loc117 loc178 loc12 loc146 loc150 loc102 loc132 loc74 loc0
80
loc0 loc0
loc10 loc10
loc12 loc12
loc14 loc14
loc18 loc18
loc20 loc20
loc22 loc22
loc24 loc24
loc26 loc26
loc28 loc28
loc30 loc30
loc36 loc36
loc38 loc38
loc40 loc40
loc42 loc42 loc166
loc44 loc44
loc46 loc46
loc48 loc48
loc51 loc76
loc58 loc58
loc60 loc60
loc63 loc98
loc66 loc66
loc68 loc68
loc72 loc54 loc72
loc74 loc74
loc78 loc78
loc80 loc80
loc82 loc82
loc84 loc84
loc86 loc86
loc88 loc88
loc90 loc90
loc92 loc92
loc96 loc96
loc99 loc16
loc100 loc100
loc102 loc102
loc104 loc104
loc105 loc50 loc106
loc108 loc108
loc110 loc110
loc112 loc112
loc114 loc114
loc116 loc116
loc117 loc154 loc158 loc194
loc118 loc118
loc120 loc120
loc124 loc124
loc126 loc4 loc126 loc128
loc130 loc130
loc132 loc2 loc62 loc132
loc134 loc134
loc136 loc136
loc138 loc138
loc140 loc140
loc144 loc32 loc144
loc146 loc146
loc147 loc8 loc176
loc148 loc148
loc150 loc150
loc152 loc152
loc156 loc156
loc160 loc160
loc162 loc162
loc168 loc70 loc168
loc170 loc170
loc172 loc172
loc174 loc56 loc174
loc177 loc64 loc94 loc142
loc178 loc178
loc180 loc180
loc182 loc6 loc164 loc182
loc184 loc52 loc184
loc186 loc34 loc186
loc188 loc188
loc190 loc190
loc192 loc122 loc192
loc196 loc196
loc198 loc198
