0 10 20 21 31 41 50 61 70 81 82 83 92 102 112 123 132 142 151 150 160 170 181 182 172 163 153 154 164 153 152 151 161 150 140 130 120 110 101 111 102 103 93 94 95 105 104 114 105 106 107 106 116 127 117 118 109 99 89 78 77 76 87 97 108 98 89 88 87 96 106 115 125 126 127 128 129 139 149 158 168 178 189 199 198 197 196 186 176 177 188 189 178 168 167 166 176 187 186 175 174 165 155 146 147 136 126 116 106 96 87 77 68 58 49 39 29 18 8 7 16 15 26 16 17 27 37 48 47 46 45 34 24 14 24 13 12 11 22 32 43 53 64 73 72 71 70 61 51 52 53 43 32 33 23 12 22 21 10 0
91
8 8
12 12 2
14 4
15 15 5
16 16
17 17
18 9 18
20 20
21 21
22 22
24 24
26 26
29 29
31 31 42
33 33
37 37
39 39
43 43
45 45
48 48
51 51
53 53
61 61
64 64
68 68
70 80 70
71 71
72 72
73 73
76 76
77 77 67
81 81
82 82
83 83
87 87
89 89
94 94
95 86 95
96 96
98 98
99 99
101 101
102 102
103 103
104 104
105 105
107 107
108 108
111 111
112 122
114 114
116 116
118 118
120 120
123 123 133
125 125
127 127
129 129
130 130
132 132
139 139
140 140
146 146
147 147
149 149
150 150
151 151
152 152
153 153
154 154
155 155
158 158
160 160
161 161
164 164
165 165
166 166
167 167
174 184
175 175
176 176
178 178
181 181
182 182 183
186 186
187 187
188 188
189 189
196 196
198 198
199 199
