0 25 73 59 91 80 57 62 29 17 69 90 44 36 48 13 51 93 92 54 38 78 14 52 27 49 98 50 99 68 60 66 8 85 5 64 87 3 16 12 35 2 53 21 46 40 1 45 10 86 41 47 18 23 77 79 72 19 9 11 88 81 4 28 75 71 61 33 65 37 26 83 24 89 63 43 7 22 55 20 95 31 70 67 56 15 82 42 34 58 39 6 30 32 76 74 84 96 94 0
99
0 0
1 1
2 2
3 3
4 4
5 5
6 6
7 7
8 8
9 9
10 10
11 11
12 12
13 13
14 14
15 15
16 16
17 17
18 18
19 19
20 20
21 21
22 22
23 23
24 24
25 25
26 26
27 27
28 28
29 29
30 30
31 31
32 32
33 33
34 34
35 35
36 36
37 37
38 38
39 39
40 40
41 41
42 42 97
43 43
44 44
45 45
46 46
47 47
48 48
49 49
50 50
51 51
52 52
53 53
54 54
55 55
56 56
57 57
58 58
59 59
60 60
61 61
62 62
63 63
64 64
65 65
66 66
67 67
68 68
69 69
70 70
71 71
72 72
73 73
74 74
75 75
76 76
77 77
78 78
79 79
80 80
81 81
82 82
83 83
84 84
85 85
86 86
87 87
88 88
89 89
90 90
91 91
92 92
93 93
94 94
95 95
96 96
98 98
99 99
