start a3 a4 a2 start e3 e4 e3 start h4 start f14 f9 f18 f10 f18 f9 f14 start e3 start c3 c8 c11 c20 c36 c35 c31 c27 c29 c30 c23 c21 c20 c11 c12 c9 c8 c3 start b16 b17 b18 b19 b20 b21 b20 b19 b18 b17 b16 start h2 start e1 start h6 start e7 e11 e10 e11 e7 start g8 g12 g16 g21 g24 g19 g15 g12 g8 start e17 e15 e17 start g9 g13 g16 g20 g24 g21 g16 g20 g15 g12 g8 start b16 b10 b9 b8 b9 b10 b16 start h4 h23 h4 start g6 g7 g9 start c3 c8 c9 c8 c3 start f14 f13 f5 f15 f16 f17 f7 f14 start e7 e8 e7 start c3 c5 c3 start
45
start g1 g3 g4 g5 f11 d1 d4 d5 a1 a5
f10 f20
b8 b1 b2
b10 b3 b4 b5 b6
b18 b26
b20 b24
b21 b15 b25
c3 c1
c12 c10 c13 c15
c20 c17
e1 e19
e3 e20
e4 e21
e10 e22 e23
e15 e24 e25
h2 h9 h26
h4 h22
h6 h13 h17 h18
h23 h24
g6 g2 g6
g7 g7
g8 g8 g10
g9 g9
g12 g12
g13 g13
g15 g11 g15
g16 g16
g19 g14 g18 g19 g23
g20 g20
g21 g17 g21 g22 g25
g24 g24
f13 f12 f13
f14 f14
f15 f15
f16 f16
f17 f17
f18 f18 f19
c5 c5
c21 c21
c23 c23
c27 c26 c27
c31 c31 c33
a2 a2
a3 a3
a4 a4
