CH BD CF CW BH DF BP DA BF CU AX BX CQ DU DO BR AX BS CB DB CY AM AU AV BC CS BL DD CZ CD CF BG CO AT DL BA DC AL BN DQ BT DP BV DV CN DM CL AX CA DR BZ AN DG DS DC DN AP CV BW DI AF AJ BV CP AY AZ CH
49
AF AF
AJ AJ
AL AL
AM AM
AN AN
AP AP
AT AT
AU AU
AV AV
AY AY
AZ AZ
BC BC
BD BD
BF BF
BG BG
BL BL
BN BN
BP BP
BS BS
BV BV
BZ BZ
CA CA
CB CB
CD CD
CF CF
CL CL
CN CN
CP CP
CQ CQ
CS CS
CU CU
CV CV
CW CW
CZ CZ
DB DB
DC DC
DD DD
DF DF
DG DG
DI DI
DL DL
DM DM
DN BY
DO DO
DP DP BI
DQ DQ
DS BU
DU DU
DV DV
