BU DL HP HM AU FS GH GO DE AQ DJ CA CY AA BG GY CT AF GE BQ BP DT CQ DZ GP DD DS GT BH BM FP BT FG GA DI DX CI BW HI HG EA EV BF BY CP FF FN EN FB AY HJ DP DW GS FI BK FM CZ GM BE AP EC ET HA AT GX HH DQ DK AX EH AM GK CK DE FY CM HO GQ EK HN FR ES DV DH FU FL DM CR BN AR EQ CX BQ BR ER CB HC EG FU EO BZ AN AS DR EY CO AU CS AD FW HQ AL CV FD CD BA CW DA EL AE CE BQ GD DP HF BU
99
AE AE
AF AF
AL DU
AN AN AV
AP AP
AQ AQ
AR AR
AT AT
AX AX
AY AY
BA BA
BE BE
BF BF
BG BG
BH BH
BK BK
BM BM
BN BN
BQ BQ
BU BU
BW BW
BY BY
BZ BZ
CA CA
CD CD
CE GN
CI CI
CK CK
CM CM
CO CO
CQ CQ
CR CR
CS CS
CT CT
CV CV
CW CW
CX CX
CY CY
CZ CZ
DD DD
DE DE
DI DI
DJ DJ
DK DK
DL DL
DM DM
DP DP
DQ DQ
DR DR
DS DS
DT DT
DV DV
DX DX
DZ DZ
EC EC
EG EG
EH EH
EK EK
EL EL
EN EN
EO EO
EQ EQ
ER ER
ES ES
ET ET
EV EV
EY EY
FB FB
FD FD
FF FF
FG FG
FI FI
FL FL
FN FN
FP FP
FR FR
FS FS
FU FU
FW FW
FY FY
GA GA
GE GE
GH GH
GK GK
GM GM
GO GO
GP GP
GQ GQ
GS GS
GT GT
GY GY
HA HA
HC HC
HF HF
HG HG
HH HH
HJ HJ
HM HM
HP HP
