Qatar SanMarino Guyana Uruguay Andorra Angola Tanzania Uzbekistan SierraLeone Haiti Belarus Kyrgyzstan Kosovo CzechRepublic Netherlands Qatar DemofChina Egypt Cuba Mali Kyrgyzstan UnitedKingdom Albania Nicaragua Mongolia Sweden Georgia Morocco Mongolia SaintLucia Singapore Qatar Burundi Estonia Tuvalu Peru Uruguay Danzig CzechRepublic VaticanCity Macedonia Qatar Australia Belgium Mongolia GuineaBissau RussianFederation France Mongolia Tajikistan Qatar
40
Qatar Montenegro Senegal America
Uruguay Armenia Mozambique Tunisia
Mongolia Mongolia
Albania Albania
Kyrgyzstan UAE Kyrgyzstan
VaticanCity VaticanCity
CzechRepublic CzechRepublic
Peru Peru
Tanzania Tanzania
UnitedKingdom UnitedKingdom
Tuvalu Tuvalu
Mali Mali
France France
Guyana Guyana Malta
Andorra Andorra
Kosovo Kosovo
Australia Australia
RussianFederation RussianFederation
Nicaragua Nicaragua
Netherlands Netherlands
Tajikistan Tajikistan
Burundi Burundi
GuineaBissau GuineaBissau
SierraLeone SierraLeone
Sweden Sweden
Danzig Danzig
Georgia Georgia
Angola CostaRica Angola
Haiti Haiti
Belarus Belarus Lebanon
Morocco Morocco
Uzbekistan Uzbekistan
SanMarino Gabon Liberia SanMarino
Macedonia Macedonia
Belgium Belgium
Egypt Egypt
SaintLucia SaintLucia
Singapore Singapore
Estonia Estonia
DemofChina DemofChina
