Albania VaticanCity Netherlands Burma TheGambia Vietnam Slovenia France Japan MountAthos Cyprus Hungary Andorra Seychelles Cambodia Mongolia Serbia Nepal Vanuatu SaudiArabia Rome Paraguay Malaysia Albania Greece Belarus Estonia Comoros Germany Swaziland Canada Mauritania Lithuania Israel Rwanda Brazil CentralAfricanRep Uruguay Poland Tanzania Romania Paraguay Norway Maldives BosHerzegovina Italy Cuba Mali Uruguay Laos Chile Vietnam IvoryCoast Vanuatu Luxembourg Portugal Bulgaria Niger SaoTomPrincipe Bhutan Pakistan Uzbekistan SaintLucia Argentina Togo Brunei SaintKitts Tunisia Latvia PapuaNewGuinea Swaziland Newfoundland Ethiopia EquatorGuinea Fiji SolomonIslands NewZealand SaintVincent Thailand SriLanka Danzig Gabon Eritrea UnitedKingdom Vietnam America Ukraine Philippines Dominica Grenada Peru Switzerland RussianFederation Liechtenstein Malawi Albania
80
Albania SierraLeone Qatar NorthKorea UAE Suriname
Netherlands Bahamas Djibouti Kazakhstan Australia Yemen
Paraguay Paraguay
Vanuatu Vanuatu
Ethiopia Ethiopia
Latvia Latvia
Gabon Gabon
Comoros Comoros
Pakistan Pakistan
Fiji Fiji
MountAthos MountAthos
SaintLucia SaintLucia
Burma Burma Kiribati Finland
Luxembourg Luxembourg
Estonia Estonia
Israel Israel
VaticanCity VaticanCity Kosovo Panama Guatemala Venezuela
Romania Romania
Rwanda Rwanda
Mauritania Mauritania
Liechtenstein Liechtenstein
Germany Germany
Norway Norway
France Jamaica France
SaoTomPrincipe SaoTomPrincipe
RussianFederation RussianFederation
EquatorGuinea EquatorGuinea
Tunisia Tunisia
Bulgaria Bulgaria
SriLanka SriLanka
IvoryCoast IvoryCoast
Niger Niger
Cyprus Cyprus
Thailand Thailand
America America
Eritrea Eritrea
Newfoundland Newfoundland
Peru Peru
BosHerzegovina BosHerzegovina
Chile Chile
Maldives Maldives
Dominica Dominica
SolomonIslands SolomonIslands
Bhutan Bhutan
CentralAfricanRep CentralAfricanRep
Ukraine Ukraine
Danzig Danzig
Togo Togo
Portugal Portugal
Seychelles Seychelles
Rome Rome
PapuaNewGuinea PapuaNewGuinea
Greece Greece
Lithuania Lithuania
Poland Poland
Grenada Grenada
Tanzania Tanzania
SaintKitts SaintKitts
Mongolia Mongolia
Serbia Serbia
Argentina Argentina
Cuba Cuba
Italy Italy
Belarus Belarus
Japan Mauritius Japan
TheGambia Burkina CapeVerde TheGambia
Switzerland Switzerland
NewZealand NewZealand
Andorra Andorra
SaudiArabia SaudiArabia
Hungary Hungary
Brazil Brazil
Mali Mali
Philippines Philippines
Nepal Nepal
Cambodia Cambodia
UnitedKingdom UnitedKingdom
Malaysia Malaysia
Laos Laos
Slovenia Algeria Slovenia Lesotho
