Nepal Georgia Botswana Fiji Afghanistan Argentina Liechtenstein Belarus UAE Belgium Vietnam Belarus Azerbaijan Suriname BosHerzegovina NewZealand Serbia Slovakia Tajikistan TheGambia VaticanCity SaintLucia Mauritius Panama Afghanistan Nepal
22
Nepal Tanzania
Liechtenstein Liechtenstein
Vietnam Vietnam Niger
Afghanistan Afghanistan
Georgia Georgia
Panama Panama
Fiji Fiji Palau
TheGambia MarshallIslands
Azerbaijan Azerbaijan
NewZealand NewZealand
Suriname Suriname
Argentina Argentina
Mauritius Mauritius
SaintLucia SaintLucia
UAE UAE
Belarus Estonia Belarus
Botswana Botswana
Serbia Serbia
VaticanCity VaticanCity
Tajikistan Tajikistan
Slovakia Slovakia
Belgium Kuwait
