Zjo93yXsdcDV6Oit TlojxXhc2qYoWZfd hUodt8EH9XJmymZc 5gVgbSJalKNpCPGR mxfBTsbr179d38Xl VognV1ysFxsfM1T3 XxpoDiTW03kVmIFK B5jkVyVn3f7O2An6 cKUQBLkhJ2YTpTZk L25OgxwPsOzFiHDa w2eQINfJGzFmJVSa aS5gP3tBqF72MHBj AzbeVJsoSmTMPZLM jBnrdVZITnwrbrWj FpgNaPpArWgevKg6 xoNuVQFyUNw60SHt mp9G8QwevnO2Hxc1 jL8h52rHOflXCXG0 ja6XsDQlFAUw1yfc W3Q2QtUAtGMzTlOK lWi5N9iGPSdFbw4x At29Qn6ybXGjj4BZ ksuRDz3lVhXKZaYK PNqsQWIcQ5cFHA0e HTIVnzfE1Yii5xog yZq8BYkssUcfIKn0 oheo0bgdJ9E5AaZ3 sbSIdAF67MT22Zr9 DtNMJrqE8gQwtB9A Qekd7ffZxAXDfLzq gbLSiDepCxsLEFEh CXs92joGuF2B74ma P5s4K3vn5D6QckKy IXSaZ3tByNZthkqV 3nUfHHB7quaxw3FP dtyOV6qcOqKFtIlH Zo0umr3KFWOZJQPm LjKfvPnu1IVb9d8E dBEYMpdveobbOa64 ZASkL5Mxwr8cbBFG TEBcdk0AQd6dKevH pi9Gjwqb8nw39ALT m8Rn3gh3HBuT9R8d qKKAwpkuJY9E8dpl kmMzOIvorXbmvHXw 8vLm5GS8pptr9y8t yILnNjtdKS6kD3NP 6GsK7I0daq8OZxaS nPVdEshNZOOx6qGx 1Eq6CyZRaHXkARva LsIlvCjQu9Xqre9U xLhGn69fZWxkF2ME YHVvi99ucaU9tYgf nkKMB647tDItOdTX 2v7uFoKD90sPVOTA AvHIDL41dbfeNksW 27KMNaF72cTW0PDA TbM88DujEo9BSxqT 1ByTcIJH8XabOIWu EuY7nNg1nWHDnCBx fg0WyZdFGAAZWRqK uRc2j178KRm3sVAY PDtM7hU3L1QjW9eR Dg4uIWuVD7Xd3FfI CvZWFxoaMZYhwHYj drsNw5E8nXGgcxxE LdwRPFzBNqStC5X8 Byr8ftz6Pn4uac3K Gypke7sesv6WDuj9 8pFqGmxaOhvFeBf4 fBCH5yXHMW5jQJjk eRAtRmExinGYKjYs uuhviI1p7F0sChqp z6aHWvfWV1YcOU3s QSabhET5tNnXgX60 KHBd51v9Lk79JoNu e9DWnoEu0mxMb9VK 9L0zlmq9jRh6nd1I 9pH9xdreYrmVM1JI WVwd9ExLXa3zphJn OMjRZA0G6vbBxKd5 ziJdi0Y4mj4TIJZ9 bpy0VAq3GZuO2R8U RnvIh4TOetAfG82E WVwd9ExLXa3zphJn 9pH9xdreYrmVM1JI 9L0zlmq9jRh6nd1I tZ46uZudk7AfSXt1 qQzEeIfIOpoI9qKk ZsdU4FLz0FoJAHOC e9DWnoEu0mxMb9VK KHBd51v9Lk79JoNu xlWntBwCLfHgHam8 9dVIdmIqrww8IL0A z6aHWvfWV1YcOU3s LI7uFZ34s97AeNpk Gypke7sesv6WDuj9 W4POX5YqpnnI3x1U LdwRPFzBNqStC5X8 1yeDQmwUGYi8LEVC 3SYpu8y7n2lFaEgA 2hsCdf5s2NPqItPy HqZKcXPbTIsIN6eT drsNw5E8nXGgcxxE CvZWFxoaMZYhwHYj Dg4uIWuVD7Xd3FfI PDtM7hU3L1QjW9eR uRc2j178KRm3sVAY fg0WyZdFGAAZWRqK pKGVzMiXVo3v1oQu EuY7nNg1nWHDnCBx 0BNdm9hpaqd4q3Tx SLuZYQ4lYwLMQuMp 6La4alyyQSzgrmmj U5CEflgpFptgqHUL 0rKC7Chib5iDGjTC TbM88DujEo9BSxqT LZyPcj0slZv1Vk6U nkKMB647tDItOdTX YHVvi99ucaU9tYgf Uw31N0oW965MP4qr 6GsK7I0daq8OZxaS LUoJ0iRCc71uZfNX gqX9V4QU6KrO7JGI 8ae7BICLTSRkgPWv FzSHaHADmN7Zbhbr 1r13Qnmq9ixI97Qj Of6XUqufA1wxpnuj ZASkL5Mxwr8cbBFG dBEYMpdveobbOa64 M9il2j2XBWeGdURv Zo0umr3KFWOZJQPm dtyOV6qcOqKFtIlH 3nUfHHB7quaxw3FP 7umkRD4mdERwQl2t P86w2YmfZZMrKQDs gbLSiDepCxsLEFEh DtNMJrqE8gQwtB9A 0ax66OCL0kboP37W oheo0bgdJ9E5AaZ3 yZq8BYkssUcfIKn0 HTIVnzfE1Yii5xog PNqsQWIcQ5cFHA0e ksuRDz3lVhXKZaYK ODpK9gk17jDT3Sp2 tE0AXQQBQImVJ6nW YwKbp1yTO34FUrbo ZpYXkDvB4yWlBwtb HzeL7kqwHpJiFrZV At29Qn6ybXGjj4BZ lWi5N9iGPSdFbw4x W3Q2QtUAtGMzTlOK ja6XsDQlFAUw1yfc jL8h52rHOflXCXG0 mp9G8QwevnO2Hxc1 xoNuVQFyUNw60SHt FpgNaPpArWgevKg6 jBnrdVZITnwrbrWj AzbeVJsoSmTMPZLM SXePDE8VmWVNc3gI w2eQINfJGzFmJVSa HUReKXkqclfOOfkC cKUQBLkhJ2YTpTZk B5jkVyVn3f7O2An6 8Kka2UWih5IQ1cpb yE2ZPAIzLgGY7glD VognV1ysFxsfM1T3 mxfBTsbr179d38Xl 5gVgbSJalKNpCPGR hUodt8EH9XJmymZc TlojxXhc2qYoWZfd Zjo93yXsdcDV6Oit
74
bpy0VAq3GZuO2R8U HAZt9xslXTTIQrh6 bpy0VAq3GZuO2R8U
ziJdi0Y4mj4TIJZ9 ziJdi0Y4mj4TIJZ9
RnvIh4TOetAfG82E RnvIh4TOetAfG82E
OMjRZA0G6vbBxKd5 OMjRZA0G6vbBxKd5
WVwd9ExLXa3zphJn WVwd9ExLXa3zphJn J5iqQt6wukvg6KLY
9pH9xdreYrmVM1JI 9pH9xdreYrmVM1JI
9L0zlmq9jRh6nd1I rvadWwbDVrEOdUmt qeVT6FbNKHRizFU8 9L0zlmq9jRh6nd1I
tZ46uZudk7AfSXt1 tZ46uZudk7AfSXt1
qQzEeIfIOpoI9qKk qQzEeIfIOpoI9qKk
ZsdU4FLz0FoJAHOC ZsdU4FLz0FoJAHOC
e9DWnoEu0mxMb9VK e9DWnoEu0mxMb9VK
KHBd51v9Lk79JoNu KHBd51v9Lk79JoNu
xlWntBwCLfHgHam8 xlWntBwCLfHgHam8 K5TJWlCDC2GiIJEC
QSabhET5tNnXgX60 asqla05DvWvndrgH QSabhET5tNnXgX60 1bDI0W7o3Pb2zYhB
9dVIdmIqrww8IL0A 9dVIdmIqrww8IL0A
z6aHWvfWV1YcOU3s z6aHWvfWV1YcOU3s
uuhviI1p7F0sChqp uuhviI1p7F0sChqp
eRAtRmExinGYKjYs eRAtRmExinGYKjYs
fBCH5yXHMW5jQJjk fBCH5yXHMW5jQJjk 5TjXpBJuIWCWGZis
LI7uFZ34s97AeNpk LI7uFZ34s97AeNpk
8pFqGmxaOhvFeBf4 8pFqGmxaOhvFeBf4
Gypke7sesv6WDuj9 Gypke7sesv6WDuj9
W4POX5YqpnnI3x1U jVrty3u6KGOjBg80 W4POX5YqpnnI3x1U
Byr8ftz6Pn4uac3K Byr8ftz6Pn4uac3K kWAnmn2xV4T8moWO
LdwRPFzBNqStC5X8 LdwRPFzBNqStC5X8
1yeDQmwUGYi8LEVC 1yeDQmwUGYi8LEVC 0Pfip4BXzoRzyFv2 3PEg9lFbqEimkqjc
3SYpu8y7n2lFaEgA 3SYpu8y7n2lFaEgA
2hsCdf5s2NPqItPy 2hsCdf5s2NPqItPy
HqZKcXPbTIsIN6eT HqZKcXPbTIsIN6eT
drsNw5E8nXGgcxxE drsNw5E8nXGgcxxE 2yhNJ9fcTz8hRVDj
CvZWFxoaMZYhwHYj CvZWFxoaMZYhwHYj
Dg4uIWuVD7Xd3FfI PmJZCdR41rbLgXgi EotYPttMvJbBfyaO Dg4uIWuVD7Xd3FfI
PDtM7hU3L1QjW9eR PDtM7hU3L1QjW9eR
uRc2j178KRm3sVAY uRc2j178KRm3sVAY
fg0WyZdFGAAZWRqK fg0WyZdFGAAZWRqK
pKGVzMiXVo3v1oQu pKGVzMiXVo3v1oQu
EuY7nNg1nWHDnCBx EuY7nNg1nWHDnCBx
0BNdm9hpaqd4q3Tx 0BNdm9hpaqd4q3Tx
1ByTcIJH8XabOIWu 1ByTcIJH8XabOIWu
SLuZYQ4lYwLMQuMp SLuZYQ4lYwLMQuMp
0rKC7Chib5iDGjTC 0rKC7Chib5iDGjTC
6La4alyyQSzgrmmj 6La4alyyQSzgrmmj
TbM88DujEo9BSxqT TbM88DujEo9BSxqT
U5CEflgpFptgqHUL U5CEflgpFptgqHUL quCqGzaCZ5rVk9Gn
27KMNaF72cTW0PDA 27KMNaF72cTW0PDA
AvHIDL41dbfeNksW ngcwhTcmwXuonGlk AvHIDL41dbfeNksW
LZyPcj0slZv1Vk6U LZyPcj0slZv1Vk6U
2v7uFoKD90sPVOTA 2v7uFoKD90sPVOTA
nkKMB647tDItOdTX nkKMB647tDItOdTX
YHVvi99ucaU9tYgf YHVvi99ucaU9tYgf
xLhGn69fZWxkF2ME xLhGn69fZWxkF2ME
LsIlvCjQu9Xqre9U u7i0C02E9nMoZ6Ab YpZJ50mXHPeALpEr LsIlvCjQu9Xqre9U
1Eq6CyZRaHXkARva 1Eq6CyZRaHXkARva
nPVdEshNZOOx6qGx nPVdEshNZOOx6qGx StSocpbFeWB0czP8
Uw31N0oW965MP4qr Uw31N0oW965MP4qr
6GsK7I0daq8OZxaS 6GsK7I0daq8OZxaS
LUoJ0iRCc71uZfNX LUoJ0iRCc71uZfNX
gqX9V4QU6KrO7JGI MxcmtGZ6qJUnGaxB gqX9V4QU6KrO7JGI
yILnNjtdKS6kD3NP yILnNjtdKS6kD3NP 3th5kfdmmYoxH6sF
8ae7BICLTSRkgPWv 8ae7BICLTSRkgPWv
FzSHaHADmN7Zbhbr FzSHaHADmN7Zbhbr uN0YmlR4YKMmyTVh
1r13Qnmq9ixI97Qj 1r13Qnmq9ixI97Qj
8vLm5GS8pptr9y8t 6Gt5ffOE5tOJA8A7 8vLm5GS8pptr9y8t
kmMzOIvorXbmvHXw kmMzOIvorXbmvHXw R43sDxzHzrO5kncN
qKKAwpkuJY9E8dpl qKKAwpkuJY9E8dpl
m8Rn3gh3HBuT9R8d m8Rn3gh3HBuT9R8d
pi9Gjwqb8nw39ALT pi9Gjwqb8nw39ALT
Of6XUqufA1wxpnuj Of6XUqufA1wxpnuj
TEBcdk0AQd6dKevH TEBcdk0AQd6dKevH
ZASkL5Mxwr8cbBFG ZASkL5Mxwr8cbBFG
dBEYMpdveobbOa64 Plb766RuoiNfkOGW dBEYMpdveobbOa64
LjKfvPnu1IVb9d8E LjKfvPnu1IVb9d8E
M9il2j2XBWeGdURv M9il2j2XBWeGdURv
Zo0umr3KFWOZJQPm Zo0umr3KFWOZJQPm
