l0 h1 h19 h23 h32 h29 l30 h30 l7 h30 h48 l33 h17 l12 h13 h12 h49 h45 l1 h4 h6 h42 h7 h10 h31 h30 h20 h18 h3 h5 h24 h40 h37 h17 h43 h15 h38 h34 h35 h41 l36 h46 h39 l13 l26 h26 h14 h44 h2 h0 l46 h9 h11 l0
44
l7 h28
l12 h16 h36
l26 h33
l30 h27
h0 h0
h1 h1
h2 h2
h3 h3 h8
h4 h4
h5 h5
h6 h6
h7 h7
h9 h9
h10 h10
h11 h11
h12 h12
h13 h13
h14 h14
h15 h15
h17 h17
h18 h18
h19 h19
h20 h20
h23 h23
h24 h24
h26 h26
h29 h29
h30 h21 h22 h30
h31 h31
h32 h32
h34 h34 h47
h35 h35
h37 h37
h38 h38
h39 h39
h40 h40
h41 h41
h42 h42
h43 h43
h44 h25 h44
h45 h45
h46 h46
h48 h48
h49 h49
