l0 h3 h24 h92 h0 h1 h83 h3 h91 h84 h77 h23 h22 l11 h28 h80 h50 h71 h14 h42 h12 h13 h97 h27 l72 h16 h15 l87 h17 h80 h76 h45 h51 h70 h85 h60 h58 h25 h81 h72 h66 h38 h74 l36 h67 h54 h61 l97 h82 h64 h86 l9 h19 h88 h5 l56 h95 h9 l63 h87 h99 h64 h11 h75 h39 h90 h93 h57 h94 l10 h21 h49 h48 h34 l17 h56 h94 h57 h20 h55 h96 h10 l26 h52 h53 h78 h98 l39 l34 h79 h32 h30 l15 h68 l69 h41 l20 l18 h37 h36 l88 h8 h63 l31 h26 h13 h43 h59 l42 h81 l0
87
l9 h18
l17 h35
l34 h31 h69
l72 h62
l88 h40
h0 h0
h1 h1
h3 h2 h3
h5 h4 h5
h8 h8
h9 h9
h10 h10
h11 h11
h12 h12
h13 h13
h14 h14
h15 h15
h16 h16
h17 h17
h19 h19
h20 h20
h21 h21
h22 h22
h23 h23
h24 h24
h25 h25
h26 h26
h27 h27
h28 h28
h30 h30
h32 h32
h34 h34
h36 h36
h37 h37
h38 h38 h73
h39 h39
h41 h41
h42 h42
h43 h43
h45 h45
h48 h48
h49 h49
h50 h50
h51 h44 h51
h52 h52
h53 h53
h54 h54
h55 h55
h56 h56
h57 h57
h58 h6 h58
h59 h59
h60 h60
h61 h61
h63 h63
h64 h64
h66 h66
h67 h67
h68 h68
h70 h29 h70
h71 h7 h71
h72 h72
h74 h74
h75 h75
h76 h76
h77 h77
h78 h78
h79 h33 h79
h80 h80
h81 h81
h82 h82
h83 h83 h89
h84 h84
h85 h85
h86 h86
h87 h87
h88 h65 h88
h90 h90
h91 h91
h92 h46 h47 h92
h93 h93
h94 h94
h95 h95
h96 h96
h97 h97
h98 h98
h99 h99
