vBhpoFdJZxyttIlfaf7D R6ZzYYWqarkWldqbKDab R7crXexksQ4TN5zY2ck3 6PPTzNGrNxrgfdvm8cwZ 6koX1rNvAwrB84m39eQv NAqhSs9OpS9XtIaJtTCD InZnvPu8h9zAoLCNj2in 2LthmnS3Cdd5FBfY5GQ9 cs6LkMYfySGYUzb8VLcc zs7X4IJgeJEM8iqAbvF3 rMd1TXBMCuFfO59jF1Tq XWHR07Y6kfSBbEuD62PN JEGgKJfdY8owvwdYhKMk WwLzOfqcc3FIzub2jh8R n2Cqtp5v2DuwGX7LhuzE XYk0VV4ujV55qqS8YiHV RRlYwTFLYqL48JIMSAmC wHEcyeduhdH7p3Lr1PtC DybFcuyeWxt51LawzVvs tUVqKo1E6AibIE6zShkv 4ilNvg3IkxoJuvkwqYsS MiPSEwVMn3bbGh4tbRTf nB1RHSnvjX4nG0Tch5En uUumBfQJDh6S0d06Kb78 XX8iZd9Mw56dkKCstFAC qkrT0EYt8AHuefFD25g1 rkMvLqMMN5Aq3onq5XeZ oFNlFPub6zLirsQwo0fu ohy3S5QXymEhh63dMBQE 8mLI4Cl8exxeLw5eLCvi RpMJGAvULIBCQ0RI369s 8Le4AI986fwHZXPoOMK1 WN0Nl06Zx9w6LYUHMZam EHYUZOt1fTtm7KJue8on 17OoKHzumyPaqfjSSc7S 535WuquKiicRqEyzCI3d W1jWYYdH0atiKtbaVDRT mv3tFPDoT2NlrLp24T9l eKaPpzrMwOPxNzeoOSFH XBxLd5K0m0Gtk5fTL45q 7PoxePhwnlLvMilKVpER qM7lEl3z2COceXw7x0EC fp9JaV5iTp8QxXwwkR68 vLwJebpyApE3MPksc9OW d6xeP6xeDJ3O2jY8D4pB 9B0w6Ahn3NsugfNn6veD J00g7hlLLSWTXvTYK9v2 fHfopcx4v3MKBN0TMn7s iki3BohF22ET0rMPxXQ5 37APL8dpwT5Ds5AIG0t4 vBhpoFdJZxyttIlfaf7D
49
eKaPpzrMwOPxNzeoOSFH eKaPpzrMwOPxNzeoOSFH
EHYUZOt1fTtm7KJue8on EHYUZOt1fTtm7KJue8on
mv3tFPDoT2NlrLp24T9l mv3tFPDoT2NlrLp24T9l
InZnvPu8h9zAoLCNj2in InZnvPu8h9zAoLCNj2in
6PPTzNGrNxrgfdvm8cwZ 6PPTzNGrNxrgfdvm8cwZ
R7crXexksQ4TN5zY2ck3 R7crXexksQ4TN5zY2ck3
XBxLd5K0m0Gtk5fTL45q XBxLd5K0m0Gtk5fTL45q
ohy3S5QXymEhh63dMBQE ohy3S5QXymEhh63dMBQE
9B0w6Ahn3NsugfNn6veD 9B0w6Ahn3NsugfNn6veD
W1jWYYdH0atiKtbaVDRT W1jWYYdH0atiKtbaVDRT
6koX1rNvAwrB84m39eQv 6koX1rNvAwrB84m39eQv
nB1RHSnvjX4nG0Tch5En nB1RHSnvjX4nG0Tch5En
8mLI4Cl8exxeLw5eLCvi jTdja1e2hUhydiExPlJM 8mLI4Cl8exxeLw5eLCvi
17OoKHzumyPaqfjSSc7S 17OoKHzumyPaqfjSSc7S
RpMJGAvULIBCQ0RI369s RpMJGAvULIBCQ0RI369s
qM7lEl3z2COceXw7x0EC qM7lEl3z2COceXw7x0EC
fHfopcx4v3MKBN0TMn7s fHfopcx4v3MKBN0TMn7s
RRlYwTFLYqL48JIMSAmC RRlYwTFLYqL48JIMSAmC
MiPSEwVMn3bbGh4tbRTf MiPSEwVMn3bbGh4tbRTf
WN0Nl06Zx9w6LYUHMZam WN0Nl06Zx9w6LYUHMZam
4ilNvg3IkxoJuvkwqYsS 4ilNvg3IkxoJuvkwqYsS
d6xeP6xeDJ3O2jY8D4pB d6xeP6xeDJ3O2jY8D4pB
rMd1TXBMCuFfO59jF1Tq rMd1TXBMCuFfO59jF1Tq
XX8iZd9Mw56dkKCstFAC XX8iZd9Mw56dkKCstFAC
wHEcyeduhdH7p3Lr1PtC wHEcyeduhdH7p3Lr1PtC
cs6LkMYfySGYUzb8VLcc cs6LkMYfySGYUzb8VLcc
NAqhSs9OpS9XtIaJtTCD NAqhSs9OpS9XtIaJtTCD
JEGgKJfdY8owvwdYhKMk JEGgKJfdY8owvwdYhKMk
tUVqKo1E6AibIE6zShkv tUVqKo1E6AibIE6zShkv
rkMvLqMMN5Aq3onq5XeZ rkMvLqMMN5Aq3onq5XeZ
37APL8dpwT5Ds5AIG0t4 37APL8dpwT5Ds5AIG0t4
J00g7hlLLSWTXvTYK9v2 J00g7hlLLSWTXvTYK9v2
WwLzOfqcc3FIzub2jh8R WwLzOfqcc3FIzub2jh8R
oFNlFPub6zLirsQwo0fu oFNlFPub6zLirsQwo0fu
8Le4AI986fwHZXPoOMK1 8Le4AI986fwHZXPoOMK1
7PoxePhwnlLvMilKVpER 7PoxePhwnlLvMilKVpER
n2Cqtp5v2DuwGX7LhuzE n2Cqtp5v2DuwGX7LhuzE
fp9JaV5iTp8QxXwwkR68 fp9JaV5iTp8QxXwwkR68
R6ZzYYWqarkWldqbKDab R6ZzYYWqarkWldqbKDab
XYk0VV4ujV55qqS8YiHV XYk0VV4ujV55qqS8YiHV
2LthmnS3Cdd5FBfY5GQ9 2LthmnS3Cdd5FBfY5GQ9
DybFcuyeWxt51LawzVvs DybFcuyeWxt51LawzVvs
uUumBfQJDh6S0d06Kb78 uUumBfQJDh6S0d06Kb78
zs7X4IJgeJEM8iqAbvF3 zs7X4IJgeJEM8iqAbvF3
qkrT0EYt8AHuefFD25g1 qkrT0EYt8AHuefFD25g1
XWHR07Y6kfSBbEuD62PN XWHR07Y6kfSBbEuD62PN
iki3BohF22ET0rMPxXQ5 iki3BohF22ET0rMPxXQ5
535WuquKiicRqEyzCI3d 535WuquKiicRqEyzCI3d
vLwJebpyApE3MPksc9OW vLwJebpyApE3MPksc9OW
