point0 point21 point22 point3 point16 point29 point75 point94 point92 point95 point87 point89 point91 point138 point132 point135 point131 point85 point43 point39 point40 point38 point41 point27 point14 point18 point20 point15 point5 point11 point55 point50 point52 point56 point111 point113 point116 point115 point72 point68 point67 point79 point76 point83 point120 point140 point134 point186 point181 point183 point189 point179 point127 point123 point124 point112 point152 point108 point102 point107 point103 point97 point101 point54 point17 point33 point25 point30 point42 point45 point86 point76 point78 point84 point119 point125 point122 point157 point144 point145 point144 point153 point146 point153 point146 point151 point148 point162 point163 point160 point171 point178 point177 point175 point172 point168 point185 point190 point182 point187 point182 point128 point69 point0
72
point3 point3
point5 point5
point11 point1 point10 point11
point15 point6 point13 point15
point16 point16
point17 point17
point18 point18
point21 point21
point27 point27
point29 point29
point30 point30
point33 point31 point33 point34
point38 point38
point39 point39
point40 point40
point41 point41
point42 point42
point43 point43
point50 point49 point51
point52 point52
point54 point54
point55 point55
point56 point56
point67 point67 point109
point69 point69
point72 point72
point75 point73 point75
point76 point76
point78 point78
point79 point79
point83 point83
point85 point85
point86 point86
point87 point87
point89 point89
point91 point91
point94 point94
point102 point102
point103 point103
point107 point100
point108 point108
point111 point111
point112 point110 point112
point113 point113
point115 point115
point119 point119
point120 point120
point122 point122
point123 point123
point124 point124
point127 point126
point131 point131
point132 point132
point134 point134
point135 point135 point139 point180
point138 point138
point144 point144
point145 point149
point148 point148
point151 point151
point152 point152
point153 point153
point157 point157
point160 point160
point162 point158 point162
point163 point155 point163
point172 point172
point177 point177
point179 point179
point183 point183
point185 point184 point185
point187 point187
