55 9 72 49 150 172 29 158 119 134 32 160 30 152 59 83 33 186 48 106 113 114 53 184 153 157 107 41 105 170 27 148 175 74 143 77 109 116 126 30 159 137 111 176 12 45 151 20 161 11 89 149 171 180 85 56 90 13 15 106 63 115 61 122 179 26 140 58 166 43 66 88 102 188 128 81 118 14 17 131 185 26 147 181 146 62 42 40 67 76 8 54 97 86 75 91 71 189 16 173 177 162 101 182 57 55
90
8 8
9 9
11 11
12 12
13 13
14 36 168
15 15 135
16 16
17 17
20 20
26 26
27 27
29 29
30 30
32 32
33 33
40 40
41 41
42 42
43 43
45 45
48 48
49 49
53 53
54 54
56 56
57 57
58 133 58
59 59
61 61
62 62
63 63
66 66
67 67
71 71
74 74
76 76
77 77
81 81
83 83
85 85
86 86 80
88 88
90 90
91 91
97 97
101 101
105 105
106 106
107 107
109 109
111 111
113 113
114 114
115 115
116 116
118 118
119 119
122 122
126 126
131 131
134 134
137 137
140 140
146 146
148 148
149 149
150 150
151 151
152 152
153 78 153
158 158
159 159
160 160
162 162
166 166
170 170
171 171
172 172
173 173
175 175
177 177
179 179
181 181
182 182
184 184 163
185 185
186 186
188 188
189 189
