x61 x58 x20 x3 x43 x81 x90 x44 x79 x85 x79 x23 x32 x78 x12 x66 x60 x90 x49 x86 x21 x95 x2 x94 x60 x50 x21 x91 x34 x8 x89 x1 x40 x87 x90 x60 x50 x89 x26 x3 x20 x3 x80 x16 x28 x91 x95 x39 x97 x41 x12 x61
34
x1 x30 x1
x2 x2
x3 x3 x55
x8 x96 x8 x71
x12 x12 x88
x20 x0
x21 x21
x23 x23
x26 x26
x28 x28
x32 x7 x32
x34 x34
x39 x39
x40 x40
x43 x43
x44 x42 x46
x49 x49 x13 x59
x50 x31
x58 x58
x60 x54
x61 x5 x61
x66 x68 x66
x79 x79
x80 x80
x81 x81
x85 x18 x99 x93
x86 x98
x87 x87 x53
x89 x89
x90 x90
x91 x37 x91
x94 x94 x52
x95 x95
x97 x97
