x182 x187 x68 x137 x64 x143 x158 x141 x43 x107 x184 x146 x23 x119 x176 x76 x21 x61 x7 x50 x9 x45 x164 x141 x63 x6 x49 x127 x45 x119 x151 x58 x127 x187 x192 x177 x155 x198 x31 x148 x190 x73 x55 x1 x165 x38 x63 x153 x125 x4 x48 x163 x113 x141 x43 x189 x109 x155 x64 x143 x158 x167 x102 x113 x193 x3 x77 x71 x112 x144 x84 x59 x32 x93 x32 x59 x19 x29 x115 x104 x53 x168 x127 x49 x148 x18 x102 x167 x155 x177 x120 x64 x88 x195 x59 x159 x101 x100 x72 x118 x27 x79 x127 x83 x136 x23 x184 x93 x147 x169 x94 x51 x64 x185 x74 x93 x71 x153 x100 x127 x58 x21 x76 x158 x165 x38 x106 x98 x127 x49 x148 x49 x3 x10 x139 x154 x25 x80 x144 x112 x168 x127 x186 x92 x158 x143 x15 x182
82
x3 x3
x4 x4
x6 x6
x7 x7
x9 x95
x10 x10
x15 x15
x18 x18
x19 x19
x21 x21 x17
x23 x23
x25 x25
x27 x27
x29 x46
x31 x133 x31
x32 x183 x32
x43 x43
x45 x45
x48 x48
x49 x49
x50 x50
x53 x53
x55 x55
x58 x58
x59 x59 x82
x61 x61
x64 x64
x71 x20 x71
x72 x72
x73 x114
x74 x74
x76 x76
x77 x14 x166 x77
x79 x79
x80 x80
x83 x83
x84 x84
x88 x88
x92 x92
x93 x2
x94 x94
x98 x98
x100 x99 x100
x102 x102
x104 x104
x106 x106
x107 x107
x109 x109
x112 x42
x113 x113
x115 x66
x118 x118
x119 x119
x120 x156
x125 x125
x127 x127
x136 x136
x137 x137
x139 x139
x141 x138 x141
x143 x143
x144 x179 x194
x146 x69 x128 x146
x147 x147
x151 x151
x153 x153
x155 x155
x159 x159
x163 x163
x164 x164
x168 x56
x169 x161
x177 x177 x116
x182 x11 x182
x184 x30 x26 x184
x185 x185
x186 x186 x87
x187 x86 x8
x189 x189
x192 x192
x193 x172
x198 x198
